fs=2 m=6 i=1
Starting local SuperLink on 127.0.0.1:39093...
⚠️ Warning: `options.` fields in the SuperLink connection configuration are deprecated. Use `--federation-config` with `flwr run` instead. Alternatively, permanently set your simulation configuration via `flwr federation simulation-config`.
🎊 Successfully started run 14065476417582152043
[92mINFO [0m:      Starting Flower Simulation
Successfully installed fedsasync to /tmp/Victor-Hidalgo-1436506-100-0/.flwr/apps/flwrlabs.fedsasync.1.0.0.f4a93b94.
[92mINFO [0m:      Starting FedSaSync strategy:
[92mINFO [0m:      	├── Number of rounds: 100
[92mINFO [0m:      	├── ArrayRecord (0.24 MB)
[92mINFO [0m:      	├── ConfigRecord (train): (empty!)
[92mINFO [0m:      	├── ConfigRecord (evaluate): (empty!)
[92mINFO [0m:      	├──> Sampling:
[92mINFO [0m:      	│	├──Fraction: train (1.00) | evaluate ( 1.00)
[92mINFO [0m:      	│	├──Minimum nodes: train (2) | evaluate (2)
[92mINFO [0m:      	│	└──Minimum available nodes: 2
[92mINFO [0m:      	└──> Keys in records:
[92mINFO [0m:      		├── Weighted by: 'num-examples'
[92mINFO [0m:      		├── ArrayRecord key: 'arrays'
[92mINFO [0m:      		└── ConfigRecord key: 'config'
[92mINFO [0m:      
[92mINFO [0m:      
[92mINFO [0m:      [ROUND 1/100]
[92mINFO [0m:      configure_train: Sampled 10 nodes (out of 10)
/home/Victor.Hidalgo/.pyenv/versions/3.12.12/envs/fedsasync/lib/python3.12/site-packages/ray/_private/worker.py:2051: FutureWarning: Tip: In future versions of Ray, Ray will no longer override accelerator visible devices env var if num_gpus=0 or num_gpus=None (default). To enable this behavior and turn off this error message, set RAY_ACCEL_ENV_VAR_OVERRIDE_ON_ZERO=0
  warnings.warn(
[36m(ClientAppActor pid=1880237)[0m Warning: You are sending unauthenticated requests to the HF Hub. Please set a HF_TOKEN to enable higher rate limits and faster downloads.
[92mINFO [0m:      aggregate_train: Received 8 results and 0 failures
[92mINFO [0m:      	└──> Aggregated MetricRecord: {'train_loss': 2.2355649631023407, 'train_time': 7.430222908966243, 'qtty_records': 8}
[92mINFO [0m:      configure_evaluate: Sampled 10 nodes (out of 10)
[36m(pid=gcs_server)[0m [2026-05-20 03:03:43,834 E 1878909 1878909] (gcs_server) gcs_server.cc:302: Failed to establish connection to the event+metrics exporter agent. Events and metrics will not be exported. Exporter agent status: RpcError: Running out of retries to initialize the metrics agent. rpc_code: 14
[36m(ClientAppActor pid=1880217)[0m Warning: You are sending unauthenticated requests to the HF Hub. Please set a HF_TOKEN to enable higher rate limits and faster downloads.[32m [repeated 8x across cluster] (Ray deduplicates logs by default. Set RAY_DEDUP_LOGS=0 to disable log deduplication, or see https://docs.ray.io/en/master/ray-observability/user-guides/configure-logging.html#log-deduplication for more options.)[0m
[33m(raylet)[0m [2026-05-20 03:03:46,669 E 1879185 1879185] (raylet) main.cc:975: Failed to establish connection to the metrics exporter agent. Metrics will not be exported. Exporter agent status: RpcError: Running out of retries to initialize the metrics agent. rpc_code: 14
[92mINFO [0m:      aggregate_evaluate: Received 10 results and 0 failures
[92mINFO [0m:      	└──> Aggregated MetricRecord: {'eval_loss': 2.298548357188702, 'eval_acc': 0.1036, 'time': 43.65918827056885}
[92mINFO [0m:      
[92mINFO [0m:      [ROUND 2/100]
[92mINFO [0m:      configure_train: Sampled 8 nodes (out of 10)
[36m(ClientAppActor pid=1880207)[0m [2026-05-20 03:03:50,961 E 1880207 1880422] core_worker_process.cc:825: Failed to establish connection to the metrics exporter agent. Metrics will not be exported. Exporter agent status: RpcError: Running out of retries to initialize the metrics agent. rpc_code: 14
[36m(ClientAppActor pid=1880221)[0m Warning: You are sending unauthenticated requests to the HF Hub. Please set a HF_TOKEN to enable higher rate limits and faster downloads.[32m [repeated 2x across cluster][0m
[92mINFO [0m:      aggregate_train: Received 10 results and 0 failures
[92mINFO [0m:      	└──> Aggregated MetricRecord: {'train_loss': 2.1617344619750978, 'train_time': 6.89129971563816, 'qtty_records': 10}
[92mINFO [0m:      configure_evaluate: Sampled 10 nodes (out of 10)
[92mINFO [0m:      aggregate_evaluate: Received 10 results and 0 failures
[92mINFO [0m:      	└──> Aggregated MetricRecord: {'eval_loss': 2.1686519902199506, 'eval_acc': 0.1676, 'time': 50.8125855922699}
[92mINFO [0m:      
[92mINFO [0m:      [ROUND 3/100]
[92mINFO [0m:      configure_train: Sampled 10 nodes (out of 10)
[92mINFO [0m:      aggregate_train: Received 8 results and 0 failures
[92mINFO [0m:      	└──> Aggregated MetricRecord: {'train_loss': 2.0639887894392013, 'train_time': 5.5302362812217325, 'qtty_records': 8}
[92mINFO [0m:      configure_evaluate: Sampled 10 nodes (out of 10)
[92mINFO [0m:      aggregate_evaluate: Received 10 results and 0 failures
[92mINFO [0m:      	└──> Aggregated MetricRecord: {'eval_loss': 2.1230003383010625, 'eval_acc': 0.1867, 'time': 58.04471206665039}
[92mINFO [0m:      
[92mINFO [0m:      [ROUND 4/100]
[92mINFO [0m:      configure_train: Sampled 8 nodes (out of 10)
[92mINFO [0m:      aggregate_train: Received 10 results and 0 failures
[92mINFO [0m:      	└──> Aggregated MetricRecord: {'train_loss': 2.0289205892562867, 'train_time': 6.603866254724562, 'qtty_records': 10}
[92mINFO [0m:      configure_evaluate: Sampled 10 nodes (out of 10)
[92mINFO [0m:      aggregate_evaluate: Received 10 results and 0 failures
[92mINFO [0m:      	└──> Aggregated MetricRecord: {'eval_loss': 2.080680664628744, 'eval_acc': 0.23840000000000003, 'time': 65.20512247085571}
[92mINFO [0m:      
[92mINFO [0m:      [ROUND 5/100]
[92mINFO [0m:      configure_train: Sampled 10 nodes (out of 10)
[92mINFO [0m:      aggregate_train: Received 8 results and 0 failures
[92mINFO [0m:      	└──> Aggregated MetricRecord: {'train_loss': 2.011872885107994, 'train_time': 5.5198498133104295, 'qtty_records': 8}
[92mINFO [0m:      configure_evaluate: Sampled 10 nodes (out of 10)
[92mINFO [0m:      aggregate_evaluate: Received 10 results and 0 failures
[92mINFO [0m:      	└──> Aggregated MetricRecord: {'eval_loss': 2.036078839749098, 'eval_acc': 0.23160000000000003, 'time': 72.33458018302917}
[92mINFO [0m:      
[92mINFO [0m:      [ROUND 6/100]
[92mINFO [0m:      configure_train: Sampled 8 nodes (out of 10)
[92mINFO [0m:      aggregate_train: Received 10 results and 0 failures
[92mINFO [0m:      	└──> Aggregated MetricRecord: {'train_loss': 1.971686428070068, 'train_time': 6.5881212875247, 'qtty_records': 10}
[92mINFO [0m:      configure_evaluate: Sampled 10 nodes (out of 10)
[92mINFO [0m:      aggregate_evaluate: Received 10 results and 0 failures
[92mINFO [0m:      	└──> Aggregated MetricRecord: {'eval_loss': 1.9686967216432096, 'eval_acc': 0.24760000000000004, 'time': 79.49088215827942}
[92mINFO [0m:      
[92mINFO [0m:      [ROUND 7/100]
[92mINFO [0m:      configure_train: Sampled 10 nodes (out of 10)
[92mINFO [0m:      aggregate_train: Received 8 results and 0 failures
[92mINFO [0m:      	└──> Aggregated MetricRecord: {'train_loss': 1.958867562651634, 'train_time': 5.570096852723509, 'qtty_records': 8}
[92mINFO [0m:      configure_evaluate: Sampled 10 nodes (out of 10)
[92mINFO [0m:      aggregate_evaluate: Received 10 results and 0 failures
[92mINFO [0m:      	└──> Aggregated MetricRecord: {'eval_loss': 1.9713686659932135, 'eval_acc': 0.27530000000000004, 'time': 86.82077884674072}
[92mINFO [0m:      
[92mINFO [0m:      [ROUND 8/100]
[92mINFO [0m:      configure_train: Sampled 8 nodes (out of 10)
[92mINFO [0m:      aggregate_train: Received 10 results and 0 failures
[92mINFO [0m:      	└──> Aggregated MetricRecord: {'train_loss': 1.9505885053634644, 'train_time': 6.6081828871741894, 'qtty_records': 10}
[92mINFO [0m:      configure_evaluate: Sampled 10 nodes (out of 10)
[92mINFO [0m:      aggregate_evaluate: Received 10 results and 0 failures
[92mINFO [0m:      	└──> Aggregated MetricRecord: {'eval_loss': 1.9450893491506578, 'eval_acc': 0.2766, 'time': 93.97942018508911}
[92mINFO [0m:      
[92mINFO [0m:      [ROUND 9/100]
[92mINFO [0m:      configure_train: Sampled 10 nodes (out of 10)
[92mINFO [0m:      aggregate_train: Received 8 results and 0 failures
[92mINFO [0m:      	└──> Aggregated MetricRecord: {'train_loss': 1.9119239052534105, 'train_time': 5.509427219163626, 'qtty_records': 8}
[92mINFO [0m:      configure_evaluate: Sampled 10 nodes (out of 10)
[92mINFO [0m:      aggregate_evaluate: Received 10 results and 0 failures
[92mINFO [0m:      	└──> Aggregated MetricRecord: {'eval_loss': 1.9217181850224734, 'eval_acc': 0.3073000000000001, 'time': 101.11317086219788}
[92mINFO [0m:      
[92mINFO [0m:      [ROUND 10/100]
[92mINFO [0m:      configure_train: Sampled 8 nodes (out of 10)
[92mINFO [0m:      aggregate_train: Received 9 results and 0 failures
[92mINFO [0m:      	└──> Aggregated MetricRecord: {'train_loss': 1.9316120940314399, 'train_time': 6.655280729134877, 'qtty_records': 9}
[92mINFO [0m:      configure_evaluate: Sampled 10 nodes (out of 10)
[92mINFO [0m:      aggregate_evaluate: Received 10 results and 0 failures
[92mINFO [0m:      	└──> Aggregated MetricRecord: {'eval_loss': 1.9052540291100741, 'eval_acc': 0.30400000000000005, 'time': 108.16417193412781}
[92mINFO [0m:      
[92mINFO [0m:      [ROUND 11/100]
[92mINFO [0m:      configure_train: Sampled 9 nodes (out of 10)
[92mINFO [0m:      aggregate_train: Received 8 results and 0 failures
[92mINFO [0m:      	└──> Aggregated MetricRecord: {'train_loss': 1.911059072136879, 'train_time': 5.525382095715031, 'qtty_records': 8}
[92mINFO [0m:      configure_evaluate: Sampled 10 nodes (out of 10)
[92mINFO [0m:      aggregate_evaluate: Received 10 results and 0 failures
[92mINFO [0m:      	└──> Aggregated MetricRecord: {'eval_loss': 1.9028541449457408, 'eval_acc': 0.2886, 'time': 115.39383840560913}
[92mINFO [0m:      
[92mINFO [0m:      [ROUND 12/100]
[92mINFO [0m:      configure_train: Sampled 8 nodes (out of 10)
[92mINFO [0m:      aggregate_train: Received 10 results and 0 failures
[92mINFO [0m:      	└──> Aggregated MetricRecord: {'train_loss': 1.9074385692596438, 'train_time': 6.580469226464629, 'qtty_records': 10}
[92mINFO [0m:      configure_evaluate: Sampled 10 nodes (out of 10)
[92mINFO [0m:      aggregate_evaluate: Received 10 results and 0 failures
[92mINFO [0m:      	└──> Aggregated MetricRecord: {'eval_loss': 1.9257219504565004, 'eval_acc': 0.29630000000000006, 'time': 122.42783665657043}
[92mINFO [0m:      
[92mINFO [0m:      [ROUND 13/100]
[92mINFO [0m:      configure_train: Sampled 10 nodes (out of 10)
[92mINFO [0m:      aggregate_train: Received 8 results and 0 failures
[92mINFO [0m:      	└──> Aggregated MetricRecord: {'train_loss': 1.9022378784418106, 'train_time': 5.521672658389434, 'qtty_records': 8}
[92mINFO [0m:      configure_evaluate: Sampled 10 nodes (out of 10)
[92mINFO [0m:      aggregate_evaluate: Received 10 results and 0 failures
[92mINFO [0m:      	└──> Aggregated MetricRecord: {'eval_loss': 1.9691558267921212, 'eval_acc': 0.2722, 'time': 129.57941937446594}
[92mINFO [0m:      
[92mINFO [0m:      [ROUND 14/100]
[92mINFO [0m:      configure_train: Sampled 8 nodes (out of 10)
[92mINFO [0m:      aggregate_train: Received 10 results and 0 failures
[92mINFO [0m:      	└──> Aggregated MetricRecord: {'train_loss': 1.885670550441742, 'train_time': 6.530318362638354, 'qtty_records': 10}
[92mINFO [0m:      configure_evaluate: Sampled 10 nodes (out of 10)
[92mINFO [0m:      aggregate_evaluate: Received 10 results and 0 failures
[92mINFO [0m:      	└──> Aggregated MetricRecord: {'eval_loss': 1.8791770655661821, 'eval_acc': 0.29830000000000007, 'time': 136.63760995864868}
[92mINFO [0m:      
[92mINFO [0m:      [ROUND 15/100]
[92mINFO [0m:      configure_train: Sampled 10 nodes (out of 10)
[92mINFO [0m:      aggregate_train: Received 8 results and 0 failures
[92mINFO [0m:      	└──> Aggregated MetricRecord: {'train_loss': 1.8806843007802962, 'train_time': 5.477665986632928, 'qtty_records': 8}
[92mINFO [0m:      configure_evaluate: Sampled 10 nodes (out of 10)
[92mINFO [0m:      aggregate_evaluate: Received 10 results and 0 failures
[92mINFO [0m:      	└──> Aggregated MetricRecord: {'eval_loss': 1.8943458892405036, 'eval_acc': 0.2943, 'time': 143.7678554058075}
[92mINFO [0m:      
[92mINFO [0m:      [ROUND 16/100]
[92mINFO [0m:      configure_train: Sampled 8 nodes (out of 10)
[92mINFO [0m:      aggregate_train: Received 10 results and 0 failures
[92mINFO [0m:      	└──> Aggregated MetricRecord: {'train_loss': 1.8811904355049134, 'train_time': 6.562502546980977, 'qtty_records': 10}
[92mINFO [0m:      configure_evaluate: Sampled 10 nodes (out of 10)
[92mINFO [0m:      aggregate_evaluate: Received 10 results and 0 failures
[92mINFO [0m:      	└──> Aggregated MetricRecord: {'eval_loss': 1.8739955242723227, 'eval_acc': 0.3116, 'time': 150.82726168632507}
[92mINFO [0m:      
[92mINFO [0m:      [ROUND 17/100]
[92mINFO [0m:      configure_train: Sampled 10 nodes (out of 10)
[92mINFO [0m:      aggregate_train: Received 8 results and 0 failures
[92mINFO [0m:      	└──> Aggregated MetricRecord: {'train_loss': 1.8581689224243163, 'train_time': 5.511625909944996, 'qtty_records': 8}
[92mINFO [0m:      configure_evaluate: Sampled 10 nodes (out of 10)
[92mINFO [0m:      aggregate_evaluate: Received 10 results and 0 failures
[92mINFO [0m:      	└──> Aggregated MetricRecord: {'eval_loss': 1.8579634603112938, 'eval_acc': 0.32130000000000003, 'time': 158.06144046783447}
[92mINFO [0m:      
[92mINFO [0m:      [ROUND 18/100]
[92mINFO [0m:      configure_train: Sampled 8 nodes (out of 10)
[92mINFO [0m:      aggregate_train: Received 10 results and 0 failures
[92mINFO [0m:      	└──> Aggregated MetricRecord: {'train_loss': 1.8674224469184875, 'train_time': 6.530321631394327, 'qtty_records': 10}
[92mINFO [0m:      configure_evaluate: Sampled 10 nodes (out of 10)
[92mINFO [0m:      aggregate_evaluate: Received 10 results and 0 failures
[92mINFO [0m:      	└──> Aggregated MetricRecord: {'eval_loss': 1.8779867902398109, 'eval_acc': 0.312, 'time': 165.12213110923767}
[92mINFO [0m:      
[92mINFO [0m:      [ROUND 19/100]
[92mINFO [0m:      configure_train: Sampled 10 nodes (out of 10)
[92mINFO [0m:      aggregate_train: Received 8 results and 0 failures
[92mINFO [0m:      	└──> Aggregated MetricRecord: {'train_loss': 1.8527483975887298, 'train_time': 5.508263337891549, 'qtty_records': 8}
[92mINFO [0m:      configure_evaluate: Sampled 10 nodes (out of 10)
[92mINFO [0m:      aggregate_evaluate: Received 10 results and 0 failures
[92mINFO [0m:      	└──> Aggregated MetricRecord: {'eval_loss': 1.8695562340319158, 'eval_acc': 0.3093, 'time': 172.25201416015625}
[92mINFO [0m:      
[92mINFO [0m:      [ROUND 20/100]
[92mINFO [0m:      configure_train: Sampled 8 nodes (out of 10)
[92mINFO [0m:      aggregate_train: Received 10 results and 0 failures
[92mINFO [0m:      	└──> Aggregated MetricRecord: {'train_loss': 1.8555081454277036, 'train_time': 6.567918981984258, 'qtty_records': 10}
[92mINFO [0m:      configure_evaluate: Sampled 10 nodes (out of 10)
[92mINFO [0m:      aggregate_evaluate: Received 10 results and 0 failures
[92mINFO [0m:      	└──> Aggregated MetricRecord: {'eval_loss': 1.8768890626728534, 'eval_acc': 0.324, 'time': 179.3112301826477}
[92mINFO [0m:      
[92mINFO [0m:      [ROUND 21/100]
[92mINFO [0m:      configure_train: Sampled 10 nodes (out of 10)
[92mINFO [0m:      aggregate_train: Received 8 results and 0 failures
[92mINFO [0m:      	└──> Aggregated MetricRecord: {'train_loss': 1.8662448675632477, 'train_time': 5.489144657040015, 'qtty_records': 8}
[92mINFO [0m:      configure_evaluate: Sampled 10 nodes (out of 10)
[92mINFO [0m:      aggregate_evaluate: Received 10 results and 0 failures
[92mINFO [0m:      	└──> Aggregated MetricRecord: {'eval_loss': 1.8808135278522968, 'eval_acc': 0.3065, 'time': 186.54196572303772}
[92mINFO [0m:      
[92mINFO [0m:      [ROUND 22/100]
[92mINFO [0m:      configure_train: Sampled 8 nodes (out of 10)
[92mINFO [0m:      aggregate_train: Received 10 results and 0 failures
[92mINFO [0m:      	└──> Aggregated MetricRecord: {'train_loss': 1.8535698998451235, 'train_time': 6.541854202747345, 'qtty_records': 10}
[92mINFO [0m:      configure_evaluate: Sampled 10 nodes (out of 10)
[92mINFO [0m:      aggregate_evaluate: Received 10 results and 0 failures
[92mINFO [0m:      	└──> Aggregated MetricRecord: {'eval_loss': 1.863439475372434, 'eval_acc': 0.31229999999999997, 'time': 193.59977316856384}
[92mINFO [0m:      
[92mINFO [0m:      [ROUND 23/100]
[92mINFO [0m:      configure_train: Sampled 10 nodes (out of 10)
[92mINFO [0m:      aggregate_train: Received 8 results and 0 failures
[92mINFO [0m:      	└──> Aggregated MetricRecord: {'train_loss': 1.8435700421333312, 'train_time': 5.493057768093422, 'qtty_records': 8}
[92mINFO [0m:      configure_evaluate: Sampled 10 nodes (out of 10)
[92mINFO [0m:      aggregate_evaluate: Received 10 results and 0 failures
[92mINFO [0m:      	└──> Aggregated MetricRecord: {'eval_loss': 1.858574067428708, 'eval_acc': 0.3335000000000001, 'time': 200.7296736240387}
[92mINFO [0m:      
[92mINFO [0m:      [ROUND 24/100]
[92mINFO [0m:      configure_train: Sampled 8 nodes (out of 10)
[92mINFO [0m:      aggregate_train: Received 10 results and 0 failures
[92mINFO [0m:      	└──> Aggregated MetricRecord: {'train_loss': 1.8529127532958984, 'train_time': 6.542798443138599, 'qtty_records': 10}
[92mINFO [0m:      configure_evaluate: Sampled 10 nodes (out of 10)
[92mINFO [0m:      aggregate_evaluate: Received 10 results and 0 failures
[92mINFO [0m:      	└──> Aggregated MetricRecord: {'eval_loss': 1.8637803792953493, 'eval_acc': 0.3229, 'time': 207.78846502304077}
[92mINFO [0m:      
[92mINFO [0m:      [ROUND 25/100]
[92mINFO [0m:      configure_train: Sampled 10 nodes (out of 10)
[92mINFO [0m:      aggregate_train: Received 8 results and 0 failures
[92mINFO [0m:      	└──> Aggregated MetricRecord: {'train_loss': 1.833534686088562, 'train_time': 5.490891765104607, 'qtty_records': 8}
[92mINFO [0m:      configure_evaluate: Sampled 10 nodes (out of 10)
[92mINFO [0m:      aggregate_evaluate: Received 10 results and 0 failures
[92mINFO [0m:      	└──> Aggregated MetricRecord: {'eval_loss': 1.831382730230689, 'eval_acc': 0.33440000000000003, 'time': 215.01911664009094}
[92mINFO [0m:      
[92mINFO [0m:      [ROUND 26/100]
[92mINFO [0m:      configure_train: Sampled 8 nodes (out of 10)
[92mINFO [0m:      aggregate_train: Received 10 results and 0 failures
[92mINFO [0m:      	└──> Aggregated MetricRecord: {'train_loss': 1.849329852485657, 'train_time': 6.540696009807289, 'qtty_records': 10}
[92mINFO [0m:      configure_evaluate: Sampled 10 nodes (out of 10)
[92mINFO [0m:      aggregate_evaluate: Received 10 results and 0 failures
[92mINFO [0m:      	└──> Aggregated MetricRecord: {'eval_loss': 1.8474115930497648, 'eval_acc': 0.33080000000000004, 'time': 222.18312430381775}
[92mINFO [0m:      
[92mINFO [0m:      [ROUND 27/100]
[92mINFO [0m:      configure_train: Sampled 10 nodes (out of 10)
[92mINFO [0m:      aggregate_train: Received 8 results and 0 failures
[92mINFO [0m:      	└──> Aggregated MetricRecord: {'train_loss': 1.8480263843536378, 'train_time': 5.532990855397657, 'qtty_records': 8}
[92mINFO [0m:      configure_evaluate: Sampled 10 nodes (out of 10)
[92mINFO [0m:      aggregate_evaluate: Received 10 results and 0 failures
[92mINFO [0m:      	└──> Aggregated MetricRecord: {'eval_loss': 1.8508752036839726, 'eval_acc': 0.34149999999999997, 'time': 229.42201972007751}
[92mINFO [0m:      
[92mINFO [0m:      [ROUND 28/100]
[92mINFO [0m:      configure_train: Sampled 8 nodes (out of 10)
[92mINFO [0m:      aggregate_train: Received 10 results and 0 failures
[92mINFO [0m:      	└──> Aggregated MetricRecord: {'train_loss': 1.8786247261047366, 'train_time': 6.545749137364328, 'qtty_records': 10}
[92mINFO [0m:      configure_evaluate: Sampled 10 nodes (out of 10)
[92mINFO [0m:      aggregate_evaluate: Received 10 results and 0 failures
[92mINFO [0m:      	└──> Aggregated MetricRecord: {'eval_loss': 1.8538437519222497, 'eval_acc': 0.33380000000000004, 'time': 236.58238434791565}
[92mINFO [0m:      
[92mINFO [0m:      [ROUND 29/100]
[92mINFO [0m:      configure_train: Sampled 10 nodes (out of 10)
[92mINFO [0m:      aggregate_train: Received 8 results and 0 failures
[92mINFO [0m:      	└──> Aggregated MetricRecord: {'train_loss': 1.854289688825607, 'train_time': 5.488584627630189, 'qtty_records': 8}
[92mINFO [0m:      configure_evaluate: Sampled 10 nodes (out of 10)
[92mINFO [0m:      aggregate_evaluate: Received 10 results and 0 failures
[92mINFO [0m:      	└──> Aggregated MetricRecord: {'eval_loss': 1.8498786456882952, 'eval_acc': 0.3384, 'time': 243.71281266212463}
[92mINFO [0m:      
[92mINFO [0m:      [ROUND 30/100]
[92mINFO [0m:      configure_train: Sampled 8 nodes (out of 10)
[92mINFO [0m:      aggregate_train: Received 10 results and 0 failures
[92mINFO [0m:      	└──> Aggregated MetricRecord: {'train_loss': 1.843481966972351, 'train_time': 6.564891813509166, 'qtty_records': 10}
[92mINFO [0m:      configure_evaluate: Sampled 10 nodes (out of 10)
[92mINFO [0m:      aggregate_evaluate: Received 10 results and 0 failures
[92mINFO [0m:      	└──> Aggregated MetricRecord: {'eval_loss': 1.8154447417706252, 'eval_acc': 0.343, 'time': 250.76990389823914}
[92mINFO [0m:      
[92mINFO [0m:      [ROUND 31/100]
[92mINFO [0m:      configure_train: Sampled 10 nodes (out of 10)
[92mINFO [0m:      aggregate_train: Received 8 results and 0 failures
[92mINFO [0m:      	└──> Aggregated MetricRecord: {'train_loss': 1.8075467981100082, 'train_time': 5.475191886303946, 'qtty_records': 8}
[92mINFO [0m:      configure_evaluate: Sampled 10 nodes (out of 10)
[92mINFO [0m:      aggregate_evaluate: Received 10 results and 0 failures
[92mINFO [0m:      	└──> Aggregated MetricRecord: {'eval_loss': 1.8268828567117452, 'eval_acc': 0.3309000000000001, 'time': 258.0044746398926}
[92mINFO [0m:      
[92mINFO [0m:      [ROUND 32/100]
[92mINFO [0m:      configure_train: Sampled 8 nodes (out of 10)
[92mINFO [0m:      aggregate_train: Received 10 results and 0 failures
[92mINFO [0m:      	└──> Aggregated MetricRecord: {'train_loss': 1.835948522090912, 'train_time': 6.550382985174656, 'qtty_records': 10}
[92mINFO [0m:      configure_evaluate: Sampled 10 nodes (out of 10)
[92mINFO [0m:      aggregate_evaluate: Received 10 results and 0 failures
[92mINFO [0m:      	└──> Aggregated MetricRecord: {'eval_loss': 1.8306161787360908, 'eval_acc': 0.3294, 'time': 265.16612005233765}
[92mINFO [0m:      
[92mINFO [0m:      [ROUND 33/100]
[92mINFO [0m:      configure_train: Sampled 10 nodes (out of 10)
[92mINFO [0m:      aggregate_train: Received 8 results and 0 failures
[92mINFO [0m:      	└──> Aggregated MetricRecord: {'train_loss': 1.8343247417211532, 'train_time': 5.514175819000229, 'qtty_records': 8}
[92mINFO [0m:      configure_evaluate: Sampled 10 nodes (out of 10)
[92mINFO [0m:      aggregate_evaluate: Received 10 results and 0 failures
[92mINFO [0m:      	└──> Aggregated MetricRecord: {'eval_loss': 1.8523452654480934, 'eval_acc': 0.3241, 'time': 272.2972340583801}
[92mINFO [0m:      
[92mINFO [0m:      [ROUND 34/100]
[92mINFO [0m:      configure_train: Sampled 8 nodes (out of 10)
[92mINFO [0m:      aggregate_train: Received 10 results and 0 failures
[92mINFO [0m:      	└──> Aggregated MetricRecord: {'train_loss': 1.8311006809234618, 'train_time': 6.501810741983354, 'qtty_records': 10}
[92mINFO [0m:      configure_evaluate: Sampled 10 nodes (out of 10)
[92mINFO [0m:      aggregate_evaluate: Received 10 results and 0 failures
[92mINFO [0m:      	└──> Aggregated MetricRecord: {'eval_loss': 1.8092836894094946, 'eval_acc': 0.34369999999999995, 'time': 279.3374593257904}
[92mINFO [0m:      
[92mINFO [0m:      [ROUND 35/100]
[92mINFO [0m:      configure_train: Sampled 10 nodes (out of 10)
[92mINFO [0m:      aggregate_train: Received 8 results and 0 failures
[92mINFO [0m:      	└──> Aggregated MetricRecord: {'train_loss': 1.824912978053093, 'train_time': 5.447519414825365, 'qtty_records': 8}
[92mINFO [0m:      configure_evaluate: Sampled 10 nodes (out of 10)
[92mINFO [0m:      aggregate_evaluate: Received 10 results and 0 failures
[92mINFO [0m:      	└──> Aggregated MetricRecord: {'eval_loss': 1.8113250076770784, 'eval_acc': 0.3428, 'time': 286.4693570137024}
[92mINFO [0m:      
[92mINFO [0m:      [ROUND 36/100]
[92mINFO [0m:      configure_train: Sampled 8 nodes (out of 10)
[92mINFO [0m:      aggregate_train: Received 10 results and 0 failures
[92mINFO [0m:      	└──> Aggregated MetricRecord: {'train_loss': 1.8336561763763428, 'train_time': 6.455190990865231, 'qtty_records': 10}
[92mINFO [0m:      configure_evaluate: Sampled 10 nodes (out of 10)
[92mINFO [0m:      aggregate_evaluate: Received 10 results and 0 failures
[92mINFO [0m:      	└──> Aggregated MetricRecord: {'eval_loss': 1.8200762022286652, 'eval_acc': 0.33120000000000005, 'time': 293.50302958488464}
[92mINFO [0m:      
[92mINFO [0m:      [ROUND 37/100]
[92mINFO [0m:      configure_train: Sampled 10 nodes (out of 10)
[92mINFO [0m:      aggregate_train: Received 8 results and 0 failures
[92mINFO [0m:      	└──> Aggregated MetricRecord: {'train_loss': 1.8203029928207397, 'train_time': 5.423527903389186, 'qtty_records': 8}
[92mINFO [0m:      configure_evaluate: Sampled 10 nodes (out of 10)
[92mINFO [0m:      aggregate_evaluate: Received 10 results and 0 failures
[92mINFO [0m:      	└──> Aggregated MetricRecord: {'eval_loss': 1.8070499069988726, 'eval_acc': 0.34030000000000005, 'time': 300.6325845718384}
[92mINFO [0m:      
[92mINFO [0m:      [ROUND 38/100]
[92mINFO [0m:      configure_train: Sampled 8 nodes (out of 10)
[92mINFO [0m:      aggregate_train: Received 10 results and 0 failures
[92mINFO [0m:      	└──> Aggregated MetricRecord: {'train_loss': 1.8319125929832458, 'train_time': 6.503485592082143, 'qtty_records': 10}
[92mINFO [0m:      configure_evaluate: Sampled 10 nodes (out of 10)
[92mINFO [0m:      aggregate_evaluate: Received 10 results and 0 failures
[92mINFO [0m:      	└──> Aggregated MetricRecord: {'eval_loss': 1.7948696378618483, 'eval_acc': 0.33770000000000006, 'time': 307.79356265068054}
[92mINFO [0m:      
[92mINFO [0m:      [ROUND 39/100]
[92mINFO [0m:      configure_train: Sampled 10 nodes (out of 10)
[92mINFO [0m:      aggregate_train: Received 8 results and 0 failures
[92mINFO [0m:      	└──> Aggregated MetricRecord: {'train_loss': 1.8160487142801285, 'train_time': 5.508790823863819, 'qtty_records': 8}
[92mINFO [0m:      configure_evaluate: Sampled 10 nodes (out of 10)
[92mINFO [0m:      aggregate_evaluate: Received 10 results and 0 failures
[92mINFO [0m:      	└──> Aggregated MetricRecord: {'eval_loss': 1.8172371171414854, 'eval_acc': 0.3397, 'time': 315.03439378738403}
[92mINFO [0m:      
[92mINFO [0m:      [ROUND 40/100]
[92mINFO [0m:      configure_train: Sampled 8 nodes (out of 10)
[92mINFO [0m:      aggregate_train: Received 10 results and 0 failures
[92mINFO [0m:      	└──> Aggregated MetricRecord: {'train_loss': 1.819663322544098, 'train_time': 6.525009698979557, 'qtty_records': 10}
[92mINFO [0m:      configure_evaluate: Sampled 10 nodes (out of 10)
[92mINFO [0m:      aggregate_evaluate: Received 10 results and 0 failures
[92mINFO [0m:      	└──> Aggregated MetricRecord: {'eval_loss': 1.809875756502152, 'eval_acc': 0.3575, 'time': 322.067852973938}
[92mINFO [0m:      
[92mINFO [0m:      [ROUND 41/100]
[92mINFO [0m:      configure_train: Sampled 10 nodes (out of 10)
[92mINFO [0m:      aggregate_train: Received 8 results and 0 failures
[92mINFO [0m:      	└──> Aggregated MetricRecord: {'train_loss': 1.820745454668999, 'train_time': 5.518142267363146, 'qtty_records': 8}
[92mINFO [0m:      configure_evaluate: Sampled 10 nodes (out of 10)
[92mINFO [0m:      aggregate_evaluate: Received 10 results and 0 failures
[92mINFO [0m:      	└──> Aggregated MetricRecord: {'eval_loss': 1.833020365610719, 'eval_acc': 0.3359, 'time': 329.19716215133667}
[92mINFO [0m:      
[92mINFO [0m:      [ROUND 42/100]
[92mINFO [0m:      configure_train: Sampled 8 nodes (out of 10)
[92mINFO [0m:      aggregate_train: Received 10 results and 0 failures
[92mINFO [0m:      	└──> Aggregated MetricRecord: {'train_loss': 1.8343019879341127, 'train_time': 6.558675661124289, 'qtty_records': 10}
[92mINFO [0m:      configure_evaluate: Sampled 10 nodes (out of 10)
[92mINFO [0m:      aggregate_evaluate: Received 10 results and 0 failures
[92mINFO [0m:      	└──> Aggregated MetricRecord: {'eval_loss': 1.8103055715560914, 'eval_acc': 0.34590000000000004, 'time': 336.25874853134155}
[92mINFO [0m:      
[92mINFO [0m:      [ROUND 43/100]
[92mINFO [0m:      configure_train: Sampled 10 nodes (out of 10)
[92mINFO [0m:      aggregate_train: Received 8 results and 0 failures
[92mINFO [0m:      	└──> Aggregated MetricRecord: {'train_loss': 1.8184697282314302, 'train_time': 5.500491222366691, 'qtty_records': 8}
[92mINFO [0m:      configure_evaluate: Sampled 10 nodes (out of 10)
[92mINFO [0m:      aggregate_evaluate: Received 10 results and 0 failures
[92mINFO [0m:      	└──> Aggregated MetricRecord: {'eval_loss': 1.813281346485019, 'eval_acc': 0.3391, 'time': 343.4957182407379}
[92mINFO [0m:      
[92mINFO [0m:      [ROUND 44/100]
[92mINFO [0m:      configure_train: Sampled 8 nodes (out of 10)
[92mINFO [0m:      aggregate_train: Received 10 results and 0 failures
[92mINFO [0m:      	└──> Aggregated MetricRecord: {'train_loss': 1.8276644344329833, 'train_time': 6.5352125890553, 'qtty_records': 10}
[92mINFO [0m:      configure_evaluate: Sampled 10 nodes (out of 10)
[92mINFO [0m:      aggregate_evaluate: Received 10 results and 0 failures
[92mINFO [0m:      	└──> Aggregated MetricRecord: {'eval_loss': 1.8320862036198378, 'eval_acc': 0.33440000000000003, 'time': 350.55620646476746}
[92mINFO [0m:      
[92mINFO [0m:      [ROUND 45/100]
[92mINFO [0m:      configure_train: Sampled 10 nodes (out of 10)
[92mINFO [0m:      aggregate_train: Received 8 results and 0 failures
[92mINFO [0m:      	└──> Aggregated MetricRecord: {'train_loss': 1.820202871799469, 'train_time': 5.512906555784866, 'qtty_records': 8}
[92mINFO [0m:      configure_evaluate: Sampled 10 nodes (out of 10)
[92mINFO [0m:      aggregate_evaluate: Received 10 results and 0 failures
[92mINFO [0m:      	└──> Aggregated MetricRecord: {'eval_loss': 1.8034393053501847, 'eval_acc': 0.34609999999999996, 'time': 357.7079086303711}
[92mINFO [0m:      
[92mINFO [0m:      [ROUND 46/100]
[92mINFO [0m:      configure_train: Sampled 8 nodes (out of 10)
[92mINFO [0m:      aggregate_train: Received 10 results and 0 failures
[92mINFO [0m:      	└──> Aggregated MetricRecord: {'train_loss': 1.8138248316764833, 'train_time': 6.546711312048137, 'qtty_records': 10}
[92mINFO [0m:      configure_evaluate: Sampled 10 nodes (out of 10)
[92mINFO [0m:      aggregate_evaluate: Received 10 results and 0 failures
[92mINFO [0m:      	└──> Aggregated MetricRecord: {'eval_loss': 1.811264790967107, 'eval_acc': 0.3527, 'time': 364.87659978866577}
[92mINFO [0m:      
[92mINFO [0m:      [ROUND 47/100]
[92mINFO [0m:      configure_train: Sampled 10 nodes (out of 10)
[92mINFO [0m:      aggregate_train: Received 8 results and 0 failures
[92mINFO [0m:      	└──> Aggregated MetricRecord: {'train_loss': 1.824928404688835, 'train_time': 5.528093743836507, 'qtty_records': 8}
[92mINFO [0m:      configure_evaluate: Sampled 10 nodes (out of 10)
[92mINFO [0m:      aggregate_evaluate: Received 10 results and 0 failures
[92mINFO [0m:      	└──> Aggregated MetricRecord: {'eval_loss': 1.8453388873487715, 'eval_acc': 0.33830000000000005, 'time': 372.00720262527466}
[92mINFO [0m:      
[92mINFO [0m:      [ROUND 48/100]
[92mINFO [0m:      configure_train: Sampled 8 nodes (out of 10)
[92mINFO [0m:      aggregate_train: Received 10 results and 0 failures
[92mINFO [0m:      	└──> Aggregated MetricRecord: {'train_loss': 1.8263960971832276, 'train_time': 6.537860690057277, 'qtty_records': 10}
[92mINFO [0m:      configure_evaluate: Sampled 10 nodes (out of 10)
[92mINFO [0m:      aggregate_evaluate: Received 10 results and 0 failures
[92mINFO [0m:      	└──> Aggregated MetricRecord: {'eval_loss': 1.801413046196103, 'eval_acc': 0.3484, 'time': 379.16517424583435}
[92mINFO [0m:      
[92mINFO [0m:      [ROUND 49/100]
[92mINFO [0m:      configure_train: Sampled 10 nodes (out of 10)
[92mINFO [0m:      aggregate_train: Received 8 results and 0 failures
[92mINFO [0m:      	└──> Aggregated MetricRecord: {'train_loss': 1.8026764943599702, 'train_time': 5.508939635241404, 'qtty_records': 8}
[92mINFO [0m:      configure_evaluate: Sampled 10 nodes (out of 10)
[92mINFO [0m:      aggregate_evaluate: Received 10 results and 0 failures
[92mINFO [0m:      	└──> Aggregated MetricRecord: {'eval_loss': 1.8315422534942631, 'eval_acc': 0.34020000000000006, 'time': 386.29482340812683}
[92mINFO [0m:      
[92mINFO [0m:      [ROUND 50/100]
[92mINFO [0m:      configure_train: Sampled 8 nodes (out of 10)
[92mINFO [0m:      aggregate_train: Received 10 results and 0 failures
[92mINFO [0m:      	└──> Aggregated MetricRecord: {'train_loss': 1.8226366542816161, 'train_time': 6.5756914302706715, 'qtty_records': 10}
[92mINFO [0m:      configure_evaluate: Sampled 10 nodes (out of 10)
[92mINFO [0m:      aggregate_evaluate: Received 10 results and 0 failures
[92mINFO [0m:      	└──> Aggregated MetricRecord: {'eval_loss': 1.8036803334951403, 'eval_acc': 0.34890000000000004, 'time': 393.46191477775574}
[92mINFO [0m:      
[92mINFO [0m:      [ROUND 51/100]
[92mINFO [0m:      configure_train: Sampled 10 nodes (out of 10)
[92mINFO [0m:      aggregate_train: Received 8 results and 0 failures
[92mINFO [0m:      	└──> Aggregated MetricRecord: {'train_loss': 1.8190157438516614, 'train_time': 5.49989043478854, 'qtty_records': 8}
[92mINFO [0m:      configure_evaluate: Sampled 10 nodes (out of 10)
[92mINFO [0m:      aggregate_evaluate: Received 10 results and 0 failures
[92mINFO [0m:      	└──> Aggregated MetricRecord: {'eval_loss': 1.8266004610806705, 'eval_acc': 0.33520000000000005, 'time': 400.5928556919098}
[92mINFO [0m:      
[92mINFO [0m:      [ROUND 52/100]
[92mINFO [0m:      configure_train: Sampled 8 nodes (out of 10)
[92mINFO [0m:      aggregate_train: Received 10 results and 0 failures
[92mINFO [0m:      	└──> Aggregated MetricRecord: {'train_loss': 1.8373746217727662, 'train_time': 6.547059159167111, 'qtty_records': 10}
[92mINFO [0m:      configure_evaluate: Sampled 10 nodes (out of 10)
[92mINFO [0m:      aggregate_evaluate: Received 10 results and 0 failures
[92mINFO [0m:      	└──> Aggregated MetricRecord: {'eval_loss': 1.8180773291736843, 'eval_acc': 0.3439, 'time': 407.75179290771484}
[92mINFO [0m:      
[92mINFO [0m:      [ROUND 53/100]
[92mINFO [0m:      configure_train: Sampled 10 nodes (out of 10)
[92mINFO [0m:      aggregate_train: Received 8 results and 0 failures
[92mINFO [0m:      	└──> Aggregated MetricRecord: {'train_loss': 1.825973846912384, 'train_time': 5.488819038495421, 'qtty_records': 8}
[92mINFO [0m:      configure_evaluate: Sampled 10 nodes (out of 10)
[92mINFO [0m:      aggregate_evaluate: Received 10 results and 0 failures
[92mINFO [0m:      	└──> Aggregated MetricRecord: {'eval_loss': 1.8200849980115892, 'eval_acc': 0.3616, 'time': 414.8820140361786}
[92mINFO [0m:      
[92mINFO [0m:      [ROUND 54/100]
[92mINFO [0m:      configure_train: Sampled 8 nodes (out of 10)
[92mINFO [0m:      aggregate_train: Received 10 results and 0 failures
[92mINFO [0m:      	└──> Aggregated MetricRecord: {'train_loss': 1.8145833673477174, 'train_time': 6.557602940686047, 'qtty_records': 10}
[92mINFO [0m:      configure_evaluate: Sampled 10 nodes (out of 10)
[92mINFO [0m:      aggregate_evaluate: Received 10 results and 0 failures
[92mINFO [0m:      	└──> Aggregated MetricRecord: {'eval_loss': 1.7712847571820023, 'eval_acc': 0.3578, 'time': 422.04181265830994}
[92mINFO [0m:      
[92mINFO [0m:      [ROUND 55/100]
[92mINFO [0m:      configure_train: Sampled 10 nodes (out of 10)
[92mINFO [0m:      aggregate_train: Received 8 results and 0 failures
[92mINFO [0m:      	└──> Aggregated MetricRecord: {'train_loss': 1.8216270166635513, 'train_time': 5.521406725049019, 'qtty_records': 8}
[92mINFO [0m:      configure_evaluate: Sampled 10 nodes (out of 10)
[92mINFO [0m:      aggregate_evaluate: Received 10 results and 0 failures
[92mINFO [0m:      	└──> Aggregated MetricRecord: {'eval_loss': 1.8149950336664913, 'eval_acc': 0.33530000000000004, 'time': 429.1750519275665}
[92mINFO [0m:      
[92mINFO [0m:      [ROUND 56/100]
[92mINFO [0m:      configure_train: Sampled 8 nodes (out of 10)
[92mINFO [0m:      aggregate_train: Received 10 results and 0 failures
[92mINFO [0m:      	└──> Aggregated MetricRecord: {'train_loss': 1.8024522253990172, 'train_time': 6.578868013620377, 'qtty_records': 10}
[92mINFO [0m:      configure_evaluate: Sampled 10 nodes (out of 10)
[92mINFO [0m:      aggregate_evaluate: Received 10 results and 0 failures
[92mINFO [0m:      	└──> Aggregated MetricRecord: {'eval_loss': 1.793307125940919, 'eval_acc': 0.3515, 'time': 436.33801531791687}
[92mINFO [0m:      
[92mINFO [0m:      [ROUND 57/100]
[92mINFO [0m:      configure_train: Sampled 10 nodes (out of 10)
[92mINFO [0m:      aggregate_train: Received 8 results and 0 failures
[92mINFO [0m:      	└──> Aggregated MetricRecord: {'train_loss': 1.8045939780473708, 'train_time': 5.515868152026087, 'qtty_records': 8}
[92mINFO [0m:      configure_evaluate: Sampled 10 nodes (out of 10)
[92mINFO [0m:      aggregate_evaluate: Received 10 results and 0 failures
[92mINFO [0m:      	└──> Aggregated MetricRecord: {'eval_loss': 1.7945636875927449, 'eval_acc': 0.35070000000000007, 'time': 443.46774101257324}
[92mINFO [0m:      
[92mINFO [0m:      [ROUND 58/100]
[92mINFO [0m:      configure_train: Sampled 8 nodes (out of 10)
[92mINFO [0m:      aggregate_train: Received 10 results and 0 failures
[92mINFO [0m:      	└──> Aggregated MetricRecord: {'train_loss': 1.812544896030426, 'train_time': 6.543363217450678, 'qtty_records': 10}
[92mINFO [0m:      configure_evaluate: Sampled 10 nodes (out of 10)
[92mINFO [0m:      aggregate_evaluate: Received 10 results and 0 failures
[92mINFO [0m:      	└──> Aggregated MetricRecord: {'eval_loss': 1.816210159286857, 'eval_acc': 0.33540000000000003, 'time': 450.6286630630493}
[92mINFO [0m:      
[92mINFO [0m:      [ROUND 59/100]
[92mINFO [0m:      configure_train: Sampled 10 nodes (out of 10)
[92mINFO [0m:      aggregate_train: Received 8 results and 0 failures
[92mINFO [0m:      	└──> Aggregated MetricRecord: {'train_loss': 1.8037239027023313, 'train_time': 5.501111390534788, 'qtty_records': 8}
[92mINFO [0m:      configure_evaluate: Sampled 10 nodes (out of 10)
[92mINFO [0m:      aggregate_evaluate: Received 10 results and 0 failures
[92mINFO [0m:      	└──> Aggregated MetricRecord: {'eval_loss': 1.7744511649012569, 'eval_acc': 0.36010000000000003, 'time': 457.7676658630371}
[92mINFO [0m:      
[92mINFO [0m:      [ROUND 60/100]
[92mINFO [0m:      configure_train: Sampled 8 nodes (out of 10)
[92mINFO [0m:      aggregate_train: Received 10 results and 0 failures
[92mINFO [0m:      	└──> Aggregated MetricRecord: {'train_loss': 1.8151626729965211, 'train_time': 6.538025046139955, 'qtty_records': 10}
[92mINFO [0m:      configure_evaluate: Sampled 10 nodes (out of 10)
[92mINFO [0m:      aggregate_evaluate: Received 10 results and 0 failures
[92mINFO [0m:      	└──> Aggregated MetricRecord: {'eval_loss': 1.8057567071169618, 'eval_acc': 0.35550000000000004, 'time': 464.82548117637634}
[92mINFO [0m:      
[92mINFO [0m:      [ROUND 61/100]
[92mINFO [0m:      configure_train: Sampled 10 nodes (out of 10)
[92mINFO [0m:      aggregate_train: Received 8 results and 0 failures
[92mINFO [0m:      	└──> Aggregated MetricRecord: {'train_loss': 1.7906377710103987, 'train_time': 5.51782815088518, 'qtty_records': 8}
[92mINFO [0m:      configure_evaluate: Sampled 10 nodes (out of 10)
[92mINFO [0m:      aggregate_evaluate: Received 10 results and 0 failures
[92mINFO [0m:      	└──> Aggregated MetricRecord: {'eval_loss': 1.8020815670490267, 'eval_acc': 0.3454, 'time': 471.9560754299164}
[92mINFO [0m:      
[92mINFO [0m:      [ROUND 62/100]
[92mINFO [0m:      configure_train: Sampled 8 nodes (out of 10)
[92mINFO [0m:      aggregate_train: Received 10 results and 0 failures
[92mINFO [0m:      	└──> Aggregated MetricRecord: {'train_loss': 1.8033476361274718, 'train_time': 6.577986503206193, 'qtty_records': 10}
[92mINFO [0m:      configure_evaluate: Sampled 10 nodes (out of 10)
[92mINFO [0m:      aggregate_evaluate: Received 10 results and 0 failures
[92mINFO [0m:      	└──> Aggregated MetricRecord: {'eval_loss': 1.7956840712577105, 'eval_acc': 0.3449, 'time': 479.09336256980896}
[92mINFO [0m:      
[92mINFO [0m:      [ROUND 63/100]
[92mINFO [0m:      configure_train: Sampled 10 nodes (out of 10)
[92mINFO [0m:      aggregate_train: Received 8 results and 0 failures
[92mINFO [0m:      	└──> Aggregated MetricRecord: {'train_loss': 1.790374265551567, 'train_time': 5.505702635506168, 'qtty_records': 8}
[92mINFO [0m:      configure_evaluate: Sampled 10 nodes (out of 10)
[92mINFO [0m:      aggregate_evaluate: Received 10 results and 0 failures
[92mINFO [0m:      	└──> Aggregated MetricRecord: {'eval_loss': 1.8030092760920526, 'eval_acc': 0.3494, 'time': 486.2320280075073}
[92mINFO [0m:      
[92mINFO [0m:      [ROUND 64/100]
[92mINFO [0m:      configure_train: Sampled 8 nodes (out of 10)
[92mINFO [0m:      aggregate_train: Received 10 results and 0 failures
[92mINFO [0m:      	└──> Aggregated MetricRecord: {'train_loss': 1.811039570426941, 'train_time': 6.540780843794346, 'qtty_records': 10}
[92mINFO [0m:      configure_evaluate: Sampled 10 nodes (out of 10)
[92mINFO [0m:      aggregate_evaluate: Received 10 results and 0 failures
[92mINFO [0m:      	└──> Aggregated MetricRecord: {'eval_loss': 1.812767116352916, 'eval_acc': 0.3452, 'time': 493.2928419113159}
[92mINFO [0m:      
[92mINFO [0m:      [ROUND 65/100]
[92mINFO [0m:      configure_train: Sampled 10 nodes (out of 10)
[92mINFO [0m:      aggregate_train: Received 8 results and 0 failures
[92mINFO [0m:      	└──> Aggregated MetricRecord: {'train_loss': 1.799161945581436, 'train_time': 5.5046838072594255, 'qtty_records': 8}
[92mINFO [0m:      configure_evaluate: Sampled 10 nodes (out of 10)
[92mINFO [0m:      aggregate_evaluate: Received 10 results and 0 failures
[92mINFO [0m:      	└──> Aggregated MetricRecord: {'eval_loss': 1.7928354874253274, 'eval_acc': 0.3523, 'time': 500.52523279190063}
[92mINFO [0m:      
[92mINFO [0m:      [ROUND 66/100]
[92mINFO [0m:      configure_train: Sampled 8 nodes (out of 10)
[92mINFO [0m:      aggregate_train: Received 10 results and 0 failures
[92mINFO [0m:      	└──> Aggregated MetricRecord: {'train_loss': 1.824246966457367, 'train_time': 6.57727261763066, 'qtty_records': 10}
[92mINFO [0m:      configure_evaluate: Sampled 10 nodes (out of 10)
[92mINFO [0m:      aggregate_evaluate: Received 10 results and 0 failures
[92mINFO [0m:      	└──> Aggregated MetricRecord: {'eval_loss': 1.8315857321023943, 'eval_acc': 0.3406, 'time': 507.5857057571411}
[92mINFO [0m:      
[92mINFO [0m:      [ROUND 67/100]
[92mINFO [0m:      configure_train: Sampled 10 nodes (out of 10)
[92mINFO [0m:      aggregate_train: Received 8 results and 0 failures
[92mINFO [0m:      	└──> Aggregated MetricRecord: {'train_loss': 1.809938003182411, 'train_time': 5.504327810369432, 'qtty_records': 8}
[92mINFO [0m:      configure_evaluate: Sampled 10 nodes (out of 10)
[92mINFO [0m:      aggregate_evaluate: Received 10 results and 0 failures
[92mINFO [0m:      	└──> Aggregated MetricRecord: {'eval_loss': 1.8060579378157855, 'eval_acc': 0.35180000000000006, 'time': 514.8157436847687}
[92mINFO [0m:      
[92mINFO [0m:      [ROUND 68/100]
[92mINFO [0m:      configure_train: Sampled 8 nodes (out of 10)
[92mINFO [0m:      aggregate_train: Received 10 results and 0 failures
[92mINFO [0m:      	└──> Aggregated MetricRecord: {'train_loss': 1.8150173366546631, 'train_time': 6.548494795151055, 'qtty_records': 10}
[92mINFO [0m:      configure_evaluate: Sampled 10 nodes (out of 10)
[92mINFO [0m:      aggregate_evaluate: Received 10 results and 0 failures
[92mINFO [0m:      	└──> Aggregated MetricRecord: {'eval_loss': 1.8313454266637563, 'eval_acc': 0.3426, 'time': 521.8734030723572}
[92mINFO [0m:      
[92mINFO [0m:      [ROUND 69/100]
[92mINFO [0m:      configure_train: Sampled 10 nodes (out of 10)
[92mINFO [0m:      aggregate_train: Received 8 results and 0 failures
[92mINFO [0m:      	└──> Aggregated MetricRecord: {'train_loss': 1.8254642111063004, 'train_time': 5.518567669205368, 'qtty_records': 8}
[92mINFO [0m:      configure_evaluate: Sampled 10 nodes (out of 10)
[92mINFO [0m:      aggregate_evaluate: Received 10 results and 0 failures
[92mINFO [0m:      	└──> Aggregated MetricRecord: {'eval_loss': 1.8220053236931564, 'eval_acc': 0.32610000000000006, 'time': 529.0046195983887}
[92mINFO [0m:      
[92mINFO [0m:      [ROUND 70/100]
[92mINFO [0m:      configure_train: Sampled 8 nodes (out of 10)
[92mINFO [0m:      aggregate_train: Received 10 results and 0 failures
[92mINFO [0m:      	└──> Aggregated MetricRecord: {'train_loss': 1.8384614576339724, 'train_time': 6.585814011469483, 'qtty_records': 10}
[92mINFO [0m:      configure_evaluate: Sampled 10 nodes (out of 10)
[92mINFO [0m:      aggregate_evaluate: Received 10 results and 0 failures
[92mINFO [0m:      	└──> Aggregated MetricRecord: {'eval_loss': 1.8484414879232647, 'eval_acc': 0.3298, 'time': 536.1401498317719}
[92mINFO [0m:      
[92mINFO [0m:      [ROUND 71/100]
[92mINFO [0m:      configure_train: Sampled 10 nodes (out of 10)
[92mINFO [0m:      aggregate_train: Received 8 results and 0 failures
[92mINFO [0m:      	└──> Aggregated MetricRecord: {'train_loss': 1.801229320526123, 'train_time': 5.528391177766025, 'qtty_records': 8}
[92mINFO [0m:      configure_evaluate: Sampled 10 nodes (out of 10)
[92mINFO [0m:      aggregate_evaluate: Received 10 results and 0 failures
[92mINFO [0m:      	└──> Aggregated MetricRecord: {'eval_loss': 1.776903706789017, 'eval_acc': 0.35300000000000004, 'time': 543.3717224597931}
[92mINFO [0m:      
[92mINFO [0m:      [ROUND 72/100]
[92mINFO [0m:      configure_train: Sampled 8 nodes (out of 10)
[92mINFO [0m:      aggregate_train: Received 10 results and 0 failures
[92mINFO [0m:      	└──> Aggregated MetricRecord: {'train_loss': 1.828427795600891, 'train_time': 6.551616856828332, 'qtty_records': 10}
[92mINFO [0m:      configure_evaluate: Sampled 10 nodes (out of 10)
[92mINFO [0m:      aggregate_evaluate: Received 10 results and 0 failures
[92mINFO [0m:      	└──> Aggregated MetricRecord: {'eval_loss': 1.8150190971791749, 'eval_acc': 0.3537, 'time': 550.4290618896484}
[92mINFO [0m:      
[92mINFO [0m:      [ROUND 73/100]
[92mINFO [0m:      configure_train: Sampled 10 nodes (out of 10)
[92mINFO [0m:      aggregate_train: Received 8 results and 0 failures
[92mINFO [0m:      	└──> Aggregated MetricRecord: {'train_loss': 1.8012014179229736, 'train_time': 5.533914233092219, 'qtty_records': 8}
[92mINFO [0m:      configure_evaluate: Sampled 10 nodes (out of 10)
[92mINFO [0m:      aggregate_evaluate: Received 10 results and 0 failures
[92mINFO [0m:      	└──> Aggregated MetricRecord: {'eval_loss': 1.8262828286737205, 'eval_acc': 0.34320000000000006, 'time': 557.660489320755}
[92mINFO [0m:      
[92mINFO [0m:      [ROUND 74/100]
[92mINFO [0m:      configure_train: Sampled 8 nodes (out of 10)
[92mINFO [0m:      aggregate_train: Received 10 results and 0 failures
[92mINFO [0m:      	└──> Aggregated MetricRecord: {'train_loss': 1.8176923609733584, 'train_time': 6.576652533933521, 'qtty_records': 10}
[92mINFO [0m:      configure_evaluate: Sampled 10 nodes (out of 10)
[92mINFO [0m:      aggregate_evaluate: Received 10 results and 0 failures
[92mINFO [0m:      	└──> Aggregated MetricRecord: {'eval_loss': 1.8079669997096066, 'eval_acc': 0.3534, 'time': 564.7193772792816}
[92mINFO [0m:      
[92mINFO [0m:      [ROUND 75/100]
[92mINFO [0m:      configure_train: Sampled 10 nodes (out of 10)
[92mINFO [0m:      aggregate_train: Received 8 results and 0 failures
[92mINFO [0m:      	└──> Aggregated MetricRecord: {'train_loss': 1.7948412692546847, 'train_time': 5.525229336461052, 'qtty_records': 8}
[92mINFO [0m:      configure_evaluate: Sampled 10 nodes (out of 10)
[92mINFO [0m:      aggregate_evaluate: Received 10 results and 0 failures
[92mINFO [0m:      	└──> Aggregated MetricRecord: {'eval_loss': 1.7833554826676845, 'eval_acc': 0.36689999999999995, 'time': 571.8493647575378}
[92mINFO [0m:      
[92mINFO [0m:      [ROUND 76/100]
[92mINFO [0m:      configure_train: Sampled 8 nodes (out of 10)
[92mINFO [0m:      aggregate_train: Received 10 results and 0 failures
[92mINFO [0m:      	└──> Aggregated MetricRecord: {'train_loss': 1.8400222838401796, 'train_time': 6.571527151204646, 'qtty_records': 10}
[92mINFO [0m:      configure_evaluate: Sampled 10 nodes (out of 10)
[92mINFO [0m:      aggregate_evaluate: Received 10 results and 0 failures
[92mINFO [0m:      	└──> Aggregated MetricRecord: {'eval_loss': 1.8335552364587784, 'eval_acc': 0.3427, 'time': 579.0269358158112}
[92mINFO [0m:      
[92mINFO [0m:      [ROUND 77/100]
[92mINFO [0m:      configure_train: Sampled 10 nodes (out of 10)
[92mINFO [0m:      aggregate_train: Received 8 results and 0 failures
[92mINFO [0m:      	└──> Aggregated MetricRecord: {'train_loss': 1.820334547042847, 'train_time': 5.5174711141735315, 'qtty_records': 8}
[92mINFO [0m:      configure_evaluate: Sampled 10 nodes (out of 10)
[92mINFO [0m:      aggregate_evaluate: Received 10 results and 0 failures
[92mINFO [0m:      	└──> Aggregated MetricRecord: {'eval_loss': 1.8198382396250963, 'eval_acc': 0.34830000000000005, 'time': 586.1566197872162}
[92mINFO [0m:      
[92mINFO [0m:      [ROUND 78/100]
[92mINFO [0m:      configure_train: Sampled 8 nodes (out of 10)
[92mINFO [0m:      aggregate_train: Received 10 results and 0 failures
[92mINFO [0m:      	└──> Aggregated MetricRecord: {'train_loss': 1.8323459472656252, 'train_time': 6.5694603206589814, 'qtty_records': 10}
[92mINFO [0m:      configure_evaluate: Sampled 10 nodes (out of 10)
[92mINFO [0m:      aggregate_evaluate: Received 10 results and 0 failures
[92mINFO [0m:      	└──> Aggregated MetricRecord: {'eval_loss': 1.8368996866047385, 'eval_acc': 0.3414, 'time': 593.323084115982}
[92mINFO [0m:      
[92mINFO [0m:      [ROUND 79/100]
[92mINFO [0m:      configure_train: Sampled 10 nodes (out of 10)
[92mINFO [0m:      aggregate_train: Received 8 results and 0 failures
[92mINFO [0m:      	└──> Aggregated MetricRecord: {'train_loss': 1.8063232983350757, 'train_time': 5.492087291786447, 'qtty_records': 8}
[92mINFO [0m:      configure_evaluate: Sampled 10 nodes (out of 10)
[92mINFO [0m:      aggregate_evaluate: Received 10 results and 0 failures
[92mINFO [0m:      	└──> Aggregated MetricRecord: {'eval_loss': 1.7998377632349731, 'eval_acc': 0.3469, 'time': 600.452716588974}
[92mINFO [0m:      
[92mINFO [0m:      [ROUND 80/100]
[92mINFO [0m:      configure_train: Sampled 8 nodes (out of 10)
[92mINFO [0m:      aggregate_train: Received 10 results and 0 failures
[92mINFO [0m:      	└──> Aggregated MetricRecord: {'train_loss': 1.8193947354316715, 'train_time': 6.569659980759025, 'qtty_records': 10}
[92mINFO [0m:      configure_evaluate: Sampled 10 nodes (out of 10)
[92mINFO [0m:      aggregate_evaluate: Received 10 results and 0 failures
[92mINFO [0m:      	└──> Aggregated MetricRecord: {'eval_loss': 1.80309931114316, 'eval_acc': 0.3383, 'time': 607.6145420074463}
[92mINFO [0m:      
[92mINFO [0m:      [ROUND 81/100]
[92mINFO [0m:      configure_train: Sampled 10 nodes (out of 10)
[92mINFO [0m:      aggregate_train: Received 8 results and 0 failures
[92mINFO [0m:      	└──> Aggregated MetricRecord: {'train_loss': 1.8026327747106552, 'train_time': 5.5027076890692115, 'qtty_records': 8}
[92mINFO [0m:      configure_evaluate: Sampled 10 nodes (out of 10)
[92mINFO [0m:      aggregate_evaluate: Received 10 results and 0 failures
[92mINFO [0m:      	└──> Aggregated MetricRecord: {'eval_loss': 1.801004593446851, 'eval_acc': 0.3478, 'time': 614.746363401413}
[92mINFO [0m:      
[92mINFO [0m:      [ROUND 82/100]
[92mINFO [0m:      configure_train: Sampled 8 nodes (out of 10)
[92mINFO [0m:      aggregate_train: Received 10 results and 0 failures
[92mINFO [0m:      	└──> Aggregated MetricRecord: {'train_loss': 1.8171217906951906, 'train_time': 6.5571270227432255, 'qtty_records': 10}
[92mINFO [0m:      configure_evaluate: Sampled 10 nodes (out of 10)
[92mINFO [0m:      aggregate_evaluate: Received 10 results and 0 failures
[92mINFO [0m:      	└──> Aggregated MetricRecord: {'eval_loss': 1.8070494543761015, 'eval_acc': 0.34330000000000005, 'time': 621.9059545993805}
[92mINFO [0m:      
[92mINFO [0m:      [ROUND 83/100]
[92mINFO [0m:      configure_train: Sampled 10 nodes (out of 10)
[92mINFO [0m:      aggregate_train: Received 8 results and 0 failures
[92mINFO [0m:      	└──> Aggregated MetricRecord: {'train_loss': 1.8871682008504869, 'train_time': 5.490361229749396, 'qtty_records': 8}
[92mINFO [0m:      configure_evaluate: Sampled 10 nodes (out of 10)
[92mINFO [0m:      aggregate_evaluate: Received 10 results and 0 failures
[92mINFO [0m:      	└──> Aggregated MetricRecord: {'eval_loss': 1.9658444855362176, 'eval_acc': 0.3148, 'time': 629.0380582809448}
[92mINFO [0m:      
[92mINFO [0m:      [ROUND 84/100]
[92mINFO [0m:      configure_train: Sampled 8 nodes (out of 10)
[92mINFO [0m:      aggregate_train: Received 10 results and 0 failures
[92mINFO [0m:      	└──> Aggregated MetricRecord: {'train_loss': 1.966559526062012, 'train_time': 6.544084776751697, 'qtty_records': 10}
[92mINFO [0m:      configure_evaluate: Sampled 10 nodes (out of 10)
[92mINFO [0m:      aggregate_evaluate: Received 10 results and 0 failures
[92mINFO [0m:      	└──> Aggregated MetricRecord: {'eval_loss': 1.896251264587045, 'eval_acc': 0.3169, 'time': 636.1997539997101}
[92mINFO [0m:      
[92mINFO [0m:      [ROUND 85/100]
[92mINFO [0m:      configure_train: Sampled 10 nodes (out of 10)
[92mINFO [0m:      aggregate_train: Received 8 results and 0 failures
[92mINFO [0m:      	└──> Aggregated MetricRecord: {'train_loss': 1.86337545132637, 'train_time': 5.486999264219776, 'qtty_records': 8}
[92mINFO [0m:      configure_evaluate: Sampled 10 nodes (out of 10)
[92mINFO [0m:      aggregate_evaluate: Received 10 results and 0 failures
[92mINFO [0m:      	└──> Aggregated MetricRecord: {'eval_loss': 1.935966967791319, 'eval_acc': 0.28700000000000003, 'time': 643.3312182426453}
[92mINFO [0m:      
[92mINFO [0m:      [ROUND 86/100]
[92mINFO [0m:      configure_train: Sampled 8 nodes (out of 10)
[92mINFO [0m:      aggregate_train: Received 10 results and 0 failures
[92mINFO [0m:      	└──> Aggregated MetricRecord: {'train_loss': 1.8520421482086185, 'train_time': 6.529350525140762, 'qtty_records': 10}
[92mINFO [0m:      configure_evaluate: Sampled 10 nodes (out of 10)
[92mINFO [0m:      aggregate_evaluate: Received 10 results and 0 failures
[92mINFO [0m:      	└──> Aggregated MetricRecord: {'eval_loss': 1.7947380721569064, 'eval_acc': 0.3588, 'time': 650.3900864124298}
[92mINFO [0m:      
[92mINFO [0m:      [ROUND 87/100]
[92mINFO [0m:      configure_train: Sampled 10 nodes (out of 10)
[92mINFO [0m:      aggregate_train: Received 8 results and 0 failures
[92mINFO [0m:      	└──> Aggregated MetricRecord: {'train_loss': 1.7933854252099992, 'train_time': 5.51375578623265, 'qtty_records': 8}
[92mINFO [0m:      configure_evaluate: Sampled 10 nodes (out of 10)
[92mINFO [0m:      aggregate_evaluate: Received 10 results and 0 failures
[92mINFO [0m:      	└──> Aggregated MetricRecord: {'eval_loss': 1.784166893735528, 'eval_acc': 0.3572, 'time': 657.6266932487488}
[92mINFO [0m:      
[92mINFO [0m:      [ROUND 88/100]
[92mINFO [0m:      configure_train: Sampled 8 nodes (out of 10)
[92mINFO [0m:      aggregate_train: Received 10 results and 0 failures
[92mINFO [0m:      	└──> Aggregated MetricRecord: {'train_loss': 1.8223186100006106, 'train_time': 6.541808105073869, 'qtty_records': 10}
[92mINFO [0m:      configure_evaluate: Sampled 10 nodes (out of 10)
[92mINFO [0m:      aggregate_evaluate: Received 10 results and 0 failures
[92mINFO [0m:      	└──> Aggregated MetricRecord: {'eval_loss': 1.81184924505651, 'eval_acc': 0.3464, 'time': 664.6832990646362}
[92mINFO [0m:      
[92mINFO [0m:      [ROUND 89/100]
[92mINFO [0m:      configure_train: Sampled 10 nodes (out of 10)
[92mINFO [0m:      aggregate_train: Received 8 results and 0 failures
[92mINFO [0m:      	└──> Aggregated MetricRecord: {'train_loss': 1.8503091468811035, 'train_time': 5.515300061786547, 'qtty_records': 8}
[92mINFO [0m:      configure_evaluate: Sampled 10 nodes (out of 10)
[92mINFO [0m:      aggregate_evaluate: Received 10 results and 0 failures
[92mINFO [0m:      	└──> Aggregated MetricRecord: {'eval_loss': 1.84424712844193, 'eval_acc': 0.3399, 'time': 671.8148980140686}
[92mINFO [0m:      
[92mINFO [0m:      [ROUND 90/100]
[92mINFO [0m:      configure_train: Sampled 8 nodes (out of 10)
[92mINFO [0m:      aggregate_train: Received 10 results and 0 failures
[92mINFO [0m:      	└──> Aggregated MetricRecord: {'train_loss': 1.8389119507789609, 'train_time': 6.551552077569068, 'qtty_records': 10}
[92mINFO [0m:      configure_evaluate: Sampled 10 nodes (out of 10)
[92mINFO [0m:      aggregate_evaluate: Received 10 results and 0 failures
[92mINFO [0m:      	└──> Aggregated MetricRecord: {'eval_loss': 1.8307037413120273, 'eval_acc': 0.3331, 'time': 678.8729586601257}
[92mINFO [0m:      
[92mINFO [0m:      [ROUND 91/100]
[92mINFO [0m:      configure_train: Sampled 10 nodes (out of 10)
[92mINFO [0m:      aggregate_train: Received 8 results and 0 failures
[92mINFO [0m:      	└──> Aggregated MetricRecord: {'train_loss': 1.8454361113309858, 'train_time': 5.485915909288451, 'qtty_records': 8}
[92mINFO [0m:      configure_evaluate: Sampled 10 nodes (out of 10)
[92mINFO [0m:      aggregate_evaluate: Received 10 results and 0 failures
[92mINFO [0m:      	└──> Aggregated MetricRecord: {'eval_loss': 1.8734107151627541, 'eval_acc': 0.3388, 'time': 686.0032761096954}
[92mINFO [0m:      
[92mINFO [0m:      [ROUND 92/100]
[92mINFO [0m:      configure_train: Sampled 8 nodes (out of 10)
[92mINFO [0m:      aggregate_train: Received 10 results and 0 failures
[92mINFO [0m:      	└──> Aggregated MetricRecord: {'train_loss': 1.885544877243042, 'train_time': 6.54442051500082, 'qtty_records': 10}
[92mINFO [0m:      configure_evaluate: Sampled 10 nodes (out of 10)
[92mINFO [0m:      aggregate_evaluate: Received 10 results and 0 failures
[92mINFO [0m:      	└──> Aggregated MetricRecord: {'eval_loss': 1.828909992054105, 'eval_acc': 0.3378, 'time': 693.0677859783173}
[92mINFO [0m:      
[92mINFO [0m:      [ROUND 93/100]
[92mINFO [0m:      configure_train: Sampled 10 nodes (out of 10)
[92mINFO [0m:      aggregate_train: Received 8 results and 0 failures
[92mINFO [0m:      	└──> Aggregated MetricRecord: {'train_loss': 1.8139317140579223, 'train_time': 5.505569658009335, 'qtty_records': 8}
[92mINFO [0m:      configure_evaluate: Sampled 10 nodes (out of 10)
[92mINFO [0m:      aggregate_evaluate: Received 10 results and 0 failures
[92mINFO [0m:      	└──> Aggregated MetricRecord: {'eval_loss': 1.8157102055847647, 'eval_acc': 0.34850000000000003, 'time': 700.1984069347382}
[92mINFO [0m:      
[92mINFO [0m:      [ROUND 94/100]
[92mINFO [0m:      configure_train: Sampled 8 nodes (out of 10)
[92mINFO [0m:      aggregate_train: Received 10 results and 0 failures
[92mINFO [0m:      	└──> Aggregated MetricRecord: {'train_loss': 1.8253945463180543, 'train_time': 6.548566686548293, 'qtty_records': 10}
[92mINFO [0m:      configure_evaluate: Sampled 10 nodes (out of 10)
[92mINFO [0m:      aggregate_evaluate: Received 10 results and 0 failures
[92mINFO [0m:      	└──> Aggregated MetricRecord: {'eval_loss': 1.7983821310102943, 'eval_acc': 0.35100000000000003, 'time': 707.3649878501892}
[92mINFO [0m:      
[92mINFO [0m:      [ROUND 95/100]
[92mINFO [0m:      configure_train: Sampled 10 nodes (out of 10)
[92mINFO [0m:      aggregate_train: Received 8 results and 0 failures
[92mINFO [0m:      	└──> Aggregated MetricRecord: {'train_loss': 1.8326889163255693, 'train_time': 5.483706153463572, 'qtty_records': 8}
[92mINFO [0m:      configure_evaluate: Sampled 10 nodes (out of 10)
[92mINFO [0m:      aggregate_evaluate: Received 10 results and 0 failures
[92mINFO [0m:      	└──> Aggregated MetricRecord: {'eval_loss': 1.8019518662244083, 'eval_acc': 0.33949999999999997, 'time': 714.4974246025085}
[92mINFO [0m:      
[92mINFO [0m:      [ROUND 96/100]
[92mINFO [0m:      configure_train: Sampled 8 nodes (out of 10)
[92mINFO [0m:      aggregate_train: Received 10 results and 0 failures
[92mINFO [0m:      	└──> Aggregated MetricRecord: {'train_loss': 1.8260187954902651, 'train_time': 6.564096522331238, 'qtty_records': 10}
[92mINFO [0m:      configure_evaluate: Sampled 10 nodes (out of 10)
[92mINFO [0m:      aggregate_evaluate: Received 10 results and 0 failures
[92mINFO [0m:      	└──> Aggregated MetricRecord: {'eval_loss': 1.8057048961520197, 'eval_acc': 0.34700000000000003, 'time': 721.6580848693848}
[92mINFO [0m:      
[92mINFO [0m:      [ROUND 97/100]
[92mINFO [0m:      configure_train: Sampled 10 nodes (out of 10)
[92mINFO [0m:      aggregate_train: Received 8 results and 0 failures
[92mINFO [0m:      	└──> Aggregated MetricRecord: {'train_loss': 1.8233542102575304, 'train_time': 5.489337934413925, 'qtty_records': 8}
[92mINFO [0m:      configure_evaluate: Sampled 10 nodes (out of 10)
[92mINFO [0m:      aggregate_evaluate: Received 10 results and 0 failures
[92mINFO [0m:      	└──> Aggregated MetricRecord: {'eval_loss': 1.8325584951788187, 'eval_acc': 0.33590000000000003, 'time': 728.7891554832458}
[92mINFO [0m:      
[92mINFO [0m:      [ROUND 98/100]
[92mINFO [0m:      configure_train: Sampled 8 nodes (out of 10)
[92mINFO [0m:      aggregate_train: Received 10 results and 0 failures
[92mINFO [0m:      	└──> Aggregated MetricRecord: {'train_loss': 1.8400609893798832, 'train_time': 6.546066316030919, 'qtty_records': 10}
[92mINFO [0m:      configure_evaluate: Sampled 10 nodes (out of 10)
[92mINFO [0m:      aggregate_evaluate: Received 10 results and 0 failures
[92mINFO [0m:      	└──> Aggregated MetricRecord: {'eval_loss': 1.8125777628272774, 'eval_acc': 0.3402, 'time': 735.9481959342957}
[92mINFO [0m:      
[92mINFO [0m:      [ROUND 99/100]
[92mINFO [0m:      configure_train: Sampled 10 nodes (out of 10)
[92mINFO [0m:      aggregate_train: Received 8 results and 0 failures
[92mINFO [0m:      	└──> Aggregated MetricRecord: {'train_loss': 1.8228947860002518, 'train_time': 5.501095816725865, 'qtty_records': 8}
[92mINFO [0m:      configure_evaluate: Sampled 10 nodes (out of 10)
[92mINFO [0m:      aggregate_evaluate: Received 10 results and 0 failures
[92mINFO [0m:      	└──> Aggregated MetricRecord: {'eval_loss': 1.7895739290863275, 'eval_acc': 0.3487, 'time': 743.0802855491638}
[92mINFO [0m:      
[92mINFO [0m:      [ROUND 100/100]
[92mINFO [0m:      configure_train: Sampled 8 nodes (out of 10)
[92mINFO [0m:      aggregate_train: Received 10 results and 0 failures
[92mINFO [0m:      	└──> Aggregated MetricRecord: {'train_loss': 1.837746601200104, 'train_time': 6.5532163420692084, 'qtty_records': 10}
[92mINFO [0m:      configure_evaluate: Sampled 10 nodes (out of 10)
[92mINFO [0m:      aggregate_evaluate: Received 10 results and 0 failures
[92mINFO [0m:      	└──> Aggregated MetricRecord: {'eval_loss': 1.8017716858536008, 'eval_acc': 0.36260000000000003, 'time': 750.2165250778198}
[92mINFO [0m:      
[92mINFO [0m:      Strategy execution finished in 750.22s
[92mINFO [0m:      
[92mINFO [0m:      Final results:
[92mINFO [0m:      
[92mINFO [0m:      	Global Arrays:
[92mINFO [0m:      		ArrayRecord (0.238 MB)
[92mINFO [0m:      	
[92mINFO [0m:      	Aggregated ClientApp-side Train Metrics:
[92mINFO [0m:      	{ 1: { 'qtty_records': '8',
[92mINFO [0m:      	       'train_loss': '2.2356e+00',
[92mINFO [0m:      	       'train_time': '7.4302e+00'},
[92mINFO [0m:      	  2: { 'qtty_records': '10',
[92mINFO [0m:      	       'train_loss': '2.1617e+00',
[92mINFO [0m:      	       'train_time': '6.8913e+00'},
[92mINFO [0m:      	  3: { 'qtty_records': '8',
[92mINFO [0m:      	       'train_loss': '2.0640e+00',
[92mINFO [0m:      	       'train_time': '5.5302e+00'},
[92mINFO [0m:      	  4: { 'qtty_records': '10',
[92mINFO [0m:      	       'train_loss': '2.0289e+00',
[92mINFO [0m:      	       'train_time': '6.6039e+00'},
[92mINFO [0m:      	  5: { 'qtty_records': '8',
[92mINFO [0m:      	       'train_loss': '2.0119e+00',
[92mINFO [0m:      	       'train_time': '5.5198e+00'},
[92mINFO [0m:      	  6: { 'qtty_records': '10',
[92mINFO [0m:      	       'train_loss': '1.9717e+00',
[92mINFO [0m:      	       'train_time': '6.5881e+00'},
[92mINFO [0m:      	  7: { 'qtty_records': '8',
[92mINFO [0m:      	       'train_loss': '1.9589e+00',
[92mINFO [0m:      	       'train_time': '5.5701e+00'},
[92mINFO [0m:      	  8: { 'qtty_records': '10',
[92mINFO [0m:      	       'train_loss': '1.9506e+00',
[92mINFO [0m:      	       'train_time': '6.6082e+00'},
[92mINFO [0m:      	  9: { 'qtty_records': '8',
[92mINFO [0m:      	       'train_loss': '1.9119e+00',
[92mINFO [0m:      	       'train_time': '5.5094e+00'},
[92mINFO [0m:      	  10: { 'qtty_records': '9',
[92mINFO [0m:      	        'train_loss': '1.9316e+00',
[92mINFO [0m:      	        'train_time': '6.6553e+00'},
[92mINFO [0m:      	  11: { 'qtty_records': '8',
[92mINFO [0m:      	        'train_loss': '1.9111e+00',
[92mINFO [0m:      	        'train_time': '5.5254e+00'},
[92mINFO [0m:      	  12: { 'qtty_records': '10',
[92mINFO [0m:      	        'train_loss': '1.9074e+00',
[92mINFO [0m:      	        'train_time': '6.5805e+00'},
[92mINFO [0m:      	  13: { 'qtty_records': '8',
[92mINFO [0m:      	        'train_loss': '1.9022e+00',
[92mINFO [0m:      	        'train_time': '5.5217e+00'},
[92mINFO [0m:      	  14: { 'qtty_records': '10',
[92mINFO [0m:      	        'train_loss': '1.8857e+00',
[92mINFO [0m:      	        'train_time': '6.5303e+00'},
[92mINFO [0m:      	  15: { 'qtty_records': '8',
[92mINFO [0m:      	        'train_loss': '1.8807e+00',
[92mINFO [0m:      	        'train_time': '5.4777e+00'},
[92mINFO [0m:      	  16: { 'qtty_records': '10',
[92mINFO [0m:      	        'train_loss': '1.8812e+00',
[92mINFO [0m:      	        'train_time': '6.5625e+00'},
[92mINFO [0m:      	  17: { 'qtty_records': '8',
[92mINFO [0m:      	        'train_loss': '1.8582e+00',
[92mINFO [0m:      	        'train_time': '5.5116e+00'},
[92mINFO [0m:      	  18: { 'qtty_records': '10',
[92mINFO [0m:      	        'train_loss': '1.8674e+00',
[92mINFO [0m:      	        'train_time': '6.5303e+00'},
[92mINFO [0m:      	  19: { 'qtty_records': '8',
[92mINFO [0m:      	        'train_loss': '1.8527e+00',
[92mINFO [0m:      	        'train_time': '5.5083e+00'},
[92mINFO [0m:      	  20: { 'qtty_records': '10',
[92mINFO [0m:      	        'train_loss': '1.8555e+00',
[92mINFO [0m:      	        'train_time': '6.5679e+00'},
[92mINFO [0m:      	  21: { 'qtty_records': '8',
[92mINFO [0m:      	        'train_loss': '1.8662e+00',
[92mINFO [0m:      	        'train_time': '5.4891e+00'},
[92mINFO [0m:      	  22: { 'qtty_records': '10',
[92mINFO [0m:      	        'train_loss': '1.8536e+00',
[92mINFO [0m:      	        'train_time': '6.5419e+00'},
[92mINFO [0m:      	  23: { 'qtty_records': '8',
[92mINFO [0m:      	        'train_loss': '1.8436e+00',
[92mINFO [0m:      	        'train_time': '5.4931e+00'},
[92mINFO [0m:      	  24: { 'qtty_records': '10',
[92mINFO [0m:      	        'train_loss': '1.8529e+00',
[92mINFO [0m:      	        'train_time': '6.5428e+00'},
[92mINFO [0m:      	  25: { 'qtty_records': '8',
[92mINFO [0m:      	        'train_loss': '1.8335e+00',
[92mINFO [0m:      	        'train_time': '5.4909e+00'},
[92mINFO [0m:      	  26: { 'qtty_records': '10',
[92mINFO [0m:      	        'train_loss': '1.8493e+00',
[92mINFO [0m:      	        'train_time': '6.5407e+00'},
[92mINFO [0m:      	  27: { 'qtty_records': '8',
[92mINFO [0m:      	        'train_loss': '1.8480e+00',
[92mINFO [0m:      	        'train_time': '5.5330e+00'},
[92mINFO [0m:      	  28: { 'qtty_records': '10',
[92mINFO [0m:      	        'train_loss': '1.8786e+00',
[92mINFO [0m:      	        'train_time': '6.5457e+00'},
[92mINFO [0m:      	  29: { 'qtty_records': '8',
[92mINFO [0m:      	        'train_loss': '1.8543e+00',
[92mINFO [0m:      	        'train_time': '5.4886e+00'},
[92mINFO [0m:      	  30: { 'qtty_records': '10',
[92mINFO [0m:      	        'train_loss': '1.8435e+00',
[92mINFO [0m:      	        'train_time': '6.5649e+00'},
[92mINFO [0m:      	  31: { 'qtty_records': '8',
[92mINFO [0m:      	        'train_loss': '1.8075e+00',
[92mINFO [0m:      	        'train_time': '5.4752e+00'},
[92mINFO [0m:      	  32: { 'qtty_records': '10',
[92mINFO [0m:      	        'train_loss': '1.8359e+00',
[92mINFO [0m:      	        'train_time': '6.5504e+00'},
[92mINFO [0m:      	  33: { 'qtty_records': '8',
[92mINFO [0m:      	        'train_loss': '1.8343e+00',
[92mINFO [0m:      	        'train_time': '5.5142e+00'},
[92mINFO [0m:      	  34: { 'qtty_records': '10',
[92mINFO [0m:      	        'train_loss': '1.8311e+00',
[92mINFO [0m:      	        'train_time': '6.5018e+00'},
[92mINFO [0m:      	  35: { 'qtty_records': '8',
[92mINFO [0m:      	        'train_loss': '1.8249e+00',
[92mINFO [0m:      	        'train_time': '5.4475e+00'},
[92mINFO [0m:      	  36: { 'qtty_records': '10',
[92mINFO [0m:      	        'train_loss': '1.8337e+00',
[92mINFO [0m:      	        'train_time': '6.4552e+00'},
[92mINFO [0m:      	  37: { 'qtty_records': '8',
[92mINFO [0m:      	        'train_loss': '1.8203e+00',
[92mINFO [0m:      	        'train_time': '5.4235e+00'},
[92mINFO [0m:      	  38: { 'qtty_records': '10',
[92mINFO [0m:      	        'train_loss': '1.8319e+00',
[92mINFO [0m:      	        'train_time': '6.5035e+00'},
[92mINFO [0m:      	  39: { 'qtty_records': '8',
[92mINFO [0m:      	        'train_loss': '1.8160e+00',
[92mINFO [0m:      	        'train_time': '5.5088e+00'},
[92mINFO [0m:      	  40: { 'qtty_records': '10',
[92mINFO [0m:      	        'train_loss': '1.8197e+00',
[92mINFO [0m:      	        'train_time': '6.5250e+00'},
[92mINFO [0m:      	  41: { 'qtty_records': '8',
[92mINFO [0m:      	        'train_loss': '1.8207e+00',
[92mINFO [0m:      	        'train_time': '5.5181e+00'},
[92mINFO [0m:      	  42: { 'qtty_records': '10',
[92mINFO [0m:      	        'train_loss': '1.8343e+00',
[92mINFO [0m:      	        'train_time': '6.5587e+00'},
[92mINFO [0m:      	  43: { 'qtty_records': '8',
[92mINFO [0m:      	        'train_loss': '1.8185e+00',
[92mINFO [0m:      	        'train_time': '5.5005e+00'},
[92mINFO [0m:      	  44: { 'qtty_records': '10',
[92mINFO [0m:      	        'train_loss': '1.8277e+00',
[92mINFO [0m:      	        'train_time': '6.5352e+00'},
[92mINFO [0m:      	  45: { 'qtty_records': '8',
[92mINFO [0m:      	        'train_loss': '1.8202e+00',
[92mINFO [0m:      	        'train_time': '5.5129e+00'},
[92mINFO [0m:      	  46: { 'qtty_records': '10',
[92mINFO [0m:      	        'train_loss': '1.8138e+00',
[92mINFO [0m:      	        'train_time': '6.5467e+00'},
[92mINFO [0m:      	  47: { 'qtty_records': '8',
[92mINFO [0m:      	        'train_loss': '1.8249e+00',
[92mINFO [0m:      	        'train_time': '5.5281e+00'},
[92mINFO [0m:      	  48: { 'qtty_records': '10',
[92mINFO [0m:      	        'train_loss': '1.8264e+00',
[92mINFO [0m:      	        'train_time': '6.5379e+00'},
[92mINFO [0m:      	  49: { 'qtty_records': '8',
[92mINFO [0m:      	        'train_loss': '1.8027e+00',
[92mINFO [0m:      	        'train_time': '5.5089e+00'},
[92mINFO [0m:      	  50: { 'qtty_records': '10',
[92mINFO [0m:      	        'train_loss': '1.8226e+00',
[92mINFO [0m:      	        'train_time': '6.5757e+00'},
[92mINFO [0m:      	  51: { 'qtty_records': '8',
[92mINFO [0m:      	        'train_loss': '1.8190e+00',
[92mINFO [0m:      	        'train_time': '5.4999e+00'},
[92mINFO [0m:      	  52: { 'qtty_records': '10',
[92mINFO [0m:      	        'train_loss': '1.8374e+00',
[92mINFO [0m:      	        'train_time': '6.5471e+00'},
[92mINFO [0m:      	  53: { 'qtty_records': '8',
[92mINFO [0m:      	        'train_loss': '1.8260e+00',
[92mINFO [0m:      	        'train_time': '5.4888e+00'},
[92mINFO [0m:      	  54: { 'qtty_records': '10',
[92mINFO [0m:      	        'train_loss': '1.8146e+00',
[92mINFO [0m:      	        'train_time': '6.5576e+00'},
[92mINFO [0m:      	  55: { 'qtty_records': '8',
[92mINFO [0m:      	        'train_loss': '1.8216e+00',
[92mINFO [0m:      	        'train_time': '5.5214e+00'},
[92mINFO [0m:      	  56: { 'qtty_records': '10',
[92mINFO [0m:      	        'train_loss': '1.8025e+00',
[92mINFO [0m:      	        'train_time': '6.5789e+00'},
[92mINFO [0m:      	  57: { 'qtty_records': '8',
[92mINFO [0m:      	        'train_loss': '1.8046e+00',
[92mINFO [0m:      	        'train_time': '5.5159e+00'},
[92mINFO [0m:      	  58: { 'qtty_records': '10',
[92mINFO [0m:      	        'train_loss': '1.8125e+00',
[92mINFO [0m:      	        'train_time': '6.5434e+00'},
[92mINFO [0m:      	  59: { 'qtty_records': '8',
[92mINFO [0m:      	        'train_loss': '1.8037e+00',
[92mINFO [0m:      	        'train_time': '5.5011e+00'},
[92mINFO [0m:      	  60: { 'qtty_records': '10',
[92mINFO [0m:      	        'train_loss': '1.8152e+00',
[92mINFO [0m:      	        'train_time': '6.5380e+00'},
[92mINFO [0m:      	  61: { 'qtty_records': '8',
[92mINFO [0m:      	        'train_loss': '1.7906e+00',
[92mINFO [0m:      	        'train_time': '5.5178e+00'},
[92mINFO [0m:      	  62: { 'qtty_records': '10',
[92mINFO [0m:      	        'train_loss': '1.8033e+00',
[92mINFO [0m:      	        'train_time': '6.5780e+00'},
[92mINFO [0m:      	  63: { 'qtty_records': '8',
[92mINFO [0m:      	        'train_loss': '1.7904e+00',
[92mINFO [0m:      	        'train_time': '5.5057e+00'},
[92mINFO [0m:      	  64: { 'qtty_records': '10',
[92mINFO [0m:      	        'train_loss': '1.8110e+00',
[92mINFO [0m:      	        'train_time': '6.5408e+00'},
[92mINFO [0m:      	  65: { 'qtty_records': '8',
[92mINFO [0m:      	        'train_loss': '1.7992e+00',
[92mINFO [0m:      	        'train_time': '5.5047e+00'},
[92mINFO [0m:      	  66: { 'qtty_records': '10',
[92mINFO [0m:      	        'train_loss': '1.8242e+00',
[92mINFO [0m:      	        'train_time': '6.5773e+00'},
[92mINFO [0m:      	  67: { 'qtty_records': '8',
[92mINFO [0m:      	        'train_loss': '1.8099e+00',
[92mINFO [0m:      	        'train_time': '5.5043e+00'},
[92mINFO [0m:      	  68: { 'qtty_records': '10',
[92mINFO [0m:      	        'train_loss': '1.8150e+00',
[92mINFO [0m:      	        'train_time': '6.5485e+00'},
[92mINFO [0m:      	  69: { 'qtty_records': '8',
[92mINFO [0m:      	        'train_loss': '1.8255e+00',
[92mINFO [0m:      	        'train_time': '5.5186e+00'},
[92mINFO [0m:      	  70: { 'qtty_records': '10',
[92mINFO [0m:      	        'train_loss': '1.8385e+00',
[92mINFO [0m:      	        'train_time': '6.5858e+00'},
[92mINFO [0m:      	  71: { 'qtty_records': '8',
[92mINFO [0m:      	        'train_loss': '1.8012e+00',
[92mINFO [0m:      	        'train_time': '5.5284e+00'},
[92mINFO [0m:      	  72: { 'qtty_records': '10',
[92mINFO [0m:      	        'train_loss': '1.8284e+00',
[92mINFO [0m:      	        'train_time': '6.5516e+00'},
[92mINFO [0m:      	  73: { 'qtty_records': '8',
[92mINFO [0m:      	        'train_loss': '1.8012e+00',
[92mINFO [0m:      	        'train_time': '5.5339e+00'},
[92mINFO [0m:      	  74: { 'qtty_records': '10',
[92mINFO [0m:      	        'train_loss': '1.8177e+00',
[92mINFO [0m:      	        'train_time': '6.5767e+00'},
[92mINFO [0m:      	  75: { 'qtty_records': '8',
[92mINFO [0m:      	        'train_loss': '1.7948e+00',
[92mINFO [0m:      	        'train_time': '5.5252e+00'},
[92mINFO [0m:      	  76: { 'qtty_records': '10',
[92mINFO [0m:      	        'train_loss': '1.8400e+00',
[92mINFO [0m:      	        'train_time': '6.5715e+00'},
[92mINFO [0m:      	  77: { 'qtty_records': '8',
[92mINFO [0m:      	        'train_loss': '1.8203e+00',
[92mINFO [0m:      	        'train_time': '5.5175e+00'},
[92mINFO [0m:      	  78: { 'qtty_records': '10',
[92mINFO [0m:      	        'train_loss': '1.8323e+00',
[92mINFO [0m:      	        'train_time': '6.5695e+00'},
[92mINFO [0m:      	  79: { 'qtty_records': '8',
[92mINFO [0m:      	        'train_loss': '1.8063e+00',
[92mINFO [0m:      	        'train_time': '5.4921e+00'},
[92mINFO [0m:      	  80: { 'qtty_records': '10',
[92mINFO [0m:      	        'train_loss': '1.8194e+00',
[92mINFO [0m:      	        'train_time': '6.5697e+00'},
[92mINFO [0m:      	  81: { 'qtty_records': '8',
[92mINFO [0m:      	        'train_loss': '1.8026e+00',
[92mINFO [0m:      	        'train_time': '5.5027e+00'},
[92mINFO [0m:      	  82: { 'qtty_records': '10',
[92mINFO [0m:      	        'train_loss': '1.8171e+00',
[92mINFO [0m:      	        'train_time': '6.5571e+00'},
[92mINFO [0m:      	  83: { 'qtty_records': '8',
[92mINFO [0m:      	        'train_loss': '1.8872e+00',
[92mINFO [0m:      	        'train_time': '5.4904e+00'},
[92mINFO [0m:      	  84: { 'qtty_records': '10',
[92mINFO [0m:      	        'train_loss': '1.9666e+00',
[92mINFO [0m:      	        'train_time': '6.5441e+00'},
[92mINFO [0m:      	  85: { 'qtty_records': '8',
[92mINFO [0m:      	        'train_loss': '1.8634e+00',
[92mINFO [0m:      	        'train_time': '5.4870e+00'},
[92mINFO [0m:      	  86: { 'qtty_records': '10',
[92mINFO [0m:      	        'train_loss': '1.8520e+00',
[92mINFO [0m:      	        'train_time': '6.5294e+00'},
[92mINFO [0m:      	  87: { 'qtty_records': '8',
[92mINFO [0m:      	        'train_loss': '1.7934e+00',
[92mINFO [0m:      	        'train_time': '5.5138e+00'},
[92mINFO [0m:      	  88: { 'qtty_records': '10',
[92mINFO [0m:      	        'train_loss': '1.8223e+00',
[92mINFO [0m:      	        'train_time': '6.5418e+00'},
[92mINFO [0m:      	  89: { 'qtty_records': '8',
[92mINFO [0m:      	        'train_loss': '1.8503e+00',
[92mINFO [0m:      	        'train_time': '5.5153e+00'},
[92mINFO [0m:      	  90: { 'qtty_records': '10',
[92mINFO [0m:      	        'train_loss': '1.8389e+00',
[92mINFO [0m:      	        'train_time': '6.5516e+00'},
[92mINFO [0m:      	  91: { 'qtty_records': '8',
[92mINFO [0m:      	        'train_loss': '1.8454e+00',
[92mINFO [0m:      	        'train_time': '5.4859e+00'},
[92mINFO [0m:      	  92: { 'qtty_records': '10',
[92mINFO [0m:      	        'train_loss': '1.8855e+00',
[92mINFO [0m:      	        'train_time': '6.5444e+00'},
[92mINFO [0m:      	  93: { 'qtty_records': '8',
[92mINFO [0m:      	        'train_loss': '1.8139e+00',
[92mINFO [0m:      	        'train_time': '5.5056e+00'},
[92mINFO [0m:      	  94: { 'qtty_records': '10',
[92mINFO [0m:      	        'train_loss': '1.8254e+00',
[92mINFO [0m:      	        'train_time': '6.5486e+00'},
[92mINFO [0m:      	  95: { 'qtty_records': '8',
[92mINFO [0m:      	        'train_loss': '1.8327e+00',
[92mINFO [0m:      	        'train_time': '5.4837e+00'},
[92mINFO [0m:      	  96: { 'qtty_records': '10',
[92mINFO [0m:      	        'train_loss': '1.8260e+00',
[92mINFO [0m:      	        'train_time': '6.5641e+00'},
[92mINFO [0m:      	  97: { 'qtty_records': '8',
[92mINFO [0m:      	        'train_loss': '1.8234e+00',
[92mINFO [0m:      	        'train_time': '5.4893e+00'},
[92mINFO [0m:      	  98: { 'qtty_records': '10',
[92mINFO [0m:      	        'train_loss': '1.8401e+00',
[92mINFO [0m:      	        'train_time': '6.5461e+00'},
[92mINFO [0m:      	  99: { 'qtty_records': '8',
[92mINFO [0m:      	        'train_loss': '1.8229e+00',
[92mINFO [0m:      	        'train_time': '5.5011e+00'},
[92mINFO [0m:      	  100: { 'qtty_records': '10',
[92mINFO [0m:      	         'train_loss': '1.8377e+00',
[92mINFO [0m:      	         'train_time': '6.5532e+00'}}
[92mINFO [0m:      	
[92mINFO [0m:      	Aggregated ClientApp-side Evaluate Metrics:
[92mINFO [0m:      	{ 1: { 'eval_acc': '1.0360e-01',
[92mINFO [0m:      	       'eval_loss': '2.2985e+00',
[92mINFO [0m:      	       'time': '4.3659e+01'},
[92mINFO [0m:      	  2: { 'eval_acc': '1.6760e-01',
[92mINFO [0m:      	       'eval_loss': '2.1687e+00',
[92mINFO [0m:      	       'time': '5.0813e+01'},
[92mINFO [0m:      	  3: { 'eval_acc': '1.8670e-01',
[92mINFO [0m:      	       'eval_loss': '2.1230e+00',
[92mINFO [0m:      	       'time': '5.8045e+01'},
[92mINFO [0m:      	  4: { 'eval_acc': '2.3840e-01',
[92mINFO [0m:      	       'eval_loss': '2.0807e+00',
[92mINFO [0m:      	       'time': '6.5205e+01'},
[92mINFO [0m:      	  5: { 'eval_acc': '2.3160e-01',
[92mINFO [0m:      	       'eval_loss': '2.0361e+00',
[92mINFO [0m:      	       'time': '7.2335e+01'},
[92mINFO [0m:      	  6: { 'eval_acc': '2.4760e-01',
[92mINFO [0m:      	       'eval_loss': '1.9687e+00',
[92mINFO [0m:      	       'time': '7.9491e+01'},
[92mINFO [0m:      	  7: { 'eval_acc': '2.7530e-01',
[92mINFO [0m:      	       'eval_loss': '1.9714e+00',
[92mINFO [0m:      	       'time': '8.6821e+01'},
[92mINFO [0m:      	  8: { 'eval_acc': '2.7660e-01',
[92mINFO [0m:      	       'eval_loss': '1.9451e+00',
[92mINFO [0m:      	       'time': '9.3979e+01'},
[92mINFO [0m:      	  9: { 'eval_acc': '3.0730e-01',
[92mINFO [0m:      	       'eval_loss': '1.9217e+00',
[92mINFO [0m:      	       'time': '1.0111e+02'},
[92mINFO [0m:      	  10: { 'eval_acc': '3.0400e-01',
[92mINFO [0m:      	        'eval_loss': '1.9053e+00',
[92mINFO [0m:      	        'time': '1.0816e+02'},
[92mINFO [0m:      	  11: { 'eval_acc': '2.8860e-01',
[92mINFO [0m:      	        'eval_loss': '1.9029e+00',
[92mINFO [0m:      	        'time': '1.1539e+02'},
[92mINFO [0m:      	  12: { 'eval_acc': '2.9630e-01',
[92mINFO [0m:      	        'eval_loss': '1.9257e+00',
[92mINFO [0m:      	        'time': '1.2243e+02'},
[92mINFO [0m:      	  13: { 'eval_acc': '2.7220e-01',
[92mINFO [0m:      	        'eval_loss': '1.9692e+00',
[92mINFO [0m:      	        'time': '1.2958e+02'},
[92mINFO [0m:      	  14: { 'eval_acc': '2.9830e-01',
[92mINFO [0m:      	        'eval_loss': '1.8792e+00',
[92mINFO [0m:      	        'time': '1.3664e+02'},
[92mINFO [0m:      	  15: { 'eval_acc': '2.9430e-01',
[92mINFO [0m:      	        'eval_loss': '1.8943e+00',
[92mINFO [0m:      	        'time': '1.4377e+02'},
[92mINFO [0m:      	  16: { 'eval_acc': '3.1160e-01',
[92mINFO [0m:      	        'eval_loss': '1.8740e+00',
[92mINFO [0m:      	        'time': '1.5083e+02'},
[92mINFO [0m:      	  17: { 'eval_acc': '3.2130e-01',
[92mINFO [0m:      	        'eval_loss': '1.8580e+00',
[92mINFO [0m:      	        'time': '1.5806e+02'},
[92mINFO [0m:      	  18: { 'eval_acc': '3.1200e-01',
[92mINFO [0m:      	        'eval_loss': '1.8780e+00',
[92mINFO [0m:      	        'time': '1.6512e+02'},
[92mINFO [0m:      	  19: { 'eval_acc': '3.0930e-01',
[92mINFO [0m:      	        'eval_loss': '1.8696e+00',
[92mINFO [0m:      	        'time': '1.7225e+02'},
[92mINFO [0m:      	  20: { 'eval_acc': '3.2400e-01',
[92mINFO [0m:      	        'eval_loss': '1.8769e+00',
[92mINFO [0m:      	        'time': '1.7931e+02'},
[92mINFO [0m:      	  21: { 'eval_acc': '3.0650e-01',
[92mINFO [0m:      	        'eval_loss': '1.8808e+00',
[92mINFO [0m:      	        'time': '1.8654e+02'},
[92mINFO [0m:      	  22: { 'eval_acc': '3.1230e-01',
[92mINFO [0m:      	        'eval_loss': '1.8634e+00',
[92mINFO [0m:      	        'time': '1.9360e+02'},
[92mINFO [0m:      	  23: { 'eval_acc': '3.3350e-01',
[92mINFO [0m:      	        'eval_loss': '1.8586e+00',
[92mINFO [0m:      	        'time': '2.0073e+02'},
[92mINFO [0m:      	  24: { 'eval_acc': '3.2290e-01',
[92mINFO [0m:      	        'eval_loss': '1.8638e+00',
[92mINFO [0m:      	        'time': '2.0779e+02'},
[92mINFO [0m:      	  25: { 'eval_acc': '3.3440e-01',
[92mINFO [0m:      	        'eval_loss': '1.8314e+00',
[92mINFO [0m:      	        'time': '2.1502e+02'},
[92mINFO [0m:      	  26: { 'eval_acc': '3.3080e-01',
[92mINFO [0m:      	        'eval_loss': '1.8474e+00',
[92mINFO [0m:      	        'time': '2.2218e+02'},
[92mINFO [0m:      	  27: { 'eval_acc': '3.4150e-01',
[92mINFO [0m:      	        'eval_loss': '1.8509e+00',
[92mINFO [0m:      	        'time': '2.2942e+02'},
[92mINFO [0m:      	  28: { 'eval_acc': '3.3380e-01',
[92mINFO [0m:      	        'eval_loss': '1.8538e+00',
[92mINFO [0m:      	        'time': '2.3658e+02'},
[92mINFO [0m:      	  29: { 'eval_acc': '3.3840e-01',
[92mINFO [0m:      	        'eval_loss': '1.8499e+00',
[92mINFO [0m:      	        'time': '2.4371e+02'},
[92mINFO [0m:      	  30: { 'eval_acc': '3.4300e-01',
[92mINFO [0m:      	        'eval_loss': '1.8154e+00',
[92mINFO [0m:      	        'time': '2.5077e+02'},
[92mINFO [0m:      	  31: { 'eval_acc': '3.3090e-01',
[92mINFO [0m:      	        'eval_loss': '1.8269e+00',
[92mINFO [0m:      	        'time': '2.5800e+02'},
[92mINFO [0m:      	  32: { 'eval_acc': '3.2940e-01',
[92mINFO [0m:      	        'eval_loss': '1.8306e+00',
[92mINFO [0m:      	        'time': '2.6517e+02'},
[92mINFO [0m:      	  33: { 'eval_acc': '3.2410e-01',
[92mINFO [0m:      	        'eval_loss': '1.8523e+00',
[92mINFO [0m:      	        'time': '2.7230e+02'},
[92mINFO [0m:      	  34: { 'eval_acc': '3.4370e-01',
[92mINFO [0m:      	        'eval_loss': '1.8093e+00',
[92mINFO [0m:      	        'time': '2.7934e+02'},
[92mINFO [0m:      	  35: { 'eval_acc': '3.4280e-01',
[92mINFO [0m:      	        'eval_loss': '1.8113e+00',
[92mINFO [0m:      	        'time': '2.8647e+02'},
[92mINFO [0m:      	  36: { 'eval_acc': '3.3120e-01',
[92mINFO [0m:      	        'eval_loss': '1.8201e+00',
[92mINFO [0m:      	        'time': '2.9350e+02'},
[92mINFO [0m:      	  37: { 'eval_acc': '3.4030e-01',
[92mINFO [0m:      	        'eval_loss': '1.8070e+00',
[92mINFO [0m:      	        'time': '3.0063e+02'},
[92mINFO [0m:      	  38: { 'eval_acc': '3.3770e-01',
[92mINFO [0m:      	        'eval_loss': '1.7949e+00',
[92mINFO [0m:      	        'time': '3.0779e+02'},
[92mINFO [0m:      	  39: { 'eval_acc': '3.3970e-01',
[92mINFO [0m:      	        'eval_loss': '1.8172e+00',
[92mINFO [0m:      	        'time': '3.1503e+02'},
[92mINFO [0m:      	  40: { 'eval_acc': '3.5750e-01',
[92mINFO [0m:      	        'eval_loss': '1.8099e+00',
[92mINFO [0m:      	        'time': '3.2207e+02'},
[92mINFO [0m:      	  41: { 'eval_acc': '3.3590e-01',
[92mINFO [0m:      	        'eval_loss': '1.8330e+00',
[92mINFO [0m:      	        'time': '3.2920e+02'},
[92mINFO [0m:      	  42: { 'eval_acc': '3.4590e-01',
[92mINFO [0m:      	        'eval_loss': '1.8103e+00',
[92mINFO [0m:      	        'time': '3.3626e+02'},
[92mINFO [0m:      	  43: { 'eval_acc': '3.3910e-01',
[92mINFO [0m:      	        'eval_loss': '1.8133e+00',
[92mINFO [0m:      	        'time': '3.4350e+02'},
[92mINFO [0m:      	  44: { 'eval_acc': '3.3440e-01',
[92mINFO [0m:      	        'eval_loss': '1.8321e+00',
[92mINFO [0m:      	        'time': '3.5056e+02'},
[92mINFO [0m:      	  45: { 'eval_acc': '3.4610e-01',
[92mINFO [0m:      	        'eval_loss': '1.8034e+00',
[92mINFO [0m:      	        'time': '3.5771e+02'},
[92mINFO [0m:      	  46: { 'eval_acc': '3.5270e-01',
[92mINFO [0m:      	        'eval_loss': '1.8113e+00',
[92mINFO [0m:      	        'time': '3.6488e+02'},
[92mINFO [0m:      	  47: { 'eval_acc': '3.3830e-01',
[92mINFO [0m:      	        'eval_loss': '1.8453e+00',
[92mINFO [0m:      	        'time': '3.7201e+02'},
[92mINFO [0m:      	  48: { 'eval_acc': '3.4840e-01',
[92mINFO [0m:      	        'eval_loss': '1.8014e+00',
[92mINFO [0m:      	        'time': '3.7917e+02'},
[92mINFO [0m:      	  49: { 'eval_acc': '3.4020e-01',
[92mINFO [0m:      	        'eval_loss': '1.8315e+00',
[92mINFO [0m:      	        'time': '3.8629e+02'},
[92mINFO [0m:      	  50: { 'eval_acc': '3.4890e-01',
[92mINFO [0m:      	        'eval_loss': '1.8037e+00',
[92mINFO [0m:      	        'time': '3.9346e+02'},
[92mINFO [0m:      	  51: { 'eval_acc': '3.3520e-01',
[92mINFO [0m:      	        'eval_loss': '1.8266e+00',
[92mINFO [0m:      	        'time': '4.0059e+02'},
[92mINFO [0m:      	  52: { 'eval_acc': '3.4390e-01',
[92mINFO [0m:      	        'eval_loss': '1.8181e+00',
[92mINFO [0m:      	        'time': '4.0775e+02'},
[92mINFO [0m:      	  53: { 'eval_acc': '3.6160e-01',
[92mINFO [0m:      	        'eval_loss': '1.8201e+00',
[92mINFO [0m:      	        'time': '4.1488e+02'},
[92mINFO [0m:      	  54: { 'eval_acc': '3.5780e-01',
[92mINFO [0m:      	        'eval_loss': '1.7713e+00',
[92mINFO [0m:      	        'time': '4.2204e+02'},
[92mINFO [0m:      	  55: { 'eval_acc': '3.3530e-01',
[92mINFO [0m:      	        'eval_loss': '1.8150e+00',
[92mINFO [0m:      	        'time': '4.2918e+02'},
[92mINFO [0m:      	  56: { 'eval_acc': '3.5150e-01',
[92mINFO [0m:      	        'eval_loss': '1.7933e+00',
[92mINFO [0m:      	        'time': '4.3634e+02'},
[92mINFO [0m:      	  57: { 'eval_acc': '3.5070e-01',
[92mINFO [0m:      	        'eval_loss': '1.7946e+00',
[92mINFO [0m:      	        'time': '4.4347e+02'},
[92mINFO [0m:      	  58: { 'eval_acc': '3.3540e-01',
[92mINFO [0m:      	        'eval_loss': '1.8162e+00',
[92mINFO [0m:      	        'time': '4.5063e+02'},
[92mINFO [0m:      	  59: { 'eval_acc': '3.6010e-01',
[92mINFO [0m:      	        'eval_loss': '1.7745e+00',
[92mINFO [0m:      	        'time': '4.5777e+02'},
[92mINFO [0m:      	  60: { 'eval_acc': '3.5550e-01',
[92mINFO [0m:      	        'eval_loss': '1.8058e+00',
[92mINFO [0m:      	        'time': '4.6483e+02'},
[92mINFO [0m:      	  61: { 'eval_acc': '3.4540e-01',
[92mINFO [0m:      	        'eval_loss': '1.8021e+00',
[92mINFO [0m:      	        'time': '4.7196e+02'},
[92mINFO [0m:      	  62: { 'eval_acc': '3.4490e-01',
[92mINFO [0m:      	        'eval_loss': '1.7957e+00',
[92mINFO [0m:      	        'time': '4.7909e+02'},
[92mINFO [0m:      	  63: { 'eval_acc': '3.4940e-01',
[92mINFO [0m:      	        'eval_loss': '1.8030e+00',
[92mINFO [0m:      	        'time': '4.8623e+02'},
[92mINFO [0m:      	  64: { 'eval_acc': '3.4520e-01',
[92mINFO [0m:      	        'eval_loss': '1.8128e+00',
[92mINFO [0m:      	        'time': '4.9329e+02'},
[92mINFO [0m:      	  65: { 'eval_acc': '3.5230e-01',
[92mINFO [0m:      	        'eval_loss': '1.7928e+00',
[92mINFO [0m:      	        'time': '5.0053e+02'},
[92mINFO [0m:      	  66: { 'eval_acc': '3.4060e-01',
[92mINFO [0m:      	        'eval_loss': '1.8316e+00',
[92mINFO [0m:      	        'time': '5.0759e+02'},
[92mINFO [0m:      	  67: { 'eval_acc': '3.5180e-01',
[92mINFO [0m:      	        'eval_loss': '1.8061e+00',
[92mINFO [0m:      	        'time': '5.1482e+02'},
[92mINFO [0m:      	  68: { 'eval_acc': '3.4260e-01',
[92mINFO [0m:      	        'eval_loss': '1.8313e+00',
[92mINFO [0m:      	        'time': '5.2187e+02'},
[92mINFO [0m:      	  69: { 'eval_acc': '3.2610e-01',
[92mINFO [0m:      	        'eval_loss': '1.8220e+00',
[92mINFO [0m:      	        'time': '5.2900e+02'},
[92mINFO [0m:      	  70: { 'eval_acc': '3.2980e-01',
[92mINFO [0m:      	        'eval_loss': '1.8484e+00',
[92mINFO [0m:      	        'time': '5.3614e+02'},
[92mINFO [0m:      	  71: { 'eval_acc': '3.5300e-01',
[92mINFO [0m:      	        'eval_loss': '1.7769e+00',
[92mINFO [0m:      	        'time': '5.4337e+02'},
[92mINFO [0m:      	  72: { 'eval_acc': '3.5370e-01',
[92mINFO [0m:      	        'eval_loss': '1.8150e+00',
[92mINFO [0m:      	        'time': '5.5043e+02'},
[92mINFO [0m:      	  73: { 'eval_acc': '3.4320e-01',
[92mINFO [0m:      	        'eval_loss': '1.8263e+00',
[92mINFO [0m:      	        'time': '5.5766e+02'},
[92mINFO [0m:      	  74: { 'eval_acc': '3.5340e-01',
[92mINFO [0m:      	        'eval_loss': '1.8080e+00',
[92mINFO [0m:      	        'time': '5.6472e+02'},
[92mINFO [0m:      	  75: { 'eval_acc': '3.6690e-01',
[92mINFO [0m:      	        'eval_loss': '1.7834e+00',
[92mINFO [0m:      	        'time': '5.7185e+02'},
[92mINFO [0m:      	  76: { 'eval_acc': '3.4270e-01',
[92mINFO [0m:      	        'eval_loss': '1.8336e+00',
[92mINFO [0m:      	        'time': '5.7903e+02'},
[92mINFO [0m:      	  77: { 'eval_acc': '3.4830e-01',
[92mINFO [0m:      	        'eval_loss': '1.8198e+00',
[92mINFO [0m:      	        'time': '5.8616e+02'},
[92mINFO [0m:      	  78: { 'eval_acc': '3.4140e-01',
[92mINFO [0m:      	        'eval_loss': '1.8369e+00',
[92mINFO [0m:      	        'time': '5.9332e+02'},
[92mINFO [0m:      	  79: { 'eval_acc': '3.4690e-01',
[92mINFO [0m:      	        'eval_loss': '1.7998e+00',
[92mINFO [0m:      	        'time': '6.0045e+02'},
[92mINFO [0m:      	  80: { 'eval_acc': '3.3830e-01',
[92mINFO [0m:      	        'eval_loss': '1.8031e+00',
[92mINFO [0m:      	        'time': '6.0761e+02'},
[92mINFO [0m:      	  81: { 'eval_acc': '3.4780e-01',
[92mINFO [0m:      	        'eval_loss': '1.8010e+00',
[92mINFO [0m:      	        'time': '6.1475e+02'},
[92mINFO [0m:      	  82: { 'eval_acc': '3.4330e-01',
[92mINFO [0m:      	        'eval_loss': '1.8070e+00',
[92mINFO [0m:      	        'time': '6.2191e+02'},
[92mINFO [0m:      	  83: { 'eval_acc': '3.1480e-01',
[92mINFO [0m:      	        'eval_loss': '1.9658e+00',
[92mINFO [0m:      	        'time': '6.2904e+02'},
[92mINFO [0m:      	  84: { 'eval_acc': '3.1690e-01',
[92mINFO [0m:      	        'eval_loss': '1.8963e+00',
[92mINFO [0m:      	        'time': '6.3620e+02'},
[92mINFO [0m:      	  85: { 'eval_acc': '2.8700e-01',
[92mINFO [0m:      	        'eval_loss': '1.9360e+00',
[92mINFO [0m:      	        'time': '6.4333e+02'},
[92mINFO [0m:      	  86: { 'eval_acc': '3.5880e-01',
[92mINFO [0m:      	        'eval_loss': '1.7947e+00',
[92mINFO [0m:      	        'time': '6.5039e+02'},
[92mINFO [0m:      	  87: { 'eval_acc': '3.5720e-01',
[92mINFO [0m:      	        'eval_loss': '1.7842e+00',
[92mINFO [0m:      	        'time': '6.5763e+02'},
[92mINFO [0m:      	  88: { 'eval_acc': '3.4640e-01',
[92mINFO [0m:      	        'eval_loss': '1.8118e+00',
[92mINFO [0m:      	        'time': '6.6468e+02'},
[92mINFO [0m:      	  89: { 'eval_acc': '3.3990e-01',
[92mINFO [0m:      	        'eval_loss': '1.8442e+00',
[92mINFO [0m:      	        'time': '6.7181e+02'},
[92mINFO [0m:      	  90: { 'eval_acc': '3.3310e-01',
[92mINFO [0m:      	        'eval_loss': '1.8307e+00',
[92mINFO [0m:      	        'time': '6.7887e+02'},
[92mINFO [0m:      	  91: { 'eval_acc': '3.3880e-01',
[92mINFO [0m:      	        'eval_loss': '1.8734e+00',
[92mINFO [0m:      	        'time': '6.8600e+02'},
[92mINFO [0m:      	  92: { 'eval_acc': '3.3780e-01',
[92mINFO [0m:      	        'eval_loss': '1.8289e+00',
[92mINFO [0m:      	        'time': '6.9307e+02'},
[92mINFO [0m:      	  93: { 'eval_acc': '3.4850e-01',
[92mINFO [0m:      	        'eval_loss': '1.8157e+00',
[92mINFO [0m:      	        'time': '7.0020e+02'},
[92mINFO [0m:      	  94: { 'eval_acc': '3.5100e-01',
[92mINFO [0m:      	        'eval_loss': '1.7984e+00',
[92mINFO [0m:      	        'time': '7.0736e+02'},
[92mINFO [0m:      	  95: { 'eval_acc': '3.3950e-01',
[92mINFO [0m:      	        'eval_loss': '1.8020e+00',
[92mINFO [0m:      	        'time': '7.1450e+02'},
[92mINFO [0m:      	  96: { 'eval_acc': '3.4700e-01',
[92mINFO [0m:      	        'eval_loss': '1.8057e+00',
[92mINFO [0m:      	        'time': '7.2166e+02'},
[92mINFO [0m:      	  97: { 'eval_acc': '3.3590e-01',
[92mINFO [0m:      	        'eval_loss': '1.8326e+00',
[92mINFO [0m:      	        'time': '7.2879e+02'},
[92mINFO [0m:      	  98: { 'eval_acc': '3.4020e-01',
[92mINFO [0m:      	        'eval_loss': '1.8126e+00',
[92mINFO [0m:      	        'time': '7.3595e+02'},
[92mINFO [0m:      	  99: { 'eval_acc': '3.4870e-01',
[92mINFO [0m:      	        'eval_loss': '1.7896e+00',
[92mINFO [0m:      	        'time': '7.4308e+02'},
[92mINFO [0m:      	  100: { 'eval_acc': '3.6260e-01',
[92mINFO [0m:      	         'eval_loss': '1.8018e+00',
[92mINFO [0m:      	         'time': '7.5022e+02'}}
[92mINFO [0m:      	
[92mINFO [0m:      	ServerApp-side Evaluate Metrics:
[92mINFO [0m:      	{}
[92mINFO [0m:      
[92mINFO [0m:      CSV saved: results/cifar10/1/FedSaSync_fs2_m6.csv
[36m(ClientAppActor pid=1880236)[0m [2026-05-20 03:03:51,460 E 1880236 1881128] core_worker_process.cc:825: Failed to establish connection to the metrics exporter agent. Metrics will not be exported. Exporter agent status: RpcError: Running out of retries to initialize the metrics agent. rpc_code: 14[32m [repeated 15x across cluster][0m
[92mINFO [0m:      
