fs=2 m=6 i=2
Starting local SuperLink on 127.0.0.1:39093...
⚠️ Warning: `options.` fields in the SuperLink connection configuration are deprecated. Use `--federation-config` with `flwr run` instead. Alternatively, permanently set your simulation configuration via `flwr federation simulation-config`.
🎊 Successfully started run 4973979888484710731
[92mINFO [0m:      Starting Flower Simulation
Successfully installed fedsasync to /tmp/Victor-Hidalgo-1436506-101-0/.flwr/apps/flwrlabs.fedsasync.1.0.0.f4a93b94.
[92mINFO [0m:      Starting FedSaSync strategy:
[92mINFO [0m:      	├── Number of rounds: 100
[92mINFO [0m:      	├── ArrayRecord (0.24 MB)
[92mINFO [0m:      	├── ConfigRecord (train): (empty!)
[92mINFO [0m:      	├── ConfigRecord (evaluate): (empty!)
[92mINFO [0m:      	├──> Sampling:
[92mINFO [0m:      	│	├──Fraction: train (1.00) | evaluate ( 1.00)
[92mINFO [0m:      	│	├──Minimum nodes: train (2) | evaluate (2)
[92mINFO [0m:      	│	└──Minimum available nodes: 2
[92mINFO [0m:      	└──> Keys in records:
[92mINFO [0m:      		├── Weighted by: 'num-examples'
[92mINFO [0m:      		├── ArrayRecord key: 'arrays'
[92mINFO [0m:      		└── ConfigRecord key: 'config'
[92mINFO [0m:      
[92mINFO [0m:      
[92mINFO [0m:      [ROUND 1/100]
[92mINFO [0m:      configure_train: Sampled 10 nodes (out of 10)
/home/Victor.Hidalgo/.pyenv/versions/3.12.12/envs/fedsasync/lib/python3.12/site-packages/ray/_private/worker.py:2051: FutureWarning: Tip: In future versions of Ray, Ray will no longer override accelerator visible devices env var if num_gpus=0 or num_gpus=None (default). To enable this behavior and turn off this error message, set RAY_ACCEL_ENV_VAR_OVERRIDE_ON_ZERO=0
  warnings.warn(
[36m(ClientAppActor pid=1787423)[0m Warning: You are sending unauthenticated requests to the HF Hub. Please set a HF_TOKEN to enable higher rate limits and faster downloads.
[92mINFO [0m:      aggregate_train: Received 8 results and 0 failures
[92mINFO [0m:      	└──> Aggregated MetricRecord: {'train_loss': 2.2285099185705186, 'train_time': 7.477432222804055, 'qtty_records': 8}
[92mINFO [0m:      configure_evaluate: Sampled 10 nodes (out of 10)
[36m(pid=gcs_server)[0m [2026-05-20 03:03:49,035 E 1786100 1786100] (gcs_server) gcs_server.cc:302: Failed to establish connection to the event+metrics exporter agent. Events and metrics will not be exported. Exporter agent status: RpcError: Running out of retries to initialize the metrics agent. rpc_code: 14
[36m(ClientAppActor pid=1787432)[0m Warning: You are sending unauthenticated requests to the HF Hub. Please set a HF_TOKEN to enable higher rate limits and faster downloads.[32m [repeated 9x across cluster] (Ray deduplicates logs by default. Set RAY_DEDUP_LOGS=0 to disable log deduplication, or see https://docs.ray.io/en/master/ray-observability/user-guides/configure-logging.html#log-deduplication for more options.)[0m
[33m(raylet)[0m [2026-05-20 03:03:51,801 E 1786376 1786376] (raylet) main.cc:975: Failed to establish connection to the metrics exporter agent. Metrics will not be exported. Exporter agent status: RpcError: Running out of retries to initialize the metrics agent. rpc_code: 14
[92mINFO [0m:      aggregate_evaluate: Received 10 results and 0 failures
[92mINFO [0m:      	└──> Aggregated MetricRecord: {'eval_loss': 2.344553074985743, 'eval_acc': 0.10040000000000002, 'time': 44.83519768714905}
[92mINFO [0m:      
[92mINFO [0m:      [ROUND 2/100]
[92mINFO [0m:      configure_train: Sampled 8 nodes (out of 10)
[36m(ClientAppActor pid=1787395)[0m [2026-05-20 03:03:55,803 E 1787395 1787591] core_worker_process.cc:825: Failed to establish connection to the metrics exporter agent. Metrics will not be exported. Exporter agent status: RpcError: Running out of retries to initialize the metrics agent. rpc_code: 14
[36m(ClientAppActor pid=1787422)[0m Warning: You are sending unauthenticated requests to the HF Hub. Please set a HF_TOKEN to enable higher rate limits and faster downloads.[32m [repeated 2x across cluster][0m
[92mINFO [0m:      aggregate_train: Received 10 results and 0 failures
[92mINFO [0m:      	└──> Aggregated MetricRecord: {'train_loss': 2.1566707332611084, 'train_time': 6.839471313171089, 'qtty_records': 10}
[92mINFO [0m:      configure_evaluate: Sampled 10 nodes (out of 10)
[92mINFO [0m:      aggregate_evaluate: Received 10 results and 0 failures
[92mINFO [0m:      	└──> Aggregated MetricRecord: {'eval_loss': 2.1886204838752747, 'eval_acc': 0.18070000000000003, 'time': 51.88143992424011}
[92mINFO [0m:      
[92mINFO [0m:      [ROUND 3/100]
[92mINFO [0m:      configure_train: Sampled 10 nodes (out of 10)
[92mINFO [0m:      aggregate_train: Received 8 results and 0 failures
[92mINFO [0m:      	└──> Aggregated MetricRecord: {'train_loss': 2.079304212331772, 'train_time': 5.416197245474905, 'qtty_records': 8}
[92mINFO [0m:      configure_evaluate: Sampled 10 nodes (out of 10)
[92mINFO [0m:      aggregate_evaluate: Received 10 results and 0 failures
[92mINFO [0m:      	└──> Aggregated MetricRecord: {'eval_loss': 2.1166548095643525, 'eval_acc': 0.20770000000000002, 'time': 59.01277470588684}
[92mINFO [0m:      
[92mINFO [0m:      [ROUND 4/100]
[92mINFO [0m:      configure_train: Sampled 8 nodes (out of 10)
[92mINFO [0m:      aggregate_train: Received 10 results and 0 failures
[92mINFO [0m:      	└──> Aggregated MetricRecord: {'train_loss': 2.059463391017914, 'train_time': 6.468041981197894, 'qtty_records': 10}
[92mINFO [0m:      configure_evaluate: Sampled 10 nodes (out of 10)
[92mINFO [0m:      aggregate_evaluate: Received 10 results and 0 failures
[92mINFO [0m:      	└──> Aggregated MetricRecord: {'eval_loss': 2.07189645729959, 'eval_acc': 0.2209, 'time': 66.04761910438538}
[92mINFO [0m:      
[92mINFO [0m:      [ROUND 5/100]
[92mINFO [0m:      configure_train: Sampled 10 nodes (out of 10)
[92mINFO [0m:      aggregate_train: Received 8 results and 0 failures
[92mINFO [0m:      	└──> Aggregated MetricRecord: {'train_loss': 2.0353108249902725, 'train_time': 5.435135368257761, 'qtty_records': 8}
[92mINFO [0m:      configure_evaluate: Sampled 10 nodes (out of 10)
[92mINFO [0m:      aggregate_evaluate: Received 10 results and 0 failures
[92mINFO [0m:      	└──> Aggregated MetricRecord: {'eval_loss': 2.066370414197445, 'eval_acc': 0.22780000000000003, 'time': 73.17883372306824}
[92mINFO [0m:      
[92mINFO [0m:      [ROUND 6/100]
[92mINFO [0m:      configure_train: Sampled 8 nodes (out of 10)
[92mINFO [0m:      aggregate_train: Received 10 results and 0 failures
[92mINFO [0m:      	└──> Aggregated MetricRecord: {'train_loss': 2.0219347188949586, 'train_time': 6.459088175557554, 'qtty_records': 10}
[92mINFO [0m:      configure_evaluate: Sampled 10 nodes (out of 10)
[92mINFO [0m:      aggregate_evaluate: Received 10 results and 0 failures
[92mINFO [0m:      	└──> Aggregated MetricRecord: {'eval_loss': 2.0586590953171253, 'eval_acc': 0.2513, 'time': 80.23607635498047}
[92mINFO [0m:      
[92mINFO [0m:      [ROUND 7/100]
[92mINFO [0m:      configure_train: Sampled 10 nodes (out of 10)
[92mINFO [0m:      aggregate_train: Received 8 results and 0 failures
[92mINFO [0m:      	└──> Aggregated MetricRecord: {'train_loss': 1.9996808656454086, 'train_time': 5.408283544704318, 'qtty_records': 8}
[92mINFO [0m:      configure_evaluate: Sampled 10 nodes (out of 10)
[92mINFO [0m:      aggregate_evaluate: Received 10 results and 0 failures
[92mINFO [0m:      	└──> Aggregated MetricRecord: {'eval_loss': 2.0323081299662595, 'eval_acc': 0.2824, 'time': 87.36632776260376}
[92mINFO [0m:      
[92mINFO [0m:      [ROUND 8/100]
[92mINFO [0m:      configure_train: Sampled 8 nodes (out of 10)
[92mINFO [0m:      aggregate_train: Received 10 results and 0 failures
[92mINFO [0m:      	└──> Aggregated MetricRecord: {'train_loss': 1.97507065820694, 'train_time': 6.461775804683566, 'qtty_records': 10}
[92mINFO [0m:      configure_evaluate: Sampled 10 nodes (out of 10)
[92mINFO [0m:      aggregate_evaluate: Received 10 results and 0 failures
[92mINFO [0m:      	└──> Aggregated MetricRecord: {'eval_loss': 1.9904095962643624, 'eval_acc': 0.2532, 'time': 94.42414879798889}
[92mINFO [0m:      
[92mINFO [0m:      [ROUND 9/100]
[92mINFO [0m:      configure_train: Sampled 10 nodes (out of 10)
[92mINFO [0m:      aggregate_train: Received 8 results and 0 failures
[92mINFO [0m:      	└──> Aggregated MetricRecord: {'train_loss': 1.9419354524612427, 'train_time': 5.401657894719392, 'qtty_records': 8}
[92mINFO [0m:      configure_evaluate: Sampled 10 nodes (out of 10)
[92mINFO [0m:      aggregate_evaluate: Received 10 results and 0 failures
[92mINFO [0m:      	└──> Aggregated MetricRecord: {'eval_loss': 1.9558883905410769, 'eval_acc': 0.24650000000000002, 'time': 101.55505633354187}
[92mINFO [0m:      
[92mINFO [0m:      [ROUND 10/100]
[92mINFO [0m:      configure_train: Sampled 8 nodes (out of 10)
[92mINFO [0m:      aggregate_train: Received 10 results and 0 failures
[92mINFO [0m:      	└──> Aggregated MetricRecord: {'train_loss': 1.9532333754539488, 'train_time': 6.439796138182283, 'qtty_records': 10}
[92mINFO [0m:      configure_evaluate: Sampled 10 nodes (out of 10)
[92mINFO [0m:      aggregate_evaluate: Received 10 results and 0 failures
[92mINFO [0m:      	└──> Aggregated MetricRecord: {'eval_loss': 1.988589123636484, 'eval_acc': 0.258, 'time': 108.61466884613037}
[92mINFO [0m:      
[92mINFO [0m:      [ROUND 11/100]
[92mINFO [0m:      configure_train: Sampled 10 nodes (out of 10)
[92mINFO [0m:      aggregate_train: Received 8 results and 0 failures
[92mINFO [0m:      	└──> Aggregated MetricRecord: {'train_loss': 1.9376801136732102, 'train_time': 5.406385295558721, 'qtty_records': 8}
[92mINFO [0m:      configure_evaluate: Sampled 10 nodes (out of 10)
[92mINFO [0m:      aggregate_evaluate: Received 10 results and 0 failures
[92mINFO [0m:      	└──> Aggregated MetricRecord: {'eval_loss': 1.902712842077017, 'eval_acc': 0.29769999999999996, 'time': 115.74541282653809}
[92mINFO [0m:      
[92mINFO [0m:      [ROUND 12/100]
[92mINFO [0m:      configure_train: Sampled 8 nodes (out of 10)
[92mINFO [0m:      aggregate_train: Received 10 results and 0 failures
[92mINFO [0m:      	└──> Aggregated MetricRecord: {'train_loss': 1.9301217599868776, 'train_time': 6.433088215626777, 'qtty_records': 10}
[92mINFO [0m:      configure_evaluate: Sampled 10 nodes (out of 10)
[92mINFO [0m:      aggregate_evaluate: Received 10 results and 0 failures
[92mINFO [0m:      	└──> Aggregated MetricRecord: {'eval_loss': 1.9104802187532188, 'eval_acc': 0.28769999999999996, 'time': 122.80715584754944}
[92mINFO [0m:      
[92mINFO [0m:      [ROUND 13/100]
[92mINFO [0m:      configure_train: Sampled 10 nodes (out of 10)
[92mINFO [0m:      aggregate_train: Received 8 results and 0 failures
[92mINFO [0m:      	└──> Aggregated MetricRecord: {'train_loss': 1.919836667776108, 'train_time': 5.422356845345348, 'qtty_records': 8}
[92mINFO [0m:      configure_evaluate: Sampled 10 nodes (out of 10)
[92mINFO [0m:      aggregate_evaluate: Received 10 results and 0 failures
[92mINFO [0m:      	└──> Aggregated MetricRecord: {'eval_loss': 1.8854708194732668, 'eval_acc': 0.29910000000000003, 'time': 129.93729758262634}
[92mINFO [0m:      
[92mINFO [0m:      [ROUND 14/100]
[92mINFO [0m:      configure_train: Sampled 8 nodes (out of 10)
[92mINFO [0m:      aggregate_train: Received 10 results and 0 failures
[92mINFO [0m:      	└──> Aggregated MetricRecord: {'train_loss': 1.921742032337189, 'train_time': 6.464482072181999, 'qtty_records': 10}
[92mINFO [0m:      configure_evaluate: Sampled 10 nodes (out of 10)
[92mINFO [0m:      aggregate_evaluate: Received 10 results and 0 failures
[92mINFO [0m:      	└──> Aggregated MetricRecord: {'eval_loss': 1.9410183019936085, 'eval_acc': 0.267, 'time': 137.09887170791626}
[92mINFO [0m:      
[92mINFO [0m:      [ROUND 15/100]
[92mINFO [0m:      configure_train: Sampled 10 nodes (out of 10)
[92mINFO [0m:      aggregate_train: Received 8 results and 0 failures
[92mINFO [0m:      	└──> Aggregated MetricRecord: {'train_loss': 1.9008071863651277, 'train_time': 5.427403582958505, 'qtty_records': 8}
[92mINFO [0m:      configure_evaluate: Sampled 10 nodes (out of 10)
[92mINFO [0m:      aggregate_evaluate: Received 10 results and 0 failures
[92mINFO [0m:      	└──> Aggregated MetricRecord: {'eval_loss': 1.8819365218281745, 'eval_acc': 0.3021000000000001, 'time': 144.22857785224915}
[92mINFO [0m:      
[92mINFO [0m:      [ROUND 16/100]
[92mINFO [0m:      configure_train: Sampled 8 nodes (out of 10)
[92mINFO [0m:      aggregate_train: Received 10 results and 0 failures
[92mINFO [0m:      	└──> Aggregated MetricRecord: {'train_loss': 1.88667791595459, 'train_time': 6.462207208573818, 'qtty_records': 10}
[92mINFO [0m:      configure_evaluate: Sampled 10 nodes (out of 10)
[92mINFO [0m:      aggregate_evaluate: Received 10 results and 0 failures
[92mINFO [0m:      	└──> Aggregated MetricRecord: {'eval_loss': 1.8480063144117596, 'eval_acc': 0.3256, 'time': 151.39439272880554}
[92mINFO [0m:      
[92mINFO [0m:      [ROUND 17/100]
[92mINFO [0m:      configure_train: Sampled 10 nodes (out of 10)
[92mINFO [0m:      aggregate_train: Received 8 results and 0 failures
[92mINFO [0m:      	└──> Aggregated MetricRecord: {'train_loss': 1.8824998563528061, 'train_time': 5.4226264781318605, 'qtty_records': 8}
[92mINFO [0m:      configure_evaluate: Sampled 10 nodes (out of 10)
[92mINFO [0m:      aggregate_evaluate: Received 10 results and 0 failures
[92mINFO [0m:      	└──> Aggregated MetricRecord: {'eval_loss': 1.8655648592859506, 'eval_acc': 0.3003, 'time': 158.42384934425354}
[92mINFO [0m:      
[92mINFO [0m:      [ROUND 18/100]
[92mINFO [0m:      configure_train: Sampled 8 nodes (out of 10)
[92mINFO [0m:      aggregate_train: Received 10 results and 0 failures
[92mINFO [0m:      	└──> Aggregated MetricRecord: {'train_loss': 1.8967727774620058, 'train_time': 6.45600694976747, 'qtty_records': 10}
[92mINFO [0m:      configure_evaluate: Sampled 10 nodes (out of 10)
[92mINFO [0m:      aggregate_evaluate: Received 10 results and 0 failures
[92mINFO [0m:      	└──> Aggregated MetricRecord: {'eval_loss': 1.909509837254882, 'eval_acc': 0.29680000000000006, 'time': 165.4871153831482}
[92mINFO [0m:      
[92mINFO [0m:      [ROUND 19/100]
[92mINFO [0m:      configure_train: Sampled 10 nodes (out of 10)
[92mINFO [0m:      aggregate_train: Received 8 results and 0 failures
[92mINFO [0m:      	└──> Aggregated MetricRecord: {'train_loss': 1.8724041064977646, 'train_time': 5.42706637410447, 'qtty_records': 8}
[92mINFO [0m:      configure_evaluate: Sampled 10 nodes (out of 10)
[92mINFO [0m:      aggregate_evaluate: Received 10 results and 0 failures
[92mINFO [0m:      	└──> Aggregated MetricRecord: {'eval_loss': 1.8292657330632212, 'eval_acc': 0.32589999999999997, 'time': 172.51717066764832}
[92mINFO [0m:      
[92mINFO [0m:      [ROUND 20/100]
[92mINFO [0m:      configure_train: Sampled 8 nodes (out of 10)
[92mINFO [0m:      aggregate_train: Received 10 results and 0 failures
[92mINFO [0m:      	└──> Aggregated MetricRecord: {'train_loss': 1.8604967843055726, 'train_time': 6.463486716523766, 'qtty_records': 10}
[92mINFO [0m:      configure_evaluate: Sampled 10 nodes (out of 10)
[92mINFO [0m:      aggregate_evaluate: Received 10 results and 0 failures
[92mINFO [0m:      	└──> Aggregated MetricRecord: {'eval_loss': 1.8615470726042986, 'eval_acc': 0.3032000000000001, 'time': 179.57765889167786}
[92mINFO [0m:      
[92mINFO [0m:      [ROUND 21/100]
[92mINFO [0m:      configure_train: Sampled 10 nodes (out of 10)
[92mINFO [0m:      aggregate_train: Received 8 results and 0 failures
[92mINFO [0m:      	└──> Aggregated MetricRecord: {'train_loss': 1.861047551393509, 'train_time': 5.401203550864011, 'qtty_records': 8}
[92mINFO [0m:      configure_evaluate: Sampled 10 nodes (out of 10)
[92mINFO [0m:      aggregate_evaluate: Received 10 results and 0 failures
[92mINFO [0m:      	└──> Aggregated MetricRecord: {'eval_loss': 1.8737278953194616, 'eval_acc': 0.3036, 'time': 186.60783505439758}
[92mINFO [0m:      
[92mINFO [0m:      [ROUND 22/100]
[92mINFO [0m:      configure_train: Sampled 8 nodes (out of 10)
[92mINFO [0m:      aggregate_train: Received 10 results and 0 failures
[92mINFO [0m:      	└──> Aggregated MetricRecord: {'train_loss': 1.8672032996177677, 'train_time': 6.436579982191324, 'qtty_records': 10}
[92mINFO [0m:      configure_evaluate: Sampled 10 nodes (out of 10)
[92mINFO [0m:      aggregate_evaluate: Received 10 results and 0 failures
[92mINFO [0m:      	└──> Aggregated MetricRecord: {'eval_loss': 1.8604340557008985, 'eval_acc': 0.3146, 'time': 193.66871666908264}
[92mINFO [0m:      
[92mINFO [0m:      [ROUND 23/100]
[92mINFO [0m:      configure_train: Sampled 10 nodes (out of 10)
[92mINFO [0m:      aggregate_train: Received 8 results and 0 failures
[92mINFO [0m:      	└──> Aggregated MetricRecord: {'train_loss': 1.8675981997251512, 'train_time': 5.424498777836561, 'qtty_records': 8}
[92mINFO [0m:      configure_evaluate: Sampled 10 nodes (out of 10)
[92mINFO [0m:      aggregate_evaluate: Received 10 results and 0 failures
[92mINFO [0m:      	└──> Aggregated MetricRecord: {'eval_loss': 1.8750862672924997, 'eval_acc': 0.33260000000000006, 'time': 200.69995617866516}
[92mINFO [0m:      
[92mINFO [0m:      [ROUND 24/100]
[92mINFO [0m:      configure_train: Sampled 8 nodes (out of 10)
[92mINFO [0m:      aggregate_train: Received 10 results and 0 failures
[92mINFO [0m:      	└──> Aggregated MetricRecord: {'train_loss': 1.8650429116249085, 'train_time': 6.460401421040297, 'qtty_records': 10}
[92mINFO [0m:      configure_evaluate: Sampled 10 nodes (out of 10)
[92mINFO [0m:      aggregate_evaluate: Received 10 results and 0 failures
[92mINFO [0m:      	└──> Aggregated MetricRecord: {'eval_loss': 1.852690239623189, 'eval_acc': 0.3287, 'time': 207.85295844078064}
[92mINFO [0m:      
[92mINFO [0m:      [ROUND 25/100]
[92mINFO [0m:      configure_train: Sampled 10 nodes (out of 10)
[92mINFO [0m:      aggregate_train: Received 8 results and 0 failures
[92mINFO [0m:      	└──> Aggregated MetricRecord: {'train_loss': 1.8955882164239886, 'train_time': 5.429056063527241, 'qtty_records': 8}
[92mINFO [0m:      configure_evaluate: Sampled 10 nodes (out of 10)
[92mINFO [0m:      aggregate_evaluate: Received 10 results and 0 failures
[92mINFO [0m:      	└──> Aggregated MetricRecord: {'eval_loss': 1.8681157577782872, 'eval_acc': 0.33470000000000005, 'time': 214.88377046585083}
[92mINFO [0m:      
[92mINFO [0m:      [ROUND 26/100]
[92mINFO [0m:      configure_train: Sampled 8 nodes (out of 10)
[92mINFO [0m:      aggregate_train: Received 10 results and 0 failures
[92mINFO [0m:      	└──> Aggregated MetricRecord: {'train_loss': 1.864290783596039, 'train_time': 6.464628158695996, 'qtty_records': 10}
[92mINFO [0m:      configure_evaluate: Sampled 10 nodes (out of 10)
[92mINFO [0m:      aggregate_evaluate: Received 10 results and 0 failures
[92mINFO [0m:      	└──> Aggregated MetricRecord: {'eval_loss': 1.8361138164997102, 'eval_acc': 0.32770000000000005, 'time': 221.93162989616394}
[92mINFO [0m:      
[92mINFO [0m:      [ROUND 27/100]
[92mINFO [0m:      configure_train: Sampled 10 nodes (out of 10)
[92mINFO [0m:      aggregate_train: Received 8 results and 0 failures
[92mINFO [0m:      	└──> Aggregated MetricRecord: {'train_loss': 1.840951066493988, 'train_time': 5.411203905008733, 'qtty_records': 8}
[92mINFO [0m:      configure_evaluate: Sampled 10 nodes (out of 10)
[92mINFO [0m:      aggregate_evaluate: Received 10 results and 0 failures
[92mINFO [0m:      	└──> Aggregated MetricRecord: {'eval_loss': 1.842915052175522, 'eval_acc': 0.3246, 'time': 228.96064114570618}
[92mINFO [0m:      
[92mINFO [0m:      [ROUND 28/100]
[92mINFO [0m:      configure_train: Sampled 8 nodes (out of 10)
[92mINFO [0m:      aggregate_train: Received 10 results and 0 failures
[92mINFO [0m:      	└──> Aggregated MetricRecord: {'train_loss': 1.8367779454231261, 'train_time': 6.4616473963484164, 'qtty_records': 10}
[92mINFO [0m:      configure_evaluate: Sampled 10 nodes (out of 10)
[92mINFO [0m:      aggregate_evaluate: Received 10 results and 0 failures
[92mINFO [0m:      	└──> Aggregated MetricRecord: {'eval_loss': 1.8353622611612084, 'eval_acc': 0.3428, 'time': 236.01695823669434}
[92mINFO [0m:      
[92mINFO [0m:      [ROUND 29/100]
[92mINFO [0m:      configure_train: Sampled 10 nodes (out of 10)
[92mINFO [0m:      aggregate_train: Received 8 results and 0 failures
[92mINFO [0m:      	└──> Aggregated MetricRecord: {'train_loss': 1.8377716441154477, 'train_time': 5.4083081658463925, 'qtty_records': 8}
[92mINFO [0m:      configure_evaluate: Sampled 10 nodes (out of 10)
[92mINFO [0m:      aggregate_evaluate: Received 10 results and 0 failures
[92mINFO [0m:      	└──> Aggregated MetricRecord: {'eval_loss': 1.833159658685327, 'eval_acc': 0.3322, 'time': 243.15010523796082}
[92mINFO [0m:      
[92mINFO [0m:      [ROUND 30/100]
[92mINFO [0m:      configure_train: Sampled 8 nodes (out of 10)
[92mINFO [0m:      aggregate_train: Received 10 results and 0 failures
[92mINFO [0m:      	└──> Aggregated MetricRecord: {'train_loss': 1.8292967497825623, 'train_time': 6.4586411498487, 'qtty_records': 10}
[92mINFO [0m:      configure_evaluate: Sampled 10 nodes (out of 10)
[92mINFO [0m:      aggregate_evaluate: Received 10 results and 0 failures
[92mINFO [0m:      	└──> Aggregated MetricRecord: {'eval_loss': 1.8052937734872105, 'eval_acc': 0.34930000000000005, 'time': 250.1833941936493}
[92mINFO [0m:      
[92mINFO [0m:      [ROUND 31/100]
[92mINFO [0m:      configure_train: Sampled 10 nodes (out of 10)
[92mINFO [0m:      aggregate_train: Received 8 results and 0 failures
[92mINFO [0m:      	└──> Aggregated MetricRecord: {'train_loss': 1.8346847764253618, 'train_time': 5.3906400131527334, 'qtty_records': 8}
[92mINFO [0m:      configure_evaluate: Sampled 10 nodes (out of 10)
[92mINFO [0m:      aggregate_evaluate: Received 10 results and 0 failures
[92mINFO [0m:      	└──> Aggregated MetricRecord: {'eval_loss': 1.8376744206994773, 'eval_acc': 0.3442, 'time': 257.32498836517334}
[92mINFO [0m:      
[92mINFO [0m:      [ROUND 32/100]
[92mINFO [0m:      configure_train: Sampled 8 nodes (out of 10)
[92mINFO [0m:      aggregate_train: Received 10 results and 0 failures
[92mINFO [0m:      	└──> Aggregated MetricRecord: {'train_loss': 1.860993808746338, 'train_time': 6.440874027274549, 'qtty_records': 10}
[92mINFO [0m:      configure_evaluate: Sampled 10 nodes (out of 10)
[92mINFO [0m:      aggregate_evaluate: Received 10 results and 0 failures
[92mINFO [0m:      	└──> Aggregated MetricRecord: {'eval_loss': 1.8574505511671306, 'eval_acc': 0.3273, 'time': 264.35842204093933}
[92mINFO [0m:      
[92mINFO [0m:      [ROUND 33/100]
[92mINFO [0m:      configure_train: Sampled 10 nodes (out of 10)
[92mINFO [0m:      aggregate_train: Received 8 results and 0 failures
[92mINFO [0m:      	└──> Aggregated MetricRecord: {'train_loss': 1.8299037010669708, 'train_time': 5.416921422351152, 'qtty_records': 8}
[92mINFO [0m:      configure_evaluate: Sampled 10 nodes (out of 10)
[92mINFO [0m:      aggregate_evaluate: Received 10 results and 0 failures
[92mINFO [0m:      	└──> Aggregated MetricRecord: {'eval_loss': 1.830771644786, 'eval_acc': 0.34900000000000003, 'time': 271.50005412101746}
[92mINFO [0m:      
[92mINFO [0m:      [ROUND 34/100]
[92mINFO [0m:      configure_train: Sampled 8 nodes (out of 10)
[92mINFO [0m:      aggregate_train: Received 10 results and 0 failures
[92mINFO [0m:      	└──> Aggregated MetricRecord: {'train_loss': 1.8409449548721313, 'train_time': 6.446885865926743, 'qtty_records': 10}
[92mINFO [0m:      configure_evaluate: Sampled 10 nodes (out of 10)
[92mINFO [0m:      aggregate_evaluate: Received 10 results and 0 failures
[92mINFO [0m:      	└──> Aggregated MetricRecord: {'eval_loss': 1.8533749792724852, 'eval_acc': 0.33420000000000005, 'time': 278.53424739837646}
[92mINFO [0m:      
[92mINFO [0m:      [ROUND 35/100]
[92mINFO [0m:      configure_train: Sampled 10 nodes (out of 10)
[92mINFO [0m:      aggregate_train: Received 8 results and 0 failures
[92mINFO [0m:      	└──> Aggregated MetricRecord: {'train_loss': 1.8207310379743578, 'train_time': 5.434848726959899, 'qtty_records': 8}
[92mINFO [0m:      configure_evaluate: Sampled 10 nodes (out of 10)
[92mINFO [0m:      aggregate_evaluate: Received 10 results and 0 failures
[92mINFO [0m:      	└──> Aggregated MetricRecord: {'eval_loss': 1.7765643939375877, 'eval_acc': 0.35440000000000005, 'time': 285.5650644302368}
[92mINFO [0m:      
[92mINFO [0m:      [ROUND 36/100]
[92mINFO [0m:      configure_train: Sampled 8 nodes (out of 10)
[92mINFO [0m:      aggregate_train: Received 10 results and 0 failures
[92mINFO [0m:      	└──> Aggregated MetricRecord: {'train_loss': 1.8279926758766178, 'train_time': 6.4543308151885865, 'qtty_records': 10}
[92mINFO [0m:      configure_evaluate: Sampled 10 nodes (out of 10)
[92mINFO [0m:      aggregate_evaluate: Received 10 results and 0 failures
[92mINFO [0m:      	└──> Aggregated MetricRecord: {'eval_loss': 1.8279173966497182, 'eval_acc': 0.34700000000000003, 'time': 292.6211977005005}
[92mINFO [0m:      
[92mINFO [0m:      [ROUND 37/100]
[92mINFO [0m:      configure_train: Sampled 10 nodes (out of 10)
[92mINFO [0m:      aggregate_train: Received 8 results and 0 failures
[92mINFO [0m:      	└──> Aggregated MetricRecord: {'train_loss': 1.8198006669282913, 'train_time': 5.401441130088642, 'qtty_records': 8}
[92mINFO [0m:      configure_evaluate: Sampled 10 nodes (out of 10)
[92mINFO [0m:      aggregate_evaluate: Received 10 results and 0 failures
[92mINFO [0m:      	└──> Aggregated MetricRecord: {'eval_loss': 1.8426774807274344, 'eval_acc': 0.33810000000000007, 'time': 299.7715334892273}
[92mINFO [0m:      
[92mINFO [0m:      [ROUND 38/100]
[92mINFO [0m:      configure_train: Sampled 8 nodes (out of 10)
[92mINFO [0m:      aggregate_train: Received 10 results and 0 failures
[92mINFO [0m:      	└──> Aggregated MetricRecord: {'train_loss': 1.8327747284889222, 'train_time': 6.452092118188739, 'qtty_records': 10}
[92mINFO [0m:      configure_evaluate: Sampled 10 nodes (out of 10)
[92mINFO [0m:      aggregate_evaluate: Received 10 results and 0 failures
[92mINFO [0m:      	└──> Aggregated MetricRecord: {'eval_loss': 1.817581929266453, 'eval_acc': 0.3583, 'time': 306.8302662372589}
[92mINFO [0m:      
[92mINFO [0m:      [ROUND 39/100]
[92mINFO [0m:      configure_train: Sampled 10 nodes (out of 10)
[92mINFO [0m:      aggregate_train: Received 8 results and 0 failures
[92mINFO [0m:      	└──> Aggregated MetricRecord: {'train_loss': 1.8102225227355955, 'train_time': 5.427879803813994, 'qtty_records': 8}
[92mINFO [0m:      configure_evaluate: Sampled 10 nodes (out of 10)
[92mINFO [0m:      aggregate_evaluate: Received 10 results and 0 failures
[92mINFO [0m:      	└──> Aggregated MetricRecord: {'eval_loss': 1.8308855444192886, 'eval_acc': 0.3458, 'time': 313.9597873687744}
[92mINFO [0m:      
[92mINFO [0m:      [ROUND 40/100]
[92mINFO [0m:      configure_train: Sampled 8 nodes (out of 10)
[92mINFO [0m:      aggregate_train: Received 10 results and 0 failures
[92mINFO [0m:      	└──> Aggregated MetricRecord: {'train_loss': 1.856716477298737, 'train_time': 6.433916988968849, 'qtty_records': 10}
[92mINFO [0m:      configure_evaluate: Sampled 10 nodes (out of 10)
[92mINFO [0m:      aggregate_evaluate: Received 10 results and 0 failures
[92mINFO [0m:      	└──> Aggregated MetricRecord: {'eval_loss': 1.8306477796286347, 'eval_acc': 0.3461, 'time': 321.0150091648102}
[92mINFO [0m:      
[92mINFO [0m:      [ROUND 41/100]
[92mINFO [0m:      configure_train: Sampled 10 nodes (out of 10)
[92mINFO [0m:      aggregate_train: Received 8 results and 0 failures
[92mINFO [0m:      	└──> Aggregated MetricRecord: {'train_loss': 1.826197961688042, 'train_time': 5.405322087230161, 'qtty_records': 8}
[92mINFO [0m:      configure_evaluate: Sampled 10 nodes (out of 10)
[92mINFO [0m:      aggregate_evaluate: Received 10 results and 0 failures
[92mINFO [0m:      	└──> Aggregated MetricRecord: {'eval_loss': 1.781262666732073, 'eval_acc': 0.36319999999999997, 'time': 328.14408659935}
[92mINFO [0m:      
[92mINFO [0m:      [ROUND 42/100]
[92mINFO [0m:      configure_train: Sampled 8 nodes (out of 10)
[92mINFO [0m:      aggregate_train: Received 10 results and 0 failures
[92mINFO [0m:      	└──> Aggregated MetricRecord: {'train_loss': 1.8367978926658632, 'train_time': 6.439662627317011, 'qtty_records': 10}
[92mINFO [0m:      configure_evaluate: Sampled 10 nodes (out of 10)
[92mINFO [0m:      aggregate_evaluate: Received 10 results and 0 failures
[92mINFO [0m:      	└──> Aggregated MetricRecord: {'eval_loss': 1.834754425287247, 'eval_acc': 0.3395, 'time': 335.203063249588}
[92mINFO [0m:      
[92mINFO [0m:      [ROUND 43/100]
[92mINFO [0m:      configure_train: Sampled 10 nodes (out of 10)
[92mINFO [0m:      aggregate_train: Received 8 results and 0 failures
[92mINFO [0m:      	└──> Aggregated MetricRecord: {'train_loss': 1.8189126160144806, 'train_time': 5.418174504069611, 'qtty_records': 8}
[92mINFO [0m:      configure_evaluate: Sampled 10 nodes (out of 10)
[92mINFO [0m:      aggregate_evaluate: Received 10 results and 0 failures
[92mINFO [0m:      	└──> Aggregated MetricRecord: {'eval_loss': 1.8200083378702403, 'eval_acc': 0.35819999999999996, 'time': 342.33347964286804}
[92mINFO [0m:      
[92mINFO [0m:      [ROUND 44/100]
[92mINFO [0m:      configure_train: Sampled 8 nodes (out of 10)
[92mINFO [0m:      aggregate_train: Received 10 results and 0 failures
[92mINFO [0m:      	└──> Aggregated MetricRecord: {'train_loss': 1.8293024907112123, 'train_time': 6.456311421468854, 'qtty_records': 10}
[92mINFO [0m:      configure_evaluate: Sampled 10 nodes (out of 10)
[92mINFO [0m:      aggregate_evaluate: Received 10 results and 0 failures
[92mINFO [0m:      	└──> Aggregated MetricRecord: {'eval_loss': 1.8311161030083898, 'eval_acc': 0.33870000000000006, 'time': 349.5032842159271}
[92mINFO [0m:      
[92mINFO [0m:      [ROUND 45/100]
[92mINFO [0m:      configure_train: Sampled 10 nodes (out of 10)
[92mINFO [0m:      aggregate_train: Received 8 results and 0 failures
[92mINFO [0m:      	└──> Aggregated MetricRecord: {'train_loss': 1.8211445964574813, 'train_time': 5.403738211141899, 'qtty_records': 8}
[92mINFO [0m:      configure_evaluate: Sampled 10 nodes (out of 10)
[92mINFO [0m:      aggregate_evaluate: Received 10 results and 0 failures
[92mINFO [0m:      	└──> Aggregated MetricRecord: {'eval_loss': 1.8590743504464626, 'eval_acc': 0.33970000000000006, 'time': 356.63636445999146}
[92mINFO [0m:      
[92mINFO [0m:      [ROUND 46/100]
[92mINFO [0m:      configure_train: Sampled 8 nodes (out of 10)
[92mINFO [0m:      aggregate_train: Received 10 results and 0 failures
[92mINFO [0m:      	└──> Aggregated MetricRecord: {'train_loss': 1.8446857335090636, 'train_time': 6.439492013119161, 'qtty_records': 10}
[92mINFO [0m:      configure_evaluate: Sampled 10 nodes (out of 10)
[92mINFO [0m:      aggregate_evaluate: Received 10 results and 0 failures
[92mINFO [0m:      	└──> Aggregated MetricRecord: {'eval_loss': 1.819967418536544, 'eval_acc': 0.35950000000000004, 'time': 363.79711055755615}
[92mINFO [0m:      
[92mINFO [0m:      [ROUND 47/100]
[92mINFO [0m:      configure_train: Sampled 10 nodes (out of 10)
[92mINFO [0m:      aggregate_train: Received 8 results and 0 failures
[92mINFO [0m:      	└──> Aggregated MetricRecord: {'train_loss': 1.8126387645006181, 'train_time': 5.400835341773927, 'qtty_records': 8}
[92mINFO [0m:      configure_evaluate: Sampled 10 nodes (out of 10)
[92mINFO [0m:      aggregate_evaluate: Received 10 results and 0 failures
[92mINFO [0m:      	└──> Aggregated MetricRecord: {'eval_loss': 1.8371821109205486, 'eval_acc': 0.3174, 'time': 370.82792925834656}
[92mINFO [0m:      
[92mINFO [0m:      [ROUND 48/100]
[92mINFO [0m:      configure_train: Sampled 8 nodes (out of 10)
[92mINFO [0m:      aggregate_train: Received 10 results and 0 failures
[92mINFO [0m:      	└──> Aggregated MetricRecord: {'train_loss': 1.840283959197998, 'train_time': 6.433373151160777, 'qtty_records': 10}
[92mINFO [0m:      configure_evaluate: Sampled 10 nodes (out of 10)
[92mINFO [0m:      aggregate_evaluate: Received 10 results and 0 failures
[92mINFO [0m:      	└──> Aggregated MetricRecord: {'eval_loss': 1.846828354150057, 'eval_acc': 0.3526, 'time': 377.9868905544281}
[92mINFO [0m:      
[92mINFO [0m:      [ROUND 49/100]
[92mINFO [0m:      configure_train: Sampled 10 nodes (out of 10)
[92mINFO [0m:      aggregate_train: Received 8 results and 0 failures
[92mINFO [0m:      	└──> Aggregated MetricRecord: {'train_loss': 1.8145111019611357, 'train_time': 5.426219783490524, 'qtty_records': 8}
[92mINFO [0m:      configure_evaluate: Sampled 10 nodes (out of 10)
[92mINFO [0m:      aggregate_evaluate: Received 10 results and 0 failures
[92mINFO [0m:      	└──> Aggregated MetricRecord: {'eval_loss': 1.786378352344036, 'eval_acc': 0.35250000000000004, 'time': 385.0160319805145}
[92mINFO [0m:      
[92mINFO [0m:      [ROUND 50/100]
[92mINFO [0m:      configure_train: Sampled 8 nodes (out of 10)
[92mINFO [0m:      aggregate_train: Received 10 results and 0 failures
[92mINFO [0m:      	└──> Aggregated MetricRecord: {'train_loss': 1.8131422273635867, 'train_time': 6.4478318249806765, 'qtty_records': 10}
[92mINFO [0m:      configure_evaluate: Sampled 10 nodes (out of 10)
[92mINFO [0m:      aggregate_evaluate: Received 10 results and 0 failures
[92mINFO [0m:      	└──> Aggregated MetricRecord: {'eval_loss': 1.8229380317032338, 'eval_acc': 0.3582000000000001, 'time': 392.15121960639954}
[92mINFO [0m:      
[92mINFO [0m:      [ROUND 51/100]
[92mINFO [0m:      configure_train: Sampled 10 nodes (out of 10)
[92mINFO [0m:      aggregate_train: Received 8 results and 0 failures
[92mINFO [0m:      	└──> Aggregated MetricRecord: {'train_loss': 1.8200245983600616, 'train_time': 5.403211695607752, 'qtty_records': 8}
[92mINFO [0m:      configure_evaluate: Sampled 10 nodes (out of 10)
[92mINFO [0m:      aggregate_evaluate: Received 10 results and 0 failures
[92mINFO [0m:      	└──> Aggregated MetricRecord: {'eval_loss': 1.8214107207953931, 'eval_acc': 0.3329000000000001, 'time': 399.1815941333771}
[92mINFO [0m:      
[92mINFO [0m:      [ROUND 52/100]
[92mINFO [0m:      configure_train: Sampled 8 nodes (out of 10)
[92mINFO [0m:      aggregate_train: Received 10 results and 0 failures
[92mINFO [0m:      	└──> Aggregated MetricRecord: {'train_loss': 1.8286554208755497, 'train_time': 6.442665155418217, 'qtty_records': 10}
[92mINFO [0m:      configure_evaluate: Sampled 10 nodes (out of 10)
[92mINFO [0m:      aggregate_evaluate: Received 10 results and 0 failures
[92mINFO [0m:      	└──> Aggregated MetricRecord: {'eval_loss': 1.8055057745426895, 'eval_acc': 0.367, 'time': 406.2410399913788}
[92mINFO [0m:      
[92mINFO [0m:      [ROUND 53/100]
[92mINFO [0m:      configure_train: Sampled 10 nodes (out of 10)
[92mINFO [0m:      aggregate_train: Received 8 results and 0 failures
[92mINFO [0m:      	└──> Aggregated MetricRecord: {'train_loss': 1.8040651321411134, 'train_time': 5.4071401921100914, 'qtty_records': 8}
[92mINFO [0m:      configure_evaluate: Sampled 10 nodes (out of 10)
[92mINFO [0m:      aggregate_evaluate: Received 10 results and 0 failures
[92mINFO [0m:      	└──> Aggregated MetricRecord: {'eval_loss': 1.782999321073294, 'eval_acc': 0.37140000000000006, 'time': 413.27016282081604}
[92mINFO [0m:      
[92mINFO [0m:      [ROUND 54/100]
[92mINFO [0m:      configure_train: Sampled 8 nodes (out of 10)
[92mINFO [0m:      aggregate_train: Received 10 results and 0 failures
[92mINFO [0m:      	└──> Aggregated MetricRecord: {'train_loss': 1.815869289779663, 'train_time': 6.4652939101681115, 'qtty_records': 10}
[92mINFO [0m:      configure_evaluate: Sampled 10 nodes (out of 10)
[92mINFO [0m:      aggregate_evaluate: Received 10 results and 0 failures
[92mINFO [0m:      	└──> Aggregated MetricRecord: {'eval_loss': 1.8312392991036177, 'eval_acc': 0.34260000000000007, 'time': 420.40639638900757}
[92mINFO [0m:      
[92mINFO [0m:      [ROUND 55/100]
[92mINFO [0m:      configure_train: Sampled 10 nodes (out of 10)
[92mINFO [0m:      aggregate_train: Received 8 results and 0 failures
[92mINFO [0m:      	└──> Aggregated MetricRecord: {'train_loss': 1.8060752382278442, 'train_time': 5.424074570182711, 'qtty_records': 8}
[92mINFO [0m:      configure_evaluate: Sampled 10 nodes (out of 10)
[92mINFO [0m:      aggregate_evaluate: Received 10 results and 0 failures
[92mINFO [0m:      	└──> Aggregated MetricRecord: {'eval_loss': 1.8226831570267679, 'eval_acc': 0.34930000000000005, 'time': 427.5369086265564}
[92mINFO [0m:      
[92mINFO [0m:      [ROUND 56/100]
[92mINFO [0m:      configure_train: Sampled 8 nodes (out of 10)
[92mINFO [0m:      aggregate_train: Received 10 results and 0 failures
[92mINFO [0m:      	└──> Aggregated MetricRecord: {'train_loss': 1.8457237880706787, 'train_time': 6.4759302800521255, 'qtty_records': 10}
[92mINFO [0m:      configure_evaluate: Sampled 10 nodes (out of 10)
[92mINFO [0m:      aggregate_evaluate: Received 10 results and 0 failures
[92mINFO [0m:      	└──> Aggregated MetricRecord: {'eval_loss': 1.8286159906536341, 'eval_acc': 0.3597000000000001, 'time': 434.6860854625702}
[92mINFO [0m:      
[92mINFO [0m:      [ROUND 57/100]
[92mINFO [0m:      configure_train: Sampled 10 nodes (out of 10)
[92mINFO [0m:      aggregate_train: Received 8 results and 0 failures
[92mINFO [0m:      	└──> Aggregated MetricRecord: {'train_loss': 1.8196775915622712, 'train_time': 5.440320835215971, 'qtty_records': 8}
[92mINFO [0m:      configure_evaluate: Sampled 10 nodes (out of 10)
[92mINFO [0m:      aggregate_evaluate: Received 10 results and 0 failures
[92mINFO [0m:      	└──> Aggregated MetricRecord: {'eval_loss': 1.822700083628297, 'eval_acc': 0.33730000000000004, 'time': 441.81627202033997}
[92mINFO [0m:      
[92mINFO [0m:      [ROUND 58/100]
[92mINFO [0m:      configure_train: Sampled 8 nodes (out of 10)
[92mINFO [0m:      aggregate_train: Received 10 results and 0 failures
[92mINFO [0m:      	└──> Aggregated MetricRecord: {'train_loss': 1.8360711287498475, 'train_time': 6.461861365847289, 'qtty_records': 10}
[92mINFO [0m:      configure_evaluate: Sampled 10 nodes (out of 10)
[92mINFO [0m:      aggregate_evaluate: Received 10 results and 0 failures
[92mINFO [0m:      	└──> Aggregated MetricRecord: {'eval_loss': 1.8092757832258943, 'eval_acc': 0.3568, 'time': 448.96781158447266}
[92mINFO [0m:      
[92mINFO [0m:      [ROUND 59/100]
[92mINFO [0m:      configure_train: Sampled 10 nodes (out of 10)
[92mINFO [0m:      aggregate_train: Received 8 results and 0 failures
[92mINFO [0m:      	└──> Aggregated MetricRecord: {'train_loss': 1.8182010878324506, 'train_time': 5.411122520454228, 'qtty_records': 8}
[92mINFO [0m:      configure_evaluate: Sampled 10 nodes (out of 10)
[92mINFO [0m:      aggregate_evaluate: Received 10 results and 0 failures
[92mINFO [0m:      	└──> Aggregated MetricRecord: {'eval_loss': 1.8196938071399928, 'eval_acc': 0.33279999999999993, 'time': 455.9988474845886}
[92mINFO [0m:      
[92mINFO [0m:      [ROUND 60/100]
[92mINFO [0m:      configure_train: Sampled 8 nodes (out of 10)
[92mINFO [0m:      aggregate_train: Received 10 results and 0 failures
[92mINFO [0m:      	└──> Aggregated MetricRecord: {'train_loss': 1.8242687040328978, 'train_time': 6.464557139016688, 'qtty_records': 10}
[92mINFO [0m:      configure_evaluate: Sampled 10 nodes (out of 10)
[92mINFO [0m:      aggregate_evaluate: Received 10 results and 0 failures
[92mINFO [0m:      	└──> Aggregated MetricRecord: {'eval_loss': 1.8511071663349867, 'eval_acc': 0.3547, 'time': 463.1567301750183}
[92mINFO [0m:      
[92mINFO [0m:      [ROUND 61/100]
[92mINFO [0m:      configure_train: Sampled 10 nodes (out of 10)
[92mINFO [0m:      aggregate_train: Received 8 results and 0 failures
[92mINFO [0m:      	└──> Aggregated MetricRecord: {'train_loss': 1.8111485178470612, 'train_time': 5.410039347363636, 'qtty_records': 8}
[92mINFO [0m:      configure_evaluate: Sampled 10 nodes (out of 10)
[92mINFO [0m:      aggregate_evaluate: Received 10 results and 0 failures
[92mINFO [0m:      	└──> Aggregated MetricRecord: {'eval_loss': 1.839661929756403, 'eval_acc': 0.3455, 'time': 470.18683671951294}
[92mINFO [0m:      
[92mINFO [0m:      [ROUND 62/100]
[92mINFO [0m:      configure_train: Sampled 8 nodes (out of 10)
[92mINFO [0m:      aggregate_train: Received 10 results and 0 failures
[92mINFO [0m:      	└──> Aggregated MetricRecord: {'train_loss': 1.814981092834473, 'train_time': 6.469371800497174, 'qtty_records': 10}
[92mINFO [0m:      configure_evaluate: Sampled 10 nodes (out of 10)
[92mINFO [0m:      aggregate_evaluate: Received 10 results and 0 failures
[92mINFO [0m:      	└──> Aggregated MetricRecord: {'eval_loss': 1.8114180549979213, 'eval_acc': 0.35319999999999996, 'time': 477.32257318496704}
[92mINFO [0m:      
[92mINFO [0m:      [ROUND 63/100]
[92mINFO [0m:      configure_train: Sampled 10 nodes (out of 10)
[92mINFO [0m:      aggregate_train: Received 8 results and 0 failures
[92mINFO [0m:      	└──> Aggregated MetricRecord: {'train_loss': 1.8206077038049697, 'train_time': 5.412435461534187, 'qtty_records': 8}
[92mINFO [0m:      configure_evaluate: Sampled 10 nodes (out of 10)
[92mINFO [0m:      aggregate_evaluate: Received 10 results and 0 failures
[92mINFO [0m:      	└──> Aggregated MetricRecord: {'eval_loss': 1.8359258487820627, 'eval_acc': 0.3425, 'time': 484.35181188583374}
[92mINFO [0m:      
[92mINFO [0m:      [ROUND 64/100]
[92mINFO [0m:      configure_train: Sampled 8 nodes (out of 10)
[92mINFO [0m:      aggregate_train: Received 10 results and 0 failures
[92mINFO [0m:      	└──> Aggregated MetricRecord: {'train_loss': 1.8217266116142274, 'train_time': 6.465386460348964, 'qtty_records': 10}
[92mINFO [0m:      configure_evaluate: Sampled 10 nodes (out of 10)
[92mINFO [0m:      aggregate_evaluate: Received 10 results and 0 failures
[92mINFO [0m:      	└──> Aggregated MetricRecord: {'eval_loss': 1.8050629537552596, 'eval_acc': 0.3464, 'time': 491.4102454185486}
[92mINFO [0m:      
[92mINFO [0m:      [ROUND 65/100]
[92mINFO [0m:      configure_train: Sampled 10 nodes (out of 10)
[92mINFO [0m:      aggregate_train: Received 8 results and 0 failures
[92mINFO [0m:      	└──> Aggregated MetricRecord: {'train_loss': 1.803834702014923, 'train_time': 5.399156872648746, 'qtty_records': 8}
[92mINFO [0m:      configure_evaluate: Sampled 10 nodes (out of 10)
[92mINFO [0m:      aggregate_evaluate: Received 10 results and 0 failures
[92mINFO [0m:      	└──> Aggregated MetricRecord: {'eval_loss': 1.8094281848520044, 'eval_acc': 0.3471, 'time': 498.44029211997986}
[92mINFO [0m:      
[92mINFO [0m:      [ROUND 66/100]
[92mINFO [0m:      configure_train: Sampled 8 nodes (out of 10)
[92mINFO [0m:      aggregate_train: Received 10 results and 0 failures
[92mINFO [0m:      	└──> Aggregated MetricRecord: {'train_loss': 1.8299834142684939, 'train_time': 6.4674976877868176, 'qtty_records': 10}
[92mINFO [0m:      configure_evaluate: Sampled 10 nodes (out of 10)
[92mINFO [0m:      aggregate_evaluate: Received 10 results and 0 failures
[92mINFO [0m:      	└──> Aggregated MetricRecord: {'eval_loss': 1.823585779964924, 'eval_acc': 0.3587, 'time': 505.5001063346863}
[92mINFO [0m:      
[92mINFO [0m:      [ROUND 67/100]
[92mINFO [0m:      configure_train: Sampled 10 nodes (out of 10)
[92mINFO [0m:      aggregate_train: Received 8 results and 0 failures
[92mINFO [0m:      	└──> Aggregated MetricRecord: {'train_loss': 1.8129093954563142, 'train_time': 5.401795730926096, 'qtty_records': 8}
[92mINFO [0m:      configure_evaluate: Sampled 10 nodes (out of 10)
[92mINFO [0m:      aggregate_evaluate: Received 10 results and 0 failures
[92mINFO [0m:      	└──> Aggregated MetricRecord: {'eval_loss': 1.8534562107175592, 'eval_acc': 0.3317, 'time': 512.5294923782349}
[92mINFO [0m:      
[92mINFO [0m:      [ROUND 68/100]
[92mINFO [0m:      configure_train: Sampled 8 nodes (out of 10)
[92mINFO [0m:      aggregate_train: Received 10 results and 0 failures
[92mINFO [0m:      	└──> Aggregated MetricRecord: {'train_loss': 1.8343477788448337, 'train_time': 6.45395542010665, 'qtty_records': 10}
[92mINFO [0m:      configure_evaluate: Sampled 10 nodes (out of 10)
[92mINFO [0m:      aggregate_evaluate: Received 10 results and 0 failures
[92mINFO [0m:      	└──> Aggregated MetricRecord: {'eval_loss': 1.870170756801963, 'eval_acc': 0.3435, 'time': 519.5897734165192}
[92mINFO [0m:      
[92mINFO [0m:      [ROUND 69/100]
[92mINFO [0m:      configure_train: Sampled 10 nodes (out of 10)
[92mINFO [0m:      aggregate_train: Received 8 results and 0 failures
[92mINFO [0m:      	└──> Aggregated MetricRecord: {'train_loss': 1.7763813154697419, 'train_time': 5.417573746992275, 'qtty_records': 8}
[92mINFO [0m:      configure_evaluate: Sampled 10 nodes (out of 10)
[92mINFO [0m:      aggregate_evaluate: Received 10 results and 0 failures
[92mINFO [0m:      	└──> Aggregated MetricRecord: {'eval_loss': 1.793929310888052, 'eval_acc': 0.3612, 'time': 526.7280366420746}
[92mINFO [0m:      
[92mINFO [0m:      [ROUND 70/100]
[92mINFO [0m:      configure_train: Sampled 8 nodes (out of 10)
[92mINFO [0m:      aggregate_train: Received 10 results and 0 failures
[92mINFO [0m:      	└──> Aggregated MetricRecord: {'train_loss': 1.8208063468933104, 'train_time': 6.45065306071192, 'qtty_records': 10}
[92mINFO [0m:      configure_evaluate: Sampled 10 nodes (out of 10)
[92mINFO [0m:      aggregate_evaluate: Received 10 results and 0 failures
[92mINFO [0m:      	└──> Aggregated MetricRecord: {'eval_loss': 1.8120501555502417, 'eval_acc': 0.3474, 'time': 533.7888073921204}
[92mINFO [0m:      
[92mINFO [0m:      [ROUND 71/100]
[92mINFO [0m:      configure_train: Sampled 10 nodes (out of 10)
[92mINFO [0m:      aggregate_train: Received 8 results and 0 failures
[92mINFO [0m:      	└──> Aggregated MetricRecord: {'train_loss': 1.8160500262975692, 'train_time': 5.409444544231519, 'qtty_records': 8}
[92mINFO [0m:      configure_evaluate: Sampled 10 nodes (out of 10)
[92mINFO [0m:      aggregate_evaluate: Received 10 results and 0 failures
[92mINFO [0m:      	└──> Aggregated MetricRecord: {'eval_loss': 1.8112867571413516, 'eval_acc': 0.3542, 'time': 540.9190821647644}
[92mINFO [0m:      
[92mINFO [0m:      [ROUND 72/100]
[92mINFO [0m:      configure_train: Sampled 8 nodes (out of 10)
[92mINFO [0m:      aggregate_train: Received 10 results and 0 failures
[92mINFO [0m:      	└──> Aggregated MetricRecord: {'train_loss': 1.842503840923309, 'train_time': 6.452101340703666, 'qtty_records': 10}
[92mINFO [0m:      configure_evaluate: Sampled 10 nodes (out of 10)
[92mINFO [0m:      aggregate_evaluate: Received 10 results and 0 failures
[92mINFO [0m:      	└──> Aggregated MetricRecord: {'eval_loss': 1.8548519864678383, 'eval_acc': 0.3363, 'time': 547.9789791107178}
[92mINFO [0m:      
[92mINFO [0m:      [ROUND 73/100]
[92mINFO [0m:      configure_train: Sampled 10 nodes (out of 10)
[92mINFO [0m:      aggregate_train: Received 8 results and 0 failures
[92mINFO [0m:      	└──> Aggregated MetricRecord: {'train_loss': 1.8284139447212218, 'train_time': 5.418975634733215, 'qtty_records': 8}
[92mINFO [0m:      configure_evaluate: Sampled 10 nodes (out of 10)
[92mINFO [0m:      aggregate_evaluate: Received 10 results and 0 failures
[92mINFO [0m:      	└──> Aggregated MetricRecord: {'eval_loss': 1.8418263141065838, 'eval_acc': 0.345, 'time': 555.1327719688416}
[92mINFO [0m:      
[92mINFO [0m:      [ROUND 74/100]
[92mINFO [0m:      configure_train: Sampled 8 nodes (out of 10)
[92mINFO [0m:      aggregate_train: Received 10 results and 0 failures
[92mINFO [0m:      	└──> Aggregated MetricRecord: {'train_loss': 1.826304804134369, 'train_time': 6.454210995696485, 'qtty_records': 10}
[92mINFO [0m:      configure_evaluate: Sampled 10 nodes (out of 10)
[92mINFO [0m:      aggregate_evaluate: Received 10 results and 0 failures
[92mINFO [0m:      	└──> Aggregated MetricRecord: {'eval_loss': 1.810623785108328, 'eval_acc': 0.3585, 'time': 562.297120809555}
[92mINFO [0m:      
[92mINFO [0m:      [ROUND 75/100]
[92mINFO [0m:      configure_train: Sampled 10 nodes (out of 10)
[92mINFO [0m:      aggregate_train: Received 8 results and 0 failures
[92mINFO [0m:      	└──> Aggregated MetricRecord: {'train_loss': 1.7970375064611437, 'train_time': 5.4295857842080295, 'qtty_records': 8}
[92mINFO [0m:      configure_evaluate: Sampled 10 nodes (out of 10)
[92mINFO [0m:      aggregate_evaluate: Received 10 results and 0 failures
[92mINFO [0m:      	└──> Aggregated MetricRecord: {'eval_loss': 1.783319526910782, 'eval_acc': 0.3652, 'time': 569.4528062343597}
[92mINFO [0m:      
[92mINFO [0m:      [ROUND 76/100]
[92mINFO [0m:      configure_train: Sampled 8 nodes (out of 10)
[92mINFO [0m:      aggregate_train: Received 10 results and 0 failures
[92mINFO [0m:      	└──> Aggregated MetricRecord: {'train_loss': 1.836352844142914, 'train_time': 6.469620308466256, 'qtty_records': 10}
[92mINFO [0m:      configure_evaluate: Sampled 10 nodes (out of 10)
[92mINFO [0m:      aggregate_evaluate: Received 10 results and 0 failures
[92mINFO [0m:      	└──> Aggregated MetricRecord: {'eval_loss': 1.8387120593339206, 'eval_acc': 0.3514, 'time': 576.5162997245789}
[92mINFO [0m:      
[92mINFO [0m:      [ROUND 77/100]
[92mINFO [0m:      configure_train: Sampled 10 nodes (out of 10)
[92mINFO [0m:      aggregate_train: Received 8 results and 0 failures
[92mINFO [0m:      	└──> Aggregated MetricRecord: {'train_loss': 1.8069406772851946, 'train_time': 5.418625172693282, 'qtty_records': 8}
[92mINFO [0m:      configure_evaluate: Sampled 10 nodes (out of 10)
[92mINFO [0m:      aggregate_evaluate: Received 10 results and 0 failures
[92mINFO [0m:      	└──> Aggregated MetricRecord: {'eval_loss': 1.7838934883475304, 'eval_acc': 0.37210000000000004, 'time': 583.6760504245758}
[92mINFO [0m:      
[92mINFO [0m:      [ROUND 78/100]
[92mINFO [0m:      configure_train: Sampled 8 nodes (out of 10)
[92mINFO [0m:      aggregate_train: Received 10 results and 0 failures
[92mINFO [0m:      	└──> Aggregated MetricRecord: {'train_loss': 1.8286199315071106, 'train_time': 6.4666956616565585, 'qtty_records': 10}
[92mINFO [0m:      configure_evaluate: Sampled 10 nodes (out of 10)
[92mINFO [0m:      aggregate_evaluate: Received 10 results and 0 failures
[92mINFO [0m:      	└──> Aggregated MetricRecord: {'eval_loss': 1.846626112610102, 'eval_acc': 0.34330000000000005, 'time': 590.7359654903412}
[92mINFO [0m:      
[92mINFO [0m:      [ROUND 79/100]
[92mINFO [0m:      configure_train: Sampled 10 nodes (out of 10)
[92mINFO [0m:      aggregate_train: Received 8 results and 0 failures
[92mINFO [0m:      	└──> Aggregated MetricRecord: {'train_loss': 1.8005190711021424, 'train_time': 5.414211221737787, 'qtty_records': 8}
[92mINFO [0m:      configure_evaluate: Sampled 10 nodes (out of 10)
[92mINFO [0m:      aggregate_evaluate: Received 10 results and 0 failures
[92mINFO [0m:      	└──> Aggregated MetricRecord: {'eval_loss': 1.7740950934588913, 'eval_acc': 0.3589, 'time': 597.866733789444}
[92mINFO [0m:      
[92mINFO [0m:      [ROUND 80/100]
[92mINFO [0m:      configure_train: Sampled 8 nodes (out of 10)
[92mINFO [0m:      aggregate_train: Received 10 results and 0 failures
[92mINFO [0m:      	└──> Aggregated MetricRecord: {'train_loss': 1.8324699951171877, 'train_time': 6.451838837563992, 'qtty_records': 10}
[92mINFO [0m:      configure_evaluate: Sampled 10 nodes (out of 10)
[92mINFO [0m:      aggregate_evaluate: Received 10 results and 0 failures
[92mINFO [0m:      	└──> Aggregated MetricRecord: {'eval_loss': 1.8367486365139487, 'eval_acc': 0.35020000000000007, 'time': 604.9282727241516}
[92mINFO [0m:      
[92mINFO [0m:      [ROUND 81/100]
[92mINFO [0m:      configure_train: Sampled 10 nodes (out of 10)
[92mINFO [0m:      aggregate_train: Received 8 results and 0 failures
[92mINFO [0m:      	└──> Aggregated MetricRecord: {'train_loss': 1.8303131594657898, 'train_time': 5.393382035894319, 'qtty_records': 8}
[92mINFO [0m:      configure_evaluate: Sampled 10 nodes (out of 10)
[92mINFO [0m:      aggregate_evaluate: Received 10 results and 0 failures
[92mINFO [0m:      	└──> Aggregated MetricRecord: {'eval_loss': 1.811497862637043, 'eval_acc': 0.3615, 'time': 612.0594708919525}
[92mINFO [0m:      
[92mINFO [0m:      [ROUND 82/100]
[92mINFO [0m:      configure_train: Sampled 8 nodes (out of 10)
[92mINFO [0m:      aggregate_train: Received 10 results and 0 failures
[92mINFO [0m:      	└──> Aggregated MetricRecord: {'train_loss': 1.8240838434219362, 'train_time': 6.431384204514325, 'qtty_records': 10}
[92mINFO [0m:      configure_evaluate: Sampled 10 nodes (out of 10)
[92mINFO [0m:      aggregate_evaluate: Received 10 results and 0 failures
[92mINFO [0m:      	└──> Aggregated MetricRecord: {'eval_loss': 1.91440226174891, 'eval_acc': 0.33020000000000005, 'time': 619.1211280822754}
[92mINFO [0m:      
[92mINFO [0m:      [ROUND 83/100]
[92mINFO [0m:      configure_train: Sampled 10 nodes (out of 10)
[92mINFO [0m:      aggregate_train: Received 8 results and 0 failures
[92mINFO [0m:      	└──> Aggregated MetricRecord: {'train_loss': 1.8311871675252913, 'train_time': 5.4061597366817296, 'qtty_records': 8}
[92mINFO [0m:      configure_evaluate: Sampled 10 nodes (out of 10)
[92mINFO [0m:      aggregate_evaluate: Received 10 results and 0 failures
[92mINFO [0m:      	└──> Aggregated MetricRecord: {'eval_loss': 1.8249976698309183, 'eval_acc': 0.34199999999999997, 'time': 626.2752604484558}
[92mINFO [0m:      
[92mINFO [0m:      [ROUND 84/100]
[92mINFO [0m:      configure_train: Sampled 8 nodes (out of 10)
[92mINFO [0m:      aggregate_train: Received 10 results and 0 failures
[92mINFO [0m:      	└──> Aggregated MetricRecord: {'train_loss': 1.8407425162315367, 'train_time': 6.459303137101233, 'qtty_records': 10}
[92mINFO [0m:      configure_evaluate: Sampled 10 nodes (out of 10)
[92mINFO [0m:      aggregate_evaluate: Received 10 results and 0 failures
[92mINFO [0m:      	└──> Aggregated MetricRecord: {'eval_loss': 1.815646492317319, 'eval_acc': 0.36380000000000007, 'time': 633.3108561038971}
[92mINFO [0m:      
[92mINFO [0m:      [ROUND 85/100]
[92mINFO [0m:      configure_train: Sampled 10 nodes (out of 10)
[92mINFO [0m:      aggregate_train: Received 8 results and 0 failures
[92mINFO [0m:      	└──> Aggregated MetricRecord: {'train_loss': 1.8188225606679915, 'train_time': 5.418066208949313, 'qtty_records': 8}
[92mINFO [0m:      configure_evaluate: Sampled 10 nodes (out of 10)
[92mINFO [0m:      aggregate_evaluate: Received 10 results and 0 failures
[92mINFO [0m:      	└──> Aggregated MetricRecord: {'eval_loss': 1.8280557192862035, 'eval_acc': 0.3457, 'time': 640.4407176971436}
[92mINFO [0m:      
[92mINFO [0m:      [ROUND 86/100]
[92mINFO [0m:      configure_train: Sampled 8 nodes (out of 10)
[92mINFO [0m:      aggregate_train: Received 10 results and 0 failures
[92mINFO [0m:      	└──> Aggregated MetricRecord: {'train_loss': 1.829113521766663, 'train_time': 6.4337700888514515, 'qtty_records': 10}
[92mINFO [0m:      configure_evaluate: Sampled 10 nodes (out of 10)
[92mINFO [0m:      aggregate_evaluate: Received 10 results and 0 failures
[92mINFO [0m:      	└──> Aggregated MetricRecord: {'eval_loss': 1.8178744643926623, 'eval_acc': 0.3397, 'time': 647.4756138324738}
[92mINFO [0m:      
[92mINFO [0m:      [ROUND 87/100]
[92mINFO [0m:      configure_train: Sampled 10 nodes (out of 10)
[92mINFO [0m:      aggregate_train: Received 8 results and 0 failures
[92mINFO [0m:      	└──> Aggregated MetricRecord: {'train_loss': 1.8169352239370347, 'train_time': 5.394314952194691, 'qtty_records': 8}
[92mINFO [0m:      configure_evaluate: Sampled 10 nodes (out of 10)
[92mINFO [0m:      aggregate_evaluate: Received 10 results and 0 failures
[92mINFO [0m:      	└──> Aggregated MetricRecord: {'eval_loss': 1.839111214131117, 'eval_acc': 0.3427, 'time': 654.6060960292816}
[92mINFO [0m:      
[92mINFO [0m:      [ROUND 88/100]
[92mINFO [0m:      configure_train: Sampled 8 nodes (out of 10)
[92mINFO [0m:      aggregate_train: Received 10 results and 0 failures
[92mINFO [0m:      	└──> Aggregated MetricRecord: {'train_loss': 1.8420769039154052, 'train_time': 6.460643075220287, 'qtty_records': 10}
[92mINFO [0m:      configure_evaluate: Sampled 10 nodes (out of 10)
[92mINFO [0m:      aggregate_evaluate: Received 10 results and 0 failures
[92mINFO [0m:      	└──> Aggregated MetricRecord: {'eval_loss': 1.8465234499424699, 'eval_acc': 0.3426, 'time': 661.8666002750397}
[92mINFO [0m:      
[92mINFO [0m:      [ROUND 89/100]
[92mINFO [0m:      configure_train: Sampled 10 nodes (out of 10)
[92mINFO [0m:      aggregate_train: Received 8 results and 0 failures
[92mINFO [0m:      	└──> Aggregated MetricRecord: {'train_loss': 1.8146903804540633, 'train_time': 5.425189069705084, 'qtty_records': 8}
[92mINFO [0m:      configure_evaluate: Sampled 10 nodes (out of 10)
[92mINFO [0m:      aggregate_evaluate: Received 10 results and 0 failures
[92mINFO [0m:      	└──> Aggregated MetricRecord: {'eval_loss': 1.8291515726596117, 'eval_acc': 0.34110000000000007, 'time': 668.9980578422546}
[92mINFO [0m:      
[92mINFO [0m:      [ROUND 90/100]
[92mINFO [0m:      configure_train: Sampled 8 nodes (out of 10)
[92mINFO [0m:      aggregate_train: Received 10 results and 0 failures
[92mINFO [0m:      	└──> Aggregated MetricRecord: {'train_loss': 1.810465681266785, 'train_time': 6.450405011884868, 'qtty_records': 10}
[92mINFO [0m:      configure_evaluate: Sampled 10 nodes (out of 10)
[92mINFO [0m:      aggregate_evaluate: Received 10 results and 0 failures
[92mINFO [0m:      	└──> Aggregated MetricRecord: {'eval_loss': 1.776397578045726, 'eval_acc': 0.36319999999999997, 'time': 676.0553033351898}
[92mINFO [0m:      
[92mINFO [0m:      [ROUND 91/100]
[92mINFO [0m:      configure_train: Sampled 10 nodes (out of 10)
[92mINFO [0m:      aggregate_train: Received 8 results and 0 failures
[92mINFO [0m:      	└──> Aggregated MetricRecord: {'train_loss': 1.8104301054477694, 'train_time': 5.398183720884845, 'qtty_records': 8}
[92mINFO [0m:      configure_evaluate: Sampled 10 nodes (out of 10)
[92mINFO [0m:      aggregate_evaluate: Received 10 results and 0 failures
[92mINFO [0m:      	└──> Aggregated MetricRecord: {'eval_loss': 1.8158443320542577, 'eval_acc': 0.33320000000000005, 'time': 683.1859819889069}
[92mINFO [0m:      
[92mINFO [0m:      [ROUND 92/100]
[92mINFO [0m:      configure_train: Sampled 8 nodes (out of 10)
[92mINFO [0m:      aggregate_train: Received 10 results and 0 failures
[92mINFO [0m:      	└──> Aggregated MetricRecord: {'train_loss': 1.8416417856216432, 'train_time': 6.449689798988402, 'qtty_records': 10}
[92mINFO [0m:      configure_evaluate: Sampled 10 nodes (out of 10)
[92mINFO [0m:      aggregate_evaluate: Received 10 results and 0 failures
[92mINFO [0m:      	└──> Aggregated MetricRecord: {'eval_loss': 1.8164795618504288, 'eval_acc': 0.36500000000000005, 'time': 690.2206358909607}
[92mINFO [0m:      
[92mINFO [0m:      [ROUND 93/100]
[92mINFO [0m:      configure_train: Sampled 10 nodes (out of 10)
[92mINFO [0m:      aggregate_train: Received 8 results and 0 failures
[92mINFO [0m:      	└──> Aggregated MetricRecord: {'train_loss': 1.8010385361909866, 'train_time': 5.425675598438829, 'qtty_records': 8}
[92mINFO [0m:      configure_evaluate: Sampled 10 nodes (out of 10)
[92mINFO [0m:      aggregate_evaluate: Received 10 results and 0 failures
[92mINFO [0m:      	└──> Aggregated MetricRecord: {'eval_loss': 1.7949002005159853, 'eval_acc': 0.3488, 'time': 697.3498864173889}
[92mINFO [0m:      
[92mINFO [0m:      [ROUND 94/100]
[92mINFO [0m:      configure_train: Sampled 8 nodes (out of 10)
[92mINFO [0m:      aggregate_train: Received 10 results and 0 failures
[92mINFO [0m:      	└──> Aggregated MetricRecord: {'train_loss': 1.8166976206779482, 'train_time': 6.451568448916078, 'qtty_records': 10}
[92mINFO [0m:      configure_evaluate: Sampled 10 nodes (out of 10)
[92mINFO [0m:      aggregate_evaluate: Received 10 results and 0 failures
[92mINFO [0m:      	└──> Aggregated MetricRecord: {'eval_loss': 1.8305771227926018, 'eval_acc': 0.3516, 'time': 704.3833267688751}
[92mINFO [0m:      
[92mINFO [0m:      [ROUND 95/100]
[92mINFO [0m:      configure_train: Sampled 10 nodes (out of 10)
[92mINFO [0m:      aggregate_train: Received 8 results and 0 failures
[92mINFO [0m:      	└──> Aggregated MetricRecord: {'train_loss': 1.8156279799342157, 'train_time': 5.42292540287599, 'qtty_records': 8}
[92mINFO [0m:      configure_evaluate: Sampled 10 nodes (out of 10)
[92mINFO [0m:      aggregate_evaluate: Received 10 results and 0 failures
[92mINFO [0m:      	└──> Aggregated MetricRecord: {'eval_loss': 1.8154635816812517, 'eval_acc': 0.34500000000000003, 'time': 711.5162184238434}
[92mINFO [0m:      
[92mINFO [0m:      [ROUND 96/100]
[92mINFO [0m:      configure_train: Sampled 8 nodes (out of 10)
[92mINFO [0m:      aggregate_train: Received 10 results and 0 failures
[92mINFO [0m:      	└──> Aggregated MetricRecord: {'train_loss': 1.8366503785133361, 'train_time': 6.448978527635336, 'qtty_records': 10}
[92mINFO [0m:      configure_evaluate: Sampled 10 nodes (out of 10)
[92mINFO [0m:      aggregate_evaluate: Received 10 results and 0 failures
[92mINFO [0m:      	└──> Aggregated MetricRecord: {'eval_loss': 1.8324414119124415, 'eval_acc': 0.34570000000000006, 'time': 718.5498471260071}
[92mINFO [0m:      
[92mINFO [0m:      [ROUND 97/100]
[92mINFO [0m:      configure_train: Sampled 10 nodes (out of 10)
[92mINFO [0m:      aggregate_train: Received 8 results and 0 failures
[92mINFO [0m:      	└──> Aggregated MetricRecord: {'train_loss': 1.8070547918081283, 'train_time': 5.419715716969222, 'qtty_records': 8}
[92mINFO [0m:      configure_evaluate: Sampled 10 nodes (out of 10)
[92mINFO [0m:      aggregate_evaluate: Received 10 results and 0 failures
[92mINFO [0m:      	└──> Aggregated MetricRecord: {'eval_loss': 1.853139278665185, 'eval_acc': 0.3457, 'time': 725.6800985336304}
[92mINFO [0m:      
[92mINFO [0m:      [ROUND 98/100]
[92mINFO [0m:      configure_train: Sampled 8 nodes (out of 10)
[92mINFO [0m:      aggregate_train: Received 10 results and 0 failures
[92mINFO [0m:      	└──> Aggregated MetricRecord: {'train_loss': 1.8439480328559876, 'train_time': 6.438224310241639, 'qtty_records': 10}
[92mINFO [0m:      configure_evaluate: Sampled 10 nodes (out of 10)
[92mINFO [0m:      aggregate_evaluate: Received 10 results and 0 failures
[92mINFO [0m:      	└──> Aggregated MetricRecord: {'eval_loss': 1.816613536328077, 'eval_acc': 0.36910000000000004, 'time': 732.8148639202118}
[92mINFO [0m:      
[92mINFO [0m:      [ROUND 99/100]
[92mINFO [0m:      configure_train: Sampled 10 nodes (out of 10)
[92mINFO [0m:      aggregate_train: Received 8 results and 0 failures
[92mINFO [0m:      	└──> Aggregated MetricRecord: {'train_loss': 1.8080788645744321, 'train_time': 5.425045992480591, 'qtty_records': 8}
[92mINFO [0m:      configure_evaluate: Sampled 10 nodes (out of 10)
[92mINFO [0m:      aggregate_evaluate: Received 10 results and 0 failures
[92mINFO [0m:      	└──> Aggregated MetricRecord: {'eval_loss': 1.8130119059234857, 'eval_acc': 0.3515, 'time': 740.0569050312042}
[92mINFO [0m:      
[92mINFO [0m:      [ROUND 100/100]
[92mINFO [0m:      configure_train: Sampled 8 nodes (out of 10)
[92mINFO [0m:      aggregate_train: Received 10 results and 0 failures
[92mINFO [0m:      	└──> Aggregated MetricRecord: {'train_loss': 1.8237657525062563, 'train_time': 6.443559346348048, 'qtty_records': 10}
[92mINFO [0m:      configure_evaluate: Sampled 10 nodes (out of 10)
[92mINFO [0m:      aggregate_evaluate: Received 10 results and 0 failures
[92mINFO [0m:      	└──> Aggregated MetricRecord: {'eval_loss': 1.8106259200721984, 'eval_acc': 0.3576000000000001, 'time': 747.0905721187592}
[92mINFO [0m:      
[92mINFO [0m:      Strategy execution finished in 747.09s
[92mINFO [0m:      
[92mINFO [0m:      Final results:
[92mINFO [0m:      
[92mINFO [0m:      	Global Arrays:
[92mINFO [0m:      		ArrayRecord (0.238 MB)
[92mINFO [0m:      	
[92mINFO [0m:      	Aggregated ClientApp-side Train Metrics:
[92mINFO [0m:      	{ 1: { 'qtty_records': '8',
[92mINFO [0m:      	       'train_loss': '2.2285e+00',
[92mINFO [0m:      	       'train_time': '7.4774e+00'},
[92mINFO [0m:      	  2: { 'qtty_records': '10',
[92mINFO [0m:      	       'train_loss': '2.1567e+00',
[92mINFO [0m:      	       'train_time': '6.8395e+00'},
[92mINFO [0m:      	  3: { 'qtty_records': '8',
[92mINFO [0m:      	       'train_loss': '2.0793e+00',
[92mINFO [0m:      	       'train_time': '5.4162e+00'},
[92mINFO [0m:      	  4: { 'qtty_records': '10',
[92mINFO [0m:      	       'train_loss': '2.0595e+00',
[92mINFO [0m:      	       'train_time': '6.4680e+00'},
[92mINFO [0m:      	  5: { 'qtty_records': '8',
[92mINFO [0m:      	       'train_loss': '2.0353e+00',
[92mINFO [0m:      	       'train_time': '5.4351e+00'},
[92mINFO [0m:      	  6: { 'qtty_records': '10',
[92mINFO [0m:      	       'train_loss': '2.0219e+00',
[92mINFO [0m:      	       'train_time': '6.4591e+00'},
[92mINFO [0m:      	  7: { 'qtty_records': '8',
[92mINFO [0m:      	       'train_loss': '1.9997e+00',
[92mINFO [0m:      	       'train_time': '5.4083e+00'},
[92mINFO [0m:      	  8: { 'qtty_records': '10',
[92mINFO [0m:      	       'train_loss': '1.9751e+00',
[92mINFO [0m:      	       'train_time': '6.4618e+00'},
[92mINFO [0m:      	  9: { 'qtty_records': '8',
[92mINFO [0m:      	       'train_loss': '1.9419e+00',
[92mINFO [0m:      	       'train_time': '5.4017e+00'},
[92mINFO [0m:      	  10: { 'qtty_records': '10',
[92mINFO [0m:      	        'train_loss': '1.9532e+00',
[92mINFO [0m:      	        'train_time': '6.4398e+00'},
[92mINFO [0m:      	  11: { 'qtty_records': '8',
[92mINFO [0m:      	        'train_loss': '1.9377e+00',
[92mINFO [0m:      	        'train_time': '5.4064e+00'},
[92mINFO [0m:      	  12: { 'qtty_records': '10',
[92mINFO [0m:      	        'train_loss': '1.9301e+00',
[92mINFO [0m:      	        'train_time': '6.4331e+00'},
[92mINFO [0m:      	  13: { 'qtty_records': '8',
[92mINFO [0m:      	        'train_loss': '1.9198e+00',
[92mINFO [0m:      	        'train_time': '5.4224e+00'},
[92mINFO [0m:      	  14: { 'qtty_records': '10',
[92mINFO [0m:      	        'train_loss': '1.9217e+00',
[92mINFO [0m:      	        'train_time': '6.4645e+00'},
[92mINFO [0m:      	  15: { 'qtty_records': '8',
[92mINFO [0m:      	        'train_loss': '1.9008e+00',
[92mINFO [0m:      	        'train_time': '5.4274e+00'},
[92mINFO [0m:      	  16: { 'qtty_records': '10',
[92mINFO [0m:      	        'train_loss': '1.8867e+00',
[92mINFO [0m:      	        'train_time': '6.4622e+00'},
[92mINFO [0m:      	  17: { 'qtty_records': '8',
[92mINFO [0m:      	        'train_loss': '1.8825e+00',
[92mINFO [0m:      	        'train_time': '5.4226e+00'},
[92mINFO [0m:      	  18: { 'qtty_records': '10',
[92mINFO [0m:      	        'train_loss': '1.8968e+00',
[92mINFO [0m:      	        'train_time': '6.4560e+00'},
[92mINFO [0m:      	  19: { 'qtty_records': '8',
[92mINFO [0m:      	        'train_loss': '1.8724e+00',
[92mINFO [0m:      	        'train_time': '5.4271e+00'},
[92mINFO [0m:      	  20: { 'qtty_records': '10',
[92mINFO [0m:      	        'train_loss': '1.8605e+00',
[92mINFO [0m:      	        'train_time': '6.4635e+00'},
[92mINFO [0m:      	  21: { 'qtty_records': '8',
[92mINFO [0m:      	        'train_loss': '1.8610e+00',
[92mINFO [0m:      	        'train_time': '5.4012e+00'},
[92mINFO [0m:      	  22: { 'qtty_records': '10',
[92mINFO [0m:      	        'train_loss': '1.8672e+00',
[92mINFO [0m:      	        'train_time': '6.4366e+00'},
[92mINFO [0m:      	  23: { 'qtty_records': '8',
[92mINFO [0m:      	        'train_loss': '1.8676e+00',
[92mINFO [0m:      	        'train_time': '5.4245e+00'},
[92mINFO [0m:      	  24: { 'qtty_records': '10',
[92mINFO [0m:      	        'train_loss': '1.8650e+00',
[92mINFO [0m:      	        'train_time': '6.4604e+00'},
[92mINFO [0m:      	  25: { 'qtty_records': '8',
[92mINFO [0m:      	        'train_loss': '1.8956e+00',
[92mINFO [0m:      	        'train_time': '5.4291e+00'},
[92mINFO [0m:      	  26: { 'qtty_records': '10',
[92mINFO [0m:      	        'train_loss': '1.8643e+00',
[92mINFO [0m:      	        'train_time': '6.4646e+00'},
[92mINFO [0m:      	  27: { 'qtty_records': '8',
[92mINFO [0m:      	        'train_loss': '1.8410e+00',
[92mINFO [0m:      	        'train_time': '5.4112e+00'},
[92mINFO [0m:      	  28: { 'qtty_records': '10',
[92mINFO [0m:      	        'train_loss': '1.8368e+00',
[92mINFO [0m:      	        'train_time': '6.4616e+00'},
[92mINFO [0m:      	  29: { 'qtty_records': '8',
[92mINFO [0m:      	        'train_loss': '1.8378e+00',
[92mINFO [0m:      	        'train_time': '5.4083e+00'},
[92mINFO [0m:      	  30: { 'qtty_records': '10',
[92mINFO [0m:      	        'train_loss': '1.8293e+00',
[92mINFO [0m:      	        'train_time': '6.4586e+00'},
[92mINFO [0m:      	  31: { 'qtty_records': '8',
[92mINFO [0m:      	        'train_loss': '1.8347e+00',
[92mINFO [0m:      	        'train_time': '5.3906e+00'},
[92mINFO [0m:      	  32: { 'qtty_records': '10',
[92mINFO [0m:      	        'train_loss': '1.8610e+00',
[92mINFO [0m:      	        'train_time': '6.4409e+00'},
[92mINFO [0m:      	  33: { 'qtty_records': '8',
[92mINFO [0m:      	        'train_loss': '1.8299e+00',
[92mINFO [0m:      	        'train_time': '5.4169e+00'},
[92mINFO [0m:      	  34: { 'qtty_records': '10',
[92mINFO [0m:      	        'train_loss': '1.8409e+00',
[92mINFO [0m:      	        'train_time': '6.4469e+00'},
[92mINFO [0m:      	  35: { 'qtty_records': '8',
[92mINFO [0m:      	        'train_loss': '1.8207e+00',
[92mINFO [0m:      	        'train_time': '5.4348e+00'},
[92mINFO [0m:      	  36: { 'qtty_records': '10',
[92mINFO [0m:      	        'train_loss': '1.8280e+00',
[92mINFO [0m:      	        'train_time': '6.4543e+00'},
[92mINFO [0m:      	  37: { 'qtty_records': '8',
[92mINFO [0m:      	        'train_loss': '1.8198e+00',
[92mINFO [0m:      	        'train_time': '5.4014e+00'},
[92mINFO [0m:      	  38: { 'qtty_records': '10',
[92mINFO [0m:      	        'train_loss': '1.8328e+00',
[92mINFO [0m:      	        'train_time': '6.4521e+00'},
[92mINFO [0m:      	  39: { 'qtty_records': '8',
[92mINFO [0m:      	        'train_loss': '1.8102e+00',
[92mINFO [0m:      	        'train_time': '5.4279e+00'},
[92mINFO [0m:      	  40: { 'qtty_records': '10',
[92mINFO [0m:      	        'train_loss': '1.8567e+00',
[92mINFO [0m:      	        'train_time': '6.4339e+00'},
[92mINFO [0m:      	  41: { 'qtty_records': '8',
[92mINFO [0m:      	        'train_loss': '1.8262e+00',
[92mINFO [0m:      	        'train_time': '5.4053e+00'},
[92mINFO [0m:      	  42: { 'qtty_records': '10',
[92mINFO [0m:      	        'train_loss': '1.8368e+00',
[92mINFO [0m:      	        'train_time': '6.4397e+00'},
[92mINFO [0m:      	  43: { 'qtty_records': '8',
[92mINFO [0m:      	        'train_loss': '1.8189e+00',
[92mINFO [0m:      	        'train_time': '5.4182e+00'},
[92mINFO [0m:      	  44: { 'qtty_records': '10',
[92mINFO [0m:      	        'train_loss': '1.8293e+00',
[92mINFO [0m:      	        'train_time': '6.4563e+00'},
[92mINFO [0m:      	  45: { 'qtty_records': '8',
[92mINFO [0m:      	        'train_loss': '1.8211e+00',
[92mINFO [0m:      	        'train_time': '5.4037e+00'},
[92mINFO [0m:      	  46: { 'qtty_records': '10',
[92mINFO [0m:      	        'train_loss': '1.8447e+00',
[92mINFO [0m:      	        'train_time': '6.4395e+00'},
[92mINFO [0m:      	  47: { 'qtty_records': '8',
[92mINFO [0m:      	        'train_loss': '1.8126e+00',
[92mINFO [0m:      	        'train_time': '5.4008e+00'},
[92mINFO [0m:      	  48: { 'qtty_records': '10',
[92mINFO [0m:      	        'train_loss': '1.8403e+00',
[92mINFO [0m:      	        'train_time': '6.4334e+00'},
[92mINFO [0m:      	  49: { 'qtty_records': '8',
[92mINFO [0m:      	        'train_loss': '1.8145e+00',
[92mINFO [0m:      	        'train_time': '5.4262e+00'},
[92mINFO [0m:      	  50: { 'qtty_records': '10',
[92mINFO [0m:      	        'train_loss': '1.8131e+00',
[92mINFO [0m:      	        'train_time': '6.4478e+00'},
[92mINFO [0m:      	  51: { 'qtty_records': '8',
[92mINFO [0m:      	        'train_loss': '1.8200e+00',
[92mINFO [0m:      	        'train_time': '5.4032e+00'},
[92mINFO [0m:      	  52: { 'qtty_records': '10',
[92mINFO [0m:      	        'train_loss': '1.8287e+00',
[92mINFO [0m:      	        'train_time': '6.4427e+00'},
[92mINFO [0m:      	  53: { 'qtty_records': '8',
[92mINFO [0m:      	        'train_loss': '1.8041e+00',
[92mINFO [0m:      	        'train_time': '5.4071e+00'},
[92mINFO [0m:      	  54: { 'qtty_records': '10',
[92mINFO [0m:      	        'train_loss': '1.8159e+00',
[92mINFO [0m:      	        'train_time': '6.4653e+00'},
[92mINFO [0m:      	  55: { 'qtty_records': '8',
[92mINFO [0m:      	        'train_loss': '1.8061e+00',
[92mINFO [0m:      	        'train_time': '5.4241e+00'},
[92mINFO [0m:      	  56: { 'qtty_records': '10',
[92mINFO [0m:      	        'train_loss': '1.8457e+00',
[92mINFO [0m:      	        'train_time': '6.4759e+00'},
[92mINFO [0m:      	  57: { 'qtty_records': '8',
[92mINFO [0m:      	        'train_loss': '1.8197e+00',
[92mINFO [0m:      	        'train_time': '5.4403e+00'},
[92mINFO [0m:      	  58: { 'qtty_records': '10',
[92mINFO [0m:      	        'train_loss': '1.8361e+00',
[92mINFO [0m:      	        'train_time': '6.4619e+00'},
[92mINFO [0m:      	  59: { 'qtty_records': '8',
[92mINFO [0m:      	        'train_loss': '1.8182e+00',
[92mINFO [0m:      	        'train_time': '5.4111e+00'},
[92mINFO [0m:      	  60: { 'qtty_records': '10',
[92mINFO [0m:      	        'train_loss': '1.8243e+00',
[92mINFO [0m:      	        'train_time': '6.4646e+00'},
[92mINFO [0m:      	  61: { 'qtty_records': '8',
[92mINFO [0m:      	        'train_loss': '1.8111e+00',
[92mINFO [0m:      	        'train_time': '5.4100e+00'},
[92mINFO [0m:      	  62: { 'qtty_records': '10',
[92mINFO [0m:      	        'train_loss': '1.8150e+00',
[92mINFO [0m:      	        'train_time': '6.4694e+00'},
[92mINFO [0m:      	  63: { 'qtty_records': '8',
[92mINFO [0m:      	        'train_loss': '1.8206e+00',
[92mINFO [0m:      	        'train_time': '5.4124e+00'},
[92mINFO [0m:      	  64: { 'qtty_records': '10',
[92mINFO [0m:      	        'train_loss': '1.8217e+00',
[92mINFO [0m:      	        'train_time': '6.4654e+00'},
[92mINFO [0m:      	  65: { 'qtty_records': '8',
[92mINFO [0m:      	        'train_loss': '1.8038e+00',
[92mINFO [0m:      	        'train_time': '5.3992e+00'},
[92mINFO [0m:      	  66: { 'qtty_records': '10',
[92mINFO [0m:      	        'train_loss': '1.8300e+00',
[92mINFO [0m:      	        'train_time': '6.4675e+00'},
[92mINFO [0m:      	  67: { 'qtty_records': '8',
[92mINFO [0m:      	        'train_loss': '1.8129e+00',
[92mINFO [0m:      	        'train_time': '5.4018e+00'},
[92mINFO [0m:      	  68: { 'qtty_records': '10',
[92mINFO [0m:      	        'train_loss': '1.8343e+00',
[92mINFO [0m:      	        'train_time': '6.4540e+00'},
[92mINFO [0m:      	  69: { 'qtty_records': '8',
[92mINFO [0m:      	        'train_loss': '1.7764e+00',
[92mINFO [0m:      	        'train_time': '5.4176e+00'},
[92mINFO [0m:      	  70: { 'qtty_records': '10',
[92mINFO [0m:      	        'train_loss': '1.8208e+00',
[92mINFO [0m:      	        'train_time': '6.4507e+00'},
[92mINFO [0m:      	  71: { 'qtty_records': '8',
[92mINFO [0m:      	        'train_loss': '1.8161e+00',
[92mINFO [0m:      	        'train_time': '5.4094e+00'},
[92mINFO [0m:      	  72: { 'qtty_records': '10',
[92mINFO [0m:      	        'train_loss': '1.8425e+00',
[92mINFO [0m:      	        'train_time': '6.4521e+00'},
[92mINFO [0m:      	  73: { 'qtty_records': '8',
[92mINFO [0m:      	        'train_loss': '1.8284e+00',
[92mINFO [0m:      	        'train_time': '5.4190e+00'},
[92mINFO [0m:      	  74: { 'qtty_records': '10',
[92mINFO [0m:      	        'train_loss': '1.8263e+00',
[92mINFO [0m:      	        'train_time': '6.4542e+00'},
[92mINFO [0m:      	  75: { 'qtty_records': '8',
[92mINFO [0m:      	        'train_loss': '1.7970e+00',
[92mINFO [0m:      	        'train_time': '5.4296e+00'},
[92mINFO [0m:      	  76: { 'qtty_records': '10',
[92mINFO [0m:      	        'train_loss': '1.8364e+00',
[92mINFO [0m:      	        'train_time': '6.4696e+00'},
[92mINFO [0m:      	  77: { 'qtty_records': '8',
[92mINFO [0m:      	        'train_loss': '1.8069e+00',
[92mINFO [0m:      	        'train_time': '5.4186e+00'},
[92mINFO [0m:      	  78: { 'qtty_records': '10',
[92mINFO [0m:      	        'train_loss': '1.8286e+00',
[92mINFO [0m:      	        'train_time': '6.4667e+00'},
[92mINFO [0m:      	  79: { 'qtty_records': '8',
[92mINFO [0m:      	        'train_loss': '1.8005e+00',
[92mINFO [0m:      	        'train_time': '5.4142e+00'},
[92mINFO [0m:      	  80: { 'qtty_records': '10',
[92mINFO [0m:      	        'train_loss': '1.8325e+00',
[92mINFO [0m:      	        'train_time': '6.4518e+00'},
[92mINFO [0m:      	  81: { 'qtty_records': '8',
[92mINFO [0m:      	        'train_loss': '1.8303e+00',
[92mINFO [0m:      	        'train_time': '5.3934e+00'},
[92mINFO [0m:      	  82: { 'qtty_records': '10',
[92mINFO [0m:      	        'train_loss': '1.8241e+00',
[92mINFO [0m:      	        'train_time': '6.4314e+00'},
[92mINFO [0m:      	  83: { 'qtty_records': '8',
[92mINFO [0m:      	        'train_loss': '1.8312e+00',
[92mINFO [0m:      	        'train_time': '5.4062e+00'},
[92mINFO [0m:      	  84: { 'qtty_records': '10',
[92mINFO [0m:      	        'train_loss': '1.8407e+00',
[92mINFO [0m:      	        'train_time': '6.4593e+00'},
[92mINFO [0m:      	  85: { 'qtty_records': '8',
[92mINFO [0m:      	        'train_loss': '1.8188e+00',
[92mINFO [0m:      	        'train_time': '5.4181e+00'},
[92mINFO [0m:      	  86: { 'qtty_records': '10',
[92mINFO [0m:      	        'train_loss': '1.8291e+00',
[92mINFO [0m:      	        'train_time': '6.4338e+00'},
[92mINFO [0m:      	  87: { 'qtty_records': '8',
[92mINFO [0m:      	        'train_loss': '1.8169e+00',
[92mINFO [0m:      	        'train_time': '5.3943e+00'},
[92mINFO [0m:      	  88: { 'qtty_records': '10',
[92mINFO [0m:      	        'train_loss': '1.8421e+00',
[92mINFO [0m:      	        'train_time': '6.4606e+00'},
[92mINFO [0m:      	  89: { 'qtty_records': '8',
[92mINFO [0m:      	        'train_loss': '1.8147e+00',
[92mINFO [0m:      	        'train_time': '5.4252e+00'},
[92mINFO [0m:      	  90: { 'qtty_records': '10',
[92mINFO [0m:      	        'train_loss': '1.8105e+00',
[92mINFO [0m:      	        'train_time': '6.4504e+00'},
[92mINFO [0m:      	  91: { 'qtty_records': '8',
[92mINFO [0m:      	        'train_loss': '1.8104e+00',
[92mINFO [0m:      	        'train_time': '5.3982e+00'},
[92mINFO [0m:      	  92: { 'qtty_records': '10',
[92mINFO [0m:      	        'train_loss': '1.8416e+00',
[92mINFO [0m:      	        'train_time': '6.4497e+00'},
[92mINFO [0m:      	  93: { 'qtty_records': '8',
[92mINFO [0m:      	        'train_loss': '1.8010e+00',
[92mINFO [0m:      	        'train_time': '5.4257e+00'},
[92mINFO [0m:      	  94: { 'qtty_records': '10',
[92mINFO [0m:      	        'train_loss': '1.8167e+00',
[92mINFO [0m:      	        'train_time': '6.4516e+00'},
[92mINFO [0m:      	  95: { 'qtty_records': '8',
[92mINFO [0m:      	        'train_loss': '1.8156e+00',
[92mINFO [0m:      	        'train_time': '5.4229e+00'},
[92mINFO [0m:      	  96: { 'qtty_records': '10',
[92mINFO [0m:      	        'train_loss': '1.8367e+00',
[92mINFO [0m:      	        'train_time': '6.4490e+00'},
[92mINFO [0m:      	  97: { 'qtty_records': '8',
[92mINFO [0m:      	        'train_loss': '1.8071e+00',
[92mINFO [0m:      	        'train_time': '5.4197e+00'},
[92mINFO [0m:      	  98: { 'qtty_records': '10',
[92mINFO [0m:      	        'train_loss': '1.8439e+00',
[92mINFO [0m:      	        'train_time': '6.4382e+00'},
[92mINFO [0m:      	  99: { 'qtty_records': '8',
[92mINFO [0m:      	        'train_loss': '1.8081e+00',
[92mINFO [0m:      	        'train_time': '5.4250e+00'},
[92mINFO [0m:      	  100: { 'qtty_records': '10',
[92mINFO [0m:      	         'train_loss': '1.8238e+00',
[92mINFO [0m:      	         'train_time': '6.4436e+00'}}
[92mINFO [0m:      	
[92mINFO [0m:      	Aggregated ClientApp-side Evaluate Metrics:
[92mINFO [0m:      	{ 1: { 'eval_acc': '1.0040e-01',
[92mINFO [0m:      	       'eval_loss': '2.3446e+00',
[92mINFO [0m:      	       'time': '4.4835e+01'},
[92mINFO [0m:      	  2: { 'eval_acc': '1.8070e-01',
[92mINFO [0m:      	       'eval_loss': '2.1886e+00',
[92mINFO [0m:      	       'time': '5.1881e+01'},
[92mINFO [0m:      	  3: { 'eval_acc': '2.0770e-01',
[92mINFO [0m:      	       'eval_loss': '2.1167e+00',
[92mINFO [0m:      	       'time': '5.9013e+01'},
[92mINFO [0m:      	  4: { 'eval_acc': '2.2090e-01',
[92mINFO [0m:      	       'eval_loss': '2.0719e+00',
[92mINFO [0m:      	       'time': '6.6048e+01'},
[92mINFO [0m:      	  5: { 'eval_acc': '2.2780e-01',
[92mINFO [0m:      	       'eval_loss': '2.0664e+00',
[92mINFO [0m:      	       'time': '7.3179e+01'},
[92mINFO [0m:      	  6: { 'eval_acc': '2.5130e-01',
[92mINFO [0m:      	       'eval_loss': '2.0587e+00',
[92mINFO [0m:      	       'time': '8.0236e+01'},
[92mINFO [0m:      	  7: { 'eval_acc': '2.8240e-01',
[92mINFO [0m:      	       'eval_loss': '2.0323e+00',
[92mINFO [0m:      	       'time': '8.7366e+01'},
[92mINFO [0m:      	  8: { 'eval_acc': '2.5320e-01',
[92mINFO [0m:      	       'eval_loss': '1.9904e+00',
[92mINFO [0m:      	       'time': '9.4424e+01'},
[92mINFO [0m:      	  9: { 'eval_acc': '2.4650e-01',
[92mINFO [0m:      	       'eval_loss': '1.9559e+00',
[92mINFO [0m:      	       'time': '1.0156e+02'},
[92mINFO [0m:      	  10: { 'eval_acc': '2.5800e-01',
[92mINFO [0m:      	        'eval_loss': '1.9886e+00',
[92mINFO [0m:      	        'time': '1.0861e+02'},
[92mINFO [0m:      	  11: { 'eval_acc': '2.9770e-01',
[92mINFO [0m:      	        'eval_loss': '1.9027e+00',
[92mINFO [0m:      	        'time': '1.1575e+02'},
[92mINFO [0m:      	  12: { 'eval_acc': '2.8770e-01',
[92mINFO [0m:      	        'eval_loss': '1.9105e+00',
[92mINFO [0m:      	        'time': '1.2281e+02'},
[92mINFO [0m:      	  13: { 'eval_acc': '2.9910e-01',
[92mINFO [0m:      	        'eval_loss': '1.8855e+00',
[92mINFO [0m:      	        'time': '1.2994e+02'},
[92mINFO [0m:      	  14: { 'eval_acc': '2.6700e-01',
[92mINFO [0m:      	        'eval_loss': '1.9410e+00',
[92mINFO [0m:      	        'time': '1.3710e+02'},
[92mINFO [0m:      	  15: { 'eval_acc': '3.0210e-01',
[92mINFO [0m:      	        'eval_loss': '1.8819e+00',
[92mINFO [0m:      	        'time': '1.4423e+02'},
[92mINFO [0m:      	  16: { 'eval_acc': '3.2560e-01',
[92mINFO [0m:      	        'eval_loss': '1.8480e+00',
[92mINFO [0m:      	        'time': '1.5139e+02'},
[92mINFO [0m:      	  17: { 'eval_acc': '3.0030e-01',
[92mINFO [0m:      	        'eval_loss': '1.8656e+00',
[92mINFO [0m:      	        'time': '1.5842e+02'},
[92mINFO [0m:      	  18: { 'eval_acc': '2.9680e-01',
[92mINFO [0m:      	        'eval_loss': '1.9095e+00',
[92mINFO [0m:      	        'time': '1.6549e+02'},
[92mINFO [0m:      	  19: { 'eval_acc': '3.2590e-01',
[92mINFO [0m:      	        'eval_loss': '1.8293e+00',
[92mINFO [0m:      	        'time': '1.7252e+02'},
[92mINFO [0m:      	  20: { 'eval_acc': '3.0320e-01',
[92mINFO [0m:      	        'eval_loss': '1.8615e+00',
[92mINFO [0m:      	        'time': '1.7958e+02'},
[92mINFO [0m:      	  21: { 'eval_acc': '3.0360e-01',
[92mINFO [0m:      	        'eval_loss': '1.8737e+00',
[92mINFO [0m:      	        'time': '1.8661e+02'},
[92mINFO [0m:      	  22: { 'eval_acc': '3.1460e-01',
[92mINFO [0m:      	        'eval_loss': '1.8604e+00',
[92mINFO [0m:      	        'time': '1.9367e+02'},
[92mINFO [0m:      	  23: { 'eval_acc': '3.3260e-01',
[92mINFO [0m:      	        'eval_loss': '1.8751e+00',
[92mINFO [0m:      	        'time': '2.0070e+02'},
[92mINFO [0m:      	  24: { 'eval_acc': '3.2870e-01',
[92mINFO [0m:      	        'eval_loss': '1.8527e+00',
[92mINFO [0m:      	        'time': '2.0785e+02'},
[92mINFO [0m:      	  25: { 'eval_acc': '3.3470e-01',
[92mINFO [0m:      	        'eval_loss': '1.8681e+00',
[92mINFO [0m:      	        'time': '2.1488e+02'},
[92mINFO [0m:      	  26: { 'eval_acc': '3.2770e-01',
[92mINFO [0m:      	        'eval_loss': '1.8361e+00',
[92mINFO [0m:      	        'time': '2.2193e+02'},
[92mINFO [0m:      	  27: { 'eval_acc': '3.2460e-01',
[92mINFO [0m:      	        'eval_loss': '1.8429e+00',
[92mINFO [0m:      	        'time': '2.2896e+02'},
[92mINFO [0m:      	  28: { 'eval_acc': '3.4280e-01',
[92mINFO [0m:      	        'eval_loss': '1.8354e+00',
[92mINFO [0m:      	        'time': '2.3602e+02'},
[92mINFO [0m:      	  29: { 'eval_acc': '3.3220e-01',
[92mINFO [0m:      	        'eval_loss': '1.8332e+00',
[92mINFO [0m:      	        'time': '2.4315e+02'},
[92mINFO [0m:      	  30: { 'eval_acc': '3.4930e-01',
[92mINFO [0m:      	        'eval_loss': '1.8053e+00',
[92mINFO [0m:      	        'time': '2.5018e+02'},
[92mINFO [0m:      	  31: { 'eval_acc': '3.4420e-01',
[92mINFO [0m:      	        'eval_loss': '1.8377e+00',
[92mINFO [0m:      	        'time': '2.5732e+02'},
[92mINFO [0m:      	  32: { 'eval_acc': '3.2730e-01',
[92mINFO [0m:      	        'eval_loss': '1.8575e+00',
[92mINFO [0m:      	        'time': '2.6436e+02'},
[92mINFO [0m:      	  33: { 'eval_acc': '3.4900e-01',
[92mINFO [0m:      	        'eval_loss': '1.8308e+00',
[92mINFO [0m:      	        'time': '2.7150e+02'},
[92mINFO [0m:      	  34: { 'eval_acc': '3.3420e-01',
[92mINFO [0m:      	        'eval_loss': '1.8534e+00',
[92mINFO [0m:      	        'time': '2.7853e+02'},
[92mINFO [0m:      	  35: { 'eval_acc': '3.5440e-01',
[92mINFO [0m:      	        'eval_loss': '1.7766e+00',
[92mINFO [0m:      	        'time': '2.8557e+02'},
[92mINFO [0m:      	  36: { 'eval_acc': '3.4700e-01',
[92mINFO [0m:      	        'eval_loss': '1.8279e+00',
[92mINFO [0m:      	        'time': '2.9262e+02'},
[92mINFO [0m:      	  37: { 'eval_acc': '3.3810e-01',
[92mINFO [0m:      	        'eval_loss': '1.8427e+00',
[92mINFO [0m:      	        'time': '2.9977e+02'},
[92mINFO [0m:      	  38: { 'eval_acc': '3.5830e-01',
[92mINFO [0m:      	        'eval_loss': '1.8176e+00',
[92mINFO [0m:      	        'time': '3.0683e+02'},
[92mINFO [0m:      	  39: { 'eval_acc': '3.4580e-01',
[92mINFO [0m:      	        'eval_loss': '1.8309e+00',
[92mINFO [0m:      	        'time': '3.1396e+02'},
[92mINFO [0m:      	  40: { 'eval_acc': '3.4610e-01',
[92mINFO [0m:      	        'eval_loss': '1.8306e+00',
[92mINFO [0m:      	        'time': '3.2102e+02'},
[92mINFO [0m:      	  41: { 'eval_acc': '3.6320e-01',
[92mINFO [0m:      	        'eval_loss': '1.7813e+00',
[92mINFO [0m:      	        'time': '3.2814e+02'},
[92mINFO [0m:      	  42: { 'eval_acc': '3.3950e-01',
[92mINFO [0m:      	        'eval_loss': '1.8348e+00',
[92mINFO [0m:      	        'time': '3.3520e+02'},
[92mINFO [0m:      	  43: { 'eval_acc': '3.5820e-01',
[92mINFO [0m:      	        'eval_loss': '1.8200e+00',
[92mINFO [0m:      	        'time': '3.4233e+02'},
[92mINFO [0m:      	  44: { 'eval_acc': '3.3870e-01',
[92mINFO [0m:      	        'eval_loss': '1.8311e+00',
[92mINFO [0m:      	        'time': '3.4950e+02'},
[92mINFO [0m:      	  45: { 'eval_acc': '3.3970e-01',
[92mINFO [0m:      	        'eval_loss': '1.8591e+00',
[92mINFO [0m:      	        'time': '3.5664e+02'},
[92mINFO [0m:      	  46: { 'eval_acc': '3.5950e-01',
[92mINFO [0m:      	        'eval_loss': '1.8200e+00',
[92mINFO [0m:      	        'time': '3.6380e+02'},
[92mINFO [0m:      	  47: { 'eval_acc': '3.1740e-01',
[92mINFO [0m:      	        'eval_loss': '1.8372e+00',
[92mINFO [0m:      	        'time': '3.7083e+02'},
[92mINFO [0m:      	  48: { 'eval_acc': '3.5260e-01',
[92mINFO [0m:      	        'eval_loss': '1.8468e+00',
[92mINFO [0m:      	        'time': '3.7799e+02'},
[92mINFO [0m:      	  49: { 'eval_acc': '3.5250e-01',
[92mINFO [0m:      	        'eval_loss': '1.7864e+00',
[92mINFO [0m:      	        'time': '3.8502e+02'},
[92mINFO [0m:      	  50: { 'eval_acc': '3.5820e-01',
[92mINFO [0m:      	        'eval_loss': '1.8229e+00',
[92mINFO [0m:      	        'time': '3.9215e+02'},
[92mINFO [0m:      	  51: { 'eval_acc': '3.3290e-01',
[92mINFO [0m:      	        'eval_loss': '1.8214e+00',
[92mINFO [0m:      	        'time': '3.9918e+02'},
[92mINFO [0m:      	  52: { 'eval_acc': '3.6700e-01',
[92mINFO [0m:      	        'eval_loss': '1.8055e+00',
[92mINFO [0m:      	        'time': '4.0624e+02'},
[92mINFO [0m:      	  53: { 'eval_acc': '3.7140e-01',
[92mINFO [0m:      	        'eval_loss': '1.7830e+00',
[92mINFO [0m:      	        'time': '4.1327e+02'},
[92mINFO [0m:      	  54: { 'eval_acc': '3.4260e-01',
[92mINFO [0m:      	        'eval_loss': '1.8312e+00',
[92mINFO [0m:      	        'time': '4.2041e+02'},
[92mINFO [0m:      	  55: { 'eval_acc': '3.4930e-01',
[92mINFO [0m:      	        'eval_loss': '1.8227e+00',
[92mINFO [0m:      	        'time': '4.2754e+02'},
[92mINFO [0m:      	  56: { 'eval_acc': '3.5970e-01',
[92mINFO [0m:      	        'eval_loss': '1.8286e+00',
[92mINFO [0m:      	        'time': '4.3469e+02'},
[92mINFO [0m:      	  57: { 'eval_acc': '3.3730e-01',
[92mINFO [0m:      	        'eval_loss': '1.8227e+00',
[92mINFO [0m:      	        'time': '4.4182e+02'},
[92mINFO [0m:      	  58: { 'eval_acc': '3.5680e-01',
[92mINFO [0m:      	        'eval_loss': '1.8093e+00',
[92mINFO [0m:      	        'time': '4.4897e+02'},
[92mINFO [0m:      	  59: { 'eval_acc': '3.3280e-01',
[92mINFO [0m:      	        'eval_loss': '1.8197e+00',
[92mINFO [0m:      	        'time': '4.5600e+02'},
[92mINFO [0m:      	  60: { 'eval_acc': '3.5470e-01',
[92mINFO [0m:      	        'eval_loss': '1.8511e+00',
[92mINFO [0m:      	        'time': '4.6316e+02'},
[92mINFO [0m:      	  61: { 'eval_acc': '3.4550e-01',
[92mINFO [0m:      	        'eval_loss': '1.8397e+00',
[92mINFO [0m:      	        'time': '4.7019e+02'},
[92mINFO [0m:      	  62: { 'eval_acc': '3.5320e-01',
[92mINFO [0m:      	        'eval_loss': '1.8114e+00',
[92mINFO [0m:      	        'time': '4.7732e+02'},
[92mINFO [0m:      	  63: { 'eval_acc': '3.4250e-01',
[92mINFO [0m:      	        'eval_loss': '1.8359e+00',
[92mINFO [0m:      	        'time': '4.8435e+02'},
[92mINFO [0m:      	  64: { 'eval_acc': '3.4640e-01',
[92mINFO [0m:      	        'eval_loss': '1.8051e+00',
[92mINFO [0m:      	        'time': '4.9141e+02'},
[92mINFO [0m:      	  65: { 'eval_acc': '3.4710e-01',
[92mINFO [0m:      	        'eval_loss': '1.8094e+00',
[92mINFO [0m:      	        'time': '4.9844e+02'},
[92mINFO [0m:      	  66: { 'eval_acc': '3.5870e-01',
[92mINFO [0m:      	        'eval_loss': '1.8236e+00',
[92mINFO [0m:      	        'time': '5.0550e+02'},
[92mINFO [0m:      	  67: { 'eval_acc': '3.3170e-01',
[92mINFO [0m:      	        'eval_loss': '1.8535e+00',
[92mINFO [0m:      	        'time': '5.1253e+02'},
[92mINFO [0m:      	  68: { 'eval_acc': '3.4350e-01',
[92mINFO [0m:      	        'eval_loss': '1.8702e+00',
[92mINFO [0m:      	        'time': '5.1959e+02'},
[92mINFO [0m:      	  69: { 'eval_acc': '3.6120e-01',
[92mINFO [0m:      	        'eval_loss': '1.7939e+00',
[92mINFO [0m:      	        'time': '5.2673e+02'},
[92mINFO [0m:      	  70: { 'eval_acc': '3.4740e-01',
[92mINFO [0m:      	        'eval_loss': '1.8121e+00',
[92mINFO [0m:      	        'time': '5.3379e+02'},
[92mINFO [0m:      	  71: { 'eval_acc': '3.5420e-01',
[92mINFO [0m:      	        'eval_loss': '1.8113e+00',
[92mINFO [0m:      	        'time': '5.4092e+02'},
[92mINFO [0m:      	  72: { 'eval_acc': '3.3630e-01',
[92mINFO [0m:      	        'eval_loss': '1.8549e+00',
[92mINFO [0m:      	        'time': '5.4798e+02'},
[92mINFO [0m:      	  73: { 'eval_acc': '3.4500e-01',
[92mINFO [0m:      	        'eval_loss': '1.8418e+00',
[92mINFO [0m:      	        'time': '5.5513e+02'},
[92mINFO [0m:      	  74: { 'eval_acc': '3.5850e-01',
[92mINFO [0m:      	        'eval_loss': '1.8106e+00',
[92mINFO [0m:      	        'time': '5.6230e+02'},
[92mINFO [0m:      	  75: { 'eval_acc': '3.6520e-01',
[92mINFO [0m:      	        'eval_loss': '1.7833e+00',
[92mINFO [0m:      	        'time': '5.6945e+02'},
[92mINFO [0m:      	  76: { 'eval_acc': '3.5140e-01',
[92mINFO [0m:      	        'eval_loss': '1.8387e+00',
[92mINFO [0m:      	        'time': '5.7652e+02'},
[92mINFO [0m:      	  77: { 'eval_acc': '3.7210e-01',
[92mINFO [0m:      	        'eval_loss': '1.7839e+00',
[92mINFO [0m:      	        'time': '5.8368e+02'},
[92mINFO [0m:      	  78: { 'eval_acc': '3.4330e-01',
[92mINFO [0m:      	        'eval_loss': '1.8466e+00',
[92mINFO [0m:      	        'time': '5.9074e+02'},
[92mINFO [0m:      	  79: { 'eval_acc': '3.5890e-01',
[92mINFO [0m:      	        'eval_loss': '1.7741e+00',
[92mINFO [0m:      	        'time': '5.9787e+02'},
[92mINFO [0m:      	  80: { 'eval_acc': '3.5020e-01',
[92mINFO [0m:      	        'eval_loss': '1.8367e+00',
[92mINFO [0m:      	        'time': '6.0493e+02'},
[92mINFO [0m:      	  81: { 'eval_acc': '3.6150e-01',
[92mINFO [0m:      	        'eval_loss': '1.8115e+00',
[92mINFO [0m:      	        'time': '6.1206e+02'},
[92mINFO [0m:      	  82: { 'eval_acc': '3.3020e-01',
[92mINFO [0m:      	        'eval_loss': '1.9144e+00',
[92mINFO [0m:      	        'time': '6.1912e+02'},
[92mINFO [0m:      	  83: { 'eval_acc': '3.4200e-01',
[92mINFO [0m:      	        'eval_loss': '1.8250e+00',
[92mINFO [0m:      	        'time': '6.2628e+02'},
[92mINFO [0m:      	  84: { 'eval_acc': '3.6380e-01',
[92mINFO [0m:      	        'eval_loss': '1.8156e+00',
[92mINFO [0m:      	        'time': '6.3331e+02'},
[92mINFO [0m:      	  85: { 'eval_acc': '3.4570e-01',
[92mINFO [0m:      	        'eval_loss': '1.8281e+00',
[92mINFO [0m:      	        'time': '6.4044e+02'},
[92mINFO [0m:      	  86: { 'eval_acc': '3.3970e-01',
[92mINFO [0m:      	        'eval_loss': '1.8179e+00',
[92mINFO [0m:      	        'time': '6.4748e+02'},
[92mINFO [0m:      	  87: { 'eval_acc': '3.4270e-01',
[92mINFO [0m:      	        'eval_loss': '1.8391e+00',
[92mINFO [0m:      	        'time': '6.5461e+02'},
[92mINFO [0m:      	  88: { 'eval_acc': '3.4260e-01',
[92mINFO [0m:      	        'eval_loss': '1.8465e+00',
[92mINFO [0m:      	        'time': '6.6187e+02'},
[92mINFO [0m:      	  89: { 'eval_acc': '3.4110e-01',
[92mINFO [0m:      	        'eval_loss': '1.8292e+00',
[92mINFO [0m:      	        'time': '6.6900e+02'},
[92mINFO [0m:      	  90: { 'eval_acc': '3.6320e-01',
[92mINFO [0m:      	        'eval_loss': '1.7764e+00',
[92mINFO [0m:      	        'time': '6.7606e+02'},
[92mINFO [0m:      	  91: { 'eval_acc': '3.3320e-01',
[92mINFO [0m:      	        'eval_loss': '1.8158e+00',
[92mINFO [0m:      	        'time': '6.8319e+02'},
[92mINFO [0m:      	  92: { 'eval_acc': '3.6500e-01',
[92mINFO [0m:      	        'eval_loss': '1.8165e+00',
[92mINFO [0m:      	        'time': '6.9022e+02'},
[92mINFO [0m:      	  93: { 'eval_acc': '3.4880e-01',
[92mINFO [0m:      	        'eval_loss': '1.7949e+00',
[92mINFO [0m:      	        'time': '6.9735e+02'},
[92mINFO [0m:      	  94: { 'eval_acc': '3.5160e-01',
[92mINFO [0m:      	        'eval_loss': '1.8306e+00',
[92mINFO [0m:      	        'time': '7.0438e+02'},
[92mINFO [0m:      	  95: { 'eval_acc': '3.4500e-01',
[92mINFO [0m:      	        'eval_loss': '1.8155e+00',
[92mINFO [0m:      	        'time': '7.1152e+02'},
[92mINFO [0m:      	  96: { 'eval_acc': '3.4570e-01',
[92mINFO [0m:      	        'eval_loss': '1.8324e+00',
[92mINFO [0m:      	        'time': '7.1855e+02'},
[92mINFO [0m:      	  97: { 'eval_acc': '3.4570e-01',
[92mINFO [0m:      	        'eval_loss': '1.8531e+00',
[92mINFO [0m:      	        'time': '7.2568e+02'},
[92mINFO [0m:      	  98: { 'eval_acc': '3.6910e-01',
[92mINFO [0m:      	        'eval_loss': '1.8166e+00',
[92mINFO [0m:      	        'time': '7.3281e+02'},
[92mINFO [0m:      	  99: { 'eval_acc': '3.5150e-01',
[92mINFO [0m:      	        'eval_loss': '1.8130e+00',
[92mINFO [0m:      	        'time': '7.4006e+02'},
[92mINFO [0m:      	  100: { 'eval_acc': '3.5760e-01',
[92mINFO [0m:      	         'eval_loss': '1.8106e+00',
[92mINFO [0m:      	         'time': '7.4709e+02'}}
[92mINFO [0m:      	
[92mINFO [0m:      	ServerApp-side Evaluate Metrics:
[92mINFO [0m:      	{}
[92mINFO [0m:      
[92mINFO [0m:      CSV saved: results/cifar10/2/FedSaSync_fs2_m6.csv
[36m(ClientAppActor pid=1787426)[0m [2026-05-20 03:03:56,338 E 1787426 1788322] core_worker_process.cc:825: Failed to establish connection to the metrics exporter agent. Metrics will not be exported. Exporter agent status: RpcError: Running out of retries to initialize the metrics agent. rpc_code: 14[32m [repeated 15x across cluster][0m
[92mINFO [0m:      
