fs=2 m=6 i=4
Starting local SuperLink on 127.0.0.1:39093...
⚠️ Warning: `options.` fields in the SuperLink connection configuration are deprecated. Use `--federation-config` with `flwr run` instead. Alternatively, permanently set your simulation configuration via `flwr federation simulation-config`.
🎊 Successfully started run 13472897032762390837
[92mINFO [0m:      Starting Flower Simulation
Successfully installed fedsasync to /tmp/Victor-Hidalgo-1436506-103-0/.flwr/apps/flwrlabs.fedsasync.1.0.0.f4a93b94.
[92mINFO [0m:      Starting FedSaSync strategy:
[92mINFO [0m:      	├── Number of rounds: 100
[92mINFO [0m:      	├── ArrayRecord (0.24 MB)
[92mINFO [0m:      	├── ConfigRecord (train): (empty!)
[92mINFO [0m:      	├── ConfigRecord (evaluate): (empty!)
[92mINFO [0m:      	├──> Sampling:
[92mINFO [0m:      	│	├──Fraction: train (1.00) | evaluate ( 1.00)
[92mINFO [0m:      	│	├──Minimum nodes: train (2) | evaluate (2)
[92mINFO [0m:      	│	└──Minimum available nodes: 2
[92mINFO [0m:      	└──> Keys in records:
[92mINFO [0m:      		├── Weighted by: 'num-examples'
[92mINFO [0m:      		├── ArrayRecord key: 'arrays'
[92mINFO [0m:      		└── ConfigRecord key: 'config'
[92mINFO [0m:      
[92mINFO [0m:      
[92mINFO [0m:      [ROUND 1/100]
[92mINFO [0m:      configure_train: Sampled 10 nodes (out of 10)
/home/Victor.Hidalgo/.pyenv/versions/3.12.12/envs/fedsasync/lib/python3.12/site-packages/ray/_private/worker.py:2051: FutureWarning: Tip: In future versions of Ray, Ray will no longer override accelerator visible devices env var if num_gpus=0 or num_gpus=None (default). To enable this behavior and turn off this error message, set RAY_ACCEL_ENV_VAR_OVERRIDE_ON_ZERO=0
  warnings.warn(
[36m(ClientAppActor pid=2528697)[0m Warning: You are sending unauthenticated requests to the HF Hub. Please set a HF_TOKEN to enable higher rate limits and faster downloads.
[92mINFO [0m:      aggregate_train: Received 8 results and 0 failures
[92mINFO [0m:      	└──> Aggregated MetricRecord: {'train_loss': 2.2249933626651766, 'train_time': 7.337189318612218, 'qtty_records': 8}
[92mINFO [0m:      configure_evaluate: Sampled 10 nodes (out of 10)
[36m(pid=gcs_server)[0m [2026-05-20 03:04:42,723 E 2527306 2527306] (gcs_server) gcs_server.cc:302: Failed to establish connection to the event+metrics exporter agent. Events and metrics will not be exported. Exporter agent status: RpcError: Running out of retries to initialize the metrics agent. rpc_code: 14
[36m(ClientAppActor pid=2528667)[0m Warning: You are sending unauthenticated requests to the HF Hub. Please set a HF_TOKEN to enable higher rate limits and faster downloads.[32m [repeated 9x across cluster] (Ray deduplicates logs by default. Set RAY_DEDUP_LOGS=0 to disable log deduplication, or see https://docs.ray.io/en/master/ray-observability/user-guides/configure-logging.html#log-deduplication for more options.)[0m
[33m(raylet)[0m [2026-05-20 03:04:45,091 E 2527582 2527582] (raylet) main.cc:975: Failed to establish connection to the metrics exporter agent. Metrics will not be exported. Exporter agent status: RpcError: Running out of retries to initialize the metrics agent. rpc_code: 14
[36m(ClientAppActor pid=2528678)[0m Warning: You are sending unauthenticated requests to the HF Hub. Please set a HF_TOKEN to enable higher rate limits and faster downloads.
[36m(ClientAppActor pid=2528671)[0m Warning: You are sending unauthenticated requests to the HF Hub. Please set a HF_TOKEN to enable higher rate limits and faster downloads.
[36m(ClientAppActor pid=2528669)[0m [2026-05-20 03:04:50,011 E 2528669 2528795] core_worker_process.cc:825: Failed to establish connection to the metrics exporter agent. Metrics will not be exported. Exporter agent status: RpcError: Running out of retries to initialize the metrics agent. rpc_code: 14
[92mINFO [0m:      aggregate_evaluate: Received 10 results and 0 failures
[92mINFO [0m:      	└──> Aggregated MetricRecord: {'eval_loss': 2.355305968225003, 'eval_acc': 0.10359999999999998, 'time': 46.60200333595276}
[92mINFO [0m:      
[92mINFO [0m:      [ROUND 2/100]
[92mINFO [0m:      configure_train: Sampled 8 nodes (out of 10)
[92mINFO [0m:      aggregate_train: Received 10 results and 0 failures
[92mINFO [0m:      	└──> Aggregated MetricRecord: {'train_loss': 2.165400216007233, 'train_time': 6.800596966780722, 'qtty_records': 10}
[92mINFO [0m:      configure_evaluate: Sampled 10 nodes (out of 10)
[92mINFO [0m:      aggregate_evaluate: Received 10 results and 0 failures
[92mINFO [0m:      	└──> Aggregated MetricRecord: {'eval_loss': 2.2751069374382493, 'eval_acc': 0.11309999999999999, 'time': 53.65232229232788}
[92mINFO [0m:      
[92mINFO [0m:      [ROUND 3/100]
[92mINFO [0m:      configure_train: Sampled 10 nodes (out of 10)
[92mINFO [0m:      aggregate_train: Received 8 results and 0 failures
[92mINFO [0m:      	└──> Aggregated MetricRecord: {'train_loss': 2.0729334821701046, 'train_time': 5.435374561231583, 'qtty_records': 8}
[92mINFO [0m:      configure_evaluate: Sampled 10 nodes (out of 10)
[92mINFO [0m:      aggregate_evaluate: Received 10 results and 0 failures
[92mINFO [0m:      	└──> Aggregated MetricRecord: {'eval_loss': 2.209319742396474, 'eval_acc': 0.155, 'time': 60.78397345542908}
[92mINFO [0m:      
[92mINFO [0m:      [ROUND 4/100]
[92mINFO [0m:      configure_train: Sampled 8 nodes (out of 10)
[92mINFO [0m:      aggregate_train: Received 10 results and 0 failures
[92mINFO [0m:      	└──> Aggregated MetricRecord: {'train_loss': 2.0472677044868473, 'train_time': 6.454673305712641, 'qtty_records': 10}
[92mINFO [0m:      configure_evaluate: Sampled 10 nodes (out of 10)
[92mINFO [0m:      aggregate_evaluate: Received 10 results and 0 failures
[92mINFO [0m:      	└──> Aggregated MetricRecord: {'eval_loss': 2.2123001579195263, 'eval_acc': 0.16649999999999998, 'time': 67.8178277015686}
[92mINFO [0m:      
[92mINFO [0m:      [ROUND 5/100]
[92mINFO [0m:      configure_train: Sampled 10 nodes (out of 10)
[92mINFO [0m:      aggregate_train: Received 8 results and 0 failures
[92mINFO [0m:      	└──> Aggregated MetricRecord: {'train_loss': 2.021510653972626, 'train_time': 5.411410433007404, 'qtty_records': 8}
[92mINFO [0m:      configure_evaluate: Sampled 10 nodes (out of 10)
[92mINFO [0m:      aggregate_evaluate: Received 10 results and 0 failures
[92mINFO [0m:      	└──> Aggregated MetricRecord: {'eval_loss': 2.146572640910745, 'eval_acc': 0.2128, 'time': 74.9484510421753}
[92mINFO [0m:      
[92mINFO [0m:      [ROUND 6/100]
[92mINFO [0m:      configure_train: Sampled 8 nodes (out of 10)
[92mINFO [0m:      aggregate_train: Received 10 results and 0 failures
[92mINFO [0m:      	└──> Aggregated MetricRecord: {'train_loss': 2.001441383647919, 'train_time': 6.454161318764091, 'qtty_records': 10}
[92mINFO [0m:      configure_evaluate: Sampled 10 nodes (out of 10)
[92mINFO [0m:      aggregate_evaluate: Received 10 results and 0 failures
[92mINFO [0m:      	└──> Aggregated MetricRecord: {'eval_loss': 2.1005131285637617, 'eval_acc': 0.2267, 'time': 82.10540199279785}
[92mINFO [0m:      
[92mINFO [0m:      [ROUND 7/100]
[92mINFO [0m:      configure_train: Sampled 10 nodes (out of 10)
[92mINFO [0m:      aggregate_train: Received 8 results and 0 failures
[92mINFO [0m:      	└──> Aggregated MetricRecord: {'train_loss': 1.9690944191217425, 'train_time': 5.421169672161341, 'qtty_records': 8}
[92mINFO [0m:      configure_evaluate: Sampled 10 nodes (out of 10)
[92mINFO [0m:      aggregate_evaluate: Received 10 results and 0 failures
[92mINFO [0m:      	└──> Aggregated MetricRecord: {'eval_loss': 1.9985456682741642, 'eval_acc': 0.2617, 'time': 89.33615684509277}
[92mINFO [0m:      
[92mINFO [0m:      [ROUND 8/100]
[92mINFO [0m:      configure_train: Sampled 8 nodes (out of 10)
[92mINFO [0m:      aggregate_train: Received 10 results and 0 failures
[92mINFO [0m:      	└──> Aggregated MetricRecord: {'train_loss': 1.962269322013855, 'train_time': 6.456805529631675, 'qtty_records': 10}
[92mINFO [0m:      configure_evaluate: Sampled 10 nodes (out of 10)
[92mINFO [0m:      aggregate_evaluate: Received 10 results and 0 failures
[92mINFO [0m:      	└──> Aggregated MetricRecord: {'eval_loss': 2.007802087441087, 'eval_acc': 0.26830000000000004, 'time': 96.37090253829956}
[92mINFO [0m:      
[92mINFO [0m:      [ROUND 9/100]
[92mINFO [0m:      configure_train: Sampled 10 nodes (out of 10)
[92mINFO [0m:      aggregate_train: Received 8 results and 0 failures
[92mINFO [0m:      	└──> Aggregated MetricRecord: {'train_loss': 1.9484683614969254, 'train_time': 5.412334208609536, 'qtty_records': 8}
[92mINFO [0m:      configure_evaluate: Sampled 10 nodes (out of 10)
[92mINFO [0m:      aggregate_evaluate: Received 10 results and 0 failures
[92mINFO [0m:      	└──> Aggregated MetricRecord: {'eval_loss': 2.008051804825664, 'eval_acc': 0.2741, 'time': 103.60865521430969}
[92mINFO [0m:      
[92mINFO [0m:      [ROUND 10/100]
[92mINFO [0m:      configure_train: Sampled 8 nodes (out of 10)
[92mINFO [0m:      aggregate_train: Received 10 results and 0 failures
[92mINFO [0m:      	└──> Aggregated MetricRecord: {'train_loss': 1.9480718858718875, 'train_time': 6.453469599410892, 'qtty_records': 10}
[92mINFO [0m:      configure_evaluate: Sampled 10 nodes (out of 10)
[92mINFO [0m:      aggregate_evaluate: Received 10 results and 0 failures
[92mINFO [0m:      	└──> Aggregated MetricRecord: {'eval_loss': 2.0107794098556044, 'eval_acc': 0.2753, 'time': 113.67001605033875}
[92mINFO [0m:      
[92mINFO [0m:      [ROUND 11/100]
[92mINFO [0m:      configure_train: Sampled 10 nodes (out of 10)
[92mINFO [0m:      aggregate_train: Received 8 results and 0 failures
[92mINFO [0m:      	└──> Aggregated MetricRecord: {'train_loss': 1.9285220893621444, 'train_time': 5.420584776904434, 'qtty_records': 8}
[92mINFO [0m:      configure_evaluate: Sampled 10 nodes (out of 10)
[92mINFO [0m:      aggregate_evaluate: Received 10 results and 0 failures
[92mINFO [0m:      	└──> Aggregated MetricRecord: {'eval_loss': 1.998735983297229, 'eval_acc': 0.2727, 'time': 120.80075716972351}
[92mINFO [0m:      
[92mINFO [0m:      [ROUND 12/100]
[92mINFO [0m:      configure_train: Sampled 8 nodes (out of 10)
[92mINFO [0m:      aggregate_train: Received 10 results and 0 failures
[92mINFO [0m:      	└──> Aggregated MetricRecord: {'train_loss': 1.932887706375122, 'train_time': 6.461358061805368, 'qtty_records': 10}
[92mINFO [0m:      configure_evaluate: Sampled 10 nodes (out of 10)
[92mINFO [0m:      aggregate_evaluate: Received 10 results and 0 failures
[92mINFO [0m:      	└──> Aggregated MetricRecord: {'eval_loss': 1.9450671669095754, 'eval_acc': 0.3181, 'time': 127.8607246875763}
[92mINFO [0m:      
[92mINFO [0m:      [ROUND 13/100]
[92mINFO [0m:      configure_train: Sampled 10 nodes (out of 10)
[92mINFO [0m:      aggregate_train: Received 8 results and 0 failures
[92mINFO [0m:      	└──> Aggregated MetricRecord: {'train_loss': 1.9036716853380202, 'train_time': 5.418316415976733, 'qtty_records': 8}
[92mINFO [0m:      configure_evaluate: Sampled 10 nodes (out of 10)
[92mINFO [0m:      aggregate_evaluate: Received 10 results and 0 failures
[92mINFO [0m:      	└──> Aggregated MetricRecord: {'eval_loss': 1.9148509833961724, 'eval_acc': 0.33390000000000003, 'time': 134.99248552322388}
[92mINFO [0m:      
[92mINFO [0m:      [ROUND 14/100]
[92mINFO [0m:      configure_train: Sampled 8 nodes (out of 10)
[92mINFO [0m:      aggregate_train: Received 10 results and 0 failures
[92mINFO [0m:      	└──> Aggregated MetricRecord: {'train_loss': 1.911871303844452, 'train_time': 6.444783496111631, 'qtty_records': 10}
[92mINFO [0m:      configure_evaluate: Sampled 10 nodes (out of 10)
[92mINFO [0m:      aggregate_evaluate: Received 10 results and 0 failures
[92mINFO [0m:      	└──> Aggregated MetricRecord: {'eval_loss': 1.9386024262756107, 'eval_acc': 0.30710000000000004, 'time': 142.0500431060791}
[92mINFO [0m:      
[92mINFO [0m:      [ROUND 15/100]
[92mINFO [0m:      configure_train: Sampled 10 nodes (out of 10)
[92mINFO [0m:      aggregate_train: Received 8 results and 0 failures
[92mINFO [0m:      	└──> Aggregated MetricRecord: {'train_loss': 1.9002086106538771, 'train_time': 5.408859191695228, 'qtty_records': 8}
[92mINFO [0m:      configure_evaluate: Sampled 10 nodes (out of 10)
[92mINFO [0m:      aggregate_evaluate: Received 10 results and 0 failures
[92mINFO [0m:      	└──> Aggregated MetricRecord: {'eval_loss': 1.8922465696930886, 'eval_acc': 0.3292, 'time': 149.18451261520386}
[92mINFO [0m:      
[92mINFO [0m:      [ROUND 16/100]
[92mINFO [0m:      configure_train: Sampled 8 nodes (out of 10)
[92mINFO [0m:      aggregate_train: Received 10 results and 0 failures
[92mINFO [0m:      	└──> Aggregated MetricRecord: {'train_loss': 1.9202467813491821, 'train_time': 6.457480626367032, 'qtty_records': 10}
[92mINFO [0m:      configure_evaluate: Sampled 10 nodes (out of 10)
[92mINFO [0m:      aggregate_evaluate: Received 10 results and 0 failures
[92mINFO [0m:      	└──> Aggregated MetricRecord: {'eval_loss': 1.918349028378725, 'eval_acc': 0.33320000000000005, 'time': 156.24188661575317}
[92mINFO [0m:      
[92mINFO [0m:      [ROUND 17/100]
[92mINFO [0m:      configure_train: Sampled 10 nodes (out of 10)
[92mINFO [0m:      aggregate_train: Received 8 results and 0 failures
[92mINFO [0m:      	└──> Aggregated MetricRecord: {'train_loss': 1.8892183247804644, 'train_time': 5.4097865365911275, 'qtty_records': 8}
[92mINFO [0m:      configure_evaluate: Sampled 10 nodes (out of 10)
[92mINFO [0m:      aggregate_evaluate: Received 10 results and 0 failures
[92mINFO [0m:      	└──> Aggregated MetricRecord: {'eval_loss': 1.8690409105271102, 'eval_acc': 0.33990000000000004, 'time': 163.37270045280457}
[92mINFO [0m:      
[92mINFO [0m:      [ROUND 18/100]
[92mINFO [0m:      configure_train: Sampled 8 nodes (out of 10)
[92mINFO [0m:      aggregate_train: Received 10 results and 0 failures
[92mINFO [0m:      	└──> Aggregated MetricRecord: {'train_loss': 1.878510252571106, 'train_time': 6.450064530037343, 'qtty_records': 10}
[92mINFO [0m:      configure_evaluate: Sampled 10 nodes (out of 10)
[92mINFO [0m:      aggregate_evaluate: Received 10 results and 0 failures
[92mINFO [0m:      	└──> Aggregated MetricRecord: {'eval_loss': 1.9660614259541036, 'eval_acc': 0.3029, 'time': 170.4067165851593}
[92mINFO [0m:      
[92mINFO [0m:      [ROUND 19/100]
[92mINFO [0m:      configure_train: Sampled 10 nodes (out of 10)
[92mINFO [0m:      aggregate_train: Received 8 results and 0 failures
[92mINFO [0m:      	└──> Aggregated MetricRecord: {'train_loss': 1.8865285164117813, 'train_time': 5.407561068190262, 'qtty_records': 8}
[92mINFO [0m:      configure_evaluate: Sampled 10 nodes (out of 10)
[92mINFO [0m:      aggregate_evaluate: Received 10 results and 0 failures
[92mINFO [0m:      	└──> Aggregated MetricRecord: {'eval_loss': 1.8939395643770696, 'eval_acc': 0.3403, 'time': 177.53636074066162}
[92mINFO [0m:      
[92mINFO [0m:      [ROUND 20/100]
[92mINFO [0m:      configure_train: Sampled 8 nodes (out of 10)
[92mINFO [0m:      aggregate_train: Received 10 results and 0 failures
[92mINFO [0m:      	└──> Aggregated MetricRecord: {'train_loss': 1.8855230498313906, 'train_time': 6.456685794144869, 'qtty_records': 10}
[92mINFO [0m:      configure_evaluate: Sampled 10 nodes (out of 10)
[92mINFO [0m:      aggregate_evaluate: Received 10 results and 0 failures
[92mINFO [0m:      	└──> Aggregated MetricRecord: {'eval_loss': 1.916281105577946, 'eval_acc': 0.32799999999999996, 'time': 184.57114911079407}
[92mINFO [0m:      
[92mINFO [0m:      [ROUND 21/100]
[92mINFO [0m:      configure_train: Sampled 10 nodes (out of 10)
[92mINFO [0m:      aggregate_train: Received 8 results and 0 failures
[92mINFO [0m:      	└──> Aggregated MetricRecord: {'train_loss': 1.8637251925468443, 'train_time': 5.410788346081972, 'qtty_records': 8}
[92mINFO [0m:      configure_evaluate: Sampled 10 nodes (out of 10)
[92mINFO [0m:      aggregate_evaluate: Received 10 results and 0 failures
[92mINFO [0m:      	└──> Aggregated MetricRecord: {'eval_loss': 1.8654043424874545, 'eval_acc': 0.35009999999999997, 'time': 191.70254635810852}
[92mINFO [0m:      
[92mINFO [0m:      [ROUND 22/100]
[92mINFO [0m:      configure_train: Sampled 8 nodes (out of 10)
[92mINFO [0m:      aggregate_train: Received 10 results and 0 failures
[92mINFO [0m:      	└──> Aggregated MetricRecord: {'train_loss': 1.8732294319152833, 'train_time': 6.440845515951514, 'qtty_records': 10}
[92mINFO [0m:      configure_evaluate: Sampled 10 nodes (out of 10)
[92mINFO [0m:      aggregate_evaluate: Received 10 results and 0 failures
[92mINFO [0m:      	└──> Aggregated MetricRecord: {'eval_loss': 1.8880978774279358, 'eval_acc': 0.34650000000000003, 'time': 198.76239728927612}
[92mINFO [0m:      
[92mINFO [0m:      [ROUND 23/100]
[92mINFO [0m:      configure_train: Sampled 10 nodes (out of 10)
[92mINFO [0m:      aggregate_train: Received 8 results and 0 failures
[92mINFO [0m:      	└──> Aggregated MetricRecord: {'train_loss': 1.869404870271683, 'train_time': 5.408636509440839, 'qtty_records': 8}
[92mINFO [0m:      configure_evaluate: Sampled 10 nodes (out of 10)
[92mINFO [0m:      aggregate_evaluate: Received 10 results and 0 failures
[92mINFO [0m:      	└──> Aggregated MetricRecord: {'eval_loss': 1.930498858168721, 'eval_acc': 0.32830000000000004, 'time': 205.89366388320923}
[92mINFO [0m:      
[92mINFO [0m:      [ROUND 24/100]
[92mINFO [0m:      configure_train: Sampled 8 nodes (out of 10)
[92mINFO [0m:      aggregate_train: Received 10 results and 0 failures
[92mINFO [0m:      	└──> Aggregated MetricRecord: {'train_loss': 1.865327945327759, 'train_time': 6.449562920071185, 'qtty_records': 10}
[92mINFO [0m:      configure_evaluate: Sampled 10 nodes (out of 10)
[92mINFO [0m:      aggregate_evaluate: Received 10 results and 0 failures
[92mINFO [0m:      	└──> Aggregated MetricRecord: {'eval_loss': 1.866668337583542, 'eval_acc': 0.3487, 'time': 212.9293897151947}
[92mINFO [0m:      
[92mINFO [0m:      [ROUND 25/100]
[92mINFO [0m:      configure_train: Sampled 10 nodes (out of 10)
[92mINFO [0m:      aggregate_train: Received 8 results and 0 failures
[92mINFO [0m:      	└──> Aggregated MetricRecord: {'train_loss': 1.8681840715408324, 'train_time': 5.416375659406185, 'qtty_records': 8}
[92mINFO [0m:      configure_evaluate: Sampled 10 nodes (out of 10)
[92mINFO [0m:      aggregate_evaluate: Received 10 results and 0 failures
[92mINFO [0m:      	└──> Aggregated MetricRecord: {'eval_loss': 1.9230727922171356, 'eval_acc': 0.30770000000000003, 'time': 220.06651854515076}
[92mINFO [0m:      
[92mINFO [0m:      [ROUND 26/100]
[92mINFO [0m:      configure_train: Sampled 8 nodes (out of 10)
[92mINFO [0m:      aggregate_train: Received 10 results and 0 failures
[92mINFO [0m:      	└──> Aggregated MetricRecord: {'train_loss': 1.8709440731048588, 'train_time': 6.4358257098123435, 'qtty_records': 10}
[92mINFO [0m:      configure_evaluate: Sampled 10 nodes (out of 10)
[92mINFO [0m:      aggregate_evaluate: Received 10 results and 0 failures
[92mINFO [0m:      	└──> Aggregated MetricRecord: {'eval_loss': 1.8915180213749412, 'eval_acc': 0.34080000000000005, 'time': 227.10095357894897}
[92mINFO [0m:      
[92mINFO [0m:      [ROUND 27/100]
[92mINFO [0m:      configure_train: Sampled 10 nodes (out of 10)
[92mINFO [0m:      aggregate_train: Received 8 results and 0 failures
[92mINFO [0m:      	└──> Aggregated MetricRecord: {'train_loss': 1.8632628260850908, 'train_time': 5.397216004319489, 'qtty_records': 8}
[92mINFO [0m:      configure_evaluate: Sampled 10 nodes (out of 10)
[92mINFO [0m:      aggregate_evaluate: Received 10 results and 0 failures
[92mINFO [0m:      	└──> Aggregated MetricRecord: {'eval_loss': 1.8888845909386873, 'eval_acc': 0.33740000000000003, 'time': 234.13120341300964}
[92mINFO [0m:      
[92mINFO [0m:      [ROUND 28/100]
[92mINFO [0m:      configure_train: Sampled 8 nodes (out of 10)
[92mINFO [0m:      aggregate_train: Received 10 results and 0 failures
[92mINFO [0m:      	└──> Aggregated MetricRecord: {'train_loss': 1.8546306938171389, 'train_time': 6.458661373145878, 'qtty_records': 10}
[92mINFO [0m:      configure_evaluate: Sampled 10 nodes (out of 10)
[92mINFO [0m:      aggregate_evaluate: Received 10 results and 0 failures
[92mINFO [0m:      	└──> Aggregated MetricRecord: {'eval_loss': 1.8520152047276495, 'eval_acc': 0.3677, 'time': 241.184800863266}
[92mINFO [0m:      
[92mINFO [0m:      [ROUND 29/100]
[92mINFO [0m:      configure_train: Sampled 10 nodes (out of 10)
[92mINFO [0m:      aggregate_train: Received 8 results and 0 failures
[92mINFO [0m:      	└──> Aggregated MetricRecord: {'train_loss': 1.8548468742370607, 'train_time': 5.420660538366064, 'qtty_records': 8}
[92mINFO [0m:      configure_evaluate: Sampled 10 nodes (out of 10)
[92mINFO [0m:      aggregate_evaluate: Received 10 results and 0 failures
[92mINFO [0m:      	└──> Aggregated MetricRecord: {'eval_loss': 1.8386189173907042, 'eval_acc': 0.36890000000000006, 'time': 248.42390298843384}
[92mINFO [0m:      
[92mINFO [0m:      [ROUND 30/100]
[92mINFO [0m:      configure_train: Sampled 8 nodes (out of 10)
[92mINFO [0m:      aggregate_train: Received 10 results and 0 failures
[92mINFO [0m:      	└──> Aggregated MetricRecord: {'train_loss': 1.842161375617981, 'train_time': 6.438604800403118, 'qtty_records': 10}
[92mINFO [0m:      configure_evaluate: Sampled 10 nodes (out of 10)
[92mINFO [0m:      aggregate_evaluate: Received 10 results and 0 failures
[92mINFO [0m:      	└──> Aggregated MetricRecord: {'eval_loss': 1.8526420298963788, 'eval_acc': 0.36300000000000004, 'time': 255.48072862625122}
[92mINFO [0m:      
[92mINFO [0m:      [ROUND 31/100]
[92mINFO [0m:      configure_train: Sampled 10 nodes (out of 10)
[92mINFO [0m:      aggregate_train: Received 8 results and 0 failures
[92mINFO [0m:      	└──> Aggregated MetricRecord: {'train_loss': 1.84580720949173, 'train_time': 5.409622374223545, 'qtty_records': 8}
[92mINFO [0m:      configure_evaluate: Sampled 10 nodes (out of 10)
[92mINFO [0m:      aggregate_evaluate: Received 10 results and 0 failures
[92mINFO [0m:      	└──> Aggregated MetricRecord: {'eval_loss': 1.8516386251896622, 'eval_acc': 0.3563, 'time': 262.7111608982086}
[92mINFO [0m:      
[92mINFO [0m:      [ROUND 32/100]
[92mINFO [0m:      configure_train: Sampled 8 nodes (out of 10)
[92mINFO [0m:      aggregate_train: Received 10 results and 0 failures
[92mINFO [0m:      	└──> Aggregated MetricRecord: {'train_loss': 1.8374443664550781, 'train_time': 6.4545633478090165, 'qtty_records': 10}
[92mINFO [0m:      configure_evaluate: Sampled 10 nodes (out of 10)
[92mINFO [0m:      aggregate_evaluate: Received 10 results and 0 failures
[92mINFO [0m:      	└──> Aggregated MetricRecord: {'eval_loss': 1.8079724956303835, 'eval_acc': 0.3719, 'time': 269.7712199687958}
[92mINFO [0m:      
[92mINFO [0m:      [ROUND 33/100]
[92mINFO [0m:      configure_train: Sampled 10 nodes (out of 10)
[92mINFO [0m:      aggregate_train: Received 8 results and 0 failures
[92mINFO [0m:      	└──> Aggregated MetricRecord: {'train_loss': 1.8397794878482818, 'train_time': 5.400443619117141, 'qtty_records': 8}
[92mINFO [0m:      configure_evaluate: Sampled 10 nodes (out of 10)
[92mINFO [0m:      aggregate_evaluate: Received 10 results and 0 failures
[92mINFO [0m:      	└──> Aggregated MetricRecord: {'eval_loss': 1.875683330371976, 'eval_acc': 0.35380000000000006, 'time': 276.90108251571655}
[92mINFO [0m:      
[92mINFO [0m:      [ROUND 34/100]
[92mINFO [0m:      configure_train: Sampled 8 nodes (out of 10)
[92mINFO [0m:      aggregate_train: Received 10 results and 0 failures
[92mINFO [0m:      	└──> Aggregated MetricRecord: {'train_loss': 1.8455468633651735, 'train_time': 6.450042433850467, 'qtty_records': 10}
[92mINFO [0m:      configure_evaluate: Sampled 10 nodes (out of 10)
[92mINFO [0m:      aggregate_evaluate: Received 10 results and 0 failures
[92mINFO [0m:      	└──> Aggregated MetricRecord: {'eval_loss': 1.8146154504269363, 'eval_acc': 0.4002, 'time': 283.9358055591583}
[92mINFO [0m:      
[92mINFO [0m:      [ROUND 35/100]
[92mINFO [0m:      configure_train: Sampled 10 nodes (out of 10)
[92mINFO [0m:      aggregate_train: Received 8 results and 0 failures
[92mINFO [0m:      	└──> Aggregated MetricRecord: {'train_loss': 1.852260113954544, 'train_time': 5.407498124288395, 'qtty_records': 8}
[92mINFO [0m:      configure_evaluate: Sampled 10 nodes (out of 10)
[92mINFO [0m:      aggregate_evaluate: Received 10 results and 0 failures
[92mINFO [0m:      	└──> Aggregated MetricRecord: {'eval_loss': 1.8804895523935556, 'eval_acc': 0.34290000000000004, 'time': 291.1671550273895}
[92mINFO [0m:      
[92mINFO [0m:      [ROUND 36/100]
[92mINFO [0m:      configure_train: Sampled 8 nodes (out of 10)
[92mINFO [0m:      aggregate_train: Received 10 results and 0 failures
[92mINFO [0m:      	└──> Aggregated MetricRecord: {'train_loss': 1.8167613280773167, 'train_time': 6.4409725341945885, 'qtty_records': 10}
[92mINFO [0m:      configure_evaluate: Sampled 10 nodes (out of 10)
[92mINFO [0m:      aggregate_evaluate: Received 10 results and 0 failures
[92mINFO [0m:      	└──> Aggregated MetricRecord: {'eval_loss': 1.8207625754177574, 'eval_acc': 0.3833, 'time': 298.2214288711548}
[92mINFO [0m:      
[92mINFO [0m:      [ROUND 37/100]
[92mINFO [0m:      configure_train: Sampled 10 nodes (out of 10)
[92mINFO [0m:      aggregate_train: Received 8 results and 0 failures
[92mINFO [0m:      	└──> Aggregated MetricRecord: {'train_loss': 1.8301401629447938, 'train_time': 5.397805598331615, 'qtty_records': 8}
[92mINFO [0m:      configure_evaluate: Sampled 10 nodes (out of 10)
[92mINFO [0m:      aggregate_evaluate: Received 10 results and 0 failures
[92mINFO [0m:      	└──> Aggregated MetricRecord: {'eval_loss': 1.8349550198763611, 'eval_acc': 0.3791, 'time': 305.45317244529724}
[92mINFO [0m:      
[92mINFO [0m:      [ROUND 38/100]
[92mINFO [0m:      configure_train: Sampled 8 nodes (out of 10)
[92mINFO [0m:      aggregate_train: Received 10 results and 0 failures
[92mINFO [0m:      	└──> Aggregated MetricRecord: {'train_loss': 1.8097767699241638, 'train_time': 6.431890211068094, 'qtty_records': 10}
[92mINFO [0m:      configure_evaluate: Sampled 10 nodes (out of 10)
[92mINFO [0m:      aggregate_evaluate: Received 10 results and 0 failures
[92mINFO [0m:      	└──> Aggregated MetricRecord: {'eval_loss': 1.830962637066841, 'eval_acc': 0.36600000000000005, 'time': 312.486775636673}
[92mINFO [0m:      
[92mINFO [0m:      [ROUND 39/100]
[92mINFO [0m:      configure_train: Sampled 10 nodes (out of 10)
[92mINFO [0m:      aggregate_train: Received 8 results and 0 failures
[92mINFO [0m:      	└──> Aggregated MetricRecord: {'train_loss': 1.8374347623586653, 'train_time': 5.401923924917355, 'qtty_records': 8}
[92mINFO [0m:      configure_evaluate: Sampled 10 nodes (out of 10)
[92mINFO [0m:      aggregate_evaluate: Received 10 results and 0 failures
[92mINFO [0m:      	└──> Aggregated MetricRecord: {'eval_loss': 1.8517488732934002, 'eval_acc': 0.36340000000000006, 'time': 319.63782787323}
[92mINFO [0m:      
[92mINFO [0m:      [ROUND 40/100]
[92mINFO [0m:      configure_train: Sampled 8 nodes (out of 10)
[92mINFO [0m:      aggregate_train: Received 10 results and 0 failures
[92mINFO [0m:      	└──> Aggregated MetricRecord: {'train_loss': 1.8352684301376343, 'train_time': 6.437994340620935, 'qtty_records': 10}
[92mINFO [0m:      configure_evaluate: Sampled 10 nodes (out of 10)
[92mINFO [0m:      aggregate_evaluate: Received 10 results and 0 failures
[92mINFO [0m:      	└──> Aggregated MetricRecord: {'eval_loss': 1.8137967791408303, 'eval_acc': 0.3802, 'time': 326.6948399543762}
[92mINFO [0m:      
[92mINFO [0m:      [ROUND 41/100]
[92mINFO [0m:      configure_train: Sampled 10 nodes (out of 10)
[92mINFO [0m:      aggregate_train: Received 8 results and 0 failures
[92mINFO [0m:      	└──> Aggregated MetricRecord: {'train_loss': 1.8285599991083146, 'train_time': 5.398816199740395, 'qtty_records': 8}
[92mINFO [0m:      configure_evaluate: Sampled 10 nodes (out of 10)
[92mINFO [0m:      aggregate_evaluate: Received 10 results and 0 failures
[92mINFO [0m:      	└──> Aggregated MetricRecord: {'eval_loss': 1.8384165383875373, 'eval_acc': 0.36129999999999995, 'time': 333.8425235748291}
[92mINFO [0m:      
[92mINFO [0m:      [ROUND 42/100]
[92mINFO [0m:      configure_train: Sampled 8 nodes (out of 10)
[92mINFO [0m:      aggregate_train: Received 10 results and 0 failures
[92mINFO [0m:      	└──> Aggregated MetricRecord: {'train_loss': 1.8294696239471435, 'train_time': 6.433723290264607, 'qtty_records': 10}
[92mINFO [0m:      configure_evaluate: Sampled 10 nodes (out of 10)
[92mINFO [0m:      aggregate_evaluate: Received 10 results and 0 failures
[92mINFO [0m:      	└──> Aggregated MetricRecord: {'eval_loss': 1.8385200675576927, 'eval_acc': 0.3778000000000001, 'time': 341.0056321620941}
[92mINFO [0m:      
[92mINFO [0m:      [ROUND 43/100]
[92mINFO [0m:      configure_train: Sampled 10 nodes (out of 10)
[92mINFO [0m:      aggregate_train: Received 8 results and 0 failures
[92mINFO [0m:      	└──> Aggregated MetricRecord: {'train_loss': 1.82336379301548, 'train_time': 5.406332051148638, 'qtty_records': 8}
[92mINFO [0m:      configure_evaluate: Sampled 10 nodes (out of 10)
[92mINFO [0m:      aggregate_evaluate: Received 10 results and 0 failures
[92mINFO [0m:      	└──> Aggregated MetricRecord: {'eval_loss': 1.8363025885075333, 'eval_acc': 0.3798000000000001, 'time': 348.1517994403839}
[92mINFO [0m:      
[92mINFO [0m:      [ROUND 44/100]
[92mINFO [0m:      configure_train: Sampled 8 nodes (out of 10)
[92mINFO [0m:      aggregate_train: Received 10 results and 0 failures
[92mINFO [0m:      	└──> Aggregated MetricRecord: {'train_loss': 1.8230961425781254, 'train_time': 6.4601173883304, 'qtty_records': 10}
[92mINFO [0m:      configure_evaluate: Sampled 10 nodes (out of 10)
[92mINFO [0m:      aggregate_evaluate: Received 10 results and 0 failures
[92mINFO [0m:      	└──> Aggregated MetricRecord: {'eval_loss': 1.8433194797486068, 'eval_acc': 0.3633, 'time': 355.19251918792725}
[92mINFO [0m:      
[92mINFO [0m:      [ROUND 45/100]
[92mINFO [0m:      configure_train: Sampled 10 nodes (out of 10)
[92mINFO [0m:      aggregate_train: Received 8 results and 0 failures
[92mINFO [0m:      	└──> Aggregated MetricRecord: {'train_loss': 1.8103263533115388, 'train_time': 5.395452223252505, 'qtty_records': 8}
[92mINFO [0m:      configure_evaluate: Sampled 10 nodes (out of 10)
[92mINFO [0m:      aggregate_evaluate: Received 10 results and 0 failures
[92mINFO [0m:      	└──> Aggregated MetricRecord: {'eval_loss': 1.8084718436002731, 'eval_acc': 0.37640000000000007, 'time': 362.3231554031372}
[92mINFO [0m:      
[92mINFO [0m:      [ROUND 46/100]
[92mINFO [0m:      configure_train: Sampled 8 nodes (out of 10)
[92mINFO [0m:      aggregate_train: Received 10 results and 0 failures
[92mINFO [0m:      	└──> Aggregated MetricRecord: {'train_loss': 1.8248395409584048, 'train_time': 6.4154049579054115, 'qtty_records': 10}
[92mINFO [0m:      configure_evaluate: Sampled 10 nodes (out of 10)
[92mINFO [0m:      aggregate_evaluate: Received 10 results and 0 failures
[92mINFO [0m:      	└──> Aggregated MetricRecord: {'eval_loss': 1.830341871082783, 'eval_acc': 0.3855, 'time': 369.35700511932373}
[92mINFO [0m:      
[92mINFO [0m:      [ROUND 47/100]
[92mINFO [0m:      configure_train: Sampled 10 nodes (out of 10)
[92mINFO [0m:      aggregate_train: Received 8 results and 0 failures
[92mINFO [0m:      	└──> Aggregated MetricRecord: {'train_loss': 1.809407624602318, 'train_time': 5.41059868899174, 'qtty_records': 8}
[92mINFO [0m:      configure_evaluate: Sampled 10 nodes (out of 10)
[92mINFO [0m:      aggregate_evaluate: Received 10 results and 0 failures
[92mINFO [0m:      	└──> Aggregated MetricRecord: {'eval_loss': 1.8057706840336325, 'eval_acc': 0.3767000000000001, 'time': 376.4867181777954}
[92mINFO [0m:      
[92mINFO [0m:      [ROUND 48/100]
[92mINFO [0m:      configure_train: Sampled 8 nodes (out of 10)
[92mINFO [0m:      aggregate_train: Received 10 results and 0 failures
[92mINFO [0m:      	└──> Aggregated MetricRecord: {'train_loss': 1.8137414113044739, 'train_time': 6.449754973128438, 'qtty_records': 10}
[92mINFO [0m:      configure_evaluate: Sampled 10 nodes (out of 10)
[92mINFO [0m:      aggregate_evaluate: Received 10 results and 0 failures
[92mINFO [0m:      	└──> Aggregated MetricRecord: {'eval_loss': 1.8523143257945776, 'eval_acc': 0.3827, 'time': 383.54145193099976}
[92mINFO [0m:      
[92mINFO [0m:      [ROUND 49/100]
[92mINFO [0m:      configure_train: Sampled 10 nodes (out of 10)
[92mINFO [0m:      aggregate_train: Received 8 results and 0 failures
[92mINFO [0m:      	└──> Aggregated MetricRecord: {'train_loss': 1.8116274864673614, 'train_time': 5.414977212669328, 'qtty_records': 8}
[92mINFO [0m:      configure_evaluate: Sampled 10 nodes (out of 10)
[92mINFO [0m:      aggregate_evaluate: Received 10 results and 0 failures
[92mINFO [0m:      	└──> Aggregated MetricRecord: {'eval_loss': 1.8490181893110278, 'eval_acc': 0.36890000000000006, 'time': 390.67105436325073}
[92mINFO [0m:      
[92mINFO [0m:      [ROUND 50/100]
[92mINFO [0m:      configure_train: Sampled 8 nodes (out of 10)
[92mINFO [0m:      aggregate_train: Received 10 results and 0 failures
[92mINFO [0m:      	└──> Aggregated MetricRecord: {'train_loss': 1.829031533241272, 'train_time': 6.438506220467389, 'qtty_records': 10}
[92mINFO [0m:      configure_evaluate: Sampled 10 nodes (out of 10)
[92mINFO [0m:      aggregate_evaluate: Received 10 results and 0 failures
[92mINFO [0m:      	└──> Aggregated MetricRecord: {'eval_loss': 1.8397244829684496, 'eval_acc': 0.3568, 'time': 397.70578932762146}
[92mINFO [0m:      
[92mINFO [0m:      [ROUND 51/100]
[92mINFO [0m:      configure_train: Sampled 10 nodes (out of 10)
[92mINFO [0m:      aggregate_train: Received 8 results and 0 failures
[92mINFO [0m:      	└──> Aggregated MetricRecord: {'train_loss': 1.802850333929062, 'train_time': 5.40070408815518, 'qtty_records': 8}
[92mINFO [0m:      configure_evaluate: Sampled 10 nodes (out of 10)
[92mINFO [0m:      aggregate_evaluate: Received 10 results and 0 failures
[92mINFO [0m:      	└──> Aggregated MetricRecord: {'eval_loss': 1.8186760760843756, 'eval_acc': 0.36650000000000005, 'time': 404.8367748260498}
[92mINFO [0m:      
[92mINFO [0m:      [ROUND 52/100]
[92mINFO [0m:      configure_train: Sampled 8 nodes (out of 10)
[92mINFO [0m:      aggregate_train: Received 10 results and 0 failures
[92mINFO [0m:      	└──> Aggregated MetricRecord: {'train_loss': 1.818851985359192, 'train_time': 6.4284981125965714, 'qtty_records': 10}
[92mINFO [0m:      configure_evaluate: Sampled 10 nodes (out of 10)
[92mINFO [0m:      aggregate_evaluate: Received 10 results and 0 failures
[92mINFO [0m:      	└──> Aggregated MetricRecord: {'eval_loss': 1.8301391981542112, 'eval_acc': 0.3874, 'time': 411.87183952331543}
[92mINFO [0m:      
[92mINFO [0m:      [ROUND 53/100]
[92mINFO [0m:      configure_train: Sampled 10 nodes (out of 10)
[92mINFO [0m:      aggregate_train: Received 8 results and 0 failures
[92mINFO [0m:      	└──> Aggregated MetricRecord: {'train_loss': 1.8090750110149385, 'train_time': 5.406007957179099, 'qtty_records': 8}
[92mINFO [0m:      configure_evaluate: Sampled 10 nodes (out of 10)
[92mINFO [0m:      aggregate_evaluate: Received 10 results and 0 failures
[92mINFO [0m:      	└──> Aggregated MetricRecord: {'eval_loss': 1.8660921521484855, 'eval_acc': 0.3729, 'time': 419.00417280197144}
[92mINFO [0m:      
[92mINFO [0m:      [ROUND 54/100]
[92mINFO [0m:      configure_train: Sampled 8 nodes (out of 10)
[92mINFO [0m:      aggregate_train: Received 10 results and 0 failures
[92mINFO [0m:      	└──> Aggregated MetricRecord: {'train_loss': 1.825717384147644, 'train_time': 6.454661621712148, 'qtty_records': 10}
[92mINFO [0m:      configure_evaluate: Sampled 10 nodes (out of 10)
[92mINFO [0m:      aggregate_evaluate: Received 10 results and 0 failures
[92mINFO [0m:      	└──> Aggregated MetricRecord: {'eval_loss': 1.8777455151081086, 'eval_acc': 0.3633, 'time': 426.4406590461731}
[92mINFO [0m:      
[92mINFO [0m:      [ROUND 55/100]
[92mINFO [0m:      configure_train: Sampled 10 nodes (out of 10)
[92mINFO [0m:      aggregate_train: Received 8 results and 0 failures
[92mINFO [0m:      	└──> Aggregated MetricRecord: {'train_loss': 1.8300141469240188, 'train_time': 5.400113265961409, 'qtty_records': 8}
[92mINFO [0m:      configure_evaluate: Sampled 10 nodes (out of 10)
[92mINFO [0m:      aggregate_evaluate: Received 10 results and 0 failures
[92mINFO [0m:      	└──> Aggregated MetricRecord: {'eval_loss': 1.8592032603919506, 'eval_acc': 0.3428, 'time': 433.58386278152466}
[92mINFO [0m:      
[92mINFO [0m:      [ROUND 56/100]
[92mINFO [0m:      configure_train: Sampled 8 nodes (out of 10)
[92mINFO [0m:      aggregate_train: Received 10 results and 0 failures
[92mINFO [0m:      	└──> Aggregated MetricRecord: {'train_loss': 1.831064106464386, 'train_time': 6.441898543201387, 'qtty_records': 10}
[92mINFO [0m:      configure_evaluate: Sampled 10 nodes (out of 10)
[92mINFO [0m:      aggregate_evaluate: Received 10 results and 0 failures
[92mINFO [0m:      	└──> Aggregated MetricRecord: {'eval_loss': 1.8714439526200295, 'eval_acc': 0.3564, 'time': 440.61754989624023}
[92mINFO [0m:      
[92mINFO [0m:      [ROUND 57/100]
[92mINFO [0m:      configure_train: Sampled 10 nodes (out of 10)
[92mINFO [0m:      aggregate_train: Received 8 results and 0 failures
[92mINFO [0m:      	└──> Aggregated MetricRecord: {'train_loss': 1.836578542470932, 'train_time': 5.397100004833192, 'qtty_records': 8}
[92mINFO [0m:      configure_evaluate: Sampled 10 nodes (out of 10)
[92mINFO [0m:      aggregate_evaluate: Received 10 results and 0 failures
[92mINFO [0m:      	└──> Aggregated MetricRecord: {'eval_loss': 1.8522404674440622, 'eval_acc': 0.36300000000000004, 'time': 447.6471526622772}
[92mINFO [0m:      
[92mINFO [0m:      [ROUND 58/100]
[92mINFO [0m:      configure_train: Sampled 8 nodes (out of 10)
[92mINFO [0m:      aggregate_train: Received 10 results and 0 failures
[92mINFO [0m:      	└──> Aggregated MetricRecord: {'train_loss': 1.8232671827316287, 'train_time': 6.451173909567297, 'qtty_records': 10}
[92mINFO [0m:      configure_evaluate: Sampled 10 nodes (out of 10)
[92mINFO [0m:      aggregate_evaluate: Received 10 results and 0 failures
[92mINFO [0m:      	└──> Aggregated MetricRecord: {'eval_loss': 1.8396723438054325, 'eval_acc': 0.3788, 'time': 454.7055563926697}
[92mINFO [0m:      
[92mINFO [0m:      [ROUND 59/100]
[92mINFO [0m:      configure_train: Sampled 10 nodes (out of 10)
[92mINFO [0m:      aggregate_train: Received 8 results and 0 failures
[92mINFO [0m:      	└──> Aggregated MetricRecord: {'train_loss': 1.8377801395654676, 'train_time': 5.417157690273598, 'qtty_records': 8}
[92mINFO [0m:      configure_evaluate: Sampled 10 nodes (out of 10)
[92mINFO [0m:      aggregate_evaluate: Received 10 results and 0 failures
[92mINFO [0m:      	└──> Aggregated MetricRecord: {'eval_loss': 1.852310146391392, 'eval_acc': 0.3513, 'time': 461.73626804351807}
[92mINFO [0m:      
[92mINFO [0m:      [ROUND 60/100]
[92mINFO [0m:      configure_train: Sampled 8 nodes (out of 10)
[92mINFO [0m:      aggregate_train: Received 10 results and 0 failures
[92mINFO [0m:      	└──> Aggregated MetricRecord: {'train_loss': 1.8366187930107118, 'train_time': 6.450901640206576, 'qtty_records': 10}
[92mINFO [0m:      configure_evaluate: Sampled 10 nodes (out of 10)
[92mINFO [0m:      aggregate_evaluate: Received 10 results and 0 failures
[92mINFO [0m:      	└──> Aggregated MetricRecord: {'eval_loss': 1.8678686387836934, 'eval_acc': 0.3679, 'time': 468.79853415489197}
[92mINFO [0m:      
[92mINFO [0m:      [ROUND 61/100]
[92mINFO [0m:      configure_train: Sampled 10 nodes (out of 10)
[92mINFO [0m:      aggregate_train: Received 8 results and 0 failures
[92mINFO [0m:      	└──> Aggregated MetricRecord: {'train_loss': 1.79629537820816, 'train_time': 5.402072467841208, 'qtty_records': 8}
[92mINFO [0m:      configure_evaluate: Sampled 10 nodes (out of 10)
[92mINFO [0m:      aggregate_evaluate: Received 10 results and 0 failures
[92mINFO [0m:      	└──> Aggregated MetricRecord: {'eval_loss': 1.8030597377568485, 'eval_acc': 0.3798, 'time': 476.0287048816681}
[92mINFO [0m:      
[92mINFO [0m:      [ROUND 62/100]
[92mINFO [0m:      configure_train: Sampled 8 nodes (out of 10)
[92mINFO [0m:      aggregate_train: Received 10 results and 0 failures
[92mINFO [0m:      	└──> Aggregated MetricRecord: {'train_loss': 1.8331102741241456, 'train_time': 6.432104849256575, 'qtty_records': 10}
[92mINFO [0m:      configure_evaluate: Sampled 10 nodes (out of 10)
[92mINFO [0m:      aggregate_evaluate: Received 10 results and 0 failures
[92mINFO [0m:      	└──> Aggregated MetricRecord: {'eval_loss': 1.855753881111741, 'eval_acc': 0.3562, 'time': 483.0625629425049}
[92mINFO [0m:      
[92mINFO [0m:      [ROUND 63/100]
[92mINFO [0m:      configure_train: Sampled 10 nodes (out of 10)
[92mINFO [0m:      aggregate_train: Received 8 results and 0 failures
[92mINFO [0m:      	└──> Aggregated MetricRecord: {'train_loss': 1.81573820745945, 'train_time': 5.391186458757147, 'qtty_records': 8}
[92mINFO [0m:      configure_evaluate: Sampled 10 nodes (out of 10)
[92mINFO [0m:      aggregate_evaluate: Received 10 results and 0 failures
[92mINFO [0m:      	└──> Aggregated MetricRecord: {'eval_loss': 1.8283544991165401, 'eval_acc': 0.37020000000000003, 'time': 490.2068326473236}
[92mINFO [0m:      
[92mINFO [0m:      [ROUND 64/100]
[92mINFO [0m:      configure_train: Sampled 8 nodes (out of 10)
[92mINFO [0m:      aggregate_train: Received 10 results and 0 failures
[92mINFO [0m:      	└──> Aggregated MetricRecord: {'train_loss': 1.8165685790061954, 'train_time': 6.432238097302616, 'qtty_records': 10}
[92mINFO [0m:      configure_evaluate: Sampled 10 nodes (out of 10)
[92mINFO [0m:      aggregate_evaluate: Received 10 results and 0 failures
[92mINFO [0m:      	└──> Aggregated MetricRecord: {'eval_loss': 1.8319540996104478, 'eval_acc': 0.3669, 'time': 497.26754808425903}
[92mINFO [0m:      
[92mINFO [0m:      [ROUND 65/100]
[92mINFO [0m:      configure_train: Sampled 10 nodes (out of 10)
[92mINFO [0m:      aggregate_train: Received 8 results and 0 failures
[92mINFO [0m:      	└──> Aggregated MetricRecord: {'train_loss': 1.834331826210022, 'train_time': 5.39723981032148, 'qtty_records': 8}
[92mINFO [0m:      configure_evaluate: Sampled 10 nodes (out of 10)
[92mINFO [0m:      aggregate_evaluate: Received 10 results and 0 failures
[92mINFO [0m:      	└──> Aggregated MetricRecord: {'eval_loss': 1.9115103848278525, 'eval_acc': 0.34220000000000006, 'time': 504.3985810279846}
[92mINFO [0m:      
[92mINFO [0m:      [ROUND 66/100]
[92mINFO [0m:      configure_train: Sampled 8 nodes (out of 10)
[92mINFO [0m:      aggregate_train: Received 10 results and 0 failures
[92mINFO [0m:      	└──> Aggregated MetricRecord: {'train_loss': 1.8544357643127443, 'train_time': 6.430825533159077, 'qtty_records': 10}
[92mINFO [0m:      configure_evaluate: Sampled 10 nodes (out of 10)
[92mINFO [0m:      aggregate_evaluate: Received 10 results and 0 failures
[92mINFO [0m:      	└──> Aggregated MetricRecord: {'eval_loss': 1.8761768475174903, 'eval_acc': 0.36300000000000004, 'time': 511.43580412864685}
[92mINFO [0m:      
[92mINFO [0m:      [ROUND 67/100]
[92mINFO [0m:      configure_train: Sampled 10 nodes (out of 10)
[92mINFO [0m:      aggregate_train: Received 8 results and 0 failures
[92mINFO [0m:      	└──> Aggregated MetricRecord: {'train_loss': 1.820847893357277, 'train_time': 5.396312975557521, 'qtty_records': 8}
[92mINFO [0m:      configure_evaluate: Sampled 10 nodes (out of 10)
[92mINFO [0m:      aggregate_evaluate: Received 10 results and 0 failures
[92mINFO [0m:      	└──> Aggregated MetricRecord: {'eval_loss': 1.8480885099619628, 'eval_acc': 0.37270000000000003, 'time': 518.5716168880463}
[92mINFO [0m:      
[92mINFO [0m:      [ROUND 68/100]
[92mINFO [0m:      configure_train: Sampled 8 nodes (out of 10)
[92mINFO [0m:      aggregate_train: Received 10 results and 0 failures
[92mINFO [0m:      	└──> Aggregated MetricRecord: {'train_loss': 1.823257622718811, 'train_time': 6.435735174827277, 'qtty_records': 10}
[92mINFO [0m:      configure_evaluate: Sampled 10 nodes (out of 10)
[92mINFO [0m:      aggregate_evaluate: Received 10 results and 0 failures
[92mINFO [0m:      	└──> Aggregated MetricRecord: {'eval_loss': 1.828913824260235, 'eval_acc': 0.37670000000000003, 'time': 525.6065001487732}
[92mINFO [0m:      
[92mINFO [0m:      [ROUND 69/100]
[92mINFO [0m:      configure_train: Sampled 10 nodes (out of 10)
[92mINFO [0m:      aggregate_train: Received 8 results and 0 failures
[92mINFO [0m:      	└──> Aggregated MetricRecord: {'train_loss': 1.8201033420562742, 'train_time': 5.4092145909089595, 'qtty_records': 8}
[92mINFO [0m:      configure_evaluate: Sampled 10 nodes (out of 10)
[92mINFO [0m:      aggregate_evaluate: Received 10 results and 0 failures
[92mINFO [0m:      	└──> Aggregated MetricRecord: {'eval_loss': 1.8957117948681113, 'eval_acc': 0.3421, 'time': 532.7441606521606}
[92mINFO [0m:      
[92mINFO [0m:      [ROUND 70/100]
[92mINFO [0m:      configure_train: Sampled 8 nodes (out of 10)
[92mINFO [0m:      aggregate_train: Received 10 results and 0 failures
[92mINFO [0m:      	└──> Aggregated MetricRecord: {'train_loss': 1.8300523020744326, 'train_time': 6.426570362597704, 'qtty_records': 10}
[92mINFO [0m:      configure_evaluate: Sampled 10 nodes (out of 10)
[92mINFO [0m:      aggregate_evaluate: Received 10 results and 0 failures
[92mINFO [0m:      	└──> Aggregated MetricRecord: {'eval_loss': 1.8827777747064829, 'eval_acc': 0.3519, 'time': 539.7979049682617}
[92mINFO [0m:      
[92mINFO [0m:      [ROUND 71/100]
[92mINFO [0m:      configure_train: Sampled 10 nodes (out of 10)
[92mINFO [0m:      aggregate_train: Received 8 results and 0 failures
[92mINFO [0m:      	└──> Aggregated MetricRecord: {'train_loss': 1.8154180884361268, 'train_time': 5.414204266155139, 'qtty_records': 8}
[92mINFO [0m:      configure_evaluate: Sampled 10 nodes (out of 10)
[92mINFO [0m:      aggregate_evaluate: Received 10 results and 0 failures
[92mINFO [0m:      	└──> Aggregated MetricRecord: {'eval_loss': 1.8655996415764096, 'eval_acc': 0.35020000000000007, 'time': 546.9289302825928}
[92mINFO [0m:      
[92mINFO [0m:      [ROUND 72/100]
[92mINFO [0m:      configure_train: Sampled 8 nodes (out of 10)
[92mINFO [0m:      aggregate_train: Received 10 results and 0 failures
[92mINFO [0m:      	└──> Aggregated MetricRecord: {'train_loss': 1.8345926318168644, 'train_time': 6.447020488604903, 'qtty_records': 10}
[92mINFO [0m:      configure_evaluate: Sampled 10 nodes (out of 10)
[92mINFO [0m:      aggregate_evaluate: Received 10 results and 0 failures
[92mINFO [0m:      	└──> Aggregated MetricRecord: {'eval_loss': 1.844096015393734, 'eval_acc': 0.36990000000000006, 'time': 553.9635300636292}
[92mINFO [0m:      
[92mINFO [0m:      [ROUND 73/100]
[92mINFO [0m:      configure_train: Sampled 10 nodes (out of 10)
[92mINFO [0m:      aggregate_train: Received 8 results and 0 failures
[92mINFO [0m:      	└──> Aggregated MetricRecord: {'train_loss': 1.8418012892007831, 'train_time': 5.3947482369840145, 'qtty_records': 8}
[92mINFO [0m:      configure_evaluate: Sampled 10 nodes (out of 10)
[92mINFO [0m:      aggregate_evaluate: Received 10 results and 0 failures
[92mINFO [0m:      	└──> Aggregated MetricRecord: {'eval_loss': 1.8782642360776662, 'eval_acc': 0.3568, 'time': 561.1001489162445}
[92mINFO [0m:      
[92mINFO [0m:      [ROUND 74/100]
[92mINFO [0m:      configure_train: Sampled 8 nodes (out of 10)
[92mINFO [0m:      aggregate_train: Received 10 results and 0 failures
[92mINFO [0m:      	└──> Aggregated MetricRecord: {'train_loss': 1.8392805623054505, 'train_time': 6.439248822256923, 'qtty_records': 10}
[92mINFO [0m:      configure_evaluate: Sampled 10 nodes (out of 10)
[92mINFO [0m:      aggregate_evaluate: Received 10 results and 0 failures
[92mINFO [0m:      	└──> Aggregated MetricRecord: {'eval_loss': 1.8741162952035666, 'eval_acc': 0.35860000000000003, 'time': 568.159487247467}
[92mINFO [0m:      
[92mINFO [0m:      [ROUND 75/100]
[92mINFO [0m:      configure_train: Sampled 10 nodes (out of 10)
[92mINFO [0m:      aggregate_train: Received 8 results and 0 failures
[92mINFO [0m:      	└──> Aggregated MetricRecord: {'train_loss': 1.8726085170507432, 'train_time': 5.398064176551998, 'qtty_records': 8}
[92mINFO [0m:      configure_evaluate: Sampled 10 nodes (out of 10)
[92mINFO [0m:      aggregate_evaluate: Received 10 results and 0 failures
[92mINFO [0m:      	└──> Aggregated MetricRecord: {'eval_loss': 1.8748475432395937, 'eval_acc': 0.35470000000000007, 'time': 575.2890219688416}
[92mINFO [0m:      
[92mINFO [0m:      [ROUND 76/100]
[92mINFO [0m:      configure_train: Sampled 8 nodes (out of 10)
[92mINFO [0m:      aggregate_train: Received 10 results and 0 failures
[92mINFO [0m:      	└──> Aggregated MetricRecord: {'train_loss': 1.8442797392845156, 'train_time': 6.4498513774946336, 'qtty_records': 10}
[92mINFO [0m:      configure_evaluate: Sampled 10 nodes (out of 10)
[92mINFO [0m:      aggregate_evaluate: Received 10 results and 0 failures
[92mINFO [0m:      	└──> Aggregated MetricRecord: {'eval_loss': 1.8635328844189645, 'eval_acc': 0.35660000000000003, 'time': 582.4234533309937}
[92mINFO [0m:      
[92mINFO [0m:      [ROUND 77/100]
[92mINFO [0m:      configure_train: Sampled 10 nodes (out of 10)
[92mINFO [0m:      aggregate_train: Received 8 results and 0 failures
[92mINFO [0m:      	└──> Aggregated MetricRecord: {'train_loss': 1.8322242579460144, 'train_time': 5.398874120553955, 'qtty_records': 8}
[92mINFO [0m:      configure_evaluate: Sampled 10 nodes (out of 10)
[92mINFO [0m:      aggregate_evaluate: Received 10 results and 0 failures
[92mINFO [0m:      	└──> Aggregated MetricRecord: {'eval_loss': 1.8728673111647371, 'eval_acc': 0.3556, 'time': 589.5547957420349}
[92mINFO [0m:      
[92mINFO [0m:      [ROUND 78/100]
[92mINFO [0m:      configure_train: Sampled 8 nodes (out of 10)
[92mINFO [0m:      aggregate_train: Received 10 results and 0 failures
[92mINFO [0m:      	└──> Aggregated MetricRecord: {'train_loss': 1.8641111081123354, 'train_time': 6.449664634279907, 'qtty_records': 10}
[92mINFO [0m:      configure_evaluate: Sampled 10 nodes (out of 10)
[92mINFO [0m:      aggregate_evaluate: Received 10 results and 0 failures
[92mINFO [0m:      	└──> Aggregated MetricRecord: {'eval_loss': 1.854230584949255, 'eval_acc': 0.36419999999999997, 'time': 596.6100199222565}
[92mINFO [0m:      
[92mINFO [0m:      [ROUND 79/100]
[92mINFO [0m:      configure_train: Sampled 10 nodes (out of 10)
[92mINFO [0m:      aggregate_train: Received 8 results and 0 failures
[92mINFO [0m:      	└──> Aggregated MetricRecord: {'train_loss': 1.8102057874202728, 'train_time': 5.399931618478149, 'qtty_records': 8}
[92mINFO [0m:      configure_evaluate: Sampled 10 nodes (out of 10)
[92mINFO [0m:      aggregate_evaluate: Received 10 results and 0 failures
[92mINFO [0m:      	└──> Aggregated MetricRecord: {'eval_loss': 1.8170284740626816, 'eval_acc': 0.3748, 'time': 603.7400875091553}
[92mINFO [0m:      
[92mINFO [0m:      [ROUND 80/100]
[92mINFO [0m:      configure_train: Sampled 8 nodes (out of 10)
[92mINFO [0m:      aggregate_train: Received 10 results and 0 failures
[92mINFO [0m:      	└──> Aggregated MetricRecord: {'train_loss': 1.8544887194633488, 'train_time': 6.437341261468828, 'qtty_records': 10}
[92mINFO [0m:      configure_evaluate: Sampled 10 nodes (out of 10)
[92mINFO [0m:      aggregate_evaluate: Received 10 results and 0 failures
[92mINFO [0m:      	└──> Aggregated MetricRecord: {'eval_loss': 1.8399395823478697, 'eval_acc': 0.37190000000000006, 'time': 610.7745079994202}
[92mINFO [0m:      
[92mINFO [0m:      [ROUND 81/100]
[92mINFO [0m:      configure_train: Sampled 10 nodes (out of 10)
[92mINFO [0m:      aggregate_train: Received 8 results and 0 failures
[92mINFO [0m:      	└──> Aggregated MetricRecord: {'train_loss': 1.828653247475624, 'train_time': 5.391990608302876, 'qtty_records': 8}
[92mINFO [0m:      configure_evaluate: Sampled 10 nodes (out of 10)
[92mINFO [0m:      aggregate_evaluate: Received 10 results and 0 failures
[92mINFO [0m:      	└──> Aggregated MetricRecord: {'eval_loss': 1.883946424350143, 'eval_acc': 0.3521, 'time': 618.0100967884064}
[92mINFO [0m:      
[92mINFO [0m:      [ROUND 82/100]
[92mINFO [0m:      configure_train: Sampled 8 nodes (out of 10)
[92mINFO [0m:      aggregate_train: Received 10 results and 0 failures
[92mINFO [0m:      	└──> Aggregated MetricRecord: {'train_loss': 1.8581993014335636, 'train_time': 6.4301349489018325, 'qtty_records': 10}
[92mINFO [0m:      configure_evaluate: Sampled 10 nodes (out of 10)
[92mINFO [0m:      aggregate_evaluate: Received 10 results and 0 failures
[92mINFO [0m:      	└──> Aggregated MetricRecord: {'eval_loss': 1.8530589751899242, 'eval_acc': 0.3628, 'time': 625.0467550754547}
[92mINFO [0m:      
[92mINFO [0m:      [ROUND 83/100]
[92mINFO [0m:      configure_train: Sampled 10 nodes (out of 10)
[92mINFO [0m:      aggregate_train: Received 8 results and 0 failures
[92mINFO [0m:      	└──> Aggregated MetricRecord: {'train_loss': 1.8303692370653155, 'train_time': 5.403737222775817, 'qtty_records': 8}
[92mINFO [0m:      configure_evaluate: Sampled 10 nodes (out of 10)
[92mINFO [0m:      aggregate_evaluate: Received 10 results and 0 failures
[92mINFO [0m:      	└──> Aggregated MetricRecord: {'eval_loss': 1.8635896198451523, 'eval_acc': 0.35850000000000004, 'time': 632.0763118267059}
[92mINFO [0m:      
[92mINFO [0m:      [ROUND 84/100]
[92mINFO [0m:      configure_train: Sampled 8 nodes (out of 10)
[92mINFO [0m:      aggregate_train: Received 10 results and 0 failures
[92mINFO [0m:      	└──> Aggregated MetricRecord: {'train_loss': 1.8322726200103763, 'train_time': 6.44012297168374, 'qtty_records': 10}
[92mINFO [0m:      configure_evaluate: Sampled 10 nodes (out of 10)
[92mINFO [0m:      aggregate_evaluate: Received 10 results and 0 failures
[92mINFO [0m:      	└──> Aggregated MetricRecord: {'eval_loss': 1.8077703792601825, 'eval_acc': 0.3771, 'time': 639.109671831131}
[92mINFO [0m:      
[92mINFO [0m:      [ROUND 85/100]
[92mINFO [0m:      configure_train: Sampled 10 nodes (out of 10)
[92mINFO [0m:      aggregate_train: Received 8 results and 0 failures
[92mINFO [0m:      	└──> Aggregated MetricRecord: {'train_loss': 1.835392916083336, 'train_time': 5.40927484841086, 'qtty_records': 8}
[92mINFO [0m:      configure_evaluate: Sampled 10 nodes (out of 10)
[92mINFO [0m:      aggregate_evaluate: Received 10 results and 0 failures
[92mINFO [0m:      	└──> Aggregated MetricRecord: {'eval_loss': 1.8612142447382214, 'eval_acc': 0.3572, 'time': 646.2394218444824}
[92mINFO [0m:      
[92mINFO [0m:      [ROUND 86/100]
[92mINFO [0m:      configure_train: Sampled 8 nodes (out of 10)
[92mINFO [0m:      aggregate_train: Received 10 results and 0 failures
[92mINFO [0m:      	└──> Aggregated MetricRecord: {'train_loss': 1.8226454371452334, 'train_time': 6.44520924910903, 'qtty_records': 10}
[92mINFO [0m:      configure_evaluate: Sampled 10 nodes (out of 10)
[92mINFO [0m:      aggregate_evaluate: Received 10 results and 0 failures
[92mINFO [0m:      	└──> Aggregated MetricRecord: {'eval_loss': 1.8274010628461836, 'eval_acc': 0.37760000000000005, 'time': 653.3042829036713}
[92mINFO [0m:      
[92mINFO [0m:      [ROUND 87/100]
[92mINFO [0m:      configure_train: Sampled 10 nodes (out of 10)
[92mINFO [0m:      aggregate_train: Received 8 results and 0 failures
[92mINFO [0m:      	└──> Aggregated MetricRecord: {'train_loss': 1.8285415476560591, 'train_time': 5.401844859356061, 'qtty_records': 8}
[92mINFO [0m:      configure_evaluate: Sampled 10 nodes (out of 10)
[92mINFO [0m:      aggregate_evaluate: Received 10 results and 0 failures
[92mINFO [0m:      	└──> Aggregated MetricRecord: {'eval_loss': 1.8396917868405582, 'eval_acc': 0.3639, 'time': 660.4463133811951}
[92mINFO [0m:      
[92mINFO [0m:      [ROUND 88/100]
[92mINFO [0m:      configure_train: Sampled 8 nodes (out of 10)
[92mINFO [0m:      aggregate_train: Received 10 results and 0 failures
[92mINFO [0m:      	└──> Aggregated MetricRecord: {'train_loss': 1.842800161838532, 'train_time': 6.4359753770753745, 'qtty_records': 10}
[92mINFO [0m:      configure_evaluate: Sampled 10 nodes (out of 10)
[92mINFO [0m:      aggregate_evaluate: Received 10 results and 0 failures
[92mINFO [0m:      	└──> Aggregated MetricRecord: {'eval_loss': 1.8697903789579873, 'eval_acc': 0.356, 'time': 667.5076284408569}
[92mINFO [0m:      
[92mINFO [0m:      [ROUND 89/100]
[92mINFO [0m:      configure_train: Sampled 10 nodes (out of 10)
[92mINFO [0m:      aggregate_train: Received 8 results and 0 failures
[92mINFO [0m:      	└──> Aggregated MetricRecord: {'train_loss': 1.8259452316761016, 'train_time': 5.387551495339721, 'qtty_records': 8}
[92mINFO [0m:      configure_evaluate: Sampled 10 nodes (out of 10)
[92mINFO [0m:      aggregate_evaluate: Received 10 results and 0 failures
[92mINFO [0m:      	└──> Aggregated MetricRecord: {'eval_loss': 1.828838793560863, 'eval_acc': 0.38100000000000006, 'time': 674.6393978595734}
[92mINFO [0m:      
[92mINFO [0m:      [ROUND 90/100]
[92mINFO [0m:      configure_train: Sampled 8 nodes (out of 10)
[92mINFO [0m:      aggregate_train: Received 10 results and 0 failures
[92mINFO [0m:      	└──> Aggregated MetricRecord: {'train_loss': 1.8468314182281496, 'train_time': 6.4491774270311, 'qtty_records': 10}
[92mINFO [0m:      configure_evaluate: Sampled 10 nodes (out of 10)
[92mINFO [0m:      aggregate_evaluate: Received 10 results and 0 failures
[92mINFO [0m:      	└──> Aggregated MetricRecord: {'eval_loss': 1.8615852903574708, 'eval_acc': 0.3639, 'time': 681.7001821994781}
[92mINFO [0m:      
[92mINFO [0m:      [ROUND 91/100]
[92mINFO [0m:      configure_train: Sampled 10 nodes (out of 10)
[92mINFO [0m:      aggregate_train: Received 8 results and 0 failures
[92mINFO [0m:      	└──> Aggregated MetricRecord: {'train_loss': 1.8685205062627792, 'train_time': 5.391720382263884, 'qtty_records': 8}
[92mINFO [0m:      configure_evaluate: Sampled 10 nodes (out of 10)
[92mINFO [0m:      aggregate_evaluate: Received 10 results and 0 failures
[92mINFO [0m:      	└──> Aggregated MetricRecord: {'eval_loss': 1.8687157906591894, 'eval_acc': 0.35139999999999993, 'time': 688.8320651054382}
[92mINFO [0m:      
[92mINFO [0m:      [ROUND 92/100]
[92mINFO [0m:      configure_train: Sampled 8 nodes (out of 10)
[92mINFO [0m:      aggregate_train: Received 10 results and 0 failures
[92mINFO [0m:      	└──> Aggregated MetricRecord: {'train_loss': 1.8318683472633361, 'train_time': 6.435553998500109, 'qtty_records': 10}
[92mINFO [0m:      configure_evaluate: Sampled 10 nodes (out of 10)
[92mINFO [0m:      aggregate_evaluate: Received 10 results and 0 failures
[92mINFO [0m:      	└──> Aggregated MetricRecord: {'eval_loss': 1.8234929542988538, 'eval_acc': 0.3765, 'time': 695.8688445091248}
[92mINFO [0m:      
[92mINFO [0m:      [ROUND 93/100]
[92mINFO [0m:      configure_train: Sampled 10 nodes (out of 10)
[92mINFO [0m:      aggregate_train: Received 8 results and 0 failures
[92mINFO [0m:      	└──> Aggregated MetricRecord: {'train_loss': 1.8326606993675232, 'train_time': 5.388822921784595, 'qtty_records': 8}
[92mINFO [0m:      configure_evaluate: Sampled 10 nodes (out of 10)
[92mINFO [0m:      aggregate_evaluate: Received 10 results and 0 failures
[92mINFO [0m:      	└──> Aggregated MetricRecord: {'eval_loss': 1.8262769259512428, 'eval_acc': 0.36460000000000004, 'time': 702.9992208480835}
[92mINFO [0m:      
[92mINFO [0m:      [ROUND 94/100]
[92mINFO [0m:      configure_train: Sampled 8 nodes (out of 10)
[92mINFO [0m:      aggregate_train: Received 10 results and 0 failures
[92mINFO [0m:      	└──> Aggregated MetricRecord: {'train_loss': 1.844681382083893, 'train_time': 6.439710024744272, 'qtty_records': 10}
[92mINFO [0m:      configure_evaluate: Sampled 10 nodes (out of 10)
[92mINFO [0m:      aggregate_evaluate: Received 10 results and 0 failures
[92mINFO [0m:      	└──> Aggregated MetricRecord: {'eval_loss': 1.8590856943279506, 'eval_acc': 0.3493, 'time': 710.0592033863068}
[92mINFO [0m:      
[92mINFO [0m:      [ROUND 95/100]
[92mINFO [0m:      configure_train: Sampled 10 nodes (out of 10)
[92mINFO [0m:      aggregate_train: Received 8 results and 0 failures
[92mINFO [0m:      	└──> Aggregated MetricRecord: {'train_loss': 1.8564616073966027, 'train_time': 5.386753866681829, 'qtty_records': 8}
[92mINFO [0m:      configure_evaluate: Sampled 10 nodes (out of 10)
[92mINFO [0m:      aggregate_evaluate: Received 10 results and 0 failures
[92mINFO [0m:      	└──> Aggregated MetricRecord: {'eval_loss': 1.8297873258590702, 'eval_acc': 0.376, 'time': 717.1911468505859}
[92mINFO [0m:      
[92mINFO [0m:      [ROUND 96/100]
[92mINFO [0m:      configure_train: Sampled 8 nodes (out of 10)
[92mINFO [0m:      aggregate_train: Received 10 results and 0 failures
[92mINFO [0m:      	└──> Aggregated MetricRecord: {'train_loss': 1.842724265098572, 'train_time': 6.4371995739638805, 'qtty_records': 10}
[92mINFO [0m:      configure_evaluate: Sampled 10 nodes (out of 10)
[92mINFO [0m:      aggregate_evaluate: Received 10 results and 0 failures
[92mINFO [0m:      	└──> Aggregated MetricRecord: {'eval_loss': 1.8658982109278441, 'eval_acc': 0.3529, 'time': 724.3676490783691}
[92mINFO [0m:      
[92mINFO [0m:      [ROUND 97/100]
[92mINFO [0m:      configure_train: Sampled 10 nodes (out of 10)
[92mINFO [0m:      aggregate_train: Received 8 results and 0 failures
[92mINFO [0m:      	└──> Aggregated MetricRecord: {'train_loss': 1.8216235007047654, 'train_time': 5.391931045567617, 'qtty_records': 8}
[92mINFO [0m:      configure_evaluate: Sampled 10 nodes (out of 10)
[92mINFO [0m:      aggregate_evaluate: Received 10 results and 0 failures
[92mINFO [0m:      	└──> Aggregated MetricRecord: {'eval_loss': 1.8511930420994762, 'eval_acc': 0.3607, 'time': 731.3973636627197}
[92mINFO [0m:      
[92mINFO [0m:      [ROUND 98/100]
[92mINFO [0m:      configure_train: Sampled 8 nodes (out of 10)
[92mINFO [0m:      aggregate_train: Received 10 results and 0 failures
[92mINFO [0m:      	└──> Aggregated MetricRecord: {'train_loss': 1.8469760499000552, 'train_time': 6.447545595839619, 'qtty_records': 10}
[92mINFO [0m:      configure_evaluate: Sampled 10 nodes (out of 10)
[92mINFO [0m:      aggregate_evaluate: Received 10 results and 0 failures
[92mINFO [0m:      	└──> Aggregated MetricRecord: {'eval_loss': 1.842436071112752, 'eval_acc': 0.35750000000000004, 'time': 738.5590484142303}
[92mINFO [0m:      
[92mINFO [0m:      [ROUND 99/100]
[92mINFO [0m:      configure_train: Sampled 10 nodes (out of 10)
[92mINFO [0m:      aggregate_train: Received 8 results and 0 failures
[92mINFO [0m:      	└──> Aggregated MetricRecord: {'train_loss': 1.8350247339010237, 'train_time': 5.401534005533904, 'qtty_records': 8}
[92mINFO [0m:      configure_evaluate: Sampled 10 nodes (out of 10)
[92mINFO [0m:      aggregate_evaluate: Received 10 results and 0 failures
[92mINFO [0m:      	└──> Aggregated MetricRecord: {'eval_loss': 1.83592587672174, 'eval_acc': 0.3549, 'time': 745.68971991539}
[92mINFO [0m:      
[92mINFO [0m:      [ROUND 100/100]
[92mINFO [0m:      configure_train: Sampled 8 nodes (out of 10)
[92mINFO [0m:      aggregate_train: Received 10 results and 0 failures
[92mINFO [0m:      	└──> Aggregated MetricRecord: {'train_loss': 1.8403279302597046, 'train_time': 6.454377895593643, 'qtty_records': 10}
[92mINFO [0m:      configure_evaluate: Sampled 10 nodes (out of 10)
[92mINFO [0m:      aggregate_evaluate: Received 10 results and 0 failures
[92mINFO [0m:      	└──> Aggregated MetricRecord: {'eval_loss': 1.872025277465582, 'eval_acc': 0.34830000000000005, 'time': 752.8373992443085}
[92mINFO [0m:      
[92mINFO [0m:      Strategy execution finished in 752.84s
[92mINFO [0m:      
[92mINFO [0m:      Final results:
[92mINFO [0m:      
[92mINFO [0m:      	Global Arrays:
[92mINFO [0m:      		ArrayRecord (0.238 MB)
[92mINFO [0m:      	
[92mINFO [0m:      	Aggregated ClientApp-side Train Metrics:
[92mINFO [0m:      	{ 1: { 'qtty_records': '8',
[92mINFO [0m:      	       'train_loss': '2.2250e+00',
[92mINFO [0m:      	       'train_time': '7.3372e+00'},
[92mINFO [0m:      	  2: { 'qtty_records': '10',
[92mINFO [0m:      	       'train_loss': '2.1654e+00',
[92mINFO [0m:      	       'train_time': '6.8006e+00'},
[92mINFO [0m:      	  3: { 'qtty_records': '8',
[92mINFO [0m:      	       'train_loss': '2.0729e+00',
[92mINFO [0m:      	       'train_time': '5.4354e+00'},
[92mINFO [0m:      	  4: { 'qtty_records': '10',
[92mINFO [0m:      	       'train_loss': '2.0473e+00',
[92mINFO [0m:      	       'train_time': '6.4547e+00'},
[92mINFO [0m:      	  5: { 'qtty_records': '8',
[92mINFO [0m:      	       'train_loss': '2.0215e+00',
[92mINFO [0m:      	       'train_time': '5.4114e+00'},
[92mINFO [0m:      	  6: { 'qtty_records': '10',
[92mINFO [0m:      	       'train_loss': '2.0014e+00',
[92mINFO [0m:      	       'train_time': '6.4542e+00'},
[92mINFO [0m:      	  7: { 'qtty_records': '8',
[92mINFO [0m:      	       'train_loss': '1.9691e+00',
[92mINFO [0m:      	       'train_time': '5.4212e+00'},
[92mINFO [0m:      	  8: { 'qtty_records': '10',
[92mINFO [0m:      	       'train_loss': '1.9623e+00',
[92mINFO [0m:      	       'train_time': '6.4568e+00'},
[92mINFO [0m:      	  9: { 'qtty_records': '8',
[92mINFO [0m:      	       'train_loss': '1.9485e+00',
[92mINFO [0m:      	       'train_time': '5.4123e+00'},
[92mINFO [0m:      	  10: { 'qtty_records': '10',
[92mINFO [0m:      	        'train_loss': '1.9481e+00',
[92mINFO [0m:      	        'train_time': '6.4535e+00'},
[92mINFO [0m:      	  11: { 'qtty_records': '8',
[92mINFO [0m:      	        'train_loss': '1.9285e+00',
[92mINFO [0m:      	        'train_time': '5.4206e+00'},
[92mINFO [0m:      	  12: { 'qtty_records': '10',
[92mINFO [0m:      	        'train_loss': '1.9329e+00',
[92mINFO [0m:      	        'train_time': '6.4614e+00'},
[92mINFO [0m:      	  13: { 'qtty_records': '8',
[92mINFO [0m:      	        'train_loss': '1.9037e+00',
[92mINFO [0m:      	        'train_time': '5.4183e+00'},
[92mINFO [0m:      	  14: { 'qtty_records': '10',
[92mINFO [0m:      	        'train_loss': '1.9119e+00',
[92mINFO [0m:      	        'train_time': '6.4448e+00'},
[92mINFO [0m:      	  15: { 'qtty_records': '8',
[92mINFO [0m:      	        'train_loss': '1.9002e+00',
[92mINFO [0m:      	        'train_time': '5.4089e+00'},
[92mINFO [0m:      	  16: { 'qtty_records': '10',
[92mINFO [0m:      	        'train_loss': '1.9202e+00',
[92mINFO [0m:      	        'train_time': '6.4575e+00'},
[92mINFO [0m:      	  17: { 'qtty_records': '8',
[92mINFO [0m:      	        'train_loss': '1.8892e+00',
[92mINFO [0m:      	        'train_time': '5.4098e+00'},
[92mINFO [0m:      	  18: { 'qtty_records': '10',
[92mINFO [0m:      	        'train_loss': '1.8785e+00',
[92mINFO [0m:      	        'train_time': '6.4501e+00'},
[92mINFO [0m:      	  19: { 'qtty_records': '8',
[92mINFO [0m:      	        'train_loss': '1.8865e+00',
[92mINFO [0m:      	        'train_time': '5.4076e+00'},
[92mINFO [0m:      	  20: { 'qtty_records': '10',
[92mINFO [0m:      	        'train_loss': '1.8855e+00',
[92mINFO [0m:      	        'train_time': '6.4567e+00'},
[92mINFO [0m:      	  21: { 'qtty_records': '8',
[92mINFO [0m:      	        'train_loss': '1.8637e+00',
[92mINFO [0m:      	        'train_time': '5.4108e+00'},
[92mINFO [0m:      	  22: { 'qtty_records': '10',
[92mINFO [0m:      	        'train_loss': '1.8732e+00',
[92mINFO [0m:      	        'train_time': '6.4408e+00'},
[92mINFO [0m:      	  23: { 'qtty_records': '8',
[92mINFO [0m:      	        'train_loss': '1.8694e+00',
[92mINFO [0m:      	        'train_time': '5.4086e+00'},
[92mINFO [0m:      	  24: { 'qtty_records': '10',
[92mINFO [0m:      	        'train_loss': '1.8653e+00',
[92mINFO [0m:      	        'train_time': '6.4496e+00'},
[92mINFO [0m:      	  25: { 'qtty_records': '8',
[92mINFO [0m:      	        'train_loss': '1.8682e+00',
[92mINFO [0m:      	        'train_time': '5.4164e+00'},
[92mINFO [0m:      	  26: { 'qtty_records': '10',
[92mINFO [0m:      	        'train_loss': '1.8709e+00',
[92mINFO [0m:      	        'train_time': '6.4358e+00'},
[92mINFO [0m:      	  27: { 'qtty_records': '8',
[92mINFO [0m:      	        'train_loss': '1.8633e+00',
[92mINFO [0m:      	        'train_time': '5.3972e+00'},
[92mINFO [0m:      	  28: { 'qtty_records': '10',
[92mINFO [0m:      	        'train_loss': '1.8546e+00',
[92mINFO [0m:      	        'train_time': '6.4587e+00'},
[92mINFO [0m:      	  29: { 'qtty_records': '8',
[92mINFO [0m:      	        'train_loss': '1.8548e+00',
[92mINFO [0m:      	        'train_time': '5.4207e+00'},
[92mINFO [0m:      	  30: { 'qtty_records': '10',
[92mINFO [0m:      	        'train_loss': '1.8422e+00',
[92mINFO [0m:      	        'train_time': '6.4386e+00'},
[92mINFO [0m:      	  31: { 'qtty_records': '8',
[92mINFO [0m:      	        'train_loss': '1.8458e+00',
[92mINFO [0m:      	        'train_time': '5.4096e+00'},
[92mINFO [0m:      	  32: { 'qtty_records': '10',
[92mINFO [0m:      	        'train_loss': '1.8374e+00',
[92mINFO [0m:      	        'train_time': '6.4546e+00'},
[92mINFO [0m:      	  33: { 'qtty_records': '8',
[92mINFO [0m:      	        'train_loss': '1.8398e+00',
[92mINFO [0m:      	        'train_time': '5.4004e+00'},
[92mINFO [0m:      	  34: { 'qtty_records': '10',
[92mINFO [0m:      	        'train_loss': '1.8455e+00',
[92mINFO [0m:      	        'train_time': '6.4500e+00'},
[92mINFO [0m:      	  35: { 'qtty_records': '8',
[92mINFO [0m:      	        'train_loss': '1.8523e+00',
[92mINFO [0m:      	        'train_time': '5.4075e+00'},
[92mINFO [0m:      	  36: { 'qtty_records': '10',
[92mINFO [0m:      	        'train_loss': '1.8168e+00',
[92mINFO [0m:      	        'train_time': '6.4410e+00'},
[92mINFO [0m:      	  37: { 'qtty_records': '8',
[92mINFO [0m:      	        'train_loss': '1.8301e+00',
[92mINFO [0m:      	        'train_time': '5.3978e+00'},
[92mINFO [0m:      	  38: { 'qtty_records': '10',
[92mINFO [0m:      	        'train_loss': '1.8098e+00',
[92mINFO [0m:      	        'train_time': '6.4319e+00'},
[92mINFO [0m:      	  39: { 'qtty_records': '8',
[92mINFO [0m:      	        'train_loss': '1.8374e+00',
[92mINFO [0m:      	        'train_time': '5.4019e+00'},
[92mINFO [0m:      	  40: { 'qtty_records': '10',
[92mINFO [0m:      	        'train_loss': '1.8353e+00',
[92mINFO [0m:      	        'train_time': '6.4380e+00'},
[92mINFO [0m:      	  41: { 'qtty_records': '8',
[92mINFO [0m:      	        'train_loss': '1.8286e+00',
[92mINFO [0m:      	        'train_time': '5.3988e+00'},
[92mINFO [0m:      	  42: { 'qtty_records': '10',
[92mINFO [0m:      	        'train_loss': '1.8295e+00',
[92mINFO [0m:      	        'train_time': '6.4337e+00'},
[92mINFO [0m:      	  43: { 'qtty_records': '8',
[92mINFO [0m:      	        'train_loss': '1.8234e+00',
[92mINFO [0m:      	        'train_time': '5.4063e+00'},
[92mINFO [0m:      	  44: { 'qtty_records': '10',
[92mINFO [0m:      	        'train_loss': '1.8231e+00',
[92mINFO [0m:      	        'train_time': '6.4601e+00'},
[92mINFO [0m:      	  45: { 'qtty_records': '8',
[92mINFO [0m:      	        'train_loss': '1.8103e+00',
[92mINFO [0m:      	        'train_time': '5.3955e+00'},
[92mINFO [0m:      	  46: { 'qtty_records': '10',
[92mINFO [0m:      	        'train_loss': '1.8248e+00',
[92mINFO [0m:      	        'train_time': '6.4154e+00'},
[92mINFO [0m:      	  47: { 'qtty_records': '8',
[92mINFO [0m:      	        'train_loss': '1.8094e+00',
[92mINFO [0m:      	        'train_time': '5.4106e+00'},
[92mINFO [0m:      	  48: { 'qtty_records': '10',
[92mINFO [0m:      	        'train_loss': '1.8137e+00',
[92mINFO [0m:      	        'train_time': '6.4498e+00'},
[92mINFO [0m:      	  49: { 'qtty_records': '8',
[92mINFO [0m:      	        'train_loss': '1.8116e+00',
[92mINFO [0m:      	        'train_time': '5.4150e+00'},
[92mINFO [0m:      	  50: { 'qtty_records': '10',
[92mINFO [0m:      	        'train_loss': '1.8290e+00',
[92mINFO [0m:      	        'train_time': '6.4385e+00'},
[92mINFO [0m:      	  51: { 'qtty_records': '8',
[92mINFO [0m:      	        'train_loss': '1.8029e+00',
[92mINFO [0m:      	        'train_time': '5.4007e+00'},
[92mINFO [0m:      	  52: { 'qtty_records': '10',
[92mINFO [0m:      	        'train_loss': '1.8189e+00',
[92mINFO [0m:      	        'train_time': '6.4285e+00'},
[92mINFO [0m:      	  53: { 'qtty_records': '8',
[92mINFO [0m:      	        'train_loss': '1.8091e+00',
[92mINFO [0m:      	        'train_time': '5.4060e+00'},
[92mINFO [0m:      	  54: { 'qtty_records': '10',
[92mINFO [0m:      	        'train_loss': '1.8257e+00',
[92mINFO [0m:      	        'train_time': '6.4547e+00'},
[92mINFO [0m:      	  55: { 'qtty_records': '8',
[92mINFO [0m:      	        'train_loss': '1.8300e+00',
[92mINFO [0m:      	        'train_time': '5.4001e+00'},
[92mINFO [0m:      	  56: { 'qtty_records': '10',
[92mINFO [0m:      	        'train_loss': '1.8311e+00',
[92mINFO [0m:      	        'train_time': '6.4419e+00'},
[92mINFO [0m:      	  57: { 'qtty_records': '8',
[92mINFO [0m:      	        'train_loss': '1.8366e+00',
[92mINFO [0m:      	        'train_time': '5.3971e+00'},
[92mINFO [0m:      	  58: { 'qtty_records': '10',
[92mINFO [0m:      	        'train_loss': '1.8233e+00',
[92mINFO [0m:      	        'train_time': '6.4512e+00'},
[92mINFO [0m:      	  59: { 'qtty_records': '8',
[92mINFO [0m:      	        'train_loss': '1.8378e+00',
[92mINFO [0m:      	        'train_time': '5.4172e+00'},
[92mINFO [0m:      	  60: { 'qtty_records': '10',
[92mINFO [0m:      	        'train_loss': '1.8366e+00',
[92mINFO [0m:      	        'train_time': '6.4509e+00'},
[92mINFO [0m:      	  61: { 'qtty_records': '8',
[92mINFO [0m:      	        'train_loss': '1.7963e+00',
[92mINFO [0m:      	        'train_time': '5.4021e+00'},
[92mINFO [0m:      	  62: { 'qtty_records': '10',
[92mINFO [0m:      	        'train_loss': '1.8331e+00',
[92mINFO [0m:      	        'train_time': '6.4321e+00'},
[92mINFO [0m:      	  63: { 'qtty_records': '8',
[92mINFO [0m:      	        'train_loss': '1.8157e+00',
[92mINFO [0m:      	        'train_time': '5.3912e+00'},
[92mINFO [0m:      	  64: { 'qtty_records': '10',
[92mINFO [0m:      	        'train_loss': '1.8166e+00',
[92mINFO [0m:      	        'train_time': '6.4322e+00'},
[92mINFO [0m:      	  65: { 'qtty_records': '8',
[92mINFO [0m:      	        'train_loss': '1.8343e+00',
[92mINFO [0m:      	        'train_time': '5.3972e+00'},
[92mINFO [0m:      	  66: { 'qtty_records': '10',
[92mINFO [0m:      	        'train_loss': '1.8544e+00',
[92mINFO [0m:      	        'train_time': '6.4308e+00'},
[92mINFO [0m:      	  67: { 'qtty_records': '8',
[92mINFO [0m:      	        'train_loss': '1.8208e+00',
[92mINFO [0m:      	        'train_time': '5.3963e+00'},
[92mINFO [0m:      	  68: { 'qtty_records': '10',
[92mINFO [0m:      	        'train_loss': '1.8233e+00',
[92mINFO [0m:      	        'train_time': '6.4357e+00'},
[92mINFO [0m:      	  69: { 'qtty_records': '8',
[92mINFO [0m:      	        'train_loss': '1.8201e+00',
[92mINFO [0m:      	        'train_time': '5.4092e+00'},
[92mINFO [0m:      	  70: { 'qtty_records': '10',
[92mINFO [0m:      	        'train_loss': '1.8301e+00',
[92mINFO [0m:      	        'train_time': '6.4266e+00'},
[92mINFO [0m:      	  71: { 'qtty_records': '8',
[92mINFO [0m:      	        'train_loss': '1.8154e+00',
[92mINFO [0m:      	        'train_time': '5.4142e+00'},
[92mINFO [0m:      	  72: { 'qtty_records': '10',
[92mINFO [0m:      	        'train_loss': '1.8346e+00',
[92mINFO [0m:      	        'train_time': '6.4470e+00'},
[92mINFO [0m:      	  73: { 'qtty_records': '8',
[92mINFO [0m:      	        'train_loss': '1.8418e+00',
[92mINFO [0m:      	        'train_time': '5.3947e+00'},
[92mINFO [0m:      	  74: { 'qtty_records': '10',
[92mINFO [0m:      	        'train_loss': '1.8393e+00',
[92mINFO [0m:      	        'train_time': '6.4392e+00'},
[92mINFO [0m:      	  75: { 'qtty_records': '8',
[92mINFO [0m:      	        'train_loss': '1.8726e+00',
[92mINFO [0m:      	        'train_time': '5.3981e+00'},
[92mINFO [0m:      	  76: { 'qtty_records': '10',
[92mINFO [0m:      	        'train_loss': '1.8443e+00',
[92mINFO [0m:      	        'train_time': '6.4499e+00'},
[92mINFO [0m:      	  77: { 'qtty_records': '8',
[92mINFO [0m:      	        'train_loss': '1.8322e+00',
[92mINFO [0m:      	        'train_time': '5.3989e+00'},
[92mINFO [0m:      	  78: { 'qtty_records': '10',
[92mINFO [0m:      	        'train_loss': '1.8641e+00',
[92mINFO [0m:      	        'train_time': '6.4497e+00'},
[92mINFO [0m:      	  79: { 'qtty_records': '8',
[92mINFO [0m:      	        'train_loss': '1.8102e+00',
[92mINFO [0m:      	        'train_time': '5.3999e+00'},
[92mINFO [0m:      	  80: { 'qtty_records': '10',
[92mINFO [0m:      	        'train_loss': '1.8545e+00',
[92mINFO [0m:      	        'train_time': '6.4373e+00'},
[92mINFO [0m:      	  81: { 'qtty_records': '8',
[92mINFO [0m:      	        'train_loss': '1.8287e+00',
[92mINFO [0m:      	        'train_time': '5.3920e+00'},
[92mINFO [0m:      	  82: { 'qtty_records': '10',
[92mINFO [0m:      	        'train_loss': '1.8582e+00',
[92mINFO [0m:      	        'train_time': '6.4301e+00'},
[92mINFO [0m:      	  83: { 'qtty_records': '8',
[92mINFO [0m:      	        'train_loss': '1.8304e+00',
[92mINFO [0m:      	        'train_time': '5.4037e+00'},
[92mINFO [0m:      	  84: { 'qtty_records': '10',
[92mINFO [0m:      	        'train_loss': '1.8323e+00',
[92mINFO [0m:      	        'train_time': '6.4401e+00'},
[92mINFO [0m:      	  85: { 'qtty_records': '8',
[92mINFO [0m:      	        'train_loss': '1.8354e+00',
[92mINFO [0m:      	        'train_time': '5.4093e+00'},
[92mINFO [0m:      	  86: { 'qtty_records': '10',
[92mINFO [0m:      	        'train_loss': '1.8226e+00',
[92mINFO [0m:      	        'train_time': '6.4452e+00'},
[92mINFO [0m:      	  87: { 'qtty_records': '8',
[92mINFO [0m:      	        'train_loss': '1.8285e+00',
[92mINFO [0m:      	        'train_time': '5.4018e+00'},
[92mINFO [0m:      	  88: { 'qtty_records': '10',
[92mINFO [0m:      	        'train_loss': '1.8428e+00',
[92mINFO [0m:      	        'train_time': '6.4360e+00'},
[92mINFO [0m:      	  89: { 'qtty_records': '8',
[92mINFO [0m:      	        'train_loss': '1.8259e+00',
[92mINFO [0m:      	        'train_time': '5.3876e+00'},
[92mINFO [0m:      	  90: { 'qtty_records': '10',
[92mINFO [0m:      	        'train_loss': '1.8468e+00',
[92mINFO [0m:      	        'train_time': '6.4492e+00'},
[92mINFO [0m:      	  91: { 'qtty_records': '8',
[92mINFO [0m:      	        'train_loss': '1.8685e+00',
[92mINFO [0m:      	        'train_time': '5.3917e+00'},
[92mINFO [0m:      	  92: { 'qtty_records': '10',
[92mINFO [0m:      	        'train_loss': '1.8319e+00',
[92mINFO [0m:      	        'train_time': '6.4356e+00'},
[92mINFO [0m:      	  93: { 'qtty_records': '8',
[92mINFO [0m:      	        'train_loss': '1.8327e+00',
[92mINFO [0m:      	        'train_time': '5.3888e+00'},
[92mINFO [0m:      	  94: { 'qtty_records': '10',
[92mINFO [0m:      	        'train_loss': '1.8447e+00',
[92mINFO [0m:      	        'train_time': '6.4397e+00'},
[92mINFO [0m:      	  95: { 'qtty_records': '8',
[92mINFO [0m:      	        'train_loss': '1.8565e+00',
[92mINFO [0m:      	        'train_time': '5.3868e+00'},
[92mINFO [0m:      	  96: { 'qtty_records': '10',
[92mINFO [0m:      	        'train_loss': '1.8427e+00',
[92mINFO [0m:      	        'train_time': '6.4372e+00'},
[92mINFO [0m:      	  97: { 'qtty_records': '8',
[92mINFO [0m:      	        'train_loss': '1.8216e+00',
[92mINFO [0m:      	        'train_time': '5.3919e+00'},
[92mINFO [0m:      	  98: { 'qtty_records': '10',
[92mINFO [0m:      	        'train_loss': '1.8470e+00',
[92mINFO [0m:      	        'train_time': '6.4475e+00'},
[92mINFO [0m:      	  99: { 'qtty_records': '8',
[92mINFO [0m:      	        'train_loss': '1.8350e+00',
[92mINFO [0m:      	        'train_time': '5.4015e+00'},
[92mINFO [0m:      	  100: { 'qtty_records': '10',
[92mINFO [0m:      	         'train_loss': '1.8403e+00',
[92mINFO [0m:      	         'train_time': '6.4544e+00'}}
[92mINFO [0m:      	
[92mINFO [0m:      	Aggregated ClientApp-side Evaluate Metrics:
[92mINFO [0m:      	{ 1: { 'eval_acc': '1.0360e-01',
[92mINFO [0m:      	       'eval_loss': '2.3553e+00',
[92mINFO [0m:      	       'time': '4.6602e+01'},
[92mINFO [0m:      	  2: { 'eval_acc': '1.1310e-01',
[92mINFO [0m:      	       'eval_loss': '2.2751e+00',
[92mINFO [0m:      	       'time': '5.3652e+01'},
[92mINFO [0m:      	  3: { 'eval_acc': '1.5500e-01',
[92mINFO [0m:      	       'eval_loss': '2.2093e+00',
[92mINFO [0m:      	       'time': '6.0784e+01'},
[92mINFO [0m:      	  4: { 'eval_acc': '1.6650e-01',
[92mINFO [0m:      	       'eval_loss': '2.2123e+00',
[92mINFO [0m:      	       'time': '6.7818e+01'},
[92mINFO [0m:      	  5: { 'eval_acc': '2.1280e-01',
[92mINFO [0m:      	       'eval_loss': '2.1466e+00',
[92mINFO [0m:      	       'time': '7.4948e+01'},
[92mINFO [0m:      	  6: { 'eval_acc': '2.2670e-01',
[92mINFO [0m:      	       'eval_loss': '2.1005e+00',
[92mINFO [0m:      	       'time': '8.2105e+01'},
[92mINFO [0m:      	  7: { 'eval_acc': '2.6170e-01',
[92mINFO [0m:      	       'eval_loss': '1.9985e+00',
[92mINFO [0m:      	       'time': '8.9336e+01'},
[92mINFO [0m:      	  8: { 'eval_acc': '2.6830e-01',
[92mINFO [0m:      	       'eval_loss': '2.0078e+00',
[92mINFO [0m:      	       'time': '9.6371e+01'},
[92mINFO [0m:      	  9: { 'eval_acc': '2.7410e-01',
[92mINFO [0m:      	       'eval_loss': '2.0081e+00',
[92mINFO [0m:      	       'time': '1.0361e+02'},
[92mINFO [0m:      	  10: { 'eval_acc': '2.7530e-01',
[92mINFO [0m:      	        'eval_loss': '2.0108e+00',
[92mINFO [0m:      	        'time': '1.1367e+02'},
[92mINFO [0m:      	  11: { 'eval_acc': '2.7270e-01',
[92mINFO [0m:      	        'eval_loss': '1.9987e+00',
[92mINFO [0m:      	        'time': '1.2080e+02'},
[92mINFO [0m:      	  12: { 'eval_acc': '3.1810e-01',
[92mINFO [0m:      	        'eval_loss': '1.9451e+00',
[92mINFO [0m:      	        'time': '1.2786e+02'},
[92mINFO [0m:      	  13: { 'eval_acc': '3.3390e-01',
[92mINFO [0m:      	        'eval_loss': '1.9149e+00',
[92mINFO [0m:      	        'time': '1.3499e+02'},
[92mINFO [0m:      	  14: { 'eval_acc': '3.0710e-01',
[92mINFO [0m:      	        'eval_loss': '1.9386e+00',
[92mINFO [0m:      	        'time': '1.4205e+02'},
[92mINFO [0m:      	  15: { 'eval_acc': '3.2920e-01',
[92mINFO [0m:      	        'eval_loss': '1.8922e+00',
[92mINFO [0m:      	        'time': '1.4918e+02'},
[92mINFO [0m:      	  16: { 'eval_acc': '3.3320e-01',
[92mINFO [0m:      	        'eval_loss': '1.9183e+00',
[92mINFO [0m:      	        'time': '1.5624e+02'},
[92mINFO [0m:      	  17: { 'eval_acc': '3.3990e-01',
[92mINFO [0m:      	        'eval_loss': '1.8690e+00',
[92mINFO [0m:      	        'time': '1.6337e+02'},
[92mINFO [0m:      	  18: { 'eval_acc': '3.0290e-01',
[92mINFO [0m:      	        'eval_loss': '1.9661e+00',
[92mINFO [0m:      	        'time': '1.7041e+02'},
[92mINFO [0m:      	  19: { 'eval_acc': '3.4030e-01',
[92mINFO [0m:      	        'eval_loss': '1.8939e+00',
[92mINFO [0m:      	        'time': '1.7754e+02'},
[92mINFO [0m:      	  20: { 'eval_acc': '3.2800e-01',
[92mINFO [0m:      	        'eval_loss': '1.9163e+00',
[92mINFO [0m:      	        'time': '1.8457e+02'},
[92mINFO [0m:      	  21: { 'eval_acc': '3.5010e-01',
[92mINFO [0m:      	        'eval_loss': '1.8654e+00',
[92mINFO [0m:      	        'time': '1.9170e+02'},
[92mINFO [0m:      	  22: { 'eval_acc': '3.4650e-01',
[92mINFO [0m:      	        'eval_loss': '1.8881e+00',
[92mINFO [0m:      	        'time': '1.9876e+02'},
[92mINFO [0m:      	  23: { 'eval_acc': '3.2830e-01',
[92mINFO [0m:      	        'eval_loss': '1.9305e+00',
[92mINFO [0m:      	        'time': '2.0589e+02'},
[92mINFO [0m:      	  24: { 'eval_acc': '3.4870e-01',
[92mINFO [0m:      	        'eval_loss': '1.8667e+00',
[92mINFO [0m:      	        'time': '2.1293e+02'},
[92mINFO [0m:      	  25: { 'eval_acc': '3.0770e-01',
[92mINFO [0m:      	        'eval_loss': '1.9231e+00',
[92mINFO [0m:      	        'time': '2.2007e+02'},
[92mINFO [0m:      	  26: { 'eval_acc': '3.4080e-01',
[92mINFO [0m:      	        'eval_loss': '1.8915e+00',
[92mINFO [0m:      	        'time': '2.2710e+02'},
[92mINFO [0m:      	  27: { 'eval_acc': '3.3740e-01',
[92mINFO [0m:      	        'eval_loss': '1.8889e+00',
[92mINFO [0m:      	        'time': '2.3413e+02'},
[92mINFO [0m:      	  28: { 'eval_acc': '3.6770e-01',
[92mINFO [0m:      	        'eval_loss': '1.8520e+00',
[92mINFO [0m:      	        'time': '2.4118e+02'},
[92mINFO [0m:      	  29: { 'eval_acc': '3.6890e-01',
[92mINFO [0m:      	        'eval_loss': '1.8386e+00',
[92mINFO [0m:      	        'time': '2.4842e+02'},
[92mINFO [0m:      	  30: { 'eval_acc': '3.6300e-01',
[92mINFO [0m:      	        'eval_loss': '1.8526e+00',
[92mINFO [0m:      	        'time': '2.5548e+02'},
[92mINFO [0m:      	  31: { 'eval_acc': '3.5630e-01',
[92mINFO [0m:      	        'eval_loss': '1.8516e+00',
[92mINFO [0m:      	        'time': '2.6271e+02'},
[92mINFO [0m:      	  32: { 'eval_acc': '3.7190e-01',
[92mINFO [0m:      	        'eval_loss': '1.8080e+00',
[92mINFO [0m:      	        'time': '2.6977e+02'},
[92mINFO [0m:      	  33: { 'eval_acc': '3.5380e-01',
[92mINFO [0m:      	        'eval_loss': '1.8757e+00',
[92mINFO [0m:      	        'time': '2.7690e+02'},
[92mINFO [0m:      	  34: { 'eval_acc': '4.0020e-01',
[92mINFO [0m:      	        'eval_loss': '1.8146e+00',
[92mINFO [0m:      	        'time': '2.8394e+02'},
[92mINFO [0m:      	  35: { 'eval_acc': '3.4290e-01',
[92mINFO [0m:      	        'eval_loss': '1.8805e+00',
[92mINFO [0m:      	        'time': '2.9117e+02'},
[92mINFO [0m:      	  36: { 'eval_acc': '3.8330e-01',
[92mINFO [0m:      	        'eval_loss': '1.8208e+00',
[92mINFO [0m:      	        'time': '2.9822e+02'},
[92mINFO [0m:      	  37: { 'eval_acc': '3.7910e-01',
[92mINFO [0m:      	        'eval_loss': '1.8350e+00',
[92mINFO [0m:      	        'time': '3.0545e+02'},
[92mINFO [0m:      	  38: { 'eval_acc': '3.6600e-01',
[92mINFO [0m:      	        'eval_loss': '1.8310e+00',
[92mINFO [0m:      	        'time': '3.1249e+02'},
[92mINFO [0m:      	  39: { 'eval_acc': '3.6340e-01',
[92mINFO [0m:      	        'eval_loss': '1.8517e+00',
[92mINFO [0m:      	        'time': '3.1964e+02'},
[92mINFO [0m:      	  40: { 'eval_acc': '3.8020e-01',
[92mINFO [0m:      	        'eval_loss': '1.8138e+00',
[92mINFO [0m:      	        'time': '3.2669e+02'},
[92mINFO [0m:      	  41: { 'eval_acc': '3.6130e-01',
[92mINFO [0m:      	        'eval_loss': '1.8384e+00',
[92mINFO [0m:      	        'time': '3.3384e+02'},
[92mINFO [0m:      	  42: { 'eval_acc': '3.7780e-01',
[92mINFO [0m:      	        'eval_loss': '1.8385e+00',
[92mINFO [0m:      	        'time': '3.4101e+02'},
[92mINFO [0m:      	  43: { 'eval_acc': '3.7980e-01',
[92mINFO [0m:      	        'eval_loss': '1.8363e+00',
[92mINFO [0m:      	        'time': '3.4815e+02'},
[92mINFO [0m:      	  44: { 'eval_acc': '3.6330e-01',
[92mINFO [0m:      	        'eval_loss': '1.8433e+00',
[92mINFO [0m:      	        'time': '3.5519e+02'},
[92mINFO [0m:      	  45: { 'eval_acc': '3.7640e-01',
[92mINFO [0m:      	        'eval_loss': '1.8085e+00',
[92mINFO [0m:      	        'time': '3.6232e+02'},
[92mINFO [0m:      	  46: { 'eval_acc': '3.8550e-01',
[92mINFO [0m:      	        'eval_loss': '1.8303e+00',
[92mINFO [0m:      	        'time': '3.6936e+02'},
[92mINFO [0m:      	  47: { 'eval_acc': '3.7670e-01',
[92mINFO [0m:      	        'eval_loss': '1.8058e+00',
[92mINFO [0m:      	        'time': '3.7649e+02'},
[92mINFO [0m:      	  48: { 'eval_acc': '3.8270e-01',
[92mINFO [0m:      	        'eval_loss': '1.8523e+00',
[92mINFO [0m:      	        'time': '3.8354e+02'},
[92mINFO [0m:      	  49: { 'eval_acc': '3.6890e-01',
[92mINFO [0m:      	        'eval_loss': '1.8490e+00',
[92mINFO [0m:      	        'time': '3.9067e+02'},
[92mINFO [0m:      	  50: { 'eval_acc': '3.5680e-01',
[92mINFO [0m:      	        'eval_loss': '1.8397e+00',
[92mINFO [0m:      	        'time': '3.9771e+02'},
[92mINFO [0m:      	  51: { 'eval_acc': '3.6650e-01',
[92mINFO [0m:      	        'eval_loss': '1.8187e+00',
[92mINFO [0m:      	        'time': '4.0484e+02'},
[92mINFO [0m:      	  52: { 'eval_acc': '3.8740e-01',
[92mINFO [0m:      	        'eval_loss': '1.8301e+00',
[92mINFO [0m:      	        'time': '4.1187e+02'},
[92mINFO [0m:      	  53: { 'eval_acc': '3.7290e-01',
[92mINFO [0m:      	        'eval_loss': '1.8661e+00',
[92mINFO [0m:      	        'time': '4.1900e+02'},
[92mINFO [0m:      	  54: { 'eval_acc': '3.6330e-01',
[92mINFO [0m:      	        'eval_loss': '1.8777e+00',
[92mINFO [0m:      	        'time': '4.2644e+02'},
[92mINFO [0m:      	  55: { 'eval_acc': '3.4280e-01',
[92mINFO [0m:      	        'eval_loss': '1.8592e+00',
[92mINFO [0m:      	        'time': '4.3358e+02'},
[92mINFO [0m:      	  56: { 'eval_acc': '3.5640e-01',
[92mINFO [0m:      	        'eval_loss': '1.8714e+00',
[92mINFO [0m:      	        'time': '4.4062e+02'},
[92mINFO [0m:      	  57: { 'eval_acc': '3.6300e-01',
[92mINFO [0m:      	        'eval_loss': '1.8522e+00',
[92mINFO [0m:      	        'time': '4.4765e+02'},
[92mINFO [0m:      	  58: { 'eval_acc': '3.7880e-01',
[92mINFO [0m:      	        'eval_loss': '1.8397e+00',
[92mINFO [0m:      	        'time': '4.5471e+02'},
[92mINFO [0m:      	  59: { 'eval_acc': '3.5130e-01',
[92mINFO [0m:      	        'eval_loss': '1.8523e+00',
[92mINFO [0m:      	        'time': '4.6174e+02'},
[92mINFO [0m:      	  60: { 'eval_acc': '3.6790e-01',
[92mINFO [0m:      	        'eval_loss': '1.8679e+00',
[92mINFO [0m:      	        'time': '4.6880e+02'},
[92mINFO [0m:      	  61: { 'eval_acc': '3.7980e-01',
[92mINFO [0m:      	        'eval_loss': '1.8031e+00',
[92mINFO [0m:      	        'time': '4.7603e+02'},
[92mINFO [0m:      	  62: { 'eval_acc': '3.5620e-01',
[92mINFO [0m:      	        'eval_loss': '1.8558e+00',
[92mINFO [0m:      	        'time': '4.8306e+02'},
[92mINFO [0m:      	  63: { 'eval_acc': '3.7020e-01',
[92mINFO [0m:      	        'eval_loss': '1.8284e+00',
[92mINFO [0m:      	        'time': '4.9021e+02'},
[92mINFO [0m:      	  64: { 'eval_acc': '3.6690e-01',
[92mINFO [0m:      	        'eval_loss': '1.8320e+00',
[92mINFO [0m:      	        'time': '4.9727e+02'},
[92mINFO [0m:      	  65: { 'eval_acc': '3.4220e-01',
[92mINFO [0m:      	        'eval_loss': '1.9115e+00',
[92mINFO [0m:      	        'time': '5.0440e+02'},
[92mINFO [0m:      	  66: { 'eval_acc': '3.6300e-01',
[92mINFO [0m:      	        'eval_loss': '1.8762e+00',
[92mINFO [0m:      	        'time': '5.1144e+02'},
[92mINFO [0m:      	  67: { 'eval_acc': '3.7270e-01',
[92mINFO [0m:      	        'eval_loss': '1.8481e+00',
[92mINFO [0m:      	        'time': '5.1857e+02'},
[92mINFO [0m:      	  68: { 'eval_acc': '3.7670e-01',
[92mINFO [0m:      	        'eval_loss': '1.8289e+00',
[92mINFO [0m:      	        'time': '5.2561e+02'},
[92mINFO [0m:      	  69: { 'eval_acc': '3.4210e-01',
[92mINFO [0m:      	        'eval_loss': '1.8957e+00',
[92mINFO [0m:      	        'time': '5.3274e+02'},
[92mINFO [0m:      	  70: { 'eval_acc': '3.5190e-01',
[92mINFO [0m:      	        'eval_loss': '1.8828e+00',
[92mINFO [0m:      	        'time': '5.3980e+02'},
[92mINFO [0m:      	  71: { 'eval_acc': '3.5020e-01',
[92mINFO [0m:      	        'eval_loss': '1.8656e+00',
[92mINFO [0m:      	        'time': '5.4693e+02'},
[92mINFO [0m:      	  72: { 'eval_acc': '3.6990e-01',
[92mINFO [0m:      	        'eval_loss': '1.8441e+00',
[92mINFO [0m:      	        'time': '5.5396e+02'},
[92mINFO [0m:      	  73: { 'eval_acc': '3.5680e-01',
[92mINFO [0m:      	        'eval_loss': '1.8783e+00',
[92mINFO [0m:      	        'time': '5.6110e+02'},
[92mINFO [0m:      	  74: { 'eval_acc': '3.5860e-01',
[92mINFO [0m:      	        'eval_loss': '1.8741e+00',
[92mINFO [0m:      	        'time': '5.6816e+02'},
[92mINFO [0m:      	  75: { 'eval_acc': '3.5470e-01',
[92mINFO [0m:      	        'eval_loss': '1.8748e+00',
[92mINFO [0m:      	        'time': '5.7529e+02'},
[92mINFO [0m:      	  76: { 'eval_acc': '3.5660e-01',
[92mINFO [0m:      	        'eval_loss': '1.8635e+00',
[92mINFO [0m:      	        'time': '5.8242e+02'},
[92mINFO [0m:      	  77: { 'eval_acc': '3.5560e-01',
[92mINFO [0m:      	        'eval_loss': '1.8729e+00',
[92mINFO [0m:      	        'time': '5.8955e+02'},
[92mINFO [0m:      	  78: { 'eval_acc': '3.6420e-01',
[92mINFO [0m:      	        'eval_loss': '1.8542e+00',
[92mINFO [0m:      	        'time': '5.9661e+02'},
[92mINFO [0m:      	  79: { 'eval_acc': '3.7480e-01',
[92mINFO [0m:      	        'eval_loss': '1.8170e+00',
[92mINFO [0m:      	        'time': '6.0374e+02'},
[92mINFO [0m:      	  80: { 'eval_acc': '3.7190e-01',
[92mINFO [0m:      	        'eval_loss': '1.8399e+00',
[92mINFO [0m:      	        'time': '6.1077e+02'},
[92mINFO [0m:      	  81: { 'eval_acc': '3.5210e-01',
[92mINFO [0m:      	        'eval_loss': '1.8839e+00',
[92mINFO [0m:      	        'time': '6.1801e+02'},
[92mINFO [0m:      	  82: { 'eval_acc': '3.6280e-01',
[92mINFO [0m:      	        'eval_loss': '1.8531e+00',
[92mINFO [0m:      	        'time': '6.2505e+02'},
[92mINFO [0m:      	  83: { 'eval_acc': '3.5850e-01',
[92mINFO [0m:      	        'eval_loss': '1.8636e+00',
[92mINFO [0m:      	        'time': '6.3208e+02'},
[92mINFO [0m:      	  84: { 'eval_acc': '3.7710e-01',
[92mINFO [0m:      	        'eval_loss': '1.8078e+00',
[92mINFO [0m:      	        'time': '6.3911e+02'},
[92mINFO [0m:      	  85: { 'eval_acc': '3.5720e-01',
[92mINFO [0m:      	        'eval_loss': '1.8612e+00',
[92mINFO [0m:      	        'time': '6.4624e+02'},
[92mINFO [0m:      	  86: { 'eval_acc': '3.7760e-01',
[92mINFO [0m:      	        'eval_loss': '1.8274e+00',
[92mINFO [0m:      	        'time': '6.5330e+02'},
[92mINFO [0m:      	  87: { 'eval_acc': '3.6390e-01',
[92mINFO [0m:      	        'eval_loss': '1.8397e+00',
[92mINFO [0m:      	        'time': '6.6045e+02'},
[92mINFO [0m:      	  88: { 'eval_acc': '3.5600e-01',
[92mINFO [0m:      	        'eval_loss': '1.8698e+00',
[92mINFO [0m:      	        'time': '6.6751e+02'},
[92mINFO [0m:      	  89: { 'eval_acc': '3.8100e-01',
[92mINFO [0m:      	        'eval_loss': '1.8288e+00',
[92mINFO [0m:      	        'time': '6.7464e+02'},
[92mINFO [0m:      	  90: { 'eval_acc': '3.6390e-01',
[92mINFO [0m:      	        'eval_loss': '1.8616e+00',
[92mINFO [0m:      	        'time': '6.8170e+02'},
[92mINFO [0m:      	  91: { 'eval_acc': '3.5140e-01',
[92mINFO [0m:      	        'eval_loss': '1.8687e+00',
[92mINFO [0m:      	        'time': '6.8883e+02'},
[92mINFO [0m:      	  92: { 'eval_acc': '3.7650e-01',
[92mINFO [0m:      	        'eval_loss': '1.8235e+00',
[92mINFO [0m:      	        'time': '6.9587e+02'},
[92mINFO [0m:      	  93: { 'eval_acc': '3.6460e-01',
[92mINFO [0m:      	        'eval_loss': '1.8263e+00',
[92mINFO [0m:      	        'time': '7.0300e+02'},
[92mINFO [0m:      	  94: { 'eval_acc': '3.4930e-01',
[92mINFO [0m:      	        'eval_loss': '1.8591e+00',
[92mINFO [0m:      	        'time': '7.1006e+02'},
[92mINFO [0m:      	  95: { 'eval_acc': '3.7600e-01',
[92mINFO [0m:      	        'eval_loss': '1.8298e+00',
[92mINFO [0m:      	        'time': '7.1719e+02'},
[92mINFO [0m:      	  96: { 'eval_acc': '3.5290e-01',
[92mINFO [0m:      	        'eval_loss': '1.8659e+00',
[92mINFO [0m:      	        'time': '7.2437e+02'},
[92mINFO [0m:      	  97: { 'eval_acc': '3.6070e-01',
[92mINFO [0m:      	        'eval_loss': '1.8512e+00',
[92mINFO [0m:      	        'time': '7.3140e+02'},
[92mINFO [0m:      	  98: { 'eval_acc': '3.5750e-01',
[92mINFO [0m:      	        'eval_loss': '1.8424e+00',
[92mINFO [0m:      	        'time': '7.3856e+02'},
[92mINFO [0m:      	  99: { 'eval_acc': '3.5490e-01',
[92mINFO [0m:      	        'eval_loss': '1.8359e+00',
[92mINFO [0m:      	        'time': '7.4569e+02'},
[92mINFO [0m:      	  100: { 'eval_acc': '3.4830e-01',
[92mINFO [0m:      	         'eval_loss': '1.8720e+00',
[92mINFO [0m:      	         'time': '7.5284e+02'}}
[92mINFO [0m:      	
[92mINFO [0m:      	ServerApp-side Evaluate Metrics:
[92mINFO [0m:      	{}
[92mINFO [0m:      
[92mINFO [0m:      CSV saved: results/cifar10/4/FedSaSync_fs2_m6.csv
[36m(ClientAppActor pid=2528674)[0m [2026-05-20 03:04:50,529 E 2528674 2529527] core_worker_process.cc:825: Failed to establish connection to the metrics exporter agent. Metrics will not be exported. Exporter agent status: RpcError: Running out of retries to initialize the metrics agent. rpc_code: 14[32m [repeated 15x across cluster][0m
[92mINFO [0m:      
