fs=2 m=6 i=6
Starting local SuperLink on 127.0.0.1:39093...
⚠️ Warning: `options.` fields in the SuperLink connection configuration are deprecated. Use `--federation-config` with `flwr run` instead. Alternatively, permanently set your simulation configuration via `flwr federation simulation-config`.
🎊 Successfully started run 2826757581440253406
[92mINFO [0m:      Starting Flower Simulation
Successfully installed fedsasync to /tmp/Victor-Hidalgo-1436506-105-0/.flwr/apps/flwrlabs.fedsasync.1.0.0.f4a93b94.
[92mINFO [0m:      Starting FedSaSync strategy:
[92mINFO [0m:      	├── Number of rounds: 100
[92mINFO [0m:      	├── ArrayRecord (0.24 MB)
[92mINFO [0m:      	├── ConfigRecord (train): (empty!)
[92mINFO [0m:      	├── ConfigRecord (evaluate): (empty!)
[92mINFO [0m:      	├──> Sampling:
[92mINFO [0m:      	│	├──Fraction: train (1.00) | evaluate ( 1.00)
[92mINFO [0m:      	│	├──Minimum nodes: train (2) | evaluate (2)
[92mINFO [0m:      	│	└──Minimum available nodes: 2
[92mINFO [0m:      	└──> Keys in records:
[92mINFO [0m:      		├── Weighted by: 'num-examples'
[92mINFO [0m:      		├── ArrayRecord key: 'arrays'
[92mINFO [0m:      		└── ConfigRecord key: 'config'
[92mINFO [0m:      
[92mINFO [0m:      
[92mINFO [0m:      [ROUND 1/100]
[92mINFO [0m:      configure_train: Sampled 10 nodes (out of 10)
/home/Victor.Hidalgo/.pyenv/versions/3.12.12/envs/fedsasync/lib/python3.12/site-packages/ray/_private/worker.py:2051: FutureWarning: Tip: In future versions of Ray, Ray will no longer override accelerator visible devices env var if num_gpus=0 or num_gpus=None (default). To enable this behavior and turn off this error message, set RAY_ACCEL_ENV_VAR_OVERRIDE_ON_ZERO=0
  warnings.warn(
[36m(ClientAppActor pid=1574183)[0m Warning: You are sending unauthenticated requests to the HF Hub. Please set a HF_TOKEN to enable higher rate limits and faster downloads.
[92mINFO [0m:      aggregate_train: Received 8 results and 0 failures
[92mINFO [0m:      	└──> Aggregated MetricRecord: {'train_loss': 2.2163543046712877, 'train_time': 7.3334475219016895, 'qtty_records': 8}
[92mINFO [0m:      configure_evaluate: Sampled 10 nodes (out of 10)
[36m(pid=gcs_server)[0m [2026-05-20 03:05:27,734 E 1572857 1572857] (gcs_server) gcs_server.cc:302: Failed to establish connection to the event+metrics exporter agent. Events and metrics will not be exported. Exporter agent status: RpcError: Running out of retries to initialize the metrics agent. rpc_code: 14
[36m(ClientAppActor pid=1574178)[0m Warning: You are sending unauthenticated requests to the HF Hub. Please set a HF_TOKEN to enable higher rate limits and faster downloads.[32m [repeated 8x across cluster] (Ray deduplicates logs by default. Set RAY_DEDUP_LOGS=0 to disable log deduplication, or see https://docs.ray.io/en/master/ray-observability/user-guides/configure-logging.html#log-deduplication for more options.)[0m
[33m(raylet)[0m [2026-05-20 03:05:30,878 E 1573133 1573133] (raylet) main.cc:975: Failed to establish connection to the metrics exporter agent. Metrics will not be exported. Exporter agent status: RpcError: Running out of retries to initialize the metrics agent. rpc_code: 14
[92mINFO [0m:      aggregate_evaluate: Received 10 results and 0 failures
[92mINFO [0m:      	└──> Aggregated MetricRecord: {'eval_loss': 2.2983596295118334, 'eval_acc': 0.09590000000000001, 'time': 44.22627353668213}
[92mINFO [0m:      
[92mINFO [0m:      [ROUND 2/100]
[92mINFO [0m:      configure_train: Sampled 8 nodes (out of 10)
[36m(ClientAppActor pid=1574184)[0m [2026-05-20 03:05:34,791 E 1574184 1574385] core_worker_process.cc:825: Failed to establish connection to the metrics exporter agent. Metrics will not be exported. Exporter agent status: RpcError: Running out of retries to initialize the metrics agent. rpc_code: 14
[36m(ClientAppActor pid=1574161)[0m Warning: You are sending unauthenticated requests to the HF Hub. Please set a HF_TOKEN to enable higher rate limits and faster downloads.[32m [repeated 2x across cluster][0m
[92mINFO [0m:      aggregate_train: Received 10 results and 0 failures
[92mINFO [0m:      	└──> Aggregated MetricRecord: {'train_loss': 2.1491953600883487, 'train_time': 6.822128402721137, 'qtty_records': 10}
[92mINFO [0m:      configure_evaluate: Sampled 10 nodes (out of 10)
[92mINFO [0m:      aggregate_evaluate: Received 10 results and 0 failures
[92mINFO [0m:      	└──> Aggregated MetricRecord: {'eval_loss': 2.2186218395829203, 'eval_acc': 0.1768, 'time': 51.28796434402466}
[92mINFO [0m:      
[92mINFO [0m:      [ROUND 3/100]
[92mINFO [0m:      configure_train: Sampled 10 nodes (out of 10)
[92mINFO [0m:      aggregate_train: Received 8 results and 0 failures
[92mINFO [0m:      	└──> Aggregated MetricRecord: {'train_loss': 2.0920632405281063, 'train_time': 5.4302310078637674, 'qtty_records': 8}
[92mINFO [0m:      configure_evaluate: Sampled 10 nodes (out of 10)
[92mINFO [0m:      aggregate_evaluate: Received 10 results and 0 failures
[92mINFO [0m:      	└──> Aggregated MetricRecord: {'eval_loss': 2.1034684393554923, 'eval_acc': 0.19169999999999998, 'time': 58.41851806640625}
[92mINFO [0m:      
[92mINFO [0m:      [ROUND 4/100]
[92mINFO [0m:      configure_train: Sampled 8 nodes (out of 10)
[92mINFO [0m:      aggregate_train: Received 10 results and 0 failures
[92mINFO [0m:      	└──> Aggregated MetricRecord: {'train_loss': 2.044824822807312, 'train_time': 6.500094632897526, 'qtty_records': 10}
[92mINFO [0m:      configure_evaluate: Sampled 10 nodes (out of 10)
[92mINFO [0m:      aggregate_evaluate: Received 10 results and 0 failures
[92mINFO [0m:      	└──> Aggregated MetricRecord: {'eval_loss': 2.077843294665217, 'eval_acc': 0.21889999999999998, 'time': 65.45411419868469}
[92mINFO [0m:      
[92mINFO [0m:      [ROUND 5/100]
[92mINFO [0m:      configure_train: Sampled 10 nodes (out of 10)
[92mINFO [0m:      aggregate_train: Received 8 results and 0 failures
[92mINFO [0m:      	└──> Aggregated MetricRecord: {'train_loss': 2.021807641029358, 'train_time': 5.432360865175724, 'qtty_records': 8}
[92mINFO [0m:      configure_evaluate: Sampled 10 nodes (out of 10)
[92mINFO [0m:      aggregate_evaluate: Received 10 results and 0 failures
[92mINFO [0m:      	└──> Aggregated MetricRecord: {'eval_loss': 2.0916814740747216, 'eval_acc': 0.21740000000000004, 'time': 72.58579850196838}
[92mINFO [0m:      
[92mINFO [0m:      [ROUND 6/100]
[92mINFO [0m:      configure_train: Sampled 8 nodes (out of 10)
[92mINFO [0m:      aggregate_train: Received 10 results and 0 failures
[92mINFO [0m:      	└──> Aggregated MetricRecord: {'train_loss': 1.999733659362793, 'train_time': 6.455043365247548, 'qtty_records': 10}
[92mINFO [0m:      configure_evaluate: Sampled 10 nodes (out of 10)
[92mINFO [0m:      aggregate_evaluate: Received 10 results and 0 failures
[92mINFO [0m:      	└──> Aggregated MetricRecord: {'eval_loss': 2.069801913574338, 'eval_acc': 0.2372, 'time': 79.65053081512451}
[92mINFO [0m:      
[92mINFO [0m:      [ROUND 7/100]
[92mINFO [0m:      configure_train: Sampled 10 nodes (out of 10)
[92mINFO [0m:      aggregate_train: Received 8 results and 0 failures
[92mINFO [0m:      	└──> Aggregated MetricRecord: {'train_loss': 1.9836547154188158, 'train_time': 5.424582580453716, 'qtty_records': 8}
[92mINFO [0m:      configure_evaluate: Sampled 10 nodes (out of 10)
[92mINFO [0m:      aggregate_evaluate: Received 10 results and 0 failures
[92mINFO [0m:      	└──> Aggregated MetricRecord: {'eval_loss': 2.022749836370349, 'eval_acc': 0.25129999999999997, 'time': 86.78225564956665}
[92mINFO [0m:      
[92mINFO [0m:      [ROUND 8/100]
[92mINFO [0m:      configure_train: Sampled 8 nodes (out of 10)
[92mINFO [0m:      aggregate_train: Received 10 results and 0 failures
[92mINFO [0m:      	└──> Aggregated MetricRecord: {'train_loss': 1.975212909317017, 'train_time': 6.463035878073424, 'qtty_records': 10}
[92mINFO [0m:      configure_evaluate: Sampled 10 nodes (out of 10)
[92mINFO [0m:      aggregate_evaluate: Received 10 results and 0 failures
[92mINFO [0m:      	└──> Aggregated MetricRecord: {'eval_loss': 2.044586392119527, 'eval_acc': 0.2326, 'time': 93.9617600440979}
[92mINFO [0m:      
[92mINFO [0m:      [ROUND 9/100]
[92mINFO [0m:      configure_train: Sampled 10 nodes (out of 10)
[92mINFO [0m:      aggregate_train: Received 8 results and 0 failures
[92mINFO [0m:      	└──> Aggregated MetricRecord: {'train_loss': 1.9630793311595915, 'train_time': 5.435026682913303, 'qtty_records': 8}
[92mINFO [0m:      configure_evaluate: Sampled 10 nodes (out of 10)
[92mINFO [0m:      aggregate_evaluate: Received 10 results and 0 failures
[92mINFO [0m:      	└──> Aggregated MetricRecord: {'eval_loss': 2.0783723466098314, 'eval_acc': 0.22510000000000002, 'time': 101.09224534034729}
[92mINFO [0m:      
[92mINFO [0m:      [ROUND 10/100]
[92mINFO [0m:      configure_train: Sampled 8 nodes (out of 10)
[92mINFO [0m:      aggregate_train: Received 10 results and 0 failures
[92mINFO [0m:      	└──> Aggregated MetricRecord: {'train_loss': 1.9643777936935425, 'train_time': 6.455197847913951, 'qtty_records': 10}
[92mINFO [0m:      configure_evaluate: Sampled 10 nodes (out of 10)
[92mINFO [0m:      aggregate_evaluate: Received 10 results and 0 failures
[92mINFO [0m:      	└──> Aggregated MetricRecord: {'eval_loss': 1.9911622457206253, 'eval_acc': 0.26130000000000003, 'time': 108.15527296066284}
[92mINFO [0m:      
[92mINFO [0m:      [ROUND 11/100]
[92mINFO [0m:      configure_train: Sampled 10 nodes (out of 10)
[92mINFO [0m:      aggregate_train: Received 8 results and 0 failures
[92mINFO [0m:      	└──> Aggregated MetricRecord: {'train_loss': 1.9346524285078048, 'train_time': 5.402056065388024, 'qtty_records': 8}
[92mINFO [0m:      configure_evaluate: Sampled 10 nodes (out of 10)
[92mINFO [0m:      aggregate_evaluate: Received 10 results and 0 failures
[92mINFO [0m:      	└──> Aggregated MetricRecord: {'eval_loss': 1.9689221393316982, 'eval_acc': 0.27080000000000004, 'time': 115.38737750053406}
[92mINFO [0m:      
[92mINFO [0m:      [ROUND 12/100]
[92mINFO [0m:      configure_train: Sampled 8 nodes (out of 10)
[92mINFO [0m:      aggregate_train: Received 10 results and 0 failures
[92mINFO [0m:      	└──> Aggregated MetricRecord: {'train_loss': 1.9497519436836241, 'train_time': 6.432634761650116, 'qtty_records': 10}
[92mINFO [0m:      configure_evaluate: Sampled 10 nodes (out of 10)
[92mINFO [0m:      aggregate_evaluate: Received 10 results and 0 failures
[92mINFO [0m:      	└──> Aggregated MetricRecord: {'eval_loss': 2.0945523399859667, 'eval_acc': 0.22769999999999999, 'time': 122.44635152816772}
[92mINFO [0m:      
[92mINFO [0m:      [ROUND 13/100]
[92mINFO [0m:      configure_train: Sampled 10 nodes (out of 10)
[92mINFO [0m:      aggregate_train: Received 8 results and 0 failures
[92mINFO [0m:      	└──> Aggregated MetricRecord: {'train_loss': 1.9657737888097762, 'train_time': 5.411925386171788, 'qtty_records': 8}
[92mINFO [0m:      configure_evaluate: Sampled 10 nodes (out of 10)
[92mINFO [0m:      aggregate_evaluate: Received 10 results and 0 failures
[92mINFO [0m:      	└──> Aggregated MetricRecord: {'eval_loss': 1.9495489951223135, 'eval_acc': 0.256, 'time': 129.58679127693176}
[92mINFO [0m:      
[92mINFO [0m:      [ROUND 14/100]
[92mINFO [0m:      configure_train: Sampled 8 nodes (out of 10)
[92mINFO [0m:      aggregate_train: Received 10 results and 0 failures
[92mINFO [0m:      	└──> Aggregated MetricRecord: {'train_loss': 1.9204061816215516, 'train_time': 6.4589010149240496, 'qtty_records': 10}
[92mINFO [0m:      configure_evaluate: Sampled 10 nodes (out of 10)
[92mINFO [0m:      aggregate_evaluate: Received 10 results and 0 failures
[92mINFO [0m:      	└──> Aggregated MetricRecord: {'eval_loss': 1.9504389587789772, 'eval_acc': 0.2874, 'time': 136.64852237701416}
[92mINFO [0m:      
[92mINFO [0m:      [ROUND 15/100]
[92mINFO [0m:      configure_train: Sampled 10 nodes (out of 10)
[92mINFO [0m:      aggregate_train: Received 8 results and 0 failures
[92mINFO [0m:      	└──> Aggregated MetricRecord: {'train_loss': 1.9155476022958755, 'train_time': 5.416443196358159, 'qtty_records': 8}
[92mINFO [0m:      configure_evaluate: Sampled 10 nodes (out of 10)
[92mINFO [0m:      aggregate_evaluate: Received 10 results and 0 failures
[92mINFO [0m:      	└──> Aggregated MetricRecord: {'eval_loss': 1.9235167723149063, 'eval_acc': 0.28840000000000005, 'time': 143.7799472808838}
[92mINFO [0m:      
[92mINFO [0m:      [ROUND 16/100]
[92mINFO [0m:      configure_train: Sampled 8 nodes (out of 10)
[92mINFO [0m:      aggregate_train: Received 10 results and 0 failures
[92mINFO [0m:      	└──> Aggregated MetricRecord: {'train_loss': 1.9216862377166748, 'train_time': 6.45531327528879, 'qtty_records': 10}
[92mINFO [0m:      configure_evaluate: Sampled 10 nodes (out of 10)
[92mINFO [0m:      aggregate_evaluate: Received 10 results and 0 failures
[92mINFO [0m:      	└──> Aggregated MetricRecord: {'eval_loss': 1.9536662921309473, 'eval_acc': 0.2741, 'time': 150.94201374053955}
[92mINFO [0m:      
[92mINFO [0m:      [ROUND 17/100]
[92mINFO [0m:      configure_train: Sampled 10 nodes (out of 10)
[92mINFO [0m:      aggregate_train: Received 8 results and 0 failures
[92mINFO [0m:      	└──> Aggregated MetricRecord: {'train_loss': 1.915604199767113, 'train_time': 5.4063162766397, 'qtty_records': 8}
[92mINFO [0m:      configure_evaluate: Sampled 10 nodes (out of 10)
[92mINFO [0m:      aggregate_evaluate: Received 10 results and 0 failures
[92mINFO [0m:      	└──> Aggregated MetricRecord: {'eval_loss': 1.9076251547783616, 'eval_acc': 0.30999999999999994, 'time': 158.07335543632507}
[92mINFO [0m:      
[92mINFO [0m:      [ROUND 18/100]
[92mINFO [0m:      configure_train: Sampled 8 nodes (out of 10)
[92mINFO [0m:      aggregate_train: Received 10 results and 0 failures
[92mINFO [0m:      	└──> Aggregated MetricRecord: {'train_loss': 1.9061603437423706, 'train_time': 6.446499332692474, 'qtty_records': 10}
[92mINFO [0m:      configure_evaluate: Sampled 10 nodes (out of 10)
[92mINFO [0m:      aggregate_evaluate: Received 10 results and 0 failures
[92mINFO [0m:      	└──> Aggregated MetricRecord: {'eval_loss': 1.8612788561731581, 'eval_acc': 0.32160000000000005, 'time': 165.1344404220581}
[92mINFO [0m:      
[92mINFO [0m:      [ROUND 19/100]
[92mINFO [0m:      configure_train: Sampled 10 nodes (out of 10)
[92mINFO [0m:      aggregate_train: Received 8 results and 0 failures
[92mINFO [0m:      	└──> Aggregated MetricRecord: {'train_loss': 1.9109452300071716, 'train_time': 5.395428806077689, 'qtty_records': 8}
[92mINFO [0m:      configure_evaluate: Sampled 10 nodes (out of 10)
[92mINFO [0m:      aggregate_evaluate: Received 10 results and 0 failures
[92mINFO [0m:      	└──> Aggregated MetricRecord: {'eval_loss': 1.9121233079582458, 'eval_acc': 0.31980000000000003, 'time': 172.26569604873657}
[92mINFO [0m:      
[92mINFO [0m:      [ROUND 20/100]
[92mINFO [0m:      configure_train: Sampled 8 nodes (out of 10)
[92mINFO [0m:      aggregate_train: Received 10 results and 0 failures
[92mINFO [0m:      	└──> Aggregated MetricRecord: {'train_loss': 1.8914135402679444, 'train_time': 6.446655280608684, 'qtty_records': 10}
[92mINFO [0m:      configure_evaluate: Sampled 10 nodes (out of 10)
[92mINFO [0m:      aggregate_evaluate: Received 10 results and 0 failures
[92mINFO [0m:      	└──> Aggregated MetricRecord: {'eval_loss': 1.9193900089710954, 'eval_acc': 0.3065, 'time': 179.32727646827698}
[92mINFO [0m:      
[92mINFO [0m:      [ROUND 21/100]
[92mINFO [0m:      configure_train: Sampled 10 nodes (out of 10)
[92mINFO [0m:      aggregate_train: Received 8 results and 0 failures
[92mINFO [0m:      	└──> Aggregated MetricRecord: {'train_loss': 1.8863316535949706, 'train_time': 5.4031417071819305, 'qtty_records': 8}
[92mINFO [0m:      configure_evaluate: Sampled 10 nodes (out of 10)
[92mINFO [0m:      aggregate_evaluate: Received 10 results and 0 failures
[92mINFO [0m:      	└──> Aggregated MetricRecord: {'eval_loss': 1.8891649462282656, 'eval_acc': 0.3176, 'time': 186.45834636688232}
[92mINFO [0m:      
[92mINFO [0m:      [ROUND 22/100]
[92mINFO [0m:      configure_train: Sampled 8 nodes (out of 10)
[92mINFO [0m:      aggregate_train: Received 10 results and 0 failures
[92mINFO [0m:      	└──> Aggregated MetricRecord: {'train_loss': 1.8907953653335576, 'train_time': 6.44232249269262, 'qtty_records': 10}
[92mINFO [0m:      configure_evaluate: Sampled 10 nodes (out of 10)
[92mINFO [0m:      aggregate_evaluate: Received 10 results and 0 failures
[92mINFO [0m:      	└──> Aggregated MetricRecord: {'eval_loss': 1.9022511672228575, 'eval_acc': 0.3231, 'time': 193.63187432289124}
[92mINFO [0m:      
[92mINFO [0m:      [ROUND 23/100]
[92mINFO [0m:      configure_train: Sampled 10 nodes (out of 10)
[92mINFO [0m:      aggregate_train: Received 8 results and 0 failures
[92mINFO [0m:      	└──> Aggregated MetricRecord: {'train_loss': 1.8911292561292647, 'train_time': 5.421986483153887, 'qtty_records': 8}
[92mINFO [0m:      configure_evaluate: Sampled 10 nodes (out of 10)
[92mINFO [0m:      aggregate_evaluate: Received 10 results and 0 failures
[92mINFO [0m:      	└──> Aggregated MetricRecord: {'eval_loss': 1.8827287480235104, 'eval_acc': 0.3286, 'time': 200.7617208957672}
[92mINFO [0m:      
[92mINFO [0m:      [ROUND 24/100]
[92mINFO [0m:      configure_train: Sampled 8 nodes (out of 10)
[92mINFO [0m:      aggregate_train: Received 10 results and 0 failures
[92mINFO [0m:      	└──> Aggregated MetricRecord: {'train_loss': 1.8828889920234682, 'train_time': 6.4491998732089995, 'qtty_records': 10}
[92mINFO [0m:      configure_evaluate: Sampled 10 nodes (out of 10)
[92mINFO [0m:      aggregate_evaluate: Received 10 results and 0 failures
[92mINFO [0m:      	└──> Aggregated MetricRecord: {'eval_loss': 1.8618519864976408, 'eval_acc': 0.33649999999999997, 'time': 207.9255223274231}
[92mINFO [0m:      
[92mINFO [0m:      [ROUND 25/100]
[92mINFO [0m:      configure_train: Sampled 10 nodes (out of 10)
[92mINFO [0m:      aggregate_train: Received 8 results and 0 failures
[92mINFO [0m:      	└──> Aggregated MetricRecord: {'train_loss': 1.8648859902620316, 'train_time': 5.402351572411135, 'qtty_records': 8}
[92mINFO [0m:      configure_evaluate: Sampled 10 nodes (out of 10)
[92mINFO [0m:      aggregate_evaluate: Received 10 results and 0 failures
[92mINFO [0m:      	└──> Aggregated MetricRecord: {'eval_loss': 1.8809646129608155, 'eval_acc': 0.30410000000000004, 'time': 215.05738377571106}
[92mINFO [0m:      
[92mINFO [0m:      [ROUND 26/100]
[92mINFO [0m:      configure_train: Sampled 8 nodes (out of 10)
[92mINFO [0m:      aggregate_train: Received 10 results and 0 failures
[92mINFO [0m:      	└──> Aggregated MetricRecord: {'train_loss': 1.8821248101234438, 'train_time': 6.4697915649041535, 'qtty_records': 10}
[92mINFO [0m:      configure_evaluate: Sampled 10 nodes (out of 10)
[92mINFO [0m:      aggregate_evaluate: Received 10 results and 0 failures
[92mINFO [0m:      	└──> Aggregated MetricRecord: {'eval_loss': 1.8615224778652193, 'eval_acc': 0.3433, 'time': 222.20464038848877}
[92mINFO [0m:      
[92mINFO [0m:      [ROUND 27/100]
[92mINFO [0m:      configure_train: Sampled 10 nodes (out of 10)
[92mINFO [0m:      aggregate_train: Received 8 results and 0 failures
[92mINFO [0m:      	└──> Aggregated MetricRecord: {'train_loss': 1.8695407674312594, 'train_time': 5.409764779382385, 'qtty_records': 8}
[92mINFO [0m:      configure_evaluate: Sampled 10 nodes (out of 10)
[92mINFO [0m:      aggregate_evaluate: Received 10 results and 0 failures
[92mINFO [0m:      	└──> Aggregated MetricRecord: {'eval_loss': 1.9100486971437933, 'eval_acc': 0.3195, 'time': 229.33600974082947}
[92mINFO [0m:      
[92mINFO [0m:      [ROUND 28/100]
[92mINFO [0m:      configure_train: Sampled 8 nodes (out of 10)
[92mINFO [0m:      aggregate_train: Received 10 results and 0 failures
[92mINFO [0m:      	└──> Aggregated MetricRecord: {'train_loss': 1.8745552333831788, 'train_time': 6.448973187059164, 'qtty_records': 10}
[92mINFO [0m:      configure_evaluate: Sampled 10 nodes (out of 10)
[92mINFO [0m:      aggregate_evaluate: Received 10 results and 0 failures
[92mINFO [0m:      	└──> Aggregated MetricRecord: {'eval_loss': 1.8263113524764776, 'eval_acc': 0.3552, 'time': 236.4998164176941}
[92mINFO [0m:      
[92mINFO [0m:      [ROUND 29/100]
[92mINFO [0m:      configure_train: Sampled 10 nodes (out of 10)
[92mINFO [0m:      aggregate_train: Received 8 results and 0 failures
[92mINFO [0m:      	└──> Aggregated MetricRecord: {'train_loss': 1.859334147810936, 'train_time': 5.413863711291924, 'qtty_records': 8}
[92mINFO [0m:      configure_evaluate: Sampled 10 nodes (out of 10)
[92mINFO [0m:      aggregate_evaluate: Received 10 results and 0 failures
[92mINFO [0m:      	└──> Aggregated MetricRecord: {'eval_loss': 1.8332870826125145, 'eval_acc': 0.33420000000000005, 'time': 243.6309266090393}
[92mINFO [0m:      
[92mINFO [0m:      [ROUND 30/100]
[92mINFO [0m:      configure_train: Sampled 8 nodes (out of 10)
[92mINFO [0m:      aggregate_train: Received 10 results and 0 failures
[92mINFO [0m:      	└──> Aggregated MetricRecord: {'train_loss': 1.8704031509399417, 'train_time': 6.458777539338916, 'qtty_records': 10}
[92mINFO [0m:      configure_evaluate: Sampled 10 nodes (out of 10)
[92mINFO [0m:      aggregate_evaluate: Received 10 results and 0 failures
[92mINFO [0m:      	└──> Aggregated MetricRecord: {'eval_loss': 1.8392004989087583, 'eval_acc': 0.35490000000000005, 'time': 250.79370951652527}
[92mINFO [0m:      
[92mINFO [0m:      [ROUND 31/100]
[92mINFO [0m:      configure_train: Sampled 10 nodes (out of 10)
[92mINFO [0m:      aggregate_train: Received 8 results and 0 failures
[92mINFO [0m:      	└──> Aggregated MetricRecord: {'train_loss': 1.8359045578241346, 'train_time': 5.428158060996793, 'qtty_records': 8}
[92mINFO [0m:      configure_evaluate: Sampled 10 nodes (out of 10)
[92mINFO [0m:      aggregate_evaluate: Received 10 results and 0 failures
[92mINFO [0m:      	└──> Aggregated MetricRecord: {'eval_loss': 1.8273528181016447, 'eval_acc': 0.3602, 'time': 257.82519340515137}
[92mINFO [0m:      
[92mINFO [0m:      [ROUND 32/100]
[92mINFO [0m:      configure_train: Sampled 8 nodes (out of 10)
[92mINFO [0m:      aggregate_train: Received 10 results and 0 failures
[92mINFO [0m:      	└──> Aggregated MetricRecord: {'train_loss': 1.8478747488975527, 'train_time': 6.453928841557354, 'qtty_records': 10}
[92mINFO [0m:      configure_evaluate: Sampled 10 nodes (out of 10)
[92mINFO [0m:      aggregate_evaluate: Received 10 results and 0 failures
[92mINFO [0m:      	└──> Aggregated MetricRecord: {'eval_loss': 1.8240987524390224, 'eval_acc': 0.3595, 'time': 264.9878273010254}
[92mINFO [0m:      
[92mINFO [0m:      [ROUND 33/100]
[92mINFO [0m:      configure_train: Sampled 10 nodes (out of 10)
[92mINFO [0m:      aggregate_train: Received 8 results and 0 failures
[92mINFO [0m:      	└──> Aggregated MetricRecord: {'train_loss': 1.8554550757408141, 'train_time': 5.41709725453984, 'qtty_records': 8}
[92mINFO [0m:      configure_evaluate: Sampled 10 nodes (out of 10)
[92mINFO [0m:      aggregate_evaluate: Received 10 results and 0 failures
[92mINFO [0m:      	└──> Aggregated MetricRecord: {'eval_loss': 1.839765598997474, 'eval_acc': 0.3486000000000001, 'time': 272.14520931243896}
[92mINFO [0m:      
[92mINFO [0m:      [ROUND 34/100]
[92mINFO [0m:      configure_train: Sampled 8 nodes (out of 10)
[92mINFO [0m:      aggregate_train: Received 10 results and 0 failures
[92mINFO [0m:      	└──> Aggregated MetricRecord: {'train_loss': 1.835141931247711, 'train_time': 6.452284510154277, 'qtty_records': 10}
[92mINFO [0m:      configure_evaluate: Sampled 10 nodes (out of 10)
[92mINFO [0m:      aggregate_evaluate: Received 10 results and 0 failures
[92mINFO [0m:      	└──> Aggregated MetricRecord: {'eval_loss': 1.8189786199480298, 'eval_acc': 0.35319999999999996, 'time': 279.20723152160645}
[92mINFO [0m:      
[92mINFO [0m:      [ROUND 35/100]
[92mINFO [0m:      configure_train: Sampled 10 nodes (out of 10)
[92mINFO [0m:      aggregate_train: Received 8 results and 0 failures
[92mINFO [0m:      	└──> Aggregated MetricRecord: {'train_loss': 1.8401493686437607, 'train_time': 5.39543138386216, 'qtty_records': 8}
[92mINFO [0m:      configure_evaluate: Sampled 10 nodes (out of 10)
[92mINFO [0m:      aggregate_evaluate: Received 10 results and 0 failures
[92mINFO [0m:      	└──> Aggregated MetricRecord: {'eval_loss': 1.8154626160860061, 'eval_acc': 0.3439, 'time': 286.34277987480164}
[92mINFO [0m:      
[92mINFO [0m:      [ROUND 36/100]
[92mINFO [0m:      configure_train: Sampled 8 nodes (out of 10)
[92mINFO [0m:      aggregate_train: Received 10 results and 0 failures
[92mINFO [0m:      	└──> Aggregated MetricRecord: {'train_loss': 1.8513879693031312, 'train_time': 6.439549685735256, 'qtty_records': 10}
[92mINFO [0m:      configure_evaluate: Sampled 10 nodes (out of 10)
[92mINFO [0m:      aggregate_evaluate: Received 10 results and 0 failures
[92mINFO [0m:      	└──> Aggregated MetricRecord: {'eval_loss': 1.8238635789602995, 'eval_acc': 0.3663, 'time': 293.5038321018219}
[92mINFO [0m:      
[92mINFO [0m:      [ROUND 37/100]
[92mINFO [0m:      configure_train: Sampled 10 nodes (out of 10)
[92mINFO [0m:      aggregate_train: Received 8 results and 0 failures
[92mINFO [0m:      	└──> Aggregated MetricRecord: {'train_loss': 1.8364420239925388, 'train_time': 5.420987686724402, 'qtty_records': 8}
[92mINFO [0m:      configure_evaluate: Sampled 10 nodes (out of 10)
[92mINFO [0m:      aggregate_evaluate: Received 10 results and 0 failures
[92mINFO [0m:      	└──> Aggregated MetricRecord: {'eval_loss': 1.8247775711119174, 'eval_acc': 0.3642, 'time': 300.6343960762024}
[92mINFO [0m:      
[92mINFO [0m:      [ROUND 38/100]
[92mINFO [0m:      configure_train: Sampled 8 nodes (out of 10)
[92mINFO [0m:      aggregate_train: Received 10 results and 0 failures
[92mINFO [0m:      	└──> Aggregated MetricRecord: {'train_loss': 1.8614318039894104, 'train_time': 6.4583610560745, 'qtty_records': 10}
[92mINFO [0m:      configure_evaluate: Sampled 10 nodes (out of 10)
[92mINFO [0m:      aggregate_evaluate: Received 10 results and 0 failures
[92mINFO [0m:      	└──> Aggregated MetricRecord: {'eval_loss': 1.8099148575216535, 'eval_acc': 0.3709, 'time': 307.696884393692}
[92mINFO [0m:      
[92mINFO [0m:      [ROUND 39/100]
[92mINFO [0m:      configure_train: Sampled 10 nodes (out of 10)
[92mINFO [0m:      aggregate_train: Received 8 results and 0 failures
[92mINFO [0m:      	└──> Aggregated MetricRecord: {'train_loss': 1.8340005561113357, 'train_time': 5.423547640210018, 'qtty_records': 8}
[92mINFO [0m:      configure_evaluate: Sampled 10 nodes (out of 10)
[92mINFO [0m:      aggregate_evaluate: Received 10 results and 0 failures
[92mINFO [0m:      	└──> Aggregated MetricRecord: {'eval_loss': 1.8126356031745672, 'eval_acc': 0.35059999999999997, 'time': 314.8265047073364}
[92mINFO [0m:      
[92mINFO [0m:      [ROUND 40/100]
[92mINFO [0m:      configure_train: Sampled 8 nodes (out of 10)
[92mINFO [0m:      aggregate_train: Received 10 results and 0 failures
[92mINFO [0m:      	└──> Aggregated MetricRecord: {'train_loss': 1.834709965324402, 'train_time': 6.439826236385852, 'qtty_records': 10}
[92mINFO [0m:      configure_evaluate: Sampled 10 nodes (out of 10)
[92mINFO [0m:      aggregate_evaluate: Received 10 results and 0 failures
[92mINFO [0m:      	└──> Aggregated MetricRecord: {'eval_loss': 1.8201376844197512, 'eval_acc': 0.3731000000000001, 'time': 321.8902678489685}
[92mINFO [0m:      
[92mINFO [0m:      [ROUND 41/100]
[92mINFO [0m:      configure_train: Sampled 10 nodes (out of 10)
[92mINFO [0m:      aggregate_train: Received 8 results and 0 failures
[92mINFO [0m:      	└──> Aggregated MetricRecord: {'train_loss': 1.8131533435583114, 'train_time': 5.396851163706742, 'qtty_records': 8}
[92mINFO [0m:      configure_evaluate: Sampled 10 nodes (out of 10)
[92mINFO [0m:      aggregate_evaluate: Received 10 results and 0 failures
[92mINFO [0m:      	└──> Aggregated MetricRecord: {'eval_loss': 1.7665061689913273, 'eval_acc': 0.3627, 'time': 329.02074813842773}
[92mINFO [0m:      
[92mINFO [0m:      [ROUND 42/100]
[92mINFO [0m:      configure_train: Sampled 8 nodes (out of 10)
[92mINFO [0m:      aggregate_train: Received 10 results and 0 failures
[92mINFO [0m:      	└──> Aggregated MetricRecord: {'train_loss': 1.8189366256713866, 'train_time': 6.443207499012351, 'qtty_records': 10}
[92mINFO [0m:      configure_evaluate: Sampled 10 nodes (out of 10)
[92mINFO [0m:      aggregate_evaluate: Received 10 results and 0 failures
[92mINFO [0m:      	└──> Aggregated MetricRecord: {'eval_loss': 1.8159351646900177, 'eval_acc': 0.3554, 'time': 336.2014973163605}
[92mINFO [0m:      
[92mINFO [0m:      [ROUND 43/100]
[92mINFO [0m:      configure_train: Sampled 10 nodes (out of 10)
[92mINFO [0m:      aggregate_train: Received 8 results and 0 failures
[92mINFO [0m:      	└──> Aggregated MetricRecord: {'train_loss': 1.8161325366497039, 'train_time': 5.406189891509712, 'qtty_records': 8}
[92mINFO [0m:      configure_evaluate: Sampled 10 nodes (out of 10)
[92mINFO [0m:      aggregate_evaluate: Received 10 results and 0 failures
[92mINFO [0m:      	└──> Aggregated MetricRecord: {'eval_loss': 1.8252403862774371, 'eval_acc': 0.3541, 'time': 343.33319544792175}
[92mINFO [0m:      
[92mINFO [0m:      [ROUND 44/100]
[92mINFO [0m:      configure_train: Sampled 8 nodes (out of 10)
[92mINFO [0m:      aggregate_train: Received 10 results and 0 failures
[92mINFO [0m:      	└──> Aggregated MetricRecord: {'train_loss': 1.824473620223999, 'train_time': 6.449835159163922, 'qtty_records': 10}
[92mINFO [0m:      configure_evaluate: Sampled 10 nodes (out of 10)
[92mINFO [0m:      aggregate_evaluate: Received 10 results and 0 failures
[92mINFO [0m:      	└──> Aggregated MetricRecord: {'eval_loss': 1.8143489975482225, 'eval_acc': 0.3627, 'time': 350.4992485046387}
[92mINFO [0m:      
[92mINFO [0m:      [ROUND 45/100]
[92mINFO [0m:      configure_train: Sampled 10 nodes (out of 10)
[92mINFO [0m:      aggregate_train: Received 8 results and 0 failures
[92mINFO [0m:      	└──> Aggregated MetricRecord: {'train_loss': 1.8079994781017303, 'train_time': 5.435438790358603, 'qtty_records': 8}
[92mINFO [0m:      configure_evaluate: Sampled 10 nodes (out of 10)
[92mINFO [0m:      aggregate_evaluate: Received 10 results and 0 failures
[92mINFO [0m:      	└──> Aggregated MetricRecord: {'eval_loss': 1.7902345079928637, 'eval_acc': 0.36850000000000005, 'time': 357.528861284256}
[92mINFO [0m:      
[92mINFO [0m:      [ROUND 46/100]
[92mINFO [0m:      configure_train: Sampled 8 nodes (out of 10)
[92mINFO [0m:      aggregate_train: Received 10 results and 0 failures
[92mINFO [0m:      	└──> Aggregated MetricRecord: {'train_loss': 1.824774718475342, 'train_time': 6.44907355196774, 'qtty_records': 10}
[92mINFO [0m:      configure_evaluate: Sampled 10 nodes (out of 10)
[92mINFO [0m:      aggregate_evaluate: Received 10 results and 0 failures
[92mINFO [0m:      	└──> Aggregated MetricRecord: {'eval_loss': 1.8271391272544864, 'eval_acc': 0.36740000000000006, 'time': 364.6653399467468}
[92mINFO [0m:      
[92mINFO [0m:      [ROUND 47/100]
[92mINFO [0m:      configure_train: Sampled 10 nodes (out of 10)
[92mINFO [0m:      aggregate_train: Received 8 results and 0 failures
[92mINFO [0m:      	└──> Aggregated MetricRecord: {'train_loss': 1.811794935464859, 'train_time': 5.40283005265519, 'qtty_records': 8}
[92mINFO [0m:      configure_evaluate: Sampled 10 nodes (out of 10)
[92mINFO [0m:      aggregate_evaluate: Received 10 results and 0 failures
[92mINFO [0m:      	└──> Aggregated MetricRecord: {'eval_loss': 1.793645366281271, 'eval_acc': 0.37739999999999996, 'time': 371.79550552368164}
[92mINFO [0m:      
[92mINFO [0m:      [ROUND 48/100]
[92mINFO [0m:      configure_train: Sampled 8 nodes (out of 10)
[92mINFO [0m:      aggregate_train: Received 10 results and 0 failures
[92mINFO [0m:      	└──> Aggregated MetricRecord: {'train_loss': 1.810105320739746, 'train_time': 6.438564743008465, 'qtty_records': 10}
[92mINFO [0m:      configure_evaluate: Sampled 10 nodes (out of 10)
[92mINFO [0m:      aggregate_evaluate: Received 10 results and 0 failures
[92mINFO [0m:      	└──> Aggregated MetricRecord: {'eval_loss': 1.7996387969702483, 'eval_acc': 0.37420000000000003, 'time': 378.96111965179443}
[92mINFO [0m:      
[92mINFO [0m:      [ROUND 49/100]
[92mINFO [0m:      configure_train: Sampled 10 nodes (out of 10)
[92mINFO [0m:      aggregate_train: Received 8 results and 0 failures
[92mINFO [0m:      	└──> Aggregated MetricRecord: {'train_loss': 1.799522522807121, 'train_time': 5.401003897772171, 'qtty_records': 8}
[92mINFO [0m:      configure_evaluate: Sampled 10 nodes (out of 10)
[92mINFO [0m:      aggregate_evaluate: Received 10 results and 0 failures
[92mINFO [0m:      	└──> Aggregated MetricRecord: {'eval_loss': 1.7901115238666536, 'eval_acc': 0.362, 'time': 386.09297466278076}
[92mINFO [0m:      
[92mINFO [0m:      [ROUND 50/100]
[92mINFO [0m:      configure_train: Sampled 8 nodes (out of 10)
[92mINFO [0m:      aggregate_train: Received 10 results and 0 failures
[92mINFO [0m:      	└──> Aggregated MetricRecord: {'train_loss': 1.8224843721389772, 'train_time': 6.447937710490078, 'qtty_records': 10}
[92mINFO [0m:      configure_evaluate: Sampled 10 nodes (out of 10)
[92mINFO [0m:      aggregate_evaluate: Received 10 results and 0 failures
[92mINFO [0m:      	└──> Aggregated MetricRecord: {'eval_loss': 1.8033445701003077, 'eval_acc': 0.3687000000000001, 'time': 393.23779010772705}
[92mINFO [0m:      
[92mINFO [0m:      [ROUND 51/100]
[92mINFO [0m:      configure_train: Sampled 10 nodes (out of 10)
[92mINFO [0m:      aggregate_train: Received 8 results and 0 failures
[92mINFO [0m:      	└──> Aggregated MetricRecord: {'train_loss': 1.8223993322849275, 'train_time': 5.4191209700657055, 'qtty_records': 8}
[92mINFO [0m:      configure_evaluate: Sampled 10 nodes (out of 10)
[92mINFO [0m:      aggregate_evaluate: Received 10 results and 0 failures
[92mINFO [0m:      	└──> Aggregated MetricRecord: {'eval_loss': 1.8301317617297173, 'eval_acc': 0.3541000000000001, 'time': 400.36886191368103}
[92mINFO [0m:      
[92mINFO [0m:      [ROUND 52/100]
[92mINFO [0m:      configure_train: Sampled 8 nodes (out of 10)
[92mINFO [0m:      aggregate_train: Received 10 results and 0 failures
[92mINFO [0m:      	└──> Aggregated MetricRecord: {'train_loss': 1.8256454261779784, 'train_time': 6.442428370099515, 'qtty_records': 10}
[92mINFO [0m:      configure_evaluate: Sampled 10 nodes (out of 10)
[92mINFO [0m:      aggregate_evaluate: Received 10 results and 0 failures
[92mINFO [0m:      	└──> Aggregated MetricRecord: {'eval_loss': 1.8012191113084557, 'eval_acc': 0.37599999999999995, 'time': 407.5309715270996}
[92mINFO [0m:      
[92mINFO [0m:      [ROUND 53/100]
[92mINFO [0m:      configure_train: Sampled 10 nodes (out of 10)
[92mINFO [0m:      aggregate_train: Received 8 results and 0 failures
[92mINFO [0m:      	└──> Aggregated MetricRecord: {'train_loss': 1.7882440330982208, 'train_time': 5.406333159189671, 'qtty_records': 8}
[92mINFO [0m:      configure_evaluate: Sampled 10 nodes (out of 10)
[92mINFO [0m:      aggregate_evaluate: Received 10 results and 0 failures
[92mINFO [0m:      	└──> Aggregated MetricRecord: {'eval_loss': 1.7525031656026844, 'eval_acc': 0.3803, 'time': 414.5605261325836}
[92mINFO [0m:      
[92mINFO [0m:      [ROUND 54/100]
[92mINFO [0m:      configure_train: Sampled 8 nodes (out of 10)
[92mINFO [0m:      aggregate_train: Received 10 results and 0 failures
[92mINFO [0m:      	└──> Aggregated MetricRecord: {'train_loss': 1.8275676986694336, 'train_time': 6.4379592254757885, 'qtty_records': 10}
[92mINFO [0m:      configure_evaluate: Sampled 10 nodes (out of 10)
[92mINFO [0m:      aggregate_evaluate: Received 10 results and 0 failures
[92mINFO [0m:      	└──> Aggregated MetricRecord: {'eval_loss': 1.8026813741773366, 'eval_acc': 0.3812, 'time': 421.72325897216797}
[92mINFO [0m:      
[92mINFO [0m:      [ROUND 55/100]
[92mINFO [0m:      configure_train: Sampled 10 nodes (out of 10)
[92mINFO [0m:      aggregate_train: Received 8 results and 0 failures
[92mINFO [0m:      	└──> Aggregated MetricRecord: {'train_loss': 1.8328604841232299, 'train_time': 5.395742353983223, 'qtty_records': 8}
[92mINFO [0m:      configure_evaluate: Sampled 10 nodes (out of 10)
[92mINFO [0m:      aggregate_evaluate: Received 10 results and 0 failures
[92mINFO [0m:      	└──> Aggregated MetricRecord: {'eval_loss': 1.8309797301888464, 'eval_acc': 0.35760000000000003, 'time': 428.8556823730469}
[92mINFO [0m:      
[92mINFO [0m:      [ROUND 56/100]
[92mINFO [0m:      configure_train: Sampled 8 nodes (out of 10)
[92mINFO [0m:      aggregate_train: Received 10 results and 0 failures
[92mINFO [0m:      	└──> Aggregated MetricRecord: {'train_loss': 1.8351346460342408, 'train_time': 6.442739974148571, 'qtty_records': 10}
[92mINFO [0m:      configure_evaluate: Sampled 10 nodes (out of 10)
[92mINFO [0m:      aggregate_evaluate: Received 10 results and 0 failures
[92mINFO [0m:      	└──> Aggregated MetricRecord: {'eval_loss': 1.8264131709933282, 'eval_acc': 0.36549999999999994, 'time': 436.016254901886}
[92mINFO [0m:      
[92mINFO [0m:      [ROUND 57/100]
[92mINFO [0m:      configure_train: Sampled 10 nodes (out of 10)
[92mINFO [0m:      aggregate_train: Received 8 results and 0 failures
[92mINFO [0m:      	└──> Aggregated MetricRecord: {'train_loss': 1.803395065188408, 'train_time': 5.4152014867868274, 'qtty_records': 8}
[92mINFO [0m:      configure_evaluate: Sampled 10 nodes (out of 10)
[92mINFO [0m:      aggregate_evaluate: Received 10 results and 0 failures
[92mINFO [0m:      	└──> Aggregated MetricRecord: {'eval_loss': 1.7871830176562074, 'eval_acc': 0.37860000000000005, 'time': 443.0466516017914}
[92mINFO [0m:      
[92mINFO [0m:      [ROUND 58/100]
[92mINFO [0m:      configure_train: Sampled 8 nodes (out of 10)
[92mINFO [0m:      aggregate_train: Received 10 results and 0 failures
[92mINFO [0m:      	└──> Aggregated MetricRecord: {'train_loss': 1.8315856102943424, 'train_time': 6.450379474833608, 'qtty_records': 10}
[92mINFO [0m:      configure_evaluate: Sampled 10 nodes (out of 10)
[92mINFO [0m:      aggregate_evaluate: Received 10 results and 0 failures
[92mINFO [0m:      	└──> Aggregated MetricRecord: {'eval_loss': 1.8054550569504502, 'eval_acc': 0.37049999999999994, 'time': 450.20950722694397}
[92mINFO [0m:      
[92mINFO [0m:      [ROUND 59/100]
[92mINFO [0m:      configure_train: Sampled 10 nodes (out of 10)
[92mINFO [0m:      aggregate_train: Received 8 results and 0 failures
[92mINFO [0m:      	└──> Aggregated MetricRecord: {'train_loss': 1.7951526049375532, 'train_time': 5.4224097998812795, 'qtty_records': 8}
[92mINFO [0m:      configure_evaluate: Sampled 10 nodes (out of 10)
[92mINFO [0m:      aggregate_evaluate: Received 10 results and 0 failures
[92mINFO [0m:      	└──> Aggregated MetricRecord: {'eval_loss': 1.7651311192661525, 'eval_acc': 0.3825, 'time': 457.2404737472534}
[92mINFO [0m:      
[92mINFO [0m:      [ROUND 60/100]
[92mINFO [0m:      configure_train: Sampled 8 nodes (out of 10)
[92mINFO [0m:      aggregate_train: Received 10 results and 0 failures
[92mINFO [0m:      	└──> Aggregated MetricRecord: {'train_loss': 1.8096870294570926, 'train_time': 6.446403341274708, 'qtty_records': 10}
[92mINFO [0m:      configure_evaluate: Sampled 10 nodes (out of 10)
[92mINFO [0m:      aggregate_evaluate: Received 10 results and 0 failures
[92mINFO [0m:      	└──> Aggregated MetricRecord: {'eval_loss': 1.7870437487959863, 'eval_acc': 0.3788, 'time': 464.37723994255066}
[92mINFO [0m:      
[92mINFO [0m:      [ROUND 61/100]
[92mINFO [0m:      configure_train: Sampled 10 nodes (out of 10)
[92mINFO [0m:      aggregate_train: Received 8 results and 0 failures
[92mINFO [0m:      	└──> Aggregated MetricRecord: {'train_loss': 1.7927808091640474, 'train_time': 5.413419913151301, 'qtty_records': 8}
[92mINFO [0m:      configure_evaluate: Sampled 10 nodes (out of 10)
[92mINFO [0m:      aggregate_evaluate: Received 10 results and 0 failures
[92mINFO [0m:      	└──> Aggregated MetricRecord: {'eval_loss': 1.7882938057184223, 'eval_acc': 0.37029999999999996, 'time': 471.5087914466858}
[92mINFO [0m:      
[92mINFO [0m:      [ROUND 62/100]
[92mINFO [0m:      configure_train: Sampled 8 nodes (out of 10)
[92mINFO [0m:      aggregate_train: Received 10 results and 0 failures
[92mINFO [0m:      	└──> Aggregated MetricRecord: {'train_loss': 1.8232725891113282, 'train_time': 6.455608946457505, 'qtty_records': 10}
[92mINFO [0m:      configure_evaluate: Sampled 10 nodes (out of 10)
[92mINFO [0m:      aggregate_evaluate: Received 10 results and 0 failures
[92mINFO [0m:      	└──> Aggregated MetricRecord: {'eval_loss': 1.8130837894976144, 'eval_acc': 0.37329999999999997, 'time': 478.5674374103546}
[92mINFO [0m:      
[92mINFO [0m:      [ROUND 63/100]
[92mINFO [0m:      configure_train: Sampled 10 nodes (out of 10)
[92mINFO [0m:      aggregate_train: Received 8 results and 0 failures
[92mINFO [0m:      	└──> Aggregated MetricRecord: {'train_loss': 1.810749237000942, 'train_time': 5.392654773662798, 'qtty_records': 8}
[92mINFO [0m:      configure_evaluate: Sampled 10 nodes (out of 10)
[92mINFO [0m:      aggregate_evaluate: Received 10 results and 0 failures
[92mINFO [0m:      	└──> Aggregated MetricRecord: {'eval_loss': 1.79075896628201, 'eval_acc': 0.3796, 'time': 485.69750714302063}
[92mINFO [0m:      
[92mINFO [0m:      [ROUND 64/100]
[92mINFO [0m:      configure_train: Sampled 8 nodes (out of 10)
[92mINFO [0m:      aggregate_train: Received 10 results and 0 failures
[92mINFO [0m:      	└──> Aggregated MetricRecord: {'train_loss': 1.8124668217659, 'train_time': 6.4301568944007155, 'qtty_records': 10}
[92mINFO [0m:      configure_evaluate: Sampled 10 nodes (out of 10)
[92mINFO [0m:      aggregate_evaluate: Received 10 results and 0 failures
[92mINFO [0m:      	└──> Aggregated MetricRecord: {'eval_loss': 1.8057263042777778, 'eval_acc': 0.3680999999999999, 'time': 492.7575662136078}
[92mINFO [0m:      
[92mINFO [0m:      [ROUND 65/100]
[92mINFO [0m:      configure_train: Sampled 10 nodes (out of 10)
[92mINFO [0m:      aggregate_train: Received 8 results and 0 failures
[92mINFO [0m:      	└──> Aggregated MetricRecord: {'train_loss': 1.8214074070453645, 'train_time': 5.406316651264206, 'qtty_records': 8}
[92mINFO [0m:      configure_evaluate: Sampled 10 nodes (out of 10)
[92mINFO [0m:      aggregate_evaluate: Received 10 results and 0 failures
[92mINFO [0m:      	└──> Aggregated MetricRecord: {'eval_loss': 1.8459282752126458, 'eval_acc': 0.35680000000000006, 'time': 499.88824582099915}
[92mINFO [0m:      
[92mINFO [0m:      [ROUND 66/100]
[92mINFO [0m:      configure_train: Sampled 8 nodes (out of 10)
[92mINFO [0m:      aggregate_train: Received 10 results and 0 failures
[92mINFO [0m:      	└──> Aggregated MetricRecord: {'train_loss': 1.8364033170700078, 'train_time': 6.440366577077657, 'qtty_records': 10}
[92mINFO [0m:      configure_evaluate: Sampled 10 nodes (out of 10)
[92mINFO [0m:      aggregate_evaluate: Received 10 results and 0 failures
[92mINFO [0m:      	└──> Aggregated MetricRecord: {'eval_loss': 1.8113944064825773, 'eval_acc': 0.3601, 'time': 507.0480492115021}
[92mINFO [0m:      
[92mINFO [0m:      [ROUND 67/100]
[92mINFO [0m:      configure_train: Sampled 10 nodes (out of 10)
[92mINFO [0m:      aggregate_train: Received 8 results and 0 failures
[92mINFO [0m:      	└──> Aggregated MetricRecord: {'train_loss': 1.8127063927650453, 'train_time': 5.41871716582682, 'qtty_records': 8}
[92mINFO [0m:      configure_evaluate: Sampled 10 nodes (out of 10)
[92mINFO [0m:      aggregate_evaluate: Received 10 results and 0 failures
[92mINFO [0m:      	└──> Aggregated MetricRecord: {'eval_loss': 1.8300696890801191, 'eval_acc': 0.34930000000000005, 'time': 514.1851577758789}
[92mINFO [0m:      
[92mINFO [0m:      [ROUND 68/100]
[92mINFO [0m:      configure_train: Sampled 8 nodes (out of 10)
[92mINFO [0m:      aggregate_train: Received 10 results and 0 failures
[92mINFO [0m:      	└──> Aggregated MetricRecord: {'train_loss': 1.826521075820923, 'train_time': 6.440283063240349, 'qtty_records': 10}
[92mINFO [0m:      configure_evaluate: Sampled 10 nodes (out of 10)
[92mINFO [0m:      aggregate_evaluate: Received 10 results and 0 failures
[92mINFO [0m:      	└──> Aggregated MetricRecord: {'eval_loss': 1.7924531087279323, 'eval_acc': 0.3702, 'time': 521.2191796302795}
[92mINFO [0m:      
[92mINFO [0m:      [ROUND 69/100]
[92mINFO [0m:      configure_train: Sampled 10 nodes (out of 10)
[92mINFO [0m:      aggregate_train: Received 8 results and 0 failures
[92mINFO [0m:      	└──> Aggregated MetricRecord: {'train_loss': 1.792845927119255, 'train_time': 5.389917588792741, 'qtty_records': 8}
[92mINFO [0m:      configure_evaluate: Sampled 10 nodes (out of 10)
[92mINFO [0m:      aggregate_evaluate: Received 10 results and 0 failures
[92mINFO [0m:      	└──> Aggregated MetricRecord: {'eval_loss': 1.794076977297664, 'eval_acc': 0.3623, 'time': 528.3789780139923}
[92mINFO [0m:      
[92mINFO [0m:      [ROUND 70/100]
[92mINFO [0m:      configure_train: Sampled 8 nodes (out of 10)
[92mINFO [0m:      aggregate_train: Received 10 results and 0 failures
[92mINFO [0m:      	└──> Aggregated MetricRecord: {'train_loss': 1.8179875561714174, 'train_time': 6.432904775161296, 'qtty_records': 10}
[92mINFO [0m:      configure_evaluate: Sampled 10 nodes (out of 10)
[92mINFO [0m:      aggregate_evaluate: Received 10 results and 0 failures
[92mINFO [0m:      	└──> Aggregated MetricRecord: {'eval_loss': 1.811128093674779, 'eval_acc': 0.36290000000000006, 'time': 535.5150287151337}
[92mINFO [0m:      
[92mINFO [0m:      [ROUND 71/100]
[92mINFO [0m:      configure_train: Sampled 10 nodes (out of 10)
[92mINFO [0m:      aggregate_train: Received 8 results and 0 failures
[92mINFO [0m:      	└──> Aggregated MetricRecord: {'train_loss': 1.8263689649105075, 'train_time': 5.422257080557756, 'qtty_records': 8}
[92mINFO [0m:      configure_evaluate: Sampled 10 nodes (out of 10)
[92mINFO [0m:      aggregate_evaluate: Received 10 results and 0 failures
[92mINFO [0m:      	└──> Aggregated MetricRecord: {'eval_loss': 1.8257293410599231, 'eval_acc': 0.35290000000000005, 'time': 542.5460577011108}
[92mINFO [0m:      
[92mINFO [0m:      [ROUND 72/100]
[92mINFO [0m:      configure_train: Sampled 8 nodes (out of 10)
[92mINFO [0m:      aggregate_train: Received 10 results and 0 failures
[92mINFO [0m:      	└──> Aggregated MetricRecord: {'train_loss': 1.807837515926361, 'train_time': 6.420791302621365, 'qtty_records': 10}
[92mINFO [0m:      configure_evaluate: Sampled 10 nodes (out of 10)
[92mINFO [0m:      aggregate_evaluate: Received 10 results and 0 failures
[92mINFO [0m:      	└──> Aggregated MetricRecord: {'eval_loss': 1.8026527408510444, 'eval_acc': 0.37200000000000005, 'time': 549.6070513725281}
[92mINFO [0m:      
[92mINFO [0m:      [ROUND 73/100]
[92mINFO [0m:      configure_train: Sampled 10 nodes (out of 10)
[92mINFO [0m:      aggregate_train: Received 8 results and 0 failures
[92mINFO [0m:      	└──> Aggregated MetricRecord: {'train_loss': 1.8156286050081252, 'train_time': 5.401928867562674, 'qtty_records': 8}
[92mINFO [0m:      configure_evaluate: Sampled 10 nodes (out of 10)
[92mINFO [0m:      aggregate_evaluate: Received 10 results and 0 failures
[92mINFO [0m:      	└──> Aggregated MetricRecord: {'eval_loss': 1.8143930070102219, 'eval_acc': 0.3517, 'time': 556.7411556243896}
[92mINFO [0m:      
[92mINFO [0m:      [ROUND 74/100]
[92mINFO [0m:      configure_train: Sampled 8 nodes (out of 10)
[92mINFO [0m:      aggregate_train: Received 10 results and 0 failures
[92mINFO [0m:      	└──> Aggregated MetricRecord: {'train_loss': 1.811403468513489, 'train_time': 6.4517984092235565, 'qtty_records': 10}
[92mINFO [0m:      configure_evaluate: Sampled 10 nodes (out of 10)
[92mINFO [0m:      aggregate_evaluate: Received 10 results and 0 failures
[92mINFO [0m:      	└──> Aggregated MetricRecord: {'eval_loss': 1.808929006755352, 'eval_acc': 0.36140000000000005, 'time': 563.7995066642761}
[92mINFO [0m:      
[92mINFO [0m:      [ROUND 75/100]
[92mINFO [0m:      configure_train: Sampled 10 nodes (out of 10)
[92mINFO [0m:      aggregate_train: Received 8 results and 0 failures
[92mINFO [0m:      	└──> Aggregated MetricRecord: {'train_loss': 1.795241442680359, 'train_time': 5.404749457142316, 'qtty_records': 8}
[92mINFO [0m:      configure_evaluate: Sampled 10 nodes (out of 10)
[92mINFO [0m:      aggregate_evaluate: Received 10 results and 0 failures
[92mINFO [0m:      	└──> Aggregated MetricRecord: {'eval_loss': 1.803720162808895, 'eval_acc': 0.3699000000000001, 'time': 570.9304358959198}
[92mINFO [0m:      
[92mINFO [0m:      [ROUND 76/100]
[92mINFO [0m:      configure_train: Sampled 8 nodes (out of 10)
[92mINFO [0m:      aggregate_train: Received 10 results and 0 failures
[92mINFO [0m:      	└──> Aggregated MetricRecord: {'train_loss': 1.8000510166168213, 'train_time': 6.443067470751703, 'qtty_records': 10}
[92mINFO [0m:      configure_evaluate: Sampled 10 nodes (out of 10)
[92mINFO [0m:      aggregate_evaluate: Received 10 results and 0 failures
[92mINFO [0m:      	└──> Aggregated MetricRecord: {'eval_loss': 1.7847515482455492, 'eval_acc': 0.3781, 'time': 577.993057012558}
[92mINFO [0m:      
[92mINFO [0m:      [ROUND 77/100]
[92mINFO [0m:      configure_train: Sampled 10 nodes (out of 10)
[92mINFO [0m:      aggregate_train: Received 8 results and 0 failures
[92mINFO [0m:      	└──> Aggregated MetricRecord: {'train_loss': 1.7859752479791642, 'train_time': 5.385992850293405, 'qtty_records': 8}
[92mINFO [0m:      configure_evaluate: Sampled 10 nodes (out of 10)
[92mINFO [0m:      aggregate_evaluate: Received 10 results and 0 failures
[92mINFO [0m:      	└──> Aggregated MetricRecord: {'eval_loss': 1.7957189798355107, 'eval_acc': 0.3751, 'time': 585.1243414878845}
[92mINFO [0m:      
[92mINFO [0m:      [ROUND 78/100]
[92mINFO [0m:      configure_train: Sampled 8 nodes (out of 10)
[92mINFO [0m:      aggregate_train: Received 10 results and 0 failures
[92mINFO [0m:      	└──> Aggregated MetricRecord: {'train_loss': 1.836058878803253, 'train_time': 6.435341932531446, 'qtty_records': 10}
[92mINFO [0m:      configure_evaluate: Sampled 10 nodes (out of 10)
[92mINFO [0m:      aggregate_evaluate: Received 10 results and 0 failures
[92mINFO [0m:      	└──> Aggregated MetricRecord: {'eval_loss': 1.8158322099596265, 'eval_acc': 0.3563, 'time': 592.1804203987122}
[92mINFO [0m:      
[92mINFO [0m:      [ROUND 79/100]
[92mINFO [0m:      configure_train: Sampled 10 nodes (out of 10)
[92mINFO [0m:      aggregate_train: Received 8 results and 0 failures
[92mINFO [0m:      	└──> Aggregated MetricRecord: {'train_loss': 1.798135855555534, 'train_time': 5.403485912480392, 'qtty_records': 8}
[92mINFO [0m:      configure_evaluate: Sampled 10 nodes (out of 10)
[92mINFO [0m:      aggregate_evaluate: Received 10 results and 0 failures
[92mINFO [0m:      	└──> Aggregated MetricRecord: {'eval_loss': 1.813571431860328, 'eval_acc': 0.367, 'time': 599.3101134300232}
[92mINFO [0m:      
[92mINFO [0m:      [ROUND 80/100]
[92mINFO [0m:      configure_train: Sampled 8 nodes (out of 10)
[92mINFO [0m:      aggregate_train: Received 10 results and 0 failures
[92mINFO [0m:      	└──> Aggregated MetricRecord: {'train_loss': 1.8110029902458191, 'train_time': 6.439701202139259, 'qtty_records': 10}
[92mINFO [0m:      configure_evaluate: Sampled 10 nodes (out of 10)
[92mINFO [0m:      aggregate_evaluate: Received 10 results and 0 failures
[92mINFO [0m:      	└──> Aggregated MetricRecord: {'eval_loss': 1.7936974596232178, 'eval_acc': 0.3638, 'time': 606.3719987869263}
[92mINFO [0m:      
[92mINFO [0m:      [ROUND 81/100]
[92mINFO [0m:      configure_train: Sampled 10 nodes (out of 10)
[92mINFO [0m:      aggregate_train: Received 8 results and 0 failures
[92mINFO [0m:      	└──> Aggregated MetricRecord: {'train_loss': 1.7906234706640243, 'train_time': 5.400603968766518, 'qtty_records': 8}
[92mINFO [0m:      configure_evaluate: Sampled 10 nodes (out of 10)
[92mINFO [0m:      aggregate_evaluate: Received 10 results and 0 failures
[92mINFO [0m:      	└──> Aggregated MetricRecord: {'eval_loss': 1.7631998758763077, 'eval_acc': 0.36900000000000005, 'time': 613.5155591964722}
[92mINFO [0m:      
[92mINFO [0m:      [ROUND 82/100]
[92mINFO [0m:      configure_train: Sampled 8 nodes (out of 10)
[92mINFO [0m:      aggregate_train: Received 10 results and 0 failures
[92mINFO [0m:      	└──> Aggregated MetricRecord: {'train_loss': 1.814742226409912, 'train_time': 6.425938312150538, 'qtty_records': 10}
[92mINFO [0m:      configure_evaluate: Sampled 10 nodes (out of 10)
[92mINFO [0m:      aggregate_evaluate: Received 10 results and 0 failures
[92mINFO [0m:      	└──> Aggregated MetricRecord: {'eval_loss': 1.8304724659770728, 'eval_acc': 0.3476, 'time': 620.6808218955994}
[92mINFO [0m:      
[92mINFO [0m:      [ROUND 83/100]
[92mINFO [0m:      configure_train: Sampled 10 nodes (out of 10)
[92mINFO [0m:      aggregate_train: Received 8 results and 0 failures
[92mINFO [0m:      	└──> Aggregated MetricRecord: {'train_loss': 1.8022856407165526, 'train_time': 5.4075528614921495, 'qtty_records': 8}
[92mINFO [0m:      configure_evaluate: Sampled 10 nodes (out of 10)
[92mINFO [0m:      aggregate_evaluate: Received 10 results and 0 failures
[92mINFO [0m:      	└──> Aggregated MetricRecord: {'eval_loss': 1.7770284295082095, 'eval_acc': 0.3835, 'time': 627.810540676117}
[92mINFO [0m:      
[92mINFO [0m:      [ROUND 84/100]
[92mINFO [0m:      configure_train: Sampled 8 nodes (out of 10)
[92mINFO [0m:      aggregate_train: Received 10 results and 0 failures
[92mINFO [0m:      	└──> Aggregated MetricRecord: {'train_loss': 1.8018315785408023, 'train_time': 6.441551182139665, 'qtty_records': 10}
[92mINFO [0m:      configure_evaluate: Sampled 10 nodes (out of 10)
[92mINFO [0m:      aggregate_evaluate: Received 10 results and 0 failures
[92mINFO [0m:      	└──> Aggregated MetricRecord: {'eval_loss': 1.806266695633531, 'eval_acc': 0.3685, 'time': 634.9732987880707}
[92mINFO [0m:      
[92mINFO [0m:      [ROUND 85/100]
[92mINFO [0m:      configure_train: Sampled 10 nodes (out of 10)
[92mINFO [0m:      aggregate_train: Received 8 results and 0 failures
[92mINFO [0m:      	└──> Aggregated MetricRecord: {'train_loss': 1.8376130834817888, 'train_time': 5.424719593138434, 'qtty_records': 8}
[92mINFO [0m:      configure_evaluate: Sampled 10 nodes (out of 10)
[92mINFO [0m:      aggregate_evaluate: Received 10 results and 0 failures
[92mINFO [0m:      	└──> Aggregated MetricRecord: {'eval_loss': 1.8582044038921595, 'eval_acc': 0.3514, 'time': 642.0047957897186}
[92mINFO [0m:      
[92mINFO [0m:      [ROUND 86/100]
[92mINFO [0m:      configure_train: Sampled 8 nodes (out of 10)
[92mINFO [0m:      aggregate_train: Received 10 results and 0 failures
[92mINFO [0m:      	└──> Aggregated MetricRecord: {'train_loss': 1.8211376538276671, 'train_time': 6.436785628274083, 'qtty_records': 10}
[92mINFO [0m:      configure_evaluate: Sampled 10 nodes (out of 10)
[92mINFO [0m:      aggregate_evaluate: Received 10 results and 0 failures
[92mINFO [0m:      	└──> Aggregated MetricRecord: {'eval_loss': 1.8088975705206396, 'eval_acc': 0.36260000000000003, 'time': 649.0674524307251}
[92mINFO [0m:      
[92mINFO [0m:      [ROUND 87/100]
[92mINFO [0m:      configure_train: Sampled 10 nodes (out of 10)
[92mINFO [0m:      aggregate_train: Received 8 results and 0 failures
[92mINFO [0m:      	└──> Aggregated MetricRecord: {'train_loss': 1.8297566088438035, 'train_time': 5.396464799065143, 'qtty_records': 8}
[92mINFO [0m:      configure_evaluate: Sampled 10 nodes (out of 10)
[92mINFO [0m:      aggregate_evaluate: Received 10 results and 0 failures
[92mINFO [0m:      	└──> Aggregated MetricRecord: {'eval_loss': 1.8489338342100385, 'eval_acc': 0.35190000000000005, 'time': 656.2313640117645}
[92mINFO [0m:      
[92mINFO [0m:      [ROUND 88/100]
[92mINFO [0m:      configure_train: Sampled 8 nodes (out of 10)
[92mINFO [0m:      aggregate_train: Received 10 results and 0 failures
[92mINFO [0m:      	└──> Aggregated MetricRecord: {'train_loss': 1.8747792284965517, 'train_time': 6.452291812188923, 'qtty_records': 10}
[92mINFO [0m:      configure_evaluate: Sampled 10 nodes (out of 10)
[92mINFO [0m:      aggregate_evaluate: Received 10 results and 0 failures
[92mINFO [0m:      	└──> Aggregated MetricRecord: {'eval_loss': 1.8676850937306884, 'eval_acc': 0.3315000000000001, 'time': 663.2902796268463}
[92mINFO [0m:      
[92mINFO [0m:      [ROUND 89/100]
[92mINFO [0m:      configure_train: Sampled 10 nodes (out of 10)
[92mINFO [0m:      aggregate_train: Received 8 results and 0 failures
[92mINFO [0m:      	└──> Aggregated MetricRecord: {'train_loss': 1.8307274793386459, 'train_time': 5.38530766160693, 'qtty_records': 8}
[92mINFO [0m:      configure_evaluate: Sampled 10 nodes (out of 10)
[92mINFO [0m:      aggregate_evaluate: Received 10 results and 0 failures
[92mINFO [0m:      	└──> Aggregated MetricRecord: {'eval_loss': 1.8169979605823754, 'eval_acc': 0.35740000000000005, 'time': 670.4223265647888}
[92mINFO [0m:      
[92mINFO [0m:      [ROUND 90/100]
[92mINFO [0m:      configure_train: Sampled 8 nodes (out of 10)
[92mINFO [0m:      aggregate_train: Received 10 results and 0 failures
[92mINFO [0m:      	└──> Aggregated MetricRecord: {'train_loss': 1.828776948928833, 'train_time': 6.434240079764277, 'qtty_records': 10}
[92mINFO [0m:      configure_evaluate: Sampled 10 nodes (out of 10)
[92mINFO [0m:      aggregate_evaluate: Received 10 results and 0 failures
[92mINFO [0m:      	└──> Aggregated MetricRecord: {'eval_loss': 1.7825688380748035, 'eval_acc': 0.3763, 'time': 677.4848945140839}
[92mINFO [0m:      
[92mINFO [0m:      [ROUND 91/100]
[92mINFO [0m:      configure_train: Sampled 10 nodes (out of 10)
[92mINFO [0m:      aggregate_train: Received 8 results and 0 failures
[92mINFO [0m:      	└──> Aggregated MetricRecord: {'train_loss': 1.7992288894653323, 'train_time': 5.399614294408821, 'qtty_records': 8}
[92mINFO [0m:      configure_evaluate: Sampled 10 nodes (out of 10)
[92mINFO [0m:      aggregate_evaluate: Received 10 results and 0 failures
[92mINFO [0m:      	└──> Aggregated MetricRecord: {'eval_loss': 1.7987374141812325, 'eval_acc': 0.3581, 'time': 684.6176037788391}
[92mINFO [0m:      
[92mINFO [0m:      [ROUND 92/100]
[92mINFO [0m:      configure_train: Sampled 8 nodes (out of 10)
[92mINFO [0m:      aggregate_train: Received 10 results and 0 failures
[92mINFO [0m:      	└──> Aggregated MetricRecord: {'train_loss': 1.818398440074921, 'train_time': 6.431257470324636, 'qtty_records': 10}
[92mINFO [0m:      configure_evaluate: Sampled 10 nodes (out of 10)
[92mINFO [0m:      aggregate_evaluate: Received 10 results and 0 failures
[92mINFO [0m:      	└──> Aggregated MetricRecord: {'eval_loss': 1.8312582086771727, 'eval_acc': 0.3501000000000001, 'time': 691.6800482273102}
[92mINFO [0m:      
[92mINFO [0m:      [ROUND 93/100]
[92mINFO [0m:      configure_train: Sampled 10 nodes (out of 10)
[92mINFO [0m:      aggregate_train: Received 8 results and 0 failures
[92mINFO [0m:      	└──> Aggregated MetricRecord: {'train_loss': 1.8123425621986389, 'train_time': 5.396706910454668, 'qtty_records': 8}
[92mINFO [0m:      configure_evaluate: Sampled 10 nodes (out of 10)
[92mINFO [0m:      aggregate_evaluate: Received 10 results and 0 failures
[92mINFO [0m:      	└──> Aggregated MetricRecord: {'eval_loss': 1.8111602135002614, 'eval_acc': 0.3432, 'time': 698.8122067451477}
[92mINFO [0m:      
[92mINFO [0m:      [ROUND 94/100]
[92mINFO [0m:      configure_train: Sampled 8 nodes (out of 10)
[92mINFO [0m:      aggregate_train: Received 10 results and 0 failures
[92mINFO [0m:      	└──> Aggregated MetricRecord: {'train_loss': 1.8270371217727661, 'train_time': 6.441758958809078, 'qtty_records': 10}
[92mINFO [0m:      configure_evaluate: Sampled 10 nodes (out of 10)
[92mINFO [0m:      aggregate_evaluate: Received 10 results and 0 failures
[92mINFO [0m:      	└──> Aggregated MetricRecord: {'eval_loss': 1.8397914554923775, 'eval_acc': 0.363, 'time': 705.9859066009521}
[92mINFO [0m:      
[92mINFO [0m:      [ROUND 95/100]
[92mINFO [0m:      configure_train: Sampled 10 nodes (out of 10)
[92mINFO [0m:      aggregate_train: Received 8 results and 0 failures
[92mINFO [0m:      	└──> Aggregated MetricRecord: {'train_loss': 1.8135066187381743, 'train_time': 5.411096000345424, 'qtty_records': 8}
[92mINFO [0m:      configure_evaluate: Sampled 10 nodes (out of 10)
[92mINFO [0m:      aggregate_evaluate: Received 10 results and 0 failures
[92mINFO [0m:      	└──> Aggregated MetricRecord: {'eval_loss': 1.840546686574817, 'eval_acc': 0.3456, 'time': 713.11598944664}
[92mINFO [0m:      
[92mINFO [0m:      [ROUND 96/100]
[92mINFO [0m:      configure_train: Sampled 8 nodes (out of 10)
[92mINFO [0m:      aggregate_train: Received 10 results and 0 failures
[92mINFO [0m:      	└──> Aggregated MetricRecord: {'train_loss': 1.803545728206635, 'train_time': 6.441019083186984, 'qtty_records': 10}
[92mINFO [0m:      configure_evaluate: Sampled 10 nodes (out of 10)
[92mINFO [0m:      aggregate_evaluate: Received 10 results and 0 failures
[92mINFO [0m:      	└──> Aggregated MetricRecord: {'eval_loss': 1.8021133955568076, 'eval_acc': 0.36269999999999997, 'time': 720.278299331665}
[92mINFO [0m:      
[92mINFO [0m:      [ROUND 97/100]
[92mINFO [0m:      configure_train: Sampled 10 nodes (out of 10)
[92mINFO [0m:      aggregate_train: Received 8 results and 0 failures
[92mINFO [0m:      	└──> Aggregated MetricRecord: {'train_loss': 1.816813939332962, 'train_time': 5.402867551310919, 'qtty_records': 8}
[92mINFO [0m:      configure_evaluate: Sampled 10 nodes (out of 10)
[92mINFO [0m:      aggregate_evaluate: Received 10 results and 0 failures
[92mINFO [0m:      	└──> Aggregated MetricRecord: {'eval_loss': 1.8508490804582833, 'eval_acc': 0.348, 'time': 727.329003572464}
[92mINFO [0m:      
[92mINFO [0m:      [ROUND 98/100]
[92mINFO [0m:      configure_train: Sampled 8 nodes (out of 10)
[92mINFO [0m:      aggregate_train: Received 10 results and 0 failures
[92mINFO [0m:      	└──> Aggregated MetricRecord: {'train_loss': 1.8298835741043091, 'train_time': 6.437112004030496, 'qtty_records': 10}
[92mINFO [0m:      configure_evaluate: Sampled 10 nodes (out of 10)
[92mINFO [0m:      aggregate_evaluate: Received 10 results and 0 failures
[92mINFO [0m:      	└──> Aggregated MetricRecord: {'eval_loss': 1.827174711972475, 'eval_acc': 0.3483, 'time': 734.4908666610718}
[92mINFO [0m:      
[92mINFO [0m:      [ROUND 99/100]
[92mINFO [0m:      configure_train: Sampled 10 nodes (out of 10)
[92mINFO [0m:      aggregate_train: Received 8 results and 0 failures
[92mINFO [0m:      	└──> Aggregated MetricRecord: {'train_loss': 1.8303204299211504, 'train_time': 5.42359984992072, 'qtty_records': 8}
[92mINFO [0m:      configure_evaluate: Sampled 10 nodes (out of 10)
[92mINFO [0m:      aggregate_evaluate: Received 10 results and 0 failures
[92mINFO [0m:      	└──> Aggregated MetricRecord: {'eval_loss': 1.8714588791131974, 'eval_acc': 0.32060000000000005, 'time': 741.5352611541748}
[92mINFO [0m:      
[92mINFO [0m:      [ROUND 100/100]
[92mINFO [0m:      configure_train: Sampled 8 nodes (out of 10)
[92mINFO [0m:      aggregate_train: Received 10 results and 0 failures
[92mINFO [0m:      	└──> Aggregated MetricRecord: {'train_loss': 1.81295262503624, 'train_time': 6.4524743190966545, 'qtty_records': 10}
[92mINFO [0m:      configure_evaluate: Sampled 10 nodes (out of 10)
[92mINFO [0m:      aggregate_evaluate: Received 10 results and 0 failures
[92mINFO [0m:      	└──> Aggregated MetricRecord: {'eval_loss': 1.7995986051857473, 'eval_acc': 0.3648, 'time': 748.6959195137024}
[92mINFO [0m:      
[92mINFO [0m:      Strategy execution finished in 748.70s
[92mINFO [0m:      
[92mINFO [0m:      Final results:
[92mINFO [0m:      
[92mINFO [0m:      	Global Arrays:
[92mINFO [0m:      		ArrayRecord (0.238 MB)
[92mINFO [0m:      	
[92mINFO [0m:      	Aggregated ClientApp-side Train Metrics:
[92mINFO [0m:      	{ 1: { 'qtty_records': '8',
[92mINFO [0m:      	       'train_loss': '2.2164e+00',
[92mINFO [0m:      	       'train_time': '7.3334e+00'},
[92mINFO [0m:      	  2: { 'qtty_records': '10',
[92mINFO [0m:      	       'train_loss': '2.1492e+00',
[92mINFO [0m:      	       'train_time': '6.8221e+00'},
[92mINFO [0m:      	  3: { 'qtty_records': '8',
[92mINFO [0m:      	       'train_loss': '2.0921e+00',
[92mINFO [0m:      	       'train_time': '5.4302e+00'},
[92mINFO [0m:      	  4: { 'qtty_records': '10',
[92mINFO [0m:      	       'train_loss': '2.0448e+00',
[92mINFO [0m:      	       'train_time': '6.5001e+00'},
[92mINFO [0m:      	  5: { 'qtty_records': '8',
[92mINFO [0m:      	       'train_loss': '2.0218e+00',
[92mINFO [0m:      	       'train_time': '5.4324e+00'},
[92mINFO [0m:      	  6: { 'qtty_records': '10',
[92mINFO [0m:      	       'train_loss': '1.9997e+00',
[92mINFO [0m:      	       'train_time': '6.4550e+00'},
[92mINFO [0m:      	  7: { 'qtty_records': '8',
[92mINFO [0m:      	       'train_loss': '1.9837e+00',
[92mINFO [0m:      	       'train_time': '5.4246e+00'},
[92mINFO [0m:      	  8: { 'qtty_records': '10',
[92mINFO [0m:      	       'train_loss': '1.9752e+00',
[92mINFO [0m:      	       'train_time': '6.4630e+00'},
[92mINFO [0m:      	  9: { 'qtty_records': '8',
[92mINFO [0m:      	       'train_loss': '1.9631e+00',
[92mINFO [0m:      	       'train_time': '5.4350e+00'},
[92mINFO [0m:      	  10: { 'qtty_records': '10',
[92mINFO [0m:      	        'train_loss': '1.9644e+00',
[92mINFO [0m:      	        'train_time': '6.4552e+00'},
[92mINFO [0m:      	  11: { 'qtty_records': '8',
[92mINFO [0m:      	        'train_loss': '1.9347e+00',
[92mINFO [0m:      	        'train_time': '5.4021e+00'},
[92mINFO [0m:      	  12: { 'qtty_records': '10',
[92mINFO [0m:      	        'train_loss': '1.9498e+00',
[92mINFO [0m:      	        'train_time': '6.4326e+00'},
[92mINFO [0m:      	  13: { 'qtty_records': '8',
[92mINFO [0m:      	        'train_loss': '1.9658e+00',
[92mINFO [0m:      	        'train_time': '5.4119e+00'},
[92mINFO [0m:      	  14: { 'qtty_records': '10',
[92mINFO [0m:      	        'train_loss': '1.9204e+00',
[92mINFO [0m:      	        'train_time': '6.4589e+00'},
[92mINFO [0m:      	  15: { 'qtty_records': '8',
[92mINFO [0m:      	        'train_loss': '1.9155e+00',
[92mINFO [0m:      	        'train_time': '5.4164e+00'},
[92mINFO [0m:      	  16: { 'qtty_records': '10',
[92mINFO [0m:      	        'train_loss': '1.9217e+00',
[92mINFO [0m:      	        'train_time': '6.4553e+00'},
[92mINFO [0m:      	  17: { 'qtty_records': '8',
[92mINFO [0m:      	        'train_loss': '1.9156e+00',
[92mINFO [0m:      	        'train_time': '5.4063e+00'},
[92mINFO [0m:      	  18: { 'qtty_records': '10',
[92mINFO [0m:      	        'train_loss': '1.9062e+00',
[92mINFO [0m:      	        'train_time': '6.4465e+00'},
[92mINFO [0m:      	  19: { 'qtty_records': '8',
[92mINFO [0m:      	        'train_loss': '1.9109e+00',
[92mINFO [0m:      	        'train_time': '5.3954e+00'},
[92mINFO [0m:      	  20: { 'qtty_records': '10',
[92mINFO [0m:      	        'train_loss': '1.8914e+00',
[92mINFO [0m:      	        'train_time': '6.4467e+00'},
[92mINFO [0m:      	  21: { 'qtty_records': '8',
[92mINFO [0m:      	        'train_loss': '1.8863e+00',
[92mINFO [0m:      	        'train_time': '5.4031e+00'},
[92mINFO [0m:      	  22: { 'qtty_records': '10',
[92mINFO [0m:      	        'train_loss': '1.8908e+00',
[92mINFO [0m:      	        'train_time': '6.4423e+00'},
[92mINFO [0m:      	  23: { 'qtty_records': '8',
[92mINFO [0m:      	        'train_loss': '1.8911e+00',
[92mINFO [0m:      	        'train_time': '5.4220e+00'},
[92mINFO [0m:      	  24: { 'qtty_records': '10',
[92mINFO [0m:      	        'train_loss': '1.8829e+00',
[92mINFO [0m:      	        'train_time': '6.4492e+00'},
[92mINFO [0m:      	  25: { 'qtty_records': '8',
[92mINFO [0m:      	        'train_loss': '1.8649e+00',
[92mINFO [0m:      	        'train_time': '5.4024e+00'},
[92mINFO [0m:      	  26: { 'qtty_records': '10',
[92mINFO [0m:      	        'train_loss': '1.8821e+00',
[92mINFO [0m:      	        'train_time': '6.4698e+00'},
[92mINFO [0m:      	  27: { 'qtty_records': '8',
[92mINFO [0m:      	        'train_loss': '1.8695e+00',
[92mINFO [0m:      	        'train_time': '5.4098e+00'},
[92mINFO [0m:      	  28: { 'qtty_records': '10',
[92mINFO [0m:      	        'train_loss': '1.8746e+00',
[92mINFO [0m:      	        'train_time': '6.4490e+00'},
[92mINFO [0m:      	  29: { 'qtty_records': '8',
[92mINFO [0m:      	        'train_loss': '1.8593e+00',
[92mINFO [0m:      	        'train_time': '5.4139e+00'},
[92mINFO [0m:      	  30: { 'qtty_records': '10',
[92mINFO [0m:      	        'train_loss': '1.8704e+00',
[92mINFO [0m:      	        'train_time': '6.4588e+00'},
[92mINFO [0m:      	  31: { 'qtty_records': '8',
[92mINFO [0m:      	        'train_loss': '1.8359e+00',
[92mINFO [0m:      	        'train_time': '5.4282e+00'},
[92mINFO [0m:      	  32: { 'qtty_records': '10',
[92mINFO [0m:      	        'train_loss': '1.8479e+00',
[92mINFO [0m:      	        'train_time': '6.4539e+00'},
[92mINFO [0m:      	  33: { 'qtty_records': '8',
[92mINFO [0m:      	        'train_loss': '1.8555e+00',
[92mINFO [0m:      	        'train_time': '5.4171e+00'},
[92mINFO [0m:      	  34: { 'qtty_records': '10',
[92mINFO [0m:      	        'train_loss': '1.8351e+00',
[92mINFO [0m:      	        'train_time': '6.4523e+00'},
[92mINFO [0m:      	  35: { 'qtty_records': '8',
[92mINFO [0m:      	        'train_loss': '1.8401e+00',
[92mINFO [0m:      	        'train_time': '5.3954e+00'},
[92mINFO [0m:      	  36: { 'qtty_records': '10',
[92mINFO [0m:      	        'train_loss': '1.8514e+00',
[92mINFO [0m:      	        'train_time': '6.4395e+00'},
[92mINFO [0m:      	  37: { 'qtty_records': '8',
[92mINFO [0m:      	        'train_loss': '1.8364e+00',
[92mINFO [0m:      	        'train_time': '5.4210e+00'},
[92mINFO [0m:      	  38: { 'qtty_records': '10',
[92mINFO [0m:      	        'train_loss': '1.8614e+00',
[92mINFO [0m:      	        'train_time': '6.4584e+00'},
[92mINFO [0m:      	  39: { 'qtty_records': '8',
[92mINFO [0m:      	        'train_loss': '1.8340e+00',
[92mINFO [0m:      	        'train_time': '5.4235e+00'},
[92mINFO [0m:      	  40: { 'qtty_records': '10',
[92mINFO [0m:      	        'train_loss': '1.8347e+00',
[92mINFO [0m:      	        'train_time': '6.4398e+00'},
[92mINFO [0m:      	  41: { 'qtty_records': '8',
[92mINFO [0m:      	        'train_loss': '1.8132e+00',
[92mINFO [0m:      	        'train_time': '5.3969e+00'},
[92mINFO [0m:      	  42: { 'qtty_records': '10',
[92mINFO [0m:      	        'train_loss': '1.8189e+00',
[92mINFO [0m:      	        'train_time': '6.4432e+00'},
[92mINFO [0m:      	  43: { 'qtty_records': '8',
[92mINFO [0m:      	        'train_loss': '1.8161e+00',
[92mINFO [0m:      	        'train_time': '5.4062e+00'},
[92mINFO [0m:      	  44: { 'qtty_records': '10',
[92mINFO [0m:      	        'train_loss': '1.8245e+00',
[92mINFO [0m:      	        'train_time': '6.4498e+00'},
[92mINFO [0m:      	  45: { 'qtty_records': '8',
[92mINFO [0m:      	        'train_loss': '1.8080e+00',
[92mINFO [0m:      	        'train_time': '5.4354e+00'},
[92mINFO [0m:      	  46: { 'qtty_records': '10',
[92mINFO [0m:      	        'train_loss': '1.8248e+00',
[92mINFO [0m:      	        'train_time': '6.4491e+00'},
[92mINFO [0m:      	  47: { 'qtty_records': '8',
[92mINFO [0m:      	        'train_loss': '1.8118e+00',
[92mINFO [0m:      	        'train_time': '5.4028e+00'},
[92mINFO [0m:      	  48: { 'qtty_records': '10',
[92mINFO [0m:      	        'train_loss': '1.8101e+00',
[92mINFO [0m:      	        'train_time': '6.4386e+00'},
[92mINFO [0m:      	  49: { 'qtty_records': '8',
[92mINFO [0m:      	        'train_loss': '1.7995e+00',
[92mINFO [0m:      	        'train_time': '5.4010e+00'},
[92mINFO [0m:      	  50: { 'qtty_records': '10',
[92mINFO [0m:      	        'train_loss': '1.8225e+00',
[92mINFO [0m:      	        'train_time': '6.4479e+00'},
[92mINFO [0m:      	  51: { 'qtty_records': '8',
[92mINFO [0m:      	        'train_loss': '1.8224e+00',
[92mINFO [0m:      	        'train_time': '5.4191e+00'},
[92mINFO [0m:      	  52: { 'qtty_records': '10',
[92mINFO [0m:      	        'train_loss': '1.8256e+00',
[92mINFO [0m:      	        'train_time': '6.4424e+00'},
[92mINFO [0m:      	  53: { 'qtty_records': '8',
[92mINFO [0m:      	        'train_loss': '1.7882e+00',
[92mINFO [0m:      	        'train_time': '5.4063e+00'},
[92mINFO [0m:      	  54: { 'qtty_records': '10',
[92mINFO [0m:      	        'train_loss': '1.8276e+00',
[92mINFO [0m:      	        'train_time': '6.4380e+00'},
[92mINFO [0m:      	  55: { 'qtty_records': '8',
[92mINFO [0m:      	        'train_loss': '1.8329e+00',
[92mINFO [0m:      	        'train_time': '5.3957e+00'},
[92mINFO [0m:      	  56: { 'qtty_records': '10',
[92mINFO [0m:      	        'train_loss': '1.8351e+00',
[92mINFO [0m:      	        'train_time': '6.4427e+00'},
[92mINFO [0m:      	  57: { 'qtty_records': '8',
[92mINFO [0m:      	        'train_loss': '1.8034e+00',
[92mINFO [0m:      	        'train_time': '5.4152e+00'},
[92mINFO [0m:      	  58: { 'qtty_records': '10',
[92mINFO [0m:      	        'train_loss': '1.8316e+00',
[92mINFO [0m:      	        'train_time': '6.4504e+00'},
[92mINFO [0m:      	  59: { 'qtty_records': '8',
[92mINFO [0m:      	        'train_loss': '1.7952e+00',
[92mINFO [0m:      	        'train_time': '5.4224e+00'},
[92mINFO [0m:      	  60: { 'qtty_records': '10',
[92mINFO [0m:      	        'train_loss': '1.8097e+00',
[92mINFO [0m:      	        'train_time': '6.4464e+00'},
[92mINFO [0m:      	  61: { 'qtty_records': '8',
[92mINFO [0m:      	        'train_loss': '1.7928e+00',
[92mINFO [0m:      	        'train_time': '5.4134e+00'},
[92mINFO [0m:      	  62: { 'qtty_records': '10',
[92mINFO [0m:      	        'train_loss': '1.8233e+00',
[92mINFO [0m:      	        'train_time': '6.4556e+00'},
[92mINFO [0m:      	  63: { 'qtty_records': '8',
[92mINFO [0m:      	        'train_loss': '1.8107e+00',
[92mINFO [0m:      	        'train_time': '5.3927e+00'},
[92mINFO [0m:      	  64: { 'qtty_records': '10',
[92mINFO [0m:      	        'train_loss': '1.8125e+00',
[92mINFO [0m:      	        'train_time': '6.4302e+00'},
[92mINFO [0m:      	  65: { 'qtty_records': '8',
[92mINFO [0m:      	        'train_loss': '1.8214e+00',
[92mINFO [0m:      	        'train_time': '5.4063e+00'},
[92mINFO [0m:      	  66: { 'qtty_records': '10',
[92mINFO [0m:      	        'train_loss': '1.8364e+00',
[92mINFO [0m:      	        'train_time': '6.4404e+00'},
[92mINFO [0m:      	  67: { 'qtty_records': '8',
[92mINFO [0m:      	        'train_loss': '1.8127e+00',
[92mINFO [0m:      	        'train_time': '5.4187e+00'},
[92mINFO [0m:      	  68: { 'qtty_records': '10',
[92mINFO [0m:      	        'train_loss': '1.8265e+00',
[92mINFO [0m:      	        'train_time': '6.4403e+00'},
[92mINFO [0m:      	  69: { 'qtty_records': '8',
[92mINFO [0m:      	        'train_loss': '1.7928e+00',
[92mINFO [0m:      	        'train_time': '5.3899e+00'},
[92mINFO [0m:      	  70: { 'qtty_records': '10',
[92mINFO [0m:      	        'train_loss': '1.8180e+00',
[92mINFO [0m:      	        'train_time': '6.4329e+00'},
[92mINFO [0m:      	  71: { 'qtty_records': '8',
[92mINFO [0m:      	        'train_loss': '1.8264e+00',
[92mINFO [0m:      	        'train_time': '5.4223e+00'},
[92mINFO [0m:      	  72: { 'qtty_records': '10',
[92mINFO [0m:      	        'train_loss': '1.8078e+00',
[92mINFO [0m:      	        'train_time': '6.4208e+00'},
[92mINFO [0m:      	  73: { 'qtty_records': '8',
[92mINFO [0m:      	        'train_loss': '1.8156e+00',
[92mINFO [0m:      	        'train_time': '5.4019e+00'},
[92mINFO [0m:      	  74: { 'qtty_records': '10',
[92mINFO [0m:      	        'train_loss': '1.8114e+00',
[92mINFO [0m:      	        'train_time': '6.4518e+00'},
[92mINFO [0m:      	  75: { 'qtty_records': '8',
[92mINFO [0m:      	        'train_loss': '1.7952e+00',
[92mINFO [0m:      	        'train_time': '5.4047e+00'},
[92mINFO [0m:      	  76: { 'qtty_records': '10',
[92mINFO [0m:      	        'train_loss': '1.8001e+00',
[92mINFO [0m:      	        'train_time': '6.4431e+00'},
[92mINFO [0m:      	  77: { 'qtty_records': '8',
[92mINFO [0m:      	        'train_loss': '1.7860e+00',
[92mINFO [0m:      	        'train_time': '5.3860e+00'},
[92mINFO [0m:      	  78: { 'qtty_records': '10',
[92mINFO [0m:      	        'train_loss': '1.8361e+00',
[92mINFO [0m:      	        'train_time': '6.4353e+00'},
[92mINFO [0m:      	  79: { 'qtty_records': '8',
[92mINFO [0m:      	        'train_loss': '1.7981e+00',
[92mINFO [0m:      	        'train_time': '5.4035e+00'},
[92mINFO [0m:      	  80: { 'qtty_records': '10',
[92mINFO [0m:      	        'train_loss': '1.8110e+00',
[92mINFO [0m:      	        'train_time': '6.4397e+00'},
[92mINFO [0m:      	  81: { 'qtty_records': '8',
[92mINFO [0m:      	        'train_loss': '1.7906e+00',
[92mINFO [0m:      	        'train_time': '5.4006e+00'},
[92mINFO [0m:      	  82: { 'qtty_records': '10',
[92mINFO [0m:      	        'train_loss': '1.8147e+00',
[92mINFO [0m:      	        'train_time': '6.4259e+00'},
[92mINFO [0m:      	  83: { 'qtty_records': '8',
[92mINFO [0m:      	        'train_loss': '1.8023e+00',
[92mINFO [0m:      	        'train_time': '5.4076e+00'},
[92mINFO [0m:      	  84: { 'qtty_records': '10',
[92mINFO [0m:      	        'train_loss': '1.8018e+00',
[92mINFO [0m:      	        'train_time': '6.4416e+00'},
[92mINFO [0m:      	  85: { 'qtty_records': '8',
[92mINFO [0m:      	        'train_loss': '1.8376e+00',
[92mINFO [0m:      	        'train_time': '5.4247e+00'},
[92mINFO [0m:      	  86: { 'qtty_records': '10',
[92mINFO [0m:      	        'train_loss': '1.8211e+00',
[92mINFO [0m:      	        'train_time': '6.4368e+00'},
[92mINFO [0m:      	  87: { 'qtty_records': '8',
[92mINFO [0m:      	        'train_loss': '1.8298e+00',
[92mINFO [0m:      	        'train_time': '5.3965e+00'},
[92mINFO [0m:      	  88: { 'qtty_records': '10',
[92mINFO [0m:      	        'train_loss': '1.8748e+00',
[92mINFO [0m:      	        'train_time': '6.4523e+00'},
[92mINFO [0m:      	  89: { 'qtty_records': '8',
[92mINFO [0m:      	        'train_loss': '1.8307e+00',
[92mINFO [0m:      	        'train_time': '5.3853e+00'},
[92mINFO [0m:      	  90: { 'qtty_records': '10',
[92mINFO [0m:      	        'train_loss': '1.8288e+00',
[92mINFO [0m:      	        'train_time': '6.4342e+00'},
[92mINFO [0m:      	  91: { 'qtty_records': '8',
[92mINFO [0m:      	        'train_loss': '1.7992e+00',
[92mINFO [0m:      	        'train_time': '5.3996e+00'},
[92mINFO [0m:      	  92: { 'qtty_records': '10',
[92mINFO [0m:      	        'train_loss': '1.8184e+00',
[92mINFO [0m:      	        'train_time': '6.4313e+00'},
[92mINFO [0m:      	  93: { 'qtty_records': '8',
[92mINFO [0m:      	        'train_loss': '1.8123e+00',
[92mINFO [0m:      	        'train_time': '5.3967e+00'},
[92mINFO [0m:      	  94: { 'qtty_records': '10',
[92mINFO [0m:      	        'train_loss': '1.8270e+00',
[92mINFO [0m:      	        'train_time': '6.4418e+00'},
[92mINFO [0m:      	  95: { 'qtty_records': '8',
[92mINFO [0m:      	        'train_loss': '1.8135e+00',
[92mINFO [0m:      	        'train_time': '5.4111e+00'},
[92mINFO [0m:      	  96: { 'qtty_records': '10',
[92mINFO [0m:      	        'train_loss': '1.8035e+00',
[92mINFO [0m:      	        'train_time': '6.4410e+00'},
[92mINFO [0m:      	  97: { 'qtty_records': '8',
[92mINFO [0m:      	        'train_loss': '1.8168e+00',
[92mINFO [0m:      	        'train_time': '5.4029e+00'},
[92mINFO [0m:      	  98: { 'qtty_records': '10',
[92mINFO [0m:      	        'train_loss': '1.8299e+00',
[92mINFO [0m:      	        'train_time': '6.4371e+00'},
[92mINFO [0m:      	  99: { 'qtty_records': '8',
[92mINFO [0m:      	        'train_loss': '1.8303e+00',
[92mINFO [0m:      	        'train_time': '5.4236e+00'},
[92mINFO [0m:      	  100: { 'qtty_records': '10',
[92mINFO [0m:      	         'train_loss': '1.8130e+00',
[92mINFO [0m:      	         'train_time': '6.4525e+00'}}
[92mINFO [0m:      	
[92mINFO [0m:      	Aggregated ClientApp-side Evaluate Metrics:
[92mINFO [0m:      	{ 1: { 'eval_acc': '9.5900e-02',
[92mINFO [0m:      	       'eval_loss': '2.2984e+00',
[92mINFO [0m:      	       'time': '4.4226e+01'},
[92mINFO [0m:      	  2: { 'eval_acc': '1.7680e-01',
[92mINFO [0m:      	       'eval_loss': '2.2186e+00',
[92mINFO [0m:      	       'time': '5.1288e+01'},
[92mINFO [0m:      	  3: { 'eval_acc': '1.9170e-01',
[92mINFO [0m:      	       'eval_loss': '2.1035e+00',
[92mINFO [0m:      	       'time': '5.8419e+01'},
[92mINFO [0m:      	  4: { 'eval_acc': '2.1890e-01',
[92mINFO [0m:      	       'eval_loss': '2.0778e+00',
[92mINFO [0m:      	       'time': '6.5454e+01'},
[92mINFO [0m:      	  5: { 'eval_acc': '2.1740e-01',
[92mINFO [0m:      	       'eval_loss': '2.0917e+00',
[92mINFO [0m:      	       'time': '7.2586e+01'},
[92mINFO [0m:      	  6: { 'eval_acc': '2.3720e-01',
[92mINFO [0m:      	       'eval_loss': '2.0698e+00',
[92mINFO [0m:      	       'time': '7.9651e+01'},
[92mINFO [0m:      	  7: { 'eval_acc': '2.5130e-01',
[92mINFO [0m:      	       'eval_loss': '2.0227e+00',
[92mINFO [0m:      	       'time': '8.6782e+01'},
[92mINFO [0m:      	  8: { 'eval_acc': '2.3260e-01',
[92mINFO [0m:      	       'eval_loss': '2.0446e+00',
[92mINFO [0m:      	       'time': '9.3962e+01'},
[92mINFO [0m:      	  9: { 'eval_acc': '2.2510e-01',
[92mINFO [0m:      	       'eval_loss': '2.0784e+00',
[92mINFO [0m:      	       'time': '1.0109e+02'},
[92mINFO [0m:      	  10: { 'eval_acc': '2.6130e-01',
[92mINFO [0m:      	        'eval_loss': '1.9912e+00',
[92mINFO [0m:      	        'time': '1.0816e+02'},
[92mINFO [0m:      	  11: { 'eval_acc': '2.7080e-01',
[92mINFO [0m:      	        'eval_loss': '1.9689e+00',
[92mINFO [0m:      	        'time': '1.1539e+02'},
[92mINFO [0m:      	  12: { 'eval_acc': '2.2770e-01',
[92mINFO [0m:      	        'eval_loss': '2.0946e+00',
[92mINFO [0m:      	        'time': '1.2245e+02'},
[92mINFO [0m:      	  13: { 'eval_acc': '2.5600e-01',
[92mINFO [0m:      	        'eval_loss': '1.9495e+00',
[92mINFO [0m:      	        'time': '1.2959e+02'},
[92mINFO [0m:      	  14: { 'eval_acc': '2.8740e-01',
[92mINFO [0m:      	        'eval_loss': '1.9504e+00',
[92mINFO [0m:      	        'time': '1.3665e+02'},
[92mINFO [0m:      	  15: { 'eval_acc': '2.8840e-01',
[92mINFO [0m:      	        'eval_loss': '1.9235e+00',
[92mINFO [0m:      	        'time': '1.4378e+02'},
[92mINFO [0m:      	  16: { 'eval_acc': '2.7410e-01',
[92mINFO [0m:      	        'eval_loss': '1.9537e+00',
[92mINFO [0m:      	        'time': '1.5094e+02'},
[92mINFO [0m:      	  17: { 'eval_acc': '3.1000e-01',
[92mINFO [0m:      	        'eval_loss': '1.9076e+00',
[92mINFO [0m:      	        'time': '1.5807e+02'},
[92mINFO [0m:      	  18: { 'eval_acc': '3.2160e-01',
[92mINFO [0m:      	        'eval_loss': '1.8613e+00',
[92mINFO [0m:      	        'time': '1.6513e+02'},
[92mINFO [0m:      	  19: { 'eval_acc': '3.1980e-01',
[92mINFO [0m:      	        'eval_loss': '1.9121e+00',
[92mINFO [0m:      	        'time': '1.7227e+02'},
[92mINFO [0m:      	  20: { 'eval_acc': '3.0650e-01',
[92mINFO [0m:      	        'eval_loss': '1.9194e+00',
[92mINFO [0m:      	        'time': '1.7933e+02'},
[92mINFO [0m:      	  21: { 'eval_acc': '3.1760e-01',
[92mINFO [0m:      	        'eval_loss': '1.8892e+00',
[92mINFO [0m:      	        'time': '1.8646e+02'},
[92mINFO [0m:      	  22: { 'eval_acc': '3.2310e-01',
[92mINFO [0m:      	        'eval_loss': '1.9023e+00',
[92mINFO [0m:      	        'time': '1.9363e+02'},
[92mINFO [0m:      	  23: { 'eval_acc': '3.2860e-01',
[92mINFO [0m:      	        'eval_loss': '1.8827e+00',
[92mINFO [0m:      	        'time': '2.0076e+02'},
[92mINFO [0m:      	  24: { 'eval_acc': '3.3650e-01',
[92mINFO [0m:      	        'eval_loss': '1.8619e+00',
[92mINFO [0m:      	        'time': '2.0793e+02'},
[92mINFO [0m:      	  25: { 'eval_acc': '3.0410e-01',
[92mINFO [0m:      	        'eval_loss': '1.8810e+00',
[92mINFO [0m:      	        'time': '2.1506e+02'},
[92mINFO [0m:      	  26: { 'eval_acc': '3.4330e-01',
[92mINFO [0m:      	        'eval_loss': '1.8615e+00',
[92mINFO [0m:      	        'time': '2.2220e+02'},
[92mINFO [0m:      	  27: { 'eval_acc': '3.1950e-01',
[92mINFO [0m:      	        'eval_loss': '1.9100e+00',
[92mINFO [0m:      	        'time': '2.2934e+02'},
[92mINFO [0m:      	  28: { 'eval_acc': '3.5520e-01',
[92mINFO [0m:      	        'eval_loss': '1.8263e+00',
[92mINFO [0m:      	        'time': '2.3650e+02'},
[92mINFO [0m:      	  29: { 'eval_acc': '3.3420e-01',
[92mINFO [0m:      	        'eval_loss': '1.8333e+00',
[92mINFO [0m:      	        'time': '2.4363e+02'},
[92mINFO [0m:      	  30: { 'eval_acc': '3.5490e-01',
[92mINFO [0m:      	        'eval_loss': '1.8392e+00',
[92mINFO [0m:      	        'time': '2.5079e+02'},
[92mINFO [0m:      	  31: { 'eval_acc': '3.6020e-01',
[92mINFO [0m:      	        'eval_loss': '1.8274e+00',
[92mINFO [0m:      	        'time': '2.5783e+02'},
[92mINFO [0m:      	  32: { 'eval_acc': '3.5950e-01',
[92mINFO [0m:      	        'eval_loss': '1.8241e+00',
[92mINFO [0m:      	        'time': '2.6499e+02'},
[92mINFO [0m:      	  33: { 'eval_acc': '3.4860e-01',
[92mINFO [0m:      	        'eval_loss': '1.8398e+00',
[92mINFO [0m:      	        'time': '2.7215e+02'},
[92mINFO [0m:      	  34: { 'eval_acc': '3.5320e-01',
[92mINFO [0m:      	        'eval_loss': '1.8190e+00',
[92mINFO [0m:      	        'time': '2.7921e+02'},
[92mINFO [0m:      	  35: { 'eval_acc': '3.4390e-01',
[92mINFO [0m:      	        'eval_loss': '1.8155e+00',
[92mINFO [0m:      	        'time': '2.8634e+02'},
[92mINFO [0m:      	  36: { 'eval_acc': '3.6630e-01',
[92mINFO [0m:      	        'eval_loss': '1.8239e+00',
[92mINFO [0m:      	        'time': '2.9350e+02'},
[92mINFO [0m:      	  37: { 'eval_acc': '3.6420e-01',
[92mINFO [0m:      	        'eval_loss': '1.8248e+00',
[92mINFO [0m:      	        'time': '3.0063e+02'},
[92mINFO [0m:      	  38: { 'eval_acc': '3.7090e-01',
[92mINFO [0m:      	        'eval_loss': '1.8099e+00',
[92mINFO [0m:      	        'time': '3.0770e+02'},
[92mINFO [0m:      	  39: { 'eval_acc': '3.5060e-01',
[92mINFO [0m:      	        'eval_loss': '1.8126e+00',
[92mINFO [0m:      	        'time': '3.1483e+02'},
[92mINFO [0m:      	  40: { 'eval_acc': '3.7310e-01',
[92mINFO [0m:      	        'eval_loss': '1.8201e+00',
[92mINFO [0m:      	        'time': '3.2189e+02'},
[92mINFO [0m:      	  41: { 'eval_acc': '3.6270e-01',
[92mINFO [0m:      	        'eval_loss': '1.7665e+00',
[92mINFO [0m:      	        'time': '3.2902e+02'},
[92mINFO [0m:      	  42: { 'eval_acc': '3.5540e-01',
[92mINFO [0m:      	        'eval_loss': '1.8159e+00',
[92mINFO [0m:      	        'time': '3.3620e+02'},
[92mINFO [0m:      	  43: { 'eval_acc': '3.5410e-01',
[92mINFO [0m:      	        'eval_loss': '1.8252e+00',
[92mINFO [0m:      	        'time': '3.4333e+02'},
[92mINFO [0m:      	  44: { 'eval_acc': '3.6270e-01',
[92mINFO [0m:      	        'eval_loss': '1.8143e+00',
[92mINFO [0m:      	        'time': '3.5050e+02'},
[92mINFO [0m:      	  45: { 'eval_acc': '3.6850e-01',
[92mINFO [0m:      	        'eval_loss': '1.7902e+00',
[92mINFO [0m:      	        'time': '3.5753e+02'},
[92mINFO [0m:      	  46: { 'eval_acc': '3.6740e-01',
[92mINFO [0m:      	        'eval_loss': '1.8271e+00',
[92mINFO [0m:      	        'time': '3.6467e+02'},
[92mINFO [0m:      	  47: { 'eval_acc': '3.7740e-01',
[92mINFO [0m:      	        'eval_loss': '1.7936e+00',
[92mINFO [0m:      	        'time': '3.7180e+02'},
[92mINFO [0m:      	  48: { 'eval_acc': '3.7420e-01',
[92mINFO [0m:      	        'eval_loss': '1.7996e+00',
[92mINFO [0m:      	        'time': '3.7896e+02'},
[92mINFO [0m:      	  49: { 'eval_acc': '3.6200e-01',
[92mINFO [0m:      	        'eval_loss': '1.7901e+00',
[92mINFO [0m:      	        'time': '3.8609e+02'},
[92mINFO [0m:      	  50: { 'eval_acc': '3.6870e-01',
[92mINFO [0m:      	        'eval_loss': '1.8033e+00',
[92mINFO [0m:      	        'time': '3.9324e+02'},
[92mINFO [0m:      	  51: { 'eval_acc': '3.5410e-01',
[92mINFO [0m:      	        'eval_loss': '1.8301e+00',
[92mINFO [0m:      	        'time': '4.0037e+02'},
[92mINFO [0m:      	  52: { 'eval_acc': '3.7600e-01',
[92mINFO [0m:      	        'eval_loss': '1.8012e+00',
[92mINFO [0m:      	        'time': '4.0753e+02'},
[92mINFO [0m:      	  53: { 'eval_acc': '3.8030e-01',
[92mINFO [0m:      	        'eval_loss': '1.7525e+00',
[92mINFO [0m:      	        'time': '4.1456e+02'},
[92mINFO [0m:      	  54: { 'eval_acc': '3.8120e-01',
[92mINFO [0m:      	        'eval_loss': '1.8027e+00',
[92mINFO [0m:      	        'time': '4.2172e+02'},
[92mINFO [0m:      	  55: { 'eval_acc': '3.5760e-01',
[92mINFO [0m:      	        'eval_loss': '1.8310e+00',
[92mINFO [0m:      	        'time': '4.2886e+02'},
[92mINFO [0m:      	  56: { 'eval_acc': '3.6550e-01',
[92mINFO [0m:      	        'eval_loss': '1.8264e+00',
[92mINFO [0m:      	        'time': '4.3602e+02'},
[92mINFO [0m:      	  57: { 'eval_acc': '3.7860e-01',
[92mINFO [0m:      	        'eval_loss': '1.7872e+00',
[92mINFO [0m:      	        'time': '4.4305e+02'},
[92mINFO [0m:      	  58: { 'eval_acc': '3.7050e-01',
[92mINFO [0m:      	        'eval_loss': '1.8055e+00',
[92mINFO [0m:      	        'time': '4.5021e+02'},
[92mINFO [0m:      	  59: { 'eval_acc': '3.8250e-01',
[92mINFO [0m:      	        'eval_loss': '1.7651e+00',
[92mINFO [0m:      	        'time': '4.5724e+02'},
[92mINFO [0m:      	  60: { 'eval_acc': '3.7880e-01',
[92mINFO [0m:      	        'eval_loss': '1.7870e+00',
[92mINFO [0m:      	        'time': '4.6438e+02'},
[92mINFO [0m:      	  61: { 'eval_acc': '3.7030e-01',
[92mINFO [0m:      	        'eval_loss': '1.7883e+00',
[92mINFO [0m:      	        'time': '4.7151e+02'},
[92mINFO [0m:      	  62: { 'eval_acc': '3.7330e-01',
[92mINFO [0m:      	        'eval_loss': '1.8131e+00',
[92mINFO [0m:      	        'time': '4.7857e+02'},
[92mINFO [0m:      	  63: { 'eval_acc': '3.7960e-01',
[92mINFO [0m:      	        'eval_loss': '1.7908e+00',
[92mINFO [0m:      	        'time': '4.8570e+02'},
[92mINFO [0m:      	  64: { 'eval_acc': '3.6810e-01',
[92mINFO [0m:      	        'eval_loss': '1.8057e+00',
[92mINFO [0m:      	        'time': '4.9276e+02'},
[92mINFO [0m:      	  65: { 'eval_acc': '3.5680e-01',
[92mINFO [0m:      	        'eval_loss': '1.8459e+00',
[92mINFO [0m:      	        'time': '4.9989e+02'},
[92mINFO [0m:      	  66: { 'eval_acc': '3.6010e-01',
[92mINFO [0m:      	        'eval_loss': '1.8114e+00',
[92mINFO [0m:      	        'time': '5.0705e+02'},
[92mINFO [0m:      	  67: { 'eval_acc': '3.4930e-01',
[92mINFO [0m:      	        'eval_loss': '1.8301e+00',
[92mINFO [0m:      	        'time': '5.1419e+02'},
[92mINFO [0m:      	  68: { 'eval_acc': '3.7020e-01',
[92mINFO [0m:      	        'eval_loss': '1.7925e+00',
[92mINFO [0m:      	        'time': '5.2122e+02'},
[92mINFO [0m:      	  69: { 'eval_acc': '3.6230e-01',
[92mINFO [0m:      	        'eval_loss': '1.7941e+00',
[92mINFO [0m:      	        'time': '5.2838e+02'},
[92mINFO [0m:      	  70: { 'eval_acc': '3.6290e-01',
[92mINFO [0m:      	        'eval_loss': '1.8111e+00',
[92mINFO [0m:      	        'time': '5.3552e+02'},
[92mINFO [0m:      	  71: { 'eval_acc': '3.5290e-01',
[92mINFO [0m:      	        'eval_loss': '1.8257e+00',
[92mINFO [0m:      	        'time': '5.4255e+02'},
[92mINFO [0m:      	  72: { 'eval_acc': '3.7200e-01',
[92mINFO [0m:      	        'eval_loss': '1.8027e+00',
[92mINFO [0m:      	        'time': '5.4961e+02'},
[92mINFO [0m:      	  73: { 'eval_acc': '3.5170e-01',
[92mINFO [0m:      	        'eval_loss': '1.8144e+00',
[92mINFO [0m:      	        'time': '5.5674e+02'},
[92mINFO [0m:      	  74: { 'eval_acc': '3.6140e-01',
[92mINFO [0m:      	        'eval_loss': '1.8089e+00',
[92mINFO [0m:      	        'time': '5.6380e+02'},
[92mINFO [0m:      	  75: { 'eval_acc': '3.6990e-01',
[92mINFO [0m:      	        'eval_loss': '1.8037e+00',
[92mINFO [0m:      	        'time': '5.7093e+02'},
[92mINFO [0m:      	  76: { 'eval_acc': '3.7810e-01',
[92mINFO [0m:      	        'eval_loss': '1.7848e+00',
[92mINFO [0m:      	        'time': '5.7799e+02'},
[92mINFO [0m:      	  77: { 'eval_acc': '3.7510e-01',
[92mINFO [0m:      	        'eval_loss': '1.7957e+00',
[92mINFO [0m:      	        'time': '5.8512e+02'},
[92mINFO [0m:      	  78: { 'eval_acc': '3.5630e-01',
[92mINFO [0m:      	        'eval_loss': '1.8158e+00',
[92mINFO [0m:      	        'time': '5.9218e+02'},
[92mINFO [0m:      	  79: { 'eval_acc': '3.6700e-01',
[92mINFO [0m:      	        'eval_loss': '1.8136e+00',
[92mINFO [0m:      	        'time': '5.9931e+02'},
[92mINFO [0m:      	  80: { 'eval_acc': '3.6380e-01',
[92mINFO [0m:      	        'eval_loss': '1.7937e+00',
[92mINFO [0m:      	        'time': '6.0637e+02'},
[92mINFO [0m:      	  81: { 'eval_acc': '3.6900e-01',
[92mINFO [0m:      	        'eval_loss': '1.7632e+00',
[92mINFO [0m:      	        'time': '6.1352e+02'},
[92mINFO [0m:      	  82: { 'eval_acc': '3.4760e-01',
[92mINFO [0m:      	        'eval_loss': '1.8305e+00',
[92mINFO [0m:      	        'time': '6.2068e+02'},
[92mINFO [0m:      	  83: { 'eval_acc': '3.8350e-01',
[92mINFO [0m:      	        'eval_loss': '1.7770e+00',
[92mINFO [0m:      	        'time': '6.2781e+02'},
[92mINFO [0m:      	  84: { 'eval_acc': '3.6850e-01',
[92mINFO [0m:      	        'eval_loss': '1.8063e+00',
[92mINFO [0m:      	        'time': '6.3497e+02'},
[92mINFO [0m:      	  85: { 'eval_acc': '3.5140e-01',
[92mINFO [0m:      	        'eval_loss': '1.8582e+00',
[92mINFO [0m:      	        'time': '6.4200e+02'},
[92mINFO [0m:      	  86: { 'eval_acc': '3.6260e-01',
[92mINFO [0m:      	        'eval_loss': '1.8089e+00',
[92mINFO [0m:      	        'time': '6.4907e+02'},
[92mINFO [0m:      	  87: { 'eval_acc': '3.5190e-01',
[92mINFO [0m:      	        'eval_loss': '1.8489e+00',
[92mINFO [0m:      	        'time': '6.5623e+02'},
[92mINFO [0m:      	  88: { 'eval_acc': '3.3150e-01',
[92mINFO [0m:      	        'eval_loss': '1.8677e+00',
[92mINFO [0m:      	        'time': '6.6329e+02'},
[92mINFO [0m:      	  89: { 'eval_acc': '3.5740e-01',
[92mINFO [0m:      	        'eval_loss': '1.8170e+00',
[92mINFO [0m:      	        'time': '6.7042e+02'},
[92mINFO [0m:      	  90: { 'eval_acc': '3.7630e-01',
[92mINFO [0m:      	        'eval_loss': '1.7826e+00',
[92mINFO [0m:      	        'time': '6.7748e+02'},
[92mINFO [0m:      	  91: { 'eval_acc': '3.5810e-01',
[92mINFO [0m:      	        'eval_loss': '1.7987e+00',
[92mINFO [0m:      	        'time': '6.8462e+02'},
[92mINFO [0m:      	  92: { 'eval_acc': '3.5010e-01',
[92mINFO [0m:      	        'eval_loss': '1.8313e+00',
[92mINFO [0m:      	        'time': '6.9168e+02'},
[92mINFO [0m:      	  93: { 'eval_acc': '3.4320e-01',
[92mINFO [0m:      	        'eval_loss': '1.8112e+00',
[92mINFO [0m:      	        'time': '6.9881e+02'},
[92mINFO [0m:      	  94: { 'eval_acc': '3.6300e-01',
[92mINFO [0m:      	        'eval_loss': '1.8398e+00',
[92mINFO [0m:      	        'time': '7.0599e+02'},
[92mINFO [0m:      	  95: { 'eval_acc': '3.4560e-01',
[92mINFO [0m:      	        'eval_loss': '1.8405e+00',
[92mINFO [0m:      	        'time': '7.1312e+02'},
[92mINFO [0m:      	  96: { 'eval_acc': '3.6270e-01',
[92mINFO [0m:      	        'eval_loss': '1.8021e+00',
[92mINFO [0m:      	        'time': '7.2028e+02'},
[92mINFO [0m:      	  97: { 'eval_acc': '3.4800e-01',
[92mINFO [0m:      	        'eval_loss': '1.8508e+00',
[92mINFO [0m:      	        'time': '7.2733e+02'},
[92mINFO [0m:      	  98: { 'eval_acc': '3.4830e-01',
[92mINFO [0m:      	        'eval_loss': '1.8272e+00',
[92mINFO [0m:      	        'time': '7.3449e+02'},
[92mINFO [0m:      	  99: { 'eval_acc': '3.2060e-01',
[92mINFO [0m:      	        'eval_loss': '1.8715e+00',
[92mINFO [0m:      	        'time': '7.4154e+02'},
[92mINFO [0m:      	  100: { 'eval_acc': '3.6480e-01',
[92mINFO [0m:      	         'eval_loss': '1.7996e+00',
[92mINFO [0m:      	         'time': '7.4870e+02'}}
[92mINFO [0m:      	
[92mINFO [0m:      	ServerApp-side Evaluate Metrics:
[92mINFO [0m:      	{}
[92mINFO [0m:      
[92mINFO [0m:      CSV saved: results/cifar10/6/FedSaSync_fs2_m6.csv
[36m(ClientAppActor pid=1574186)[0m [2026-05-20 03:05:35,505 E 1574186 1575078] core_worker_process.cc:825: Failed to establish connection to the metrics exporter agent. Metrics will not be exported. Exporter agent status: RpcError: Running out of retries to initialize the metrics agent. rpc_code: 14[32m [repeated 15x across cluster][0m
[92mINFO [0m:      
