fs=2 m=6 i=7
Starting local SuperLink on 127.0.0.1:39093...
⚠️ Warning: `options.` fields in the SuperLink connection configuration are deprecated. Use `--federation-config` with `flwr run` instead. Alternatively, permanently set your simulation configuration via `flwr federation simulation-config`.
🎊 Successfully started run 4862713725173212427
[92mINFO [0m:      Starting Flower Simulation
Successfully installed fedsasync to /tmp/Victor-Hidalgo-1436506-106-0/.flwr/apps/flwrlabs.fedsasync.1.0.0.f4a93b94.
[92mINFO [0m:      Starting FedSaSync strategy:
[92mINFO [0m:      	├── Number of rounds: 100
[92mINFO [0m:      	├── ArrayRecord (0.24 MB)
[92mINFO [0m:      	├── ConfigRecord (train): (empty!)
[92mINFO [0m:      	├── ConfigRecord (evaluate): (empty!)
[92mINFO [0m:      	├──> Sampling:
[92mINFO [0m:      	│	├──Fraction: train (1.00) | evaluate ( 1.00)
[92mINFO [0m:      	│	├──Minimum nodes: train (2) | evaluate (2)
[92mINFO [0m:      	│	└──Minimum available nodes: 2
[92mINFO [0m:      	└──> Keys in records:
[92mINFO [0m:      		├── Weighted by: 'num-examples'
[92mINFO [0m:      		├── ArrayRecord key: 'arrays'
[92mINFO [0m:      		└── ConfigRecord key: 'config'
[92mINFO [0m:      
[92mINFO [0m:      
[92mINFO [0m:      [ROUND 1/100]
[92mINFO [0m:      configure_train: Sampled 10 nodes (out of 10)
/home/Victor.Hidalgo/.pyenv/versions/3.12.12/envs/fedsasync/lib/python3.12/site-packages/ray/_private/worker.py:2051: FutureWarning: Tip: In future versions of Ray, Ray will no longer override accelerator visible devices env var if num_gpus=0 or num_gpus=None (default). To enable this behavior and turn off this error message, set RAY_ACCEL_ENV_VAR_OVERRIDE_ON_ZERO=0
  warnings.warn(
[36m(ClientAppActor pid=1466023)[0m Warning: You are sending unauthenticated requests to the HF Hub. Please set a HF_TOKEN to enable higher rate limits and faster downloads.
[92mINFO [0m:      aggregate_train: Received 7 results and 0 failures
[92mINFO [0m:      	└──> Aggregated MetricRecord: {'train_loss': 2.209846383231027, 'train_time': 7.338439450333161, 'qtty_records': 7}
[92mINFO [0m:      configure_evaluate: Sampled 10 nodes (out of 10)
[36m(pid=gcs_server)[0m [2026-05-20 03:05:35,022 E 1464687 1464687] (gcs_server) gcs_server.cc:302: Failed to establish connection to the event+metrics exporter agent. Events and metrics will not be exported. Exporter agent status: RpcError: Running out of retries to initialize the metrics agent. rpc_code: 14
[36m(ClientAppActor pid=1466019)[0m Warning: You are sending unauthenticated requests to the HF Hub. Please set a HF_TOKEN to enable higher rate limits and faster downloads.[32m [repeated 9x across cluster] (Ray deduplicates logs by default. Set RAY_DEDUP_LOGS=0 to disable log deduplication, or see https://docs.ray.io/en/master/ray-observability/user-guides/configure-logging.html#log-deduplication for more options.)[0m
[33m(raylet)[0m [2026-05-20 03:05:36,832 E 1464971 1464971] (raylet) main.cc:975: Failed to establish connection to the metrics exporter agent. Metrics will not be exported. Exporter agent status: RpcError: Running out of retries to initialize the metrics agent. rpc_code: 14
[36m(ClientAppActor pid=1466002)[0m [2026-05-20 03:05:41,081 E 1466002 1466229] core_worker_process.cc:825: Failed to establish connection to the metrics exporter agent. Metrics will not be exported. Exporter agent status: RpcError: Running out of retries to initialize the metrics agent. rpc_code: 14
[36m(ClientAppActor pid=1466000)[0m Warning: You are sending unauthenticated requests to the HF Hub. Please set a HF_TOKEN to enable higher rate limits and faster downloads.[32m [repeated 2x across cluster][0m
[92mINFO [0m:      aggregate_evaluate: Received 10 results and 0 failures
[92mINFO [0m:      	└──> Aggregated MetricRecord: {'eval_loss': 2.3531025536358356, 'eval_acc': 0.1101, 'time': 44.186439037323}
[92mINFO [0m:      
[92mINFO [0m:      [ROUND 2/100]
[92mINFO [0m:      configure_train: Sampled 7 nodes (out of 10)
[92mINFO [0m:      aggregate_train: Received 10 results and 0 failures
[92mINFO [0m:      	└──> Aggregated MetricRecord: {'train_loss': 2.1319063733100894, 'train_time': 7.387133611552417, 'qtty_records': 10}
[92mINFO [0m:      configure_evaluate: Sampled 10 nodes (out of 10)
[92mINFO [0m:      aggregate_evaluate: Received 10 results and 0 failures
[92mINFO [0m:      	└──> Aggregated MetricRecord: {'eval_loss': 2.2515879690647123, 'eval_acc': 0.12430000000000001, 'time': 51.22545528411865}
[92mINFO [0m:      
[92mINFO [0m:      [ROUND 3/100]
[92mINFO [0m:      configure_train: Sampled 10 nodes (out of 10)
[92mINFO [0m:      aggregate_train: Received 8 results and 0 failures
[92mINFO [0m:      	└──> Aggregated MetricRecord: {'train_loss': 2.056616931557655, 'train_time': 5.509711733437143, 'qtty_records': 8}
[92mINFO [0m:      configure_evaluate: Sampled 10 nodes (out of 10)
[92mINFO [0m:      aggregate_evaluate: Received 10 results and 0 failures
[92mINFO [0m:      	└──> Aggregated MetricRecord: {'eval_loss': 2.169959915056825, 'eval_acc': 0.19160000000000002, 'time': 58.2569477558136}
[92mINFO [0m:      
[92mINFO [0m:      [ROUND 4/100]
[92mINFO [0m:      configure_train: Sampled 8 nodes (out of 10)
[92mINFO [0m:      aggregate_train: Received 10 results and 0 failures
[92mINFO [0m:      	└──> Aggregated MetricRecord: {'train_loss': 2.016985499572754, 'train_time': 6.559105549287051, 'qtty_records': 10}
[92mINFO [0m:      configure_evaluate: Sampled 10 nodes (out of 10)
[92mINFO [0m:      aggregate_evaluate: Received 10 results and 0 failures
[92mINFO [0m:      	└──> Aggregated MetricRecord: {'eval_loss': 2.1084900919348, 'eval_acc': 0.20900000000000002, 'time': 65.39153337478638}
[92mINFO [0m:      
[92mINFO [0m:      [ROUND 5/100]
[92mINFO [0m:      configure_train: Sampled 10 nodes (out of 10)
[92mINFO [0m:      aggregate_train: Received 8 results and 0 failures
[92mINFO [0m:      	└──> Aggregated MetricRecord: {'train_loss': 1.9790910869836809, 'train_time': 5.438182662706822, 'qtty_records': 8}
[92mINFO [0m:      configure_evaluate: Sampled 10 nodes (out of 10)
[92mINFO [0m:      aggregate_evaluate: Received 10 results and 0 failures
[92mINFO [0m:      	└──> Aggregated MetricRecord: {'eval_loss': 2.031660085171461, 'eval_acc': 0.24230000000000004, 'time': 72.42024755477905}
[92mINFO [0m:      
[92mINFO [0m:      [ROUND 6/100]
[92mINFO [0m:      configure_train: Sampled 8 nodes (out of 10)
[92mINFO [0m:      aggregate_train: Received 10 results and 0 failures
[92mINFO [0m:      	└──> Aggregated MetricRecord: {'train_loss': 1.9668501004219057, 'train_time': 6.453203473426401, 'qtty_records': 10}
[92mINFO [0m:      configure_evaluate: Sampled 10 nodes (out of 10)
[92mINFO [0m:      aggregate_evaluate: Received 10 results and 0 failures
[92mINFO [0m:      	└──> Aggregated MetricRecord: {'eval_loss': 2.0849791292101143, 'eval_acc': 0.22860000000000003, 'time': 79.5849940776825}
[92mINFO [0m:      
[92mINFO [0m:      [ROUND 7/100]
[92mINFO [0m:      configure_train: Sampled 10 nodes (out of 10)
[92mINFO [0m:      aggregate_train: Received 8 results and 0 failures
[92mINFO [0m:      	└──> Aggregated MetricRecord: {'train_loss': 1.9750954682826998, 'train_time': 5.44037829444278, 'qtty_records': 8}
[92mINFO [0m:      configure_evaluate: Sampled 10 nodes (out of 10)
[92mINFO [0m:      aggregate_evaluate: Received 10 results and 0 failures
[92mINFO [0m:      	└──> Aggregated MetricRecord: {'eval_loss': 2.0403452791273593, 'eval_acc': 0.25370000000000004, 'time': 86.6157238483429}
[92mINFO [0m:      
[92mINFO [0m:      [ROUND 8/100]
[92mINFO [0m:      configure_train: Sampled 8 nodes (out of 10)
[92mINFO [0m:      aggregate_train: Received 10 results and 0 failures
[92mINFO [0m:      	└──> Aggregated MetricRecord: {'train_loss': 1.9543109929084777, 'train_time': 6.450352064799517, 'qtty_records': 10}
[92mINFO [0m:      configure_evaluate: Sampled 10 nodes (out of 10)
[92mINFO [0m:      aggregate_evaluate: Received 10 results and 0 failures
[92mINFO [0m:      	└──> Aggregated MetricRecord: {'eval_loss': 2.0023613780736924, 'eval_acc': 0.2806, 'time': 93.7754111289978}
[92mINFO [0m:      
[92mINFO [0m:      [ROUND 9/100]
[92mINFO [0m:      configure_train: Sampled 10 nodes (out of 10)
[92mINFO [0m:      aggregate_train: Received 8 results and 0 failures
[92mINFO [0m:      	└──> Aggregated MetricRecord: {'train_loss': 1.947368536233902, 'train_time': 5.4361564392456785, 'qtty_records': 8}
[92mINFO [0m:      configure_evaluate: Sampled 10 nodes (out of 10)
[92mINFO [0m:      aggregate_evaluate: Received 10 results and 0 failures
[92mINFO [0m:      	└──> Aggregated MetricRecord: {'eval_loss': 2.0055159762501718, 'eval_acc': 0.23940000000000003, 'time': 100.80503463745117}
[92mINFO [0m:      
[92mINFO [0m:      [ROUND 10/100]
[92mINFO [0m:      configure_train: Sampled 8 nodes (out of 10)
[92mINFO [0m:      aggregate_train: Received 10 results and 0 failures
[92mINFO [0m:      	└──> Aggregated MetricRecord: {'train_loss': 1.9326115394592287, 'train_time': 6.456886013504118, 'qtty_records': 10}
[92mINFO [0m:      configure_evaluate: Sampled 10 nodes (out of 10)
[92mINFO [0m:      aggregate_evaluate: Received 10 results and 0 failures
[92mINFO [0m:      	└──> Aggregated MetricRecord: {'eval_loss': 2.0071648664772512, 'eval_acc': 0.2553, 'time': 107.96701574325562}
[92mINFO [0m:      
[92mINFO [0m:      [ROUND 11/100]
[92mINFO [0m:      configure_train: Sampled 10 nodes (out of 10)
[92mINFO [0m:      aggregate_train: Received 8 results and 0 failures
[92mINFO [0m:      	└──> Aggregated MetricRecord: {'train_loss': 1.93409816801548, 'train_time': 5.4503475012024865, 'qtty_records': 8}
[92mINFO [0m:      configure_evaluate: Sampled 10 nodes (out of 10)
[92mINFO [0m:      aggregate_evaluate: Received 10 results and 0 failures
[92mINFO [0m:      	└──> Aggregated MetricRecord: {'eval_loss': 1.990869497507811, 'eval_acc': 0.2985, 'time': 114.99755620956421}
[92mINFO [0m:      
[92mINFO [0m:      [ROUND 12/100]
[92mINFO [0m:      configure_train: Sampled 8 nodes (out of 10)
[92mINFO [0m:      aggregate_train: Received 10 results and 0 failures
[92mINFO [0m:      	└──> Aggregated MetricRecord: {'train_loss': 1.9216079549789429, 'train_time': 6.4647220319136975, 'qtty_records': 10}
[92mINFO [0m:      configure_evaluate: Sampled 10 nodes (out of 10)
[92mINFO [0m:      aggregate_evaluate: Received 10 results and 0 failures
[92mINFO [0m:      	└──> Aggregated MetricRecord: {'eval_loss': 1.9575751330703497, 'eval_acc': 0.30369999999999997, 'time': 122.15787672996521}
[92mINFO [0m:      
[92mINFO [0m:      [ROUND 13/100]
[92mINFO [0m:      configure_train: Sampled 10 nodes (out of 10)
[92mINFO [0m:      aggregate_train: Received 8 results and 0 failures
[92mINFO [0m:      	└──> Aggregated MetricRecord: {'train_loss': 1.9149068400859834, 'train_time': 5.440259466646239, 'qtty_records': 8}
[92mINFO [0m:      configure_evaluate: Sampled 10 nodes (out of 10)
[92mINFO [0m:      aggregate_evaluate: Received 10 results and 0 failures
[92mINFO [0m:      	└──> Aggregated MetricRecord: {'eval_loss': 1.9376099061220886, 'eval_acc': 0.31300000000000006, 'time': 129.1895616054535}
[92mINFO [0m:      
[92mINFO [0m:      [ROUND 14/100]
[92mINFO [0m:      configure_train: Sampled 8 nodes (out of 10)
[92mINFO [0m:      aggregate_train: Received 10 results and 0 failures
[92mINFO [0m:      	└──> Aggregated MetricRecord: {'train_loss': 1.9109321271896365, 'train_time': 6.460982353892177, 'qtty_records': 10}
[92mINFO [0m:      configure_evaluate: Sampled 10 nodes (out of 10)
[92mINFO [0m:      aggregate_evaluate: Received 10 results and 0 failures
[92mINFO [0m:      	└──> Aggregated MetricRecord: {'eval_loss': 1.9638489756733182, 'eval_acc': 0.2993000000000001, 'time': 136.25415802001953}
[92mINFO [0m:      
[92mINFO [0m:      [ROUND 15/100]
[92mINFO [0m:      configure_train: Sampled 10 nodes (out of 10)
[92mINFO [0m:      aggregate_train: Received 8 results and 0 failures
[92mINFO [0m:      	└──> Aggregated MetricRecord: {'train_loss': 1.9033342385292051, 'train_time': 5.428730399929918, 'qtty_records': 8}
[92mINFO [0m:      configure_evaluate: Sampled 10 nodes (out of 10)
[92mINFO [0m:      aggregate_evaluate: Received 10 results and 0 failures
[92mINFO [0m:      	└──> Aggregated MetricRecord: {'eval_loss': 1.9682832803577186, 'eval_acc': 0.2909999999999999, 'time': 143.38612008094788}
[92mINFO [0m:      
[92mINFO [0m:      [ROUND 16/100]
[92mINFO [0m:      configure_train: Sampled 8 nodes (out of 10)
[92mINFO [0m:      aggregate_train: Received 10 results and 0 failures
[92mINFO [0m:      	└──> Aggregated MetricRecord: {'train_loss': 1.8889914308547977, 'train_time': 6.454057714063675, 'qtty_records': 10}
[92mINFO [0m:      configure_evaluate: Sampled 10 nodes (out of 10)
[92mINFO [0m:      aggregate_evaluate: Received 10 results and 0 failures
[92mINFO [0m:      	└──> Aggregated MetricRecord: {'eval_loss': 1.9286025572568177, 'eval_acc': 0.2938, 'time': 150.44566106796265}
[92mINFO [0m:      
[92mINFO [0m:      [ROUND 17/100]
[92mINFO [0m:      configure_train: Sampled 10 nodes (out of 10)
[92mINFO [0m:      aggregate_train: Received 8 results and 0 failures
[92mINFO [0m:      	└──> Aggregated MetricRecord: {'train_loss': 1.891719581961632, 'train_time': 5.42611977586057, 'qtty_records': 8}
[92mINFO [0m:      configure_evaluate: Sampled 10 nodes (out of 10)
[92mINFO [0m:      aggregate_evaluate: Received 10 results and 0 failures
[92mINFO [0m:      	└──> Aggregated MetricRecord: {'eval_loss': 1.9498125534504651, 'eval_acc': 0.301, 'time': 157.57588720321655}
[92mINFO [0m:      
[92mINFO [0m:      [ROUND 18/100]
[92mINFO [0m:      configure_train: Sampled 8 nodes (out of 10)
[92mINFO [0m:      aggregate_train: Received 10 results and 0 failures
[92mINFO [0m:      	└──> Aggregated MetricRecord: {'train_loss': 1.8979236534118653, 'train_time': 6.457481486629694, 'qtty_records': 10}
[92mINFO [0m:      configure_evaluate: Sampled 10 nodes (out of 10)
[92mINFO [0m:      aggregate_evaluate: Received 10 results and 0 failures
[92mINFO [0m:      	└──> Aggregated MetricRecord: {'eval_loss': 1.9148393418639897, 'eval_acc': 0.31210000000000004, 'time': 164.6117286682129}
[92mINFO [0m:      
[92mINFO [0m:      [ROUND 19/100]
[92mINFO [0m:      configure_train: Sampled 10 nodes (out of 10)
[92mINFO [0m:      aggregate_train: Received 8 results and 0 failures
[92mINFO [0m:      	└──> Aggregated MetricRecord: {'train_loss': 1.886086588382721, 'train_time': 5.432995769078843, 'qtty_records': 8}
[92mINFO [0m:      configure_evaluate: Sampled 10 nodes (out of 10)
[92mINFO [0m:      aggregate_evaluate: Received 10 results and 0 failures
[92mINFO [0m:      	└──> Aggregated MetricRecord: {'eval_loss': 1.8895843859761956, 'eval_acc': 0.33920000000000006, 'time': 171.772287607193}
[92mINFO [0m:      
[92mINFO [0m:      [ROUND 20/100]
[92mINFO [0m:      configure_train: Sampled 8 nodes (out of 10)
[92mINFO [0m:      aggregate_train: Received 10 results and 0 failures
[92mINFO [0m:      	└──> Aggregated MetricRecord: {'train_loss': 1.8837907962799072, 'train_time': 6.455796931684017, 'qtty_records': 10}
[92mINFO [0m:      configure_evaluate: Sampled 10 nodes (out of 10)
[92mINFO [0m:      aggregate_evaluate: Received 10 results and 0 failures
[92mINFO [0m:      	└──> Aggregated MetricRecord: {'eval_loss': 1.9447330430150032, 'eval_acc': 0.31989999999999996, 'time': 178.83010578155518}
[92mINFO [0m:      
[92mINFO [0m:      [ROUND 21/100]
[92mINFO [0m:      configure_train: Sampled 10 nodes (out of 10)
[92mINFO [0m:      aggregate_train: Received 8 results and 0 failures
[92mINFO [0m:      	└──> Aggregated MetricRecord: {'train_loss': 1.9003913278579714, 'train_time': 5.4265062337508425, 'qtty_records': 8}
[92mINFO [0m:      configure_evaluate: Sampled 10 nodes (out of 10)
[92mINFO [0m:      aggregate_evaluate: Received 10 results and 0 failures
[92mINFO [0m:      	└──> Aggregated MetricRecord: {'eval_loss': 1.922788494452834, 'eval_acc': 0.315, 'time': 185.98356533050537}
[92mINFO [0m:      
[92mINFO [0m:      [ROUND 22/100]
[92mINFO [0m:      configure_train: Sampled 8 nodes (out of 10)
[92mINFO [0m:      aggregate_train: Received 10 results and 0 failures
[92mINFO [0m:      	└──> Aggregated MetricRecord: {'train_loss': 1.884391079044342, 'train_time': 6.4670298512093725, 'qtty_records': 10}
[92mINFO [0m:      configure_evaluate: Sampled 10 nodes (out of 10)
[92mINFO [0m:      aggregate_evaluate: Received 10 results and 0 failures
[92mINFO [0m:      	└──> Aggregated MetricRecord: {'eval_loss': 1.8862772099673748, 'eval_acc': 0.3156, 'time': 193.14555406570435}
[92mINFO [0m:      
[92mINFO [0m:      [ROUND 23/100]
[92mINFO [0m:      configure_train: Sampled 10 nodes (out of 10)
[92mINFO [0m:      aggregate_train: Received 8 results and 0 failures
[92mINFO [0m:      	└──> Aggregated MetricRecord: {'train_loss': 1.8639558557271956, 'train_time': 5.42657747422345, 'qtty_records': 8}
[92mINFO [0m:      configure_evaluate: Sampled 10 nodes (out of 10)
[92mINFO [0m:      aggregate_evaluate: Received 10 results and 0 failures
[92mINFO [0m:      	└──> Aggregated MetricRecord: {'eval_loss': 1.898190523684025, 'eval_acc': 0.3154, 'time': 200.17640161514282}
[92mINFO [0m:      
[92mINFO [0m:      [ROUND 24/100]
[92mINFO [0m:      configure_train: Sampled 8 nodes (out of 10)
[92mINFO [0m:      aggregate_train: Received 10 results and 0 failures
[92mINFO [0m:      	└──> Aggregated MetricRecord: {'train_loss': 1.9026909280776976, 'train_time': 6.462678393162787, 'qtty_records': 10}
[92mINFO [0m:      configure_evaluate: Sampled 10 nodes (out of 10)
[92mINFO [0m:      aggregate_evaluate: Received 10 results and 0 failures
[92mINFO [0m:      	└──> Aggregated MetricRecord: {'eval_loss': 1.9646484989672897, 'eval_acc': 0.3071, 'time': 207.34043622016907}
[92mINFO [0m:      
[92mINFO [0m:      [ROUND 25/100]
[92mINFO [0m:      configure_train: Sampled 10 nodes (out of 10)
[92mINFO [0m:      aggregate_train: Received 8 results and 0 failures
[92mINFO [0m:      	└──> Aggregated MetricRecord: {'train_loss': 1.8737198727130888, 'train_time': 5.426886353758164, 'qtty_records': 8}
[92mINFO [0m:      configure_evaluate: Sampled 10 nodes (out of 10)
[92mINFO [0m:      aggregate_evaluate: Received 10 results and 0 failures
[92mINFO [0m:      	└──> Aggregated MetricRecord: {'eval_loss': 1.8944669142365456, 'eval_acc': 0.32210000000000005, 'time': 214.3710172176361}
[92mINFO [0m:      
[92mINFO [0m:      [ROUND 26/100]
[92mINFO [0m:      configure_train: Sampled 8 nodes (out of 10)
[92mINFO [0m:      aggregate_train: Received 10 results and 0 failures
[92mINFO [0m:      	└──> Aggregated MetricRecord: {'train_loss': 1.8803527956008912, 'train_time': 6.470075302850455, 'qtty_records': 10}
[92mINFO [0m:      configure_evaluate: Sampled 10 nodes (out of 10)
[92mINFO [0m:      aggregate_evaluate: Received 10 results and 0 failures
[92mINFO [0m:      	└──> Aggregated MetricRecord: {'eval_loss': 1.8781314704567196, 'eval_acc': 0.3353, 'time': 221.5325310230255}
[92mINFO [0m:      
[92mINFO [0m:      [ROUND 27/100]
[92mINFO [0m:      configure_train: Sampled 10 nodes (out of 10)
[92mINFO [0m:      aggregate_train: Received 8 results and 0 failures
[92mINFO [0m:      	└──> Aggregated MetricRecord: {'train_loss': 1.87691558945179, 'train_time': 5.420987315825187, 'qtty_records': 8}
[92mINFO [0m:      configure_evaluate: Sampled 10 nodes (out of 10)
[92mINFO [0m:      aggregate_evaluate: Received 10 results and 0 failures
[92mINFO [0m:      	└──> Aggregated MetricRecord: {'eval_loss': 1.8929460287094118, 'eval_acc': 0.3369, 'time': 228.56186366081238}
[92mINFO [0m:      
[92mINFO [0m:      [ROUND 28/100]
[92mINFO [0m:      configure_train: Sampled 8 nodes (out of 10)
[92mINFO [0m:      aggregate_train: Received 10 results and 0 failures
[92mINFO [0m:      	└──> Aggregated MetricRecord: {'train_loss': 1.8706738388061526, 'train_time': 6.451077742595226, 'qtty_records': 10}
[92mINFO [0m:      configure_evaluate: Sampled 10 nodes (out of 10)
[92mINFO [0m:      aggregate_evaluate: Received 10 results and 0 failures
[92mINFO [0m:      	└──> Aggregated MetricRecord: {'eval_loss': 1.873976854607463, 'eval_acc': 0.34890000000000004, 'time': 235.7213373184204}
[92mINFO [0m:      
[92mINFO [0m:      [ROUND 29/100]
[92mINFO [0m:      configure_train: Sampled 10 nodes (out of 10)
[92mINFO [0m:      aggregate_train: Received 8 results and 0 failures
[92mINFO [0m:      	└──> Aggregated MetricRecord: {'train_loss': 1.8709141112565992, 'train_time': 5.46255036292132, 'qtty_records': 8}
[92mINFO [0m:      configure_evaluate: Sampled 10 nodes (out of 10)
[92mINFO [0m:      aggregate_evaluate: Received 10 results and 0 failures
[92mINFO [0m:      	└──> Aggregated MetricRecord: {'eval_loss': 1.8867135610431434, 'eval_acc': 0.34199999999999997, 'time': 242.75008893013}
[92mINFO [0m:      
[92mINFO [0m:      [ROUND 30/100]
[92mINFO [0m:      configure_train: Sampled 8 nodes (out of 10)
[92mINFO [0m:      aggregate_train: Received 10 results and 0 failures
[92mINFO [0m:      	└──> Aggregated MetricRecord: {'train_loss': 1.8702728127479553, 'train_time': 6.452605738863349, 'qtty_records': 10}
[92mINFO [0m:      configure_evaluate: Sampled 10 nodes (out of 10)
[92mINFO [0m:      aggregate_evaluate: Received 10 results and 0 failures
[92mINFO [0m:      	└──> Aggregated MetricRecord: {'eval_loss': 1.9017429858446122, 'eval_acc': 0.3361, 'time': 249.91006541252136}
[92mINFO [0m:      
[92mINFO [0m:      [ROUND 31/100]
[92mINFO [0m:      configure_train: Sampled 10 nodes (out of 10)
[92mINFO [0m:      aggregate_train: Received 8 results and 0 failures
[92mINFO [0m:      	└──> Aggregated MetricRecord: {'train_loss': 1.8645869733095168, 'train_time': 5.436881022294983, 'qtty_records': 8}
[92mINFO [0m:      configure_evaluate: Sampled 10 nodes (out of 10)
[92mINFO [0m:      aggregate_evaluate: Received 10 results and 0 failures
[92mINFO [0m:      	└──> Aggregated MetricRecord: {'eval_loss': 1.8629009023308756, 'eval_acc': 0.34500000000000003, 'time': 257.04712295532227}
[92mINFO [0m:      
[92mINFO [0m:      [ROUND 32/100]
[92mINFO [0m:      configure_train: Sampled 8 nodes (out of 10)
[92mINFO [0m:      aggregate_train: Received 10 results and 0 failures
[92mINFO [0m:      	└──> Aggregated MetricRecord: {'train_loss': 1.8689102319717408, 'train_time': 6.461531768459826, 'qtty_records': 10}
[92mINFO [0m:      configure_evaluate: Sampled 10 nodes (out of 10)
[92mINFO [0m:      aggregate_evaluate: Received 10 results and 0 failures
[92mINFO [0m:      	└──> Aggregated MetricRecord: {'eval_loss': 1.8778565049171452, 'eval_acc': 0.3443, 'time': 264.11141657829285}
[92mINFO [0m:      
[92mINFO [0m:      [ROUND 33/100]
[92mINFO [0m:      configure_train: Sampled 10 nodes (out of 10)
[92mINFO [0m:      aggregate_train: Received 8 results and 0 failures
[92mINFO [0m:      	└──> Aggregated MetricRecord: {'train_loss': 1.8752861016988753, 'train_time': 5.41271185525693, 'qtty_records': 8}
[92mINFO [0m:      configure_evaluate: Sampled 10 nodes (out of 10)
[92mINFO [0m:      aggregate_evaluate: Received 10 results and 0 failures
[92mINFO [0m:      	└──> Aggregated MetricRecord: {'eval_loss': 1.8938369140028957, 'eval_acc': 0.3463, 'time': 271.2413492202759}
[92mINFO [0m:      
[92mINFO [0m:      [ROUND 34/100]
[92mINFO [0m:      configure_train: Sampled 8 nodes (out of 10)
[92mINFO [0m:      aggregate_train: Received 10 results and 0 failures
[92mINFO [0m:      	└──> Aggregated MetricRecord: {'train_loss': 1.8835650012969973, 'train_time': 6.454809851013124, 'qtty_records': 10}
[92mINFO [0m:      configure_evaluate: Sampled 10 nodes (out of 10)
[92mINFO [0m:      aggregate_evaluate: Received 10 results and 0 failures
[92mINFO [0m:      	└──> Aggregated MetricRecord: {'eval_loss': 1.9051252279430628, 'eval_acc': 0.33559999999999995, 'time': 278.3002767562866}
[92mINFO [0m:      
[92mINFO [0m:      [ROUND 35/100]
[92mINFO [0m:      configure_train: Sampled 10 nodes (out of 10)
[92mINFO [0m:      aggregate_train: Received 8 results and 0 failures
[92mINFO [0m:      	└──> Aggregated MetricRecord: {'train_loss': 1.8724801244735718, 'train_time': 5.4201917357277125, 'qtty_records': 8}
[92mINFO [0m:      configure_evaluate: Sampled 10 nodes (out of 10)
[92mINFO [0m:      aggregate_evaluate: Received 10 results and 0 failures
[92mINFO [0m:      	└──> Aggregated MetricRecord: {'eval_loss': 1.830855231359601, 'eval_acc': 0.3649, 'time': 285.43382954597473}
[92mINFO [0m:      
[92mINFO [0m:      [ROUND 36/100]
[92mINFO [0m:      configure_train: Sampled 8 nodes (out of 10)
[92mINFO [0m:      aggregate_train: Received 10 results and 0 failures
[92mINFO [0m:      	└──> Aggregated MetricRecord: {'train_loss': 1.8644634696006777, 'train_time': 6.464674402028322, 'qtty_records': 10}
[92mINFO [0m:      configure_evaluate: Sampled 10 nodes (out of 10)
[92mINFO [0m:      aggregate_evaluate: Received 10 results and 0 failures
[92mINFO [0m:      	└──> Aggregated MetricRecord: {'eval_loss': 1.8659260369837287, 'eval_acc': 0.35369999999999996, 'time': 292.61586570739746}
[92mINFO [0m:      
[92mINFO [0m:      [ROUND 37/100]
[92mINFO [0m:      configure_train: Sampled 10 nodes (out of 10)
[92mINFO [0m:      aggregate_train: Received 8 results and 0 failures
[92mINFO [0m:      	└──> Aggregated MetricRecord: {'train_loss': 1.8670996812582017, 'train_time': 5.431016938528046, 'qtty_records': 8}
[92mINFO [0m:      configure_evaluate: Sampled 10 nodes (out of 10)
[92mINFO [0m:      aggregate_evaluate: Received 10 results and 0 failures
[92mINFO [0m:      	└──> Aggregated MetricRecord: {'eval_loss': 1.889713093265891, 'eval_acc': 0.344, 'time': 299.7450661659241}
[92mINFO [0m:      
[92mINFO [0m:      [ROUND 38/100]
[92mINFO [0m:      configure_train: Sampled 8 nodes (out of 10)
[92mINFO [0m:      aggregate_train: Received 10 results and 0 failures
[92mINFO [0m:      	└──> Aggregated MetricRecord: {'train_loss': 1.869732790470123, 'train_time': 6.458509659580886, 'qtty_records': 10}
[92mINFO [0m:      configure_evaluate: Sampled 10 nodes (out of 10)
[92mINFO [0m:      aggregate_evaluate: Received 10 results and 0 failures
[92mINFO [0m:      	└──> Aggregated MetricRecord: {'eval_loss': 1.8693697471171615, 'eval_acc': 0.349, 'time': 306.9108045101166}
[92mINFO [0m:      
[92mINFO [0m:      [ROUND 39/100]
[92mINFO [0m:      configure_train: Sampled 10 nodes (out of 10)
[92mINFO [0m:      aggregate_train: Received 8 results and 0 failures
[92mINFO [0m:      	└──> Aggregated MetricRecord: {'train_loss': 1.8625514833927155, 'train_time': 5.441402929020114, 'qtty_records': 8}
[92mINFO [0m:      configure_evaluate: Sampled 10 nodes (out of 10)
[92mINFO [0m:      aggregate_evaluate: Received 10 results and 0 failures
[92mINFO [0m:      	└──> Aggregated MetricRecord: {'eval_loss': 1.851966665312648, 'eval_acc': 0.3529, 'time': 313.94157814979553}
[92mINFO [0m:      
[92mINFO [0m:      [ROUND 40/100]
[92mINFO [0m:      configure_train: Sampled 8 nodes (out of 10)
[92mINFO [0m:      aggregate_train: Received 10 results and 0 failures
[92mINFO [0m:      	└──> Aggregated MetricRecord: {'train_loss': 1.8836729009628295, 'train_time': 6.453625798225403, 'qtty_records': 10}
[92mINFO [0m:      configure_evaluate: Sampled 10 nodes (out of 10)
[92mINFO [0m:      aggregate_evaluate: Received 10 results and 0 failures
[92mINFO [0m:      	└──> Aggregated MetricRecord: {'eval_loss': 1.917292480170727, 'eval_acc': 0.344, 'time': 321.1022307872772}
[92mINFO [0m:      
[92mINFO [0m:      [ROUND 41/100]
[92mINFO [0m:      configure_train: Sampled 10 nodes (out of 10)
[92mINFO [0m:      aggregate_train: Received 8 results and 0 failures
[92mINFO [0m:      	└──> Aggregated MetricRecord: {'train_loss': 1.8744883053302765, 'train_time': 5.432188693783246, 'qtty_records': 8}
[92mINFO [0m:      configure_evaluate: Sampled 10 nodes (out of 10)
[92mINFO [0m:      aggregate_evaluate: Received 10 results and 0 failures
[92mINFO [0m:      	└──> Aggregated MetricRecord: {'eval_loss': 1.8579242002218963, 'eval_acc': 0.3678, 'time': 328.13264775276184}
[92mINFO [0m:      
[92mINFO [0m:      [ROUND 42/100]
[92mINFO [0m:      configure_train: Sampled 8 nodes (out of 10)
[92mINFO [0m:      aggregate_train: Received 10 results and 0 failures
[92mINFO [0m:      	└──> Aggregated MetricRecord: {'train_loss': 1.8804601362228395, 'train_time': 6.452389778103679, 'qtty_records': 10}
[92mINFO [0m:      configure_evaluate: Sampled 10 nodes (out of 10)
[92mINFO [0m:      aggregate_evaluate: Received 10 results and 0 failures
[92mINFO [0m:      	└──> Aggregated MetricRecord: {'eval_loss': 1.9107762265950445, 'eval_acc': 0.3451, 'time': 335.29420804977417}
[92mINFO [0m:      
[92mINFO [0m:      [ROUND 43/100]
[92mINFO [0m:      configure_train: Sampled 10 nodes (out of 10)
[92mINFO [0m:      aggregate_train: Received 8 results and 0 failures
[92mINFO [0m:      	└──> Aggregated MetricRecord: {'train_loss': 1.8647205185890199, 'train_time': 5.438821327406913, 'qtty_records': 8}
[92mINFO [0m:      configure_evaluate: Sampled 10 nodes (out of 10)
[92mINFO [0m:      aggregate_evaluate: Received 10 results and 0 failures
[92mINFO [0m:      	└──> Aggregated MetricRecord: {'eval_loss': 1.8709414497017862, 'eval_acc': 0.34870000000000007, 'time': 342.3249809741974}
[92mINFO [0m:      
[92mINFO [0m:      [ROUND 44/100]
[92mINFO [0m:      configure_train: Sampled 8 nodes (out of 10)
[92mINFO [0m:      aggregate_train: Received 10 results and 0 failures
[92mINFO [0m:      	└──> Aggregated MetricRecord: {'train_loss': 1.8626441093444823, 'train_time': 6.458786201663315, 'qtty_records': 10}
[92mINFO [0m:      configure_evaluate: Sampled 10 nodes (out of 10)
[92mINFO [0m:      aggregate_evaluate: Received 10 results and 0 failures
[92mINFO [0m:      	└──> Aggregated MetricRecord: {'eval_loss': 1.883616591617465, 'eval_acc': 0.35450000000000004, 'time': 349.4858901500702}
[92mINFO [0m:      
[92mINFO [0m:      [ROUND 45/100]
[92mINFO [0m:      configure_train: Sampled 10 nodes (out of 10)
[92mINFO [0m:      aggregate_train: Received 8 results and 0 failures
[92mINFO [0m:      	└──> Aggregated MetricRecord: {'train_loss': 1.8695300537347794, 'train_time': 5.421932537690736, 'qtty_records': 8}
[92mINFO [0m:      configure_evaluate: Sampled 10 nodes (out of 10)
[92mINFO [0m:      aggregate_evaluate: Received 10 results and 0 failures
[92mINFO [0m:      	└──> Aggregated MetricRecord: {'eval_loss': 1.9229614339768888, 'eval_acc': 0.3321, 'time': 356.5148916244507}
[92mINFO [0m:      
[92mINFO [0m:      [ROUND 46/100]
[92mINFO [0m:      configure_train: Sampled 8 nodes (out of 10)
[92mINFO [0m:      aggregate_train: Received 10 results and 0 failures
[92mINFO [0m:      	└──> Aggregated MetricRecord: {'train_loss': 1.858934073162079, 'train_time': 6.466425177175552, 'qtty_records': 10}
[92mINFO [0m:      configure_evaluate: Sampled 10 nodes (out of 10)
[92mINFO [0m:      aggregate_evaluate: Received 10 results and 0 failures
[92mINFO [0m:      	└──> Aggregated MetricRecord: {'eval_loss': 1.806492789462209, 'eval_acc': 0.3854000000000001, 'time': 363.67678475379944}
[92mINFO [0m:      
[92mINFO [0m:      [ROUND 47/100]
[92mINFO [0m:      configure_train: Sampled 10 nodes (out of 10)
[92mINFO [0m:      aggregate_train: Received 8 results and 0 failures
[92mINFO [0m:      	└──> Aggregated MetricRecord: {'train_loss': 1.8467632641792298, 'train_time': 5.44301657914184, 'qtty_records': 8}
[92mINFO [0m:      configure_evaluate: Sampled 10 nodes (out of 10)
[92mINFO [0m:      aggregate_evaluate: Received 10 results and 0 failures
[92mINFO [0m:      	└──> Aggregated MetricRecord: {'eval_loss': 1.82592116817832, 'eval_acc': 0.3581, 'time': 370.81317138671875}
[92mINFO [0m:      
[92mINFO [0m:      [ROUND 48/100]
[92mINFO [0m:      configure_train: Sampled 8 nodes (out of 10)
[92mINFO [0m:      aggregate_train: Received 10 results and 0 failures
[92mINFO [0m:      	└──> Aggregated MetricRecord: {'train_loss': 1.8617161520957952, 'train_time': 6.450280075799673, 'qtty_records': 10}
[92mINFO [0m:      configure_evaluate: Sampled 10 nodes (out of 10)
[92mINFO [0m:      aggregate_evaluate: Received 10 results and 0 failures
[92mINFO [0m:      	└──> Aggregated MetricRecord: {'eval_loss': 1.9080395549535754, 'eval_acc': 0.33870000000000006, 'time': 377.87225437164307}
[92mINFO [0m:      
[92mINFO [0m:      [ROUND 49/100]
[92mINFO [0m:      configure_train: Sampled 10 nodes (out of 10)
[92mINFO [0m:      aggregate_train: Received 8 results and 0 failures
[92mINFO [0m:      	└──> Aggregated MetricRecord: {'train_loss': 1.8676560039520265, 'train_time': 5.404162056860514, 'qtty_records': 8}
[92mINFO [0m:      configure_evaluate: Sampled 10 nodes (out of 10)
[92mINFO [0m:      aggregate_evaluate: Received 10 results and 0 failures
[92mINFO [0m:      	└──> Aggregated MetricRecord: {'eval_loss': 1.840314466506243, 'eval_acc': 0.3754, 'time': 385.00185203552246}
[92mINFO [0m:      
[92mINFO [0m:      [ROUND 50/100]
[92mINFO [0m:      configure_train: Sampled 8 nodes (out of 10)
[92mINFO [0m:      aggregate_train: Received 10 results and 0 failures
[92mINFO [0m:      	└──> Aggregated MetricRecord: {'train_loss': 1.8683133857727052, 'train_time': 6.447707478236407, 'qtty_records': 10}
[92mINFO [0m:      configure_evaluate: Sampled 10 nodes (out of 10)
[92mINFO [0m:      aggregate_evaluate: Received 10 results and 0 failures
[92mINFO [0m:      	└──> Aggregated MetricRecord: {'eval_loss': 1.8346620026975873, 'eval_acc': 0.3648, 'time': 392.16526889801025}
[92mINFO [0m:      
[92mINFO [0m:      [ROUND 51/100]
[92mINFO [0m:      configure_train: Sampled 10 nodes (out of 10)
[92mINFO [0m:      aggregate_train: Received 8 results and 0 failures
[92mINFO [0m:      	└──> Aggregated MetricRecord: {'train_loss': 1.8603947551250457, 'train_time': 5.438657248741947, 'qtty_records': 8}
[92mINFO [0m:      configure_evaluate: Sampled 10 nodes (out of 10)
[92mINFO [0m:      aggregate_evaluate: Received 10 results and 0 failures
[92mINFO [0m:      	└──> Aggregated MetricRecord: {'eval_loss': 1.8888157535344363, 'eval_acc': 0.34940000000000004, 'time': 399.2962691783905}
[92mINFO [0m:      
[92mINFO [0m:      [ROUND 52/100]
[92mINFO [0m:      configure_train: Sampled 8 nodes (out of 10)
[92mINFO [0m:      aggregate_train: Received 10 results and 0 failures
[92mINFO [0m:      	└──> Aggregated MetricRecord: {'train_loss': 1.8725833621978762, 'train_time': 6.438081127312034, 'qtty_records': 10}
[92mINFO [0m:      configure_evaluate: Sampled 10 nodes (out of 10)
[92mINFO [0m:      aggregate_evaluate: Received 10 results and 0 failures
[92mINFO [0m:      	└──> Aggregated MetricRecord: {'eval_loss': 1.8609880741685632, 'eval_acc': 0.3695, 'time': 406.3536887168884}
[92mINFO [0m:      
[92mINFO [0m:      [ROUND 53/100]
[92mINFO [0m:      configure_train: Sampled 10 nodes (out of 10)
[92mINFO [0m:      aggregate_train: Received 8 results and 0 failures
[92mINFO [0m:      	└──> Aggregated MetricRecord: {'train_loss': 1.838657261490822, 'train_time': 5.411440845695324, 'qtty_records': 8}
[92mINFO [0m:      configure_evaluate: Sampled 10 nodes (out of 10)
[92mINFO [0m:      aggregate_evaluate: Received 10 results and 0 failures
[92mINFO [0m:      	└──> Aggregated MetricRecord: {'eval_loss': 1.8511476516723635, 'eval_acc': 0.3524, 'time': 413.48556637763977}
[92mINFO [0m:      
[92mINFO [0m:      [ROUND 54/100]
[92mINFO [0m:      configure_train: Sampled 8 nodes (out of 10)
[92mINFO [0m:      aggregate_train: Received 10 results and 0 failures
[92mINFO [0m:      	└──> Aggregated MetricRecord: {'train_loss': 1.8527637548446658, 'train_time': 6.4461535039357845, 'qtty_records': 10}
[92mINFO [0m:      configure_evaluate: Sampled 10 nodes (out of 10)
[92mINFO [0m:      aggregate_evaluate: Received 10 results and 0 failures
[92mINFO [0m:      	└──> Aggregated MetricRecord: {'eval_loss': 1.8482004880905152, 'eval_acc': 0.3733, 'time': 420.546498298645}
[92mINFO [0m:      
[92mINFO [0m:      [ROUND 55/100]
[92mINFO [0m:      configure_train: Sampled 10 nodes (out of 10)
[92mINFO [0m:      aggregate_train: Received 8 results and 0 failures
[92mINFO [0m:      	└──> Aggregated MetricRecord: {'train_loss': 1.841157051205635, 'train_time': 5.43118147412315, 'qtty_records': 8}
[92mINFO [0m:      configure_evaluate: Sampled 10 nodes (out of 10)
[92mINFO [0m:      aggregate_evaluate: Received 10 results and 0 failures
[92mINFO [0m:      	└──> Aggregated MetricRecord: {'eval_loss': 1.8317777607589962, 'eval_acc': 0.3743, 'time': 427.6767942905426}
[92mINFO [0m:      
[92mINFO [0m:      [ROUND 56/100]
[92mINFO [0m:      configure_train: Sampled 8 nodes (out of 10)
[92mINFO [0m:      aggregate_train: Received 10 results and 0 failures
[92mINFO [0m:      	└──> Aggregated MetricRecord: {'train_loss': 1.860169732952118, 'train_time': 6.461208165343851, 'qtty_records': 10}
[92mINFO [0m:      configure_evaluate: Sampled 10 nodes (out of 10)
[92mINFO [0m:      aggregate_evaluate: Received 10 results and 0 failures
[92mINFO [0m:      	└──> Aggregated MetricRecord: {'eval_loss': 1.8459814716130494, 'eval_acc': 0.3713000000000001, 'time': 434.85285806655884}
[92mINFO [0m:      
[92mINFO [0m:      [ROUND 57/100]
[92mINFO [0m:      configure_train: Sampled 10 nodes (out of 10)
[92mINFO [0m:      aggregate_train: Received 8 results and 0 failures
[92mINFO [0m:      	└──> Aggregated MetricRecord: {'train_loss': 1.8420800474882129, 'train_time': 5.420464114402421, 'qtty_records': 8}
[92mINFO [0m:      configure_evaluate: Sampled 10 nodes (out of 10)
[92mINFO [0m:      aggregate_evaluate: Received 10 results and 0 failures
[92mINFO [0m:      	└──> Aggregated MetricRecord: {'eval_loss': 1.825688148662448, 'eval_acc': 0.3783000000000001, 'time': 441.9845826625824}
[92mINFO [0m:      
[92mINFO [0m:      [ROUND 58/100]
[92mINFO [0m:      configure_train: Sampled 8 nodes (out of 10)
[92mINFO [0m:      aggregate_train: Received 10 results and 0 failures
[92mINFO [0m:      	└──> Aggregated MetricRecord: {'train_loss': 1.8458054614067079, 'train_time': 6.459640649799257, 'qtty_records': 10}
[92mINFO [0m:      configure_evaluate: Sampled 10 nodes (out of 10)
[92mINFO [0m:      aggregate_evaluate: Received 10 results and 0 failures
[92mINFO [0m:      	└──> Aggregated MetricRecord: {'eval_loss': 1.854142462089658, 'eval_acc': 0.3633, 'time': 449.14359307289124}
[92mINFO [0m:      
[92mINFO [0m:      [ROUND 59/100]
[92mINFO [0m:      configure_train: Sampled 10 nodes (out of 10)
[92mINFO [0m:      aggregate_train: Received 8 results and 0 failures
[92mINFO [0m:      	└──> Aggregated MetricRecord: {'train_loss': 1.8668592762947085, 'train_time': 5.420668396400288, 'qtty_records': 8}
[92mINFO [0m:      configure_evaluate: Sampled 10 nodes (out of 10)
[92mINFO [0m:      aggregate_evaluate: Received 10 results and 0 failures
[92mINFO [0m:      	└──> Aggregated MetricRecord: {'eval_loss': 1.9151020850986242, 'eval_acc': 0.33780000000000004, 'time': 456.27745389938354}
[92mINFO [0m:      
[92mINFO [0m:      [ROUND 60/100]
[92mINFO [0m:      configure_train: Sampled 8 nodes (out of 10)
[92mINFO [0m:      aggregate_train: Received 10 results and 0 failures
[92mINFO [0m:      	└──> Aggregated MetricRecord: {'train_loss': 1.8497604018211364, 'train_time': 6.438204228598624, 'qtty_records': 10}
[92mINFO [0m:      configure_evaluate: Sampled 10 nodes (out of 10)
[92mINFO [0m:      aggregate_evaluate: Received 10 results and 0 failures
[92mINFO [0m:      	└──> Aggregated MetricRecord: {'eval_loss': 1.8798571702092888, 'eval_acc': 0.3567, 'time': 463.44410490989685}
[92mINFO [0m:      
[92mINFO [0m:      [ROUND 61/100]
[92mINFO [0m:      configure_train: Sampled 10 nodes (out of 10)
[92mINFO [0m:      aggregate_train: Received 8 results and 0 failures
[92mINFO [0m:      	└──> Aggregated MetricRecord: {'train_loss': 1.8383073939085006, 'train_time': 5.4463989965151995, 'qtty_records': 8}
[92mINFO [0m:      configure_evaluate: Sampled 10 nodes (out of 10)
[92mINFO [0m:      aggregate_evaluate: Received 10 results and 0 failures
[92mINFO [0m:      	└──> Aggregated MetricRecord: {'eval_loss': 1.821209501102567, 'eval_acc': 0.3779, 'time': 470.4774775505066}
[92mINFO [0m:      
[92mINFO [0m:      [ROUND 62/100]
[92mINFO [0m:      configure_train: Sampled 8 nodes (out of 10)
[92mINFO [0m:      aggregate_train: Received 10 results and 0 failures
[92mINFO [0m:      	└──> Aggregated MetricRecord: {'train_loss': 1.8402520137786866, 'train_time': 6.465909681934863, 'qtty_records': 10}
[92mINFO [0m:      configure_evaluate: Sampled 10 nodes (out of 10)
[92mINFO [0m:      aggregate_evaluate: Received 10 results and 0 failures
[92mINFO [0m:      	└──> Aggregated MetricRecord: {'eval_loss': 1.8409142632037403, 'eval_acc': 0.3649, 'time': 477.6392912864685}
[92mINFO [0m:      
[92mINFO [0m:      [ROUND 63/100]
[92mINFO [0m:      configure_train: Sampled 10 nodes (out of 10)
[92mINFO [0m:      aggregate_train: Received 8 results and 0 failures
[92mINFO [0m:      	└──> Aggregated MetricRecord: {'train_loss': 1.8372570868730544, 'train_time': 5.440593063714914, 'qtty_records': 8}
[92mINFO [0m:      configure_evaluate: Sampled 10 nodes (out of 10)
[92mINFO [0m:      aggregate_evaluate: Received 10 results and 0 failures
[92mINFO [0m:      	└──> Aggregated MetricRecord: {'eval_loss': 1.8611035779118539, 'eval_acc': 0.36450000000000005, 'time': 484.66962790489197}
[92mINFO [0m:      
[92mINFO [0m:      [ROUND 64/100]
[92mINFO [0m:      configure_train: Sampled 8 nodes (out of 10)
[92mINFO [0m:      aggregate_train: Received 10 results and 0 failures
[92mINFO [0m:      	└──> Aggregated MetricRecord: {'train_loss': 1.874801909828186, 'train_time': 6.450603869184851, 'qtty_records': 10}
[92mINFO [0m:      configure_evaluate: Sampled 10 nodes (out of 10)
[92mINFO [0m:      aggregate_evaluate: Received 10 results and 0 failures
[92mINFO [0m:      	└──> Aggregated MetricRecord: {'eval_loss': 1.8968440584838393, 'eval_acc': 0.35090000000000005, 'time': 491.8145999908447}
[92mINFO [0m:      
[92mINFO [0m:      [ROUND 65/100]
[92mINFO [0m:      configure_train: Sampled 10 nodes (out of 10)
[92mINFO [0m:      aggregate_train: Received 8 results and 0 failures
[92mINFO [0m:      	└──> Aggregated MetricRecord: {'train_loss': 1.8510034971237181, 'train_time': 5.439358782139607, 'qtty_records': 8}
[92mINFO [0m:      configure_evaluate: Sampled 10 nodes (out of 10)
[92mINFO [0m:      aggregate_evaluate: Received 10 results and 0 failures
[92mINFO [0m:      	└──> Aggregated MetricRecord: {'eval_loss': 1.8281223561614752, 'eval_acc': 0.3737, 'time': 498.8470358848572}
[92mINFO [0m:      
[92mINFO [0m:      [ROUND 66/100]
[92mINFO [0m:      configure_train: Sampled 8 nodes (out of 10)
[92mINFO [0m:      aggregate_train: Received 10 results and 0 failures
[92mINFO [0m:      	└──> Aggregated MetricRecord: {'train_loss': 1.8616529340744021, 'train_time': 6.449314571730793, 'qtty_records': 10}
[92mINFO [0m:      configure_evaluate: Sampled 10 nodes (out of 10)
[92mINFO [0m:      aggregate_evaluate: Received 10 results and 0 failures
[92mINFO [0m:      	└──> Aggregated MetricRecord: {'eval_loss': 1.8516861740499737, 'eval_acc': 0.37870000000000004, 'time': 506.00824785232544}
[92mINFO [0m:      
[92mINFO [0m:      [ROUND 67/100]
[92mINFO [0m:      configure_train: Sampled 10 nodes (out of 10)
[92mINFO [0m:      aggregate_train: Received 8 results and 0 failures
[92mINFO [0m:      	└──> Aggregated MetricRecord: {'train_loss': 1.8411603261232377, 'train_time': 5.410790817113593, 'qtty_records': 8}
[92mINFO [0m:      configure_evaluate: Sampled 10 nodes (out of 10)
[92mINFO [0m:      aggregate_evaluate: Received 10 results and 0 failures
[92mINFO [0m:      	└──> Aggregated MetricRecord: {'eval_loss': 1.8484451316297057, 'eval_acc': 0.3786, 'time': 513.0386626720428}
[92mINFO [0m:      
[92mINFO [0m:      [ROUND 68/100]
[92mINFO [0m:      configure_train: Sampled 8 nodes (out of 10)
[92mINFO [0m:      aggregate_train: Received 10 results and 0 failures
[92mINFO [0m:      	└──> Aggregated MetricRecord: {'train_loss': 1.8539865755081177, 'train_time': 6.441868571564555, 'qtty_records': 10}
[92mINFO [0m:      configure_evaluate: Sampled 10 nodes (out of 10)
[92mINFO [0m:      aggregate_evaluate: Received 10 results and 0 failures
[92mINFO [0m:      	└──> Aggregated MetricRecord: {'eval_loss': 1.883368482068181, 'eval_acc': 0.3434, 'time': 520.1841695308685}
[92mINFO [0m:      
[92mINFO [0m:      [ROUND 69/100]
[92mINFO [0m:      configure_train: Sampled 10 nodes (out of 10)
[92mINFO [0m:      aggregate_train: Received 8 results and 0 failures
[92mINFO [0m:      	└──> Aggregated MetricRecord: {'train_loss': 1.8479005776643753, 'train_time': 5.427149551687762, 'qtty_records': 8}
[92mINFO [0m:      configure_evaluate: Sampled 10 nodes (out of 10)
[92mINFO [0m:      aggregate_evaluate: Received 10 results and 0 failures
[92mINFO [0m:      	└──> Aggregated MetricRecord: {'eval_loss': 1.8489708684384822, 'eval_acc': 0.3589, 'time': 527.3142690658569}
[92mINFO [0m:      
[92mINFO [0m:      [ROUND 70/100]
[92mINFO [0m:      configure_train: Sampled 8 nodes (out of 10)
[92mINFO [0m:      aggregate_train: Received 10 results and 0 failures
[92mINFO [0m:      	└──> Aggregated MetricRecord: {'train_loss': 1.8442556530952454, 'train_time': 6.45911231180653, 'qtty_records': 10}
[92mINFO [0m:      configure_evaluate: Sampled 10 nodes (out of 10)
[92mINFO [0m:      aggregate_evaluate: Received 10 results and 0 failures
[92mINFO [0m:      	└──> Aggregated MetricRecord: {'eval_loss': 1.829322473332286, 'eval_acc': 0.3705, 'time': 534.4574866294861}
[92mINFO [0m:      
[92mINFO [0m:      [ROUND 71/100]
[92mINFO [0m:      configure_train: Sampled 10 nodes (out of 10)
[92mINFO [0m:      aggregate_train: Received 8 results and 0 failures
[92mINFO [0m:      	└──> Aggregated MetricRecord: {'train_loss': 1.8299829428195953, 'train_time': 5.436559371999465, 'qtty_records': 8}
[92mINFO [0m:      configure_evaluate: Sampled 10 nodes (out of 10)
[92mINFO [0m:      aggregate_evaluate: Received 10 results and 0 failures
[92mINFO [0m:      	└──> Aggregated MetricRecord: {'eval_loss': 1.8642826762050388, 'eval_acc': 0.36350000000000005, 'time': 541.6109282970428}
[92mINFO [0m:      
[92mINFO [0m:      [ROUND 72/100]
[92mINFO [0m:      configure_train: Sampled 8 nodes (out of 10)
[92mINFO [0m:      aggregate_train: Received 10 results and 0 failures
[92mINFO [0m:      	└──> Aggregated MetricRecord: {'train_loss': 1.856117218208313, 'train_time': 6.449111396819353, 'qtty_records': 10}
[92mINFO [0m:      configure_evaluate: Sampled 10 nodes (out of 10)
[92mINFO [0m:      aggregate_evaluate: Received 10 results and 0 failures
[92mINFO [0m:      	└──> Aggregated MetricRecord: {'eval_loss': 1.8635217424482107, 'eval_acc': 0.36460000000000004, 'time': 548.7734169960022}
[92mINFO [0m:      
[92mINFO [0m:      [ROUND 73/100]
[92mINFO [0m:      configure_train: Sampled 10 nodes (out of 10)
[92mINFO [0m:      aggregate_train: Received 8 results and 0 failures
[92mINFO [0m:      	└──> Aggregated MetricRecord: {'train_loss': 1.8390263191461562, 'train_time': 5.427495670155622, 'qtty_records': 8}
[92mINFO [0m:      configure_evaluate: Sampled 10 nodes (out of 10)
[92mINFO [0m:      aggregate_evaluate: Received 10 results and 0 failures
[92mINFO [0m:      	└──> Aggregated MetricRecord: {'eval_loss': 1.8509749051183464, 'eval_acc': 0.3609, 'time': 555.8037414550781}
[92mINFO [0m:      
[92mINFO [0m:      [ROUND 74/100]
[92mINFO [0m:      configure_train: Sampled 8 nodes (out of 10)
[92mINFO [0m:      aggregate_train: Received 10 results and 0 failures
[92mINFO [0m:      	└──> Aggregated MetricRecord: {'train_loss': 1.8580557706832888, 'train_time': 6.473310192022472, 'qtty_records': 10}
[92mINFO [0m:      configure_evaluate: Sampled 10 nodes (out of 10)
[92mINFO [0m:      aggregate_evaluate: Received 10 results and 0 failures
[92mINFO [0m:      	└──> Aggregated MetricRecord: {'eval_loss': 1.8666312601417305, 'eval_acc': 0.36150000000000004, 'time': 562.9660704135895}
[92mINFO [0m:      
[92mINFO [0m:      [ROUND 75/100]
[92mINFO [0m:      configure_train: Sampled 10 nodes (out of 10)
[92mINFO [0m:      aggregate_train: Received 8 results and 0 failures
[92mINFO [0m:      	└──> Aggregated MetricRecord: {'train_loss': 1.8419634271860121, 'train_time': 5.427153402240947, 'qtty_records': 8}
[92mINFO [0m:      configure_evaluate: Sampled 10 nodes (out of 10)
[92mINFO [0m:      aggregate_evaluate: Received 10 results and 0 failures
[92mINFO [0m:      	└──> Aggregated MetricRecord: {'eval_loss': 1.871776270121336, 'eval_acc': 0.35689999999999994, 'time': 569.9951190948486}
[92mINFO [0m:      
[92mINFO [0m:      [ROUND 76/100]
[92mINFO [0m:      configure_train: Sampled 8 nodes (out of 10)
[92mINFO [0m:      aggregate_train: Received 10 results and 0 failures
[92mINFO [0m:      	└──> Aggregated MetricRecord: {'train_loss': 1.838014466762543, 'train_time': 6.443629161827266, 'qtty_records': 10}
[92mINFO [0m:      configure_evaluate: Sampled 10 nodes (out of 10)
[92mINFO [0m:      aggregate_evaluate: Received 10 results and 0 failures
[92mINFO [0m:      	└──> Aggregated MetricRecord: {'eval_loss': 1.8532106064260008, 'eval_acc': 0.3604, 'time': 577.1588881015778}
[92mINFO [0m:      
[92mINFO [0m:      [ROUND 77/100]
[92mINFO [0m:      configure_train: Sampled 10 nodes (out of 10)
[92mINFO [0m:      aggregate_train: Received 8 results and 0 failures
[92mINFO [0m:      	└──> Aggregated MetricRecord: {'train_loss': 1.8525178934335709, 'train_time': 5.419090123148635, 'qtty_records': 8}
[92mINFO [0m:      configure_evaluate: Sampled 10 nodes (out of 10)
[92mINFO [0m:      aggregate_evaluate: Received 10 results and 0 failures
[92mINFO [0m:      	└──> Aggregated MetricRecord: {'eval_loss': 1.8996524192392827, 'eval_acc': 0.349, 'time': 584.188859462738}
[92mINFO [0m:      
[92mINFO [0m:      [ROUND 78/100]
[92mINFO [0m:      configure_train: Sampled 8 nodes (out of 10)
[92mINFO [0m:      aggregate_train: Received 10 results and 0 failures
[92mINFO [0m:      	└──> Aggregated MetricRecord: {'train_loss': 1.862448656177521, 'train_time': 6.448603997752071, 'qtty_records': 10}
[92mINFO [0m:      configure_evaluate: Sampled 10 nodes (out of 10)
[92mINFO [0m:      aggregate_evaluate: Received 10 results and 0 failures
[92mINFO [0m:      	└──> Aggregated MetricRecord: {'eval_loss': 1.8432383246719841, 'eval_acc': 0.36800000000000005, 'time': 591.3492572307587}
[92mINFO [0m:      
[92mINFO [0m:      [ROUND 79/100]
[92mINFO [0m:      configure_train: Sampled 10 nodes (out of 10)
[92mINFO [0m:      aggregate_train: Received 8 results and 0 failures
[92mINFO [0m:      	└──> Aggregated MetricRecord: {'train_loss': 1.8372592750787735, 'train_time': 5.401899092714302, 'qtty_records': 8}
[92mINFO [0m:      configure_evaluate: Sampled 10 nodes (out of 10)
[92mINFO [0m:      aggregate_evaluate: Received 10 results and 0 failures
[92mINFO [0m:      	└──> Aggregated MetricRecord: {'eval_loss': 1.857415143400431, 'eval_acc': 0.3654, 'time': 598.3792057037354}
[92mINFO [0m:      
[92mINFO [0m:      [ROUND 80/100]
[92mINFO [0m:      configure_train: Sampled 8 nodes (out of 10)
[92mINFO [0m:      aggregate_train: Received 10 results and 0 failures
[92mINFO [0m:      	└──> Aggregated MetricRecord: {'train_loss': 1.8742958375930785, 'train_time': 6.441316650807858, 'qtty_records': 10}
[92mINFO [0m:      configure_evaluate: Sampled 10 nodes (out of 10)
[92mINFO [0m:      aggregate_evaluate: Received 10 results and 0 failures
[92mINFO [0m:      	└──> Aggregated MetricRecord: {'eval_loss': 1.8681722834706307, 'eval_acc': 0.3596, 'time': 605.4392783641815}
[92mINFO [0m:      
[92mINFO [0m:      [ROUND 81/100]
[92mINFO [0m:      configure_train: Sampled 10 nodes (out of 10)
[92mINFO [0m:      aggregate_train: Received 8 results and 0 failures
[92mINFO [0m:      	└──> Aggregated MetricRecord: {'train_loss': 1.8304292526245118, 'train_time': 5.421426068525761, 'qtty_records': 8}
[92mINFO [0m:      configure_evaluate: Sampled 10 nodes (out of 10)
[92mINFO [0m:      aggregate_evaluate: Received 10 results and 0 failures
[92mINFO [0m:      	└──> Aggregated MetricRecord: {'eval_loss': 1.856514156982303, 'eval_acc': 0.3603, 'time': 612.4682126045227}
[92mINFO [0m:      
[92mINFO [0m:      [ROUND 82/100]
[92mINFO [0m:      configure_train: Sampled 8 nodes (out of 10)
[92mINFO [0m:      aggregate_train: Received 10 results and 0 failures
[92mINFO [0m:      	└──> Aggregated MetricRecord: {'train_loss': 1.8545223670959476, 'train_time': 6.432556637283414, 'qtty_records': 10}
[92mINFO [0m:      configure_evaluate: Sampled 10 nodes (out of 10)
[92mINFO [0m:      aggregate_evaluate: Received 10 results and 0 failures
[92mINFO [0m:      	└──> Aggregated MetricRecord: {'eval_loss': 1.8636977173388005, 'eval_acc': 0.37100000000000005, 'time': 619.6024708747864}
[92mINFO [0m:      
[92mINFO [0m:      [ROUND 83/100]
[92mINFO [0m:      configure_train: Sampled 10 nodes (out of 10)
[92mINFO [0m:      aggregate_train: Received 8 results and 0 failures
[92mINFO [0m:      	└──> Aggregated MetricRecord: {'train_loss': 1.8728574153184891, 'train_time': 5.431969245313667, 'qtty_records': 8}
[92mINFO [0m:      configure_evaluate: Sampled 10 nodes (out of 10)
[92mINFO [0m:      aggregate_evaluate: Received 10 results and 0 failures
[92mINFO [0m:      	└──> Aggregated MetricRecord: {'eval_loss': 1.878754056617618, 'eval_acc': 0.3611, 'time': 626.6322133541107}
[92mINFO [0m:      
[92mINFO [0m:      [ROUND 84/100]
[92mINFO [0m:      configure_train: Sampled 8 nodes (out of 10)
[92mINFO [0m:      aggregate_train: Received 10 results and 0 failures
[92mINFO [0m:      	└──> Aggregated MetricRecord: {'train_loss': 1.8611158905029297, 'train_time': 6.437597319856286, 'qtty_records': 10}
[92mINFO [0m:      configure_evaluate: Sampled 10 nodes (out of 10)
[92mINFO [0m:      aggregate_evaluate: Received 10 results and 0 failures
[92mINFO [0m:      	└──> Aggregated MetricRecord: {'eval_loss': 1.8491209611296655, 'eval_acc': 0.3784, 'time': 633.7920045852661}
[92mINFO [0m:      
[92mINFO [0m:      [ROUND 85/100]
[92mINFO [0m:      configure_train: Sampled 10 nodes (out of 10)
[92mINFO [0m:      aggregate_train: Received 8 results and 0 failures
[92mINFO [0m:      	└──> Aggregated MetricRecord: {'train_loss': 1.8351723266243936, 'train_time': 5.4261166114592925, 'qtty_records': 8}
[92mINFO [0m:      configure_evaluate: Sampled 10 nodes (out of 10)
[92mINFO [0m:      aggregate_evaluate: Received 10 results and 0 failures
[92mINFO [0m:      	└──> Aggregated MetricRecord: {'eval_loss': 1.8077869385480883, 'eval_acc': 0.3753, 'time': 640.8250706195831}
[92mINFO [0m:      
[92mINFO [0m:      [ROUND 86/100]
[92mINFO [0m:      configure_train: Sampled 8 nodes (out of 10)
[92mINFO [0m:      aggregate_train: Received 10 results and 0 failures
[92mINFO [0m:      	└──> Aggregated MetricRecord: {'train_loss': 1.8854757687568666, 'train_time': 6.445850436761975, 'qtty_records': 10}
[92mINFO [0m:      configure_evaluate: Sampled 10 nodes (out of 10)
[92mINFO [0m:      aggregate_evaluate: Received 10 results and 0 failures
[92mINFO [0m:      	└──> Aggregated MetricRecord: {'eval_loss': 1.897097282111645, 'eval_acc': 0.3607, 'time': 647.9859917163849}
[92mINFO [0m:      
[92mINFO [0m:      [ROUND 87/100]
[92mINFO [0m:      configure_train: Sampled 10 nodes (out of 10)
[92mINFO [0m:      aggregate_train: Received 8 results and 0 failures
[92mINFO [0m:      	└──> Aggregated MetricRecord: {'train_loss': 1.833389643549919, 'train_time': 5.413964751176536, 'qtty_records': 8}
[92mINFO [0m:      configure_evaluate: Sampled 10 nodes (out of 10)
[92mINFO [0m:      aggregate_evaluate: Received 10 results and 0 failures
[92mINFO [0m:      	└──> Aggregated MetricRecord: {'eval_loss': 1.8231517698615791, 'eval_acc': 0.37440000000000007, 'time': 655.0150535106659}
[92mINFO [0m:      
[92mINFO [0m:      [ROUND 88/100]
[92mINFO [0m:      configure_train: Sampled 8 nodes (out of 10)
[92mINFO [0m:      aggregate_train: Received 10 results and 0 failures
[92mINFO [0m:      	└──> Aggregated MetricRecord: {'train_loss': 1.8491078817367552, 'train_time': 6.429589670430869, 'qtty_records': 10}
[92mINFO [0m:      configure_evaluate: Sampled 10 nodes (out of 10)
[92mINFO [0m:      aggregate_evaluate: Received 10 results and 0 failures
[92mINFO [0m:      	└──> Aggregated MetricRecord: {'eval_loss': 1.8718787625432016, 'eval_acc': 0.3458, 'time': 662.1747210025787}
[92mINFO [0m:      
[92mINFO [0m:      [ROUND 89/100]
[92mINFO [0m:      configure_train: Sampled 10 nodes (out of 10)
[92mINFO [0m:      aggregate_train: Received 8 results and 0 failures
[92mINFO [0m:      	└──> Aggregated MetricRecord: {'train_loss': 1.8501789058446885, 'train_time': 5.415082277962938, 'qtty_records': 8}
[92mINFO [0m:      configure_evaluate: Sampled 10 nodes (out of 10)
[92mINFO [0m:      aggregate_evaluate: Received 10 results and 0 failures
[92mINFO [0m:      	└──> Aggregated MetricRecord: {'eval_loss': 1.9255884520709514, 'eval_acc': 0.3298, 'time': 669.2040405273438}
[92mINFO [0m:      
[92mINFO [0m:      [ROUND 90/100]
[92mINFO [0m:      configure_train: Sampled 8 nodes (out of 10)
[92mINFO [0m:      aggregate_train: Received 10 results and 0 failures
[92mINFO [0m:      	└──> Aggregated MetricRecord: {'train_loss': 1.8725495205879212, 'train_time': 6.45698259472847, 'qtty_records': 10}
[92mINFO [0m:      configure_evaluate: Sampled 10 nodes (out of 10)
[92mINFO [0m:      aggregate_evaluate: Received 10 results and 0 failures
[92mINFO [0m:      	└──> Aggregated MetricRecord: {'eval_loss': 1.8725543685257438, 'eval_acc': 0.3606, 'time': 676.2693552970886}
[92mINFO [0m:      
[92mINFO [0m:      [ROUND 91/100]
[92mINFO [0m:      configure_train: Sampled 10 nodes (out of 10)
[92mINFO [0m:      aggregate_train: Received 8 results and 0 failures
[92mINFO [0m:      	└──> Aggregated MetricRecord: {'train_loss': 1.845102129817009, 'train_time': 5.42187125410419, 'qtty_records': 8}
[92mINFO [0m:      configure_evaluate: Sampled 10 nodes (out of 10)
[92mINFO [0m:      aggregate_evaluate: Received 10 results and 0 failures
[92mINFO [0m:      	└──> Aggregated MetricRecord: {'eval_loss': 1.8553870040923357, 'eval_acc': 0.35640000000000005, 'time': 683.4067342281342}
[92mINFO [0m:      
[92mINFO [0m:      [ROUND 92/100]
[92mINFO [0m:      configure_train: Sampled 8 nodes (out of 10)
[92mINFO [0m:      aggregate_train: Received 10 results and 0 failures
[92mINFO [0m:      	└──> Aggregated MetricRecord: {'train_loss': 1.864983752822876, 'train_time': 6.448745172750205, 'qtty_records': 10}
[92mINFO [0m:      configure_evaluate: Sampled 10 nodes (out of 10)
[92mINFO [0m:      aggregate_evaluate: Received 10 results and 0 failures
[92mINFO [0m:      	└──> Aggregated MetricRecord: {'eval_loss': 1.8824752151966095, 'eval_acc': 0.3452, 'time': 690.4712190628052}
[92mINFO [0m:      
[92mINFO [0m:      [ROUND 93/100]
[92mINFO [0m:      configure_train: Sampled 10 nodes (out of 10)
[92mINFO [0m:      aggregate_train: Received 8 results and 0 failures
[92mINFO [0m:      	└──> Aggregated MetricRecord: {'train_loss': 1.8561892051696778, 'train_time': 5.414526741369627, 'qtty_records': 8}
[92mINFO [0m:      configure_evaluate: Sampled 10 nodes (out of 10)
[92mINFO [0m:      aggregate_evaluate: Received 10 results and 0 failures
[92mINFO [0m:      	└──> Aggregated MetricRecord: {'eval_loss': 1.8193867348134518, 'eval_acc': 0.37800000000000006, 'time': 697.602198600769}
[92mINFO [0m:      
[92mINFO [0m:      [ROUND 94/100]
[92mINFO [0m:      configure_train: Sampled 8 nodes (out of 10)
[92mINFO [0m:      aggregate_train: Received 10 results and 0 failures
[92mINFO [0m:      	└──> Aggregated MetricRecord: {'train_loss': 1.8634909033775329, 'train_time': 6.436278540734202, 'qtty_records': 10}
[92mINFO [0m:      configure_evaluate: Sampled 10 nodes (out of 10)
[92mINFO [0m:      aggregate_evaluate: Received 10 results and 0 failures
[92mINFO [0m:      	└──> Aggregated MetricRecord: {'eval_loss': 1.8722506441175937, 'eval_acc': 0.3581, 'time': 704.7646863460541}
[92mINFO [0m:      
[92mINFO [0m:      [ROUND 95/100]
[92mINFO [0m:      configure_train: Sampled 10 nodes (out of 10)
[92mINFO [0m:      aggregate_train: Received 8 results and 0 failures
[92mINFO [0m:      	└──> Aggregated MetricRecord: {'train_loss': 1.851866909623146, 'train_time': 5.434075107332319, 'qtty_records': 8}
[92mINFO [0m:      configure_evaluate: Sampled 10 nodes (out of 10)
[92mINFO [0m:      aggregate_evaluate: Received 10 results and 0 failures
[92mINFO [0m:      	└──> Aggregated MetricRecord: {'eval_loss': 1.8138049565255645, 'eval_acc': 0.3758, 'time': 711.8968727588654}
[92mINFO [0m:      
[92mINFO [0m:      [ROUND 96/100]
[92mINFO [0m:      configure_train: Sampled 8 nodes (out of 10)
[92mINFO [0m:      aggregate_train: Received 10 results and 0 failures
[92mINFO [0m:      	└──> Aggregated MetricRecord: {'train_loss': 1.8575718284606935, 'train_time': 6.438686088006944, 'qtty_records': 10}
[92mINFO [0m:      configure_evaluate: Sampled 10 nodes (out of 10)
[92mINFO [0m:      aggregate_evaluate: Received 10 results and 0 failures
[92mINFO [0m:      	└──> Aggregated MetricRecord: {'eval_loss': 1.822260130569339, 'eval_acc': 0.37670000000000003, 'time': 718.9632186889648}
[92mINFO [0m:      
[92mINFO [0m:      [ROUND 97/100]
[92mINFO [0m:      configure_train: Sampled 10 nodes (out of 10)
[92mINFO [0m:      aggregate_train: Received 8 results and 0 failures
[92mINFO [0m:      	└──> Aggregated MetricRecord: {'train_loss': 1.8387727546691897, 'train_time': 5.412790892296471, 'qtty_records': 8}
[92mINFO [0m:      configure_evaluate: Sampled 10 nodes (out of 10)
[92mINFO [0m:      aggregate_evaluate: Received 10 results and 0 failures
[92mINFO [0m:      	└──> Aggregated MetricRecord: {'eval_loss': 1.8761361721903085, 'eval_acc': 0.3395, 'time': 726.0931339263916}
[92mINFO [0m:      
[92mINFO [0m:      [ROUND 98/100]
[92mINFO [0m:      configure_train: Sampled 8 nodes (out of 10)
[92mINFO [0m:      aggregate_train: Received 10 results and 0 failures
[92mINFO [0m:      	└──> Aggregated MetricRecord: {'train_loss': 1.8538005780220035, 'train_time': 6.4440811718814075, 'qtty_records': 10}
[92mINFO [0m:      configure_evaluate: Sampled 10 nodes (out of 10)
[92mINFO [0m:      aggregate_evaluate: Received 10 results and 0 failures
[92mINFO [0m:      	└──> Aggregated MetricRecord: {'eval_loss': 1.8974002089351416, 'eval_acc': 0.3556, 'time': 733.157065153122}
[92mINFO [0m:      
[92mINFO [0m:      [ROUND 99/100]
[92mINFO [0m:      configure_train: Sampled 10 nodes (out of 10)
[92mINFO [0m:      aggregate_train: Received 8 results and 0 failures
[92mINFO [0m:      	└──> Aggregated MetricRecord: {'train_loss': 1.8695005872249602, 'train_time': 5.41386739036534, 'qtty_records': 8}
[92mINFO [0m:      configure_evaluate: Sampled 10 nodes (out of 10)
[92mINFO [0m:      aggregate_evaluate: Received 10 results and 0 failures
[92mINFO [0m:      	└──> Aggregated MetricRecord: {'eval_loss': 1.9276414878666404, 'eval_acc': 0.3379, 'time': 740.2870740890503}
[92mINFO [0m:      
[92mINFO [0m:      [ROUND 100/100]
[92mINFO [0m:      configure_train: Sampled 8 nodes (out of 10)
[92mINFO [0m:      aggregate_train: Received 10 results and 0 failures
[92mINFO [0m:      	└──> Aggregated MetricRecord: {'train_loss': 1.8700632472991945, 'train_time': 6.441930135153234, 'qtty_records': 10}
[92mINFO [0m:      configure_evaluate: Sampled 10 nodes (out of 10)
[92mINFO [0m:      aggregate_evaluate: Received 10 results and 0 failures
[92mINFO [0m:      	└──> Aggregated MetricRecord: {'eval_loss': 1.8465777061879636, 'eval_acc': 0.37100000000000005, 'time': 747.4563965797424}
[92mINFO [0m:      
[92mINFO [0m:      Strategy execution finished in 747.46s
[92mINFO [0m:      
[92mINFO [0m:      Final results:
[92mINFO [0m:      
[92mINFO [0m:      	Global Arrays:
[92mINFO [0m:      		ArrayRecord (0.238 MB)
[92mINFO [0m:      	
[92mINFO [0m:      	Aggregated ClientApp-side Train Metrics:
[92mINFO [0m:      	{ 1: { 'qtty_records': '7',
[92mINFO [0m:      	       'train_loss': '2.2098e+00',
[92mINFO [0m:      	       'train_time': '7.3384e+00'},
[92mINFO [0m:      	  2: { 'qtty_records': '10',
[92mINFO [0m:      	       'train_loss': '2.1319e+00',
[92mINFO [0m:      	       'train_time': '7.3871e+00'},
[92mINFO [0m:      	  3: { 'qtty_records': '8',
[92mINFO [0m:      	       'train_loss': '2.0566e+00',
[92mINFO [0m:      	       'train_time': '5.5097e+00'},
[92mINFO [0m:      	  4: { 'qtty_records': '10',
[92mINFO [0m:      	       'train_loss': '2.0170e+00',
[92mINFO [0m:      	       'train_time': '6.5591e+00'},
[92mINFO [0m:      	  5: { 'qtty_records': '8',
[92mINFO [0m:      	       'train_loss': '1.9791e+00',
[92mINFO [0m:      	       'train_time': '5.4382e+00'},
[92mINFO [0m:      	  6: { 'qtty_records': '10',
[92mINFO [0m:      	       'train_loss': '1.9669e+00',
[92mINFO [0m:      	       'train_time': '6.4532e+00'},
[92mINFO [0m:      	  7: { 'qtty_records': '8',
[92mINFO [0m:      	       'train_loss': '1.9751e+00',
[92mINFO [0m:      	       'train_time': '5.4404e+00'},
[92mINFO [0m:      	  8: { 'qtty_records': '10',
[92mINFO [0m:      	       'train_loss': '1.9543e+00',
[92mINFO [0m:      	       'train_time': '6.4504e+00'},
[92mINFO [0m:      	  9: { 'qtty_records': '8',
[92mINFO [0m:      	       'train_loss': '1.9474e+00',
[92mINFO [0m:      	       'train_time': '5.4362e+00'},
[92mINFO [0m:      	  10: { 'qtty_records': '10',
[92mINFO [0m:      	        'train_loss': '1.9326e+00',
[92mINFO [0m:      	        'train_time': '6.4569e+00'},
[92mINFO [0m:      	  11: { 'qtty_records': '8',
[92mINFO [0m:      	        'train_loss': '1.9341e+00',
[92mINFO [0m:      	        'train_time': '5.4503e+00'},
[92mINFO [0m:      	  12: { 'qtty_records': '10',
[92mINFO [0m:      	        'train_loss': '1.9216e+00',
[92mINFO [0m:      	        'train_time': '6.4647e+00'},
[92mINFO [0m:      	  13: { 'qtty_records': '8',
[92mINFO [0m:      	        'train_loss': '1.9149e+00',
[92mINFO [0m:      	        'train_time': '5.4403e+00'},
[92mINFO [0m:      	  14: { 'qtty_records': '10',
[92mINFO [0m:      	        'train_loss': '1.9109e+00',
[92mINFO [0m:      	        'train_time': '6.4610e+00'},
[92mINFO [0m:      	  15: { 'qtty_records': '8',
[92mINFO [0m:      	        'train_loss': '1.9033e+00',
[92mINFO [0m:      	        'train_time': '5.4287e+00'},
[92mINFO [0m:      	  16: { 'qtty_records': '10',
[92mINFO [0m:      	        'train_loss': '1.8890e+00',
[92mINFO [0m:      	        'train_time': '6.4541e+00'},
[92mINFO [0m:      	  17: { 'qtty_records': '8',
[92mINFO [0m:      	        'train_loss': '1.8917e+00',
[92mINFO [0m:      	        'train_time': '5.4261e+00'},
[92mINFO [0m:      	  18: { 'qtty_records': '10',
[92mINFO [0m:      	        'train_loss': '1.8979e+00',
[92mINFO [0m:      	        'train_time': '6.4575e+00'},
[92mINFO [0m:      	  19: { 'qtty_records': '8',
[92mINFO [0m:      	        'train_loss': '1.8861e+00',
[92mINFO [0m:      	        'train_time': '5.4330e+00'},
[92mINFO [0m:      	  20: { 'qtty_records': '10',
[92mINFO [0m:      	        'train_loss': '1.8838e+00',
[92mINFO [0m:      	        'train_time': '6.4558e+00'},
[92mINFO [0m:      	  21: { 'qtty_records': '8',
[92mINFO [0m:      	        'train_loss': '1.9004e+00',
[92mINFO [0m:      	        'train_time': '5.4265e+00'},
[92mINFO [0m:      	  22: { 'qtty_records': '10',
[92mINFO [0m:      	        'train_loss': '1.8844e+00',
[92mINFO [0m:      	        'train_time': '6.4670e+00'},
[92mINFO [0m:      	  23: { 'qtty_records': '8',
[92mINFO [0m:      	        'train_loss': '1.8640e+00',
[92mINFO [0m:      	        'train_time': '5.4266e+00'},
[92mINFO [0m:      	  24: { 'qtty_records': '10',
[92mINFO [0m:      	        'train_loss': '1.9027e+00',
[92mINFO [0m:      	        'train_time': '6.4627e+00'},
[92mINFO [0m:      	  25: { 'qtty_records': '8',
[92mINFO [0m:      	        'train_loss': '1.8737e+00',
[92mINFO [0m:      	        'train_time': '5.4269e+00'},
[92mINFO [0m:      	  26: { 'qtty_records': '10',
[92mINFO [0m:      	        'train_loss': '1.8804e+00',
[92mINFO [0m:      	        'train_time': '6.4701e+00'},
[92mINFO [0m:      	  27: { 'qtty_records': '8',
[92mINFO [0m:      	        'train_loss': '1.8769e+00',
[92mINFO [0m:      	        'train_time': '5.4210e+00'},
[92mINFO [0m:      	  28: { 'qtty_records': '10',
[92mINFO [0m:      	        'train_loss': '1.8707e+00',
[92mINFO [0m:      	        'train_time': '6.4511e+00'},
[92mINFO [0m:      	  29: { 'qtty_records': '8',
[92mINFO [0m:      	        'train_loss': '1.8709e+00',
[92mINFO [0m:      	        'train_time': '5.4626e+00'},
[92mINFO [0m:      	  30: { 'qtty_records': '10',
[92mINFO [0m:      	        'train_loss': '1.8703e+00',
[92mINFO [0m:      	        'train_time': '6.4526e+00'},
[92mINFO [0m:      	  31: { 'qtty_records': '8',
[92mINFO [0m:      	        'train_loss': '1.8646e+00',
[92mINFO [0m:      	        'train_time': '5.4369e+00'},
[92mINFO [0m:      	  32: { 'qtty_records': '10',
[92mINFO [0m:      	        'train_loss': '1.8689e+00',
[92mINFO [0m:      	        'train_time': '6.4615e+00'},
[92mINFO [0m:      	  33: { 'qtty_records': '8',
[92mINFO [0m:      	        'train_loss': '1.8753e+00',
[92mINFO [0m:      	        'train_time': '5.4127e+00'},
[92mINFO [0m:      	  34: { 'qtty_records': '10',
[92mINFO [0m:      	        'train_loss': '1.8836e+00',
[92mINFO [0m:      	        'train_time': '6.4548e+00'},
[92mINFO [0m:      	  35: { 'qtty_records': '8',
[92mINFO [0m:      	        'train_loss': '1.8725e+00',
[92mINFO [0m:      	        'train_time': '5.4202e+00'},
[92mINFO [0m:      	  36: { 'qtty_records': '10',
[92mINFO [0m:      	        'train_loss': '1.8645e+00',
[92mINFO [0m:      	        'train_time': '6.4647e+00'},
[92mINFO [0m:      	  37: { 'qtty_records': '8',
[92mINFO [0m:      	        'train_loss': '1.8671e+00',
[92mINFO [0m:      	        'train_time': '5.4310e+00'},
[92mINFO [0m:      	  38: { 'qtty_records': '10',
[92mINFO [0m:      	        'train_loss': '1.8697e+00',
[92mINFO [0m:      	        'train_time': '6.4585e+00'},
[92mINFO [0m:      	  39: { 'qtty_records': '8',
[92mINFO [0m:      	        'train_loss': '1.8626e+00',
[92mINFO [0m:      	        'train_time': '5.4414e+00'},
[92mINFO [0m:      	  40: { 'qtty_records': '10',
[92mINFO [0m:      	        'train_loss': '1.8837e+00',
[92mINFO [0m:      	        'train_time': '6.4536e+00'},
[92mINFO [0m:      	  41: { 'qtty_records': '8',
[92mINFO [0m:      	        'train_loss': '1.8745e+00',
[92mINFO [0m:      	        'train_time': '5.4322e+00'},
[92mINFO [0m:      	  42: { 'qtty_records': '10',
[92mINFO [0m:      	        'train_loss': '1.8805e+00',
[92mINFO [0m:      	        'train_time': '6.4524e+00'},
[92mINFO [0m:      	  43: { 'qtty_records': '8',
[92mINFO [0m:      	        'train_loss': '1.8647e+00',
[92mINFO [0m:      	        'train_time': '5.4388e+00'},
[92mINFO [0m:      	  44: { 'qtty_records': '10',
[92mINFO [0m:      	        'train_loss': '1.8626e+00',
[92mINFO [0m:      	        'train_time': '6.4588e+00'},
[92mINFO [0m:      	  45: { 'qtty_records': '8',
[92mINFO [0m:      	        'train_loss': '1.8695e+00',
[92mINFO [0m:      	        'train_time': '5.4219e+00'},
[92mINFO [0m:      	  46: { 'qtty_records': '10',
[92mINFO [0m:      	        'train_loss': '1.8589e+00',
[92mINFO [0m:      	        'train_time': '6.4664e+00'},
[92mINFO [0m:      	  47: { 'qtty_records': '8',
[92mINFO [0m:      	        'train_loss': '1.8468e+00',
[92mINFO [0m:      	        'train_time': '5.4430e+00'},
[92mINFO [0m:      	  48: { 'qtty_records': '10',
[92mINFO [0m:      	        'train_loss': '1.8617e+00',
[92mINFO [0m:      	        'train_time': '6.4503e+00'},
[92mINFO [0m:      	  49: { 'qtty_records': '8',
[92mINFO [0m:      	        'train_loss': '1.8677e+00',
[92mINFO [0m:      	        'train_time': '5.4042e+00'},
[92mINFO [0m:      	  50: { 'qtty_records': '10',
[92mINFO [0m:      	        'train_loss': '1.8683e+00',
[92mINFO [0m:      	        'train_time': '6.4477e+00'},
[92mINFO [0m:      	  51: { 'qtty_records': '8',
[92mINFO [0m:      	        'train_loss': '1.8604e+00',
[92mINFO [0m:      	        'train_time': '5.4387e+00'},
[92mINFO [0m:      	  52: { 'qtty_records': '10',
[92mINFO [0m:      	        'train_loss': '1.8726e+00',
[92mINFO [0m:      	        'train_time': '6.4381e+00'},
[92mINFO [0m:      	  53: { 'qtty_records': '8',
[92mINFO [0m:      	        'train_loss': '1.8387e+00',
[92mINFO [0m:      	        'train_time': '5.4114e+00'},
[92mINFO [0m:      	  54: { 'qtty_records': '10',
[92mINFO [0m:      	        'train_loss': '1.8528e+00',
[92mINFO [0m:      	        'train_time': '6.4462e+00'},
[92mINFO [0m:      	  55: { 'qtty_records': '8',
[92mINFO [0m:      	        'train_loss': '1.8412e+00',
[92mINFO [0m:      	        'train_time': '5.4312e+00'},
[92mINFO [0m:      	  56: { 'qtty_records': '10',
[92mINFO [0m:      	        'train_loss': '1.8602e+00',
[92mINFO [0m:      	        'train_time': '6.4612e+00'},
[92mINFO [0m:      	  57: { 'qtty_records': '8',
[92mINFO [0m:      	        'train_loss': '1.8421e+00',
[92mINFO [0m:      	        'train_time': '5.4205e+00'},
[92mINFO [0m:      	  58: { 'qtty_records': '10',
[92mINFO [0m:      	        'train_loss': '1.8458e+00',
[92mINFO [0m:      	        'train_time': '6.4596e+00'},
[92mINFO [0m:      	  59: { 'qtty_records': '8',
[92mINFO [0m:      	        'train_loss': '1.8669e+00',
[92mINFO [0m:      	        'train_time': '5.4207e+00'},
[92mINFO [0m:      	  60: { 'qtty_records': '10',
[92mINFO [0m:      	        'train_loss': '1.8498e+00',
[92mINFO [0m:      	        'train_time': '6.4382e+00'},
[92mINFO [0m:      	  61: { 'qtty_records': '8',
[92mINFO [0m:      	        'train_loss': '1.8383e+00',
[92mINFO [0m:      	        'train_time': '5.4464e+00'},
[92mINFO [0m:      	  62: { 'qtty_records': '10',
[92mINFO [0m:      	        'train_loss': '1.8403e+00',
[92mINFO [0m:      	        'train_time': '6.4659e+00'},
[92mINFO [0m:      	  63: { 'qtty_records': '8',
[92mINFO [0m:      	        'train_loss': '1.8373e+00',
[92mINFO [0m:      	        'train_time': '5.4406e+00'},
[92mINFO [0m:      	  64: { 'qtty_records': '10',
[92mINFO [0m:      	        'train_loss': '1.8748e+00',
[92mINFO [0m:      	        'train_time': '6.4506e+00'},
[92mINFO [0m:      	  65: { 'qtty_records': '8',
[92mINFO [0m:      	        'train_loss': '1.8510e+00',
[92mINFO [0m:      	        'train_time': '5.4394e+00'},
[92mINFO [0m:      	  66: { 'qtty_records': '10',
[92mINFO [0m:      	        'train_loss': '1.8617e+00',
[92mINFO [0m:      	        'train_time': '6.4493e+00'},
[92mINFO [0m:      	  67: { 'qtty_records': '8',
[92mINFO [0m:      	        'train_loss': '1.8412e+00',
[92mINFO [0m:      	        'train_time': '5.4108e+00'},
[92mINFO [0m:      	  68: { 'qtty_records': '10',
[92mINFO [0m:      	        'train_loss': '1.8540e+00',
[92mINFO [0m:      	        'train_time': '6.4419e+00'},
[92mINFO [0m:      	  69: { 'qtty_records': '8',
[92mINFO [0m:      	        'train_loss': '1.8479e+00',
[92mINFO [0m:      	        'train_time': '5.4271e+00'},
[92mINFO [0m:      	  70: { 'qtty_records': '10',
[92mINFO [0m:      	        'train_loss': '1.8443e+00',
[92mINFO [0m:      	        'train_time': '6.4591e+00'},
[92mINFO [0m:      	  71: { 'qtty_records': '8',
[92mINFO [0m:      	        'train_loss': '1.8300e+00',
[92mINFO [0m:      	        'train_time': '5.4366e+00'},
[92mINFO [0m:      	  72: { 'qtty_records': '10',
[92mINFO [0m:      	        'train_loss': '1.8561e+00',
[92mINFO [0m:      	        'train_time': '6.4491e+00'},
[92mINFO [0m:      	  73: { 'qtty_records': '8',
[92mINFO [0m:      	        'train_loss': '1.8390e+00',
[92mINFO [0m:      	        'train_time': '5.4275e+00'},
[92mINFO [0m:      	  74: { 'qtty_records': '10',
[92mINFO [0m:      	        'train_loss': '1.8581e+00',
[92mINFO [0m:      	        'train_time': '6.4733e+00'},
[92mINFO [0m:      	  75: { 'qtty_records': '8',
[92mINFO [0m:      	        'train_loss': '1.8420e+00',
[92mINFO [0m:      	        'train_time': '5.4272e+00'},
[92mINFO [0m:      	  76: { 'qtty_records': '10',
[92mINFO [0m:      	        'train_loss': '1.8380e+00',
[92mINFO [0m:      	        'train_time': '6.4436e+00'},
[92mINFO [0m:      	  77: { 'qtty_records': '8',
[92mINFO [0m:      	        'train_loss': '1.8525e+00',
[92mINFO [0m:      	        'train_time': '5.4191e+00'},
[92mINFO [0m:      	  78: { 'qtty_records': '10',
[92mINFO [0m:      	        'train_loss': '1.8624e+00',
[92mINFO [0m:      	        'train_time': '6.4486e+00'},
[92mINFO [0m:      	  79: { 'qtty_records': '8',
[92mINFO [0m:      	        'train_loss': '1.8373e+00',
[92mINFO [0m:      	        'train_time': '5.4019e+00'},
[92mINFO [0m:      	  80: { 'qtty_records': '10',
[92mINFO [0m:      	        'train_loss': '1.8743e+00',
[92mINFO [0m:      	        'train_time': '6.4413e+00'},
[92mINFO [0m:      	  81: { 'qtty_records': '8',
[92mINFO [0m:      	        'train_loss': '1.8304e+00',
[92mINFO [0m:      	        'train_time': '5.4214e+00'},
[92mINFO [0m:      	  82: { 'qtty_records': '10',
[92mINFO [0m:      	        'train_loss': '1.8545e+00',
[92mINFO [0m:      	        'train_time': '6.4326e+00'},
[92mINFO [0m:      	  83: { 'qtty_records': '8',
[92mINFO [0m:      	        'train_loss': '1.8729e+00',
[92mINFO [0m:      	        'train_time': '5.4320e+00'},
[92mINFO [0m:      	  84: { 'qtty_records': '10',
[92mINFO [0m:      	        'train_loss': '1.8611e+00',
[92mINFO [0m:      	        'train_time': '6.4376e+00'},
[92mINFO [0m:      	  85: { 'qtty_records': '8',
[92mINFO [0m:      	        'train_loss': '1.8352e+00',
[92mINFO [0m:      	        'train_time': '5.4261e+00'},
[92mINFO [0m:      	  86: { 'qtty_records': '10',
[92mINFO [0m:      	        'train_loss': '1.8855e+00',
[92mINFO [0m:      	        'train_time': '6.4459e+00'},
[92mINFO [0m:      	  87: { 'qtty_records': '8',
[92mINFO [0m:      	        'train_loss': '1.8334e+00',
[92mINFO [0m:      	        'train_time': '5.4140e+00'},
[92mINFO [0m:      	  88: { 'qtty_records': '10',
[92mINFO [0m:      	        'train_loss': '1.8491e+00',
[92mINFO [0m:      	        'train_time': '6.4296e+00'},
[92mINFO [0m:      	  89: { 'qtty_records': '8',
[92mINFO [0m:      	        'train_loss': '1.8502e+00',
[92mINFO [0m:      	        'train_time': '5.4151e+00'},
[92mINFO [0m:      	  90: { 'qtty_records': '10',
[92mINFO [0m:      	        'train_loss': '1.8725e+00',
[92mINFO [0m:      	        'train_time': '6.4570e+00'},
[92mINFO [0m:      	  91: { 'qtty_records': '8',
[92mINFO [0m:      	        'train_loss': '1.8451e+00',
[92mINFO [0m:      	        'train_time': '5.4219e+00'},
[92mINFO [0m:      	  92: { 'qtty_records': '10',
[92mINFO [0m:      	        'train_loss': '1.8650e+00',
[92mINFO [0m:      	        'train_time': '6.4487e+00'},
[92mINFO [0m:      	  93: { 'qtty_records': '8',
[92mINFO [0m:      	        'train_loss': '1.8562e+00',
[92mINFO [0m:      	        'train_time': '5.4145e+00'},
[92mINFO [0m:      	  94: { 'qtty_records': '10',
[92mINFO [0m:      	        'train_loss': '1.8635e+00',
[92mINFO [0m:      	        'train_time': '6.4363e+00'},
[92mINFO [0m:      	  95: { 'qtty_records': '8',
[92mINFO [0m:      	        'train_loss': '1.8519e+00',
[92mINFO [0m:      	        'train_time': '5.4341e+00'},
[92mINFO [0m:      	  96: { 'qtty_records': '10',
[92mINFO [0m:      	        'train_loss': '1.8576e+00',
[92mINFO [0m:      	        'train_time': '6.4387e+00'},
[92mINFO [0m:      	  97: { 'qtty_records': '8',
[92mINFO [0m:      	        'train_loss': '1.8388e+00',
[92mINFO [0m:      	        'train_time': '5.4128e+00'},
[92mINFO [0m:      	  98: { 'qtty_records': '10',
[92mINFO [0m:      	        'train_loss': '1.8538e+00',
[92mINFO [0m:      	        'train_time': '6.4441e+00'},
[92mINFO [0m:      	  99: { 'qtty_records': '8',
[92mINFO [0m:      	        'train_loss': '1.8695e+00',
[92mINFO [0m:      	        'train_time': '5.4139e+00'},
[92mINFO [0m:      	  100: { 'qtty_records': '10',
[92mINFO [0m:      	         'train_loss': '1.8701e+00',
[92mINFO [0m:      	         'train_time': '6.4419e+00'}}
[92mINFO [0m:      	
[92mINFO [0m:      	Aggregated ClientApp-side Evaluate Metrics:
[92mINFO [0m:      	{ 1: { 'eval_acc': '1.1010e-01',
[92mINFO [0m:      	       'eval_loss': '2.3531e+00',
[92mINFO [0m:      	       'time': '4.4186e+01'},
[92mINFO [0m:      	  2: { 'eval_acc': '1.2430e-01',
[92mINFO [0m:      	       'eval_loss': '2.2516e+00',
[92mINFO [0m:      	       'time': '5.1225e+01'},
[92mINFO [0m:      	  3: { 'eval_acc': '1.9160e-01',
[92mINFO [0m:      	       'eval_loss': '2.1700e+00',
[92mINFO [0m:      	       'time': '5.8257e+01'},
[92mINFO [0m:      	  4: { 'eval_acc': '2.0900e-01',
[92mINFO [0m:      	       'eval_loss': '2.1085e+00',
[92mINFO [0m:      	       'time': '6.5392e+01'},
[92mINFO [0m:      	  5: { 'eval_acc': '2.4230e-01',
[92mINFO [0m:      	       'eval_loss': '2.0317e+00',
[92mINFO [0m:      	       'time': '7.2420e+01'},
[92mINFO [0m:      	  6: { 'eval_acc': '2.2860e-01',
[92mINFO [0m:      	       'eval_loss': '2.0850e+00',
[92mINFO [0m:      	       'time': '7.9585e+01'},
[92mINFO [0m:      	  7: { 'eval_acc': '2.5370e-01',
[92mINFO [0m:      	       'eval_loss': '2.0403e+00',
[92mINFO [0m:      	       'time': '8.6616e+01'},
[92mINFO [0m:      	  8: { 'eval_acc': '2.8060e-01',
[92mINFO [0m:      	       'eval_loss': '2.0024e+00',
[92mINFO [0m:      	       'time': '9.3775e+01'},
[92mINFO [0m:      	  9: { 'eval_acc': '2.3940e-01',
[92mINFO [0m:      	       'eval_loss': '2.0055e+00',
[92mINFO [0m:      	       'time': '1.0081e+02'},
[92mINFO [0m:      	  10: { 'eval_acc': '2.5530e-01',
[92mINFO [0m:      	        'eval_loss': '2.0072e+00',
[92mINFO [0m:      	        'time': '1.0797e+02'},
[92mINFO [0m:      	  11: { 'eval_acc': '2.9850e-01',
[92mINFO [0m:      	        'eval_loss': '1.9909e+00',
[92mINFO [0m:      	        'time': '1.1500e+02'},
[92mINFO [0m:      	  12: { 'eval_acc': '3.0370e-01',
[92mINFO [0m:      	        'eval_loss': '1.9576e+00',
[92mINFO [0m:      	        'time': '1.2216e+02'},
[92mINFO [0m:      	  13: { 'eval_acc': '3.1300e-01',
[92mINFO [0m:      	        'eval_loss': '1.9376e+00',
[92mINFO [0m:      	        'time': '1.2919e+02'},
[92mINFO [0m:      	  14: { 'eval_acc': '2.9930e-01',
[92mINFO [0m:      	        'eval_loss': '1.9638e+00',
[92mINFO [0m:      	        'time': '1.3625e+02'},
[92mINFO [0m:      	  15: { 'eval_acc': '2.9100e-01',
[92mINFO [0m:      	        'eval_loss': '1.9683e+00',
[92mINFO [0m:      	        'time': '1.4339e+02'},
[92mINFO [0m:      	  16: { 'eval_acc': '2.9380e-01',
[92mINFO [0m:      	        'eval_loss': '1.9286e+00',
[92mINFO [0m:      	        'time': '1.5045e+02'},
[92mINFO [0m:      	  17: { 'eval_acc': '3.0100e-01',
[92mINFO [0m:      	        'eval_loss': '1.9498e+00',
[92mINFO [0m:      	        'time': '1.5758e+02'},
[92mINFO [0m:      	  18: { 'eval_acc': '3.1210e-01',
[92mINFO [0m:      	        'eval_loss': '1.9148e+00',
[92mINFO [0m:      	        'time': '1.6461e+02'},
[92mINFO [0m:      	  19: { 'eval_acc': '3.3920e-01',
[92mINFO [0m:      	        'eval_loss': '1.8896e+00',
[92mINFO [0m:      	        'time': '1.7177e+02'},
[92mINFO [0m:      	  20: { 'eval_acc': '3.1990e-01',
[92mINFO [0m:      	        'eval_loss': '1.9447e+00',
[92mINFO [0m:      	        'time': '1.7883e+02'},
[92mINFO [0m:      	  21: { 'eval_acc': '3.1500e-01',
[92mINFO [0m:      	        'eval_loss': '1.9228e+00',
[92mINFO [0m:      	        'time': '1.8598e+02'},
[92mINFO [0m:      	  22: { 'eval_acc': '3.1560e-01',
[92mINFO [0m:      	        'eval_loss': '1.8863e+00',
[92mINFO [0m:      	        'time': '1.9315e+02'},
[92mINFO [0m:      	  23: { 'eval_acc': '3.1540e-01',
[92mINFO [0m:      	        'eval_loss': '1.8982e+00',
[92mINFO [0m:      	        'time': '2.0018e+02'},
[92mINFO [0m:      	  24: { 'eval_acc': '3.0710e-01',
[92mINFO [0m:      	        'eval_loss': '1.9646e+00',
[92mINFO [0m:      	        'time': '2.0734e+02'},
[92mINFO [0m:      	  25: { 'eval_acc': '3.2210e-01',
[92mINFO [0m:      	        'eval_loss': '1.8945e+00',
[92mINFO [0m:      	        'time': '2.1437e+02'},
[92mINFO [0m:      	  26: { 'eval_acc': '3.3530e-01',
[92mINFO [0m:      	        'eval_loss': '1.8781e+00',
[92mINFO [0m:      	        'time': '2.2153e+02'},
[92mINFO [0m:      	  27: { 'eval_acc': '3.3690e-01',
[92mINFO [0m:      	        'eval_loss': '1.8929e+00',
[92mINFO [0m:      	        'time': '2.2856e+02'},
[92mINFO [0m:      	  28: { 'eval_acc': '3.4890e-01',
[92mINFO [0m:      	        'eval_loss': '1.8740e+00',
[92mINFO [0m:      	        'time': '2.3572e+02'},
[92mINFO [0m:      	  29: { 'eval_acc': '3.4200e-01',
[92mINFO [0m:      	        'eval_loss': '1.8867e+00',
[92mINFO [0m:      	        'time': '2.4275e+02'},
[92mINFO [0m:      	  30: { 'eval_acc': '3.3610e-01',
[92mINFO [0m:      	        'eval_loss': '1.9017e+00',
[92mINFO [0m:      	        'time': '2.4991e+02'},
[92mINFO [0m:      	  31: { 'eval_acc': '3.4500e-01',
[92mINFO [0m:      	        'eval_loss': '1.8629e+00',
[92mINFO [0m:      	        'time': '2.5705e+02'},
[92mINFO [0m:      	  32: { 'eval_acc': '3.4430e-01',
[92mINFO [0m:      	        'eval_loss': '1.8779e+00',
[92mINFO [0m:      	        'time': '2.6411e+02'},
[92mINFO [0m:      	  33: { 'eval_acc': '3.4630e-01',
[92mINFO [0m:      	        'eval_loss': '1.8938e+00',
[92mINFO [0m:      	        'time': '2.7124e+02'},
[92mINFO [0m:      	  34: { 'eval_acc': '3.3560e-01',
[92mINFO [0m:      	        'eval_loss': '1.9051e+00',
[92mINFO [0m:      	        'time': '2.7830e+02'},
[92mINFO [0m:      	  35: { 'eval_acc': '3.6490e-01',
[92mINFO [0m:      	        'eval_loss': '1.8309e+00',
[92mINFO [0m:      	        'time': '2.8543e+02'},
[92mINFO [0m:      	  36: { 'eval_acc': '3.5370e-01',
[92mINFO [0m:      	        'eval_loss': '1.8659e+00',
[92mINFO [0m:      	        'time': '2.9262e+02'},
[92mINFO [0m:      	  37: { 'eval_acc': '3.4400e-01',
[92mINFO [0m:      	        'eval_loss': '1.8897e+00',
[92mINFO [0m:      	        'time': '2.9975e+02'},
[92mINFO [0m:      	  38: { 'eval_acc': '3.4900e-01',
[92mINFO [0m:      	        'eval_loss': '1.8694e+00',
[92mINFO [0m:      	        'time': '3.0691e+02'},
[92mINFO [0m:      	  39: { 'eval_acc': '3.5290e-01',
[92mINFO [0m:      	        'eval_loss': '1.8520e+00',
[92mINFO [0m:      	        'time': '3.1394e+02'},
[92mINFO [0m:      	  40: { 'eval_acc': '3.4400e-01',
[92mINFO [0m:      	        'eval_loss': '1.9173e+00',
[92mINFO [0m:      	        'time': '3.2110e+02'},
[92mINFO [0m:      	  41: { 'eval_acc': '3.6780e-01',
[92mINFO [0m:      	        'eval_loss': '1.8579e+00',
[92mINFO [0m:      	        'time': '3.2813e+02'},
[92mINFO [0m:      	  42: { 'eval_acc': '3.4510e-01',
[92mINFO [0m:      	        'eval_loss': '1.9108e+00',
[92mINFO [0m:      	        'time': '3.3529e+02'},
[92mINFO [0m:      	  43: { 'eval_acc': '3.4870e-01',
[92mINFO [0m:      	        'eval_loss': '1.8709e+00',
[92mINFO [0m:      	        'time': '3.4232e+02'},
[92mINFO [0m:      	  44: { 'eval_acc': '3.5450e-01',
[92mINFO [0m:      	        'eval_loss': '1.8836e+00',
[92mINFO [0m:      	        'time': '3.4949e+02'},
[92mINFO [0m:      	  45: { 'eval_acc': '3.3210e-01',
[92mINFO [0m:      	        'eval_loss': '1.9230e+00',
[92mINFO [0m:      	        'time': '3.5651e+02'},
[92mINFO [0m:      	  46: { 'eval_acc': '3.8540e-01',
[92mINFO [0m:      	        'eval_loss': '1.8065e+00',
[92mINFO [0m:      	        'time': '3.6368e+02'},
[92mINFO [0m:      	  47: { 'eval_acc': '3.5810e-01',
[92mINFO [0m:      	        'eval_loss': '1.8259e+00',
[92mINFO [0m:      	        'time': '3.7081e+02'},
[92mINFO [0m:      	  48: { 'eval_acc': '3.3870e-01',
[92mINFO [0m:      	        'eval_loss': '1.9080e+00',
[92mINFO [0m:      	        'time': '3.7787e+02'},
[92mINFO [0m:      	  49: { 'eval_acc': '3.7540e-01',
[92mINFO [0m:      	        'eval_loss': '1.8403e+00',
[92mINFO [0m:      	        'time': '3.8500e+02'},
[92mINFO [0m:      	  50: { 'eval_acc': '3.6480e-01',
[92mINFO [0m:      	        'eval_loss': '1.8347e+00',
[92mINFO [0m:      	        'time': '3.9217e+02'},
[92mINFO [0m:      	  51: { 'eval_acc': '3.4940e-01',
[92mINFO [0m:      	        'eval_loss': '1.8888e+00',
[92mINFO [0m:      	        'time': '3.9930e+02'},
[92mINFO [0m:      	  52: { 'eval_acc': '3.6950e-01',
[92mINFO [0m:      	        'eval_loss': '1.8610e+00',
[92mINFO [0m:      	        'time': '4.0635e+02'},
[92mINFO [0m:      	  53: { 'eval_acc': '3.5240e-01',
[92mINFO [0m:      	        'eval_loss': '1.8511e+00',
[92mINFO [0m:      	        'time': '4.1349e+02'},
[92mINFO [0m:      	  54: { 'eval_acc': '3.7330e-01',
[92mINFO [0m:      	        'eval_loss': '1.8482e+00',
[92mINFO [0m:      	        'time': '4.2055e+02'},
[92mINFO [0m:      	  55: { 'eval_acc': '3.7430e-01',
[92mINFO [0m:      	        'eval_loss': '1.8318e+00',
[92mINFO [0m:      	        'time': '4.2768e+02'},
[92mINFO [0m:      	  56: { 'eval_acc': '3.7130e-01',
[92mINFO [0m:      	        'eval_loss': '1.8460e+00',
[92mINFO [0m:      	        'time': '4.3485e+02'},
[92mINFO [0m:      	  57: { 'eval_acc': '3.7830e-01',
[92mINFO [0m:      	        'eval_loss': '1.8257e+00',
[92mINFO [0m:      	        'time': '4.4198e+02'},
[92mINFO [0m:      	  58: { 'eval_acc': '3.6330e-01',
[92mINFO [0m:      	        'eval_loss': '1.8541e+00',
[92mINFO [0m:      	        'time': '4.4914e+02'},
[92mINFO [0m:      	  59: { 'eval_acc': '3.3780e-01',
[92mINFO [0m:      	        'eval_loss': '1.9151e+00',
[92mINFO [0m:      	        'time': '4.5628e+02'},
[92mINFO [0m:      	  60: { 'eval_acc': '3.5670e-01',
[92mINFO [0m:      	        'eval_loss': '1.8799e+00',
[92mINFO [0m:      	        'time': '4.6344e+02'},
[92mINFO [0m:      	  61: { 'eval_acc': '3.7790e-01',
[92mINFO [0m:      	        'eval_loss': '1.8212e+00',
[92mINFO [0m:      	        'time': '4.7048e+02'},
[92mINFO [0m:      	  62: { 'eval_acc': '3.6490e-01',
[92mINFO [0m:      	        'eval_loss': '1.8409e+00',
[92mINFO [0m:      	        'time': '4.7764e+02'},
[92mINFO [0m:      	  63: { 'eval_acc': '3.6450e-01',
[92mINFO [0m:      	        'eval_loss': '1.8611e+00',
[92mINFO [0m:      	        'time': '4.8467e+02'},
[92mINFO [0m:      	  64: { 'eval_acc': '3.5090e-01',
[92mINFO [0m:      	        'eval_loss': '1.8968e+00',
[92mINFO [0m:      	        'time': '4.9181e+02'},
[92mINFO [0m:      	  65: { 'eval_acc': '3.7370e-01',
[92mINFO [0m:      	        'eval_loss': '1.8281e+00',
[92mINFO [0m:      	        'time': '4.9885e+02'},
[92mINFO [0m:      	  66: { 'eval_acc': '3.7870e-01',
[92mINFO [0m:      	        'eval_loss': '1.8517e+00',
[92mINFO [0m:      	        'time': '5.0601e+02'},
[92mINFO [0m:      	  67: { 'eval_acc': '3.7860e-01',
[92mINFO [0m:      	        'eval_loss': '1.8484e+00',
[92mINFO [0m:      	        'time': '5.1304e+02'},
[92mINFO [0m:      	  68: { 'eval_acc': '3.4340e-01',
[92mINFO [0m:      	        'eval_loss': '1.8834e+00',
[92mINFO [0m:      	        'time': '5.2018e+02'},
[92mINFO [0m:      	  69: { 'eval_acc': '3.5890e-01',
[92mINFO [0m:      	        'eval_loss': '1.8490e+00',
[92mINFO [0m:      	        'time': '5.2731e+02'},
[92mINFO [0m:      	  70: { 'eval_acc': '3.7050e-01',
[92mINFO [0m:      	        'eval_loss': '1.8293e+00',
[92mINFO [0m:      	        'time': '5.3446e+02'},
[92mINFO [0m:      	  71: { 'eval_acc': '3.6350e-01',
[92mINFO [0m:      	        'eval_loss': '1.8643e+00',
[92mINFO [0m:      	        'time': '5.4161e+02'},
[92mINFO [0m:      	  72: { 'eval_acc': '3.6460e-01',
[92mINFO [0m:      	        'eval_loss': '1.8635e+00',
[92mINFO [0m:      	        'time': '5.4877e+02'},
[92mINFO [0m:      	  73: { 'eval_acc': '3.6090e-01',
[92mINFO [0m:      	        'eval_loss': '1.8510e+00',
[92mINFO [0m:      	        'time': '5.5580e+02'},
[92mINFO [0m:      	  74: { 'eval_acc': '3.6150e-01',
[92mINFO [0m:      	        'eval_loss': '1.8666e+00',
[92mINFO [0m:      	        'time': '5.6297e+02'},
[92mINFO [0m:      	  75: { 'eval_acc': '3.5690e-01',
[92mINFO [0m:      	        'eval_loss': '1.8718e+00',
[92mINFO [0m:      	        'time': '5.7000e+02'},
[92mINFO [0m:      	  76: { 'eval_acc': '3.6040e-01',
[92mINFO [0m:      	        'eval_loss': '1.8532e+00',
[92mINFO [0m:      	        'time': '5.7716e+02'},
[92mINFO [0m:      	  77: { 'eval_acc': '3.4900e-01',
[92mINFO [0m:      	        'eval_loss': '1.8997e+00',
[92mINFO [0m:      	        'time': '5.8419e+02'},
[92mINFO [0m:      	  78: { 'eval_acc': '3.6800e-01',
[92mINFO [0m:      	        'eval_loss': '1.8432e+00',
[92mINFO [0m:      	        'time': '5.9135e+02'},
[92mINFO [0m:      	  79: { 'eval_acc': '3.6540e-01',
[92mINFO [0m:      	        'eval_loss': '1.8574e+00',
[92mINFO [0m:      	        'time': '5.9838e+02'},
[92mINFO [0m:      	  80: { 'eval_acc': '3.5960e-01',
[92mINFO [0m:      	        'eval_loss': '1.8682e+00',
[92mINFO [0m:      	        'time': '6.0544e+02'},
[92mINFO [0m:      	  81: { 'eval_acc': '3.6030e-01',
[92mINFO [0m:      	        'eval_loss': '1.8565e+00',
[92mINFO [0m:      	        'time': '6.1247e+02'},
[92mINFO [0m:      	  82: { 'eval_acc': '3.7100e-01',
[92mINFO [0m:      	        'eval_loss': '1.8637e+00',
[92mINFO [0m:      	        'time': '6.1960e+02'},
[92mINFO [0m:      	  83: { 'eval_acc': '3.6110e-01',
[92mINFO [0m:      	        'eval_loss': '1.8788e+00',
[92mINFO [0m:      	        'time': '6.2663e+02'},
[92mINFO [0m:      	  84: { 'eval_acc': '3.7840e-01',
[92mINFO [0m:      	        'eval_loss': '1.8491e+00',
[92mINFO [0m:      	        'time': '6.3379e+02'},
[92mINFO [0m:      	  85: { 'eval_acc': '3.7530e-01',
[92mINFO [0m:      	        'eval_loss': '1.8078e+00',
[92mINFO [0m:      	        'time': '6.4083e+02'},
[92mINFO [0m:      	  86: { 'eval_acc': '3.6070e-01',
[92mINFO [0m:      	        'eval_loss': '1.8971e+00',
[92mINFO [0m:      	        'time': '6.4799e+02'},
[92mINFO [0m:      	  87: { 'eval_acc': '3.7440e-01',
[92mINFO [0m:      	        'eval_loss': '1.8232e+00',
[92mINFO [0m:      	        'time': '6.5502e+02'},
[92mINFO [0m:      	  88: { 'eval_acc': '3.4580e-01',
[92mINFO [0m:      	        'eval_loss': '1.8719e+00',
[92mINFO [0m:      	        'time': '6.6217e+02'},
[92mINFO [0m:      	  89: { 'eval_acc': '3.2980e-01',
[92mINFO [0m:      	        'eval_loss': '1.9256e+00',
[92mINFO [0m:      	        'time': '6.6920e+02'},
[92mINFO [0m:      	  90: { 'eval_acc': '3.6060e-01',
[92mINFO [0m:      	        'eval_loss': '1.8726e+00',
[92mINFO [0m:      	        'time': '6.7627e+02'},
[92mINFO [0m:      	  91: { 'eval_acc': '3.5640e-01',
[92mINFO [0m:      	        'eval_loss': '1.8554e+00',
[92mINFO [0m:      	        'time': '6.8341e+02'},
[92mINFO [0m:      	  92: { 'eval_acc': '3.4520e-01',
[92mINFO [0m:      	        'eval_loss': '1.8825e+00',
[92mINFO [0m:      	        'time': '6.9047e+02'},
[92mINFO [0m:      	  93: { 'eval_acc': '3.7800e-01',
[92mINFO [0m:      	        'eval_loss': '1.8194e+00',
[92mINFO [0m:      	        'time': '6.9760e+02'},
[92mINFO [0m:      	  94: { 'eval_acc': '3.5810e-01',
[92mINFO [0m:      	        'eval_loss': '1.8723e+00',
[92mINFO [0m:      	        'time': '7.0476e+02'},
[92mINFO [0m:      	  95: { 'eval_acc': '3.7580e-01',
[92mINFO [0m:      	        'eval_loss': '1.8138e+00',
[92mINFO [0m:      	        'time': '7.1190e+02'},
[92mINFO [0m:      	  96: { 'eval_acc': '3.7670e-01',
[92mINFO [0m:      	        'eval_loss': '1.8223e+00',
[92mINFO [0m:      	        'time': '7.1896e+02'},
[92mINFO [0m:      	  97: { 'eval_acc': '3.3950e-01',
[92mINFO [0m:      	        'eval_loss': '1.8761e+00',
[92mINFO [0m:      	        'time': '7.2609e+02'},
[92mINFO [0m:      	  98: { 'eval_acc': '3.5560e-01',
[92mINFO [0m:      	        'eval_loss': '1.8974e+00',
[92mINFO [0m:      	        'time': '7.3316e+02'},
[92mINFO [0m:      	  99: { 'eval_acc': '3.3790e-01',
[92mINFO [0m:      	        'eval_loss': '1.9276e+00',
[92mINFO [0m:      	        'time': '7.4029e+02'},
[92mINFO [0m:      	  100: { 'eval_acc': '3.7100e-01',
[92mINFO [0m:      	         'eval_loss': '1.8466e+00',
[92mINFO [0m:      	         'time': '7.4746e+02'}}
[92mINFO [0m:      	
[92mINFO [0m:      	ServerApp-side Evaluate Metrics:
[92mINFO [0m:      	{}
[92mINFO [0m:      
[92mINFO [0m:      CSV saved: results/cifar10/7/FedSaSync_fs2_m6.csv
[36m(ClientAppActor pid=1466002)[0m [93mWARNING [0m:   Manually terminating ClientAppActor
[36m(ClientAppActor pid=1466025)[0m [2026-05-20 03:05:41,516 E 1466025 1466911] core_worker_process.cc:825: Failed to establish connection to the metrics exporter agent. Metrics will not be exported. Exporter agent status: RpcError: Running out of retries to initialize the metrics agent. rpc_code: 14[32m [repeated 15x across cluster][0m
[36m(ClientAppActor pid=1466020)[0m [93mWARNING [0m:   Manually terminating ClientAppActor[32m [repeated 10x across cluster][0m
[92mINFO [0m:      
