fs=2 m=6 i=9
Starting local SuperLink on 127.0.0.1:39093...
⚠️ Warning: `options.` fields in the SuperLink connection configuration are deprecated. Use `--federation-config` with `flwr run` instead. Alternatively, permanently set your simulation configuration via `flwr federation simulation-config`.
🎊 Successfully started run 7300839511483850917
[92mINFO [0m:      Starting Flower Simulation
Successfully installed fedsasync to /tmp/Victor-Hidalgo-1436506-108-0/.flwr/apps/flwrlabs.fedsasync.1.0.0.f4a93b94.
[92mINFO [0m:      Starting FedSaSync strategy:
[92mINFO [0m:      	├── Number of rounds: 100
[92mINFO [0m:      	├── ArrayRecord (0.24 MB)
[92mINFO [0m:      	├── ConfigRecord (train): (empty!)
[92mINFO [0m:      	├── ConfigRecord (evaluate): (empty!)
[92mINFO [0m:      	├──> Sampling:
[92mINFO [0m:      	│	├──Fraction: train (1.00) | evaluate ( 1.00)
[92mINFO [0m:      	│	├──Minimum nodes: train (2) | evaluate (2)
[92mINFO [0m:      	│	└──Minimum available nodes: 2
[92mINFO [0m:      	└──> Keys in records:
[92mINFO [0m:      		├── Weighted by: 'num-examples'
[92mINFO [0m:      		├── ArrayRecord key: 'arrays'
[92mINFO [0m:      		└── ConfigRecord key: 'config'
[92mINFO [0m:      
[92mINFO [0m:      
[92mINFO [0m:      [ROUND 1/100]
[92mINFO [0m:      configure_train: Sampled 10 nodes (out of 10)
/home/Victor.Hidalgo/.pyenv/versions/3.12.12/envs/fedsasync/lib/python3.12/site-packages/ray/_private/worker.py:2051: FutureWarning: Tip: In future versions of Ray, Ray will no longer override accelerator visible devices env var if num_gpus=0 or num_gpus=None (default). To enable this behavior and turn off this error message, set RAY_ACCEL_ENV_VAR_OVERRIDE_ON_ZERO=0
  warnings.warn(
[36m(ClientAppActor pid=2631308)[0m Warning: You are sending unauthenticated requests to the HF Hub. Please set a HF_TOKEN to enable higher rate limits and faster downloads.
[92mINFO [0m:      aggregate_train: Received 8 results and 0 failures
[92mINFO [0m:      	└──> Aggregated MetricRecord: {'train_loss': 2.2101607526540756, 'train_time': 7.435176473110914, 'qtty_records': 8}
[92mINFO [0m:      configure_evaluate: Sampled 10 nodes (out of 10)
[36m(pid=gcs_server)[0m [2026-05-20 03:05:53,329 E 2629978 2629978] (gcs_server) gcs_server.cc:302: Failed to establish connection to the event+metrics exporter agent. Events and metrics will not be exported. Exporter agent status: RpcError: Running out of retries to initialize the metrics agent. rpc_code: 14
[36m(ClientAppActor pid=2631287)[0m Warning: You are sending unauthenticated requests to the HF Hub. Please set a HF_TOKEN to enable higher rate limits and faster downloads.[32m [repeated 9x across cluster] (Ray deduplicates logs by default. Set RAY_DEDUP_LOGS=0 to disable log deduplication, or see https://docs.ray.io/en/master/ray-observability/user-guides/configure-logging.html#log-deduplication for more options.)[0m
[33m(raylet)[0m [2026-05-20 03:05:56,534 E 2630256 2630256] (raylet) main.cc:975: Failed to establish connection to the metrics exporter agent. Metrics will not be exported. Exporter agent status: RpcError: Running out of retries to initialize the metrics agent. rpc_code: 14
[92mINFO [0m:      aggregate_evaluate: Received 10 results and 0 failures
[92mINFO [0m:      	└──> Aggregated MetricRecord: {'eval_loss': 2.337392669171095, 'eval_acc': 0.11280000000000001, 'time': 44.31922674179077}
[92mINFO [0m:      
[92mINFO [0m:      [ROUND 2/100]
[92mINFO [0m:      configure_train: Sampled 8 nodes (out of 10)
[36m(ClientAppActor pid=2631312)[0m [2026-05-20 03:06:00,642 E 2631312 2631494] core_worker_process.cc:825: Failed to establish connection to the metrics exporter agent. Metrics will not be exported. Exporter agent status: RpcError: Running out of retries to initialize the metrics agent. rpc_code: 14
[36m(ClientAppActor pid=2631303)[0m Warning: You are sending unauthenticated requests to the HF Hub. Please set a HF_TOKEN to enable higher rate limits and faster downloads.[32m [repeated 2x across cluster][0m
[92mINFO [0m:      aggregate_train: Received 10 results and 0 failures
[92mINFO [0m:      	└──> Aggregated MetricRecord: {'train_loss': 2.138863851070404, 'train_time': 6.957452532835305, 'qtty_records': 10}
[92mINFO [0m:      configure_evaluate: Sampled 10 nodes (out of 10)
[92mINFO [0m:      aggregate_evaluate: Received 10 results and 0 failures
[92mINFO [0m:      	└──> Aggregated MetricRecord: {'eval_loss': 2.2754271261394026, 'eval_acc': 0.10690000000000001, 'time': 51.466368198394775}
[92mINFO [0m:      
[92mINFO [0m:      [ROUND 3/100]
[92mINFO [0m:      configure_train: Sampled 10 nodes (out of 10)
[92mINFO [0m:      aggregate_train: Received 8 results and 0 failures
[92mINFO [0m:      	└──> Aggregated MetricRecord: {'train_loss': 2.08052792429924, 'train_time': 5.576407377142459, 'qtty_records': 8}
[92mINFO [0m:      configure_evaluate: Sampled 10 nodes (out of 10)
[92mINFO [0m:      aggregate_evaluate: Received 10 results and 0 failures
[92mINFO [0m:      	└──> Aggregated MetricRecord: {'eval_loss': 2.1706049520522357, 'eval_acc': 0.169, 'time': 58.59807777404785}
[92mINFO [0m:      
[92mINFO [0m:      [ROUND 4/100]
[92mINFO [0m:      configure_train: Sampled 8 nodes (out of 10)
[92mINFO [0m:      aggregate_train: Received 10 results and 0 failures
[92mINFO [0m:      	└──> Aggregated MetricRecord: {'train_loss': 2.0496518867492677, 'train_time': 6.642127362452447, 'qtty_records': 10}
[92mINFO [0m:      configure_evaluate: Sampled 10 nodes (out of 10)
[92mINFO [0m:      aggregate_evaluate: Received 10 results and 0 failures
[92mINFO [0m:      	└──> Aggregated MetricRecord: {'eval_loss': 2.158822148293257, 'eval_acc': 0.20470000000000002, 'time': 65.63319563865662}
[92mINFO [0m:      
[92mINFO [0m:      [ROUND 5/100]
[92mINFO [0m:      configure_train: Sampled 10 nodes (out of 10)
[92mINFO [0m:      aggregate_train: Received 8 results and 0 failures
[92mINFO [0m:      	└──> Aggregated MetricRecord: {'train_loss': 2.0362709982395173, 'train_time': 5.598514843499288, 'qtty_records': 8}
[92mINFO [0m:      configure_evaluate: Sampled 10 nodes (out of 10)
[92mINFO [0m:      aggregate_evaluate: Received 10 results and 0 failures
[92mINFO [0m:      	└──> Aggregated MetricRecord: {'eval_loss': 2.098702616244555, 'eval_acc': 0.2145, 'time': 72.76321387290955}
[92mINFO [0m:      
[92mINFO [0m:      [ROUND 6/100]
[92mINFO [0m:      configure_train: Sampled 8 nodes (out of 10)
[92mINFO [0m:      aggregate_train: Received 10 results and 0 failures
[92mINFO [0m:      	└──> Aggregated MetricRecord: {'train_loss': 2.0048229325294495, 'train_time': 6.577362653613091, 'qtty_records': 10}
[92mINFO [0m:      configure_evaluate: Sampled 10 nodes (out of 10)
[92mINFO [0m:      aggregate_evaluate: Received 10 results and 0 failures
[92mINFO [0m:      	└──> Aggregated MetricRecord: {'eval_loss': 2.0897314172238115, 'eval_acc': 0.23540000000000003, 'time': 79.79733848571777}
[92mINFO [0m:      
[92mINFO [0m:      [ROUND 7/100]
[92mINFO [0m:      configure_train: Sampled 10 nodes (out of 10)
[92mINFO [0m:      aggregate_train: Received 8 results and 0 failures
[92mINFO [0m:      	└──> Aggregated MetricRecord: {'train_loss': 1.9947489576339723, 'train_time': 5.468082163715735, 'qtty_records': 8}
[92mINFO [0m:      configure_evaluate: Sampled 10 nodes (out of 10)
[92mINFO [0m:      aggregate_evaluate: Received 10 results and 0 failures
[92mINFO [0m:      	└──> Aggregated MetricRecord: {'eval_loss': 2.0553128268569707, 'eval_acc': 0.24050000000000002, 'time': 86.93242740631104}
[92mINFO [0m:      
[92mINFO [0m:      [ROUND 8/100]
[92mINFO [0m:      configure_train: Sampled 8 nodes (out of 10)
[92mINFO [0m:      aggregate_train: Received 10 results and 0 failures
[92mINFO [0m:      	└──> Aggregated MetricRecord: {'train_loss': 1.9878636661529543, 'train_time': 6.508329146541655, 'qtty_records': 10}
[92mINFO [0m:      configure_evaluate: Sampled 10 nodes (out of 10)
[92mINFO [0m:      aggregate_evaluate: Received 10 results and 0 failures
[92mINFO [0m:      	└──> Aggregated MetricRecord: {'eval_loss': 2.0829310439527036, 'eval_acc': 0.24440000000000003, 'time': 94.09049081802368}
[92mINFO [0m:      
[92mINFO [0m:      [ROUND 9/100]
[92mINFO [0m:      configure_train: Sampled 10 nodes (out of 10)
[92mINFO [0m:      aggregate_train: Received 8 results and 0 failures
[92mINFO [0m:      	└──> Aggregated MetricRecord: {'train_loss': 1.977709178686142, 'train_time': 5.512816084316, 'qtty_records': 8}
[92mINFO [0m:      configure_evaluate: Sampled 10 nodes (out of 10)
[92mINFO [0m:      aggregate_evaluate: Received 10 results and 0 failures
[92mINFO [0m:      	└──> Aggregated MetricRecord: {'eval_loss': 2.0432580266147853, 'eval_acc': 0.26680000000000004, 'time': 101.32146763801575}
[92mINFO [0m:      
[92mINFO [0m:      [ROUND 10/100]
[92mINFO [0m:      configure_train: Sampled 8 nodes (out of 10)
[92mINFO [0m:      aggregate_train: Received 10 results and 0 failures
[92mINFO [0m:      	└──> Aggregated MetricRecord: {'train_loss': 1.9801634676933288, 'train_time': 6.607858765870333, 'qtty_records': 10}
[92mINFO [0m:      configure_evaluate: Sampled 10 nodes (out of 10)
[92mINFO [0m:      aggregate_evaluate: Received 10 results and 0 failures
[92mINFO [0m:      	└──> Aggregated MetricRecord: {'eval_loss': 2.000993448123336, 'eval_acc': 0.2767, 'time': 111.45781373977661}
[92mINFO [0m:      
[92mINFO [0m:      [ROUND 11/100]
[92mINFO [0m:      configure_train: Sampled 10 nodes (out of 10)
[92mINFO [0m:      aggregate_train: Received 8 results and 0 failures
[92mINFO [0m:      	└──> Aggregated MetricRecord: {'train_loss': 1.9531787415742876, 'train_time': 5.579209798714146, 'qtty_records': 8}
[92mINFO [0m:      configure_evaluate: Sampled 10 nodes (out of 10)
[92mINFO [0m:      aggregate_evaluate: Received 10 results and 0 failures
[92mINFO [0m:      	└──> Aggregated MetricRecord: {'eval_loss': 1.9889160763472322, 'eval_acc': 0.2738, 'time': 118.5895128250122}
[92mINFO [0m:      
[92mINFO [0m:      [ROUND 12/100]
[92mINFO [0m:      configure_train: Sampled 8 nodes (out of 10)
[92mINFO [0m:      aggregate_train: Received 10 results and 0 failures
[92mINFO [0m:      	└──> Aggregated MetricRecord: {'train_loss': 1.9643684534072876, 'train_time': 6.568297159858048, 'qtty_records': 10}
[92mINFO [0m:      configure_evaluate: Sampled 10 nodes (out of 10)
[92mINFO [0m:      aggregate_evaluate: Received 10 results and 0 failures
[92mINFO [0m:      	└──> Aggregated MetricRecord: {'eval_loss': 2.000999255478382, 'eval_acc': 0.253, 'time': 125.72376918792725}
[92mINFO [0m:      
[92mINFO [0m:      [ROUND 13/100]
[92mINFO [0m:      configure_train: Sampled 10 nodes (out of 10)
[92mINFO [0m:      aggregate_train: Received 8 results and 0 failures
[92mINFO [0m:      	└──> Aggregated MetricRecord: {'train_loss': 1.9405787187814711, 'train_time': 5.517999353352934, 'qtty_records': 8}
[92mINFO [0m:      configure_evaluate: Sampled 10 nodes (out of 10)
[92mINFO [0m:      aggregate_evaluate: Received 10 results and 0 failures
[92mINFO [0m:      	└──> Aggregated MetricRecord: {'eval_loss': 1.9044148620218038, 'eval_acc': 0.29090000000000005, 'time': 132.85503220558167}
[92mINFO [0m:      
[92mINFO [0m:      [ROUND 14/100]
[92mINFO [0m:      configure_train: Sampled 8 nodes (out of 10)
[92mINFO [0m:      aggregate_train: Received 10 results and 0 failures
[92mINFO [0m:      	└──> Aggregated MetricRecord: {'train_loss': 1.9458893203735352, 'train_time': 6.59268838185817, 'qtty_records': 10}
[92mINFO [0m:      configure_evaluate: Sampled 10 nodes (out of 10)
[92mINFO [0m:      aggregate_evaluate: Received 10 results and 0 failures
[92mINFO [0m:      	└──> Aggregated MetricRecord: {'eval_loss': 1.9740751225501303, 'eval_acc': 0.29500000000000004, 'time': 139.9934687614441}
[92mINFO [0m:      
[92mINFO [0m:      [ROUND 15/100]
[92mINFO [0m:      configure_train: Sampled 10 nodes (out of 10)
[92mINFO [0m:      aggregate_train: Received 8 results and 0 failures
[92mINFO [0m:      	└──> Aggregated MetricRecord: {'train_loss': 1.9299297382831573, 'train_time': 5.552626789780334, 'qtty_records': 8}
[92mINFO [0m:      configure_evaluate: Sampled 10 nodes (out of 10)
[92mINFO [0m:      aggregate_evaluate: Received 10 results and 0 failures
[92mINFO [0m:      	└──> Aggregated MetricRecord: {'eval_loss': 1.9159331552684309, 'eval_acc': 0.3181, 'time': 147.1233491897583}
[92mINFO [0m:      
[92mINFO [0m:      [ROUND 16/100]
[92mINFO [0m:      configure_train: Sampled 8 nodes (out of 10)
[92mINFO [0m:      aggregate_train: Received 10 results and 0 failures
[92mINFO [0m:      	└──> Aggregated MetricRecord: {'train_loss': 1.9387822014808656, 'train_time': 6.532150900177657, 'qtty_records': 10}
[92mINFO [0m:      configure_evaluate: Sampled 10 nodes (out of 10)
[92mINFO [0m:      aggregate_evaluate: Received 10 results and 0 failures
[92mINFO [0m:      	└──> Aggregated MetricRecord: {'eval_loss': 1.922689770162106, 'eval_acc': 0.31339999999999996, 'time': 154.15775394439697}
[92mINFO [0m:      
[92mINFO [0m:      [ROUND 17/100]
[92mINFO [0m:      configure_train: Sampled 10 nodes (out of 10)
[92mINFO [0m:      aggregate_train: Received 8 results and 0 failures
[92mINFO [0m:      	└──> Aggregated MetricRecord: {'train_loss': 1.9193698143959044, 'train_time': 5.5549077228643, 'qtty_records': 8}
[92mINFO [0m:      configure_evaluate: Sampled 10 nodes (out of 10)
[92mINFO [0m:      aggregate_evaluate: Received 10 results and 0 failures
[92mINFO [0m:      	└──> Aggregated MetricRecord: {'eval_loss': 1.9330793447792531, 'eval_acc': 0.30610000000000004, 'time': 161.3885154724121}
[92mINFO [0m:      
[92mINFO [0m:      [ROUND 18/100]
[92mINFO [0m:      configure_train: Sampled 8 nodes (out of 10)
[92mINFO [0m:      aggregate_train: Received 10 results and 0 failures
[92mINFO [0m:      	└──> Aggregated MetricRecord: {'train_loss': 1.926036873245239, 'train_time': 6.5590007323771715, 'qtty_records': 10}
[92mINFO [0m:      configure_evaluate: Sampled 10 nodes (out of 10)
[92mINFO [0m:      aggregate_evaluate: Received 10 results and 0 failures
[92mINFO [0m:      	└──> Aggregated MetricRecord: {'eval_loss': 1.9353312842547896, 'eval_acc': 0.3073, 'time': 168.42246389389038}
[92mINFO [0m:      
[92mINFO [0m:      [ROUND 19/100]
[92mINFO [0m:      configure_train: Sampled 10 nodes (out of 10)
[92mINFO [0m:      aggregate_train: Received 8 results and 0 failures
[92mINFO [0m:      	└──> Aggregated MetricRecord: {'train_loss': 1.9272763992547988, 'train_time': 5.553253214340657, 'qtty_records': 8}
[92mINFO [0m:      configure_evaluate: Sampled 10 nodes (out of 10)
[92mINFO [0m:      aggregate_evaluate: Received 10 results and 0 failures
[92mINFO [0m:      	└──> Aggregated MetricRecord: {'eval_loss': 1.9343535870313646, 'eval_acc': 0.3105, 'time': 175.65298295021057}
[92mINFO [0m:      
[92mINFO [0m:      [ROUND 20/100]
[92mINFO [0m:      configure_train: Sampled 8 nodes (out of 10)
[92mINFO [0m:      aggregate_train: Received 10 results and 0 failures
[92mINFO [0m:      	└──> Aggregated MetricRecord: {'train_loss': 1.920154217910767, 'train_time': 6.562722030095756, 'qtty_records': 10}
[92mINFO [0m:      configure_evaluate: Sampled 10 nodes (out of 10)
[92mINFO [0m:      aggregate_evaluate: Received 10 results and 0 failures
[92mINFO [0m:      	└──> Aggregated MetricRecord: {'eval_loss': 1.9470244921743873, 'eval_acc': 0.3024, 'time': 182.69040775299072}
[92mINFO [0m:      
[92mINFO [0m:      [ROUND 21/100]
[92mINFO [0m:      configure_train: Sampled 10 nodes (out of 10)
[92mINFO [0m:      aggregate_train: Received 8 results and 0 failures
[92mINFO [0m:      	└──> Aggregated MetricRecord: {'train_loss': 1.9046759189367293, 'train_time': 5.5461306280922145, 'qtty_records': 8}
[92mINFO [0m:      configure_evaluate: Sampled 10 nodes (out of 10)
[92mINFO [0m:      aggregate_evaluate: Received 10 results and 0 failures
[92mINFO [0m:      	└──> Aggregated MetricRecord: {'eval_loss': 1.9031754009425643, 'eval_acc': 0.3154, 'time': 189.92856884002686}
[92mINFO [0m:      
[92mINFO [0m:      [ROUND 22/100]
[92mINFO [0m:      configure_train: Sampled 8 nodes (out of 10)
[92mINFO [0m:      aggregate_train: Received 10 results and 0 failures
[92mINFO [0m:      	└──> Aggregated MetricRecord: {'train_loss': 1.9076912694931034, 'train_time': 6.59728860296309, 'qtty_records': 10}
[92mINFO [0m:      configure_evaluate: Sampled 10 nodes (out of 10)
[92mINFO [0m:      aggregate_evaluate: Received 10 results and 0 failures
[92mINFO [0m:      	└──> Aggregated MetricRecord: {'eval_loss': 1.9314331185072662, 'eval_acc': 0.3002, 'time': 196.96208930015564}
[92mINFO [0m:      
[92mINFO [0m:      [ROUND 23/100]
[92mINFO [0m:      configure_train: Sampled 10 nodes (out of 10)
[92mINFO [0m:      aggregate_train: Received 8 results and 0 failures
[92mINFO [0m:      	└──> Aggregated MetricRecord: {'train_loss': 1.903037276148796, 'train_time': 5.5466041304171085, 'qtty_records': 8}
[92mINFO [0m:      configure_evaluate: Sampled 10 nodes (out of 10)
[92mINFO [0m:      aggregate_evaluate: Received 10 results and 0 failures
[92mINFO [0m:      	└──> Aggregated MetricRecord: {'eval_loss': 1.9071015454828744, 'eval_acc': 0.31379999999999997, 'time': 203.9926631450653}
[92mINFO [0m:      
[92mINFO [0m:      [ROUND 24/100]
[92mINFO [0m:      configure_train: Sampled 8 nodes (out of 10)
[92mINFO [0m:      aggregate_train: Received 10 results and 0 failures
[92mINFO [0m:      	└──> Aggregated MetricRecord: {'train_loss': 1.9010223893165585, 'train_time': 6.59425826203078, 'qtty_records': 10}
[92mINFO [0m:      configure_evaluate: Sampled 10 nodes (out of 10)
[92mINFO [0m:      aggregate_evaluate: Received 10 results and 0 failures
[92mINFO [0m:      	└──> Aggregated MetricRecord: {'eval_loss': 1.889093091338873, 'eval_acc': 0.3266, 'time': 211.128103017807}
[92mINFO [0m:      
[92mINFO [0m:      [ROUND 25/100]
[92mINFO [0m:      configure_train: Sampled 10 nodes (out of 10)
[92mINFO [0m:      aggregate_train: Received 8 results and 0 failures
[92mINFO [0m:      	└──> Aggregated MetricRecord: {'train_loss': 1.8890432171821592, 'train_time': 5.592901112977415, 'qtty_records': 8}
[92mINFO [0m:      configure_evaluate: Sampled 10 nodes (out of 10)
[92mINFO [0m:      aggregate_evaluate: Received 10 results and 0 failures
[92mINFO [0m:      	└──> Aggregated MetricRecord: {'eval_loss': 1.8844122596085071, 'eval_acc': 0.3232, 'time': 218.25811171531677}
[92mINFO [0m:      
[92mINFO [0m:      [ROUND 26/100]
[92mINFO [0m:      configure_train: Sampled 8 nodes (out of 10)
[92mINFO [0m:      aggregate_train: Received 10 results and 0 failures
[92mINFO [0m:      	└──> Aggregated MetricRecord: {'train_loss': 1.8833896872520448, 'train_time': 6.636164987459779, 'qtty_records': 10}
[92mINFO [0m:      configure_evaluate: Sampled 10 nodes (out of 10)
[92mINFO [0m:      aggregate_evaluate: Received 10 results and 0 failures
[92mINFO [0m:      	└──> Aggregated MetricRecord: {'eval_loss': 1.8791164536029101, 'eval_acc': 0.3251, 'time': 225.39272379875183}
[92mINFO [0m:      
[92mINFO [0m:      [ROUND 27/100]
[92mINFO [0m:      configure_train: Sampled 10 nodes (out of 10)
[92mINFO [0m:      aggregate_train: Received 8 results and 0 failures
[92mINFO [0m:      	└──> Aggregated MetricRecord: {'train_loss': 1.8912694658041, 'train_time': 5.5780180774163455, 'qtty_records': 8}
[92mINFO [0m:      configure_evaluate: Sampled 10 nodes (out of 10)
[92mINFO [0m:      aggregate_evaluate: Received 10 results and 0 failures
[92mINFO [0m:      	└──> Aggregated MetricRecord: {'eval_loss': 1.9025065857917074, 'eval_acc': 0.32210000000000005, 'time': 232.52337002754211}
[92mINFO [0m:      
[92mINFO [0m:      [ROUND 28/100]
[92mINFO [0m:      configure_train: Sampled 8 nodes (out of 10)
[92mINFO [0m:      aggregate_train: Received 10 results and 0 failures
[92mINFO [0m:      	└──> Aggregated MetricRecord: {'train_loss': 1.8971100900650024, 'train_time': 6.629587063752115, 'qtty_records': 10}
[92mINFO [0m:      configure_evaluate: Sampled 10 nodes (out of 10)
[92mINFO [0m:      aggregate_evaluate: Received 10 results and 0 failures
[92mINFO [0m:      	└──> Aggregated MetricRecord: {'eval_loss': 1.8872918158769612, 'eval_acc': 0.3418, 'time': 239.66782593727112}
[92mINFO [0m:      
[92mINFO [0m:      [ROUND 29/100]
[92mINFO [0m:      configure_train: Sampled 10 nodes (out of 10)
[92mINFO [0m:      aggregate_train: Received 8 results and 0 failures
[92mINFO [0m:      	└──> Aggregated MetricRecord: {'train_loss': 1.8898534140586853, 'train_time': 5.570274566998705, 'qtty_records': 8}
[92mINFO [0m:      configure_evaluate: Sampled 10 nodes (out of 10)
[92mINFO [0m:      aggregate_evaluate: Received 10 results and 0 failures
[92mINFO [0m:      	└──> Aggregated MetricRecord: {'eval_loss': 1.874408278614283, 'eval_acc': 0.3255, 'time': 246.80000638961792}
[92mINFO [0m:      
[92mINFO [0m:      [ROUND 30/100]
[92mINFO [0m:      configure_train: Sampled 8 nodes (out of 10)
[92mINFO [0m:      aggregate_train: Received 10 results and 0 failures
[92mINFO [0m:      	└──> Aggregated MetricRecord: {'train_loss': 1.8844338647842411, 'train_time': 6.641315445862711, 'qtty_records': 10}
[92mINFO [0m:      configure_evaluate: Sampled 10 nodes (out of 10)
[92mINFO [0m:      aggregate_evaluate: Received 10 results and 0 failures
[92mINFO [0m:      	└──> Aggregated MetricRecord: {'eval_loss': 1.845153306052089, 'eval_acc': 0.3231, 'time': 253.83454585075378}
[92mINFO [0m:      
[92mINFO [0m:      [ROUND 31/100]
[92mINFO [0m:      configure_train: Sampled 10 nodes (out of 10)
[92mINFO [0m:      aggregate_train: Received 8 results and 0 failures
[92mINFO [0m:      	└──> Aggregated MetricRecord: {'train_loss': 1.8730705975294113, 'train_time': 5.58637223392725, 'qtty_records': 8}
[92mINFO [0m:      configure_evaluate: Sampled 10 nodes (out of 10)
[92mINFO [0m:      aggregate_evaluate: Received 10 results and 0 failures
[92mINFO [0m:      	└──> Aggregated MetricRecord: {'eval_loss': 1.8573308784514666, 'eval_acc': 0.3386, 'time': 260.9663951396942}
[92mINFO [0m:      
[92mINFO [0m:      [ROUND 32/100]
[92mINFO [0m:      configure_train: Sampled 8 nodes (out of 10)
[92mINFO [0m:      aggregate_train: Received 10 results and 0 failures
[92mINFO [0m:      	└──> Aggregated MetricRecord: {'train_loss': 1.8833751100540161, 'train_time': 6.633683516271413, 'qtty_records': 10}
[92mINFO [0m:      configure_evaluate: Sampled 10 nodes (out of 10)
[92mINFO [0m:      aggregate_evaluate: Received 10 results and 0 failures
[92mINFO [0m:      	└──> Aggregated MetricRecord: {'eval_loss': 1.8899108499288562, 'eval_acc': 0.3176, 'time': 268.0049695968628}
[92mINFO [0m:      
[92mINFO [0m:      [ROUND 33/100]
[92mINFO [0m:      configure_train: Sampled 10 nodes (out of 10)
[92mINFO [0m:      aggregate_train: Received 8 results and 0 failures
[92mINFO [0m:      	└──> Aggregated MetricRecord: {'train_loss': 1.8753439457416534, 'train_time': 5.538166591431946, 'qtty_records': 8}
[92mINFO [0m:      configure_evaluate: Sampled 10 nodes (out of 10)
[92mINFO [0m:      aggregate_evaluate: Received 10 results and 0 failures
[92mINFO [0m:      	└──> Aggregated MetricRecord: {'eval_loss': 1.8426048755645752, 'eval_acc': 0.33940000000000003, 'time': 275.13675713539124}
[92mINFO [0m:      
[92mINFO [0m:      [ROUND 34/100]
[92mINFO [0m:      configure_train: Sampled 8 nodes (out of 10)
[92mINFO [0m:      aggregate_train: Received 10 results and 0 failures
[92mINFO [0m:      	└──> Aggregated MetricRecord: {'train_loss': 1.8642955200195315, 'train_time': 6.560580834932625, 'qtty_records': 10}
[92mINFO [0m:      configure_evaluate: Sampled 10 nodes (out of 10)
[92mINFO [0m:      aggregate_evaluate: Received 10 results and 0 failures
[92mINFO [0m:      	└──> Aggregated MetricRecord: {'eval_loss': 1.8479245476424697, 'eval_acc': 0.34090000000000004, 'time': 282.17207503318787}
[92mINFO [0m:      
[92mINFO [0m:      [ROUND 35/100]
[92mINFO [0m:      configure_train: Sampled 10 nodes (out of 10)
[92mINFO [0m:      aggregate_train: Received 8 results and 0 failures
[92mINFO [0m:      	└──> Aggregated MetricRecord: {'train_loss': 1.8632907460927965, 'train_time': 5.598128281999379, 'qtty_records': 8}
[92mINFO [0m:      configure_evaluate: Sampled 10 nodes (out of 10)
[92mINFO [0m:      aggregate_evaluate: Received 10 results and 0 failures
[92mINFO [0m:      	└──> Aggregated MetricRecord: {'eval_loss': 1.8862092018127443, 'eval_acc': 0.3275, 'time': 289.4063022136688}
[92mINFO [0m:      
[92mINFO [0m:      [ROUND 36/100]
[92mINFO [0m:      configure_train: Sampled 8 nodes (out of 10)
[92mINFO [0m:      aggregate_train: Received 10 results and 0 failures
[92mINFO [0m:      	└──> Aggregated MetricRecord: {'train_loss': 1.8784785224914555, 'train_time': 6.645636365003884, 'qtty_records': 10}
[92mINFO [0m:      configure_evaluate: Sampled 10 nodes (out of 10)
[92mINFO [0m:      aggregate_evaluate: Received 10 results and 0 failures
[92mINFO [0m:      	└──> Aggregated MetricRecord: {'eval_loss': 1.8624023720622063, 'eval_acc': 0.34400000000000003, 'time': 296.54131603240967}
[92mINFO [0m:      
[92mINFO [0m:      [ROUND 37/100]
[92mINFO [0m:      configure_train: Sampled 10 nodes (out of 10)
[92mINFO [0m:      aggregate_train: Received 8 results and 0 failures
[92mINFO [0m:      	└──> Aggregated MetricRecord: {'train_loss': 1.8690767110586166, 'train_time': 5.570576356025413, 'qtty_records': 8}
[92mINFO [0m:      configure_evaluate: Sampled 10 nodes (out of 10)
[92mINFO [0m:      aggregate_evaluate: Received 10 results and 0 failures
[92mINFO [0m:      	└──> Aggregated MetricRecord: {'eval_loss': 1.8933669637888673, 'eval_acc': 0.3348, 'time': 303.67414593696594}
[92mINFO [0m:      
[92mINFO [0m:      [ROUND 38/100]
[92mINFO [0m:      configure_train: Sampled 8 nodes (out of 10)
[92mINFO [0m:      aggregate_train: Received 10 results and 0 failures
[92mINFO [0m:      	└──> Aggregated MetricRecord: {'train_loss': 1.8868113091468812, 'train_time': 6.6418833812698725, 'qtty_records': 10}
[92mINFO [0m:      configure_evaluate: Sampled 10 nodes (out of 10)
[92mINFO [0m:      aggregate_evaluate: Received 10 results and 0 failures
[92mINFO [0m:      	└──> Aggregated MetricRecord: {'eval_loss': 1.9039072807878257, 'eval_acc': 0.3303, 'time': 310.81023478507996}
[92mINFO [0m:      
[92mINFO [0m:      [ROUND 39/100]
[92mINFO [0m:      configure_train: Sampled 10 nodes (out of 10)
[92mINFO [0m:      aggregate_train: Received 8 results and 0 failures
[92mINFO [0m:      	└──> Aggregated MetricRecord: {'train_loss': 1.8684892169237137, 'train_time': 5.581085997633636, 'qtty_records': 8}
[92mINFO [0m:      configure_evaluate: Sampled 10 nodes (out of 10)
[92mINFO [0m:      aggregate_evaluate: Received 10 results and 0 failures
[92mINFO [0m:      	└──> Aggregated MetricRecord: {'eval_loss': 1.8601764414459467, 'eval_acc': 0.33520000000000005, 'time': 317.8404152393341}
[92mINFO [0m:      
[92mINFO [0m:      [ROUND 40/100]
[92mINFO [0m:      configure_train: Sampled 8 nodes (out of 10)
[92mINFO [0m:      aggregate_train: Received 10 results and 0 failures
[92mINFO [0m:      	└──> Aggregated MetricRecord: {'train_loss': 1.8744150394439698, 'train_time': 6.644565905071795, 'qtty_records': 10}
[92mINFO [0m:      configure_evaluate: Sampled 10 nodes (out of 10)
[92mINFO [0m:      aggregate_evaluate: Received 10 results and 0 failures
[92mINFO [0m:      	└──> Aggregated MetricRecord: {'eval_loss': 1.8823694676160811, 'eval_acc': 0.3340000000000001, 'time': 324.9754066467285}
[92mINFO [0m:      
[92mINFO [0m:      [ROUND 41/100]
[92mINFO [0m:      configure_train: Sampled 10 nodes (out of 10)
[92mINFO [0m:      aggregate_train: Received 8 results and 0 failures
[92mINFO [0m:      	└──> Aggregated MetricRecord: {'train_loss': 1.8795163829326629, 'train_time': 5.581523087108508, 'qtty_records': 8}
[92mINFO [0m:      configure_evaluate: Sampled 10 nodes (out of 10)
[92mINFO [0m:      aggregate_evaluate: Received 10 results and 0 failures
[92mINFO [0m:      	└──> Aggregated MetricRecord: {'eval_loss': 1.8691903501749039, 'eval_acc': 0.33770000000000006, 'time': 332.10543513298035}
[92mINFO [0m:      
[92mINFO [0m:      [ROUND 42/100]
[92mINFO [0m:      configure_train: Sampled 8 nodes (out of 10)
[92mINFO [0m:      aggregate_train: Received 10 results and 0 failures
[92mINFO [0m:      	└──> Aggregated MetricRecord: {'train_loss': 1.873227618122101, 'train_time': 6.625856109894812, 'qtty_records': 10}
[92mINFO [0m:      configure_evaluate: Sampled 10 nodes (out of 10)
[92mINFO [0m:      aggregate_evaluate: Received 10 results and 0 failures
[92mINFO [0m:      	└──> Aggregated MetricRecord: {'eval_loss': 1.889192865788937, 'eval_acc': 0.3387, 'time': 339.139705657959}
[92mINFO [0m:      
[92mINFO [0m:      [ROUND 43/100]
[92mINFO [0m:      configure_train: Sampled 10 nodes (out of 10)
[92mINFO [0m:      aggregate_train: Received 8 results and 0 failures
[92mINFO [0m:      	└──> Aggregated MetricRecord: {'train_loss': 1.8594873195886612, 'train_time': 5.595794275868684, 'qtty_records': 8}
[92mINFO [0m:      configure_evaluate: Sampled 10 nodes (out of 10)
[92mINFO [0m:      aggregate_evaluate: Received 10 results and 0 failures
[92mINFO [0m:      	└──> Aggregated MetricRecord: {'eval_loss': 1.8677359811961651, 'eval_acc': 0.33330000000000004, 'time': 346.2695586681366}
[92mINFO [0m:      
[92mINFO [0m:      [ROUND 44/100]
[92mINFO [0m:      configure_train: Sampled 8 nodes (out of 10)
[92mINFO [0m:      aggregate_train: Received 10 results and 0 failures
[92mINFO [0m:      	└──> Aggregated MetricRecord: {'train_loss': 1.880091855812073, 'train_time': 6.644093498401344, 'qtty_records': 10}
[92mINFO [0m:      configure_evaluate: Sampled 10 nodes (out of 10)
[92mINFO [0m:      aggregate_evaluate: Received 10 results and 0 failures
[92mINFO [0m:      	└──> Aggregated MetricRecord: {'eval_loss': 1.8843035534024242, 'eval_acc': 0.3325, 'time': 353.3034987449646}
[92mINFO [0m:      
[92mINFO [0m:      [ROUND 45/100]
[92mINFO [0m:      configure_train: Sampled 10 nodes (out of 10)
[92mINFO [0m:      aggregate_train: Received 8 results and 0 failures
[92mINFO [0m:      	└──> Aggregated MetricRecord: {'train_loss': 1.864559069275856, 'train_time': 5.544862265465781, 'qtty_records': 8}
[92mINFO [0m:      configure_evaluate: Sampled 10 nodes (out of 10)
[92mINFO [0m:      aggregate_evaluate: Received 10 results and 0 failures
[92mINFO [0m:      	└──> Aggregated MetricRecord: {'eval_loss': 1.916373757645488, 'eval_acc': 0.3256, 'time': 360.43429589271545}
[92mINFO [0m:      
[92mINFO [0m:      [ROUND 46/100]
[92mINFO [0m:      configure_train: Sampled 8 nodes (out of 10)
[92mINFO [0m:      aggregate_train: Received 10 results and 0 failures
[92mINFO [0m:      	└──> Aggregated MetricRecord: {'train_loss': 1.8648244398117069, 'train_time': 6.549997231550515, 'qtty_records': 10}
[92mINFO [0m:      configure_evaluate: Sampled 10 nodes (out of 10)
[92mINFO [0m:      aggregate_evaluate: Received 10 results and 0 failures
[92mINFO [0m:      	└──> Aggregated MetricRecord: {'eval_loss': 1.8600426282733682, 'eval_acc': 0.3485, 'time': 367.4705402851105}
[92mINFO [0m:      
[92mINFO [0m:      [ROUND 47/100]
[92mINFO [0m:      configure_train: Sampled 10 nodes (out of 10)
[92mINFO [0m:      aggregate_train: Received 8 results and 0 failures
[92mINFO [0m:      	└──> Aggregated MetricRecord: {'train_loss': 1.8564547299146652, 'train_time': 5.577539681456983, 'qtty_records': 8}
[92mINFO [0m:      configure_evaluate: Sampled 10 nodes (out of 10)
[92mINFO [0m:      aggregate_evaluate: Received 10 results and 0 failures
[92mINFO [0m:      	└──> Aggregated MetricRecord: {'eval_loss': 1.8682037156075237, 'eval_acc': 0.33860000000000007, 'time': 374.61005187034607}
[92mINFO [0m:      
[92mINFO [0m:      [ROUND 48/100]
[92mINFO [0m:      configure_train: Sampled 8 nodes (out of 10)
[92mINFO [0m:      aggregate_train: Received 10 results and 0 failures
[92mINFO [0m:      	└──> Aggregated MetricRecord: {'train_loss': 1.8642555690765383, 'train_time': 6.6200311498716475, 'qtty_records': 10}
[92mINFO [0m:      configure_evaluate: Sampled 10 nodes (out of 10)
[92mINFO [0m:      aggregate_evaluate: Received 10 results and 0 failures
[92mINFO [0m:      	└──> Aggregated MetricRecord: {'eval_loss': 1.8605492800474168, 'eval_acc': 0.3265, 'time': 381.74435019493103}
[92mINFO [0m:      
[92mINFO [0m:      [ROUND 49/100]
[92mINFO [0m:      configure_train: Sampled 10 nodes (out of 10)
[92mINFO [0m:      aggregate_train: Received 8 results and 0 failures
[92mINFO [0m:      	└──> Aggregated MetricRecord: {'train_loss': 1.8467130970954895, 'train_time': 5.57169405464083, 'qtty_records': 8}
[92mINFO [0m:      configure_evaluate: Sampled 10 nodes (out of 10)
[92mINFO [0m:      aggregate_evaluate: Received 10 results and 0 failures
[92mINFO [0m:      	└──> Aggregated MetricRecord: {'eval_loss': 1.8403811648488047, 'eval_acc': 0.3402, 'time': 388.7738666534424}
[92mINFO [0m:      
[92mINFO [0m:      [ROUND 50/100]
[92mINFO [0m:      configure_train: Sampled 8 nodes (out of 10)
[92mINFO [0m:      aggregate_train: Received 10 results and 0 failures
[92mINFO [0m:      	└──> Aggregated MetricRecord: {'train_loss': 1.8693236083984375, 'train_time': 6.624048973247409, 'qtty_records': 10}
[92mINFO [0m:      configure_evaluate: Sampled 10 nodes (out of 10)
[92mINFO [0m:      aggregate_evaluate: Received 10 results and 0 failures
[92mINFO [0m:      	└──> Aggregated MetricRecord: {'eval_loss': 1.875411369279027, 'eval_acc': 0.3239, 'time': 395.908527135849}
[92mINFO [0m:      
[92mINFO [0m:      [ROUND 51/100]
[92mINFO [0m:      configure_train: Sampled 10 nodes (out of 10)
[92mINFO [0m:      aggregate_train: Received 8 results and 0 failures
[92mINFO [0m:      	└──> Aggregated MetricRecord: {'train_loss': 1.8490517575740812, 'train_time': 5.569828715873882, 'qtty_records': 8}
[92mINFO [0m:      configure_evaluate: Sampled 10 nodes (out of 10)
[92mINFO [0m:      aggregate_evaluate: Received 10 results and 0 failures
[92mINFO [0m:      	└──> Aggregated MetricRecord: {'eval_loss': 1.8288064878433943, 'eval_acc': 0.3387, 'time': 402.9383089542389}
[92mINFO [0m:      
[92mINFO [0m:      [ROUND 52/100]
[92mINFO [0m:      configure_train: Sampled 8 nodes (out of 10)
[92mINFO [0m:      aggregate_train: Received 10 results and 0 failures
[92mINFO [0m:      	└──> Aggregated MetricRecord: {'train_loss': 1.8893564296722412, 'train_time': 6.611656794883311, 'qtty_records': 10}
[92mINFO [0m:      configure_evaluate: Sampled 10 nodes (out of 10)
[92mINFO [0m:      aggregate_evaluate: Received 10 results and 0 failures
[92mINFO [0m:      	└──> Aggregated MetricRecord: {'eval_loss': 1.858564714714885, 'eval_acc': 0.3466, 'time': 410.0735378265381}
[92mINFO [0m:      
[92mINFO [0m:      [ROUND 53/100]
[92mINFO [0m:      configure_train: Sampled 10 nodes (out of 10)
[92mINFO [0m:      aggregate_train: Received 8 results and 0 failures
[92mINFO [0m:      	└──> Aggregated MetricRecord: {'train_loss': 1.8474353123903275, 'train_time': 5.572924319654703, 'qtty_records': 8}
[92mINFO [0m:      configure_evaluate: Sampled 10 nodes (out of 10)
[92mINFO [0m:      aggregate_evaluate: Received 10 results and 0 failures
[92mINFO [0m:      	└──> Aggregated MetricRecord: {'eval_loss': 1.8478390239179134, 'eval_acc': 0.3472, 'time': 417.20449805259705}
[92mINFO [0m:      
[92mINFO [0m:      [ROUND 54/100]
[92mINFO [0m:      configure_train: Sampled 8 nodes (out of 10)
[92mINFO [0m:      aggregate_train: Received 10 results and 0 failures
[92mINFO [0m:      	└──> Aggregated MetricRecord: {'train_loss': 1.863369641685486, 'train_time': 6.614979823306203, 'qtty_records': 10}
[92mINFO [0m:      configure_evaluate: Sampled 10 nodes (out of 10)
[92mINFO [0m:      aggregate_evaluate: Received 10 results and 0 failures
[92mINFO [0m:      	└──> Aggregated MetricRecord: {'eval_loss': 1.8332729499787095, 'eval_acc': 0.3422, 'time': 424.3532419204712}
[92mINFO [0m:      
[92mINFO [0m:      [ROUND 55/100]
[92mINFO [0m:      configure_train: Sampled 10 nodes (out of 10)
[92mINFO [0m:      aggregate_train: Received 8 results and 0 failures
[92mINFO [0m:      	└──> Aggregated MetricRecord: {'train_loss': 1.8511312427520752, 'train_time': 5.585451677441597, 'qtty_records': 8}
[92mINFO [0m:      configure_evaluate: Sampled 10 nodes (out of 10)
[92mINFO [0m:      aggregate_evaluate: Received 10 results and 0 failures
[92mINFO [0m:      	└──> Aggregated MetricRecord: {'eval_loss': 1.837693512439728, 'eval_acc': 0.3474, 'time': 431.48349356651306}
[92mINFO [0m:      
[92mINFO [0m:      [ROUND 56/100]
[92mINFO [0m:      configure_train: Sampled 8 nodes (out of 10)
[92mINFO [0m:      aggregate_train: Received 10 results and 0 failures
[92mINFO [0m:      	└──> Aggregated MetricRecord: {'train_loss': 1.8551192905426028, 'train_time': 6.598354561068118, 'qtty_records': 10}
[92mINFO [0m:      configure_evaluate: Sampled 10 nodes (out of 10)
[92mINFO [0m:      aggregate_evaluate: Received 10 results and 0 failures
[92mINFO [0m:      	└──> Aggregated MetricRecord: {'eval_loss': 1.8546407531946898, 'eval_acc': 0.3554, 'time': 438.64832639694214}
[92mINFO [0m:      
[92mINFO [0m:      [ROUND 57/100]
[92mINFO [0m:      configure_train: Sampled 10 nodes (out of 10)
[92mINFO [0m:      aggregate_train: Received 8 results and 0 failures
[92mINFO [0m:      	└──> Aggregated MetricRecord: {'train_loss': 1.848700947999954, 'train_time': 5.479956394294277, 'qtty_records': 8}
[92mINFO [0m:      configure_evaluate: Sampled 10 nodes (out of 10)
[92mINFO [0m:      aggregate_evaluate: Received 10 results and 0 failures
[92mINFO [0m:      	└──> Aggregated MetricRecord: {'eval_loss': 1.8518263842910532, 'eval_acc': 0.354, 'time': 445.779324054718}
[92mINFO [0m:      
[92mINFO [0m:      [ROUND 58/100]
[92mINFO [0m:      configure_train: Sampled 8 nodes (out of 10)
[92mINFO [0m:      aggregate_train: Received 10 results and 0 failures
[92mINFO [0m:      	└──> Aggregated MetricRecord: {'train_loss': 1.8638866796493532, 'train_time': 6.503680711425841, 'qtty_records': 10}
[92mINFO [0m:      configure_evaluate: Sampled 10 nodes (out of 10)
[92mINFO [0m:      aggregate_evaluate: Received 10 results and 0 failures
[92mINFO [0m:      	└──> Aggregated MetricRecord: {'eval_loss': 1.8378531720489264, 'eval_acc': 0.3508, 'time': 452.94082617759705}
[92mINFO [0m:      
[92mINFO [0m:      [ROUND 59/100]
[92mINFO [0m:      configure_train: Sampled 10 nodes (out of 10)
[92mINFO [0m:      aggregate_train: Received 8 results and 0 failures
[92mINFO [0m:      	└──> Aggregated MetricRecord: {'train_loss': 1.8583269091844559, 'train_time': 5.4782704170793295, 'qtty_records': 8}
[92mINFO [0m:      configure_evaluate: Sampled 10 nodes (out of 10)
[92mINFO [0m:      aggregate_evaluate: Received 10 results and 0 failures
[92mINFO [0m:      	└──> Aggregated MetricRecord: {'eval_loss': 1.8404857318848373, 'eval_acc': 0.3477, 'time': 460.0732092857361}
[92mINFO [0m:      
[92mINFO [0m:      [ROUND 60/100]
[92mINFO [0m:      configure_train: Sampled 8 nodes (out of 10)
[92mINFO [0m:      aggregate_train: Received 10 results and 0 failures
[92mINFO [0m:      	└──> Aggregated MetricRecord: {'train_loss': 1.8767245491981508, 'train_time': 6.544378205388784, 'qtty_records': 10}
[92mINFO [0m:      configure_evaluate: Sampled 10 nodes (out of 10)
[92mINFO [0m:      aggregate_evaluate: Received 10 results and 0 failures
[92mINFO [0m:      	└──> Aggregated MetricRecord: {'eval_loss': 1.87098747715354, 'eval_acc': 0.3386, 'time': 467.20811319351196}
[92mINFO [0m:      
[92mINFO [0m:      [ROUND 61/100]
[92mINFO [0m:      configure_train: Sampled 10 nodes (out of 10)
[92mINFO [0m:      aggregate_train: Received 8 results and 0 failures
[92mINFO [0m:      	└──> Aggregated MetricRecord: {'train_loss': 1.845407113790512, 'train_time': 5.503470501862466, 'qtty_records': 8}
[92mINFO [0m:      configure_evaluate: Sampled 10 nodes (out of 10)
[92mINFO [0m:      aggregate_evaluate: Received 10 results and 0 failures
[92mINFO [0m:      	└──> Aggregated MetricRecord: {'eval_loss': 1.8662538550794125, 'eval_acc': 0.3431, 'time': 474.33894634246826}
[92mINFO [0m:      
[92mINFO [0m:      [ROUND 62/100]
[92mINFO [0m:      configure_train: Sampled 8 nodes (out of 10)
[92mINFO [0m:      aggregate_train: Received 10 results and 0 failures
[92mINFO [0m:      	└──> Aggregated MetricRecord: {'train_loss': 1.8459426063537596, 'train_time': 6.635132098570466, 'qtty_records': 10}
[92mINFO [0m:      configure_evaluate: Sampled 10 nodes (out of 10)
[92mINFO [0m:      aggregate_evaluate: Received 10 results and 0 failures
[92mINFO [0m:      	└──> Aggregated MetricRecord: {'eval_loss': 1.8619270708411935, 'eval_acc': 0.34840000000000004, 'time': 481.4808588027954}
[92mINFO [0m:      
[92mINFO [0m:      [ROUND 63/100]
[92mINFO [0m:      configure_train: Sampled 10 nodes (out of 10)
[92mINFO [0m:      aggregate_train: Received 8 results and 0 failures
[92mINFO [0m:      	└──> Aggregated MetricRecord: {'train_loss': 1.8706165249347688, 'train_time': 5.5386635267641395, 'qtty_records': 8}
[92mINFO [0m:      configure_evaluate: Sampled 10 nodes (out of 10)
[92mINFO [0m:      aggregate_evaluate: Received 10 results and 0 failures
[92mINFO [0m:      	└──> Aggregated MetricRecord: {'eval_loss': 1.8474815983325246, 'eval_acc': 0.33799999999999997, 'time': 488.6120533943176}
[92mINFO [0m:      
[92mINFO [0m:      [ROUND 64/100]
[92mINFO [0m:      configure_train: Sampled 8 nodes (out of 10)
[92mINFO [0m:      aggregate_train: Received 10 results and 0 failures
[92mINFO [0m:      	└──> Aggregated MetricRecord: {'train_loss': 1.8526430598258974, 'train_time': 6.598309114575386, 'qtty_records': 10}
[92mINFO [0m:      configure_evaluate: Sampled 10 nodes (out of 10)
[92mINFO [0m:      aggregate_evaluate: Received 10 results and 0 failures
[92mINFO [0m:      	└──> Aggregated MetricRecord: {'eval_loss': 1.836810312047601, 'eval_acc': 0.3659, 'time': 495.6476263999939}
[92mINFO [0m:      
[92mINFO [0m:      [ROUND 65/100]
[92mINFO [0m:      configure_train: Sampled 10 nodes (out of 10)
[92mINFO [0m:      aggregate_train: Received 8 results and 0 failures
[92mINFO [0m:      	└──> Aggregated MetricRecord: {'train_loss': 1.8327695114612579, 'train_time': 5.5237454399466515, 'qtty_records': 8}
[92mINFO [0m:      configure_evaluate: Sampled 10 nodes (out of 10)
[92mINFO [0m:      aggregate_evaluate: Received 10 results and 0 failures
[92mINFO [0m:      	└──> Aggregated MetricRecord: {'eval_loss': 1.8409002650529147, 'eval_acc': 0.35419999999999996, 'time': 502.7775719165802}
[92mINFO [0m:      
[92mINFO [0m:      [ROUND 66/100]
[92mINFO [0m:      configure_train: Sampled 8 nodes (out of 10)
[92mINFO [0m:      aggregate_train: Received 10 results and 0 failures
[92mINFO [0m:      	└──> Aggregated MetricRecord: {'train_loss': 1.846765519142151, 'train_time': 6.5463743474334475, 'qtty_records': 10}
[92mINFO [0m:      configure_evaluate: Sampled 10 nodes (out of 10)
[92mINFO [0m:      aggregate_evaluate: Received 10 results and 0 failures
[92mINFO [0m:      	└──> Aggregated MetricRecord: {'eval_loss': 1.8321277223527432, 'eval_acc': 0.3497, 'time': 509.91218090057373}
[92mINFO [0m:      
[92mINFO [0m:      [ROUND 67/100]
[92mINFO [0m:      configure_train: Sampled 10 nodes (out of 10)
[92mINFO [0m:      aggregate_train: Received 8 results and 0 failures
[92mINFO [0m:      	└──> Aggregated MetricRecord: {'train_loss': 1.8506095482110976, 'train_time': 5.5426322186831385, 'qtty_records': 8}
[92mINFO [0m:      configure_evaluate: Sampled 10 nodes (out of 10)
[92mINFO [0m:      aggregate_evaluate: Received 10 results and 0 failures
[92mINFO [0m:      	└──> Aggregated MetricRecord: {'eval_loss': 1.8589390899986031, 'eval_acc': 0.3542, 'time': 517.0484743118286}
[92mINFO [0m:      
[92mINFO [0m:      [ROUND 68/100]
[92mINFO [0m:      configure_train: Sampled 8 nodes (out of 10)
[92mINFO [0m:      aggregate_train: Received 10 results and 0 failures
[92mINFO [0m:      	└──> Aggregated MetricRecord: {'train_loss': 1.8333475417137146, 'train_time': 6.550768072344363, 'qtty_records': 10}
[92mINFO [0m:      configure_evaluate: Sampled 10 nodes (out of 10)
[92mINFO [0m:      aggregate_evaluate: Received 10 results and 0 failures
[92mINFO [0m:      	└──> Aggregated MetricRecord: {'eval_loss': 1.8240045223385097, 'eval_acc': 0.3593, 'time': 524.0852012634277}
[92mINFO [0m:      
[92mINFO [0m:      [ROUND 69/100]
[92mINFO [0m:      configure_train: Sampled 10 nodes (out of 10)
[92mINFO [0m:      aggregate_train: Received 8 results and 0 failures
[92mINFO [0m:      	└──> Aggregated MetricRecord: {'train_loss': 1.8505350933074953, 'train_time': 5.560540669364855, 'qtty_records': 8}
[92mINFO [0m:      configure_evaluate: Sampled 10 nodes (out of 10)
[92mINFO [0m:      aggregate_evaluate: Received 10 results and 0 failures
[92mINFO [0m:      	└──> Aggregated MetricRecord: {'eval_loss': 1.8389753881841897, 'eval_acc': 0.34950000000000003, 'time': 531.2169587612152}
[92mINFO [0m:      
[92mINFO [0m:      [ROUND 70/100]
[92mINFO [0m:      configure_train: Sampled 8 nodes (out of 10)
[92mINFO [0m:      aggregate_train: Received 10 results and 0 failures
[92mINFO [0m:      	└──> Aggregated MetricRecord: {'train_loss': 1.8505372732162477, 'train_time': 6.549131167307496, 'qtty_records': 10}
[92mINFO [0m:      configure_evaluate: Sampled 10 nodes (out of 10)
[92mINFO [0m:      aggregate_evaluate: Received 10 results and 0 failures
[92mINFO [0m:      	└──> Aggregated MetricRecord: {'eval_loss': 1.8632595472037794, 'eval_acc': 0.343, 'time': 538.251791715622}
[92mINFO [0m:      
[92mINFO [0m:      [ROUND 71/100]
[92mINFO [0m:      configure_train: Sampled 10 nodes (out of 10)
[92mINFO [0m:      aggregate_train: Received 8 results and 0 failures
[92mINFO [0m:      	└──> Aggregated MetricRecord: {'train_loss': 1.8467069052457807, 'train_time': 5.537345179123804, 'qtty_records': 8}
[92mINFO [0m:      configure_evaluate: Sampled 10 nodes (out of 10)
[92mINFO [0m:      aggregate_evaluate: Received 10 results and 0 failures
[92mINFO [0m:      	└──> Aggregated MetricRecord: {'eval_loss': 1.843266360089183, 'eval_acc': 0.358, 'time': 545.3840274810791}
[92mINFO [0m:      
[92mINFO [0m:      [ROUND 72/100]
[92mINFO [0m:      configure_train: Sampled 8 nodes (out of 10)
[92mINFO [0m:      aggregate_train: Received 10 results and 0 failures
[92mINFO [0m:      	└──> Aggregated MetricRecord: {'train_loss': 1.8513686928749085, 'train_time': 6.590520394593478, 'qtty_records': 10}
[92mINFO [0m:      configure_evaluate: Sampled 10 nodes (out of 10)
[92mINFO [0m:      aggregate_evaluate: Received 10 results and 0 failures
[92mINFO [0m:      	└──> Aggregated MetricRecord: {'eval_loss': 1.8312465175986292, 'eval_acc': 0.3597000000000001, 'time': 552.5190584659576}
[92mINFO [0m:      
[92mINFO [0m:      [ROUND 73/100]
[92mINFO [0m:      configure_train: Sampled 10 nodes (out of 10)
[92mINFO [0m:      aggregate_train: Received 8 results and 0 failures
[92mINFO [0m:      	└──> Aggregated MetricRecord: {'train_loss': 1.8405172458887098, 'train_time': 5.503448809729889, 'qtty_records': 8}
[92mINFO [0m:      configure_evaluate: Sampled 10 nodes (out of 10)
[92mINFO [0m:      aggregate_evaluate: Received 10 results and 0 failures
[92mINFO [0m:      	└──> Aggregated MetricRecord: {'eval_loss': 1.8381727118045093, 'eval_acc': 0.34559999999999996, 'time': 559.6515552997589}
[92mINFO [0m:      
[92mINFO [0m:      [ROUND 74/100]
[92mINFO [0m:      configure_train: Sampled 8 nodes (out of 10)
[92mINFO [0m:      aggregate_train: Received 10 results and 0 failures
[92mINFO [0m:      	└──> Aggregated MetricRecord: {'train_loss': 1.8721831110000609, 'train_time': 6.564359913766384, 'qtty_records': 10}
[92mINFO [0m:      configure_evaluate: Sampled 10 nodes (out of 10)
[92mINFO [0m:      aggregate_evaluate: Received 10 results and 0 failures
[92mINFO [0m:      	└──> Aggregated MetricRecord: {'eval_loss': 1.8730806853622197, 'eval_acc': 0.3412, 'time': 566.790472984314}
[92mINFO [0m:      
[92mINFO [0m:      [ROUND 75/100]
[92mINFO [0m:      configure_train: Sampled 10 nodes (out of 10)
[92mINFO [0m:      aggregate_train: Received 8 results and 0 failures
[92mINFO [0m:      	└──> Aggregated MetricRecord: {'train_loss': 1.872727698922157, 'train_time': 5.5036021512933075, 'qtty_records': 8}
[92mINFO [0m:      configure_evaluate: Sampled 10 nodes (out of 10)
[92mINFO [0m:      aggregate_evaluate: Received 10 results and 0 failures
[92mINFO [0m:      	└──> Aggregated MetricRecord: {'eval_loss': 1.8546644352376462, 'eval_acc': 0.35900000000000004, 'time': 573.9214560985565}
[92mINFO [0m:      
[92mINFO [0m:      [ROUND 76/100]
[92mINFO [0m:      configure_train: Sampled 8 nodes (out of 10)
[92mINFO [0m:      aggregate_train: Received 10 results and 0 failures
[92mINFO [0m:      	└──> Aggregated MetricRecord: {'train_loss': 1.8622017602920533, 'train_time': 6.629588424228132, 'qtty_records': 10}
[92mINFO [0m:      configure_evaluate: Sampled 10 nodes (out of 10)
[92mINFO [0m:      aggregate_evaluate: Received 10 results and 0 failures
[92mINFO [0m:      	└──> Aggregated MetricRecord: {'eval_loss': 1.8488458063453437, 'eval_acc': 0.36019999999999996, 'time': 580.9564082622528}
[92mINFO [0m:      
[92mINFO [0m:      [ROUND 77/100]
[92mINFO [0m:      configure_train: Sampled 10 nodes (out of 10)
[92mINFO [0m:      aggregate_train: Received 8 results and 0 failures
[92mINFO [0m:      	└──> Aggregated MetricRecord: {'train_loss': 1.876693042039871, 'train_time': 5.5887308763340116, 'qtty_records': 8}
[92mINFO [0m:      configure_evaluate: Sampled 10 nodes (out of 10)
[92mINFO [0m:      aggregate_evaluate: Received 10 results and 0 failures
[92mINFO [0m:      	└──> Aggregated MetricRecord: {'eval_loss': 1.893321089819074, 'eval_acc': 0.336, 'time': 588.0874269008636}
[92mINFO [0m:      
[92mINFO [0m:      [ROUND 78/100]
[92mINFO [0m:      configure_train: Sampled 8 nodes (out of 10)
[92mINFO [0m:      aggregate_train: Received 10 results and 0 failures
[92mINFO [0m:      	└──> Aggregated MetricRecord: {'train_loss': 1.8660072561264038, 'train_time': 6.627662483789027, 'qtty_records': 10}
[92mINFO [0m:      configure_evaluate: Sampled 10 nodes (out of 10)
[92mINFO [0m:      aggregate_evaluate: Received 10 results and 0 failures
[92mINFO [0m:      	└──> Aggregated MetricRecord: {'eval_loss': 1.8630230356007815, 'eval_acc': 0.35009999999999997, 'time': 595.1234571933746}
[92mINFO [0m:      
[92mINFO [0m:      [ROUND 79/100]
[92mINFO [0m:      configure_train: Sampled 10 nodes (out of 10)
[92mINFO [0m:      aggregate_train: Received 8 results and 0 failures
[92mINFO [0m:      	└──> Aggregated MetricRecord: {'train_loss': 1.8545285576581956, 'train_time': 5.592243035789579, 'qtty_records': 8}
[92mINFO [0m:      configure_evaluate: Sampled 10 nodes (out of 10)
[92mINFO [0m:      aggregate_evaluate: Received 10 results and 0 failures
[92mINFO [0m:      	└──> Aggregated MetricRecord: {'eval_loss': 1.87155641540885, 'eval_acc': 0.33630000000000004, 'time': 602.2553000450134}
[92mINFO [0m:      
[92mINFO [0m:      [ROUND 80/100]
[92mINFO [0m:      configure_train: Sampled 8 nodes (out of 10)
[92mINFO [0m:      aggregate_train: Received 10 results and 0 failures
[92mINFO [0m:      	└──> Aggregated MetricRecord: {'train_loss': 1.8590344161987307, 'train_time': 6.6252178842201825, 'qtty_records': 10}
[92mINFO [0m:      configure_evaluate: Sampled 10 nodes (out of 10)
[92mINFO [0m:      aggregate_evaluate: Received 10 results and 0 failures
[92mINFO [0m:      	└──> Aggregated MetricRecord: {'eval_loss': 1.856515892595053, 'eval_acc': 0.3447, 'time': 609.3922049999237}
[92mINFO [0m:      
[92mINFO [0m:      [ROUND 81/100]
[92mINFO [0m:      configure_train: Sampled 10 nodes (out of 10)
[92mINFO [0m:      aggregate_train: Received 8 results and 0 failures
[92mINFO [0m:      	└──> Aggregated MetricRecord: {'train_loss': 1.850682899594307, 'train_time': 5.589386887615547, 'qtty_records': 8}
[92mINFO [0m:      configure_evaluate: Sampled 10 nodes (out of 10)
[92mINFO [0m:      aggregate_evaluate: Received 10 results and 0 failures
[92mINFO [0m:      	└──> Aggregated MetricRecord: {'eval_loss': 1.847537074238062, 'eval_acc': 0.3416, 'time': 616.5258057117462}
[92mINFO [0m:      
[92mINFO [0m:      [ROUND 82/100]
[92mINFO [0m:      configure_train: Sampled 8 nodes (out of 10)
[92mINFO [0m:      aggregate_train: Received 10 results and 0 failures
[92mINFO [0m:      	└──> Aggregated MetricRecord: {'train_loss': 1.8587200510025024, 'train_time': 6.628714164160192, 'qtty_records': 10}
[92mINFO [0m:      configure_evaluate: Sampled 10 nodes (out of 10)
[92mINFO [0m:      aggregate_evaluate: Received 10 results and 0 failures
[92mINFO [0m:      	└──> Aggregated MetricRecord: {'eval_loss': 1.855696828663349, 'eval_acc': 0.35740000000000005, 'time': 623.6602084636688}
[92mINFO [0m:      
[92mINFO [0m:      [ROUND 83/100]
[92mINFO [0m:      configure_train: Sampled 10 nodes (out of 10)
[92mINFO [0m:      aggregate_train: Received 8 results and 0 failures
[92mINFO [0m:      	└──> Aggregated MetricRecord: {'train_loss': 1.8547554820775987, 'train_time': 5.589040872408077, 'qtty_records': 8}
[92mINFO [0m:      configure_evaluate: Sampled 10 nodes (out of 10)
[92mINFO [0m:      aggregate_evaluate: Received 10 results and 0 failures
[92mINFO [0m:      	└──> Aggregated MetricRecord: {'eval_loss': 1.8452865418046716, 'eval_acc': 0.3501, 'time': 630.7902345657349}
[92mINFO [0m:      
[92mINFO [0m:      [ROUND 84/100]
[92mINFO [0m:      configure_train: Sampled 8 nodes (out of 10)
[92mINFO [0m:      aggregate_train: Received 10 results and 0 failures
[92mINFO [0m:      	└──> Aggregated MetricRecord: {'train_loss': 1.8420444625854493, 'train_time': 6.64090513791889, 'qtty_records': 10}
[92mINFO [0m:      configure_evaluate: Sampled 10 nodes (out of 10)
[92mINFO [0m:      aggregate_evaluate: Received 10 results and 0 failures
[92mINFO [0m:      	└──> Aggregated MetricRecord: {'eval_loss': 1.8421505976468324, 'eval_acc': 0.35200000000000004, 'time': 637.925541639328}
[92mINFO [0m:      
[92mINFO [0m:      [ROUND 85/100]
[92mINFO [0m:      configure_train: Sampled 10 nodes (out of 10)
[92mINFO [0m:      aggregate_train: Received 8 results and 0 failures
[92mINFO [0m:      	└──> Aggregated MetricRecord: {'train_loss': 1.842720833659172, 'train_time': 5.592370523838326, 'qtty_records': 8}
[92mINFO [0m:      configure_evaluate: Sampled 10 nodes (out of 10)
[92mINFO [0m:      aggregate_evaluate: Received 10 results and 0 failures
[92mINFO [0m:      	└──> Aggregated MetricRecord: {'eval_loss': 1.826480869203806, 'eval_acc': 0.35290000000000005, 'time': 645.0566430091858}
[92mINFO [0m:      
[92mINFO [0m:      [ROUND 86/100]
[92mINFO [0m:      configure_train: Sampled 8 nodes (out of 10)
[92mINFO [0m:      aggregate_train: Received 10 results and 0 failures
[92mINFO [0m:      	└──> Aggregated MetricRecord: {'train_loss': 1.8748286525726319, 'train_time': 6.626414203457534, 'qtty_records': 10}
[92mINFO [0m:      configure_evaluate: Sampled 10 nodes (out of 10)
[92mINFO [0m:      aggregate_evaluate: Received 10 results and 0 failures
[92mINFO [0m:      	└──> Aggregated MetricRecord: {'eval_loss': 1.8936605617403985, 'eval_acc': 0.3486, 'time': 652.0927827358246}
[92mINFO [0m:      
[92mINFO [0m:      [ROUND 87/100]
[92mINFO [0m:      configure_train: Sampled 10 nodes (out of 10)
[92mINFO [0m:      aggregate_train: Received 8 results and 0 failures
[92mINFO [0m:      	└──> Aggregated MetricRecord: {'train_loss': 1.8514066343307494, 'train_time': 5.58433821843937, 'qtty_records': 8}
[92mINFO [0m:      configure_evaluate: Sampled 10 nodes (out of 10)
[92mINFO [0m:      aggregate_evaluate: Received 10 results and 0 failures
[92mINFO [0m:      	└──> Aggregated MetricRecord: {'eval_loss': 1.839967207238078, 'eval_acc': 0.35620000000000007, 'time': 659.2260167598724}
[92mINFO [0m:      
[92mINFO [0m:      [ROUND 88/100]
[92mINFO [0m:      configure_train: Sampled 8 nodes (out of 10)
[92mINFO [0m:      aggregate_train: Received 10 results and 0 failures
[92mINFO [0m:      	└──> Aggregated MetricRecord: {'train_loss': 1.8743768005371093, 'train_time': 6.577088938653469, 'qtty_records': 10}
[92mINFO [0m:      configure_evaluate: Sampled 10 nodes (out of 10)
[92mINFO [0m:      aggregate_evaluate: Received 10 results and 0 failures
[92mINFO [0m:      	└──> Aggregated MetricRecord: {'eval_loss': 1.8682361755520103, 'eval_acc': 0.3535999999999999, 'time': 666.3989179134369}
[92mINFO [0m:      
[92mINFO [0m:      [ROUND 89/100]
[92mINFO [0m:      configure_train: Sampled 10 nodes (out of 10)
[92mINFO [0m:      aggregate_train: Received 8 results and 0 failures
[92mINFO [0m:      	└──> Aggregated MetricRecord: {'train_loss': 1.8648742460012433, 'train_time': 5.474371326621622, 'qtty_records': 8}
[92mINFO [0m:      configure_evaluate: Sampled 10 nodes (out of 10)
[92mINFO [0m:      aggregate_evaluate: Received 10 results and 0 failures
[92mINFO [0m:      	└──> Aggregated MetricRecord: {'eval_loss': 1.8653920743614438, 'eval_acc': 0.32909999999999995, 'time': 673.5290839672089}
[92mINFO [0m:      
[92mINFO [0m:      [ROUND 90/100]
[92mINFO [0m:      configure_train: Sampled 8 nodes (out of 10)
[92mINFO [0m:      aggregate_train: Received 10 results and 0 failures
[92mINFO [0m:      	└──> Aggregated MetricRecord: {'train_loss': 1.8695506525039676, 'train_time': 6.639802730642259, 'qtty_records': 10}
[92mINFO [0m:      configure_evaluate: Sampled 10 nodes (out of 10)
[92mINFO [0m:      aggregate_evaluate: Received 10 results and 0 failures
[92mINFO [0m:      	└──> Aggregated MetricRecord: {'eval_loss': 1.8569013029336932, 'eval_acc': 0.36260000000000003, 'time': 680.664929151535}
[92mINFO [0m:      
[92mINFO [0m:      [ROUND 91/100]
[92mINFO [0m:      configure_train: Sampled 10 nodes (out of 10)
[92mINFO [0m:      aggregate_train: Received 8 results and 0 failures
[92mINFO [0m:      	└──> Aggregated MetricRecord: {'train_loss': 1.8531890159845352, 'train_time': 5.603525789920241, 'qtty_records': 8}
[92mINFO [0m:      configure_evaluate: Sampled 10 nodes (out of 10)
[92mINFO [0m:      aggregate_evaluate: Received 10 results and 0 failures
[92mINFO [0m:      	└──> Aggregated MetricRecord: {'eval_loss': 1.8583151862025264, 'eval_acc': 0.3569, 'time': 687.7958173751831}
[92mINFO [0m:      
[92mINFO [0m:      [ROUND 92/100]
[92mINFO [0m:      configure_train: Sampled 8 nodes (out of 10)
[92mINFO [0m:      aggregate_train: Received 10 results and 0 failures
[92mINFO [0m:      	└──> Aggregated MetricRecord: {'train_loss': 1.8735464420318606, 'train_time': 6.649085060507059, 'qtty_records': 10}
[92mINFO [0m:      configure_evaluate: Sampled 10 nodes (out of 10)
[92mINFO [0m:      aggregate_evaluate: Received 10 results and 0 failures
[92mINFO [0m:      	└──> Aggregated MetricRecord: {'eval_loss': 1.8733615126460792, 'eval_acc': 0.35340000000000005, 'time': 694.9300329685211}
[92mINFO [0m:      
[92mINFO [0m:      [ROUND 93/100]
[92mINFO [0m:      configure_train: Sampled 10 nodes (out of 10)
[92mINFO [0m:      aggregate_train: Received 8 results and 0 failures
[92mINFO [0m:      	└──> Aggregated MetricRecord: {'train_loss': 1.8505042701959609, 'train_time': 5.594364732736722, 'qtty_records': 8}
[92mINFO [0m:      configure_evaluate: Sampled 10 nodes (out of 10)
[92mINFO [0m:      aggregate_evaluate: Received 10 results and 0 failures
[92mINFO [0m:      	└──> Aggregated MetricRecord: {'eval_loss': 1.854760283604264, 'eval_acc': 0.3448, 'time': 702.0635175704956}
[92mINFO [0m:      
[92mINFO [0m:      [ROUND 94/100]
[92mINFO [0m:      configure_train: Sampled 8 nodes (out of 10)
[92mINFO [0m:      aggregate_train: Received 10 results and 0 failures
[92mINFO [0m:      	└──> Aggregated MetricRecord: {'train_loss': 1.847095190048218, 'train_time': 6.631371831148863, 'qtty_records': 10}
[92mINFO [0m:      configure_evaluate: Sampled 10 nodes (out of 10)
[92mINFO [0m:      aggregate_evaluate: Received 10 results and 0 failures
[92mINFO [0m:      	└──> Aggregated MetricRecord: {'eval_loss': 1.852957066893578, 'eval_acc': 0.3557, 'time': 709.2000274658203}
[92mINFO [0m:      
[92mINFO [0m:      [ROUND 95/100]
[92mINFO [0m:      configure_train: Sampled 10 nodes (out of 10)
[92mINFO [0m:      aggregate_train: Received 8 results and 0 failures
[92mINFO [0m:      	└──> Aggregated MetricRecord: {'train_loss': 1.8678784348964692, 'train_time': 5.60024526133202, 'qtty_records': 8}
[92mINFO [0m:      configure_evaluate: Sampled 10 nodes (out of 10)
[92mINFO [0m:      aggregate_evaluate: Received 10 results and 0 failures
[92mINFO [0m:      	└──> Aggregated MetricRecord: {'eval_loss': 1.9059251137077808, 'eval_acc': 0.33529999999999993, 'time': 716.3402917385101}
[92mINFO [0m:      
[92mINFO [0m:      [ROUND 96/100]
[92mINFO [0m:      configure_train: Sampled 8 nodes (out of 10)
[92mINFO [0m:      aggregate_train: Received 10 results and 0 failures
[92mINFO [0m:      	└──> Aggregated MetricRecord: {'train_loss': 1.867774638748169, 'train_time': 6.634200682491064, 'qtty_records': 10}
[92mINFO [0m:      configure_evaluate: Sampled 10 nodes (out of 10)
[92mINFO [0m:      aggregate_evaluate: Received 10 results and 0 failures
[92mINFO [0m:      	└──> Aggregated MetricRecord: {'eval_loss': 1.8581151250749828, 'eval_acc': 0.35680000000000006, 'time': 723.4765572547913}
[92mINFO [0m:      
[92mINFO [0m:      [ROUND 97/100]
[92mINFO [0m:      configure_train: Sampled 10 nodes (out of 10)
[92mINFO [0m:      aggregate_train: Received 8 results and 0 failures
[92mINFO [0m:      	└──> Aggregated MetricRecord: {'train_loss': 1.8542831314802166, 'train_time': 5.583715876098722, 'qtty_records': 8}
[92mINFO [0m:      configure_evaluate: Sampled 10 nodes (out of 10)
[92mINFO [0m:      aggregate_evaluate: Received 10 results and 0 failures
[92mINFO [0m:      	└──> Aggregated MetricRecord: {'eval_loss': 1.8722191076725723, 'eval_acc': 0.3436, 'time': 730.608562707901}
[92mINFO [0m:      
[92mINFO [0m:      [ROUND 98/100]
[92mINFO [0m:      configure_train: Sampled 8 nodes (out of 10)
[92mINFO [0m:      aggregate_train: Received 10 results and 0 failures
[92mINFO [0m:      	└──> Aggregated MetricRecord: {'train_loss': 1.8674289276123046, 'train_time': 6.650467823818326, 'qtty_records': 10}
[92mINFO [0m:      configure_evaluate: Sampled 10 nodes (out of 10)
[92mINFO [0m:      aggregate_evaluate: Received 10 results and 0 failures
[92mINFO [0m:      	└──> Aggregated MetricRecord: {'eval_loss': 1.828813546895981, 'eval_acc': 0.36469999999999997, 'time': 737.7437443733215}
[92mINFO [0m:      
[92mINFO [0m:      [ROUND 99/100]
[92mINFO [0m:      configure_train: Sampled 10 nodes (out of 10)
[92mINFO [0m:      aggregate_train: Received 8 results and 0 failures
[92mINFO [0m:      	└──> Aggregated MetricRecord: {'train_loss': 1.8346961311101915, 'train_time': 5.598934571491554, 'qtty_records': 8}
[92mINFO [0m:      configure_evaluate: Sampled 10 nodes (out of 10)
[92mINFO [0m:      aggregate_evaluate: Received 10 results and 0 failures
[92mINFO [0m:      	└──> Aggregated MetricRecord: {'eval_loss': 1.8244682405143977, 'eval_acc': 0.3599, 'time': 744.8749151229858}
[92mINFO [0m:      
[92mINFO [0m:      [ROUND 100/100]
[92mINFO [0m:      configure_train: Sampled 8 nodes (out of 10)
[92mINFO [0m:      aggregate_train: Received 10 results and 0 failures
[92mINFO [0m:      	└──> Aggregated MetricRecord: {'train_loss': 1.8495364962577823, 'train_time': 6.615895675309003, 'qtty_records': 10}
[92mINFO [0m:      configure_evaluate: Sampled 10 nodes (out of 10)
[92mINFO [0m:      aggregate_evaluate: Received 10 results and 0 failures
[92mINFO [0m:      	└──> Aggregated MetricRecord: {'eval_loss': 1.8620615426450968, 'eval_acc': 0.3688, 'time': 752.0111374855042}
[92mINFO [0m:      
[92mINFO [0m:      Strategy execution finished in 752.01s
[92mINFO [0m:      
[92mINFO [0m:      Final results:
[92mINFO [0m:      
[92mINFO [0m:      	Global Arrays:
[92mINFO [0m:      		ArrayRecord (0.238 MB)
[92mINFO [0m:      	
[92mINFO [0m:      	Aggregated ClientApp-side Train Metrics:
[92mINFO [0m:      	{ 1: { 'qtty_records': '8',
[92mINFO [0m:      	       'train_loss': '2.2102e+00',
[92mINFO [0m:      	       'train_time': '7.4352e+00'},
[92mINFO [0m:      	  2: { 'qtty_records': '10',
[92mINFO [0m:      	       'train_loss': '2.1389e+00',
[92mINFO [0m:      	       'train_time': '6.9575e+00'},
[92mINFO [0m:      	  3: { 'qtty_records': '8',
[92mINFO [0m:      	       'train_loss': '2.0805e+00',
[92mINFO [0m:      	       'train_time': '5.5764e+00'},
[92mINFO [0m:      	  4: { 'qtty_records': '10',
[92mINFO [0m:      	       'train_loss': '2.0497e+00',
[92mINFO [0m:      	       'train_time': '6.6421e+00'},
[92mINFO [0m:      	  5: { 'qtty_records': '8',
[92mINFO [0m:      	       'train_loss': '2.0363e+00',
[92mINFO [0m:      	       'train_time': '5.5985e+00'},
[92mINFO [0m:      	  6: { 'qtty_records': '10',
[92mINFO [0m:      	       'train_loss': '2.0048e+00',
[92mINFO [0m:      	       'train_time': '6.5774e+00'},
[92mINFO [0m:      	  7: { 'qtty_records': '8',
[92mINFO [0m:      	       'train_loss': '1.9947e+00',
[92mINFO [0m:      	       'train_time': '5.4681e+00'},
[92mINFO [0m:      	  8: { 'qtty_records': '10',
[92mINFO [0m:      	       'train_loss': '1.9879e+00',
[92mINFO [0m:      	       'train_time': '6.5083e+00'},
[92mINFO [0m:      	  9: { 'qtty_records': '8',
[92mINFO [0m:      	       'train_loss': '1.9777e+00',
[92mINFO [0m:      	       'train_time': '5.5128e+00'},
[92mINFO [0m:      	  10: { 'qtty_records': '10',
[92mINFO [0m:      	        'train_loss': '1.9802e+00',
[92mINFO [0m:      	        'train_time': '6.6079e+00'},
[92mINFO [0m:      	  11: { 'qtty_records': '8',
[92mINFO [0m:      	        'train_loss': '1.9532e+00',
[92mINFO [0m:      	        'train_time': '5.5792e+00'},
[92mINFO [0m:      	  12: { 'qtty_records': '10',
[92mINFO [0m:      	        'train_loss': '1.9644e+00',
[92mINFO [0m:      	        'train_time': '6.5683e+00'},
[92mINFO [0m:      	  13: { 'qtty_records': '8',
[92mINFO [0m:      	        'train_loss': '1.9406e+00',
[92mINFO [0m:      	        'train_time': '5.5180e+00'},
[92mINFO [0m:      	  14: { 'qtty_records': '10',
[92mINFO [0m:      	        'train_loss': '1.9459e+00',
[92mINFO [0m:      	        'train_time': '6.5927e+00'},
[92mINFO [0m:      	  15: { 'qtty_records': '8',
[92mINFO [0m:      	        'train_loss': '1.9299e+00',
[92mINFO [0m:      	        'train_time': '5.5526e+00'},
[92mINFO [0m:      	  16: { 'qtty_records': '10',
[92mINFO [0m:      	        'train_loss': '1.9388e+00',
[92mINFO [0m:      	        'train_time': '6.5322e+00'},
[92mINFO [0m:      	  17: { 'qtty_records': '8',
[92mINFO [0m:      	        'train_loss': '1.9194e+00',
[92mINFO [0m:      	        'train_time': '5.5549e+00'},
[92mINFO [0m:      	  18: { 'qtty_records': '10',
[92mINFO [0m:      	        'train_loss': '1.9260e+00',
[92mINFO [0m:      	        'train_time': '6.5590e+00'},
[92mINFO [0m:      	  19: { 'qtty_records': '8',
[92mINFO [0m:      	        'train_loss': '1.9273e+00',
[92mINFO [0m:      	        'train_time': '5.5533e+00'},
[92mINFO [0m:      	  20: { 'qtty_records': '10',
[92mINFO [0m:      	        'train_loss': '1.9202e+00',
[92mINFO [0m:      	        'train_time': '6.5627e+00'},
[92mINFO [0m:      	  21: { 'qtty_records': '8',
[92mINFO [0m:      	        'train_loss': '1.9047e+00',
[92mINFO [0m:      	        'train_time': '5.5461e+00'},
[92mINFO [0m:      	  22: { 'qtty_records': '10',
[92mINFO [0m:      	        'train_loss': '1.9077e+00',
[92mINFO [0m:      	        'train_time': '6.5973e+00'},
[92mINFO [0m:      	  23: { 'qtty_records': '8',
[92mINFO [0m:      	        'train_loss': '1.9030e+00',
[92mINFO [0m:      	        'train_time': '5.5466e+00'},
[92mINFO [0m:      	  24: { 'qtty_records': '10',
[92mINFO [0m:      	        'train_loss': '1.9010e+00',
[92mINFO [0m:      	        'train_time': '6.5943e+00'},
[92mINFO [0m:      	  25: { 'qtty_records': '8',
[92mINFO [0m:      	        'train_loss': '1.8890e+00',
[92mINFO [0m:      	        'train_time': '5.5929e+00'},
[92mINFO [0m:      	  26: { 'qtty_records': '10',
[92mINFO [0m:      	        'train_loss': '1.8834e+00',
[92mINFO [0m:      	        'train_time': '6.6362e+00'},
[92mINFO [0m:      	  27: { 'qtty_records': '8',
[92mINFO [0m:      	        'train_loss': '1.8913e+00',
[92mINFO [0m:      	        'train_time': '5.5780e+00'},
[92mINFO [0m:      	  28: { 'qtty_records': '10',
[92mINFO [0m:      	        'train_loss': '1.8971e+00',
[92mINFO [0m:      	        'train_time': '6.6296e+00'},
[92mINFO [0m:      	  29: { 'qtty_records': '8',
[92mINFO [0m:      	        'train_loss': '1.8899e+00',
[92mINFO [0m:      	        'train_time': '5.5703e+00'},
[92mINFO [0m:      	  30: { 'qtty_records': '10',
[92mINFO [0m:      	        'train_loss': '1.8844e+00',
[92mINFO [0m:      	        'train_time': '6.6413e+00'},
[92mINFO [0m:      	  31: { 'qtty_records': '8',
[92mINFO [0m:      	        'train_loss': '1.8731e+00',
[92mINFO [0m:      	        'train_time': '5.5864e+00'},
[92mINFO [0m:      	  32: { 'qtty_records': '10',
[92mINFO [0m:      	        'train_loss': '1.8834e+00',
[92mINFO [0m:      	        'train_time': '6.6337e+00'},
[92mINFO [0m:      	  33: { 'qtty_records': '8',
[92mINFO [0m:      	        'train_loss': '1.8753e+00',
[92mINFO [0m:      	        'train_time': '5.5382e+00'},
[92mINFO [0m:      	  34: { 'qtty_records': '10',
[92mINFO [0m:      	        'train_loss': '1.8643e+00',
[92mINFO [0m:      	        'train_time': '6.5606e+00'},
[92mINFO [0m:      	  35: { 'qtty_records': '8',
[92mINFO [0m:      	        'train_loss': '1.8633e+00',
[92mINFO [0m:      	        'train_time': '5.5981e+00'},
[92mINFO [0m:      	  36: { 'qtty_records': '10',
[92mINFO [0m:      	        'train_loss': '1.8785e+00',
[92mINFO [0m:      	        'train_time': '6.6456e+00'},
[92mINFO [0m:      	  37: { 'qtty_records': '8',
[92mINFO [0m:      	        'train_loss': '1.8691e+00',
[92mINFO [0m:      	        'train_time': '5.5706e+00'},
[92mINFO [0m:      	  38: { 'qtty_records': '10',
[92mINFO [0m:      	        'train_loss': '1.8868e+00',
[92mINFO [0m:      	        'train_time': '6.6419e+00'},
[92mINFO [0m:      	  39: { 'qtty_records': '8',
[92mINFO [0m:      	        'train_loss': '1.8685e+00',
[92mINFO [0m:      	        'train_time': '5.5811e+00'},
[92mINFO [0m:      	  40: { 'qtty_records': '10',
[92mINFO [0m:      	        'train_loss': '1.8744e+00',
[92mINFO [0m:      	        'train_time': '6.6446e+00'},
[92mINFO [0m:      	  41: { 'qtty_records': '8',
[92mINFO [0m:      	        'train_loss': '1.8795e+00',
[92mINFO [0m:      	        'train_time': '5.5815e+00'},
[92mINFO [0m:      	  42: { 'qtty_records': '10',
[92mINFO [0m:      	        'train_loss': '1.8732e+00',
[92mINFO [0m:      	        'train_time': '6.6259e+00'},
[92mINFO [0m:      	  43: { 'qtty_records': '8',
[92mINFO [0m:      	        'train_loss': '1.8595e+00',
[92mINFO [0m:      	        'train_time': '5.5958e+00'},
[92mINFO [0m:      	  44: { 'qtty_records': '10',
[92mINFO [0m:      	        'train_loss': '1.8801e+00',
[92mINFO [0m:      	        'train_time': '6.6441e+00'},
[92mINFO [0m:      	  45: { 'qtty_records': '8',
[92mINFO [0m:      	        'train_loss': '1.8646e+00',
[92mINFO [0m:      	        'train_time': '5.5449e+00'},
[92mINFO [0m:      	  46: { 'qtty_records': '10',
[92mINFO [0m:      	        'train_loss': '1.8648e+00',
[92mINFO [0m:      	        'train_time': '6.5500e+00'},
[92mINFO [0m:      	  47: { 'qtty_records': '8',
[92mINFO [0m:      	        'train_loss': '1.8565e+00',
[92mINFO [0m:      	        'train_time': '5.5775e+00'},
[92mINFO [0m:      	  48: { 'qtty_records': '10',
[92mINFO [0m:      	        'train_loss': '1.8643e+00',
[92mINFO [0m:      	        'train_time': '6.6200e+00'},
[92mINFO [0m:      	  49: { 'qtty_records': '8',
[92mINFO [0m:      	        'train_loss': '1.8467e+00',
[92mINFO [0m:      	        'train_time': '5.5717e+00'},
[92mINFO [0m:      	  50: { 'qtty_records': '10',
[92mINFO [0m:      	        'train_loss': '1.8693e+00',
[92mINFO [0m:      	        'train_time': '6.6240e+00'},
[92mINFO [0m:      	  51: { 'qtty_records': '8',
[92mINFO [0m:      	        'train_loss': '1.8491e+00',
[92mINFO [0m:      	        'train_time': '5.5698e+00'},
[92mINFO [0m:      	  52: { 'qtty_records': '10',
[92mINFO [0m:      	        'train_loss': '1.8894e+00',
[92mINFO [0m:      	        'train_time': '6.6117e+00'},
[92mINFO [0m:      	  53: { 'qtty_records': '8',
[92mINFO [0m:      	        'train_loss': '1.8474e+00',
[92mINFO [0m:      	        'train_time': '5.5729e+00'},
[92mINFO [0m:      	  54: { 'qtty_records': '10',
[92mINFO [0m:      	        'train_loss': '1.8634e+00',
[92mINFO [0m:      	        'train_time': '6.6150e+00'},
[92mINFO [0m:      	  55: { 'qtty_records': '8',
[92mINFO [0m:      	        'train_loss': '1.8511e+00',
[92mINFO [0m:      	        'train_time': '5.5855e+00'},
[92mINFO [0m:      	  56: { 'qtty_records': '10',
[92mINFO [0m:      	        'train_loss': '1.8551e+00',
[92mINFO [0m:      	        'train_time': '6.5984e+00'},
[92mINFO [0m:      	  57: { 'qtty_records': '8',
[92mINFO [0m:      	        'train_loss': '1.8487e+00',
[92mINFO [0m:      	        'train_time': '5.4800e+00'},
[92mINFO [0m:      	  58: { 'qtty_records': '10',
[92mINFO [0m:      	        'train_loss': '1.8639e+00',
[92mINFO [0m:      	        'train_time': '6.5037e+00'},
[92mINFO [0m:      	  59: { 'qtty_records': '8',
[92mINFO [0m:      	        'train_loss': '1.8583e+00',
[92mINFO [0m:      	        'train_time': '5.4783e+00'},
[92mINFO [0m:      	  60: { 'qtty_records': '10',
[92mINFO [0m:      	        'train_loss': '1.8767e+00',
[92mINFO [0m:      	        'train_time': '6.5444e+00'},
[92mINFO [0m:      	  61: { 'qtty_records': '8',
[92mINFO [0m:      	        'train_loss': '1.8454e+00',
[92mINFO [0m:      	        'train_time': '5.5035e+00'},
[92mINFO [0m:      	  62: { 'qtty_records': '10',
[92mINFO [0m:      	        'train_loss': '1.8459e+00',
[92mINFO [0m:      	        'train_time': '6.6351e+00'},
[92mINFO [0m:      	  63: { 'qtty_records': '8',
[92mINFO [0m:      	        'train_loss': '1.8706e+00',
[92mINFO [0m:      	        'train_time': '5.5387e+00'},
[92mINFO [0m:      	  64: { 'qtty_records': '10',
[92mINFO [0m:      	        'train_loss': '1.8526e+00',
[92mINFO [0m:      	        'train_time': '6.5983e+00'},
[92mINFO [0m:      	  65: { 'qtty_records': '8',
[92mINFO [0m:      	        'train_loss': '1.8328e+00',
[92mINFO [0m:      	        'train_time': '5.5237e+00'},
[92mINFO [0m:      	  66: { 'qtty_records': '10',
[92mINFO [0m:      	        'train_loss': '1.8468e+00',
[92mINFO [0m:      	        'train_time': '6.5464e+00'},
[92mINFO [0m:      	  67: { 'qtty_records': '8',
[92mINFO [0m:      	        'train_loss': '1.8506e+00',
[92mINFO [0m:      	        'train_time': '5.5426e+00'},
[92mINFO [0m:      	  68: { 'qtty_records': '10',
[92mINFO [0m:      	        'train_loss': '1.8333e+00',
[92mINFO [0m:      	        'train_time': '6.5508e+00'},
[92mINFO [0m:      	  69: { 'qtty_records': '8',
[92mINFO [0m:      	        'train_loss': '1.8505e+00',
[92mINFO [0m:      	        'train_time': '5.5605e+00'},
[92mINFO [0m:      	  70: { 'qtty_records': '10',
[92mINFO [0m:      	        'train_loss': '1.8505e+00',
[92mINFO [0m:      	        'train_time': '6.5491e+00'},
[92mINFO [0m:      	  71: { 'qtty_records': '8',
[92mINFO [0m:      	        'train_loss': '1.8467e+00',
[92mINFO [0m:      	        'train_time': '5.5373e+00'},
[92mINFO [0m:      	  72: { 'qtty_records': '10',
[92mINFO [0m:      	        'train_loss': '1.8514e+00',
[92mINFO [0m:      	        'train_time': '6.5905e+00'},
[92mINFO [0m:      	  73: { 'qtty_records': '8',
[92mINFO [0m:      	        'train_loss': '1.8405e+00',
[92mINFO [0m:      	        'train_time': '5.5034e+00'},
[92mINFO [0m:      	  74: { 'qtty_records': '10',
[92mINFO [0m:      	        'train_loss': '1.8722e+00',
[92mINFO [0m:      	        'train_time': '6.5644e+00'},
[92mINFO [0m:      	  75: { 'qtty_records': '8',
[92mINFO [0m:      	        'train_loss': '1.8727e+00',
[92mINFO [0m:      	        'train_time': '5.5036e+00'},
[92mINFO [0m:      	  76: { 'qtty_records': '10',
[92mINFO [0m:      	        'train_loss': '1.8622e+00',
[92mINFO [0m:      	        'train_time': '6.6296e+00'},
[92mINFO [0m:      	  77: { 'qtty_records': '8',
[92mINFO [0m:      	        'train_loss': '1.8767e+00',
[92mINFO [0m:      	        'train_time': '5.5887e+00'},
[92mINFO [0m:      	  78: { 'qtty_records': '10',
[92mINFO [0m:      	        'train_loss': '1.8660e+00',
[92mINFO [0m:      	        'train_time': '6.6277e+00'},
[92mINFO [0m:      	  79: { 'qtty_records': '8',
[92mINFO [0m:      	        'train_loss': '1.8545e+00',
[92mINFO [0m:      	        'train_time': '5.5922e+00'},
[92mINFO [0m:      	  80: { 'qtty_records': '10',
[92mINFO [0m:      	        'train_loss': '1.8590e+00',
[92mINFO [0m:      	        'train_time': '6.6252e+00'},
[92mINFO [0m:      	  81: { 'qtty_records': '8',
[92mINFO [0m:      	        'train_loss': '1.8507e+00',
[92mINFO [0m:      	        'train_time': '5.5894e+00'},
[92mINFO [0m:      	  82: { 'qtty_records': '10',
[92mINFO [0m:      	        'train_loss': '1.8587e+00',
[92mINFO [0m:      	        'train_time': '6.6287e+00'},
[92mINFO [0m:      	  83: { 'qtty_records': '8',
[92mINFO [0m:      	        'train_loss': '1.8548e+00',
[92mINFO [0m:      	        'train_time': '5.5890e+00'},
[92mINFO [0m:      	  84: { 'qtty_records': '10',
[92mINFO [0m:      	        'train_loss': '1.8420e+00',
[92mINFO [0m:      	        'train_time': '6.6409e+00'},
[92mINFO [0m:      	  85: { 'qtty_records': '8',
[92mINFO [0m:      	        'train_loss': '1.8427e+00',
[92mINFO [0m:      	        'train_time': '5.5924e+00'},
[92mINFO [0m:      	  86: { 'qtty_records': '10',
[92mINFO [0m:      	        'train_loss': '1.8748e+00',
[92mINFO [0m:      	        'train_time': '6.6264e+00'},
[92mINFO [0m:      	  87: { 'qtty_records': '8',
[92mINFO [0m:      	        'train_loss': '1.8514e+00',
[92mINFO [0m:      	        'train_time': '5.5843e+00'},
[92mINFO [0m:      	  88: { 'qtty_records': '10',
[92mINFO [0m:      	        'train_loss': '1.8744e+00',
[92mINFO [0m:      	        'train_time': '6.5771e+00'},
[92mINFO [0m:      	  89: { 'qtty_records': '8',
[92mINFO [0m:      	        'train_loss': '1.8649e+00',
[92mINFO [0m:      	        'train_time': '5.4744e+00'},
[92mINFO [0m:      	  90: { 'qtty_records': '10',
[92mINFO [0m:      	        'train_loss': '1.8696e+00',
[92mINFO [0m:      	        'train_time': '6.6398e+00'},
[92mINFO [0m:      	  91: { 'qtty_records': '8',
[92mINFO [0m:      	        'train_loss': '1.8532e+00',
[92mINFO [0m:      	        'train_time': '5.6035e+00'},
[92mINFO [0m:      	  92: { 'qtty_records': '10',
[92mINFO [0m:      	        'train_loss': '1.8735e+00',
[92mINFO [0m:      	        'train_time': '6.6491e+00'},
[92mINFO [0m:      	  93: { 'qtty_records': '8',
[92mINFO [0m:      	        'train_loss': '1.8505e+00',
[92mINFO [0m:      	        'train_time': '5.5944e+00'},
[92mINFO [0m:      	  94: { 'qtty_records': '10',
[92mINFO [0m:      	        'train_loss': '1.8471e+00',
[92mINFO [0m:      	        'train_time': '6.6314e+00'},
[92mINFO [0m:      	  95: { 'qtty_records': '8',
[92mINFO [0m:      	        'train_loss': '1.8679e+00',
[92mINFO [0m:      	        'train_time': '5.6002e+00'},
[92mINFO [0m:      	  96: { 'qtty_records': '10',
[92mINFO [0m:      	        'train_loss': '1.8678e+00',
[92mINFO [0m:      	        'train_time': '6.6342e+00'},
[92mINFO [0m:      	  97: { 'qtty_records': '8',
[92mINFO [0m:      	        'train_loss': '1.8543e+00',
[92mINFO [0m:      	        'train_time': '5.5837e+00'},
[92mINFO [0m:      	  98: { 'qtty_records': '10',
[92mINFO [0m:      	        'train_loss': '1.8674e+00',
[92mINFO [0m:      	        'train_time': '6.6505e+00'},
[92mINFO [0m:      	  99: { 'qtty_records': '8',
[92mINFO [0m:      	        'train_loss': '1.8347e+00',
[92mINFO [0m:      	        'train_time': '5.5989e+00'},
[92mINFO [0m:      	  100: { 'qtty_records': '10',
[92mINFO [0m:      	         'train_loss': '1.8495e+00',
[92mINFO [0m:      	         'train_time': '6.6159e+00'}}
[92mINFO [0m:      	
[92mINFO [0m:      	Aggregated ClientApp-side Evaluate Metrics:
[92mINFO [0m:      	{ 1: { 'eval_acc': '1.1280e-01',
[92mINFO [0m:      	       'eval_loss': '2.3374e+00',
[92mINFO [0m:      	       'time': '4.4319e+01'},
[92mINFO [0m:      	  2: { 'eval_acc': '1.0690e-01',
[92mINFO [0m:      	       'eval_loss': '2.2754e+00',
[92mINFO [0m:      	       'time': '5.1466e+01'},
[92mINFO [0m:      	  3: { 'eval_acc': '1.6900e-01',
[92mINFO [0m:      	       'eval_loss': '2.1706e+00',
[92mINFO [0m:      	       'time': '5.8598e+01'},
[92mINFO [0m:      	  4: { 'eval_acc': '2.0470e-01',
[92mINFO [0m:      	       'eval_loss': '2.1588e+00',
[92mINFO [0m:      	       'time': '6.5633e+01'},
[92mINFO [0m:      	  5: { 'eval_acc': '2.1450e-01',
[92mINFO [0m:      	       'eval_loss': '2.0987e+00',
[92mINFO [0m:      	       'time': '7.2763e+01'},
[92mINFO [0m:      	  6: { 'eval_acc': '2.3540e-01',
[92mINFO [0m:      	       'eval_loss': '2.0897e+00',
[92mINFO [0m:      	       'time': '7.9797e+01'},
[92mINFO [0m:      	  7: { 'eval_acc': '2.4050e-01',
[92mINFO [0m:      	       'eval_loss': '2.0553e+00',
[92mINFO [0m:      	       'time': '8.6932e+01'},
[92mINFO [0m:      	  8: { 'eval_acc': '2.4440e-01',
[92mINFO [0m:      	       'eval_loss': '2.0829e+00',
[92mINFO [0m:      	       'time': '9.4090e+01'},
[92mINFO [0m:      	  9: { 'eval_acc': '2.6680e-01',
[92mINFO [0m:      	       'eval_loss': '2.0433e+00',
[92mINFO [0m:      	       'time': '1.0132e+02'},
[92mINFO [0m:      	  10: { 'eval_acc': '2.7670e-01',
[92mINFO [0m:      	        'eval_loss': '2.0010e+00',
[92mINFO [0m:      	        'time': '1.1146e+02'},
[92mINFO [0m:      	  11: { 'eval_acc': '2.7380e-01',
[92mINFO [0m:      	        'eval_loss': '1.9889e+00',
[92mINFO [0m:      	        'time': '1.1859e+02'},
[92mINFO [0m:      	  12: { 'eval_acc': '2.5300e-01',
[92mINFO [0m:      	        'eval_loss': '2.0010e+00',
[92mINFO [0m:      	        'time': '1.2572e+02'},
[92mINFO [0m:      	  13: { 'eval_acc': '2.9090e-01',
[92mINFO [0m:      	        'eval_loss': '1.9044e+00',
[92mINFO [0m:      	        'time': '1.3286e+02'},
[92mINFO [0m:      	  14: { 'eval_acc': '2.9500e-01',
[92mINFO [0m:      	        'eval_loss': '1.9741e+00',
[92mINFO [0m:      	        'time': '1.3999e+02'},
[92mINFO [0m:      	  15: { 'eval_acc': '3.1810e-01',
[92mINFO [0m:      	        'eval_loss': '1.9159e+00',
[92mINFO [0m:      	        'time': '1.4712e+02'},
[92mINFO [0m:      	  16: { 'eval_acc': '3.1340e-01',
[92mINFO [0m:      	        'eval_loss': '1.9227e+00',
[92mINFO [0m:      	        'time': '1.5416e+02'},
[92mINFO [0m:      	  17: { 'eval_acc': '3.0610e-01',
[92mINFO [0m:      	        'eval_loss': '1.9331e+00',
[92mINFO [0m:      	        'time': '1.6139e+02'},
[92mINFO [0m:      	  18: { 'eval_acc': '3.0730e-01',
[92mINFO [0m:      	        'eval_loss': '1.9353e+00',
[92mINFO [0m:      	        'time': '1.6842e+02'},
[92mINFO [0m:      	  19: { 'eval_acc': '3.1050e-01',
[92mINFO [0m:      	        'eval_loss': '1.9344e+00',
[92mINFO [0m:      	        'time': '1.7565e+02'},
[92mINFO [0m:      	  20: { 'eval_acc': '3.0240e-01',
[92mINFO [0m:      	        'eval_loss': '1.9470e+00',
[92mINFO [0m:      	        'time': '1.8269e+02'},
[92mINFO [0m:      	  21: { 'eval_acc': '3.1540e-01',
[92mINFO [0m:      	        'eval_loss': '1.9032e+00',
[92mINFO [0m:      	        'time': '1.8993e+02'},
[92mINFO [0m:      	  22: { 'eval_acc': '3.0020e-01',
[92mINFO [0m:      	        'eval_loss': '1.9314e+00',
[92mINFO [0m:      	        'time': '1.9696e+02'},
[92mINFO [0m:      	  23: { 'eval_acc': '3.1380e-01',
[92mINFO [0m:      	        'eval_loss': '1.9071e+00',
[92mINFO [0m:      	        'time': '2.0399e+02'},
[92mINFO [0m:      	  24: { 'eval_acc': '3.2660e-01',
[92mINFO [0m:      	        'eval_loss': '1.8891e+00',
[92mINFO [0m:      	        'time': '2.1113e+02'},
[92mINFO [0m:      	  25: { 'eval_acc': '3.2320e-01',
[92mINFO [0m:      	        'eval_loss': '1.8844e+00',
[92mINFO [0m:      	        'time': '2.1826e+02'},
[92mINFO [0m:      	  26: { 'eval_acc': '3.2510e-01',
[92mINFO [0m:      	        'eval_loss': '1.8791e+00',
[92mINFO [0m:      	        'time': '2.2539e+02'},
[92mINFO [0m:      	  27: { 'eval_acc': '3.2210e-01',
[92mINFO [0m:      	        'eval_loss': '1.9025e+00',
[92mINFO [0m:      	        'time': '2.3252e+02'},
[92mINFO [0m:      	  28: { 'eval_acc': '3.4180e-01',
[92mINFO [0m:      	        'eval_loss': '1.8873e+00',
[92mINFO [0m:      	        'time': '2.3967e+02'},
[92mINFO [0m:      	  29: { 'eval_acc': '3.2550e-01',
[92mINFO [0m:      	        'eval_loss': '1.8744e+00',
[92mINFO [0m:      	        'time': '2.4680e+02'},
[92mINFO [0m:      	  30: { 'eval_acc': '3.2310e-01',
[92mINFO [0m:      	        'eval_loss': '1.8452e+00',
[92mINFO [0m:      	        'time': '2.5383e+02'},
[92mINFO [0m:      	  31: { 'eval_acc': '3.3860e-01',
[92mINFO [0m:      	        'eval_loss': '1.8573e+00',
[92mINFO [0m:      	        'time': '2.6097e+02'},
[92mINFO [0m:      	  32: { 'eval_acc': '3.1760e-01',
[92mINFO [0m:      	        'eval_loss': '1.8899e+00',
[92mINFO [0m:      	        'time': '2.6800e+02'},
[92mINFO [0m:      	  33: { 'eval_acc': '3.3940e-01',
[92mINFO [0m:      	        'eval_loss': '1.8426e+00',
[92mINFO [0m:      	        'time': '2.7514e+02'},
[92mINFO [0m:      	  34: { 'eval_acc': '3.4090e-01',
[92mINFO [0m:      	        'eval_loss': '1.8479e+00',
[92mINFO [0m:      	        'time': '2.8217e+02'},
[92mINFO [0m:      	  35: { 'eval_acc': '3.2750e-01',
[92mINFO [0m:      	        'eval_loss': '1.8862e+00',
[92mINFO [0m:      	        'time': '2.8941e+02'},
[92mINFO [0m:      	  36: { 'eval_acc': '3.4400e-01',
[92mINFO [0m:      	        'eval_loss': '1.8624e+00',
[92mINFO [0m:      	        'time': '2.9654e+02'},
[92mINFO [0m:      	  37: { 'eval_acc': '3.3480e-01',
[92mINFO [0m:      	        'eval_loss': '1.8934e+00',
[92mINFO [0m:      	        'time': '3.0367e+02'},
[92mINFO [0m:      	  38: { 'eval_acc': '3.3030e-01',
[92mINFO [0m:      	        'eval_loss': '1.9039e+00',
[92mINFO [0m:      	        'time': '3.1081e+02'},
[92mINFO [0m:      	  39: { 'eval_acc': '3.3520e-01',
[92mINFO [0m:      	        'eval_loss': '1.8602e+00',
[92mINFO [0m:      	        'time': '3.1784e+02'},
[92mINFO [0m:      	  40: { 'eval_acc': '3.3400e-01',
[92mINFO [0m:      	        'eval_loss': '1.8824e+00',
[92mINFO [0m:      	        'time': '3.2498e+02'},
[92mINFO [0m:      	  41: { 'eval_acc': '3.3770e-01',
[92mINFO [0m:      	        'eval_loss': '1.8692e+00',
[92mINFO [0m:      	        'time': '3.3211e+02'},
[92mINFO [0m:      	  42: { 'eval_acc': '3.3870e-01',
[92mINFO [0m:      	        'eval_loss': '1.8892e+00',
[92mINFO [0m:      	        'time': '3.3914e+02'},
[92mINFO [0m:      	  43: { 'eval_acc': '3.3330e-01',
[92mINFO [0m:      	        'eval_loss': '1.8677e+00',
[92mINFO [0m:      	        'time': '3.4627e+02'},
[92mINFO [0m:      	  44: { 'eval_acc': '3.3250e-01',
[92mINFO [0m:      	        'eval_loss': '1.8843e+00',
[92mINFO [0m:      	        'time': '3.5330e+02'},
[92mINFO [0m:      	  45: { 'eval_acc': '3.2560e-01',
[92mINFO [0m:      	        'eval_loss': '1.9164e+00',
[92mINFO [0m:      	        'time': '3.6043e+02'},
[92mINFO [0m:      	  46: { 'eval_acc': '3.4850e-01',
[92mINFO [0m:      	        'eval_loss': '1.8600e+00',
[92mINFO [0m:      	        'time': '3.6747e+02'},
[92mINFO [0m:      	  47: { 'eval_acc': '3.3860e-01',
[92mINFO [0m:      	        'eval_loss': '1.8682e+00',
[92mINFO [0m:      	        'time': '3.7461e+02'},
[92mINFO [0m:      	  48: { 'eval_acc': '3.2650e-01',
[92mINFO [0m:      	        'eval_loss': '1.8605e+00',
[92mINFO [0m:      	        'time': '3.8174e+02'},
[92mINFO [0m:      	  49: { 'eval_acc': '3.4020e-01',
[92mINFO [0m:      	        'eval_loss': '1.8404e+00',
[92mINFO [0m:      	        'time': '3.8877e+02'},
[92mINFO [0m:      	  50: { 'eval_acc': '3.2390e-01',
[92mINFO [0m:      	        'eval_loss': '1.8754e+00',
[92mINFO [0m:      	        'time': '3.9591e+02'},
[92mINFO [0m:      	  51: { 'eval_acc': '3.3870e-01',
[92mINFO [0m:      	        'eval_loss': '1.8288e+00',
[92mINFO [0m:      	        'time': '4.0294e+02'},
[92mINFO [0m:      	  52: { 'eval_acc': '3.4660e-01',
[92mINFO [0m:      	        'eval_loss': '1.8586e+00',
[92mINFO [0m:      	        'time': '4.1007e+02'},
[92mINFO [0m:      	  53: { 'eval_acc': '3.4720e-01',
[92mINFO [0m:      	        'eval_loss': '1.8478e+00',
[92mINFO [0m:      	        'time': '4.1720e+02'},
[92mINFO [0m:      	  54: { 'eval_acc': '3.4220e-01',
[92mINFO [0m:      	        'eval_loss': '1.8333e+00',
[92mINFO [0m:      	        'time': '4.2435e+02'},
[92mINFO [0m:      	  55: { 'eval_acc': '3.4740e-01',
[92mINFO [0m:      	        'eval_loss': '1.8377e+00',
[92mINFO [0m:      	        'time': '4.3148e+02'},
[92mINFO [0m:      	  56: { 'eval_acc': '3.5540e-01',
[92mINFO [0m:      	        'eval_loss': '1.8546e+00',
[92mINFO [0m:      	        'time': '4.3865e+02'},
[92mINFO [0m:      	  57: { 'eval_acc': '3.5400e-01',
[92mINFO [0m:      	        'eval_loss': '1.8518e+00',
[92mINFO [0m:      	        'time': '4.4578e+02'},
[92mINFO [0m:      	  58: { 'eval_acc': '3.5080e-01',
[92mINFO [0m:      	        'eval_loss': '1.8379e+00',
[92mINFO [0m:      	        'time': '4.5294e+02'},
[92mINFO [0m:      	  59: { 'eval_acc': '3.4770e-01',
[92mINFO [0m:      	        'eval_loss': '1.8405e+00',
[92mINFO [0m:      	        'time': '4.6007e+02'},
[92mINFO [0m:      	  60: { 'eval_acc': '3.3860e-01',
[92mINFO [0m:      	        'eval_loss': '1.8710e+00',
[92mINFO [0m:      	        'time': '4.6721e+02'},
[92mINFO [0m:      	  61: { 'eval_acc': '3.4310e-01',
[92mINFO [0m:      	        'eval_loss': '1.8663e+00',
[92mINFO [0m:      	        'time': '4.7434e+02'},
[92mINFO [0m:      	  62: { 'eval_acc': '3.4840e-01',
[92mINFO [0m:      	        'eval_loss': '1.8619e+00',
[92mINFO [0m:      	        'time': '4.8148e+02'},
[92mINFO [0m:      	  63: { 'eval_acc': '3.3800e-01',
[92mINFO [0m:      	        'eval_loss': '1.8475e+00',
[92mINFO [0m:      	        'time': '4.8861e+02'},
[92mINFO [0m:      	  64: { 'eval_acc': '3.6590e-01',
[92mINFO [0m:      	        'eval_loss': '1.8368e+00',
[92mINFO [0m:      	        'time': '4.9565e+02'},
[92mINFO [0m:      	  65: { 'eval_acc': '3.5420e-01',
[92mINFO [0m:      	        'eval_loss': '1.8409e+00',
[92mINFO [0m:      	        'time': '5.0278e+02'},
[92mINFO [0m:      	  66: { 'eval_acc': '3.4970e-01',
[92mINFO [0m:      	        'eval_loss': '1.8321e+00',
[92mINFO [0m:      	        'time': '5.0991e+02'},
[92mINFO [0m:      	  67: { 'eval_acc': '3.5420e-01',
[92mINFO [0m:      	        'eval_loss': '1.8589e+00',
[92mINFO [0m:      	        'time': '5.1705e+02'},
[92mINFO [0m:      	  68: { 'eval_acc': '3.5930e-01',
[92mINFO [0m:      	        'eval_loss': '1.8240e+00',
[92mINFO [0m:      	        'time': '5.2409e+02'},
[92mINFO [0m:      	  69: { 'eval_acc': '3.4950e-01',
[92mINFO [0m:      	        'eval_loss': '1.8390e+00',
[92mINFO [0m:      	        'time': '5.3122e+02'},
[92mINFO [0m:      	  70: { 'eval_acc': '3.4300e-01',
[92mINFO [0m:      	        'eval_loss': '1.8633e+00',
[92mINFO [0m:      	        'time': '5.3825e+02'},
[92mINFO [0m:      	  71: { 'eval_acc': '3.5800e-01',
[92mINFO [0m:      	        'eval_loss': '1.8433e+00',
[92mINFO [0m:      	        'time': '5.4538e+02'},
[92mINFO [0m:      	  72: { 'eval_acc': '3.5970e-01',
[92mINFO [0m:      	        'eval_loss': '1.8312e+00',
[92mINFO [0m:      	        'time': '5.5252e+02'},
[92mINFO [0m:      	  73: { 'eval_acc': '3.4560e-01',
[92mINFO [0m:      	        'eval_loss': '1.8382e+00',
[92mINFO [0m:      	        'time': '5.5965e+02'},
[92mINFO [0m:      	  74: { 'eval_acc': '3.4120e-01',
[92mINFO [0m:      	        'eval_loss': '1.8731e+00',
[92mINFO [0m:      	        'time': '5.6679e+02'},
[92mINFO [0m:      	  75: { 'eval_acc': '3.5900e-01',
[92mINFO [0m:      	        'eval_loss': '1.8547e+00',
[92mINFO [0m:      	        'time': '5.7392e+02'},
[92mINFO [0m:      	  76: { 'eval_acc': '3.6020e-01',
[92mINFO [0m:      	        'eval_loss': '1.8488e+00',
[92mINFO [0m:      	        'time': '5.8096e+02'},
[92mINFO [0m:      	  77: { 'eval_acc': '3.3600e-01',
[92mINFO [0m:      	        'eval_loss': '1.8933e+00',
[92mINFO [0m:      	        'time': '5.8809e+02'},
[92mINFO [0m:      	  78: { 'eval_acc': '3.5010e-01',
[92mINFO [0m:      	        'eval_loss': '1.8630e+00',
[92mINFO [0m:      	        'time': '5.9512e+02'},
[92mINFO [0m:      	  79: { 'eval_acc': '3.3630e-01',
[92mINFO [0m:      	        'eval_loss': '1.8716e+00',
[92mINFO [0m:      	        'time': '6.0226e+02'},
[92mINFO [0m:      	  80: { 'eval_acc': '3.4470e-01',
[92mINFO [0m:      	        'eval_loss': '1.8565e+00',
[92mINFO [0m:      	        'time': '6.0939e+02'},
[92mINFO [0m:      	  81: { 'eval_acc': '3.4160e-01',
[92mINFO [0m:      	        'eval_loss': '1.8475e+00',
[92mINFO [0m:      	        'time': '6.1653e+02'},
[92mINFO [0m:      	  82: { 'eval_acc': '3.5740e-01',
[92mINFO [0m:      	        'eval_loss': '1.8557e+00',
[92mINFO [0m:      	        'time': '6.2366e+02'},
[92mINFO [0m:      	  83: { 'eval_acc': '3.5010e-01',
[92mINFO [0m:      	        'eval_loss': '1.8453e+00',
[92mINFO [0m:      	        'time': '6.3079e+02'},
[92mINFO [0m:      	  84: { 'eval_acc': '3.5200e-01',
[92mINFO [0m:      	        'eval_loss': '1.8422e+00',
[92mINFO [0m:      	        'time': '6.3793e+02'},
[92mINFO [0m:      	  85: { 'eval_acc': '3.5290e-01',
[92mINFO [0m:      	        'eval_loss': '1.8265e+00',
[92mINFO [0m:      	        'time': '6.4506e+02'},
[92mINFO [0m:      	  86: { 'eval_acc': '3.4860e-01',
[92mINFO [0m:      	        'eval_loss': '1.8937e+00',
[92mINFO [0m:      	        'time': '6.5209e+02'},
[92mINFO [0m:      	  87: { 'eval_acc': '3.5620e-01',
[92mINFO [0m:      	        'eval_loss': '1.8400e+00',
[92mINFO [0m:      	        'time': '6.5923e+02'},
[92mINFO [0m:      	  88: { 'eval_acc': '3.5360e-01',
[92mINFO [0m:      	        'eval_loss': '1.8682e+00',
[92mINFO [0m:      	        'time': '6.6640e+02'},
[92mINFO [0m:      	  89: { 'eval_acc': '3.2910e-01',
[92mINFO [0m:      	        'eval_loss': '1.8654e+00',
[92mINFO [0m:      	        'time': '6.7353e+02'},
[92mINFO [0m:      	  90: { 'eval_acc': '3.6260e-01',
[92mINFO [0m:      	        'eval_loss': '1.8569e+00',
[92mINFO [0m:      	        'time': '6.8066e+02'},
[92mINFO [0m:      	  91: { 'eval_acc': '3.5690e-01',
[92mINFO [0m:      	        'eval_loss': '1.8583e+00',
[92mINFO [0m:      	        'time': '6.8780e+02'},
[92mINFO [0m:      	  92: { 'eval_acc': '3.5340e-01',
[92mINFO [0m:      	        'eval_loss': '1.8734e+00',
[92mINFO [0m:      	        'time': '6.9493e+02'},
[92mINFO [0m:      	  93: { 'eval_acc': '3.4480e-01',
[92mINFO [0m:      	        'eval_loss': '1.8548e+00',
[92mINFO [0m:      	        'time': '7.0206e+02'},
[92mINFO [0m:      	  94: { 'eval_acc': '3.5570e-01',
[92mINFO [0m:      	        'eval_loss': '1.8530e+00',
[92mINFO [0m:      	        'time': '7.0920e+02'},
[92mINFO [0m:      	  95: { 'eval_acc': '3.3530e-01',
[92mINFO [0m:      	        'eval_loss': '1.9059e+00',
[92mINFO [0m:      	        'time': '7.1634e+02'},
[92mINFO [0m:      	  96: { 'eval_acc': '3.5680e-01',
[92mINFO [0m:      	        'eval_loss': '1.8581e+00',
[92mINFO [0m:      	        'time': '7.2348e+02'},
[92mINFO [0m:      	  97: { 'eval_acc': '3.4360e-01',
[92mINFO [0m:      	        'eval_loss': '1.8722e+00',
[92mINFO [0m:      	        'time': '7.3061e+02'},
[92mINFO [0m:      	  98: { 'eval_acc': '3.6470e-01',
[92mINFO [0m:      	        'eval_loss': '1.8288e+00',
[92mINFO [0m:      	        'time': '7.3774e+02'},
[92mINFO [0m:      	  99: { 'eval_acc': '3.5990e-01',
[92mINFO [0m:      	        'eval_loss': '1.8245e+00',
[92mINFO [0m:      	        'time': '7.4487e+02'},
[92mINFO [0m:      	  100: { 'eval_acc': '3.6880e-01',
[92mINFO [0m:      	         'eval_loss': '1.8621e+00',
[92mINFO [0m:      	         'time': '7.5201e+02'}}
[92mINFO [0m:      	
[92mINFO [0m:      	ServerApp-side Evaluate Metrics:
[92mINFO [0m:      	{}
[92mINFO [0m:      
[92mINFO [0m:      CSV saved: results/cifar10/9/FedSaSync_fs2_m6.csv
[36m(ClientAppActor pid=2631306)[0m [2026-05-20 03:06:01,403 E 2631306 2632205] core_worker_process.cc:825: Failed to establish connection to the metrics exporter agent. Metrics will not be exported. Exporter agent status: RpcError: Running out of retries to initialize the metrics agent. rpc_code: 14[32m [repeated 15x across cluster][0m
[92mINFO [0m:      
