fs=2 m=8 i=4
Starting local SuperLink on 127.0.0.1:39093...
⚠️ Warning: `options.` fields in the SuperLink connection configuration are deprecated. Use `--federation-config` with `flwr run` instead. Alternatively, permanently set your simulation configuration via `flwr federation simulation-config`.
🎊 Successfully started run 8998462261954304922
[92mINFO [0m:      Starting Flower Simulation
Successfully installed fedsasync to /tmp/Victor-Hidalgo-1436506-123-0/.flwr/apps/flwrlabs.fedsasync.1.0.0.f4a93b94.
[92mINFO [0m:      Starting FedSaSync strategy:
[92mINFO [0m:      	├── Number of rounds: 100
[92mINFO [0m:      	├── ArrayRecord (0.24 MB)
[92mINFO [0m:      	├── ConfigRecord (train): (empty!)
[92mINFO [0m:      	├── ConfigRecord (evaluate): (empty!)
[92mINFO [0m:      	├──> Sampling:
[92mINFO [0m:      	│	├──Fraction: train (1.00) | evaluate ( 1.00)
[92mINFO [0m:      	│	├──Minimum nodes: train (2) | evaluate (2)
[92mINFO [0m:      	│	└──Minimum available nodes: 2
[92mINFO [0m:      	└──> Keys in records:
[92mINFO [0m:      		├── Weighted by: 'num-examples'
[92mINFO [0m:      		├── ArrayRecord key: 'arrays'
[92mINFO [0m:      		└── ConfigRecord key: 'config'
[92mINFO [0m:      
[92mINFO [0m:      
[92mINFO [0m:      [ROUND 1/100]
[92mINFO [0m:      configure_train: Sampled 10 nodes (out of 10)
/home/Victor.Hidalgo/.pyenv/versions/3.12.12/envs/fedsasync/lib/python3.12/site-packages/ray/_private/worker.py:2051: FutureWarning: Tip: In future versions of Ray, Ray will no longer override accelerator visible devices env var if num_gpus=0 or num_gpus=None (default). To enable this behavior and turn off this error message, set RAY_ACCEL_ENV_VAR_OVERRIDE_ON_ZERO=0
  warnings.warn(
[36m(ClientAppActor pid=1882975)[0m Warning: You are sending unauthenticated requests to the HF Hub. Please set a HF_TOKEN to enable higher rate limits and faster downloads.
[92mINFO [0m:      aggregate_train: Received 8 results and 0 failures
[92mINFO [0m:      	└──> Aggregated MetricRecord: {'train_loss': 2.196847939491272, 'train_time': 7.4993203766644, 'qtty_records': 8}
[92mINFO [0m:      configure_evaluate: Sampled 10 nodes (out of 10)
[36m(pid=gcs_server)[0m [2026-05-20 03:16:32,368 E 1881678 1881678] (gcs_server) gcs_server.cc:302: Failed to establish connection to the event+metrics exporter agent. Events and metrics will not be exported. Exporter agent status: RpcError: Running out of retries to initialize the metrics agent. rpc_code: 14
[36m(ClientAppActor pid=1882978)[0m Warning: You are sending unauthenticated requests to the HF Hub. Please set a HF_TOKEN to enable higher rate limits and faster downloads.[32m [repeated 8x across cluster] (Ray deduplicates logs by default. Set RAY_DEDUP_LOGS=0 to disable log deduplication, or see https://docs.ray.io/en/master/ray-observability/user-guides/configure-logging.html#log-deduplication for more options.)[0m
[33m(raylet)[0m [2026-05-20 03:16:34,297 E 1881954 1881954] (raylet) main.cc:975: Failed to establish connection to the metrics exporter agent. Metrics will not be exported. Exporter agent status: RpcError: Running out of retries to initialize the metrics agent. rpc_code: 14
[92mINFO [0m:      aggregate_evaluate: Received 10 results and 0 failures
[92mINFO [0m:      	└──> Aggregated MetricRecord: {'eval_loss': 2.4250132739543915, 'eval_acc': 0.10289999999999999, 'time': 42.52207159996033}
[92mINFO [0m:      
[92mINFO [0m:      [ROUND 2/100]
[92mINFO [0m:      configure_train: Sampled 8 nodes (out of 10)
[36m(ClientAppActor pid=1883005)[0m [2026-05-20 03:16:38,334 E 1883005 1883188] core_worker_process.cc:825: Failed to establish connection to the metrics exporter agent. Metrics will not be exported. Exporter agent status: RpcError: Running out of retries to initialize the metrics agent. rpc_code: 14
[36m(ClientAppActor pid=1882999)[0m Warning: You are sending unauthenticated requests to the HF Hub. Please set a HF_TOKEN to enable higher rate limits and faster downloads.[32m [repeated 2x across cluster][0m
[92mINFO [0m:      aggregate_train: Received 10 results and 0 failures
[92mINFO [0m:      	└──> Aggregated MetricRecord: {'train_loss': 2.1419105388641357, 'train_time': 6.95309157948941, 'qtty_records': 10}
[92mINFO [0m:      configure_evaluate: Sampled 10 nodes (out of 10)
[92mINFO [0m:      aggregate_evaluate: Received 10 results and 0 failures
[92mINFO [0m:      	└──> Aggregated MetricRecord: {'eval_loss': 2.272623670846224, 'eval_acc': 0.1427, 'time': 49.58255696296692}
[92mINFO [0m:      
[92mINFO [0m:      [ROUND 3/100]
[92mINFO [0m:      configure_train: Sampled 10 nodes (out of 10)
[92mINFO [0m:      aggregate_train: Received 8 results and 0 failures
[92mINFO [0m:      	└──> Aggregated MetricRecord: {'train_loss': 2.0764137338399884, 'train_time': 5.584890889702365, 'qtty_records': 8}
[92mINFO [0m:      configure_evaluate: Sampled 10 nodes (out of 10)
[92mINFO [0m:      aggregate_evaluate: Received 10 results and 0 failures
[92mINFO [0m:      	└──> Aggregated MetricRecord: {'eval_loss': 2.12239608541131, 'eval_acc': 0.21530000000000002, 'time': 56.81342887878418}
[92mINFO [0m:      
[92mINFO [0m:      [ROUND 4/100]
[92mINFO [0m:      configure_train: Sampled 8 nodes (out of 10)
[92mINFO [0m:      aggregate_train: Received 10 results and 0 failures
[92mINFO [0m:      	└──> Aggregated MetricRecord: {'train_loss': 2.0348959128379827, 'train_time': 6.6006780477240685, 'qtty_records': 10}
[92mINFO [0m:      configure_evaluate: Sampled 10 nodes (out of 10)
[92mINFO [0m:      aggregate_evaluate: Received 10 results and 0 failures
[92mINFO [0m:      	└──> Aggregated MetricRecord: {'eval_loss': 2.090354634076357, 'eval_acc': 0.2384, 'time': 63.87203788757324}
[92mINFO [0m:      
[92mINFO [0m:      [ROUND 5/100]
[92mINFO [0m:      configure_train: Sampled 10 nodes (out of 10)
[92mINFO [0m:      aggregate_train: Received 8 results and 0 failures
[92mINFO [0m:      	└──> Aggregated MetricRecord: {'train_loss': 1.9962264704704284, 'train_time': 5.553424349054694, 'qtty_records': 8}
[92mINFO [0m:      configure_evaluate: Sampled 10 nodes (out of 10)
[92mINFO [0m:      aggregate_evaluate: Received 10 results and 0 failures
[92mINFO [0m:      	└──> Aggregated MetricRecord: {'eval_loss': 2.056179181858897, 'eval_acc': 0.24569999999999997, 'time': 71.10170483589172}
[92mINFO [0m:      
[92mINFO [0m:      [ROUND 6/100]
[92mINFO [0m:      configure_train: Sampled 8 nodes (out of 10)
[92mINFO [0m:      aggregate_train: Received 10 results and 0 failures
[92mINFO [0m:      	└──> Aggregated MetricRecord: {'train_loss': 1.967219066715241, 'train_time': 6.558170877583325, 'qtty_records': 10}
[92mINFO [0m:      configure_evaluate: Sampled 10 nodes (out of 10)
[92mINFO [0m:      aggregate_evaluate: Received 10 results and 0 failures
[92mINFO [0m:      	└──> Aggregated MetricRecord: {'eval_loss': 2.0594492867589, 'eval_acc': 0.24939999999999998, 'time': 78.15981602668762}
[92mINFO [0m:      
[92mINFO [0m:      [ROUND 7/100]
[92mINFO [0m:      configure_train: Sampled 10 nodes (out of 10)
[92mINFO [0m:      aggregate_train: Received 8 results and 0 failures
[92mINFO [0m:      	└──> Aggregated MetricRecord: {'train_loss': 1.963261391043663, 'train_time': 5.4968519422691315, 'qtty_records': 8}
[92mINFO [0m:      configure_evaluate: Sampled 10 nodes (out of 10)
[92mINFO [0m:      aggregate_evaluate: Received 10 results and 0 failures
[92mINFO [0m:      	└──> Aggregated MetricRecord: {'eval_loss': 2.056442593410611, 'eval_acc': 0.253, 'time': 85.3891532421112}
[92mINFO [0m:      
[92mINFO [0m:      [ROUND 8/100]
[92mINFO [0m:      configure_train: Sampled 8 nodes (out of 10)
[92mINFO [0m:      aggregate_train: Received 10 results and 0 failures
[92mINFO [0m:      	└──> Aggregated MetricRecord: {'train_loss': 1.9581438041687016, 'train_time': 6.617908505350352, 'qtty_records': 10}
[92mINFO [0m:      configure_evaluate: Sampled 10 nodes (out of 10)
[92mINFO [0m:      aggregate_evaluate: Received 10 results and 0 failures
[92mINFO [0m:      	└──> Aggregated MetricRecord: {'eval_loss': 2.039980777725577, 'eval_acc': 0.2654, 'time': 92.44673442840576}
[92mINFO [0m:      
[92mINFO [0m:      [ROUND 9/100]
[92mINFO [0m:      configure_train: Sampled 10 nodes (out of 10)
[92mINFO [0m:      aggregate_train: Received 8 results and 0 failures
[92mINFO [0m:      	└──> Aggregated MetricRecord: {'train_loss': 1.936333765268326, 'train_time': 5.5401833539363, 'qtty_records': 8}
[92mINFO [0m:      configure_evaluate: Sampled 10 nodes (out of 10)
[92mINFO [0m:      aggregate_evaluate: Received 10 results and 0 failures
[92mINFO [0m:      	└──> Aggregated MetricRecord: {'eval_loss': 1.9899521932005884, 'eval_acc': 0.29680000000000006, 'time': 99.57575535774231}
[92mINFO [0m:      
[92mINFO [0m:      [ROUND 10/100]
[92mINFO [0m:      configure_train: Sampled 8 nodes (out of 10)
[92mINFO [0m:      aggregate_train: Received 9 results and 0 failures
[92mINFO [0m:      	└──> Aggregated MetricRecord: {'train_loss': 1.9388595069249468, 'train_time': 6.697765379316277, 'qtty_records': 9}
[92mINFO [0m:      configure_evaluate: Sampled 10 nodes (out of 10)
[92mINFO [0m:      aggregate_evaluate: Received 10 results and 0 failures
[92mINFO [0m:      	└──> Aggregated MetricRecord: {'eval_loss': 2.019701527804137, 'eval_acc': 0.2554, 'time': 106.71050953865051}
[92mINFO [0m:      
[92mINFO [0m:      [ROUND 11/100]
[92mINFO [0m:      configure_train: Sampled 9 nodes (out of 10)
[92mINFO [0m:      aggregate_train: Received 8 results and 0 failures
[92mINFO [0m:      	└──> Aggregated MetricRecord: {'train_loss': 1.9307197120189665, 'train_time': 5.528155653271824, 'qtty_records': 8}
[92mINFO [0m:      configure_evaluate: Sampled 10 nodes (out of 10)
[92mINFO [0m:      aggregate_evaluate: Received 10 results and 0 failures
[92mINFO [0m:      	└──> Aggregated MetricRecord: {'eval_loss': 2.053922632336617, 'eval_acc': 0.26080000000000003, 'time': 113.84063863754272}
[92mINFO [0m:      
[92mINFO [0m:      [ROUND 12/100]
[92mINFO [0m:      configure_train: Sampled 8 nodes (out of 10)
[92mINFO [0m:      aggregate_train: Received 10 results and 0 failures
[92mINFO [0m:      	└──> Aggregated MetricRecord: {'train_loss': 1.933597675037384, 'train_time': 6.5821663966402415, 'qtty_records': 10}
[92mINFO [0m:      configure_evaluate: Sampled 10 nodes (out of 10)
[92mINFO [0m:      aggregate_evaluate: Received 10 results and 0 failures
[92mINFO [0m:      	└──> Aggregated MetricRecord: {'eval_loss': 1.9963073361665011, 'eval_acc': 0.2822, 'time': 121.00441670417786}
[92mINFO [0m:      
[92mINFO [0m:      [ROUND 13/100]
[92mINFO [0m:      configure_train: Sampled 10 nodes (out of 10)
[92mINFO [0m:      aggregate_train: Received 8 results and 0 failures
[92mINFO [0m:      	└──> Aggregated MetricRecord: {'train_loss': 1.9212787920236587, 'train_time': 5.519262138754129, 'qtty_records': 8}
[92mINFO [0m:      configure_evaluate: Sampled 10 nodes (out of 10)
[92mINFO [0m:      aggregate_evaluate: Received 10 results and 0 failures
[92mINFO [0m:      	└──> Aggregated MetricRecord: {'eval_loss': 2.0039976179599766, 'eval_acc': 0.26930000000000004, 'time': 128.13503193855286}
[92mINFO [0m:      
[92mINFO [0m:      [ROUND 14/100]
[92mINFO [0m:      configure_train: Sampled 8 nodes (out of 10)
[92mINFO [0m:      aggregate_train: Received 10 results and 0 failures
[92mINFO [0m:      	└──> Aggregated MetricRecord: {'train_loss': 1.9118757941246036, 'train_time': 6.5749745750799775, 'qtty_records': 10}
[92mINFO [0m:      configure_evaluate: Sampled 10 nodes (out of 10)
[92mINFO [0m:      aggregate_evaluate: Received 10 results and 0 failures
[92mINFO [0m:      	└──> Aggregated MetricRecord: {'eval_loss': 1.929120597988367, 'eval_acc': 0.31220000000000003, 'time': 135.29813480377197}
[92mINFO [0m:      
[92mINFO [0m:      [ROUND 15/100]
[92mINFO [0m:      configure_train: Sampled 10 nodes (out of 10)
[92mINFO [0m:      aggregate_train: Received 8 results and 0 failures
[92mINFO [0m:      	└──> Aggregated MetricRecord: {'train_loss': 1.9025382684469225, 'train_time': 5.531238068593666, 'qtty_records': 8}
[92mINFO [0m:      configure_evaluate: Sampled 10 nodes (out of 10)
[92mINFO [0m:      aggregate_evaluate: Received 10 results and 0 failures
[92mINFO [0m:      	└──> Aggregated MetricRecord: {'eval_loss': 1.9847174219787123, 'eval_acc': 0.2893, 'time': 142.42881655693054}
[92mINFO [0m:      
[92mINFO [0m:      [ROUND 16/100]
[92mINFO [0m:      configure_train: Sampled 8 nodes (out of 10)
[92mINFO [0m:      aggregate_train: Received 10 results and 0 failures
[92mINFO [0m:      	└──> Aggregated MetricRecord: {'train_loss': 1.9177645965576176, 'train_time': 6.553715243749321, 'qtty_records': 10}
[92mINFO [0m:      configure_evaluate: Sampled 10 nodes (out of 10)
[92mINFO [0m:      aggregate_evaluate: Received 10 results and 0 failures
[92mINFO [0m:      	└──> Aggregated MetricRecord: {'eval_loss': 1.9607876151800157, 'eval_acc': 0.30089999999999995, 'time': 149.5882933139801}
[92mINFO [0m:      
[92mINFO [0m:      [ROUND 17/100]
[92mINFO [0m:      configure_train: Sampled 10 nodes (out of 10)
[92mINFO [0m:      aggregate_train: Received 8 results and 0 failures
[92mINFO [0m:      	└──> Aggregated MetricRecord: {'train_loss': 1.9049693347215655, 'train_time': 5.50243237731047, 'qtty_records': 8}
[92mINFO [0m:      configure_evaluate: Sampled 10 nodes (out of 10)
[92mINFO [0m:      aggregate_evaluate: Received 10 results and 0 failures
[92mINFO [0m:      	└──> Aggregated MetricRecord: {'eval_loss': 1.9815772525966169, 'eval_acc': 0.29150000000000004, 'time': 156.71778011322021}
[92mINFO [0m:      
[92mINFO [0m:      [ROUND 18/100]
[92mINFO [0m:      configure_train: Sampled 8 nodes (out of 10)
[92mINFO [0m:      aggregate_train: Received 10 results and 0 failures
[92mINFO [0m:      	└──> Aggregated MetricRecord: {'train_loss': 1.9016756902694703, 'train_time': 6.5716906581074, 'qtty_records': 10}
[92mINFO [0m:      configure_evaluate: Sampled 10 nodes (out of 10)
[92mINFO [0m:      aggregate_evaluate: Received 10 results and 0 failures
[92mINFO [0m:      	└──> Aggregated MetricRecord: {'eval_loss': 1.9403833504766228, 'eval_acc': 0.2942, 'time': 163.77517580986023}
[92mINFO [0m:      
[92mINFO [0m:      [ROUND 19/100]
[92mINFO [0m:      configure_train: Sampled 10 nodes (out of 10)
[92mINFO [0m:      aggregate_train: Received 8 results and 0 failures
[92mINFO [0m:      	└──> Aggregated MetricRecord: {'train_loss': 1.890201210141182, 'train_time': 5.5235210380051285, 'qtty_records': 8}
[92mINFO [0m:      configure_evaluate: Sampled 10 nodes (out of 10)
[92mINFO [0m:      aggregate_evaluate: Received 10 results and 0 failures
[92mINFO [0m:      	└──> Aggregated MetricRecord: {'eval_loss': 1.9614405859261754, 'eval_acc': 0.30490000000000006, 'time': 170.90589380264282}
[92mINFO [0m:      
[92mINFO [0m:      [ROUND 20/100]
[92mINFO [0m:      configure_train: Sampled 8 nodes (out of 10)
[92mINFO [0m:      aggregate_train: Received 10 results and 0 failures
[92mINFO [0m:      	└──> Aggregated MetricRecord: {'train_loss': 1.8969294111251833, 'train_time': 6.572592596523464, 'qtty_records': 10}
[92mINFO [0m:      configure_evaluate: Sampled 10 nodes (out of 10)
[92mINFO [0m:      aggregate_evaluate: Received 10 results and 0 failures
[92mINFO [0m:      	└──> Aggregated MetricRecord: {'eval_loss': 1.945664328709245, 'eval_acc': 0.30619999999999997, 'time': 178.06342267990112}
[92mINFO [0m:      
[92mINFO [0m:      [ROUND 21/100]
[92mINFO [0m:      configure_train: Sampled 10 nodes (out of 10)
[92mINFO [0m:      aggregate_train: Received 8 results and 0 failures
[92mINFO [0m:      	└──> Aggregated MetricRecord: {'train_loss': 1.8908265262842177, 'train_time': 5.495622315676883, 'qtty_records': 8}
[92mINFO [0m:      configure_evaluate: Sampled 10 nodes (out of 10)
[92mINFO [0m:      aggregate_evaluate: Received 10 results and 0 failures
[92mINFO [0m:      	└──> Aggregated MetricRecord: {'eval_loss': 1.9105014245957137, 'eval_acc': 0.31650000000000006, 'time': 185.0939576625824}
[92mINFO [0m:      
[92mINFO [0m:      [ROUND 22/100]
[92mINFO [0m:      configure_train: Sampled 8 nodes (out of 10)
[92mINFO [0m:      aggregate_train: Received 10 results and 0 failures
[92mINFO [0m:      	└──> Aggregated MetricRecord: {'train_loss': 1.8884842253685, 'train_time': 6.530940752476454, 'qtty_records': 10}
[92mINFO [0m:      configure_evaluate: Sampled 10 nodes (out of 10)
[92mINFO [0m:      aggregate_evaluate: Received 10 results and 0 failures
[92mINFO [0m:      	└──> Aggregated MetricRecord: {'eval_loss': 1.9473657991737128, 'eval_acc': 0.30850000000000005, 'time': 192.25500059127808}
[92mINFO [0m:      
[92mINFO [0m:      [ROUND 23/100]
[92mINFO [0m:      configure_train: Sampled 10 nodes (out of 10)
[92mINFO [0m:      aggregate_train: Received 8 results and 0 failures
[92mINFO [0m:      	└──> Aggregated MetricRecord: {'train_loss': 1.8856004405021667, 'train_time': 5.490999682806432, 'qtty_records': 8}
[92mINFO [0m:      configure_evaluate: Sampled 10 nodes (out of 10)
[92mINFO [0m:      aggregate_evaluate: Received 10 results and 0 failures
[92mINFO [0m:      	└──> Aggregated MetricRecord: {'eval_loss': 1.9246208310127257, 'eval_acc': 0.3002000000000001, 'time': 199.48860931396484}
[92mINFO [0m:      
[92mINFO [0m:      [ROUND 24/100]
[92mINFO [0m:      configure_train: Sampled 8 nodes (out of 10)
[92mINFO [0m:      aggregate_train: Received 10 results and 0 failures
[92mINFO [0m:      	└──> Aggregated MetricRecord: {'train_loss': 1.8932881191253663, 'train_time': 6.5716017849743364, 'qtty_records': 10}
[92mINFO [0m:      configure_evaluate: Sampled 10 nodes (out of 10)
[92mINFO [0m:      aggregate_evaluate: Received 10 results and 0 failures
[92mINFO [0m:      	└──> Aggregated MetricRecord: {'eval_loss': 1.933052568510175, 'eval_acc': 0.3221, 'time': 206.52243089675903}
[92mINFO [0m:      
[92mINFO [0m:      [ROUND 25/100]
[92mINFO [0m:      configure_train: Sampled 10 nodes (out of 10)
[92mINFO [0m:      aggregate_train: Received 8 results and 0 failures
[92mINFO [0m:      	└──> Aggregated MetricRecord: {'train_loss': 1.8763964025974273, 'train_time': 5.526883180718869, 'qtty_records': 8}
[92mINFO [0m:      configure_evaluate: Sampled 10 nodes (out of 10)
[92mINFO [0m:      aggregate_evaluate: Received 10 results and 0 failures
[92mINFO [0m:      	└──> Aggregated MetricRecord: {'eval_loss': 1.890010818466544, 'eval_acc': 0.3218, 'time': 213.65273809432983}
[92mINFO [0m:      
[92mINFO [0m:      [ROUND 26/100]
[92mINFO [0m:      configure_train: Sampled 8 nodes (out of 10)
[92mINFO [0m:      aggregate_train: Received 10 results and 0 failures
[92mINFO [0m:      	└──> Aggregated MetricRecord: {'train_loss': 1.8745059382438662, 'train_time': 6.583894472010433, 'qtty_records': 10}
[92mINFO [0m:      configure_evaluate: Sampled 10 nodes (out of 10)
[92mINFO [0m:      aggregate_evaluate: Received 10 results and 0 failures
[92mINFO [0m:      	└──> Aggregated MetricRecord: {'eval_loss': 1.9201960917562249, 'eval_acc': 0.31110000000000004, 'time': 220.81462287902832}
[92mINFO [0m:      
[92mINFO [0m:      [ROUND 27/100]
[92mINFO [0m:      configure_train: Sampled 10 nodes (out of 10)
[92mINFO [0m:      aggregate_train: Received 8 results and 0 failures
[92mINFO [0m:      	└──> Aggregated MetricRecord: {'train_loss': 1.8841560077667237, 'train_time': 5.550558645278215, 'qtty_records': 8}
[92mINFO [0m:      configure_evaluate: Sampled 10 nodes (out of 10)
[92mINFO [0m:      aggregate_evaluate: Received 10 results and 0 failures
[92mINFO [0m:      	└──> Aggregated MetricRecord: {'eval_loss': 1.935228477418423, 'eval_acc': 0.31279999999999997, 'time': 228.07024431228638}
[92mINFO [0m:      
[92mINFO [0m:      [ROUND 28/100]
[92mINFO [0m:      configure_train: Sampled 8 nodes (out of 10)
[92mINFO [0m:      aggregate_train: Received 10 results and 0 failures
[92mINFO [0m:      	└──> Aggregated MetricRecord: {'train_loss': 1.8828957678794864, 'train_time': 6.579632799513638, 'qtty_records': 10}
[92mINFO [0m:      configure_evaluate: Sampled 10 nodes (out of 10)
[92mINFO [0m:      aggregate_evaluate: Received 10 results and 0 failures
[92mINFO [0m:      	└──> Aggregated MetricRecord: {'eval_loss': 1.8805687606334687, 'eval_acc': 0.3386, 'time': 235.1302638053894}
[92mINFO [0m:      
[92mINFO [0m:      [ROUND 29/100]
[92mINFO [0m:      configure_train: Sampled 10 nodes (out of 10)
[92mINFO [0m:      aggregate_train: Received 8 results and 0 failures
[92mINFO [0m:      	└──> Aggregated MetricRecord: {'train_loss': 1.8731138682365418, 'train_time': 5.538323082728311, 'qtty_records': 8}
[92mINFO [0m:      configure_evaluate: Sampled 10 nodes (out of 10)
[92mINFO [0m:      aggregate_evaluate: Received 10 results and 0 failures
[92mINFO [0m:      	└──> Aggregated MetricRecord: {'eval_loss': 1.870615035295487, 'eval_acc': 0.32980000000000004, 'time': 242.38352966308594}
[92mINFO [0m:      
[92mINFO [0m:      [ROUND 30/100]
[92mINFO [0m:      configure_train: Sampled 8 nodes (out of 10)
[92mINFO [0m:      aggregate_train: Received 10 results and 0 failures
[92mINFO [0m:      	└──> Aggregated MetricRecord: {'train_loss': 1.8828208724975588, 'train_time': 6.59666002355516, 'qtty_records': 10}
[92mINFO [0m:      configure_evaluate: Sampled 10 nodes (out of 10)
[92mINFO [0m:      aggregate_evaluate: Received 10 results and 0 failures
[92mINFO [0m:      	└──> Aggregated MetricRecord: {'eval_loss': 1.9025208510458473, 'eval_acc': 0.32520000000000004, 'time': 249.54691576957703}
[92mINFO [0m:      
[92mINFO [0m:      [ROUND 31/100]
[92mINFO [0m:      configure_train: Sampled 10 nodes (out of 10)
[92mINFO [0m:      aggregate_train: Received 8 results and 0 failures
[92mINFO [0m:      	└──> Aggregated MetricRecord: {'train_loss': 1.8641483989953995, 'train_time': 5.519746948266402, 'qtty_records': 8}
[92mINFO [0m:      configure_evaluate: Sampled 10 nodes (out of 10)
[92mINFO [0m:      aggregate_evaluate: Received 10 results and 0 failures
[92mINFO [0m:      	└──> Aggregated MetricRecord: {'eval_loss': 1.8734171517193319, 'eval_acc': 0.33890000000000003, 'time': 256.67649364471436}
[92mINFO [0m:      
[92mINFO [0m:      [ROUND 32/100]
[92mINFO [0m:      configure_train: Sampled 8 nodes (out of 10)
[92mINFO [0m:      aggregate_train: Received 10 results and 0 failures
[92mINFO [0m:      	└──> Aggregated MetricRecord: {'train_loss': 1.871712105369568, 'train_time': 6.577429239451885, 'qtty_records': 10}
[92mINFO [0m:      configure_evaluate: Sampled 10 nodes (out of 10)
[92mINFO [0m:      aggregate_evaluate: Received 10 results and 0 failures
[92mINFO [0m:      	└──> Aggregated MetricRecord: {'eval_loss': 1.8768225688487292, 'eval_acc': 0.3448, 'time': 263.7105395793915}
[92mINFO [0m:      
[92mINFO [0m:      [ROUND 33/100]
[92mINFO [0m:      configure_train: Sampled 10 nodes (out of 10)
[92mINFO [0m:      aggregate_train: Received 8 results and 0 failures
[92mINFO [0m:      	└──> Aggregated MetricRecord: {'train_loss': 1.8600406612157818, 'train_time': 5.5295041291974485, 'qtty_records': 8}
[92mINFO [0m:      configure_evaluate: Sampled 10 nodes (out of 10)
[92mINFO [0m:      aggregate_evaluate: Received 10 results and 0 failures
[92mINFO [0m:      	└──> Aggregated MetricRecord: {'eval_loss': 1.8807018309831625, 'eval_acc': 0.3371, 'time': 270.84132194519043}
[92mINFO [0m:      
[92mINFO [0m:      [ROUND 34/100]
[92mINFO [0m:      configure_train: Sampled 8 nodes (out of 10)
[92mINFO [0m:      aggregate_train: Received 10 results and 0 failures
[92mINFO [0m:      	└──> Aggregated MetricRecord: {'train_loss': 1.8668963076591494, 'train_time': 6.579399964772165, 'qtty_records': 10}
[92mINFO [0m:      configure_evaluate: Sampled 10 nodes (out of 10)
[92mINFO [0m:      aggregate_evaluate: Received 10 results and 0 failures
[92mINFO [0m:      	└──> Aggregated MetricRecord: {'eval_loss': 1.8743253253400327, 'eval_acc': 0.32050000000000006, 'time': 278.0093288421631}
[92mINFO [0m:      
[92mINFO [0m:      [ROUND 35/100]
[92mINFO [0m:      configure_train: Sampled 10 nodes (out of 10)
[92mINFO [0m:      aggregate_train: Received 8 results and 0 failures
[92mINFO [0m:      	└──> Aggregated MetricRecord: {'train_loss': 1.8657679698467255, 'train_time': 5.509904633508995, 'qtty_records': 8}
[92mINFO [0m:      configure_evaluate: Sampled 10 nodes (out of 10)
[92mINFO [0m:      aggregate_evaluate: Received 10 results and 0 failures
[92mINFO [0m:      	└──> Aggregated MetricRecord: {'eval_loss': 1.8607235860079527, 'eval_acc': 0.34530000000000005, 'time': 285.13973593711853}
[92mINFO [0m:      
[92mINFO [0m:      [ROUND 36/100]
[92mINFO [0m:      configure_train: Sampled 8 nodes (out of 10)
[92mINFO [0m:      aggregate_train: Received 10 results and 0 failures
[92mINFO [0m:      	└──> Aggregated MetricRecord: {'train_loss': 1.8609809626579286, 'train_time': 6.55447291303426, 'qtty_records': 10}
[92mINFO [0m:      configure_evaluate: Sampled 10 nodes (out of 10)
[92mINFO [0m:      aggregate_evaluate: Received 10 results and 0 failures
[92mINFO [0m:      	└──> Aggregated MetricRecord: {'eval_loss': 1.8478848330676558, 'eval_acc': 0.3467, 'time': 292.31023120880127}
[92mINFO [0m:      
[92mINFO [0m:      [ROUND 37/100]
[92mINFO [0m:      configure_train: Sampled 10 nodes (out of 10)
[92mINFO [0m:      aggregate_train: Received 8 results and 0 failures
[92mINFO [0m:      	└──> Aggregated MetricRecord: {'train_loss': 1.8612420637607576, 'train_time': 5.553130601067096, 'qtty_records': 8}
[92mINFO [0m:      configure_evaluate: Sampled 10 nodes (out of 10)
[92mINFO [0m:      aggregate_evaluate: Received 10 results and 0 failures
[92mINFO [0m:      	└──> Aggregated MetricRecord: {'eval_loss': 1.8759936995804312, 'eval_acc': 0.34980000000000006, 'time': 299.4396722316742}
[92mINFO [0m:      
[92mINFO [0m:      [ROUND 38/100]
[92mINFO [0m:      configure_train: Sampled 8 nodes (out of 10)
[92mINFO [0m:      aggregate_train: Received 10 results and 0 failures
[92mINFO [0m:      	└──> Aggregated MetricRecord: {'train_loss': 1.86371127243042, 'train_time': 6.596498747728765, 'qtty_records': 10}
[92mINFO [0m:      configure_evaluate: Sampled 10 nodes (out of 10)
[92mINFO [0m:      aggregate_evaluate: Received 10 results and 0 failures
[92mINFO [0m:      	└──> Aggregated MetricRecord: {'eval_loss': 1.9058040946722032, 'eval_acc': 0.3255, 'time': 306.47329115867615}
[92mINFO [0m:      
[92mINFO [0m:      [ROUND 39/100]
[92mINFO [0m:      configure_train: Sampled 10 nodes (out of 10)
[92mINFO [0m:      aggregate_train: Received 8 results and 0 failures
[92mINFO [0m:      	└──> Aggregated MetricRecord: {'train_loss': 1.8663399640321732, 'train_time': 5.542034527519718, 'qtty_records': 8}
[92mINFO [0m:      configure_evaluate: Sampled 10 nodes (out of 10)
[92mINFO [0m:      aggregate_evaluate: Received 10 results and 0 failures
[92mINFO [0m:      	└──> Aggregated MetricRecord: {'eval_loss': 1.8554055061191321, 'eval_acc': 0.33380000000000004, 'time': 313.60296726226807}
[92mINFO [0m:      
[92mINFO [0m:      [ROUND 40/100]
[92mINFO [0m:      configure_train: Sampled 8 nodes (out of 10)
[92mINFO [0m:      aggregate_train: Received 10 results and 0 failures
[92mINFO [0m:      	└──> Aggregated MetricRecord: {'train_loss': 1.8688183222770696, 'train_time': 6.576816716603934, 'qtty_records': 10}
[92mINFO [0m:      configure_evaluate: Sampled 10 nodes (out of 10)
[92mINFO [0m:      aggregate_evaluate: Received 10 results and 0 failures
[92mINFO [0m:      	└──> Aggregated MetricRecord: {'eval_loss': 1.8815717775374652, 'eval_acc': 0.33580000000000004, 'time': 320.76829409599304}
[92mINFO [0m:      
[92mINFO [0m:      [ROUND 41/100]
[92mINFO [0m:      configure_train: Sampled 10 nodes (out of 10)
[92mINFO [0m:      aggregate_train: Received 8 results and 0 failures
[92mINFO [0m:      	└──> Aggregated MetricRecord: {'train_loss': 1.869086235642433, 'train_time': 5.537164576118812, 'qtty_records': 8}
[92mINFO [0m:      configure_evaluate: Sampled 10 nodes (out of 10)
[92mINFO [0m:      aggregate_evaluate: Received 10 results and 0 failures
[92mINFO [0m:      	└──> Aggregated MetricRecord: {'eval_loss': 1.9151733513921498, 'eval_acc': 0.32570000000000005, 'time': 327.89922046661377}
[92mINFO [0m:      
[92mINFO [0m:      [ROUND 42/100]
[92mINFO [0m:      configure_train: Sampled 8 nodes (out of 10)
[92mINFO [0m:      aggregate_train: Received 10 results and 0 failures
[92mINFO [0m:      	└──> Aggregated MetricRecord: {'train_loss': 1.8583965693473816, 'train_time': 6.60416455809027, 'qtty_records': 10}
[92mINFO [0m:      configure_evaluate: Sampled 10 nodes (out of 10)
[92mINFO [0m:      aggregate_evaluate: Received 10 results and 0 failures
[92mINFO [0m:      	└──> Aggregated MetricRecord: {'eval_loss': 1.8755223613232377, 'eval_acc': 0.3386, 'time': 335.05594873428345}
[92mINFO [0m:      
[92mINFO [0m:      [ROUND 43/100]
[92mINFO [0m:      configure_train: Sampled 10 nodes (out of 10)
[92mINFO [0m:      aggregate_train: Received 8 results and 0 failures
[92mINFO [0m:      	└──> Aggregated MetricRecord: {'train_loss': 1.8453910956382753, 'train_time': 5.487783564021811, 'qtty_records': 8}
[92mINFO [0m:      configure_evaluate: Sampled 10 nodes (out of 10)
[92mINFO [0m:      aggregate_evaluate: Received 10 results and 0 failures
[92mINFO [0m:      	└──> Aggregated MetricRecord: {'eval_loss': 1.8311343729496001, 'eval_acc': 0.3588, 'time': 342.1875846385956}
[92mINFO [0m:      
[92mINFO [0m:      [ROUND 44/100]
[92mINFO [0m:      configure_train: Sampled 8 nodes (out of 10)
[92mINFO [0m:      aggregate_train: Received 10 results and 0 failures
[92mINFO [0m:      	└──> Aggregated MetricRecord: {'train_loss': 1.8627557759284972, 'train_time': 6.51350866407156, 'qtty_records': 10}
[92mINFO [0m:      configure_evaluate: Sampled 10 nodes (out of 10)
[92mINFO [0m:      aggregate_evaluate: Received 10 results and 0 failures
[92mINFO [0m:      	└──> Aggregated MetricRecord: {'eval_loss': 1.8951254226267336, 'eval_acc': 0.3386, 'time': 349.32951402664185}
[92mINFO [0m:      
[92mINFO [0m:      [ROUND 45/100]
[92mINFO [0m:      configure_train: Sampled 10 nodes (out of 10)
[92mINFO [0m:      aggregate_train: Received 8 results and 0 failures
[92mINFO [0m:      	└──> Aggregated MetricRecord: {'train_loss': 1.8525420236587529, 'train_time': 5.540083513595164, 'qtty_records': 8}
[92mINFO [0m:      configure_evaluate: Sampled 10 nodes (out of 10)
[92mINFO [0m:      aggregate_evaluate: Received 10 results and 0 failures
[92mINFO [0m:      	└──> Aggregated MetricRecord: {'eval_loss': 1.8765656903386119, 'eval_acc': 0.3498, 'time': 356.4587697982788}
[92mINFO [0m:      
[92mINFO [0m:      [ROUND 46/100]
[92mINFO [0m:      configure_train: Sampled 8 nodes (out of 10)
[92mINFO [0m:      aggregate_train: Received 10 results and 0 failures
[92mINFO [0m:      	└──> Aggregated MetricRecord: {'train_loss': 1.8628726344108582, 'train_time': 6.562908465228975, 'qtty_records': 10}
[92mINFO [0m:      configure_evaluate: Sampled 10 nodes (out of 10)
[92mINFO [0m:      aggregate_evaluate: Received 10 results and 0 failures
[92mINFO [0m:      	└──> Aggregated MetricRecord: {'eval_loss': 1.8678354032337665, 'eval_acc': 0.35319999999999996, 'time': 363.6201033592224}
[92mINFO [0m:      
[92mINFO [0m:      [ROUND 47/100]
[92mINFO [0m:      configure_train: Sampled 10 nodes (out of 10)
[92mINFO [0m:      aggregate_train: Received 8 results and 0 failures
[92mINFO [0m:      	└──> Aggregated MetricRecord: {'train_loss': 1.8575250185728074, 'train_time': 5.548417813144624, 'qtty_records': 8}
[92mINFO [0m:      configure_evaluate: Sampled 10 nodes (out of 10)
[92mINFO [0m:      aggregate_evaluate: Received 10 results and 0 failures
[92mINFO [0m:      	└──> Aggregated MetricRecord: {'eval_loss': 1.9028403490781785, 'eval_acc': 0.33530000000000004, 'time': 370.74938011169434}
[92mINFO [0m:      
[92mINFO [0m:      [ROUND 48/100]
[92mINFO [0m:      configure_train: Sampled 8 nodes (out of 10)
[92mINFO [0m:      aggregate_train: Received 10 results and 0 failures
[92mINFO [0m:      	└──> Aggregated MetricRecord: {'train_loss': 1.8826870035171512, 'train_time': 6.574445968493819, 'qtty_records': 10}
[92mINFO [0m:      configure_evaluate: Sampled 10 nodes (out of 10)
[92mINFO [0m:      aggregate_evaluate: Received 10 results and 0 failures
[92mINFO [0m:      	└──> Aggregated MetricRecord: {'eval_loss': 1.9083253942430023, 'eval_acc': 0.32489999999999997, 'time': 377.8961191177368}
[92mINFO [0m:      
[92mINFO [0m:      [ROUND 49/100]
[92mINFO [0m:      configure_train: Sampled 10 nodes (out of 10)
[92mINFO [0m:      aggregate_train: Received 8 results and 0 failures
[92mINFO [0m:      	└──> Aggregated MetricRecord: {'train_loss': 1.863360862016678, 'train_time': 5.500526936259121, 'qtty_records': 8}
[92mINFO [0m:      configure_evaluate: Sampled 10 nodes (out of 10)
[92mINFO [0m:      aggregate_evaluate: Received 10 results and 0 failures
[92mINFO [0m:      	└──> Aggregated MetricRecord: {'eval_loss': 1.8889498744159938, 'eval_acc': 0.33540000000000003, 'time': 385.0267996788025}
[92mINFO [0m:      
[92mINFO [0m:      [ROUND 50/100]
[92mINFO [0m:      configure_train: Sampled 8 nodes (out of 10)
[92mINFO [0m:      aggregate_train: Received 10 results and 0 failures
[92mINFO [0m:      	└──> Aggregated MetricRecord: {'train_loss': 1.8657065912246704, 'train_time': 6.583723520487547, 'qtty_records': 10}
[92mINFO [0m:      configure_evaluate: Sampled 10 nodes (out of 10)
[92mINFO [0m:      aggregate_evaluate: Received 10 results and 0 failures
[92mINFO [0m:      	└──> Aggregated MetricRecord: {'eval_loss': 1.8450647871941332, 'eval_acc': 0.3543, 'time': 392.19274520874023}
[92mINFO [0m:      
[92mINFO [0m:      [ROUND 51/100]
[92mINFO [0m:      configure_train: Sampled 10 nodes (out of 10)
[92mINFO [0m:      aggregate_train: Received 8 results and 0 failures
[92mINFO [0m:      	└──> Aggregated MetricRecord: {'train_loss': 1.8356313252449035, 'train_time': 5.517683314392343, 'qtty_records': 8}
[92mINFO [0m:      configure_evaluate: Sampled 10 nodes (out of 10)
[92mINFO [0m:      aggregate_evaluate: Received 10 results and 0 failures
[92mINFO [0m:      	└──> Aggregated MetricRecord: {'eval_loss': 1.8424849051982166, 'eval_acc': 0.34950000000000003, 'time': 399.3228123188019}
[92mINFO [0m:      
[92mINFO [0m:      [ROUND 52/100]
[92mINFO [0m:      configure_train: Sampled 8 nodes (out of 10)
[92mINFO [0m:      aggregate_train: Received 10 results and 0 failures
[92mINFO [0m:      	└──> Aggregated MetricRecord: {'train_loss': 1.8430440969467168, 'train_time': 6.570635083131492, 'qtty_records': 10}
[92mINFO [0m:      configure_evaluate: Sampled 10 nodes (out of 10)
[92mINFO [0m:      aggregate_evaluate: Received 10 results and 0 failures
[92mINFO [0m:      	└──> Aggregated MetricRecord: {'eval_loss': 1.8794791582971813, 'eval_acc': 0.3408, 'time': 406.4832148551941}
[92mINFO [0m:      
[92mINFO [0m:      [ROUND 53/100]
[92mINFO [0m:      configure_train: Sampled 10 nodes (out of 10)
[92mINFO [0m:      aggregate_train: Received 8 results and 0 failures
[92mINFO [0m:      	└──> Aggregated MetricRecord: {'train_loss': 1.8333369356393816, 'train_time': 5.509877189993858, 'qtty_records': 8}
[92mINFO [0m:      configure_evaluate: Sampled 10 nodes (out of 10)
[92mINFO [0m:      aggregate_evaluate: Received 10 results and 0 failures
[92mINFO [0m:      	└──> Aggregated MetricRecord: {'eval_loss': 1.8538024567067626, 'eval_acc': 0.3441, 'time': 413.6127336025238}
[92mINFO [0m:      
[92mINFO [0m:      [ROUND 54/100]
[92mINFO [0m:      configure_train: Sampled 8 nodes (out of 10)
[92mINFO [0m:      aggregate_train: Received 10 results and 0 failures
[92mINFO [0m:      	└──> Aggregated MetricRecord: {'train_loss': 1.8581757822990421, 'train_time': 6.569993057847023, 'qtty_records': 10}
[92mINFO [0m:      configure_evaluate: Sampled 10 nodes (out of 10)
[92mINFO [0m:      aggregate_evaluate: Received 10 results and 0 failures
[92mINFO [0m:      	└──> Aggregated MetricRecord: {'eval_loss': 1.8601216640323404, 'eval_acc': 0.34840000000000004, 'time': 420.7730836868286}
[92mINFO [0m:      
[92mINFO [0m:      [ROUND 55/100]
[92mINFO [0m:      configure_train: Sampled 10 nodes (out of 10)
[92mINFO [0m:      aggregate_train: Received 8 results and 0 failures
[92mINFO [0m:      	└──> Aggregated MetricRecord: {'train_loss': 1.8507466787099838, 'train_time': 5.519183774944395, 'qtty_records': 8}
[92mINFO [0m:      configure_evaluate: Sampled 10 nodes (out of 10)
[92mINFO [0m:      aggregate_evaluate: Received 10 results and 0 failures
[92mINFO [0m:      	└──> Aggregated MetricRecord: {'eval_loss': 1.8748084735125303, 'eval_acc': 0.33890000000000003, 'time': 427.90265583992004}
[92mINFO [0m:      
[92mINFO [0m:      [ROUND 56/100]
[92mINFO [0m:      configure_train: Sampled 8 nodes (out of 10)
[92mINFO [0m:      aggregate_train: Received 10 results and 0 failures
[92mINFO [0m:      	└──> Aggregated MetricRecord: {'train_loss': 1.8499376643180847, 'train_time': 6.549344188719988, 'qtty_records': 10}
[92mINFO [0m:      configure_evaluate: Sampled 10 nodes (out of 10)
[92mINFO [0m:      aggregate_evaluate: Received 10 results and 0 failures
[92mINFO [0m:      	└──> Aggregated MetricRecord: {'eval_loss': 1.818630194664001, 'eval_acc': 0.3686, 'time': 435.06027483940125}
[92mINFO [0m:      
[92mINFO [0m:      [ROUND 57/100]
[92mINFO [0m:      configure_train: Sampled 10 nodes (out of 10)
[92mINFO [0m:      aggregate_train: Received 8 results and 0 failures
[92mINFO [0m:      	└──> Aggregated MetricRecord: {'train_loss': 1.8286930791139604, 'train_time': 5.524904076242819, 'qtty_records': 8}
[92mINFO [0m:      configure_evaluate: Sampled 10 nodes (out of 10)
[92mINFO [0m:      aggregate_evaluate: Received 10 results and 0 failures
[92mINFO [0m:      	└──> Aggregated MetricRecord: {'eval_loss': 1.8486377105116847, 'eval_acc': 0.3541, 'time': 442.1899242401123}
[92mINFO [0m:      
[92mINFO [0m:      [ROUND 58/100]
[92mINFO [0m:      configure_train: Sampled 8 nodes (out of 10)
[92mINFO [0m:      aggregate_train: Received 10 results and 0 failures
[92mINFO [0m:      	└──> Aggregated MetricRecord: {'train_loss': 1.842300741672516, 'train_time': 6.5566913519054655, 'qtty_records': 10}
[92mINFO [0m:      configure_evaluate: Sampled 10 nodes (out of 10)
[92mINFO [0m:      aggregate_evaluate: Received 10 results and 0 failures
[92mINFO [0m:      	└──> Aggregated MetricRecord: {'eval_loss': 1.8721878748387097, 'eval_acc': 0.3506, 'time': 449.2480511665344}
[92mINFO [0m:      
[92mINFO [0m:      [ROUND 59/100]
[92mINFO [0m:      configure_train: Sampled 10 nodes (out of 10)
[92mINFO [0m:      aggregate_train: Received 8 results and 0 failures
[92mINFO [0m:      	└──> Aggregated MetricRecord: {'train_loss': 1.8618862466812134, 'train_time': 5.5081774247810245, 'qtty_records': 8}
[92mINFO [0m:      configure_evaluate: Sampled 10 nodes (out of 10)
[92mINFO [0m:      aggregate_evaluate: Received 10 results and 0 failures
[92mINFO [0m:      	└──> Aggregated MetricRecord: {'eval_loss': 1.8703485764563084, 'eval_acc': 0.34909999999999997, 'time': 456.379602432251}
[92mINFO [0m:      
[92mINFO [0m:      [ROUND 60/100]
[92mINFO [0m:      configure_train: Sampled 8 nodes (out of 10)
[92mINFO [0m:      aggregate_train: Received 10 results and 0 failures
[92mINFO [0m:      	└──> Aggregated MetricRecord: {'train_loss': 1.847911291599274, 'train_time': 6.579418827965855, 'qtty_records': 10}
[92mINFO [0m:      configure_evaluate: Sampled 10 nodes (out of 10)
[92mINFO [0m:      aggregate_evaluate: Received 10 results and 0 failures
[92mINFO [0m:      	└──> Aggregated MetricRecord: {'eval_loss': 1.8362359404563904, 'eval_acc': 0.3618, 'time': 463.5443823337555}
[92mINFO [0m:      
[92mINFO [0m:      [ROUND 61/100]
[92mINFO [0m:      configure_train: Sampled 10 nodes (out of 10)
[92mINFO [0m:      aggregate_train: Received 8 results and 0 failures
[92mINFO [0m:      	└──> Aggregated MetricRecord: {'train_loss': 1.837558990240097, 'train_time': 5.531577839283273, 'qtty_records': 8}
[92mINFO [0m:      configure_evaluate: Sampled 10 nodes (out of 10)
[92mINFO [0m:      aggregate_evaluate: Received 10 results and 0 failures
[92mINFO [0m:      	└──> Aggregated MetricRecord: {'eval_loss': 1.8510297864675522, 'eval_acc': 0.3527, 'time': 470.67543840408325}
[92mINFO [0m:      
[92mINFO [0m:      [ROUND 62/100]
[92mINFO [0m:      configure_train: Sampled 8 nodes (out of 10)
[92mINFO [0m:      aggregate_train: Received 10 results and 0 failures
[92mINFO [0m:      	└──> Aggregated MetricRecord: {'train_loss': 1.8522551361083983, 'train_time': 6.562779940851033, 'qtty_records': 10}
[92mINFO [0m:      configure_evaluate: Sampled 10 nodes (out of 10)
[92mINFO [0m:      aggregate_evaluate: Received 10 results and 0 failures
[92mINFO [0m:      	└──> Aggregated MetricRecord: {'eval_loss': 1.8470971982926134, 'eval_acc': 0.3598, 'time': 477.7337963581085}
[92mINFO [0m:      
[92mINFO [0m:      [ROUND 63/100]
[92mINFO [0m:      configure_train: Sampled 10 nodes (out of 10)
[92mINFO [0m:      aggregate_train: Received 8 results and 0 failures
[92mINFO [0m:      	└──> Aggregated MetricRecord: {'train_loss': 1.8361625425815582, 'train_time': 5.464906213572249, 'qtty_records': 8}
[92mINFO [0m:      configure_evaluate: Sampled 10 nodes (out of 10)
[92mINFO [0m:      aggregate_evaluate: Received 10 results and 0 failures
[92mINFO [0m:      	└──> Aggregated MetricRecord: {'eval_loss': 1.840019262954593, 'eval_acc': 0.3633, 'time': 484.8677341938019}
[92mINFO [0m:      
[92mINFO [0m:      [ROUND 64/100]
[92mINFO [0m:      configure_train: Sampled 8 nodes (out of 10)
[92mINFO [0m:      aggregate_train: Received 10 results and 0 failures
[92mINFO [0m:      	└──> Aggregated MetricRecord: {'train_loss': 1.8421648683547973, 'train_time': 6.480581174790859, 'qtty_records': 10}
[92mINFO [0m:      configure_evaluate: Sampled 10 nodes (out of 10)
[92mINFO [0m:      aggregate_evaluate: Received 10 results and 0 failures
[92mINFO [0m:      	└──> Aggregated MetricRecord: {'eval_loss': 1.864608117938042, 'eval_acc': 0.3417, 'time': 491.92800664901733}
[92mINFO [0m:      
[92mINFO [0m:      [ROUND 65/100]
[92mINFO [0m:      configure_train: Sampled 10 nodes (out of 10)
[92mINFO [0m:      aggregate_train: Received 8 results and 0 failures
[92mINFO [0m:      	└──> Aggregated MetricRecord: {'train_loss': 1.8410188765525817, 'train_time': 5.4516396664548665, 'qtty_records': 8}
[92mINFO [0m:      configure_evaluate: Sampled 10 nodes (out of 10)
[92mINFO [0m:      aggregate_evaluate: Received 10 results and 0 failures
[92mINFO [0m:      	└──> Aggregated MetricRecord: {'eval_loss': 1.836369677260518, 'eval_acc': 0.3719, 'time': 499.1590316295624}
[92mINFO [0m:      
[92mINFO [0m:      [ROUND 66/100]
[92mINFO [0m:      configure_train: Sampled 8 nodes (out of 10)
[92mINFO [0m:      aggregate_train: Received 10 results and 0 failures
[92mINFO [0m:      	└──> Aggregated MetricRecord: {'train_loss': 1.8441400494575502, 'train_time': 6.531277118436992, 'qtty_records': 10}
[92mINFO [0m:      configure_evaluate: Sampled 10 nodes (out of 10)
[92mINFO [0m:      aggregate_evaluate: Received 10 results and 0 failures
[92mINFO [0m:      	└──> Aggregated MetricRecord: {'eval_loss': 1.8593194380402565, 'eval_acc': 0.34009999999999996, 'time': 506.21626496315}
[92mINFO [0m:      
[92mINFO [0m:      [ROUND 67/100]
[92mINFO [0m:      configure_train: Sampled 10 nodes (out of 10)
[92mINFO [0m:      aggregate_train: Received 8 results and 0 failures
[92mINFO [0m:      	└──> Aggregated MetricRecord: {'train_loss': 1.8344319154024125, 'train_time': 5.511378556024283, 'qtty_records': 8}
[92mINFO [0m:      configure_evaluate: Sampled 10 nodes (out of 10)
[92mINFO [0m:      aggregate_evaluate: Received 10 results and 0 failures
[92mINFO [0m:      	└──> Aggregated MetricRecord: {'eval_loss': 1.8439444400370124, 'eval_acc': 0.36010000000000003, 'time': 513.3478198051453}
[92mINFO [0m:      
[92mINFO [0m:      [ROUND 68/100]
[92mINFO [0m:      configure_train: Sampled 8 nodes (out of 10)
[92mINFO [0m:      aggregate_train: Received 10 results and 0 failures
[92mINFO [0m:      	└──> Aggregated MetricRecord: {'train_loss': 1.8445968501091006, 'train_time': 6.556018554605544, 'qtty_records': 10}
[92mINFO [0m:      configure_evaluate: Sampled 10 nodes (out of 10)
[92mINFO [0m:      aggregate_evaluate: Received 10 results and 0 failures
[92mINFO [0m:      	└──> Aggregated MetricRecord: {'eval_loss': 1.8348754815757276, 'eval_acc': 0.3734, 'time': 520.409994840622}
[92mINFO [0m:      
[92mINFO [0m:      [ROUND 69/100]
[92mINFO [0m:      configure_train: Sampled 10 nodes (out of 10)
[92mINFO [0m:      aggregate_train: Received 8 results and 0 failures
[92mINFO [0m:      	└──> Aggregated MetricRecord: {'train_loss': 1.8415896085500714, 'train_time': 5.533287370577455, 'qtty_records': 8}
[92mINFO [0m:      configure_evaluate: Sampled 10 nodes (out of 10)
[92mINFO [0m:      aggregate_evaluate: Received 10 results and 0 failures
[92mINFO [0m:      	└──> Aggregated MetricRecord: {'eval_loss': 1.837055353447795, 'eval_acc': 0.3657, 'time': 527.540819644928}
[92mINFO [0m:      
[92mINFO [0m:      [ROUND 70/100]
[92mINFO [0m:      configure_train: Sampled 8 nodes (out of 10)
[92mINFO [0m:      aggregate_train: Received 10 results and 0 failures
[92mINFO [0m:      	└──> Aggregated MetricRecord: {'train_loss': 1.8428020561218266, 'train_time': 6.563331883586943, 'qtty_records': 10}
[92mINFO [0m:      configure_evaluate: Sampled 10 nodes (out of 10)
[92mINFO [0m:      aggregate_evaluate: Received 10 results and 0 failures
[92mINFO [0m:      	└──> Aggregated MetricRecord: {'eval_loss': 1.843176045641303, 'eval_acc': 0.36369999999999997, 'time': 534.7086436748505}
[92mINFO [0m:      
[92mINFO [0m:      [ROUND 71/100]
[92mINFO [0m:      configure_train: Sampled 10 nodes (out of 10)
[92mINFO [0m:      aggregate_train: Received 8 results and 0 failures
[92mINFO [0m:      	└──> Aggregated MetricRecord: {'train_loss': 1.847480808854103, 'train_time': 5.529001120245084, 'qtty_records': 8}
[92mINFO [0m:      configure_evaluate: Sampled 10 nodes (out of 10)
[92mINFO [0m:      aggregate_evaluate: Received 10 results and 0 failures
[92mINFO [0m:      	└──> Aggregated MetricRecord: {'eval_loss': 1.8273054204881194, 'eval_acc': 0.37560000000000004, 'time': 541.8383843898773}
[92mINFO [0m:      
[92mINFO [0m:      [ROUND 72/100]
[92mINFO [0m:      configure_train: Sampled 8 nodes (out of 10)
[92mINFO [0m:      aggregate_train: Received 10 results and 0 failures
[92mINFO [0m:      	└──> Aggregated MetricRecord: {'train_loss': 1.865105898475647, 'train_time': 6.544608233124018, 'qtty_records': 10}
[92mINFO [0m:      configure_evaluate: Sampled 10 nodes (out of 10)
[92mINFO [0m:      aggregate_evaluate: Received 10 results and 0 failures
[92mINFO [0m:      	└──> Aggregated MetricRecord: {'eval_loss': 1.919623959064484, 'eval_acc': 0.33490000000000003, 'time': 548.9797129631042}
[92mINFO [0m:      
[92mINFO [0m:      [ROUND 73/100]
[92mINFO [0m:      configure_train: Sampled 10 nodes (out of 10)
[92mINFO [0m:      aggregate_train: Received 8 results and 0 failures
[92mINFO [0m:      	└──> Aggregated MetricRecord: {'train_loss': 1.8362378252744673, 'train_time': 5.5457919905893505, 'qtty_records': 8}
[92mINFO [0m:      configure_evaluate: Sampled 10 nodes (out of 10)
[92mINFO [0m:      aggregate_evaluate: Received 10 results and 0 failures
[92mINFO [0m:      	└──> Aggregated MetricRecord: {'eval_loss': 1.8200976587831974, 'eval_acc': 0.37270000000000003, 'time': 556.109180688858}
[92mINFO [0m:      
[92mINFO [0m:      [ROUND 74/100]
[92mINFO [0m:      configure_train: Sampled 8 nodes (out of 10)
[92mINFO [0m:      aggregate_train: Received 10 results and 0 failures
[92mINFO [0m:      	└──> Aggregated MetricRecord: {'train_loss': 1.841307270050049, 'train_time': 6.559199275821447, 'qtty_records': 10}
[92mINFO [0m:      configure_evaluate: Sampled 10 nodes (out of 10)
[92mINFO [0m:      aggregate_evaluate: Received 10 results and 0 failures
[92mINFO [0m:      	└──> Aggregated MetricRecord: {'eval_loss': 1.8295853309333323, 'eval_acc': 0.3627, 'time': 563.2713696956635}
[92mINFO [0m:      
[92mINFO [0m:      [ROUND 75/100]
[92mINFO [0m:      configure_train: Sampled 10 nodes (out of 10)
[92mINFO [0m:      aggregate_train: Received 8 results and 0 failures
[92mINFO [0m:      	└──> Aggregated MetricRecord: {'train_loss': 1.861870381832123, 'train_time': 5.520597389666364, 'qtty_records': 8}
[92mINFO [0m:      configure_evaluate: Sampled 10 nodes (out of 10)
[92mINFO [0m:      aggregate_evaluate: Received 10 results and 0 failures
[92mINFO [0m:      	└──> Aggregated MetricRecord: {'eval_loss': 1.905832740291953, 'eval_acc': 0.3303000000000001, 'time': 570.4008333683014}
[92mINFO [0m:      
[92mINFO [0m:      [ROUND 76/100]
[92mINFO [0m:      configure_train: Sampled 8 nodes (out of 10)
[92mINFO [0m:      aggregate_train: Received 10 results and 0 failures
[92mINFO [0m:      	└──> Aggregated MetricRecord: {'train_loss': 1.8430968593597412, 'train_time': 6.539790002629161, 'qtty_records': 10}
[92mINFO [0m:      configure_evaluate: Sampled 10 nodes (out of 10)
[92mINFO [0m:      aggregate_evaluate: Received 10 results and 0 failures
[92mINFO [0m:      	└──> Aggregated MetricRecord: {'eval_loss': 1.8646434217691423, 'eval_acc': 0.36630000000000007, 'time': 577.5511090755463}
[92mINFO [0m:      
[92mINFO [0m:      [ROUND 77/100]
[92mINFO [0m:      configure_train: Sampled 10 nodes (out of 10)
[92mINFO [0m:      aggregate_train: Received 8 results and 0 failures
[92mINFO [0m:      	└──> Aggregated MetricRecord: {'train_loss': 1.8390883984565733, 'train_time': 5.516719856997952, 'qtty_records': 8}
[92mINFO [0m:      configure_evaluate: Sampled 10 nodes (out of 10)
[92mINFO [0m:      aggregate_evaluate: Received 10 results and 0 failures
[92mINFO [0m:      	└──> Aggregated MetricRecord: {'eval_loss': 1.861051731184125, 'eval_acc': 0.3508, 'time': 584.681877374649}
[92mINFO [0m:      
[92mINFO [0m:      [ROUND 78/100]
[92mINFO [0m:      configure_train: Sampled 8 nodes (out of 10)
[92mINFO [0m:      aggregate_train: Received 10 results and 0 failures
[92mINFO [0m:      	└──> Aggregated MetricRecord: {'train_loss': 1.8560377590179442, 'train_time': 6.566785231605172, 'qtty_records': 10}
[92mINFO [0m:      configure_evaluate: Sampled 10 nodes (out of 10)
[92mINFO [0m:      aggregate_evaluate: Received 10 results and 0 failures
[92mINFO [0m:      	└──> Aggregated MetricRecord: {'eval_loss': 1.8541355416178704, 'eval_acc': 0.3739, 'time': 591.8462855815887}
[92mINFO [0m:      
[92mINFO [0m:      [ROUND 79/100]
[92mINFO [0m:      configure_train: Sampled 10 nodes (out of 10)
[92mINFO [0m:      aggregate_train: Received 8 results and 0 failures
[92mINFO [0m:      	└──> Aggregated MetricRecord: {'train_loss': 1.8250560237169269, 'train_time': 5.525460760109127, 'qtty_records': 8}
[92mINFO [0m:      configure_evaluate: Sampled 10 nodes (out of 10)
[92mINFO [0m:      aggregate_evaluate: Received 10 results and 0 failures
[92mINFO [0m:      	└──> Aggregated MetricRecord: {'eval_loss': 1.8078383412212136, 'eval_acc': 0.3826000000000001, 'time': 598.9788491725922}
[92mINFO [0m:      
[92mINFO [0m:      [ROUND 80/100]
[92mINFO [0m:      configure_train: Sampled 8 nodes (out of 10)
[92mINFO [0m:      aggregate_train: Received 10 results and 0 failures
[92mINFO [0m:      	└──> Aggregated MetricRecord: {'train_loss': 1.8364674305915836, 'train_time': 6.585933871008455, 'qtty_records': 10}
[92mINFO [0m:      configure_evaluate: Sampled 10 nodes (out of 10)
[92mINFO [0m:      aggregate_evaluate: Received 10 results and 0 failures
[92mINFO [0m:      	└──> Aggregated MetricRecord: {'eval_loss': 1.8899585392326115, 'eval_acc': 0.3417, 'time': 606.1393842697144}
[92mINFO [0m:      
[92mINFO [0m:      [ROUND 81/100]
[92mINFO [0m:      configure_train: Sampled 10 nodes (out of 10)
[92mINFO [0m:      aggregate_train: Received 8 results and 0 failures
[92mINFO [0m:      	└──> Aggregated MetricRecord: {'train_loss': 1.8397620013952256, 'train_time': 5.5164653265383095, 'qtty_records': 8}
[92mINFO [0m:      configure_evaluate: Sampled 10 nodes (out of 10)
[92mINFO [0m:      aggregate_evaluate: Received 10 results and 0 failures
[92mINFO [0m:      	└──> Aggregated MetricRecord: {'eval_loss': 1.830799922347069, 'eval_acc': 0.37570000000000003, 'time': 613.2695026397705}
[92mINFO [0m:      
[92mINFO [0m:      [ROUND 82/100]
[92mINFO [0m:      configure_train: Sampled 8 nodes (out of 10)
[92mINFO [0m:      aggregate_train: Received 10 results and 0 failures
[92mINFO [0m:      	└──> Aggregated MetricRecord: {'train_loss': 1.827369421386719, 'train_time': 6.567524459771812, 'qtty_records': 10}
[92mINFO [0m:      configure_evaluate: Sampled 10 nodes (out of 10)
[92mINFO [0m:      aggregate_evaluate: Received 10 results and 0 failures
[92mINFO [0m:      	└──> Aggregated MetricRecord: {'eval_loss': 1.8369598325341943, 'eval_acc': 0.3728, 'time': 620.4165840148926}
[92mINFO [0m:      
[92mINFO [0m:      [ROUND 83/100]
[92mINFO [0m:      configure_train: Sampled 10 nodes (out of 10)
[92mINFO [0m:      aggregate_train: Received 8 results and 0 failures
[92mINFO [0m:      	└──> Aggregated MetricRecord: {'train_loss': 1.8223284322023392, 'train_time': 5.504209403414279, 'qtty_records': 8}
[92mINFO [0m:      configure_evaluate: Sampled 10 nodes (out of 10)
[92mINFO [0m:      aggregate_evaluate: Received 10 results and 0 failures
[92mINFO [0m:      	└──> Aggregated MetricRecord: {'eval_loss': 1.8160628907382492, 'eval_acc': 0.37370000000000003, 'time': 627.5458388328552}
[92mINFO [0m:      
[92mINFO [0m:      [ROUND 84/100]
[92mINFO [0m:      configure_train: Sampled 8 nodes (out of 10)
[92mINFO [0m:      aggregate_train: Received 10 results and 0 failures
[92mINFO [0m:      	└──> Aggregated MetricRecord: {'train_loss': 1.849808436584473, 'train_time': 6.5559840558096765, 'qtty_records': 10}
[92mINFO [0m:      configure_evaluate: Sampled 10 nodes (out of 10)
[92mINFO [0m:      aggregate_evaluate: Received 10 results and 0 failures
[92mINFO [0m:      	└──> Aggregated MetricRecord: {'eval_loss': 1.8506575211882592, 'eval_acc': 0.372, 'time': 634.7070171833038}
[92mINFO [0m:      
[92mINFO [0m:      [ROUND 85/100]
[92mINFO [0m:      configure_train: Sampled 10 nodes (out of 10)
[92mINFO [0m:      aggregate_train: Received 8 results and 0 failures
[92mINFO [0m:      	└──> Aggregated MetricRecord: {'train_loss': 1.8583772672414778, 'train_time': 5.499271895969287, 'qtty_records': 8}
[92mINFO [0m:      configure_evaluate: Sampled 10 nodes (out of 10)
[92mINFO [0m:      aggregate_evaluate: Received 10 results and 0 failures
[92mINFO [0m:      	└──> Aggregated MetricRecord: {'eval_loss': 1.8762141853570942, 'eval_acc': 0.3532, 'time': 641.8374445438385}
[92mINFO [0m:      
[92mINFO [0m:      [ROUND 86/100]
[92mINFO [0m:      configure_train: Sampled 8 nodes (out of 10)
[92mINFO [0m:      aggregate_train: Received 10 results and 0 failures
[92mINFO [0m:      	└──> Aggregated MetricRecord: {'train_loss': 1.835353998279572, 'train_time': 6.551297232136131, 'qtty_records': 10}
[92mINFO [0m:      configure_evaluate: Sampled 10 nodes (out of 10)
[92mINFO [0m:      aggregate_evaluate: Received 10 results and 0 failures
[92mINFO [0m:      	└──> Aggregated MetricRecord: {'eval_loss': 1.830812504887581, 'eval_acc': 0.3667, 'time': 649.0002212524414}
[92mINFO [0m:      
[92mINFO [0m:      [ROUND 87/100]
[92mINFO [0m:      configure_train: Sampled 10 nodes (out of 10)
[92mINFO [0m:      aggregate_train: Received 8 results and 0 failures
[92mINFO [0m:      	└──> Aggregated MetricRecord: {'train_loss': 1.848601566195488, 'train_time': 5.510599920060486, 'qtty_records': 8}
[92mINFO [0m:      configure_evaluate: Sampled 10 nodes (out of 10)
[92mINFO [0m:      aggregate_evaluate: Received 10 results and 0 failures
[92mINFO [0m:      	└──> Aggregated MetricRecord: {'eval_loss': 1.898555397242308, 'eval_acc': 0.3451, 'time': 656.1311180591583}
[92mINFO [0m:      
[92mINFO [0m:      [ROUND 88/100]
[92mINFO [0m:      configure_train: Sampled 8 nodes (out of 10)
[92mINFO [0m:      aggregate_train: Received 10 results and 0 failures
[92mINFO [0m:      	└──> Aggregated MetricRecord: {'train_loss': 1.842172294330597, 'train_time': 6.558569281175733, 'qtty_records': 10}
[92mINFO [0m:      configure_evaluate: Sampled 10 nodes (out of 10)
[92mINFO [0m:      aggregate_evaluate: Received 10 results and 0 failures
[92mINFO [0m:      	└──> Aggregated MetricRecord: {'eval_loss': 1.8336231704801325, 'eval_acc': 0.37620000000000003, 'time': 663.2920980453491}
[92mINFO [0m:      
[92mINFO [0m:      [ROUND 89/100]
[92mINFO [0m:      configure_train: Sampled 10 nodes (out of 10)
[92mINFO [0m:      aggregate_train: Received 8 results and 0 failures
[92mINFO [0m:      	└──> Aggregated MetricRecord: {'train_loss': 1.813848695397377, 'train_time': 5.519058912526816, 'qtty_records': 8}
[92mINFO [0m:      configure_evaluate: Sampled 10 nodes (out of 10)
[92mINFO [0m:      aggregate_evaluate: Received 10 results and 0 failures
[92mINFO [0m:      	└──> Aggregated MetricRecord: {'eval_loss': 1.8057910945266487, 'eval_acc': 0.37310000000000004, 'time': 670.4217426776886}
[92mINFO [0m:      
[92mINFO [0m:      [ROUND 90/100]
[92mINFO [0m:      configure_train: Sampled 8 nodes (out of 10)
[92mINFO [0m:      aggregate_train: Received 10 results and 0 failures
[92mINFO [0m:      	└──> Aggregated MetricRecord: {'train_loss': 1.8478680852890017, 'train_time': 6.553094182908535, 'qtty_records': 10}
[92mINFO [0m:      configure_evaluate: Sampled 10 nodes (out of 10)
[92mINFO [0m:      aggregate_evaluate: Received 10 results and 0 failures
[92mINFO [0m:      	└──> Aggregated MetricRecord: {'eval_loss': 1.8647401720285415, 'eval_acc': 0.35800000000000004, 'time': 677.5825901031494}
[92mINFO [0m:      
[92mINFO [0m:      [ROUND 91/100]
[92mINFO [0m:      configure_train: Sampled 10 nodes (out of 10)
[92mINFO [0m:      aggregate_train: Received 8 results and 0 failures
[92mINFO [0m:      	└──> Aggregated MetricRecord: {'train_loss': 1.8382857048511503, 'train_time': 5.524537474149838, 'qtty_records': 8}
[92mINFO [0m:      configure_evaluate: Sampled 10 nodes (out of 10)
[92mINFO [0m:      aggregate_evaluate: Received 10 results and 0 failures
[92mINFO [0m:      	└──> Aggregated MetricRecord: {'eval_loss': 1.8889009214937689, 'eval_acc': 0.34800000000000003, 'time': 684.7156918048859}
[92mINFO [0m:      
[92mINFO [0m:      [ROUND 92/100]
[92mINFO [0m:      configure_train: Sampled 8 nodes (out of 10)
[92mINFO [0m:      aggregate_train: Received 10 results and 0 failures
[92mINFO [0m:      	└──> Aggregated MetricRecord: {'train_loss': 1.836552260017395, 'train_time': 6.542346413061023, 'qtty_records': 10}
[92mINFO [0m:      configure_evaluate: Sampled 10 nodes (out of 10)
[92mINFO [0m:      aggregate_evaluate: Received 10 results and 0 failures
[92mINFO [0m:      	└──> Aggregated MetricRecord: {'eval_loss': 1.8158886868506672, 'eval_acc': 0.3755, 'time': 691.7745742797852}
[92mINFO [0m:      
[92mINFO [0m:      [ROUND 93/100]
[92mINFO [0m:      configure_train: Sampled 10 nodes (out of 10)
[92mINFO [0m:      aggregate_train: Received 8 results and 0 failures
[92mINFO [0m:      	└──> Aggregated MetricRecord: {'train_loss': 1.8258595576286316, 'train_time': 5.4787688257638365, 'qtty_records': 8}
[92mINFO [0m:      configure_evaluate: Sampled 10 nodes (out of 10)
[92mINFO [0m:      aggregate_evaluate: Received 10 results and 0 failures
[92mINFO [0m:      	└──> Aggregated MetricRecord: {'eval_loss': 1.8753641940653327, 'eval_acc': 0.3493, 'time': 698.9123616218567}
[92mINFO [0m:      
[92mINFO [0m:      [ROUND 94/100]
[92mINFO [0m:      configure_train: Sampled 8 nodes (out of 10)
[92mINFO [0m:      aggregate_train: Received 10 results and 0 failures
[92mINFO [0m:      	└──> Aggregated MetricRecord: {'train_loss': 1.8547463233947754, 'train_time': 6.582109939306974, 'qtty_records': 10}
[92mINFO [0m:      configure_evaluate: Sampled 10 nodes (out of 10)
[92mINFO [0m:      aggregate_evaluate: Received 10 results and 0 failures
[92mINFO [0m:      	└──> Aggregated MetricRecord: {'eval_loss': 1.892841411754489, 'eval_acc': 0.35829999999999995, 'time': 705.9755773544312}
[92mINFO [0m:      
[92mINFO [0m:      [ROUND 95/100]
[92mINFO [0m:      configure_train: Sampled 10 nodes (out of 10)
[92mINFO [0m:      aggregate_train: Received 8 results and 0 failures
[92mINFO [0m:      	└──> Aggregated MetricRecord: {'train_loss': 1.8566986465454103, 'train_time': 5.520939388778061, 'qtty_records': 8}
[92mINFO [0m:      configure_evaluate: Sampled 10 nodes (out of 10)
[92mINFO [0m:      aggregate_evaluate: Received 10 results and 0 failures
[92mINFO [0m:      	└──> Aggregated MetricRecord: {'eval_loss': 1.8921550236642362, 'eval_acc': 0.3299000000000001, 'time': 713.2057828903198}
[92mINFO [0m:      
[92mINFO [0m:      [ROUND 96/100]
[92mINFO [0m:      configure_train: Sampled 8 nodes (out of 10)
[92mINFO [0m:      aggregate_train: Received 10 results and 0 failures
[92mINFO [0m:      	└──> Aggregated MetricRecord: {'train_loss': 1.8349894714832307, 'train_time': 6.58887833263725, 'qtty_records': 10}
[92mINFO [0m:      configure_evaluate: Sampled 10 nodes (out of 10)
[92mINFO [0m:      aggregate_evaluate: Received 10 results and 0 failures
[92mINFO [0m:      	└──> Aggregated MetricRecord: {'eval_loss': 1.8151771474629643, 'eval_acc': 0.3777, 'time': 720.2640936374664}
[92mINFO [0m:      
[92mINFO [0m:      [ROUND 97/100]
[92mINFO [0m:      configure_train: Sampled 10 nodes (out of 10)
[92mINFO [0m:      aggregate_train: Received 8 results and 0 failures
[92mINFO [0m:      	└──> Aggregated MetricRecord: {'train_loss': 1.831737095952034, 'train_time': 5.54627388343215, 'qtty_records': 8}
[92mINFO [0m:      configure_evaluate: Sampled 10 nodes (out of 10)
[92mINFO [0m:      aggregate_evaluate: Received 10 results and 0 failures
[92mINFO [0m:      	└──> Aggregated MetricRecord: {'eval_loss': 1.8424576580524445, 'eval_acc': 0.3765, 'time': 727.3947117328644}
[92mINFO [0m:      
[92mINFO [0m:      [ROUND 98/100]
[92mINFO [0m:      configure_train: Sampled 8 nodes (out of 10)
[92mINFO [0m:      aggregate_train: Received 10 results and 0 failures
[92mINFO [0m:      	└──> Aggregated MetricRecord: {'train_loss': 1.8417302350044253, 'train_time': 6.55831736549735, 'qtty_records': 10}
[92mINFO [0m:      configure_evaluate: Sampled 10 nodes (out of 10)
[92mINFO [0m:      aggregate_evaluate: Received 10 results and 0 failures
[92mINFO [0m:      	└──> Aggregated MetricRecord: {'eval_loss': 1.8380613278597595, 'eval_acc': 0.3801, 'time': 734.4553778171539}
[92mINFO [0m:      
[92mINFO [0m:      [ROUND 99/100]
[92mINFO [0m:      configure_train: Sampled 10 nodes (out of 10)
[92mINFO [0m:      aggregate_train: Received 8 results and 0 failures
[92mINFO [0m:      	└──> Aggregated MetricRecord: {'train_loss': 1.8149331350326539, 'train_time': 5.531983215594664, 'qtty_records': 8}
[92mINFO [0m:      configure_evaluate: Sampled 10 nodes (out of 10)
[92mINFO [0m:      aggregate_evaluate: Received 10 results and 0 failures
[92mINFO [0m:      	└──> Aggregated MetricRecord: {'eval_loss': 1.7937190491706136, 'eval_acc': 0.3914, 'time': 741.5853202342987}
[92mINFO [0m:      
[92mINFO [0m:      [ROUND 100/100]
[92mINFO [0m:      configure_train: Sampled 8 nodes (out of 10)
[92mINFO [0m:      aggregate_train: Received 10 results and 0 failures
[92mINFO [0m:      	└──> Aggregated MetricRecord: {'train_loss': 1.8561361363410955, 'train_time': 6.593369751796127, 'qtty_records': 10}
[92mINFO [0m:      configure_evaluate: Sampled 10 nodes (out of 10)
[92mINFO [0m:      aggregate_evaluate: Received 10 results and 0 failures
[92mINFO [0m:      	└──> Aggregated MetricRecord: {'eval_loss': 1.8419477142393592, 'eval_acc': 0.3758, 'time': 748.6434075832367}
[92mINFO [0m:      
[92mINFO [0m:      Strategy execution finished in 748.64s
[92mINFO [0m:      
[92mINFO [0m:      Final results:
[92mINFO [0m:      
[92mINFO [0m:      	Global Arrays:
[92mINFO [0m:      		ArrayRecord (0.238 MB)
[92mINFO [0m:      	
[92mINFO [0m:      	Aggregated ClientApp-side Train Metrics:
[92mINFO [0m:      	{ 1: { 'qtty_records': '8',
[92mINFO [0m:      	       'train_loss': '2.1968e+00',
[92mINFO [0m:      	       'train_time': '7.4993e+00'},
[92mINFO [0m:      	  2: { 'qtty_records': '10',
[92mINFO [0m:      	       'train_loss': '2.1419e+00',
[92mINFO [0m:      	       'train_time': '6.9531e+00'},
[92mINFO [0m:      	  3: { 'qtty_records': '8',
[92mINFO [0m:      	       'train_loss': '2.0764e+00',
[92mINFO [0m:      	       'train_time': '5.5849e+00'},
[92mINFO [0m:      	  4: { 'qtty_records': '10',
[92mINFO [0m:      	       'train_loss': '2.0349e+00',
[92mINFO [0m:      	       'train_time': '6.6007e+00'},
[92mINFO [0m:      	  5: { 'qtty_records': '8',
[92mINFO [0m:      	       'train_loss': '1.9962e+00',
[92mINFO [0m:      	       'train_time': '5.5534e+00'},
[92mINFO [0m:      	  6: { 'qtty_records': '10',
[92mINFO [0m:      	       'train_loss': '1.9672e+00',
[92mINFO [0m:      	       'train_time': '6.5582e+00'},
[92mINFO [0m:      	  7: { 'qtty_records': '8',
[92mINFO [0m:      	       'train_loss': '1.9633e+00',
[92mINFO [0m:      	       'train_time': '5.4969e+00'},
[92mINFO [0m:      	  8: { 'qtty_records': '10',
[92mINFO [0m:      	       'train_loss': '1.9581e+00',
[92mINFO [0m:      	       'train_time': '6.6179e+00'},
[92mINFO [0m:      	  9: { 'qtty_records': '8',
[92mINFO [0m:      	       'train_loss': '1.9363e+00',
[92mINFO [0m:      	       'train_time': '5.5402e+00'},
[92mINFO [0m:      	  10: { 'qtty_records': '9',
[92mINFO [0m:      	        'train_loss': '1.9389e+00',
[92mINFO [0m:      	        'train_time': '6.6978e+00'},
[92mINFO [0m:      	  11: { 'qtty_records': '8',
[92mINFO [0m:      	        'train_loss': '1.9307e+00',
[92mINFO [0m:      	        'train_time': '5.5282e+00'},
[92mINFO [0m:      	  12: { 'qtty_records': '10',
[92mINFO [0m:      	        'train_loss': '1.9336e+00',
[92mINFO [0m:      	        'train_time': '6.5822e+00'},
[92mINFO [0m:      	  13: { 'qtty_records': '8',
[92mINFO [0m:      	        'train_loss': '1.9213e+00',
[92mINFO [0m:      	        'train_time': '5.5193e+00'},
[92mINFO [0m:      	  14: { 'qtty_records': '10',
[92mINFO [0m:      	        'train_loss': '1.9119e+00',
[92mINFO [0m:      	        'train_time': '6.5750e+00'},
[92mINFO [0m:      	  15: { 'qtty_records': '8',
[92mINFO [0m:      	        'train_loss': '1.9025e+00',
[92mINFO [0m:      	        'train_time': '5.5312e+00'},
[92mINFO [0m:      	  16: { 'qtty_records': '10',
[92mINFO [0m:      	        'train_loss': '1.9178e+00',
[92mINFO [0m:      	        'train_time': '6.5537e+00'},
[92mINFO [0m:      	  17: { 'qtty_records': '8',
[92mINFO [0m:      	        'train_loss': '1.9050e+00',
[92mINFO [0m:      	        'train_time': '5.5024e+00'},
[92mINFO [0m:      	  18: { 'qtty_records': '10',
[92mINFO [0m:      	        'train_loss': '1.9017e+00',
[92mINFO [0m:      	        'train_time': '6.5717e+00'},
[92mINFO [0m:      	  19: { 'qtty_records': '8',
[92mINFO [0m:      	        'train_loss': '1.8902e+00',
[92mINFO [0m:      	        'train_time': '5.5235e+00'},
[92mINFO [0m:      	  20: { 'qtty_records': '10',
[92mINFO [0m:      	        'train_loss': '1.8969e+00',
[92mINFO [0m:      	        'train_time': '6.5726e+00'},
[92mINFO [0m:      	  21: { 'qtty_records': '8',
[92mINFO [0m:      	        'train_loss': '1.8908e+00',
[92mINFO [0m:      	        'train_time': '5.4956e+00'},
[92mINFO [0m:      	  22: { 'qtty_records': '10',
[92mINFO [0m:      	        'train_loss': '1.8885e+00',
[92mINFO [0m:      	        'train_time': '6.5309e+00'},
[92mINFO [0m:      	  23: { 'qtty_records': '8',
[92mINFO [0m:      	        'train_loss': '1.8856e+00',
[92mINFO [0m:      	        'train_time': '5.4910e+00'},
[92mINFO [0m:      	  24: { 'qtty_records': '10',
[92mINFO [0m:      	        'train_loss': '1.8933e+00',
[92mINFO [0m:      	        'train_time': '6.5716e+00'},
[92mINFO [0m:      	  25: { 'qtty_records': '8',
[92mINFO [0m:      	        'train_loss': '1.8764e+00',
[92mINFO [0m:      	        'train_time': '5.5269e+00'},
[92mINFO [0m:      	  26: { 'qtty_records': '10',
[92mINFO [0m:      	        'train_loss': '1.8745e+00',
[92mINFO [0m:      	        'train_time': '6.5839e+00'},
[92mINFO [0m:      	  27: { 'qtty_records': '8',
[92mINFO [0m:      	        'train_loss': '1.8842e+00',
[92mINFO [0m:      	        'train_time': '5.5506e+00'},
[92mINFO [0m:      	  28: { 'qtty_records': '10',
[92mINFO [0m:      	        'train_loss': '1.8829e+00',
[92mINFO [0m:      	        'train_time': '6.5796e+00'},
[92mINFO [0m:      	  29: { 'qtty_records': '8',
[92mINFO [0m:      	        'train_loss': '1.8731e+00',
[92mINFO [0m:      	        'train_time': '5.5383e+00'},
[92mINFO [0m:      	  30: { 'qtty_records': '10',
[92mINFO [0m:      	        'train_loss': '1.8828e+00',
[92mINFO [0m:      	        'train_time': '6.5967e+00'},
[92mINFO [0m:      	  31: { 'qtty_records': '8',
[92mINFO [0m:      	        'train_loss': '1.8641e+00',
[92mINFO [0m:      	        'train_time': '5.5197e+00'},
[92mINFO [0m:      	  32: { 'qtty_records': '10',
[92mINFO [0m:      	        'train_loss': '1.8717e+00',
[92mINFO [0m:      	        'train_time': '6.5774e+00'},
[92mINFO [0m:      	  33: { 'qtty_records': '8',
[92mINFO [0m:      	        'train_loss': '1.8600e+00',
[92mINFO [0m:      	        'train_time': '5.5295e+00'},
[92mINFO [0m:      	  34: { 'qtty_records': '10',
[92mINFO [0m:      	        'train_loss': '1.8669e+00',
[92mINFO [0m:      	        'train_time': '6.5794e+00'},
[92mINFO [0m:      	  35: { 'qtty_records': '8',
[92mINFO [0m:      	        'train_loss': '1.8658e+00',
[92mINFO [0m:      	        'train_time': '5.5099e+00'},
[92mINFO [0m:      	  36: { 'qtty_records': '10',
[92mINFO [0m:      	        'train_loss': '1.8610e+00',
[92mINFO [0m:      	        'train_time': '6.5545e+00'},
[92mINFO [0m:      	  37: { 'qtty_records': '8',
[92mINFO [0m:      	        'train_loss': '1.8612e+00',
[92mINFO [0m:      	        'train_time': '5.5531e+00'},
[92mINFO [0m:      	  38: { 'qtty_records': '10',
[92mINFO [0m:      	        'train_loss': '1.8637e+00',
[92mINFO [0m:      	        'train_time': '6.5965e+00'},
[92mINFO [0m:      	  39: { 'qtty_records': '8',
[92mINFO [0m:      	        'train_loss': '1.8663e+00',
[92mINFO [0m:      	        'train_time': '5.5420e+00'},
[92mINFO [0m:      	  40: { 'qtty_records': '10',
[92mINFO [0m:      	        'train_loss': '1.8688e+00',
[92mINFO [0m:      	        'train_time': '6.5768e+00'},
[92mINFO [0m:      	  41: { 'qtty_records': '8',
[92mINFO [0m:      	        'train_loss': '1.8691e+00',
[92mINFO [0m:      	        'train_time': '5.5372e+00'},
[92mINFO [0m:      	  42: { 'qtty_records': '10',
[92mINFO [0m:      	        'train_loss': '1.8584e+00',
[92mINFO [0m:      	        'train_time': '6.6042e+00'},
[92mINFO [0m:      	  43: { 'qtty_records': '8',
[92mINFO [0m:      	        'train_loss': '1.8454e+00',
[92mINFO [0m:      	        'train_time': '5.4878e+00'},
[92mINFO [0m:      	  44: { 'qtty_records': '10',
[92mINFO [0m:      	        'train_loss': '1.8628e+00',
[92mINFO [0m:      	        'train_time': '6.5135e+00'},
[92mINFO [0m:      	  45: { 'qtty_records': '8',
[92mINFO [0m:      	        'train_loss': '1.8525e+00',
[92mINFO [0m:      	        'train_time': '5.5401e+00'},
[92mINFO [0m:      	  46: { 'qtty_records': '10',
[92mINFO [0m:      	        'train_loss': '1.8629e+00',
[92mINFO [0m:      	        'train_time': '6.5629e+00'},
[92mINFO [0m:      	  47: { 'qtty_records': '8',
[92mINFO [0m:      	        'train_loss': '1.8575e+00',
[92mINFO [0m:      	        'train_time': '5.5484e+00'},
[92mINFO [0m:      	  48: { 'qtty_records': '10',
[92mINFO [0m:      	        'train_loss': '1.8827e+00',
[92mINFO [0m:      	        'train_time': '6.5744e+00'},
[92mINFO [0m:      	  49: { 'qtty_records': '8',
[92mINFO [0m:      	        'train_loss': '1.8634e+00',
[92mINFO [0m:      	        'train_time': '5.5005e+00'},
[92mINFO [0m:      	  50: { 'qtty_records': '10',
[92mINFO [0m:      	        'train_loss': '1.8657e+00',
[92mINFO [0m:      	        'train_time': '6.5837e+00'},
[92mINFO [0m:      	  51: { 'qtty_records': '8',
[92mINFO [0m:      	        'train_loss': '1.8356e+00',
[92mINFO [0m:      	        'train_time': '5.5177e+00'},
[92mINFO [0m:      	  52: { 'qtty_records': '10',
[92mINFO [0m:      	        'train_loss': '1.8430e+00',
[92mINFO [0m:      	        'train_time': '6.5706e+00'},
[92mINFO [0m:      	  53: { 'qtty_records': '8',
[92mINFO [0m:      	        'train_loss': '1.8333e+00',
[92mINFO [0m:      	        'train_time': '5.5099e+00'},
[92mINFO [0m:      	  54: { 'qtty_records': '10',
[92mINFO [0m:      	        'train_loss': '1.8582e+00',
[92mINFO [0m:      	        'train_time': '6.5700e+00'},
[92mINFO [0m:      	  55: { 'qtty_records': '8',
[92mINFO [0m:      	        'train_loss': '1.8507e+00',
[92mINFO [0m:      	        'train_time': '5.5192e+00'},
[92mINFO [0m:      	  56: { 'qtty_records': '10',
[92mINFO [0m:      	        'train_loss': '1.8499e+00',
[92mINFO [0m:      	        'train_time': '6.5493e+00'},
[92mINFO [0m:      	  57: { 'qtty_records': '8',
[92mINFO [0m:      	        'train_loss': '1.8287e+00',
[92mINFO [0m:      	        'train_time': '5.5249e+00'},
[92mINFO [0m:      	  58: { 'qtty_records': '10',
[92mINFO [0m:      	        'train_loss': '1.8423e+00',
[92mINFO [0m:      	        'train_time': '6.5567e+00'},
[92mINFO [0m:      	  59: { 'qtty_records': '8',
[92mINFO [0m:      	        'train_loss': '1.8619e+00',
[92mINFO [0m:      	        'train_time': '5.5082e+00'},
[92mINFO [0m:      	  60: { 'qtty_records': '10',
[92mINFO [0m:      	        'train_loss': '1.8479e+00',
[92mINFO [0m:      	        'train_time': '6.5794e+00'},
[92mINFO [0m:      	  61: { 'qtty_records': '8',
[92mINFO [0m:      	        'train_loss': '1.8376e+00',
[92mINFO [0m:      	        'train_time': '5.5316e+00'},
[92mINFO [0m:      	  62: { 'qtty_records': '10',
[92mINFO [0m:      	        'train_loss': '1.8523e+00',
[92mINFO [0m:      	        'train_time': '6.5628e+00'},
[92mINFO [0m:      	  63: { 'qtty_records': '8',
[92mINFO [0m:      	        'train_loss': '1.8362e+00',
[92mINFO [0m:      	        'train_time': '5.4649e+00'},
[92mINFO [0m:      	  64: { 'qtty_records': '10',
[92mINFO [0m:      	        'train_loss': '1.8422e+00',
[92mINFO [0m:      	        'train_time': '6.4806e+00'},
[92mINFO [0m:      	  65: { 'qtty_records': '8',
[92mINFO [0m:      	        'train_loss': '1.8410e+00',
[92mINFO [0m:      	        'train_time': '5.4516e+00'},
[92mINFO [0m:      	  66: { 'qtty_records': '10',
[92mINFO [0m:      	        'train_loss': '1.8441e+00',
[92mINFO [0m:      	        'train_time': '6.5313e+00'},
[92mINFO [0m:      	  67: { 'qtty_records': '8',
[92mINFO [0m:      	        'train_loss': '1.8344e+00',
[92mINFO [0m:      	        'train_time': '5.5114e+00'},
[92mINFO [0m:      	  68: { 'qtty_records': '10',
[92mINFO [0m:      	        'train_loss': '1.8446e+00',
[92mINFO [0m:      	        'train_time': '6.5560e+00'},
[92mINFO [0m:      	  69: { 'qtty_records': '8',
[92mINFO [0m:      	        'train_loss': '1.8416e+00',
[92mINFO [0m:      	        'train_time': '5.5333e+00'},
[92mINFO [0m:      	  70: { 'qtty_records': '10',
[92mINFO [0m:      	        'train_loss': '1.8428e+00',
[92mINFO [0m:      	        'train_time': '6.5633e+00'},
[92mINFO [0m:      	  71: { 'qtty_records': '8',
[92mINFO [0m:      	        'train_loss': '1.8475e+00',
[92mINFO [0m:      	        'train_time': '5.5290e+00'},
[92mINFO [0m:      	  72: { 'qtty_records': '10',
[92mINFO [0m:      	        'train_loss': '1.8651e+00',
[92mINFO [0m:      	        'train_time': '6.5446e+00'},
[92mINFO [0m:      	  73: { 'qtty_records': '8',
[92mINFO [0m:      	        'train_loss': '1.8362e+00',
[92mINFO [0m:      	        'train_time': '5.5458e+00'},
[92mINFO [0m:      	  74: { 'qtty_records': '10',
[92mINFO [0m:      	        'train_loss': '1.8413e+00',
[92mINFO [0m:      	        'train_time': '6.5592e+00'},
[92mINFO [0m:      	  75: { 'qtty_records': '8',
[92mINFO [0m:      	        'train_loss': '1.8619e+00',
[92mINFO [0m:      	        'train_time': '5.5206e+00'},
[92mINFO [0m:      	  76: { 'qtty_records': '10',
[92mINFO [0m:      	        'train_loss': '1.8431e+00',
[92mINFO [0m:      	        'train_time': '6.5398e+00'},
[92mINFO [0m:      	  77: { 'qtty_records': '8',
[92mINFO [0m:      	        'train_loss': '1.8391e+00',
[92mINFO [0m:      	        'train_time': '5.5167e+00'},
[92mINFO [0m:      	  78: { 'qtty_records': '10',
[92mINFO [0m:      	        'train_loss': '1.8560e+00',
[92mINFO [0m:      	        'train_time': '6.5668e+00'},
[92mINFO [0m:      	  79: { 'qtty_records': '8',
[92mINFO [0m:      	        'train_loss': '1.8251e+00',
[92mINFO [0m:      	        'train_time': '5.5255e+00'},
[92mINFO [0m:      	  80: { 'qtty_records': '10',
[92mINFO [0m:      	        'train_loss': '1.8365e+00',
[92mINFO [0m:      	        'train_time': '6.5859e+00'},
[92mINFO [0m:      	  81: { 'qtty_records': '8',
[92mINFO [0m:      	        'train_loss': '1.8398e+00',
[92mINFO [0m:      	        'train_time': '5.5165e+00'},
[92mINFO [0m:      	  82: { 'qtty_records': '10',
[92mINFO [0m:      	        'train_loss': '1.8274e+00',
[92mINFO [0m:      	        'train_time': '6.5675e+00'},
[92mINFO [0m:      	  83: { 'qtty_records': '8',
[92mINFO [0m:      	        'train_loss': '1.8223e+00',
[92mINFO [0m:      	        'train_time': '5.5042e+00'},
[92mINFO [0m:      	  84: { 'qtty_records': '10',
[92mINFO [0m:      	        'train_loss': '1.8498e+00',
[92mINFO [0m:      	        'train_time': '6.5560e+00'},
[92mINFO [0m:      	  85: { 'qtty_records': '8',
[92mINFO [0m:      	        'train_loss': '1.8584e+00',
[92mINFO [0m:      	        'train_time': '5.4993e+00'},
[92mINFO [0m:      	  86: { 'qtty_records': '10',
[92mINFO [0m:      	        'train_loss': '1.8354e+00',
[92mINFO [0m:      	        'train_time': '6.5513e+00'},
[92mINFO [0m:      	  87: { 'qtty_records': '8',
[92mINFO [0m:      	        'train_loss': '1.8486e+00',
[92mINFO [0m:      	        'train_time': '5.5106e+00'},
[92mINFO [0m:      	  88: { 'qtty_records': '10',
[92mINFO [0m:      	        'train_loss': '1.8422e+00',
[92mINFO [0m:      	        'train_time': '6.5586e+00'},
[92mINFO [0m:      	  89: { 'qtty_records': '8',
[92mINFO [0m:      	        'train_loss': '1.8138e+00',
[92mINFO [0m:      	        'train_time': '5.5191e+00'},
[92mINFO [0m:      	  90: { 'qtty_records': '10',
[92mINFO [0m:      	        'train_loss': '1.8479e+00',
[92mINFO [0m:      	        'train_time': '6.5531e+00'},
[92mINFO [0m:      	  91: { 'qtty_records': '8',
[92mINFO [0m:      	        'train_loss': '1.8383e+00',
[92mINFO [0m:      	        'train_time': '5.5245e+00'},
[92mINFO [0m:      	  92: { 'qtty_records': '10',
[92mINFO [0m:      	        'train_loss': '1.8366e+00',
[92mINFO [0m:      	        'train_time': '6.5423e+00'},
[92mINFO [0m:      	  93: { 'qtty_records': '8',
[92mINFO [0m:      	        'train_loss': '1.8259e+00',
[92mINFO [0m:      	        'train_time': '5.4788e+00'},
[92mINFO [0m:      	  94: { 'qtty_records': '10',
[92mINFO [0m:      	        'train_loss': '1.8547e+00',
[92mINFO [0m:      	        'train_time': '6.5821e+00'},
[92mINFO [0m:      	  95: { 'qtty_records': '8',
[92mINFO [0m:      	        'train_loss': '1.8567e+00',
[92mINFO [0m:      	        'train_time': '5.5209e+00'},
[92mINFO [0m:      	  96: { 'qtty_records': '10',
[92mINFO [0m:      	        'train_loss': '1.8350e+00',
[92mINFO [0m:      	        'train_time': '6.5889e+00'},
[92mINFO [0m:      	  97: { 'qtty_records': '8',
[92mINFO [0m:      	        'train_loss': '1.8317e+00',
[92mINFO [0m:      	        'train_time': '5.5463e+00'},
[92mINFO [0m:      	  98: { 'qtty_records': '10',
[92mINFO [0m:      	        'train_loss': '1.8417e+00',
[92mINFO [0m:      	        'train_time': '6.5583e+00'},
[92mINFO [0m:      	  99: { 'qtty_records': '8',
[92mINFO [0m:      	        'train_loss': '1.8149e+00',
[92mINFO [0m:      	        'train_time': '5.5320e+00'},
[92mINFO [0m:      	  100: { 'qtty_records': '10',
[92mINFO [0m:      	         'train_loss': '1.8561e+00',
[92mINFO [0m:      	         'train_time': '6.5934e+00'}}
[92mINFO [0m:      	
[92mINFO [0m:      	Aggregated ClientApp-side Evaluate Metrics:
[92mINFO [0m:      	{ 1: { 'eval_acc': '1.0290e-01',
[92mINFO [0m:      	       'eval_loss': '2.4250e+00',
[92mINFO [0m:      	       'time': '4.2522e+01'},
[92mINFO [0m:      	  2: { 'eval_acc': '1.4270e-01',
[92mINFO [0m:      	       'eval_loss': '2.2726e+00',
[92mINFO [0m:      	       'time': '4.9583e+01'},
[92mINFO [0m:      	  3: { 'eval_acc': '2.1530e-01',
[92mINFO [0m:      	       'eval_loss': '2.1224e+00',
[92mINFO [0m:      	       'time': '5.6813e+01'},
[92mINFO [0m:      	  4: { 'eval_acc': '2.3840e-01',
[92mINFO [0m:      	       'eval_loss': '2.0904e+00',
[92mINFO [0m:      	       'time': '6.3872e+01'},
[92mINFO [0m:      	  5: { 'eval_acc': '2.4570e-01',
[92mINFO [0m:      	       'eval_loss': '2.0562e+00',
[92mINFO [0m:      	       'time': '7.1102e+01'},
[92mINFO [0m:      	  6: { 'eval_acc': '2.4940e-01',
[92mINFO [0m:      	       'eval_loss': '2.0594e+00',
[92mINFO [0m:      	       'time': '7.8160e+01'},
[92mINFO [0m:      	  7: { 'eval_acc': '2.5300e-01',
[92mINFO [0m:      	       'eval_loss': '2.0564e+00',
[92mINFO [0m:      	       'time': '8.5389e+01'},
[92mINFO [0m:      	  8: { 'eval_acc': '2.6540e-01',
[92mINFO [0m:      	       'eval_loss': '2.0400e+00',
[92mINFO [0m:      	       'time': '9.2447e+01'},
[92mINFO [0m:      	  9: { 'eval_acc': '2.9680e-01',
[92mINFO [0m:      	       'eval_loss': '1.9900e+00',
[92mINFO [0m:      	       'time': '9.9576e+01'},
[92mINFO [0m:      	  10: { 'eval_acc': '2.5540e-01',
[92mINFO [0m:      	        'eval_loss': '2.0197e+00',
[92mINFO [0m:      	        'time': '1.0671e+02'},
[92mINFO [0m:      	  11: { 'eval_acc': '2.6080e-01',
[92mINFO [0m:      	        'eval_loss': '2.0539e+00',
[92mINFO [0m:      	        'time': '1.1384e+02'},
[92mINFO [0m:      	  12: { 'eval_acc': '2.8220e-01',
[92mINFO [0m:      	        'eval_loss': '1.9963e+00',
[92mINFO [0m:      	        'time': '1.2100e+02'},
[92mINFO [0m:      	  13: { 'eval_acc': '2.6930e-01',
[92mINFO [0m:      	        'eval_loss': '2.0040e+00',
[92mINFO [0m:      	        'time': '1.2814e+02'},
[92mINFO [0m:      	  14: { 'eval_acc': '3.1220e-01',
[92mINFO [0m:      	        'eval_loss': '1.9291e+00',
[92mINFO [0m:      	        'time': '1.3530e+02'},
[92mINFO [0m:      	  15: { 'eval_acc': '2.8930e-01',
[92mINFO [0m:      	        'eval_loss': '1.9847e+00',
[92mINFO [0m:      	        'time': '1.4243e+02'},
[92mINFO [0m:      	  16: { 'eval_acc': '3.0090e-01',
[92mINFO [0m:      	        'eval_loss': '1.9608e+00',
[92mINFO [0m:      	        'time': '1.4959e+02'},
[92mINFO [0m:      	  17: { 'eval_acc': '2.9150e-01',
[92mINFO [0m:      	        'eval_loss': '1.9816e+00',
[92mINFO [0m:      	        'time': '1.5672e+02'},
[92mINFO [0m:      	  18: { 'eval_acc': '2.9420e-01',
[92mINFO [0m:      	        'eval_loss': '1.9404e+00',
[92mINFO [0m:      	        'time': '1.6378e+02'},
[92mINFO [0m:      	  19: { 'eval_acc': '3.0490e-01',
[92mINFO [0m:      	        'eval_loss': '1.9614e+00',
[92mINFO [0m:      	        'time': '1.7091e+02'},
[92mINFO [0m:      	  20: { 'eval_acc': '3.0620e-01',
[92mINFO [0m:      	        'eval_loss': '1.9457e+00',
[92mINFO [0m:      	        'time': '1.7806e+02'},
[92mINFO [0m:      	  21: { 'eval_acc': '3.1650e-01',
[92mINFO [0m:      	        'eval_loss': '1.9105e+00',
[92mINFO [0m:      	        'time': '1.8509e+02'},
[92mINFO [0m:      	  22: { 'eval_acc': '3.0850e-01',
[92mINFO [0m:      	        'eval_loss': '1.9474e+00',
[92mINFO [0m:      	        'time': '1.9226e+02'},
[92mINFO [0m:      	  23: { 'eval_acc': '3.0020e-01',
[92mINFO [0m:      	        'eval_loss': '1.9246e+00',
[92mINFO [0m:      	        'time': '1.9949e+02'},
[92mINFO [0m:      	  24: { 'eval_acc': '3.2210e-01',
[92mINFO [0m:      	        'eval_loss': '1.9331e+00',
[92mINFO [0m:      	        'time': '2.0652e+02'},
[92mINFO [0m:      	  25: { 'eval_acc': '3.2180e-01',
[92mINFO [0m:      	        'eval_loss': '1.8900e+00',
[92mINFO [0m:      	        'time': '2.1365e+02'},
[92mINFO [0m:      	  26: { 'eval_acc': '3.1110e-01',
[92mINFO [0m:      	        'eval_loss': '1.9202e+00',
[92mINFO [0m:      	        'time': '2.2081e+02'},
[92mINFO [0m:      	  27: { 'eval_acc': '3.1280e-01',
[92mINFO [0m:      	        'eval_loss': '1.9352e+00',
[92mINFO [0m:      	        'time': '2.2807e+02'},
[92mINFO [0m:      	  28: { 'eval_acc': '3.3860e-01',
[92mINFO [0m:      	        'eval_loss': '1.8806e+00',
[92mINFO [0m:      	        'time': '2.3513e+02'},
[92mINFO [0m:      	  29: { 'eval_acc': '3.2980e-01',
[92mINFO [0m:      	        'eval_loss': '1.8706e+00',
[92mINFO [0m:      	        'time': '2.4238e+02'},
[92mINFO [0m:      	  30: { 'eval_acc': '3.2520e-01',
[92mINFO [0m:      	        'eval_loss': '1.9025e+00',
[92mINFO [0m:      	        'time': '2.4955e+02'},
[92mINFO [0m:      	  31: { 'eval_acc': '3.3890e-01',
[92mINFO [0m:      	        'eval_loss': '1.8734e+00',
[92mINFO [0m:      	        'time': '2.5668e+02'},
[92mINFO [0m:      	  32: { 'eval_acc': '3.4480e-01',
[92mINFO [0m:      	        'eval_loss': '1.8768e+00',
[92mINFO [0m:      	        'time': '2.6371e+02'},
[92mINFO [0m:      	  33: { 'eval_acc': '3.3710e-01',
[92mINFO [0m:      	        'eval_loss': '1.8807e+00',
[92mINFO [0m:      	        'time': '2.7084e+02'},
[92mINFO [0m:      	  34: { 'eval_acc': '3.2050e-01',
[92mINFO [0m:      	        'eval_loss': '1.8743e+00',
[92mINFO [0m:      	        'time': '2.7801e+02'},
[92mINFO [0m:      	  35: { 'eval_acc': '3.4530e-01',
[92mINFO [0m:      	        'eval_loss': '1.8607e+00',
[92mINFO [0m:      	        'time': '2.8514e+02'},
[92mINFO [0m:      	  36: { 'eval_acc': '3.4670e-01',
[92mINFO [0m:      	        'eval_loss': '1.8479e+00',
[92mINFO [0m:      	        'time': '2.9231e+02'},
[92mINFO [0m:      	  37: { 'eval_acc': '3.4980e-01',
[92mINFO [0m:      	        'eval_loss': '1.8760e+00',
[92mINFO [0m:      	        'time': '2.9944e+02'},
[92mINFO [0m:      	  38: { 'eval_acc': '3.2550e-01',
[92mINFO [0m:      	        'eval_loss': '1.9058e+00',
[92mINFO [0m:      	        'time': '3.0647e+02'},
[92mINFO [0m:      	  39: { 'eval_acc': '3.3380e-01',
[92mINFO [0m:      	        'eval_loss': '1.8554e+00',
[92mINFO [0m:      	        'time': '3.1360e+02'},
[92mINFO [0m:      	  40: { 'eval_acc': '3.3580e-01',
[92mINFO [0m:      	        'eval_loss': '1.8816e+00',
[92mINFO [0m:      	        'time': '3.2077e+02'},
[92mINFO [0m:      	  41: { 'eval_acc': '3.2570e-01',
[92mINFO [0m:      	        'eval_loss': '1.9152e+00',
[92mINFO [0m:      	        'time': '3.2790e+02'},
[92mINFO [0m:      	  42: { 'eval_acc': '3.3860e-01',
[92mINFO [0m:      	        'eval_loss': '1.8755e+00',
[92mINFO [0m:      	        'time': '3.3506e+02'},
[92mINFO [0m:      	  43: { 'eval_acc': '3.5880e-01',
[92mINFO [0m:      	        'eval_loss': '1.8311e+00',
[92mINFO [0m:      	        'time': '3.4219e+02'},
[92mINFO [0m:      	  44: { 'eval_acc': '3.3860e-01',
[92mINFO [0m:      	        'eval_loss': '1.8951e+00',
[92mINFO [0m:      	        'time': '3.4933e+02'},
[92mINFO [0m:      	  45: { 'eval_acc': '3.4980e-01',
[92mINFO [0m:      	        'eval_loss': '1.8766e+00',
[92mINFO [0m:      	        'time': '3.5646e+02'},
[92mINFO [0m:      	  46: { 'eval_acc': '3.5320e-01',
[92mINFO [0m:      	        'eval_loss': '1.8678e+00',
[92mINFO [0m:      	        'time': '3.6362e+02'},
[92mINFO [0m:      	  47: { 'eval_acc': '3.3530e-01',
[92mINFO [0m:      	        'eval_loss': '1.9028e+00',
[92mINFO [0m:      	        'time': '3.7075e+02'},
[92mINFO [0m:      	  48: { 'eval_acc': '3.2490e-01',
[92mINFO [0m:      	        'eval_loss': '1.9083e+00',
[92mINFO [0m:      	        'time': '3.7790e+02'},
[92mINFO [0m:      	  49: { 'eval_acc': '3.3540e-01',
[92mINFO [0m:      	        'eval_loss': '1.8889e+00',
[92mINFO [0m:      	        'time': '3.8503e+02'},
[92mINFO [0m:      	  50: { 'eval_acc': '3.5430e-01',
[92mINFO [0m:      	        'eval_loss': '1.8451e+00',
[92mINFO [0m:      	        'time': '3.9219e+02'},
[92mINFO [0m:      	  51: { 'eval_acc': '3.4950e-01',
[92mINFO [0m:      	        'eval_loss': '1.8425e+00',
[92mINFO [0m:      	        'time': '3.9932e+02'},
[92mINFO [0m:      	  52: { 'eval_acc': '3.4080e-01',
[92mINFO [0m:      	        'eval_loss': '1.8795e+00',
[92mINFO [0m:      	        'time': '4.0648e+02'},
[92mINFO [0m:      	  53: { 'eval_acc': '3.4410e-01',
[92mINFO [0m:      	        'eval_loss': '1.8538e+00',
[92mINFO [0m:      	        'time': '4.1361e+02'},
[92mINFO [0m:      	  54: { 'eval_acc': '3.4840e-01',
[92mINFO [0m:      	        'eval_loss': '1.8601e+00',
[92mINFO [0m:      	        'time': '4.2077e+02'},
[92mINFO [0m:      	  55: { 'eval_acc': '3.3890e-01',
[92mINFO [0m:      	        'eval_loss': '1.8748e+00',
[92mINFO [0m:      	        'time': '4.2790e+02'},
[92mINFO [0m:      	  56: { 'eval_acc': '3.6860e-01',
[92mINFO [0m:      	        'eval_loss': '1.8186e+00',
[92mINFO [0m:      	        'time': '4.3506e+02'},
[92mINFO [0m:      	  57: { 'eval_acc': '3.5410e-01',
[92mINFO [0m:      	        'eval_loss': '1.8486e+00',
[92mINFO [0m:      	        'time': '4.4219e+02'},
[92mINFO [0m:      	  58: { 'eval_acc': '3.5060e-01',
[92mINFO [0m:      	        'eval_loss': '1.8722e+00',
[92mINFO [0m:      	        'time': '4.4925e+02'},
[92mINFO [0m:      	  59: { 'eval_acc': '3.4910e-01',
[92mINFO [0m:      	        'eval_loss': '1.8703e+00',
[92mINFO [0m:      	        'time': '4.5638e+02'},
[92mINFO [0m:      	  60: { 'eval_acc': '3.6180e-01',
[92mINFO [0m:      	        'eval_loss': '1.8362e+00',
[92mINFO [0m:      	        'time': '4.6354e+02'},
[92mINFO [0m:      	  61: { 'eval_acc': '3.5270e-01',
[92mINFO [0m:      	        'eval_loss': '1.8510e+00',
[92mINFO [0m:      	        'time': '4.7068e+02'},
[92mINFO [0m:      	  62: { 'eval_acc': '3.5980e-01',
[92mINFO [0m:      	        'eval_loss': '1.8471e+00',
[92mINFO [0m:      	        'time': '4.7773e+02'},
[92mINFO [0m:      	  63: { 'eval_acc': '3.6330e-01',
[92mINFO [0m:      	        'eval_loss': '1.8400e+00',
[92mINFO [0m:      	        'time': '4.8487e+02'},
[92mINFO [0m:      	  64: { 'eval_acc': '3.4170e-01',
[92mINFO [0m:      	        'eval_loss': '1.8646e+00',
[92mINFO [0m:      	        'time': '4.9193e+02'},
[92mINFO [0m:      	  65: { 'eval_acc': '3.7190e-01',
[92mINFO [0m:      	        'eval_loss': '1.8364e+00',
[92mINFO [0m:      	        'time': '4.9916e+02'},
[92mINFO [0m:      	  66: { 'eval_acc': '3.4010e-01',
[92mINFO [0m:      	        'eval_loss': '1.8593e+00',
[92mINFO [0m:      	        'time': '5.0622e+02'},
[92mINFO [0m:      	  67: { 'eval_acc': '3.6010e-01',
[92mINFO [0m:      	        'eval_loss': '1.8439e+00',
[92mINFO [0m:      	        'time': '5.1335e+02'},
[92mINFO [0m:      	  68: { 'eval_acc': '3.7340e-01',
[92mINFO [0m:      	        'eval_loss': '1.8349e+00',
[92mINFO [0m:      	        'time': '5.2041e+02'},
[92mINFO [0m:      	  69: { 'eval_acc': '3.6570e-01',
[92mINFO [0m:      	        'eval_loss': '1.8371e+00',
[92mINFO [0m:      	        'time': '5.2754e+02'},
[92mINFO [0m:      	  70: { 'eval_acc': '3.6370e-01',
[92mINFO [0m:      	        'eval_loss': '1.8432e+00',
[92mINFO [0m:      	        'time': '5.3471e+02'},
[92mINFO [0m:      	  71: { 'eval_acc': '3.7560e-01',
[92mINFO [0m:      	        'eval_loss': '1.8273e+00',
[92mINFO [0m:      	        'time': '5.4184e+02'},
[92mINFO [0m:      	  72: { 'eval_acc': '3.3490e-01',
[92mINFO [0m:      	        'eval_loss': '1.9196e+00',
[92mINFO [0m:      	        'time': '5.4898e+02'},
[92mINFO [0m:      	  73: { 'eval_acc': '3.7270e-01',
[92mINFO [0m:      	        'eval_loss': '1.8201e+00',
[92mINFO [0m:      	        'time': '5.5611e+02'},
[92mINFO [0m:      	  74: { 'eval_acc': '3.6270e-01',
[92mINFO [0m:      	        'eval_loss': '1.8296e+00',
[92mINFO [0m:      	        'time': '5.6327e+02'},
[92mINFO [0m:      	  75: { 'eval_acc': '3.3030e-01',
[92mINFO [0m:      	        'eval_loss': '1.9058e+00',
[92mINFO [0m:      	        'time': '5.7040e+02'},
[92mINFO [0m:      	  76: { 'eval_acc': '3.6630e-01',
[92mINFO [0m:      	        'eval_loss': '1.8646e+00',
[92mINFO [0m:      	        'time': '5.7755e+02'},
[92mINFO [0m:      	  77: { 'eval_acc': '3.5080e-01',
[92mINFO [0m:      	        'eval_loss': '1.8611e+00',
[92mINFO [0m:      	        'time': '5.8468e+02'},
[92mINFO [0m:      	  78: { 'eval_acc': '3.7390e-01',
[92mINFO [0m:      	        'eval_loss': '1.8541e+00',
[92mINFO [0m:      	        'time': '5.9185e+02'},
[92mINFO [0m:      	  79: { 'eval_acc': '3.8260e-01',
[92mINFO [0m:      	        'eval_loss': '1.8078e+00',
[92mINFO [0m:      	        'time': '5.9898e+02'},
[92mINFO [0m:      	  80: { 'eval_acc': '3.4170e-01',
[92mINFO [0m:      	        'eval_loss': '1.8900e+00',
[92mINFO [0m:      	        'time': '6.0614e+02'},
[92mINFO [0m:      	  81: { 'eval_acc': '3.7570e-01',
[92mINFO [0m:      	        'eval_loss': '1.8308e+00',
[92mINFO [0m:      	        'time': '6.1327e+02'},
[92mINFO [0m:      	  82: { 'eval_acc': '3.7280e-01',
[92mINFO [0m:      	        'eval_loss': '1.8370e+00',
[92mINFO [0m:      	        'time': '6.2042e+02'},
[92mINFO [0m:      	  83: { 'eval_acc': '3.7370e-01',
[92mINFO [0m:      	        'eval_loss': '1.8161e+00',
[92mINFO [0m:      	        'time': '6.2755e+02'},
[92mINFO [0m:      	  84: { 'eval_acc': '3.7200e-01',
[92mINFO [0m:      	        'eval_loss': '1.8507e+00',
[92mINFO [0m:      	        'time': '6.3471e+02'},
[92mINFO [0m:      	  85: { 'eval_acc': '3.5320e-01',
[92mINFO [0m:      	        'eval_loss': '1.8762e+00',
[92mINFO [0m:      	        'time': '6.4184e+02'},
[92mINFO [0m:      	  86: { 'eval_acc': '3.6670e-01',
[92mINFO [0m:      	        'eval_loss': '1.8308e+00',
[92mINFO [0m:      	        'time': '6.4900e+02'},
[92mINFO [0m:      	  87: { 'eval_acc': '3.4510e-01',
[92mINFO [0m:      	        'eval_loss': '1.8986e+00',
[92mINFO [0m:      	        'time': '6.5613e+02'},
[92mINFO [0m:      	  88: { 'eval_acc': '3.7620e-01',
[92mINFO [0m:      	        'eval_loss': '1.8336e+00',
[92mINFO [0m:      	        'time': '6.6329e+02'},
[92mINFO [0m:      	  89: { 'eval_acc': '3.7310e-01',
[92mINFO [0m:      	        'eval_loss': '1.8058e+00',
[92mINFO [0m:      	        'time': '6.7042e+02'},
[92mINFO [0m:      	  90: { 'eval_acc': '3.5800e-01',
[92mINFO [0m:      	        'eval_loss': '1.8647e+00',
[92mINFO [0m:      	        'time': '6.7758e+02'},
[92mINFO [0m:      	  91: { 'eval_acc': '3.4800e-01',
[92mINFO [0m:      	        'eval_loss': '1.8889e+00',
[92mINFO [0m:      	        'time': '6.8472e+02'},
[92mINFO [0m:      	  92: { 'eval_acc': '3.7550e-01',
[92mINFO [0m:      	        'eval_loss': '1.8159e+00',
[92mINFO [0m:      	        'time': '6.9177e+02'},
[92mINFO [0m:      	  93: { 'eval_acc': '3.4930e-01',
[92mINFO [0m:      	        'eval_loss': '1.8754e+00',
[92mINFO [0m:      	        'time': '6.9891e+02'},
[92mINFO [0m:      	  94: { 'eval_acc': '3.5830e-01',
[92mINFO [0m:      	        'eval_loss': '1.8928e+00',
[92mINFO [0m:      	        'time': '7.0598e+02'},
[92mINFO [0m:      	  95: { 'eval_acc': '3.2990e-01',
[92mINFO [0m:      	        'eval_loss': '1.8922e+00',
[92mINFO [0m:      	        'time': '7.1321e+02'},
[92mINFO [0m:      	  96: { 'eval_acc': '3.7770e-01',
[92mINFO [0m:      	        'eval_loss': '1.8152e+00',
[92mINFO [0m:      	        'time': '7.2026e+02'},
[92mINFO [0m:      	  97: { 'eval_acc': '3.7650e-01',
[92mINFO [0m:      	        'eval_loss': '1.8425e+00',
[92mINFO [0m:      	        'time': '7.2739e+02'},
[92mINFO [0m:      	  98: { 'eval_acc': '3.8010e-01',
[92mINFO [0m:      	        'eval_loss': '1.8381e+00',
[92mINFO [0m:      	        'time': '7.3446e+02'},
[92mINFO [0m:      	  99: { 'eval_acc': '3.9140e-01',
[92mINFO [0m:      	        'eval_loss': '1.7937e+00',
[92mINFO [0m:      	        'time': '7.4159e+02'},
[92mINFO [0m:      	  100: { 'eval_acc': '3.7580e-01',
[92mINFO [0m:      	         'eval_loss': '1.8419e+00',
[92mINFO [0m:      	         'time': '7.4864e+02'}}
[92mINFO [0m:      	
[92mINFO [0m:      	ServerApp-side Evaluate Metrics:
[92mINFO [0m:      	{}
[92mINFO [0m:      
[92mINFO [0m:      CSV saved: results/cifar10/4/FedSaSync_fs2_m8.csv
[36m(ClientAppActor pid=1882978)[0m [2026-05-20 03:16:39,297 E 1882978 1883904] core_worker_process.cc:825: Failed to establish connection to the metrics exporter agent. Metrics will not be exported. Exporter agent status: RpcError: Running out of retries to initialize the metrics agent. rpc_code: 14[32m [repeated 15x across cluster][0m
[92mINFO [0m:      
