fs=2 m=10 i=8
Starting local SuperLink on 127.0.0.1:39093...
⚠️ Warning: `options.` fields in the SuperLink connection configuration are deprecated. Use `--federation-config` with `flwr run` instead. Alternatively, permanently set your simulation configuration via `flwr federation simulation-config`.
🎊 Successfully started run 509048349143138744
[92mINFO [0m:      Starting Flower Simulation
Successfully installed fedsasync to /tmp/Victor-Hidalgo-1436506-147-0/.flwr/apps/flwrlabs.fedsasync.1.0.0.f4a93b94.
[92mINFO [0m:      Starting FedSaSync strategy:
[92mINFO [0m:      	├── Number of rounds: 100
[92mINFO [0m:      	├── ArrayRecord (0.24 MB)
[92mINFO [0m:      	├── ConfigRecord (train): (empty!)
[92mINFO [0m:      	├── ConfigRecord (evaluate): (empty!)
[92mINFO [0m:      	├──> Sampling:
[92mINFO [0m:      	│	├──Fraction: train (1.00) | evaluate ( 1.00)
[92mINFO [0m:      	│	├──Minimum nodes: train (2) | evaluate (2)
[92mINFO [0m:      	│	└──Minimum available nodes: 2
[92mINFO [0m:      	└──> Keys in records:
[92mINFO [0m:      		├── Weighted by: 'num-examples'
[92mINFO [0m:      		├── ArrayRecord key: 'arrays'
[92mINFO [0m:      		└── ConfigRecord key: 'config'
[92mINFO [0m:      
[92mINFO [0m:      
[92mINFO [0m:      [ROUND 1/100]
[92mINFO [0m:      configure_train: Sampled 10 nodes (out of 10)
/home/Victor.Hidalgo/.pyenv/versions/3.12.12/envs/fedsasync/lib/python3.12/site-packages/ray/_private/worker.py:2051: FutureWarning: Tip: In future versions of Ray, Ray will no longer override accelerator visible devices env var if num_gpus=0 or num_gpus=None (default). To enable this behavior and turn off this error message, set RAY_ACCEL_ENV_VAR_OVERRIDE_ON_ZERO=0
  warnings.warn(
[36m(ClientAppActor pid=1383035)[0m Warning: You are sending unauthenticated requests to the HF Hub. Please set a HF_TOKEN to enable higher rate limits and faster downloads.
[36m(pid=gcs_server)[0m [2026-05-20 03:25:36,412 E 1381725 1381725] (gcs_server) gcs_server.cc:302: Failed to establish connection to the event+metrics exporter agent. Events and metrics will not be exported. Exporter agent status: RpcError: Running out of retries to initialize the metrics agent. rpc_code: 14
[36m(ClientAppActor pid=1383047)[0m Warning: You are sending unauthenticated requests to the HF Hub. Please set a HF_TOKEN to enable higher rate limits and faster downloads.[32m [repeated 9x across cluster] (Ray deduplicates logs by default. Set RAY_DEDUP_LOGS=0 to disable log deduplication, or see https://docs.ray.io/en/master/ray-observability/user-guides/configure-logging.html#log-deduplication for more options.)[0m
[92mINFO [0m:      aggregate_train: Received 10 results and 0 failures
[92mINFO [0m:      	└──> Aggregated MetricRecord: {'train_loss': 2.2098540895462038, 'train_time': 8.313253604341298, 'qtty_records': 10}
[92mINFO [0m:      configure_evaluate: Sampled 10 nodes (out of 10)
[92mINFO [0m:      aggregate_evaluate: Received 10 results and 0 failures
[92mINFO [0m:      	└──> Aggregated MetricRecord: {'eval_loss': 2.370893833041191, 'eval_acc': 0.0992, 'time': 38.55851674079895}
[92mINFO [0m:      
[92mINFO [0m:      [ROUND 2/100]
[92mINFO [0m:      configure_train: Sampled 10 nodes (out of 10)
[33m(raylet)[0m [2026-05-20 03:25:38,233 E 1382001 1382001] (raylet) main.cc:975: Failed to establish connection to the metrics exporter agent. Metrics will not be exported. Exporter agent status: RpcError: Running out of retries to initialize the metrics agent. rpc_code: 14
[36m(ClientAppActor pid=1383055)[0m [2026-05-20 03:25:42,303 E 1383055 1383265] core_worker_process.cc:825: Failed to establish connection to the metrics exporter agent. Metrics will not be exported. Exporter agent status: RpcError: Running out of retries to initialize the metrics agent. rpc_code: 14
[92mINFO [0m:      aggregate_train: Received 10 results and 0 failures
[92mINFO [0m:      	└──> Aggregated MetricRecord: {'train_loss': 2.1477279788970947, 'train_time': 6.4319544523954395, 'qtty_records': 10}
[92mINFO [0m:      configure_evaluate: Sampled 10 nodes (out of 10)
[92mINFO [0m:      aggregate_evaluate: Received 10 results and 0 failures
[92mINFO [0m:      	└──> Aggregated MetricRecord: {'eval_loss': 2.3214334733784194, 'eval_acc': 0.11750000000000001, 'time': 51.72381806373596}
[92mINFO [0m:      
[92mINFO [0m:      [ROUND 3/100]
[92mINFO [0m:      configure_train: Sampled 10 nodes (out of 10)
[92mINFO [0m:      aggregate_train: Received 10 results and 0 failures
[92mINFO [0m:      	└──> Aggregated MetricRecord: {'train_loss': 2.1046609571456907, 'train_time': 6.4257572021335365, 'qtty_records': 10}
[92mINFO [0m:      configure_evaluate: Sampled 10 nodes (out of 10)
[92mINFO [0m:      aggregate_evaluate: Received 10 results and 0 failures
[92mINFO [0m:      	└──> Aggregated MetricRecord: {'eval_loss': 2.1972064532339575, 'eval_acc': 0.1353, 'time': 65.29541897773743}
[92mINFO [0m:      
[92mINFO [0m:      [ROUND 4/100]
[92mINFO [0m:      configure_train: Sampled 10 nodes (out of 10)
[92mINFO [0m:      aggregate_train: Received 10 results and 0 failures
[92mINFO [0m:      	└──> Aggregated MetricRecord: {'train_loss': 2.07377346200943, 'train_time': 6.423520132992417, 'qtty_records': 10}
[92mINFO [0m:      configure_evaluate: Sampled 10 nodes (out of 10)
[92mINFO [0m:      aggregate_evaluate: Received 10 results and 0 failures
[92mINFO [0m:      	└──> Aggregated MetricRecord: {'eval_loss': 2.242227163538337, 'eval_acc': 0.15760000000000002, 'time': 78.45994400978088}
[92mINFO [0m:      
[92mINFO [0m:      [ROUND 5/100]
[92mINFO [0m:      configure_train: Sampled 10 nodes (out of 10)
[92mINFO [0m:      aggregate_train: Received 10 results and 0 failures
[92mINFO [0m:      	└──> Aggregated MetricRecord: {'train_loss': 2.051746281528473, 'train_time': 6.417851597350091, 'qtty_records': 10}
[92mINFO [0m:      configure_evaluate: Sampled 10 nodes (out of 10)
[92mINFO [0m:      aggregate_evaluate: Received 10 results and 0 failures
[92mINFO [0m:      	└──> Aggregated MetricRecord: {'eval_loss': 2.1147391546517613, 'eval_acc': 0.21009999999999998, 'time': 91.52497243881226}
[92mINFO [0m:      
[92mINFO [0m:      [ROUND 6/100]
[92mINFO [0m:      configure_train: Sampled 10 nodes (out of 10)
[92mINFO [0m:      aggregate_train: Received 10 results and 0 failures
[92mINFO [0m:      	└──> Aggregated MetricRecord: {'train_loss': 2.021547052192688, 'train_time': 6.391968273092061, 'qtty_records': 10}
[92mINFO [0m:      configure_evaluate: Sampled 10 nodes (out of 10)
[92mINFO [0m:      aggregate_evaluate: Received 10 results and 0 failures
[92mINFO [0m:      	└──> Aggregated MetricRecord: {'eval_loss': 2.085435983911157, 'eval_acc': 0.2325, 'time': 104.68921422958374}
[92mINFO [0m:      
[92mINFO [0m:      [ROUND 7/100]
[92mINFO [0m:      configure_train: Sampled 10 nodes (out of 10)
[92mINFO [0m:      aggregate_train: Received 10 results and 0 failures
[92mINFO [0m:      	└──> Aggregated MetricRecord: {'train_loss': 1.999816928958893, 'train_time': 6.426720192376524, 'qtty_records': 10}
[92mINFO [0m:      configure_evaluate: Sampled 10 nodes (out of 10)
[92mINFO [0m:      aggregate_evaluate: Received 10 results and 0 failures
[92mINFO [0m:      	└──> Aggregated MetricRecord: {'eval_loss': 2.097720714658499, 'eval_acc': 0.23929999999999998, 'time': 117.75083422660828}
[92mINFO [0m:      
[92mINFO [0m:      [ROUND 8/100]
[92mINFO [0m:      configure_train: Sampled 10 nodes (out of 10)
[92mINFO [0m:      aggregate_train: Received 10 results and 0 failures
[92mINFO [0m:      	└──> Aggregated MetricRecord: {'train_loss': 1.998156389808655, 'train_time': 6.407681272923947, 'qtty_records': 10}
[92mINFO [0m:      configure_evaluate: Sampled 10 nodes (out of 10)
[92mINFO [0m:      aggregate_evaluate: Received 10 results and 0 failures
[92mINFO [0m:      	└──> Aggregated MetricRecord: {'eval_loss': 2.0778879385441544, 'eval_acc': 0.21810000000000002, 'time': 130.91869640350342}
[92mINFO [0m:      
[92mINFO [0m:      [ROUND 9/100]
[92mINFO [0m:      configure_train: Sampled 10 nodes (out of 10)
[92mINFO [0m:      aggregate_train: Received 10 results and 0 failures
[92mINFO [0m:      	└──> Aggregated MetricRecord: {'train_loss': 1.977699276351929, 'train_time': 6.412901891674847, 'qtty_records': 10}
[92mINFO [0m:      configure_evaluate: Sampled 10 nodes (out of 10)
[92mINFO [0m:      aggregate_evaluate: Received 10 results and 0 failures
[92mINFO [0m:      	└──> Aggregated MetricRecord: {'eval_loss': 1.9967420093715194, 'eval_acc': 0.252, 'time': 144.08260345458984}
[92mINFO [0m:      
[92mINFO [0m:      [ROUND 10/100]
[92mINFO [0m:      configure_train: Sampled 10 nodes (out of 10)
[92mINFO [0m:      aggregate_train: Received 10 results and 0 failures
[92mINFO [0m:      	└──> Aggregated MetricRecord: {'train_loss': 1.9632067569732665, 'train_time': 6.419462444353849, 'qtty_records': 10}
[92mINFO [0m:      configure_evaluate: Sampled 10 nodes (out of 10)
[92mINFO [0m:      aggregate_evaluate: Received 10 results and 0 failures
[92mINFO [0m:      	└──> Aggregated MetricRecord: {'eval_loss': 1.974652908742428, 'eval_acc': 0.2671, 'time': 157.14617228507996}
[92mINFO [0m:      
[92mINFO [0m:      [ROUND 11/100]
[92mINFO [0m:      configure_train: Sampled 10 nodes (out of 10)
[92mINFO [0m:      aggregate_train: Received 10 results and 0 failures
[92mINFO [0m:      	└──> Aggregated MetricRecord: {'train_loss': 1.9590145382881168, 'train_time': 6.393979351036251, 'qtty_records': 10}
[92mINFO [0m:      configure_evaluate: Sampled 10 nodes (out of 10)
[92mINFO [0m:      aggregate_evaluate: Received 10 results and 0 failures
[92mINFO [0m:      	└──> Aggregated MetricRecord: {'eval_loss': 2.0290648963302376, 'eval_acc': 0.2646, 'time': 170.311785697937}
[92mINFO [0m:      
[92mINFO [0m:      [ROUND 12/100]
[92mINFO [0m:      configure_train: Sampled 10 nodes (out of 10)
[92mINFO [0m:      aggregate_train: Received 10 results and 0 failures
[92mINFO [0m:      	└──> Aggregated MetricRecord: {'train_loss': 1.9579887852668765, 'train_time': 6.446703735459596, 'qtty_records': 10}
[92mINFO [0m:      configure_evaluate: Sampled 10 nodes (out of 10)
[92mINFO [0m:      aggregate_evaluate: Received 10 results and 0 failures
[92mINFO [0m:      	└──> Aggregated MetricRecord: {'eval_loss': 1.9682465031743053, 'eval_acc': 0.274, 'time': 183.37495160102844}
[92mINFO [0m:      
[92mINFO [0m:      [ROUND 13/100]
[92mINFO [0m:      configure_train: Sampled 10 nodes (out of 10)
[92mINFO [0m:      aggregate_train: Received 10 results and 0 failures
[92mINFO [0m:      	└──> Aggregated MetricRecord: {'train_loss': 1.959264970111847, 'train_time': 6.393528839852661, 'qtty_records': 10}
[92mINFO [0m:      configure_evaluate: Sampled 10 nodes (out of 10)
[92mINFO [0m:      aggregate_evaluate: Received 10 results and 0 failures
[92mINFO [0m:      	└──> Aggregated MetricRecord: {'eval_loss': 1.9394067797809842, 'eval_acc': 0.2863, 'time': 196.545889377594}
[92mINFO [0m:      
[92mINFO [0m:      [ROUND 14/100]
[92mINFO [0m:      configure_train: Sampled 10 nodes (out of 10)
[92mINFO [0m:      aggregate_train: Received 10 results and 0 failures
[92mINFO [0m:      	└──> Aggregated MetricRecord: {'train_loss': 1.9564884964942932, 'train_time': 6.440120092500001, 'qtty_records': 10}
[92mINFO [0m:      configure_evaluate: Sampled 10 nodes (out of 10)
[92mINFO [0m:      aggregate_evaluate: Received 10 results and 0 failures
[92mINFO [0m:      	└──> Aggregated MetricRecord: {'eval_loss': 1.9816219609230759, 'eval_acc': 0.28330000000000005, 'time': 209.6086540222168}
[92mINFO [0m:      
[92mINFO [0m:      [ROUND 15/100]
[92mINFO [0m:      configure_train: Sampled 10 nodes (out of 10)
[92mINFO [0m:      aggregate_train: Received 10 results and 0 failures
[92mINFO [0m:      	└──> Aggregated MetricRecord: {'train_loss': 1.961882778835297, 'train_time': 6.388372320868075, 'qtty_records': 10}
[92mINFO [0m:      configure_evaluate: Sampled 10 nodes (out of 10)
[92mINFO [0m:      aggregate_evaluate: Received 10 results and 0 failures
[92mINFO [0m:      	└──> Aggregated MetricRecord: {'eval_loss': 1.9693240262567997, 'eval_acc': 0.26720000000000005, 'time': 222.67012214660645}
[92mINFO [0m:      
[92mINFO [0m:      [ROUND 16/100]
[92mINFO [0m:      configure_train: Sampled 10 nodes (out of 10)
[92mINFO [0m:      aggregate_train: Received 10 results and 0 failures
[92mINFO [0m:      	└──> Aggregated MetricRecord: {'train_loss': 1.954936295890808, 'train_time': 6.414345860574395, 'qtty_records': 10}
[92mINFO [0m:      configure_evaluate: Sampled 10 nodes (out of 10)
[92mINFO [0m:      aggregate_evaluate: Received 10 results and 0 failures
[92mINFO [0m:      	└──> Aggregated MetricRecord: {'eval_loss': 1.9587270114570856, 'eval_acc': 0.2958, 'time': 235.83366894721985}
[92mINFO [0m:      
[92mINFO [0m:      [ROUND 17/100]
[92mINFO [0m:      configure_train: Sampled 10 nodes (out of 10)
[92mINFO [0m:      aggregate_train: Received 10 results and 0 failures
[92mINFO [0m:      	└──> Aggregated MetricRecord: {'train_loss': 1.93569236907959, 'train_time': 6.39595154542476, 'qtty_records': 10}
[92mINFO [0m:      configure_evaluate: Sampled 10 nodes (out of 10)
[92mINFO [0m:      aggregate_evaluate: Received 10 results and 0 failures
[92mINFO [0m:      	└──> Aggregated MetricRecord: {'eval_loss': 1.9047826267778873, 'eval_acc': 0.29650000000000004, 'time': 249.00153183937073}
[92mINFO [0m:      
[92mINFO [0m:      [ROUND 18/100]
[92mINFO [0m:      configure_train: Sampled 10 nodes (out of 10)
[92mINFO [0m:      aggregate_train: Received 10 results and 0 failures
[92mINFO [0m:      	└──> Aggregated MetricRecord: {'train_loss': 1.925125964355469, 'train_time': 6.426928979996592, 'qtty_records': 10}
[92mINFO [0m:      configure_evaluate: Sampled 10 nodes (out of 10)
[92mINFO [0m:      aggregate_evaluate: Received 10 results and 0 failures
[92mINFO [0m:      	└──> Aggregated MetricRecord: {'eval_loss': 1.9399110432714226, 'eval_acc': 0.28850000000000003, 'time': 262.0403821468353}
[92mINFO [0m:      
[92mINFO [0m:      [ROUND 19/100]
[92mINFO [0m:      configure_train: Sampled 10 nodes (out of 10)
[92mINFO [0m:      aggregate_train: Received 10 results and 0 failures
[92mINFO [0m:      	└──> Aggregated MetricRecord: {'train_loss': 1.9280427358627321, 'train_time': 6.416496614646166, 'qtty_records': 10}
[92mINFO [0m:      configure_evaluate: Sampled 10 nodes (out of 10)
[92mINFO [0m:      aggregate_evaluate: Received 10 results and 0 failures
[92mINFO [0m:      	└──> Aggregated MetricRecord: {'eval_loss': 1.8919365659356115, 'eval_acc': 0.3048, 'time': 275.20374298095703}
[92mINFO [0m:      
[92mINFO [0m:      [ROUND 20/100]
[92mINFO [0m:      configure_train: Sampled 10 nodes (out of 10)
[92mINFO [0m:      aggregate_train: Received 10 results and 0 failures
[92mINFO [0m:      	└──> Aggregated MetricRecord: {'train_loss': 1.9241152545928957, 'train_time': 6.393496762495488, 'qtty_records': 10}
[92mINFO [0m:      configure_evaluate: Sampled 10 nodes (out of 10)
[92mINFO [0m:      aggregate_evaluate: Received 10 results and 0 failures
[92mINFO [0m:      	└──> Aggregated MetricRecord: {'eval_loss': 1.8964375019073487, 'eval_acc': 0.31210000000000004, 'time': 288.266722202301}
[92mINFO [0m:      
[92mINFO [0m:      [ROUND 21/100]
[92mINFO [0m:      configure_train: Sampled 10 nodes (out of 10)
[92mINFO [0m:      aggregate_train: Received 10 results and 0 failures
[92mINFO [0m:      	└──> Aggregated MetricRecord: {'train_loss': 1.9296242257118226, 'train_time': 6.4116838003508745, 'qtty_records': 10}
[92mINFO [0m:      configure_evaluate: Sampled 10 nodes (out of 10)
[92mINFO [0m:      aggregate_evaluate: Received 10 results and 0 failures
[92mINFO [0m:      	└──> Aggregated MetricRecord: {'eval_loss': 1.9547865044325592, 'eval_acc': 0.29460000000000003, 'time': 301.4385721683502}
[92mINFO [0m:      
[92mINFO [0m:      [ROUND 22/100]
[92mINFO [0m:      configure_train: Sampled 10 nodes (out of 10)
[92mINFO [0m:      aggregate_train: Received 10 results and 0 failures
[92mINFO [0m:      	└──> Aggregated MetricRecord: {'train_loss': 1.934306147193909, 'train_time': 6.395280523784459, 'qtty_records': 10}
[92mINFO [0m:      configure_evaluate: Sampled 10 nodes (out of 10)
[92mINFO [0m:      aggregate_evaluate: Received 10 results and 0 failures
[92mINFO [0m:      	└──> Aggregated MetricRecord: {'eval_loss': 1.9187147866934537, 'eval_acc': 0.29869999999999997, 'time': 314.599725484848}
[92mINFO [0m:      
[92mINFO [0m:      [ROUND 23/100]
[92mINFO [0m:      configure_train: Sampled 10 nodes (out of 10)
[92mINFO [0m:      aggregate_train: Received 10 results and 0 failures
[92mINFO [0m:      	└──> Aggregated MetricRecord: {'train_loss': 1.9159608208656311, 'train_time': 6.428479466959834, 'qtty_records': 10}
[92mINFO [0m:      configure_evaluate: Sampled 10 nodes (out of 10)
[92mINFO [0m:      aggregate_evaluate: Received 10 results and 0 failures
[92mINFO [0m:      	└──> Aggregated MetricRecord: {'eval_loss': 1.87769367210567, 'eval_acc': 0.3014, 'time': 327.6754069328308}
[92mINFO [0m:      
[92mINFO [0m:      [ROUND 24/100]
[92mINFO [0m:      configure_train: Sampled 10 nodes (out of 10)
[92mINFO [0m:      aggregate_train: Received 10 results and 0 failures
[92mINFO [0m:      	└──> Aggregated MetricRecord: {'train_loss': 1.9084305399894717, 'train_time': 6.411758279148489, 'qtty_records': 10}
[92mINFO [0m:      configure_evaluate: Sampled 10 nodes (out of 10)
[92mINFO [0m:      aggregate_evaluate: Received 10 results and 0 failures
[92mINFO [0m:      	└──> Aggregated MetricRecord: {'eval_loss': 1.8610018119215967, 'eval_acc': 0.3281, 'time': 340.7408356666565}
[92mINFO [0m:      
[92mINFO [0m:      [ROUND 25/100]
[92mINFO [0m:      configure_train: Sampled 10 nodes (out of 10)
[92mINFO [0m:      aggregate_train: Received 10 results and 0 failures
[92mINFO [0m:      	└──> Aggregated MetricRecord: {'train_loss': 1.9069771589279174, 'train_time': 6.400879967492074, 'qtty_records': 10}
[92mINFO [0m:      configure_evaluate: Sampled 10 nodes (out of 10)
[92mINFO [0m:      aggregate_evaluate: Received 10 results and 0 failures
[92mINFO [0m:      	└──> Aggregated MetricRecord: {'eval_loss': 1.9002536635845901, 'eval_acc': 0.31410000000000005, 'time': 353.80401849746704}
[92mINFO [0m:      
[92mINFO [0m:      [ROUND 26/100]
[92mINFO [0m:      configure_train: Sampled 10 nodes (out of 10)
[92mINFO [0m:      aggregate_train: Received 10 results and 0 failures
[92mINFO [0m:      	└──> Aggregated MetricRecord: {'train_loss': 1.9167219028472902, 'train_time': 6.39750357279554, 'qtty_records': 10}
[92mINFO [0m:      configure_evaluate: Sampled 10 nodes (out of 10)
[92mINFO [0m:      aggregate_evaluate: Received 10 results and 0 failures
[92mINFO [0m:      	└──> Aggregated MetricRecord: {'eval_loss': 1.9146113470196728, 'eval_acc': 0.31050000000000005, 'time': 366.9682071208954}
[92mINFO [0m:      
[92mINFO [0m:      [ROUND 27/100]
[92mINFO [0m:      configure_train: Sampled 10 nodes (out of 10)
[92mINFO [0m:      aggregate_train: Received 10 results and 0 failures
[92mINFO [0m:      	└──> Aggregated MetricRecord: {'train_loss': 1.9036765906333921, 'train_time': 6.392280421685427, 'qtty_records': 10}
[92mINFO [0m:      configure_evaluate: Sampled 10 nodes (out of 10)
[92mINFO [0m:      aggregate_evaluate: Received 10 results and 0 failures
[92mINFO [0m:      	└──> Aggregated MetricRecord: {'eval_loss': 1.894731580466032, 'eval_acc': 0.3014, 'time': 380.1347198486328}
[92mINFO [0m:      
[92mINFO [0m:      [ROUND 28/100]
[92mINFO [0m:      configure_train: Sampled 10 nodes (out of 10)
[92mINFO [0m:      aggregate_train: Received 10 results and 0 failures
[92mINFO [0m:      	└──> Aggregated MetricRecord: {'train_loss': 1.9025046884536745, 'train_time': 6.383108273893595, 'qtty_records': 10}
[92mINFO [0m:      configure_evaluate: Sampled 10 nodes (out of 10)
[92mINFO [0m:      aggregate_evaluate: Received 10 results and 0 failures
[92mINFO [0m:      	└──> Aggregated MetricRecord: {'eval_loss': 1.911152733117342, 'eval_acc': 0.30410000000000004, 'time': 393.30185747146606}
[92mINFO [0m:      
[92mINFO [0m:      [ROUND 29/100]
[92mINFO [0m:      configure_train: Sampled 10 nodes (out of 10)
[92mINFO [0m:      aggregate_train: Received 10 results and 0 failures
[92mINFO [0m:      	└──> Aggregated MetricRecord: {'train_loss': 1.9082505387306214, 'train_time': 6.437636349350214, 'qtty_records': 10}
[92mINFO [0m:      configure_evaluate: Sampled 10 nodes (out of 10)
[92mINFO [0m:      aggregate_evaluate: Received 10 results and 0 failures
[92mINFO [0m:      	└──> Aggregated MetricRecord: {'eval_loss': 1.868106259033084, 'eval_acc': 0.321, 'time': 406.46797704696655}
[92mINFO [0m:      
[92mINFO [0m:      [ROUND 30/100]
[92mINFO [0m:      configure_train: Sampled 10 nodes (out of 10)
[92mINFO [0m:      aggregate_train: Received 10 results and 0 failures
[92mINFO [0m:      	└──> Aggregated MetricRecord: {'train_loss': 1.9061054988861084, 'train_time': 6.424145844392479, 'qtty_records': 10}
[92mINFO [0m:      configure_evaluate: Sampled 10 nodes (out of 10)
[92mINFO [0m:      aggregate_evaluate: Received 10 results and 0 failures
[92mINFO [0m:      	└──> Aggregated MetricRecord: {'eval_loss': 1.8869968570768834, 'eval_acc': 0.32620000000000005, 'time': 419.6444892883301}
[92mINFO [0m:      
[92mINFO [0m:      [ROUND 31/100]
[92mINFO [0m:      configure_train: Sampled 10 nodes (out of 10)
[92mINFO [0m:      aggregate_train: Received 10 results and 0 failures
[92mINFO [0m:      	└──> Aggregated MetricRecord: {'train_loss': 1.9106810704231263, 'train_time': 6.426058376953006, 'qtty_records': 10}
[92mINFO [0m:      configure_evaluate: Sampled 10 nodes (out of 10)
[92mINFO [0m:      aggregate_evaluate: Received 10 results and 0 failures
[92mINFO [0m:      	└──> Aggregated MetricRecord: {'eval_loss': 1.8795843940228225, 'eval_acc': 0.31710000000000005, 'time': 432.8084547519684}
[92mINFO [0m:      
[92mINFO [0m:      [ROUND 32/100]
[92mINFO [0m:      configure_train: Sampled 10 nodes (out of 10)
[92mINFO [0m:      aggregate_train: Received 10 results and 0 failures
[92mINFO [0m:      	└──> Aggregated MetricRecord: {'train_loss': 1.9086587735176086, 'train_time': 6.427860014420003, 'qtty_records': 10}
[92mINFO [0m:      configure_evaluate: Sampled 10 nodes (out of 10)
[92mINFO [0m:      aggregate_evaluate: Received 10 results and 0 failures
[92mINFO [0m:      	└──> Aggregated MetricRecord: {'eval_loss': 1.8826762694865466, 'eval_acc': 0.32089999999999996, 'time': 445.87071108818054}
[92mINFO [0m:      
[92mINFO [0m:      [ROUND 33/100]
[92mINFO [0m:      configure_train: Sampled 10 nodes (out of 10)
[92mINFO [0m:      aggregate_train: Received 10 results and 0 failures
[92mINFO [0m:      	└──> Aggregated MetricRecord: {'train_loss': 1.8963032433509828, 'train_time': 6.401278816442937, 'qtty_records': 10}
[92mINFO [0m:      configure_evaluate: Sampled 10 nodes (out of 10)
[92mINFO [0m:      aggregate_evaluate: Received 10 results and 0 failures
[92mINFO [0m:      	└──> Aggregated MetricRecord: {'eval_loss': 1.8861074697226288, 'eval_acc': 0.3093, 'time': 459.03229451179504}
[92mINFO [0m:      
[92mINFO [0m:      [ROUND 34/100]
[92mINFO [0m:      configure_train: Sampled 10 nodes (out of 10)
[92mINFO [0m:      aggregate_train: Received 10 results and 0 failures
[92mINFO [0m:      	└──> Aggregated MetricRecord: {'train_loss': 1.883887146568298, 'train_time': 6.393981496989727, 'qtty_records': 10}
[92mINFO [0m:      configure_evaluate: Sampled 10 nodes (out of 10)
[92mINFO [0m:      aggregate_evaluate: Received 10 results and 0 failures
[92mINFO [0m:      	└──> Aggregated MetricRecord: {'eval_loss': 1.8628494277596475, 'eval_acc': 0.32099999999999995, 'time': 472.09571075439453}
[92mINFO [0m:      
[92mINFO [0m:      [ROUND 35/100]
[92mINFO [0m:      configure_train: Sampled 10 nodes (out of 10)
[92mINFO [0m:      aggregate_train: Received 10 results and 0 failures
[92mINFO [0m:      	└──> Aggregated MetricRecord: {'train_loss': 1.8936047244071963, 'train_time': 6.4118464673869315, 'qtty_records': 10}
[92mINFO [0m:      configure_evaluate: Sampled 10 nodes (out of 10)
[92mINFO [0m:      aggregate_evaluate: Received 10 results and 0 failures
[92mINFO [0m:      	└──> Aggregated MetricRecord: {'eval_loss': 1.8794030256569387, 'eval_acc': 0.32100000000000006, 'time': 485.2596836090088}
[92mINFO [0m:      
[92mINFO [0m:      [ROUND 36/100]
[92mINFO [0m:      configure_train: Sampled 10 nodes (out of 10)
[92mINFO [0m:      aggregate_train: Received 10 results and 0 failures
[92mINFO [0m:      	└──> Aggregated MetricRecord: {'train_loss': 1.896469747543335, 'train_time': 6.427540775574744, 'qtty_records': 10}
[92mINFO [0m:      configure_evaluate: Sampled 10 nodes (out of 10)
[92mINFO [0m:      aggregate_evaluate: Received 10 results and 0 failures
[92mINFO [0m:      	└──> Aggregated MetricRecord: {'eval_loss': 1.857563850283623, 'eval_acc': 0.3364, 'time': 498.42666268348694}
[92mINFO [0m:      
[92mINFO [0m:      [ROUND 37/100]
[92mINFO [0m:      configure_train: Sampled 10 nodes (out of 10)
[92mINFO [0m:      aggregate_train: Received 10 results and 0 failures
[92mINFO [0m:      	└──> Aggregated MetricRecord: {'train_loss': 1.8895830180168156, 'train_time': 6.428473707195371, 'qtty_records': 10}
[92mINFO [0m:      configure_evaluate: Sampled 10 nodes (out of 10)
[92mINFO [0m:      aggregate_evaluate: Received 10 results and 0 failures
[92mINFO [0m:      	└──> Aggregated MetricRecord: {'eval_loss': 1.8523868680000306, 'eval_acc': 0.3246, 'time': 511.5925483703613}
[92mINFO [0m:      
[92mINFO [0m:      [ROUND 38/100]
[92mINFO [0m:      configure_train: Sampled 10 nodes (out of 10)
[92mINFO [0m:      aggregate_train: Received 10 results and 0 failures
[92mINFO [0m:      	└──> Aggregated MetricRecord: {'train_loss': 1.8778482345581056, 'train_time': 6.429490603785962, 'qtty_records': 10}
[92mINFO [0m:      configure_evaluate: Sampled 10 nodes (out of 10)
[92mINFO [0m:      aggregate_evaluate: Received 10 results and 0 failures
[92mINFO [0m:      	└──> Aggregated MetricRecord: {'eval_loss': 1.8591685164719822, 'eval_acc': 0.32270000000000004, 'time': 524.6563818454742}
[92mINFO [0m:      
[92mINFO [0m:      [ROUND 39/100]
[92mINFO [0m:      configure_train: Sampled 10 nodes (out of 10)
[92mINFO [0m:      aggregate_train: Received 10 results and 0 failures
[92mINFO [0m:      	└──> Aggregated MetricRecord: {'train_loss': 1.8804533471107483, 'train_time': 6.405200644023717, 'qtty_records': 10}
[92mINFO [0m:      configure_evaluate: Sampled 10 nodes (out of 10)
[92mINFO [0m:      aggregate_evaluate: Received 10 results and 0 failures
[92mINFO [0m:      	└──> Aggregated MetricRecord: {'eval_loss': 1.8663565766066315, 'eval_acc': 0.328, 'time': 537.8241906166077}
[92mINFO [0m:      
[92mINFO [0m:      [ROUND 40/100]
[92mINFO [0m:      configure_train: Sampled 10 nodes (out of 10)
[92mINFO [0m:      aggregate_train: Received 10 results and 0 failures
[92mINFO [0m:      	└──> Aggregated MetricRecord: {'train_loss': 1.8787205226898194, 'train_time': 6.430122477188706, 'qtty_records': 10}
[92mINFO [0m:      configure_evaluate: Sampled 10 nodes (out of 10)
[92mINFO [0m:      aggregate_evaluate: Received 10 results and 0 failures
[92mINFO [0m:      	└──> Aggregated MetricRecord: {'eval_loss': 1.8558547072112563, 'eval_acc': 0.32270000000000004, 'time': 550.9845018386841}
[92mINFO [0m:      
[92mINFO [0m:      [ROUND 41/100]
[92mINFO [0m:      configure_train: Sampled 10 nodes (out of 10)
[92mINFO [0m:      aggregate_train: Received 10 results and 0 failures
[92mINFO [0m:      	└──> Aggregated MetricRecord: {'train_loss': 1.901061182785034, 'train_time': 6.416128525417298, 'qtty_records': 10}
[92mINFO [0m:      configure_evaluate: Sampled 10 nodes (out of 10)
[92mINFO [0m:      aggregate_evaluate: Received 10 results and 0 failures
[92mINFO [0m:      	└──> Aggregated MetricRecord: {'eval_loss': 1.857766097784043, 'eval_acc': 0.32400000000000007, 'time': 564.1472795009613}
[92mINFO [0m:      
[92mINFO [0m:      [ROUND 42/100]
[92mINFO [0m:      configure_train: Sampled 10 nodes (out of 10)
[92mINFO [0m:      aggregate_train: Received 10 results and 0 failures
[92mINFO [0m:      	└──> Aggregated MetricRecord: {'train_loss': 1.8728652998924256, 'train_time': 6.395984467491507, 'qtty_records': 10}
[92mINFO [0m:      configure_evaluate: Sampled 10 nodes (out of 10)
[92mINFO [0m:      aggregate_evaluate: Received 10 results and 0 failures
[92mINFO [0m:      	└──> Aggregated MetricRecord: {'eval_loss': 1.8594795174896717, 'eval_acc': 0.3316, 'time': 577.3123927116394}
[92mINFO [0m:      
[92mINFO [0m:      [ROUND 43/100]
[92mINFO [0m:      configure_train: Sampled 10 nodes (out of 10)
[92mINFO [0m:      aggregate_train: Received 10 results and 0 failures
[92mINFO [0m:      	└──> Aggregated MetricRecord: {'train_loss': 1.9012258259773258, 'train_time': 6.408417736366391, 'qtty_records': 10}
[92mINFO [0m:      configure_evaluate: Sampled 10 nodes (out of 10)
[92mINFO [0m:      aggregate_evaluate: Received 10 results and 0 failures
[92mINFO [0m:      	└──> Aggregated MetricRecord: {'eval_loss': 1.8523525577038527, 'eval_acc': 0.32999999999999996, 'time': 590.4853687286377}
[92mINFO [0m:      
[92mINFO [0m:      [ROUND 44/100]
[92mINFO [0m:      configure_train: Sampled 10 nodes (out of 10)
[92mINFO [0m:      aggregate_train: Received 10 results and 0 failures
[92mINFO [0m:      	└──> Aggregated MetricRecord: {'train_loss': 1.8821609673500062, 'train_time': 6.414538681227714, 'qtty_records': 10}
[92mINFO [0m:      configure_evaluate: Sampled 10 nodes (out of 10)
[92mINFO [0m:      aggregate_evaluate: Received 10 results and 0 failures
[92mINFO [0m:      	└──> Aggregated MetricRecord: {'eval_loss': 1.8378302924335004, 'eval_acc': 0.3301, 'time': 603.6496920585632}
[92mINFO [0m:      
[92mINFO [0m:      [ROUND 45/100]
[92mINFO [0m:      configure_train: Sampled 10 nodes (out of 10)
[92mINFO [0m:      aggregate_train: Received 10 results and 0 failures
[92mINFO [0m:      	└──> Aggregated MetricRecord: {'train_loss': 1.8977127075195312, 'train_time': 6.417641354165971, 'qtty_records': 10}
[92mINFO [0m:      configure_evaluate: Sampled 10 nodes (out of 10)
[92mINFO [0m:      aggregate_evaluate: Received 10 results and 0 failures
[92mINFO [0m:      	└──> Aggregated MetricRecord: {'eval_loss': 1.8506351042538884, 'eval_acc': 0.3318, 'time': 616.7148292064667}
[92mINFO [0m:      
[92mINFO [0m:      [ROUND 46/100]
[92mINFO [0m:      configure_train: Sampled 10 nodes (out of 10)
[92mINFO [0m:      aggregate_train: Received 10 results and 0 failures
[92mINFO [0m:      	└──> Aggregated MetricRecord: {'train_loss': 1.8771081983566287, 'train_time': 6.405639540310949, 'qtty_records': 10}
[92mINFO [0m:      configure_evaluate: Sampled 10 nodes (out of 10)
[92mINFO [0m:      aggregate_evaluate: Received 10 results and 0 failures
[92mINFO [0m:      	└──> Aggregated MetricRecord: {'eval_loss': 1.849107922241092, 'eval_acc': 0.3254, 'time': 629.8787508010864}
[92mINFO [0m:      
[92mINFO [0m:      [ROUND 47/100]
[92mINFO [0m:      configure_train: Sampled 10 nodes (out of 10)
[92mINFO [0m:      aggregate_train: Received 10 results and 0 failures
[92mINFO [0m:      	└──> Aggregated MetricRecord: {'train_loss': 1.8691306622505188, 'train_time': 6.401849459391087, 'qtty_records': 10}
[92mINFO [0m:      configure_evaluate: Sampled 10 nodes (out of 10)
[92mINFO [0m:      aggregate_evaluate: Received 10 results and 0 failures
[92mINFO [0m:      	└──> Aggregated MetricRecord: {'eval_loss': 1.8151560079306368, 'eval_acc': 0.3501000000000001, 'time': 642.9403357505798}
[92mINFO [0m:      
[92mINFO [0m:      [ROUND 48/100]
[92mINFO [0m:      configure_train: Sampled 10 nodes (out of 10)
[92mINFO [0m:      aggregate_train: Received 10 results and 0 failures
[92mINFO [0m:      	└──> Aggregated MetricRecord: {'train_loss': 1.9075427344322209, 'train_time': 6.38663149503991, 'qtty_records': 10}
[92mINFO [0m:      configure_evaluate: Sampled 10 nodes (out of 10)
[92mINFO [0m:      aggregate_evaluate: Received 10 results and 0 failures
[92mINFO [0m:      	└──> Aggregated MetricRecord: {'eval_loss': 1.8480626799166204, 'eval_acc': 0.3422, 'time': 656.1099967956543}
[92mINFO [0m:      
[92mINFO [0m:      [ROUND 49/100]
[92mINFO [0m:      configure_train: Sampled 10 nodes (out of 10)
[92mINFO [0m:      aggregate_train: Received 10 results and 0 failures
[92mINFO [0m:      	└──> Aggregated MetricRecord: {'train_loss': 1.8600958435058594, 'train_time': 6.410829967912287, 'qtty_records': 10}
[92mINFO [0m:      configure_evaluate: Sampled 10 nodes (out of 10)
[92mINFO [0m:      aggregate_evaluate: Received 10 results and 0 failures
[92mINFO [0m:      	└──> Aggregated MetricRecord: {'eval_loss': 1.8015361215919257, 'eval_acc': 0.35380000000000006, 'time': 669.2750036716461}
[92mINFO [0m:      
[92mINFO [0m:      [ROUND 50/100]
[92mINFO [0m:      configure_train: Sampled 10 nodes (out of 10)
[92mINFO [0m:      aggregate_train: Received 10 results and 0 failures
[92mINFO [0m:      	└──> Aggregated MetricRecord: {'train_loss': 1.8762826333999636, 'train_time': 6.432048030570149, 'qtty_records': 10}
[92mINFO [0m:      configure_evaluate: Sampled 10 nodes (out of 10)
[92mINFO [0m:      aggregate_evaluate: Received 10 results and 0 failures
[92mINFO [0m:      	└──> Aggregated MetricRecord: {'eval_loss': 1.8085334829986097, 'eval_acc': 0.35400000000000004, 'time': 682.338915348053}
[92mINFO [0m:      
[92mINFO [0m:      [ROUND 51/100]
[92mINFO [0m:      configure_train: Sampled 10 nodes (out of 10)
[92mINFO [0m:      aggregate_train: Received 10 results and 0 failures
[92mINFO [0m:      	└──> Aggregated MetricRecord: {'train_loss': 1.9081562843322757, 'train_time': 6.388036525249481, 'qtty_records': 10}
[92mINFO [0m:      configure_evaluate: Sampled 10 nodes (out of 10)
[92mINFO [0m:      aggregate_evaluate: Received 10 results and 0 failures
[92mINFO [0m:      	└──> Aggregated MetricRecord: {'eval_loss': 1.8812573049217463, 'eval_acc': 0.308, 'time': 695.5043661594391}
[92mINFO [0m:      
[92mINFO [0m:      [ROUND 52/100]
[92mINFO [0m:      configure_train: Sampled 10 nodes (out of 10)
[92mINFO [0m:      aggregate_train: Received 10 results and 0 failures
[92mINFO [0m:      	└──> Aggregated MetricRecord: {'train_loss': 1.8704347467422486, 'train_time': 6.421242833416909, 'qtty_records': 10}
[92mINFO [0m:      configure_evaluate: Sampled 10 nodes (out of 10)
[92mINFO [0m:      aggregate_evaluate: Received 10 results and 0 failures
[92mINFO [0m:      	└──> Aggregated MetricRecord: {'eval_loss': 1.8459983333945278, 'eval_acc': 0.33109999999999995, 'time': 708.6690061092377}
[92mINFO [0m:      
[92mINFO [0m:      [ROUND 53/100]
[92mINFO [0m:      configure_train: Sampled 10 nodes (out of 10)
[92mINFO [0m:      aggregate_train: Received 10 results and 0 failures
[92mINFO [0m:      	└──> Aggregated MetricRecord: {'train_loss': 1.8889640664100646, 'train_time': 6.4008805529214445, 'qtty_records': 10}
[92mINFO [0m:      configure_evaluate: Sampled 10 nodes (out of 10)
[92mINFO [0m:      aggregate_evaluate: Received 10 results and 0 failures
[92mINFO [0m:      	└──> Aggregated MetricRecord: {'eval_loss': 1.846758844703436, 'eval_acc': 0.3473, 'time': 721.8364748954773}
[92mINFO [0m:      
[92mINFO [0m:      [ROUND 54/100]
[92mINFO [0m:      configure_train: Sampled 10 nodes (out of 10)
[92mINFO [0m:      aggregate_train: Received 10 results and 0 failures
[92mINFO [0m:      	└──> Aggregated MetricRecord: {'train_loss': 1.8746388569831847, 'train_time': 6.40714070899412, 'qtty_records': 10}
[92mINFO [0m:      configure_evaluate: Sampled 10 nodes (out of 10)
[92mINFO [0m:      aggregate_evaluate: Received 10 results and 0 failures
[92mINFO [0m:      	└──> Aggregated MetricRecord: {'eval_loss': 1.802429061755538, 'eval_acc': 0.35250000000000004, 'time': 734.8998339176178}
[92mINFO [0m:      
[92mINFO [0m:      [ROUND 55/100]
[92mINFO [0m:      configure_train: Sampled 10 nodes (out of 10)
[92mINFO [0m:      aggregate_train: Received 10 results and 0 failures
[92mINFO [0m:      	└──> Aggregated MetricRecord: {'train_loss': 1.862355490112305, 'train_time': 6.409069029986858, 'qtty_records': 10}
[92mINFO [0m:      configure_evaluate: Sampled 10 nodes (out of 10)
[92mINFO [0m:      aggregate_evaluate: Received 10 results and 0 failures
[92mINFO [0m:      	└──> Aggregated MetricRecord: {'eval_loss': 1.8467268660664558, 'eval_acc': 0.33190000000000003, 'time': 748.0661263465881}
[92mINFO [0m:      
[92mINFO [0m:      [ROUND 56/100]
[92mINFO [0m:      configure_train: Sampled 10 nodes (out of 10)
[92mINFO [0m:      aggregate_train: Received 10 results and 0 failures
[92mINFO [0m:      	└──> Aggregated MetricRecord: {'train_loss': 1.8603531710624694, 'train_time': 6.427809763792903, 'qtty_records': 10}
[92mINFO [0m:      configure_evaluate: Sampled 10 nodes (out of 10)
[92mINFO [0m:      aggregate_evaluate: Received 10 results and 0 failures
[92mINFO [0m:      	└──> Aggregated MetricRecord: {'eval_loss': 1.8021909680217507, 'eval_acc': 0.3387, 'time': 761.2262706756592}
[92mINFO [0m:      
[92mINFO [0m:      [ROUND 57/100]
[92mINFO [0m:      configure_train: Sampled 10 nodes (out of 10)
[92mINFO [0m:      aggregate_train: Received 10 results and 0 failures
[92mINFO [0m:      	└──> Aggregated MetricRecord: {'train_loss': 1.8552562436103825, 'train_time': 6.426522384956479, 'qtty_records': 10}
[92mINFO [0m:      configure_evaluate: Sampled 10 nodes (out of 10)
[92mINFO [0m:      aggregate_evaluate: Received 10 results and 0 failures
[92mINFO [0m:      	└──> Aggregated MetricRecord: {'eval_loss': 1.8030379418283702, 'eval_acc': 0.3511, 'time': 774.2877504825592}
[92mINFO [0m:      
[92mINFO [0m:      [ROUND 58/100]
[92mINFO [0m:      configure_train: Sampled 10 nodes (out of 10)
[92mINFO [0m:      aggregate_train: Received 10 results and 0 failures
[92mINFO [0m:      	└──> Aggregated MetricRecord: {'train_loss': 1.8581326421737674, 'train_time': 6.398723760712892, 'qtty_records': 10}
[92mINFO [0m:      configure_evaluate: Sampled 10 nodes (out of 10)
[92mINFO [0m:      aggregate_evaluate: Received 10 results and 0 failures
[92mINFO [0m:      	└──> Aggregated MetricRecord: {'eval_loss': 1.8108607705682518, 'eval_acc': 0.3447, 'time': 787.4515221118927}
[92mINFO [0m:      
[92mINFO [0m:      [ROUND 59/100]
[92mINFO [0m:      configure_train: Sampled 10 nodes (out of 10)
[92mINFO [0m:      aggregate_train: Received 10 results and 0 failures
[92mINFO [0m:      	└──> Aggregated MetricRecord: {'train_loss': 1.872215763759613, 'train_time': 6.436210751533508, 'qtty_records': 10}
[92mINFO [0m:      configure_evaluate: Sampled 10 nodes (out of 10)
[92mINFO [0m:      aggregate_evaluate: Received 10 results and 0 failures
[92mINFO [0m:      	└──> Aggregated MetricRecord: {'eval_loss': 1.8543263964354992, 'eval_acc': 0.33430000000000004, 'time': 800.5146808624268}
[92mINFO [0m:      
[92mINFO [0m:      [ROUND 60/100]
[92mINFO [0m:      configure_train: Sampled 10 nodes (out of 10)
[92mINFO [0m:      aggregate_train: Received 10 results and 0 failures
[92mINFO [0m:      	└──> Aggregated MetricRecord: {'train_loss': 1.8578999358177186, 'train_time': 6.391723322682083, 'qtty_records': 10}
[92mINFO [0m:      configure_evaluate: Sampled 10 nodes (out of 10)
[92mINFO [0m:      aggregate_evaluate: Received 10 results and 0 failures
[92mINFO [0m:      	└──> Aggregated MetricRecord: {'eval_loss': 1.7804640859365464, 'eval_acc': 0.3640999999999999, 'time': 813.6837630271912}
[92mINFO [0m:      
[92mINFO [0m:      [ROUND 61/100]
[92mINFO [0m:      configure_train: Sampled 10 nodes (out of 10)
[92mINFO [0m:      aggregate_train: Received 10 results and 0 failures
[92mINFO [0m:      	└──> Aggregated MetricRecord: {'train_loss': 1.8420729583740236, 'train_time': 6.433616846147925, 'qtty_records': 10}
[92mINFO [0m:      configure_evaluate: Sampled 10 nodes (out of 10)
[92mINFO [0m:      aggregate_evaluate: Received 10 results and 0 failures
[92mINFO [0m:      	└──> Aggregated MetricRecord: {'eval_loss': 1.844403587281704, 'eval_acc': 0.3266, 'time': 826.7455656528473}
[92mINFO [0m:      
[92mINFO [0m:      [ROUND 62/100]
[92mINFO [0m:      configure_train: Sampled 10 nodes (out of 10)
[92mINFO [0m:      aggregate_train: Received 10 results and 0 failures
[92mINFO [0m:      	└──> Aggregated MetricRecord: {'train_loss': 1.8713035313606263, 'train_time': 6.409479413274676, 'qtty_records': 10}
[92mINFO [0m:      configure_evaluate: Sampled 10 nodes (out of 10)
[92mINFO [0m:      aggregate_evaluate: Received 10 results and 0 failures
[92mINFO [0m:      	└──> Aggregated MetricRecord: {'eval_loss': 1.8456953052431346, 'eval_acc': 0.34520000000000006, 'time': 839.9194984436035}
[92mINFO [0m:      
[92mINFO [0m:      [ROUND 63/100]
[92mINFO [0m:      configure_train: Sampled 10 nodes (out of 10)
[92mINFO [0m:      aggregate_train: Received 10 results and 0 failures
[92mINFO [0m:      	└──> Aggregated MetricRecord: {'train_loss': 1.8727327619552612, 'train_time': 6.4407506508752705, 'qtty_records': 10}
[92mINFO [0m:      configure_evaluate: Sampled 10 nodes (out of 10)
[92mINFO [0m:      aggregate_evaluate: Received 10 results and 0 failures
[92mINFO [0m:      	└──> Aggregated MetricRecord: {'eval_loss': 1.8131267048418522, 'eval_acc': 0.34900000000000003, 'time': 853.0817358493805}
[92mINFO [0m:      
[92mINFO [0m:      [ROUND 64/100]
[92mINFO [0m:      configure_train: Sampled 10 nodes (out of 10)
[92mINFO [0m:      aggregate_train: Received 10 results and 0 failures
[92mINFO [0m:      	└──> Aggregated MetricRecord: {'train_loss': 1.8653232337951662, 'train_time': 6.403590017836541, 'qtty_records': 10}
[92mINFO [0m:      configure_evaluate: Sampled 10 nodes (out of 10)
[92mINFO [0m:      aggregate_evaluate: Received 10 results and 0 failures
[92mINFO [0m:      	└──> Aggregated MetricRecord: {'eval_loss': 1.8484338834881786, 'eval_acc': 0.3423, 'time': 866.2622718811035}
[92mINFO [0m:      
[92mINFO [0m:      [ROUND 65/100]
[92mINFO [0m:      configure_train: Sampled 10 nodes (out of 10)
[92mINFO [0m:      aggregate_train: Received 10 results and 0 failures
[92mINFO [0m:      	└──> Aggregated MetricRecord: {'train_loss': 1.844900526046753, 'train_time': 6.437121627293527, 'qtty_records': 10}
[92mINFO [0m:      configure_evaluate: Sampled 10 nodes (out of 10)
[92mINFO [0m:      aggregate_evaluate: Received 10 results and 0 failures
[92mINFO [0m:      	└──> Aggregated MetricRecord: {'eval_loss': 1.8317676488310102, 'eval_acc': 0.33039999999999997, 'time': 879.426616191864}
[92mINFO [0m:      
[92mINFO [0m:      [ROUND 66/100]
[92mINFO [0m:      configure_train: Sampled 10 nodes (out of 10)
[92mINFO [0m:      aggregate_train: Received 10 results and 0 failures
[92mINFO [0m:      	└──> Aggregated MetricRecord: {'train_loss': 1.8501810246467592, 'train_time': 6.421437860373407, 'qtty_records': 10}
[92mINFO [0m:      configure_evaluate: Sampled 10 nodes (out of 10)
[92mINFO [0m:      aggregate_evaluate: Received 10 results and 0 failures
[92mINFO [0m:      	└──> Aggregated MetricRecord: {'eval_loss': 1.7863157290965321, 'eval_acc': 0.36950000000000005, 'time': 892.493143081665}
[92mINFO [0m:      
[92mINFO [0m:      [ROUND 67/100]
[92mINFO [0m:      configure_train: Sampled 10 nodes (out of 10)
[92mINFO [0m:      aggregate_train: Received 10 results and 0 failures
[92mINFO [0m:      	└──> Aggregated MetricRecord: {'train_loss': 1.861630747699738, 'train_time': 6.386904657725244, 'qtty_records': 10}
[92mINFO [0m:      configure_evaluate: Sampled 10 nodes (out of 10)
[92mINFO [0m:      aggregate_evaluate: Received 10 results and 0 failures
[92mINFO [0m:      	└──> Aggregated MetricRecord: {'eval_loss': 1.8374625820666552, 'eval_acc': 0.3463, 'time': 905.6569862365723}
[92mINFO [0m:      
[92mINFO [0m:      [ROUND 68/100]
[92mINFO [0m:      configure_train: Sampled 10 nodes (out of 10)
[92mINFO [0m:      aggregate_train: Received 10 results and 0 failures
[92mINFO [0m:      	└──> Aggregated MetricRecord: {'train_loss': 1.8640318514823913, 'train_time': 6.416105834953487, 'qtty_records': 10}
[92mINFO [0m:      configure_evaluate: Sampled 10 nodes (out of 10)
[92mINFO [0m:      aggregate_evaluate: Received 10 results and 0 failures
[92mINFO [0m:      	└──> Aggregated MetricRecord: {'eval_loss': 1.8233328908681874, 'eval_acc': 0.34650000000000003, 'time': 918.8209776878357}
[92mINFO [0m:      
[92mINFO [0m:      [ROUND 69/100]
[92mINFO [0m:      configure_train: Sampled 10 nodes (out of 10)
[92mINFO [0m:      aggregate_train: Received 10 results and 0 failures
[92mINFO [0m:      	└──> Aggregated MetricRecord: {'train_loss': 1.8441407992362975, 'train_time': 6.416190542373807, 'qtty_records': 10}
[92mINFO [0m:      configure_evaluate: Sampled 10 nodes (out of 10)
[92mINFO [0m:      aggregate_evaluate: Received 10 results and 0 failures
[92mINFO [0m:      	└──> Aggregated MetricRecord: {'eval_loss': 1.8214984528720382, 'eval_acc': 0.3376, 'time': 931.9922156333923}
[92mINFO [0m:      
[92mINFO [0m:      [ROUND 70/100]
[92mINFO [0m:      configure_train: Sampled 10 nodes (out of 10)
[92mINFO [0m:      aggregate_train: Received 10 results and 0 failures
[92mINFO [0m:      	└──> Aggregated MetricRecord: {'train_loss': 1.8482805469512944, 'train_time': 6.4081875521689655, 'qtty_records': 10}
[92mINFO [0m:      configure_evaluate: Sampled 10 nodes (out of 10)
[92mINFO [0m:      aggregate_evaluate: Received 10 results and 0 failures
[92mINFO [0m:      	└──> Aggregated MetricRecord: {'eval_loss': 1.811220258101821, 'eval_acc': 0.35939999999999994, 'time': 945.0551447868347}
[92mINFO [0m:      
[92mINFO [0m:      [ROUND 71/100]
[92mINFO [0m:      configure_train: Sampled 10 nodes (out of 10)
[92mINFO [0m:      aggregate_train: Received 10 results and 0 failures
[92mINFO [0m:      	└──> Aggregated MetricRecord: {'train_loss': 1.8687079029083253, 'train_time': 6.412654077261687, 'qtty_records': 10}
[92mINFO [0m:      configure_evaluate: Sampled 10 nodes (out of 10)
[92mINFO [0m:      aggregate_evaluate: Received 10 results and 0 failures
[92mINFO [0m:      	└──> Aggregated MetricRecord: {'eval_loss': 1.8092950236052276, 'eval_acc': 0.3466, 'time': 958.2238023281097}
[92mINFO [0m:      
[92mINFO [0m:      [ROUND 72/100]
[92mINFO [0m:      configure_train: Sampled 10 nodes (out of 10)
[92mINFO [0m:      aggregate_train: Received 10 results and 0 failures
[92mINFO [0m:      	└──> Aggregated MetricRecord: {'train_loss': 1.8774130338668824, 'train_time': 6.412302183080465, 'qtty_records': 10}
[92mINFO [0m:      configure_evaluate: Sampled 10 nodes (out of 10)
[92mINFO [0m:      aggregate_evaluate: Received 10 results and 0 failures
[92mINFO [0m:      	└──> Aggregated MetricRecord: {'eval_loss': 1.8529956277459863, 'eval_acc': 0.3406, 'time': 971.3872060775757}
[92mINFO [0m:      
[92mINFO [0m:      [ROUND 73/100]
[92mINFO [0m:      configure_train: Sampled 10 nodes (out of 10)
[92mINFO [0m:      aggregate_train: Received 10 results and 0 failures
[92mINFO [0m:      	└──> Aggregated MetricRecord: {'train_loss': 1.8596114683151248, 'train_time': 6.431651191785932, 'qtty_records': 10}
[92mINFO [0m:      configure_evaluate: Sampled 10 nodes (out of 10)
[92mINFO [0m:      aggregate_evaluate: Received 10 results and 0 failures
[92mINFO [0m:      	└──> Aggregated MetricRecord: {'eval_loss': 1.8651831392198803, 'eval_acc': 0.3296, 'time': 984.5660667419434}
[92mINFO [0m:      
[92mINFO [0m:      [ROUND 74/100]
[92mINFO [0m:      configure_train: Sampled 10 nodes (out of 10)
[92mINFO [0m:      aggregate_train: Received 10 results and 0 failures
[92mINFO [0m:      	└──> Aggregated MetricRecord: {'train_loss': 1.9001124778747558, 'train_time': 6.418941665161401, 'qtty_records': 10}
[92mINFO [0m:      configure_evaluate: Sampled 10 nodes (out of 10)
[92mINFO [0m:      aggregate_evaluate: Received 10 results and 0 failures
[92mINFO [0m:      	└──> Aggregated MetricRecord: {'eval_loss': 1.8402879953384403, 'eval_acc': 0.3577, 'time': 997.7293384075165}
[92mINFO [0m:      
[92mINFO [0m:      [ROUND 75/100]
[92mINFO [0m:      configure_train: Sampled 10 nodes (out of 10)
[92mINFO [0m:      aggregate_train: Received 10 results and 0 failures
[92mINFO [0m:      	└──> Aggregated MetricRecord: {'train_loss': 1.854075985145569, 'train_time': 6.424753362499177, 'qtty_records': 10}
[92mINFO [0m:      configure_evaluate: Sampled 10 nodes (out of 10)
[92mINFO [0m:      aggregate_evaluate: Received 10 results and 0 failures
[92mINFO [0m:      	└──> Aggregated MetricRecord: {'eval_loss': 1.8027731873095036, 'eval_acc': 0.3429, 'time': 1010.7939083576202}
[92mINFO [0m:      
[92mINFO [0m:      [ROUND 76/100]
[92mINFO [0m:      configure_train: Sampled 10 nodes (out of 10)
[92mINFO [0m:      aggregate_train: Received 10 results and 0 failures
[92mINFO [0m:      	└──> Aggregated MetricRecord: {'train_loss': 1.8596067334175115, 'train_time': 6.395204245578498, 'qtty_records': 10}
[92mINFO [0m:      configure_evaluate: Sampled 10 nodes (out of 10)
[92mINFO [0m:      aggregate_evaluate: Received 10 results and 0 failures
[92mINFO [0m:      	└──> Aggregated MetricRecord: {'eval_loss': 1.8172489419579505, 'eval_acc': 0.3458, 'time': 1023.9563961029053}
[92mINFO [0m:      
[92mINFO [0m:      [ROUND 77/100]
[92mINFO [0m:      configure_train: Sampled 10 nodes (out of 10)
[92mINFO [0m:      aggregate_train: Received 10 results and 0 failures
[92mINFO [0m:      	└──> Aggregated MetricRecord: {'train_loss': 1.8318079805374148, 'train_time': 6.41498548630625, 'qtty_records': 10}
[92mINFO [0m:      configure_evaluate: Sampled 10 nodes (out of 10)
[92mINFO [0m:      aggregate_evaluate: Received 10 results and 0 failures
[92mINFO [0m:      	└──> Aggregated MetricRecord: {'eval_loss': 1.80043111294508, 'eval_acc': 0.3624, 'time': 1037.0207035541534}
[92mINFO [0m:      
[92mINFO [0m:      [ROUND 78/100]
[92mINFO [0m:      configure_train: Sampled 10 nodes (out of 10)
[92mINFO [0m:      aggregate_train: Received 10 results and 0 failures
[92mINFO [0m:      	└──> Aggregated MetricRecord: {'train_loss': 1.8641777916908264, 'train_time': 6.40655638128519, 'qtty_records': 10}
[92mINFO [0m:      configure_evaluate: Sampled 10 nodes (out of 10)
[92mINFO [0m:      aggregate_evaluate: Received 10 results and 0 failures
[92mINFO [0m:      	└──> Aggregated MetricRecord: {'eval_loss': 1.8383397426456214, 'eval_acc': 0.3431, 'time': 1050.1890361309052}
[92mINFO [0m:      
[92mINFO [0m:      [ROUND 79/100]
[92mINFO [0m:      configure_train: Sampled 10 nodes (out of 10)
[92mINFO [0m:      aggregate_train: Received 10 results and 0 failures
[92mINFO [0m:      	└──> Aggregated MetricRecord: {'train_loss': 1.8517019717216492, 'train_time': 6.407909491099417, 'qtty_records': 10}
[92mINFO [0m:      configure_evaluate: Sampled 10 nodes (out of 10)
[92mINFO [0m:      aggregate_evaluate: Received 10 results and 0 failures
[92mINFO [0m:      	└──> Aggregated MetricRecord: {'eval_loss': 1.8144673749804499, 'eval_acc': 0.3563, 'time': 1063.3530690670013}
[92mINFO [0m:      
[92mINFO [0m:      [ROUND 80/100]
[92mINFO [0m:      configure_train: Sampled 10 nodes (out of 10)
[92mINFO [0m:      aggregate_train: Received 10 results and 0 failures
[92mINFO [0m:      	└──> Aggregated MetricRecord: {'train_loss': 1.8602357048988343, 'train_time': 6.414274376630783, 'qtty_records': 10}
[92mINFO [0m:      configure_evaluate: Sampled 10 nodes (out of 10)
[92mINFO [0m:      aggregate_evaluate: Received 10 results and 0 failures
[92mINFO [0m:      	└──> Aggregated MetricRecord: {'eval_loss': 1.8627406977117065, 'eval_acc': 0.3323, 'time': 1076.5201601982117}
[92mINFO [0m:      
[92mINFO [0m:      [ROUND 81/100]
[92mINFO [0m:      configure_train: Sampled 10 nodes (out of 10)
[92mINFO [0m:      aggregate_train: Received 10 results and 0 failures
[92mINFO [0m:      	└──> Aggregated MetricRecord: {'train_loss': 1.8541209067344668, 'train_time': 6.431102106068283, 'qtty_records': 10}
[92mINFO [0m:      configure_evaluate: Sampled 10 nodes (out of 10)
[92mINFO [0m:      aggregate_evaluate: Received 10 results and 0 failures
[92mINFO [0m:      	└──> Aggregated MetricRecord: {'eval_loss': 1.7989234007894994, 'eval_acc': 0.3662, 'time': 1089.5841796398163}
[92mINFO [0m:      
[92mINFO [0m:      [ROUND 82/100]
[92mINFO [0m:      configure_train: Sampled 10 nodes (out of 10)
[92mINFO [0m:      aggregate_train: Received 10 results and 0 failures
[92mINFO [0m:      	└──> Aggregated MetricRecord: {'train_loss': 1.8578071627616886, 'train_time': 6.3994845358654855, 'qtty_records': 10}
[92mINFO [0m:      configure_evaluate: Sampled 10 nodes (out of 10)
[92mINFO [0m:      aggregate_evaluate: Received 10 results and 0 failures
[92mINFO [0m:      	└──> Aggregated MetricRecord: {'eval_loss': 1.8491447530686855, 'eval_acc': 0.33970000000000006, 'time': 1102.6471438407898}
[92mINFO [0m:      
[92mINFO [0m:      [ROUND 83/100]
[92mINFO [0m:      configure_train: Sampled 10 nodes (out of 10)
[92mINFO [0m:      aggregate_train: Received 10 results and 0 failures
[92mINFO [0m:      	└──> Aggregated MetricRecord: {'train_loss': 1.8927469004631043, 'train_time': 6.378802394028753, 'qtty_records': 10}
[92mINFO [0m:      configure_evaluate: Sampled 10 nodes (out of 10)
[92mINFO [0m:      aggregate_evaluate: Received 10 results and 0 failures
[92mINFO [0m:      	└──> Aggregated MetricRecord: {'eval_loss': 1.8517918102443218, 'eval_acc': 0.35119999999999996, 'time': 1115.815405368805}
[92mINFO [0m:      
[92mINFO [0m:      [ROUND 84/100]
[92mINFO [0m:      configure_train: Sampled 10 nodes (out of 10)
[92mINFO [0m:      aggregate_train: Received 10 results and 0 failures
[92mINFO [0m:      	└──> Aggregated MetricRecord: {'train_loss': 1.8404433564186096, 'train_time': 6.424559687729925, 'qtty_records': 10}
[92mINFO [0m:      configure_evaluate: Sampled 10 nodes (out of 10)
[92mINFO [0m:      aggregate_evaluate: Received 10 results and 0 failures
[92mINFO [0m:      	└──> Aggregated MetricRecord: {'eval_loss': 1.8162044614553452, 'eval_acc': 0.3546, 'time': 1128.8791239261627}
[92mINFO [0m:      
[92mINFO [0m:      [ROUND 85/100]
[92mINFO [0m:      configure_train: Sampled 10 nodes (out of 10)
[92mINFO [0m:      aggregate_train: Received 10 results and 0 failures
[92mINFO [0m:      	└──> Aggregated MetricRecord: {'train_loss': 1.8422320010185242, 'train_time': 6.3989735706709325, 'qtty_records': 10}
[92mINFO [0m:      configure_evaluate: Sampled 10 nodes (out of 10)
[92mINFO [0m:      aggregate_evaluate: Received 10 results and 0 failures
[92mINFO [0m:      	└──> Aggregated MetricRecord: {'eval_loss': 1.7918525118380786, 'eval_acc': 0.3577, 'time': 1142.0456771850586}
[92mINFO [0m:      
[92mINFO [0m:      [ROUND 86/100]
[92mINFO [0m:      configure_train: Sampled 10 nodes (out of 10)
[92mINFO [0m:      aggregate_train: Received 10 results and 0 failures
[92mINFO [0m:      	└──> Aggregated MetricRecord: {'train_loss': 1.8768287796020506, 'train_time': 6.428980375267566, 'qtty_records': 10}
[92mINFO [0m:      configure_evaluate: Sampled 10 nodes (out of 10)
[92mINFO [0m:      aggregate_evaluate: Received 10 results and 0 failures
[92mINFO [0m:      	└──> Aggregated MetricRecord: {'eval_loss': 1.8461838904768229, 'eval_acc': 0.348, 'time': 1155.1079304218292}
[92mINFO [0m:      
[92mINFO [0m:      [ROUND 87/100]
[92mINFO [0m:      configure_train: Sampled 10 nodes (out of 10)
[92mINFO [0m:      aggregate_train: Received 10 results and 0 failures
[92mINFO [0m:      	└──> Aggregated MetricRecord: {'train_loss': 1.8855060082435608, 'train_time': 6.393065489456058, 'qtty_records': 10}
[92mINFO [0m:      configure_evaluate: Sampled 10 nodes (out of 10)
[92mINFO [0m:      aggregate_evaluate: Received 10 results and 0 failures
[92mINFO [0m:      	└──> Aggregated MetricRecord: {'eval_loss': 1.8246621906757357, 'eval_acc': 0.3526, 'time': 1168.2855491638184}
[92mINFO [0m:      
[92mINFO [0m:      [ROUND 88/100]
[92mINFO [0m:      configure_train: Sampled 10 nodes (out of 10)
[92mINFO [0m:      aggregate_train: Received 10 results and 0 failures
[92mINFO [0m:      	└──> Aggregated MetricRecord: {'train_loss': 1.868438643074036, 'train_time': 6.427875299938023, 'qtty_records': 10}
[92mINFO [0m:      configure_evaluate: Sampled 10 nodes (out of 10)
[92mINFO [0m:      aggregate_evaluate: Received 10 results and 0 failures
[92mINFO [0m:      	└──> Aggregated MetricRecord: {'eval_loss': 1.8232165984809399, 'eval_acc': 0.35780000000000006, 'time': 1181.5540816783905}
[92mINFO [0m:      
[92mINFO [0m:      [ROUND 89/100]
[92mINFO [0m:      configure_train: Sampled 10 nodes (out of 10)
[92mINFO [0m:      aggregate_train: Received 10 results and 0 failures
[92mINFO [0m:      	└──> Aggregated MetricRecord: {'train_loss': 1.858655832576752, 'train_time': 6.42113064546138, 'qtty_records': 10}
[92mINFO [0m:      configure_evaluate: Sampled 10 nodes (out of 10)
[92mINFO [0m:      aggregate_evaluate: Received 10 results and 0 failures
[92mINFO [0m:      	└──> Aggregated MetricRecord: {'eval_loss': 1.8382907990366222, 'eval_acc': 0.3498, 'time': 1194.718543767929}
[92mINFO [0m:      
[92mINFO [0m:      [ROUND 90/100]
[92mINFO [0m:      configure_train: Sampled 10 nodes (out of 10)
[92mINFO [0m:      aggregate_train: Received 10 results and 0 failures
[92mINFO [0m:      	└──> Aggregated MetricRecord: {'train_loss': 1.8498056542396546, 'train_time': 6.395925414934754, 'qtty_records': 10}
[92mINFO [0m:      configure_evaluate: Sampled 10 nodes (out of 10)
[92mINFO [0m:      aggregate_evaluate: Received 10 results and 0 failures
[92mINFO [0m:      	└──> Aggregated MetricRecord: {'eval_loss': 1.818917052075267, 'eval_acc': 0.35539999999999994, 'time': 1207.8901433944702}
[92mINFO [0m:      
[92mINFO [0m:      [ROUND 91/100]
[92mINFO [0m:      configure_train: Sampled 10 nodes (out of 10)
[92mINFO [0m:      aggregate_train: Received 10 results and 0 failures
[92mINFO [0m:      	└──> Aggregated MetricRecord: {'train_loss': 1.8452530425071718, 'train_time': 6.3874244744889435, 'qtty_records': 10}
[92mINFO [0m:      configure_evaluate: Sampled 10 nodes (out of 10)
[92mINFO [0m:      aggregate_evaluate: Received 10 results and 0 failures
[92mINFO [0m:      	└──> Aggregated MetricRecord: {'eval_loss': 1.8227196969091892, 'eval_acc': 0.3441, 'time': 1221.0297157764435}
[92mINFO [0m:      
[92mINFO [0m:      [ROUND 92/100]
[92mINFO [0m:      configure_train: Sampled 10 nodes (out of 10)
[92mINFO [0m:      aggregate_train: Received 10 results and 0 failures
[92mINFO [0m:      	└──> Aggregated MetricRecord: {'train_loss': 1.8580271829605104, 'train_time': 6.422586430795491, 'qtty_records': 10}
[92mINFO [0m:      configure_evaluate: Sampled 10 nodes (out of 10)
[92mINFO [0m:      aggregate_evaluate: Received 10 results and 0 failures
[92mINFO [0m:      	└──> Aggregated MetricRecord: {'eval_loss': 1.8319054763764144, 'eval_acc': 0.34190000000000004, 'time': 1234.0938591957092}
[92mINFO [0m:      
[92mINFO [0m:      [ROUND 93/100]
[92mINFO [0m:      configure_train: Sampled 10 nodes (out of 10)
[92mINFO [0m:      aggregate_train: Received 10 results and 0 failures
[92mINFO [0m:      	└──> Aggregated MetricRecord: {'train_loss': 1.8484058171272277, 'train_time': 6.388392988685519, 'qtty_records': 10}
[92mINFO [0m:      configure_evaluate: Sampled 10 nodes (out of 10)
[92mINFO [0m:      aggregate_evaluate: Received 10 results and 0 failures
[92mINFO [0m:      	└──> Aggregated MetricRecord: {'eval_loss': 1.8072174496948719, 'eval_acc': 0.3661, 'time': 1247.2624907493591}
[92mINFO [0m:      
[92mINFO [0m:      [ROUND 94/100]
[92mINFO [0m:      configure_train: Sampled 10 nodes (out of 10)
[92mINFO [0m:      aggregate_train: Received 10 results and 0 failures
[92mINFO [0m:      	└──> Aggregated MetricRecord: {'train_loss': 1.850247441005707, 'train_time': 6.406761429365725, 'qtty_records': 10}
[92mINFO [0m:      configure_evaluate: Sampled 10 nodes (out of 10)
[92mINFO [0m:      aggregate_evaluate: Received 10 results and 0 failures
[92mINFO [0m:      	└──> Aggregated MetricRecord: {'eval_loss': 1.8065839517861608, 'eval_acc': 0.34690000000000004, 'time': 1260.4268877506256}
[92mINFO [0m:      
[92mINFO [0m:      [ROUND 95/100]
[92mINFO [0m:      configure_train: Sampled 10 nodes (out of 10)
[92mINFO [0m:      aggregate_train: Received 10 results and 0 failures
[92mINFO [0m:      	└──> Aggregated MetricRecord: {'train_loss': 1.856068749046326, 'train_time': 6.4063473150134085, 'qtty_records': 10}
[92mINFO [0m:      configure_evaluate: Sampled 10 nodes (out of 10)
[92mINFO [0m:      aggregate_evaluate: Received 10 results and 0 failures
[92mINFO [0m:      	└──> Aggregated MetricRecord: {'eval_loss': 1.8277758546173575, 'eval_acc': 0.3546, 'time': 1273.5998132228851}
[92mINFO [0m:      
[92mINFO [0m:      [ROUND 96/100]
[92mINFO [0m:      configure_train: Sampled 10 nodes (out of 10)
[92mINFO [0m:      aggregate_train: Received 10 results and 0 failures
[92mINFO [0m:      	└──> Aggregated MetricRecord: {'train_loss': 1.8668751483917236, 'train_time': 6.4274932336993515, 'qtty_records': 10}
[92mINFO [0m:      configure_evaluate: Sampled 10 nodes (out of 10)
[92mINFO [0m:      aggregate_evaluate: Received 10 results and 0 failures
[92mINFO [0m:      	└──> Aggregated MetricRecord: {'eval_loss': 1.8459244474768641, 'eval_acc': 0.34349999999999997, 'time': 1286.7692847251892}
[92mINFO [0m:      
[92mINFO [0m:      [ROUND 97/100]
[92mINFO [0m:      configure_train: Sampled 10 nodes (out of 10)
[92mINFO [0m:      aggregate_train: Received 10 results and 0 failures
[92mINFO [0m:      	└──> Aggregated MetricRecord: {'train_loss': 1.8342803150177003, 'train_time': 6.401171451155096, 'qtty_records': 10}
[92mINFO [0m:      configure_evaluate: Sampled 10 nodes (out of 10)
[92mINFO [0m:      aggregate_evaluate: Received 10 results and 0 failures
[92mINFO [0m:      	└──> Aggregated MetricRecord: {'eval_loss': 1.8018152784556154, 'eval_acc': 0.3565, 'time': 1299.832575082779}
[92mINFO [0m:      
[92mINFO [0m:      [ROUND 98/100]
[92mINFO [0m:      configure_train: Sampled 10 nodes (out of 10)
[92mINFO [0m:      aggregate_train: Received 10 results and 0 failures
[92mINFO [0m:      	└──> Aggregated MetricRecord: {'train_loss': 1.8589449639320375, 'train_time': 6.384257743228227, 'qtty_records': 10}
[92mINFO [0m:      configure_evaluate: Sampled 10 nodes (out of 10)
[92mINFO [0m:      aggregate_evaluate: Received 10 results and 0 failures
[92mINFO [0m:      	└──> Aggregated MetricRecord: {'eval_loss': 1.8498880229890347, 'eval_acc': 0.34240000000000004, 'time': 1312.9983267784119}
[92mINFO [0m:      
[92mINFO [0m:      [ROUND 99/100]
[92mINFO [0m:      configure_train: Sampled 10 nodes (out of 10)
[92mINFO [0m:      aggregate_train: Received 10 results and 0 failures
[92mINFO [0m:      	└──> Aggregated MetricRecord: {'train_loss': 1.8689398795127867, 'train_time': 6.401626079902053, 'qtty_records': 10}
[92mINFO [0m:      configure_evaluate: Sampled 10 nodes (out of 10)
[92mINFO [0m:      aggregate_evaluate: Received 10 results and 0 failures
[92mINFO [0m:      	└──> Aggregated MetricRecord: {'eval_loss': 1.8580985434353354, 'eval_acc': 0.33849999999999997, 'time': 1326.065093278885}
[92mINFO [0m:      
[92mINFO [0m:      [ROUND 100/100]
[92mINFO [0m:      configure_train: Sampled 10 nodes (out of 10)
[92mINFO [0m:      aggregate_train: Received 10 results and 0 failures
[92mINFO [0m:      	└──> Aggregated MetricRecord: {'train_loss': 1.86812555103302, 'train_time': 6.38808434298262, 'qtty_records': 10}
[92mINFO [0m:      configure_evaluate: Sampled 10 nodes (out of 10)
[92mINFO [0m:      aggregate_evaluate: Received 10 results and 0 failures
[92mINFO [0m:      	└──> Aggregated MetricRecord: {'eval_loss': 1.8632172614336013, 'eval_acc': 0.3403000000000001, 'time': 1339.2402174472809}
[92mINFO [0m:      
[92mINFO [0m:      Strategy execution finished in 1339.24s
[92mINFO [0m:      
[92mINFO [0m:      Final results:
[92mINFO [0m:      
[92mINFO [0m:      	Global Arrays:
[92mINFO [0m:      		ArrayRecord (0.238 MB)
[92mINFO [0m:      	
[92mINFO [0m:      	Aggregated ClientApp-side Train Metrics:
[92mINFO [0m:      	{ 1: { 'qtty_records': '10',
[92mINFO [0m:      	       'train_loss': '2.2099e+00',
[92mINFO [0m:      	       'train_time': '8.3133e+00'},
[92mINFO [0m:      	  2: { 'qtty_records': '10',
[92mINFO [0m:      	       'train_loss': '2.1477e+00',
[92mINFO [0m:      	       'train_time': '6.4320e+00'},
[92mINFO [0m:      	  3: { 'qtty_records': '10',
[92mINFO [0m:      	       'train_loss': '2.1047e+00',
[92mINFO [0m:      	       'train_time': '6.4258e+00'},
[92mINFO [0m:      	  4: { 'qtty_records': '10',
[92mINFO [0m:      	       'train_loss': '2.0738e+00',
[92mINFO [0m:      	       'train_time': '6.4235e+00'},
[92mINFO [0m:      	  5: { 'qtty_records': '10',
[92mINFO [0m:      	       'train_loss': '2.0517e+00',
[92mINFO [0m:      	       'train_time': '6.4179e+00'},
[92mINFO [0m:      	  6: { 'qtty_records': '10',
[92mINFO [0m:      	       'train_loss': '2.0215e+00',
[92mINFO [0m:      	       'train_time': '6.3920e+00'},
[92mINFO [0m:      	  7: { 'qtty_records': '10',
[92mINFO [0m:      	       'train_loss': '1.9998e+00',
[92mINFO [0m:      	       'train_time': '6.4267e+00'},
[92mINFO [0m:      	  8: { 'qtty_records': '10',
[92mINFO [0m:      	       'train_loss': '1.9982e+00',
[92mINFO [0m:      	       'train_time': '6.4077e+00'},
[92mINFO [0m:      	  9: { 'qtty_records': '10',
[92mINFO [0m:      	       'train_loss': '1.9777e+00',
[92mINFO [0m:      	       'train_time': '6.4129e+00'},
[92mINFO [0m:      	  10: { 'qtty_records': '10',
[92mINFO [0m:      	        'train_loss': '1.9632e+00',
[92mINFO [0m:      	        'train_time': '6.4195e+00'},
[92mINFO [0m:      	  11: { 'qtty_records': '10',
[92mINFO [0m:      	        'train_loss': '1.9590e+00',
[92mINFO [0m:      	        'train_time': '6.3940e+00'},
[92mINFO [0m:      	  12: { 'qtty_records': '10',
[92mINFO [0m:      	        'train_loss': '1.9580e+00',
[92mINFO [0m:      	        'train_time': '6.4467e+00'},
[92mINFO [0m:      	  13: { 'qtty_records': '10',
[92mINFO [0m:      	        'train_loss': '1.9593e+00',
[92mINFO [0m:      	        'train_time': '6.3935e+00'},
[92mINFO [0m:      	  14: { 'qtty_records': '10',
[92mINFO [0m:      	        'train_loss': '1.9565e+00',
[92mINFO [0m:      	        'train_time': '6.4401e+00'},
[92mINFO [0m:      	  15: { 'qtty_records': '10',
[92mINFO [0m:      	        'train_loss': '1.9619e+00',
[92mINFO [0m:      	        'train_time': '6.3884e+00'},
[92mINFO [0m:      	  16: { 'qtty_records': '10',
[92mINFO [0m:      	        'train_loss': '1.9549e+00',
[92mINFO [0m:      	        'train_time': '6.4143e+00'},
[92mINFO [0m:      	  17: { 'qtty_records': '10',
[92mINFO [0m:      	        'train_loss': '1.9357e+00',
[92mINFO [0m:      	        'train_time': '6.3960e+00'},
[92mINFO [0m:      	  18: { 'qtty_records': '10',
[92mINFO [0m:      	        'train_loss': '1.9251e+00',
[92mINFO [0m:      	        'train_time': '6.4269e+00'},
[92mINFO [0m:      	  19: { 'qtty_records': '10',
[92mINFO [0m:      	        'train_loss': '1.9280e+00',
[92mINFO [0m:      	        'train_time': '6.4165e+00'},
[92mINFO [0m:      	  20: { 'qtty_records': '10',
[92mINFO [0m:      	        'train_loss': '1.9241e+00',
[92mINFO [0m:      	        'train_time': '6.3935e+00'},
[92mINFO [0m:      	  21: { 'qtty_records': '10',
[92mINFO [0m:      	        'train_loss': '1.9296e+00',
[92mINFO [0m:      	        'train_time': '6.4117e+00'},
[92mINFO [0m:      	  22: { 'qtty_records': '10',
[92mINFO [0m:      	        'train_loss': '1.9343e+00',
[92mINFO [0m:      	        'train_time': '6.3953e+00'},
[92mINFO [0m:      	  23: { 'qtty_records': '10',
[92mINFO [0m:      	        'train_loss': '1.9160e+00',
[92mINFO [0m:      	        'train_time': '6.4285e+00'},
[92mINFO [0m:      	  24: { 'qtty_records': '10',
[92mINFO [0m:      	        'train_loss': '1.9084e+00',
[92mINFO [0m:      	        'train_time': '6.4118e+00'},
[92mINFO [0m:      	  25: { 'qtty_records': '10',
[92mINFO [0m:      	        'train_loss': '1.9070e+00',
[92mINFO [0m:      	        'train_time': '6.4009e+00'},
[92mINFO [0m:      	  26: { 'qtty_records': '10',
[92mINFO [0m:      	        'train_loss': '1.9167e+00',
[92mINFO [0m:      	        'train_time': '6.3975e+00'},
[92mINFO [0m:      	  27: { 'qtty_records': '10',
[92mINFO [0m:      	        'train_loss': '1.9037e+00',
[92mINFO [0m:      	        'train_time': '6.3923e+00'},
[92mINFO [0m:      	  28: { 'qtty_records': '10',
[92mINFO [0m:      	        'train_loss': '1.9025e+00',
[92mINFO [0m:      	        'train_time': '6.3831e+00'},
[92mINFO [0m:      	  29: { 'qtty_records': '10',
[92mINFO [0m:      	        'train_loss': '1.9083e+00',
[92mINFO [0m:      	        'train_time': '6.4376e+00'},
[92mINFO [0m:      	  30: { 'qtty_records': '10',
[92mINFO [0m:      	        'train_loss': '1.9061e+00',
[92mINFO [0m:      	        'train_time': '6.4241e+00'},
[92mINFO [0m:      	  31: { 'qtty_records': '10',
[92mINFO [0m:      	        'train_loss': '1.9107e+00',
[92mINFO [0m:      	        'train_time': '6.4261e+00'},
[92mINFO [0m:      	  32: { 'qtty_records': '10',
[92mINFO [0m:      	        'train_loss': '1.9087e+00',
[92mINFO [0m:      	        'train_time': '6.4279e+00'},
[92mINFO [0m:      	  33: { 'qtty_records': '10',
[92mINFO [0m:      	        'train_loss': '1.8963e+00',
[92mINFO [0m:      	        'train_time': '6.4013e+00'},
[92mINFO [0m:      	  34: { 'qtty_records': '10',
[92mINFO [0m:      	        'train_loss': '1.8839e+00',
[92mINFO [0m:      	        'train_time': '6.3940e+00'},
[92mINFO [0m:      	  35: { 'qtty_records': '10',
[92mINFO [0m:      	        'train_loss': '1.8936e+00',
[92mINFO [0m:      	        'train_time': '6.4118e+00'},
[92mINFO [0m:      	  36: { 'qtty_records': '10',
[92mINFO [0m:      	        'train_loss': '1.8965e+00',
[92mINFO [0m:      	        'train_time': '6.4275e+00'},
[92mINFO [0m:      	  37: { 'qtty_records': '10',
[92mINFO [0m:      	        'train_loss': '1.8896e+00',
[92mINFO [0m:      	        'train_time': '6.4285e+00'},
[92mINFO [0m:      	  38: { 'qtty_records': '10',
[92mINFO [0m:      	        'train_loss': '1.8778e+00',
[92mINFO [0m:      	        'train_time': '6.4295e+00'},
[92mINFO [0m:      	  39: { 'qtty_records': '10',
[92mINFO [0m:      	        'train_loss': '1.8805e+00',
[92mINFO [0m:      	        'train_time': '6.4052e+00'},
[92mINFO [0m:      	  40: { 'qtty_records': '10',
[92mINFO [0m:      	        'train_loss': '1.8787e+00',
[92mINFO [0m:      	        'train_time': '6.4301e+00'},
[92mINFO [0m:      	  41: { 'qtty_records': '10',
[92mINFO [0m:      	        'train_loss': '1.9011e+00',
[92mINFO [0m:      	        'train_time': '6.4161e+00'},
[92mINFO [0m:      	  42: { 'qtty_records': '10',
[92mINFO [0m:      	        'train_loss': '1.8729e+00',
[92mINFO [0m:      	        'train_time': '6.3960e+00'},
[92mINFO [0m:      	  43: { 'qtty_records': '10',
[92mINFO [0m:      	        'train_loss': '1.9012e+00',
[92mINFO [0m:      	        'train_time': '6.4084e+00'},
[92mINFO [0m:      	  44: { 'qtty_records': '10',
[92mINFO [0m:      	        'train_loss': '1.8822e+00',
[92mINFO [0m:      	        'train_time': '6.4145e+00'},
[92mINFO [0m:      	  45: { 'qtty_records': '10',
[92mINFO [0m:      	        'train_loss': '1.8977e+00',
[92mINFO [0m:      	        'train_time': '6.4176e+00'},
[92mINFO [0m:      	  46: { 'qtty_records': '10',
[92mINFO [0m:      	        'train_loss': '1.8771e+00',
[92mINFO [0m:      	        'train_time': '6.4056e+00'},
[92mINFO [0m:      	  47: { 'qtty_records': '10',
[92mINFO [0m:      	        'train_loss': '1.8691e+00',
[92mINFO [0m:      	        'train_time': '6.4018e+00'},
[92mINFO [0m:      	  48: { 'qtty_records': '10',
[92mINFO [0m:      	        'train_loss': '1.9075e+00',
[92mINFO [0m:      	        'train_time': '6.3866e+00'},
[92mINFO [0m:      	  49: { 'qtty_records': '10',
[92mINFO [0m:      	        'train_loss': '1.8601e+00',
[92mINFO [0m:      	        'train_time': '6.4108e+00'},
[92mINFO [0m:      	  50: { 'qtty_records': '10',
[92mINFO [0m:      	        'train_loss': '1.8763e+00',
[92mINFO [0m:      	        'train_time': '6.4320e+00'},
[92mINFO [0m:      	  51: { 'qtty_records': '10',
[92mINFO [0m:      	        'train_loss': '1.9082e+00',
[92mINFO [0m:      	        'train_time': '6.3880e+00'},
[92mINFO [0m:      	  52: { 'qtty_records': '10',
[92mINFO [0m:      	        'train_loss': '1.8704e+00',
[92mINFO [0m:      	        'train_time': '6.4212e+00'},
[92mINFO [0m:      	  53: { 'qtty_records': '10',
[92mINFO [0m:      	        'train_loss': '1.8890e+00',
[92mINFO [0m:      	        'train_time': '6.4009e+00'},
[92mINFO [0m:      	  54: { 'qtty_records': '10',
[92mINFO [0m:      	        'train_loss': '1.8746e+00',
[92mINFO [0m:      	        'train_time': '6.4071e+00'},
[92mINFO [0m:      	  55: { 'qtty_records': '10',
[92mINFO [0m:      	        'train_loss': '1.8624e+00',
[92mINFO [0m:      	        'train_time': '6.4091e+00'},
[92mINFO [0m:      	  56: { 'qtty_records': '10',
[92mINFO [0m:      	        'train_loss': '1.8604e+00',
[92mINFO [0m:      	        'train_time': '6.4278e+00'},
[92mINFO [0m:      	  57: { 'qtty_records': '10',
[92mINFO [0m:      	        'train_loss': '1.8553e+00',
[92mINFO [0m:      	        'train_time': '6.4265e+00'},
[92mINFO [0m:      	  58: { 'qtty_records': '10',
[92mINFO [0m:      	        'train_loss': '1.8581e+00',
[92mINFO [0m:      	        'train_time': '6.3987e+00'},
[92mINFO [0m:      	  59: { 'qtty_records': '10',
[92mINFO [0m:      	        'train_loss': '1.8722e+00',
[92mINFO [0m:      	        'train_time': '6.4362e+00'},
[92mINFO [0m:      	  60: { 'qtty_records': '10',
[92mINFO [0m:      	        'train_loss': '1.8579e+00',
[92mINFO [0m:      	        'train_time': '6.3917e+00'},
[92mINFO [0m:      	  61: { 'qtty_records': '10',
[92mINFO [0m:      	        'train_loss': '1.8421e+00',
[92mINFO [0m:      	        'train_time': '6.4336e+00'},
[92mINFO [0m:      	  62: { 'qtty_records': '10',
[92mINFO [0m:      	        'train_loss': '1.8713e+00',
[92mINFO [0m:      	        'train_time': '6.4095e+00'},
[92mINFO [0m:      	  63: { 'qtty_records': '10',
[92mINFO [0m:      	        'train_loss': '1.8727e+00',
[92mINFO [0m:      	        'train_time': '6.4408e+00'},
[92mINFO [0m:      	  64: { 'qtty_records': '10',
[92mINFO [0m:      	        'train_loss': '1.8653e+00',
[92mINFO [0m:      	        'train_time': '6.4036e+00'},
[92mINFO [0m:      	  65: { 'qtty_records': '10',
[92mINFO [0m:      	        'train_loss': '1.8449e+00',
[92mINFO [0m:      	        'train_time': '6.4371e+00'},
[92mINFO [0m:      	  66: { 'qtty_records': '10',
[92mINFO [0m:      	        'train_loss': '1.8502e+00',
[92mINFO [0m:      	        'train_time': '6.4214e+00'},
[92mINFO [0m:      	  67: { 'qtty_records': '10',
[92mINFO [0m:      	        'train_loss': '1.8616e+00',
[92mINFO [0m:      	        'train_time': '6.3869e+00'},
[92mINFO [0m:      	  68: { 'qtty_records': '10',
[92mINFO [0m:      	        'train_loss': '1.8640e+00',
[92mINFO [0m:      	        'train_time': '6.4161e+00'},
[92mINFO [0m:      	  69: { 'qtty_records': '10',
[92mINFO [0m:      	        'train_loss': '1.8441e+00',
[92mINFO [0m:      	        'train_time': '6.4162e+00'},
[92mINFO [0m:      	  70: { 'qtty_records': '10',
[92mINFO [0m:      	        'train_loss': '1.8483e+00',
[92mINFO [0m:      	        'train_time': '6.4082e+00'},
[92mINFO [0m:      	  71: { 'qtty_records': '10',
[92mINFO [0m:      	        'train_loss': '1.8687e+00',
[92mINFO [0m:      	        'train_time': '6.4127e+00'},
[92mINFO [0m:      	  72: { 'qtty_records': '10',
[92mINFO [0m:      	        'train_loss': '1.8774e+00',
[92mINFO [0m:      	        'train_time': '6.4123e+00'},
[92mINFO [0m:      	  73: { 'qtty_records': '10',
[92mINFO [0m:      	        'train_loss': '1.8596e+00',
[92mINFO [0m:      	        'train_time': '6.4317e+00'},
[92mINFO [0m:      	  74: { 'qtty_records': '10',
[92mINFO [0m:      	        'train_loss': '1.9001e+00',
[92mINFO [0m:      	        'train_time': '6.4189e+00'},
[92mINFO [0m:      	  75: { 'qtty_records': '10',
[92mINFO [0m:      	        'train_loss': '1.8541e+00',
[92mINFO [0m:      	        'train_time': '6.4248e+00'},
[92mINFO [0m:      	  76: { 'qtty_records': '10',
[92mINFO [0m:      	        'train_loss': '1.8596e+00',
[92mINFO [0m:      	        'train_time': '6.3952e+00'},
[92mINFO [0m:      	  77: { 'qtty_records': '10',
[92mINFO [0m:      	        'train_loss': '1.8318e+00',
[92mINFO [0m:      	        'train_time': '6.4150e+00'},
[92mINFO [0m:      	  78: { 'qtty_records': '10',
[92mINFO [0m:      	        'train_loss': '1.8642e+00',
[92mINFO [0m:      	        'train_time': '6.4066e+00'},
[92mINFO [0m:      	  79: { 'qtty_records': '10',
[92mINFO [0m:      	        'train_loss': '1.8517e+00',
[92mINFO [0m:      	        'train_time': '6.4079e+00'},
[92mINFO [0m:      	  80: { 'qtty_records': '10',
[92mINFO [0m:      	        'train_loss': '1.8602e+00',
[92mINFO [0m:      	        'train_time': '6.4143e+00'},
[92mINFO [0m:      	  81: { 'qtty_records': '10',
[92mINFO [0m:      	        'train_loss': '1.8541e+00',
[92mINFO [0m:      	        'train_time': '6.4311e+00'},
[92mINFO [0m:      	  82: { 'qtty_records': '10',
[92mINFO [0m:      	        'train_loss': '1.8578e+00',
[92mINFO [0m:      	        'train_time': '6.3995e+00'},
[92mINFO [0m:      	  83: { 'qtty_records': '10',
[92mINFO [0m:      	        'train_loss': '1.8927e+00',
[92mINFO [0m:      	        'train_time': '6.3788e+00'},
[92mINFO [0m:      	  84: { 'qtty_records': '10',
[92mINFO [0m:      	        'train_loss': '1.8404e+00',
[92mINFO [0m:      	        'train_time': '6.4246e+00'},
[92mINFO [0m:      	  85: { 'qtty_records': '10',
[92mINFO [0m:      	        'train_loss': '1.8422e+00',
[92mINFO [0m:      	        'train_time': '6.3990e+00'},
[92mINFO [0m:      	  86: { 'qtty_records': '10',
[92mINFO [0m:      	        'train_loss': '1.8768e+00',
[92mINFO [0m:      	        'train_time': '6.4290e+00'},
[92mINFO [0m:      	  87: { 'qtty_records': '10',
[92mINFO [0m:      	        'train_loss': '1.8855e+00',
[92mINFO [0m:      	        'train_time': '6.3931e+00'},
[92mINFO [0m:      	  88: { 'qtty_records': '10',
[92mINFO [0m:      	        'train_loss': '1.8684e+00',
[92mINFO [0m:      	        'train_time': '6.4279e+00'},
[92mINFO [0m:      	  89: { 'qtty_records': '10',
[92mINFO [0m:      	        'train_loss': '1.8587e+00',
[92mINFO [0m:      	        'train_time': '6.4211e+00'},
[92mINFO [0m:      	  90: { 'qtty_records': '10',
[92mINFO [0m:      	        'train_loss': '1.8498e+00',
[92mINFO [0m:      	        'train_time': '6.3959e+00'},
[92mINFO [0m:      	  91: { 'qtty_records': '10',
[92mINFO [0m:      	        'train_loss': '1.8453e+00',
[92mINFO [0m:      	        'train_time': '6.3874e+00'},
[92mINFO [0m:      	  92: { 'qtty_records': '10',
[92mINFO [0m:      	        'train_loss': '1.8580e+00',
[92mINFO [0m:      	        'train_time': '6.4226e+00'},
[92mINFO [0m:      	  93: { 'qtty_records': '10',
[92mINFO [0m:      	        'train_loss': '1.8484e+00',
[92mINFO [0m:      	        'train_time': '6.3884e+00'},
[92mINFO [0m:      	  94: { 'qtty_records': '10',
[92mINFO [0m:      	        'train_loss': '1.8502e+00',
[92mINFO [0m:      	        'train_time': '6.4068e+00'},
[92mINFO [0m:      	  95: { 'qtty_records': '10',
[92mINFO [0m:      	        'train_loss': '1.8561e+00',
[92mINFO [0m:      	        'train_time': '6.4063e+00'},
[92mINFO [0m:      	  96: { 'qtty_records': '10',
[92mINFO [0m:      	        'train_loss': '1.8669e+00',
[92mINFO [0m:      	        'train_time': '6.4275e+00'},
[92mINFO [0m:      	  97: { 'qtty_records': '10',
[92mINFO [0m:      	        'train_loss': '1.8343e+00',
[92mINFO [0m:      	        'train_time': '6.4012e+00'},
[92mINFO [0m:      	  98: { 'qtty_records': '10',
[92mINFO [0m:      	        'train_loss': '1.8589e+00',
[92mINFO [0m:      	        'train_time': '6.3843e+00'},
[92mINFO [0m:      	  99: { 'qtty_records': '10',
[92mINFO [0m:      	        'train_loss': '1.8689e+00',
[92mINFO [0m:      	        'train_time': '6.4016e+00'},
[92mINFO [0m:      	  100: { 'qtty_records': '10',
[92mINFO [0m:      	         'train_loss': '1.8681e+00',
[92mINFO [0m:      	         'train_time': '6.3881e+00'}}
[92mINFO [0m:      	
[92mINFO [0m:      	Aggregated ClientApp-side Evaluate Metrics:
[92mINFO [0m:      	{ 1: { 'eval_acc': '9.9200e-02',
[92mINFO [0m:      	       'eval_loss': '2.3709e+00',
[92mINFO [0m:      	       'time': '3.8559e+01'},
[92mINFO [0m:      	  2: { 'eval_acc': '1.1750e-01',
[92mINFO [0m:      	       'eval_loss': '2.3214e+00',
[92mINFO [0m:      	       'time': '5.1724e+01'},
[92mINFO [0m:      	  3: { 'eval_acc': '1.3530e-01',
[92mINFO [0m:      	       'eval_loss': '2.1972e+00',
[92mINFO [0m:      	       'time': '6.5295e+01'},
[92mINFO [0m:      	  4: { 'eval_acc': '1.5760e-01',
[92mINFO [0m:      	       'eval_loss': '2.2422e+00',
[92mINFO [0m:      	       'time': '7.8460e+01'},
[92mINFO [0m:      	  5: { 'eval_acc': '2.1010e-01',
[92mINFO [0m:      	       'eval_loss': '2.1147e+00',
[92mINFO [0m:      	       'time': '9.1525e+01'},
[92mINFO [0m:      	  6: { 'eval_acc': '2.3250e-01',
[92mINFO [0m:      	       'eval_loss': '2.0854e+00',
[92mINFO [0m:      	       'time': '1.0469e+02'},
[92mINFO [0m:      	  7: { 'eval_acc': '2.3930e-01',
[92mINFO [0m:      	       'eval_loss': '2.0977e+00',
[92mINFO [0m:      	       'time': '1.1775e+02'},
[92mINFO [0m:      	  8: { 'eval_acc': '2.1810e-01',
[92mINFO [0m:      	       'eval_loss': '2.0779e+00',
[92mINFO [0m:      	       'time': '1.3092e+02'},
[92mINFO [0m:      	  9: { 'eval_acc': '2.5200e-01',
[92mINFO [0m:      	       'eval_loss': '1.9967e+00',
[92mINFO [0m:      	       'time': '1.4408e+02'},
[92mINFO [0m:      	  10: { 'eval_acc': '2.6710e-01',
[92mINFO [0m:      	        'eval_loss': '1.9747e+00',
[92mINFO [0m:      	        'time': '1.5715e+02'},
[92mINFO [0m:      	  11: { 'eval_acc': '2.6460e-01',
[92mINFO [0m:      	        'eval_loss': '2.0291e+00',
[92mINFO [0m:      	        'time': '1.7031e+02'},
[92mINFO [0m:      	  12: { 'eval_acc': '2.7400e-01',
[92mINFO [0m:      	        'eval_loss': '1.9682e+00',
[92mINFO [0m:      	        'time': '1.8337e+02'},
[92mINFO [0m:      	  13: { 'eval_acc': '2.8630e-01',
[92mINFO [0m:      	        'eval_loss': '1.9394e+00',
[92mINFO [0m:      	        'time': '1.9655e+02'},
[92mINFO [0m:      	  14: { 'eval_acc': '2.8330e-01',
[92mINFO [0m:      	        'eval_loss': '1.9816e+00',
[92mINFO [0m:      	        'time': '2.0961e+02'},
[92mINFO [0m:      	  15: { 'eval_acc': '2.6720e-01',
[92mINFO [0m:      	        'eval_loss': '1.9693e+00',
[92mINFO [0m:      	        'time': '2.2267e+02'},
[92mINFO [0m:      	  16: { 'eval_acc': '2.9580e-01',
[92mINFO [0m:      	        'eval_loss': '1.9587e+00',
[92mINFO [0m:      	        'time': '2.3583e+02'},
[92mINFO [0m:      	  17: { 'eval_acc': '2.9650e-01',
[92mINFO [0m:      	        'eval_loss': '1.9048e+00',
[92mINFO [0m:      	        'time': '2.4900e+02'},
[92mINFO [0m:      	  18: { 'eval_acc': '2.8850e-01',
[92mINFO [0m:      	        'eval_loss': '1.9399e+00',
[92mINFO [0m:      	        'time': '2.6204e+02'},
[92mINFO [0m:      	  19: { 'eval_acc': '3.0480e-01',
[92mINFO [0m:      	        'eval_loss': '1.8919e+00',
[92mINFO [0m:      	        'time': '2.7520e+02'},
[92mINFO [0m:      	  20: { 'eval_acc': '3.1210e-01',
[92mINFO [0m:      	        'eval_loss': '1.8964e+00',
[92mINFO [0m:      	        'time': '2.8827e+02'},
[92mINFO [0m:      	  21: { 'eval_acc': '2.9460e-01',
[92mINFO [0m:      	        'eval_loss': '1.9548e+00',
[92mINFO [0m:      	        'time': '3.0144e+02'},
[92mINFO [0m:      	  22: { 'eval_acc': '2.9870e-01',
[92mINFO [0m:      	        'eval_loss': '1.9187e+00',
[92mINFO [0m:      	        'time': '3.1460e+02'},
[92mINFO [0m:      	  23: { 'eval_acc': '3.0140e-01',
[92mINFO [0m:      	        'eval_loss': '1.8777e+00',
[92mINFO [0m:      	        'time': '3.2768e+02'},
[92mINFO [0m:      	  24: { 'eval_acc': '3.2810e-01',
[92mINFO [0m:      	        'eval_loss': '1.8610e+00',
[92mINFO [0m:      	        'time': '3.4074e+02'},
[92mINFO [0m:      	  25: { 'eval_acc': '3.1410e-01',
[92mINFO [0m:      	        'eval_loss': '1.9003e+00',
[92mINFO [0m:      	        'time': '3.5380e+02'},
[92mINFO [0m:      	  26: { 'eval_acc': '3.1050e-01',
[92mINFO [0m:      	        'eval_loss': '1.9146e+00',
[92mINFO [0m:      	        'time': '3.6697e+02'},
[92mINFO [0m:      	  27: { 'eval_acc': '3.0140e-01',
[92mINFO [0m:      	        'eval_loss': '1.8947e+00',
[92mINFO [0m:      	        'time': '3.8013e+02'},
[92mINFO [0m:      	  28: { 'eval_acc': '3.0410e-01',
[92mINFO [0m:      	        'eval_loss': '1.9112e+00',
[92mINFO [0m:      	        'time': '3.9330e+02'},
[92mINFO [0m:      	  29: { 'eval_acc': '3.2100e-01',
[92mINFO [0m:      	        'eval_loss': '1.8681e+00',
[92mINFO [0m:      	        'time': '4.0647e+02'},
[92mINFO [0m:      	  30: { 'eval_acc': '3.2620e-01',
[92mINFO [0m:      	        'eval_loss': '1.8870e+00',
[92mINFO [0m:      	        'time': '4.1964e+02'},
[92mINFO [0m:      	  31: { 'eval_acc': '3.1710e-01',
[92mINFO [0m:      	        'eval_loss': '1.8796e+00',
[92mINFO [0m:      	        'time': '4.3281e+02'},
[92mINFO [0m:      	  32: { 'eval_acc': '3.2090e-01',
[92mINFO [0m:      	        'eval_loss': '1.8827e+00',
[92mINFO [0m:      	        'time': '4.4587e+02'},
[92mINFO [0m:      	  33: { 'eval_acc': '3.0930e-01',
[92mINFO [0m:      	        'eval_loss': '1.8861e+00',
[92mINFO [0m:      	        'time': '4.5903e+02'},
[92mINFO [0m:      	  34: { 'eval_acc': '3.2100e-01',
[92mINFO [0m:      	        'eval_loss': '1.8628e+00',
[92mINFO [0m:      	        'time': '4.7210e+02'},
[92mINFO [0m:      	  35: { 'eval_acc': '3.2100e-01',
[92mINFO [0m:      	        'eval_loss': '1.8794e+00',
[92mINFO [0m:      	        'time': '4.8526e+02'},
[92mINFO [0m:      	  36: { 'eval_acc': '3.3640e-01',
[92mINFO [0m:      	        'eval_loss': '1.8576e+00',
[92mINFO [0m:      	        'time': '4.9843e+02'},
[92mINFO [0m:      	  37: { 'eval_acc': '3.2460e-01',
[92mINFO [0m:      	        'eval_loss': '1.8524e+00',
[92mINFO [0m:      	        'time': '5.1159e+02'},
[92mINFO [0m:      	  38: { 'eval_acc': '3.2270e-01',
[92mINFO [0m:      	        'eval_loss': '1.8592e+00',
[92mINFO [0m:      	        'time': '5.2466e+02'},
[92mINFO [0m:      	  39: { 'eval_acc': '3.2800e-01',
[92mINFO [0m:      	        'eval_loss': '1.8664e+00',
[92mINFO [0m:      	        'time': '5.3782e+02'},
[92mINFO [0m:      	  40: { 'eval_acc': '3.2270e-01',
[92mINFO [0m:      	        'eval_loss': '1.8559e+00',
[92mINFO [0m:      	        'time': '5.5098e+02'},
[92mINFO [0m:      	  41: { 'eval_acc': '3.2400e-01',
[92mINFO [0m:      	        'eval_loss': '1.8578e+00',
[92mINFO [0m:      	        'time': '5.6415e+02'},
[92mINFO [0m:      	  42: { 'eval_acc': '3.3160e-01',
[92mINFO [0m:      	        'eval_loss': '1.8595e+00',
[92mINFO [0m:      	        'time': '5.7731e+02'},
[92mINFO [0m:      	  43: { 'eval_acc': '3.3000e-01',
[92mINFO [0m:      	        'eval_loss': '1.8524e+00',
[92mINFO [0m:      	        'time': '5.9049e+02'},
[92mINFO [0m:      	  44: { 'eval_acc': '3.3010e-01',
[92mINFO [0m:      	        'eval_loss': '1.8378e+00',
[92mINFO [0m:      	        'time': '6.0365e+02'},
[92mINFO [0m:      	  45: { 'eval_acc': '3.3180e-01',
[92mINFO [0m:      	        'eval_loss': '1.8506e+00',
[92mINFO [0m:      	        'time': '6.1671e+02'},
[92mINFO [0m:      	  46: { 'eval_acc': '3.2540e-01',
[92mINFO [0m:      	        'eval_loss': '1.8491e+00',
[92mINFO [0m:      	        'time': '6.2988e+02'},
[92mINFO [0m:      	  47: { 'eval_acc': '3.5010e-01',
[92mINFO [0m:      	        'eval_loss': '1.8152e+00',
[92mINFO [0m:      	        'time': '6.4294e+02'},
[92mINFO [0m:      	  48: { 'eval_acc': '3.4220e-01',
[92mINFO [0m:      	        'eval_loss': '1.8481e+00',
[92mINFO [0m:      	        'time': '6.5611e+02'},
[92mINFO [0m:      	  49: { 'eval_acc': '3.5380e-01',
[92mINFO [0m:      	        'eval_loss': '1.8015e+00',
[92mINFO [0m:      	        'time': '6.6928e+02'},
[92mINFO [0m:      	  50: { 'eval_acc': '3.5400e-01',
[92mINFO [0m:      	        'eval_loss': '1.8085e+00',
[92mINFO [0m:      	        'time': '6.8234e+02'},
[92mINFO [0m:      	  51: { 'eval_acc': '3.0800e-01',
[92mINFO [0m:      	        'eval_loss': '1.8813e+00',
[92mINFO [0m:      	        'time': '6.9550e+02'},
[92mINFO [0m:      	  52: { 'eval_acc': '3.3110e-01',
[92mINFO [0m:      	        'eval_loss': '1.8460e+00',
[92mINFO [0m:      	        'time': '7.0867e+02'},
[92mINFO [0m:      	  53: { 'eval_acc': '3.4730e-01',
[92mINFO [0m:      	        'eval_loss': '1.8468e+00',
[92mINFO [0m:      	        'time': '7.2184e+02'},
[92mINFO [0m:      	  54: { 'eval_acc': '3.5250e-01',
[92mINFO [0m:      	        'eval_loss': '1.8024e+00',
[92mINFO [0m:      	        'time': '7.3490e+02'},
[92mINFO [0m:      	  55: { 'eval_acc': '3.3190e-01',
[92mINFO [0m:      	        'eval_loss': '1.8467e+00',
[92mINFO [0m:      	        'time': '7.4807e+02'},
[92mINFO [0m:      	  56: { 'eval_acc': '3.3870e-01',
[92mINFO [0m:      	        'eval_loss': '1.8022e+00',
[92mINFO [0m:      	        'time': '7.6123e+02'},
[92mINFO [0m:      	  57: { 'eval_acc': '3.5110e-01',
[92mINFO [0m:      	        'eval_loss': '1.8030e+00',
[92mINFO [0m:      	        'time': '7.7429e+02'},
[92mINFO [0m:      	  58: { 'eval_acc': '3.4470e-01',
[92mINFO [0m:      	        'eval_loss': '1.8109e+00',
[92mINFO [0m:      	        'time': '7.8745e+02'},
[92mINFO [0m:      	  59: { 'eval_acc': '3.3430e-01',
[92mINFO [0m:      	        'eval_loss': '1.8543e+00',
[92mINFO [0m:      	        'time': '8.0051e+02'},
[92mINFO [0m:      	  60: { 'eval_acc': '3.6410e-01',
[92mINFO [0m:      	        'eval_loss': '1.7805e+00',
[92mINFO [0m:      	        'time': '8.1368e+02'},
[92mINFO [0m:      	  61: { 'eval_acc': '3.2660e-01',
[92mINFO [0m:      	        'eval_loss': '1.8444e+00',
[92mINFO [0m:      	        'time': '8.2675e+02'},
[92mINFO [0m:      	  62: { 'eval_acc': '3.4520e-01',
[92mINFO [0m:      	        'eval_loss': '1.8457e+00',
[92mINFO [0m:      	        'time': '8.3992e+02'},
[92mINFO [0m:      	  63: { 'eval_acc': '3.4900e-01',
[92mINFO [0m:      	        'eval_loss': '1.8131e+00',
[92mINFO [0m:      	        'time': '8.5308e+02'},
[92mINFO [0m:      	  64: { 'eval_acc': '3.4230e-01',
[92mINFO [0m:      	        'eval_loss': '1.8484e+00',
[92mINFO [0m:      	        'time': '8.6626e+02'},
[92mINFO [0m:      	  65: { 'eval_acc': '3.3040e-01',
[92mINFO [0m:      	        'eval_loss': '1.8318e+00',
[92mINFO [0m:      	        'time': '8.7943e+02'},
[92mINFO [0m:      	  66: { 'eval_acc': '3.6950e-01',
[92mINFO [0m:      	        'eval_loss': '1.7863e+00',
[92mINFO [0m:      	        'time': '8.9249e+02'},
[92mINFO [0m:      	  67: { 'eval_acc': '3.4630e-01',
[92mINFO [0m:      	        'eval_loss': '1.8375e+00',
[92mINFO [0m:      	        'time': '9.0566e+02'},
[92mINFO [0m:      	  68: { 'eval_acc': '3.4650e-01',
[92mINFO [0m:      	        'eval_loss': '1.8233e+00',
[92mINFO [0m:      	        'time': '9.1882e+02'},
[92mINFO [0m:      	  69: { 'eval_acc': '3.3760e-01',
[92mINFO [0m:      	        'eval_loss': '1.8215e+00',
[92mINFO [0m:      	        'time': '9.3199e+02'},
[92mINFO [0m:      	  70: { 'eval_acc': '3.5940e-01',
[92mINFO [0m:      	        'eval_loss': '1.8112e+00',
[92mINFO [0m:      	        'time': '9.4506e+02'},
[92mINFO [0m:      	  71: { 'eval_acc': '3.4660e-01',
[92mINFO [0m:      	        'eval_loss': '1.8093e+00',
[92mINFO [0m:      	        'time': '9.5822e+02'},
[92mINFO [0m:      	  72: { 'eval_acc': '3.4060e-01',
[92mINFO [0m:      	        'eval_loss': '1.8530e+00',
[92mINFO [0m:      	        'time': '9.7139e+02'},
[92mINFO [0m:      	  73: { 'eval_acc': '3.2960e-01',
[92mINFO [0m:      	        'eval_loss': '1.8652e+00',
[92mINFO [0m:      	        'time': '9.8457e+02'},
[92mINFO [0m:      	  74: { 'eval_acc': '3.5770e-01',
[92mINFO [0m:      	        'eval_loss': '1.8403e+00',
[92mINFO [0m:      	        'time': '9.9773e+02'},
[92mINFO [0m:      	  75: { 'eval_acc': '3.4290e-01',
[92mINFO [0m:      	        'eval_loss': '1.8028e+00',
[92mINFO [0m:      	        'time': '1.0108e+03'},
[92mINFO [0m:      	  76: { 'eval_acc': '3.4580e-01',
[92mINFO [0m:      	        'eval_loss': '1.8172e+00',
[92mINFO [0m:      	        'time': '1.0240e+03'},
[92mINFO [0m:      	  77: { 'eval_acc': '3.6240e-01',
[92mINFO [0m:      	        'eval_loss': '1.8004e+00',
[92mINFO [0m:      	        'time': '1.0370e+03'},
[92mINFO [0m:      	  78: { 'eval_acc': '3.4310e-01',
[92mINFO [0m:      	        'eval_loss': '1.8383e+00',
[92mINFO [0m:      	        'time': '1.0502e+03'},
[92mINFO [0m:      	  79: { 'eval_acc': '3.5630e-01',
[92mINFO [0m:      	        'eval_loss': '1.8145e+00',
[92mINFO [0m:      	        'time': '1.0634e+03'},
[92mINFO [0m:      	  80: { 'eval_acc': '3.3230e-01',
[92mINFO [0m:      	        'eval_loss': '1.8627e+00',
[92mINFO [0m:      	        'time': '1.0765e+03'},
[92mINFO [0m:      	  81: { 'eval_acc': '3.6620e-01',
[92mINFO [0m:      	        'eval_loss': '1.7989e+00',
[92mINFO [0m:      	        'time': '1.0896e+03'},
[92mINFO [0m:      	  82: { 'eval_acc': '3.3970e-01',
[92mINFO [0m:      	        'eval_loss': '1.8491e+00',
[92mINFO [0m:      	        'time': '1.1026e+03'},
[92mINFO [0m:      	  83: { 'eval_acc': '3.5120e-01',
[92mINFO [0m:      	        'eval_loss': '1.8518e+00',
[92mINFO [0m:      	        'time': '1.1158e+03'},
[92mINFO [0m:      	  84: { 'eval_acc': '3.5460e-01',
[92mINFO [0m:      	        'eval_loss': '1.8162e+00',
[92mINFO [0m:      	        'time': '1.1289e+03'},
[92mINFO [0m:      	  85: { 'eval_acc': '3.5770e-01',
[92mINFO [0m:      	        'eval_loss': '1.7919e+00',
[92mINFO [0m:      	        'time': '1.1420e+03'},
[92mINFO [0m:      	  86: { 'eval_acc': '3.4800e-01',
[92mINFO [0m:      	        'eval_loss': '1.8462e+00',
[92mINFO [0m:      	        'time': '1.1551e+03'},
[92mINFO [0m:      	  87: { 'eval_acc': '3.5260e-01',
[92mINFO [0m:      	        'eval_loss': '1.8247e+00',
[92mINFO [0m:      	        'time': '1.1683e+03'},
[92mINFO [0m:      	  88: { 'eval_acc': '3.5780e-01',
[92mINFO [0m:      	        'eval_loss': '1.8232e+00',
[92mINFO [0m:      	        'time': '1.1816e+03'},
[92mINFO [0m:      	  89: { 'eval_acc': '3.4980e-01',
[92mINFO [0m:      	        'eval_loss': '1.8383e+00',
[92mINFO [0m:      	        'time': '1.1947e+03'},
[92mINFO [0m:      	  90: { 'eval_acc': '3.5540e-01',
[92mINFO [0m:      	        'eval_loss': '1.8189e+00',
[92mINFO [0m:      	        'time': '1.2079e+03'},
[92mINFO [0m:      	  91: { 'eval_acc': '3.4410e-01',
[92mINFO [0m:      	        'eval_loss': '1.8227e+00',
[92mINFO [0m:      	        'time': '1.2210e+03'},
[92mINFO [0m:      	  92: { 'eval_acc': '3.4190e-01',
[92mINFO [0m:      	        'eval_loss': '1.8319e+00',
[92mINFO [0m:      	        'time': '1.2341e+03'},
[92mINFO [0m:      	  93: { 'eval_acc': '3.6610e-01',
[92mINFO [0m:      	        'eval_loss': '1.8072e+00',
[92mINFO [0m:      	        'time': '1.2473e+03'},
[92mINFO [0m:      	  94: { 'eval_acc': '3.4690e-01',
[92mINFO [0m:      	        'eval_loss': '1.8066e+00',
[92mINFO [0m:      	        'time': '1.2604e+03'},
[92mINFO [0m:      	  95: { 'eval_acc': '3.5460e-01',
[92mINFO [0m:      	        'eval_loss': '1.8278e+00',
[92mINFO [0m:      	        'time': '1.2736e+03'},
[92mINFO [0m:      	  96: { 'eval_acc': '3.4350e-01',
[92mINFO [0m:      	        'eval_loss': '1.8459e+00',
[92mINFO [0m:      	        'time': '1.2868e+03'},
[92mINFO [0m:      	  97: { 'eval_acc': '3.5650e-01',
[92mINFO [0m:      	        'eval_loss': '1.8018e+00',
[92mINFO [0m:      	        'time': '1.2998e+03'},
[92mINFO [0m:      	  98: { 'eval_acc': '3.4240e-01',
[92mINFO [0m:      	        'eval_loss': '1.8499e+00',
[92mINFO [0m:      	        'time': '1.3130e+03'},
[92mINFO [0m:      	  99: { 'eval_acc': '3.3850e-01',
[92mINFO [0m:      	        'eval_loss': '1.8581e+00',
[92mINFO [0m:      	        'time': '1.3261e+03'},
[92mINFO [0m:      	  100: { 'eval_acc': '3.4030e-01',
[92mINFO [0m:      	         'eval_loss': '1.8632e+00',
[92mINFO [0m:      	         'time': '1.3392e+03'}}
[92mINFO [0m:      	
[92mINFO [0m:      	ServerApp-side Evaluate Metrics:
[92mINFO [0m:      	{}
[92mINFO [0m:      
[92mINFO [0m:      CSV saved: results/cifar10/8/FedSaSync_fs2_m10.csv
[36m(ClientAppActor pid=1383048)[0m [2026-05-20 03:25:42,786 E 1383048 1383955] core_worker_process.cc:825: Failed to establish connection to the metrics exporter agent. Metrics will not be exported. Exporter agent status: RpcError: Running out of retries to initialize the metrics agent. rpc_code: 14[32m [repeated 15x across cluster][0m
[92mINFO [0m:      
