fs=1 m=6 i=6
Starting local SuperLink on 127.0.0.1:39093...
⚠️ Warning: `options.` fields in the SuperLink connection configuration are deprecated. Use `--federation-config` with `flwr run` instead. Alternatively, permanently set your simulation configuration via `flwr federation simulation-config`.
🎊 Successfully started run 5827026914711759471
[92mINFO [0m:      Starting Flower Simulation
Successfully installed fedsasync to /tmp/Victor-Hidalgo-1436506-55-0/.flwr/apps/flwrlabs.fedsasync.1.0.0.f4a93b94.
[92mINFO [0m:      Starting FedSaSync strategy:
[92mINFO [0m:      	├── Number of rounds: 100
[92mINFO [0m:      	├── ArrayRecord (0.24 MB)
[92mINFO [0m:      	├── ConfigRecord (train): (empty!)
[92mINFO [0m:      	├── ConfigRecord (evaluate): (empty!)
[92mINFO [0m:      	├──> Sampling:
[92mINFO [0m:      	│	├──Fraction: train (1.00) | evaluate ( 1.00)
[92mINFO [0m:      	│	├──Minimum nodes: train (2) | evaluate (2)
[92mINFO [0m:      	│	└──Minimum available nodes: 2
[92mINFO [0m:      	└──> Keys in records:
[92mINFO [0m:      		├── Weighted by: 'num-examples'
[92mINFO [0m:      		├── ArrayRecord key: 'arrays'
[92mINFO [0m:      		└── ConfigRecord key: 'config'
[92mINFO [0m:      
[92mINFO [0m:      
[92mINFO [0m:      [ROUND 1/100]
[92mINFO [0m:      configure_train: Sampled 10 nodes (out of 10)
/home/Victor.Hidalgo/.pyenv/versions/3.12.12/envs/fedsasync/lib/python3.12/site-packages/ray/_private/worker.py:2051: FutureWarning: Tip: In future versions of Ray, Ray will no longer override accelerator visible devices env var if num_gpus=0 or num_gpus=None (default). To enable this behavior and turn off this error message, set RAY_ACCEL_ENV_VAR_OVERRIDE_ON_ZERO=0
  warnings.warn(
[36m(ClientAppActor pid=1721341)[0m Warning: You are sending unauthenticated requests to the HF Hub. Please set a HF_TOKEN to enable higher rate limits and faster downloads.
[92mINFO [0m:      aggregate_train: Received 9 results and 0 failures
[92mINFO [0m:      	└──> Aggregated MetricRecord: {'train_loss': 2.209862814585368, 'train_time': 7.689662975880007, 'qtty_records': 9}
[92mINFO [0m:      configure_evaluate: Sampled 10 nodes (out of 10)
[36m(pid=gcs_server)[0m [2026-05-20 02:41:05,510 E 1720019 1720019] (gcs_server) gcs_server.cc:302: Failed to establish connection to the event+metrics exporter agent. Events and metrics will not be exported. Exporter agent status: RpcError: Running out of retries to initialize the metrics agent. rpc_code: 14
[36m(ClientAppActor pid=1721342)[0m Warning: You are sending unauthenticated requests to the HF Hub. Please set a HF_TOKEN to enable higher rate limits and faster downloads.[32m [repeated 9x across cluster] (Ray deduplicates logs by default. Set RAY_DEDUP_LOGS=0 to disable log deduplication, or see https://docs.ray.io/en/master/ray-observability/user-guides/configure-logging.html#log-deduplication for more options.)[0m
[33m(raylet)[0m [2026-05-20 02:41:07,668 E 1720295 1720295] (raylet) main.cc:975: Failed to establish connection to the metrics exporter agent. Metrics will not be exported. Exporter agent status: RpcError: Running out of retries to initialize the metrics agent. rpc_code: 14
[36m(ClientAppActor pid=1721339)[0m [2026-05-20 02:41:11,729 E 1721339 1721503] core_worker_process.cc:825: Failed to establish connection to the metrics exporter agent. Metrics will not be exported. Exporter agent status: RpcError: Running out of retries to initialize the metrics agent. rpc_code: 14
[36m(ClientAppActor pid=1721320)[0m Warning: You are sending unauthenticated requests to the HF Hub. Please set a HF_TOKEN to enable higher rate limits and faster downloads.
[92mINFO [0m:      aggregate_evaluate: Received 10 results and 0 failures
[92mINFO [0m:      	└──> Aggregated MetricRecord: {'eval_loss': 2.392729280889035, 'eval_acc': 0.10289999999999999, 'time': 43.5657901763916}
[92mINFO [0m:      
[92mINFO [0m:      [ROUND 2/100]
[92mINFO [0m:      configure_train: Sampled 9 nodes (out of 10)
[92mINFO [0m:      aggregate_train: Received 10 results and 0 failures
[92mINFO [0m:      	└──> Aggregated MetricRecord: {'train_loss': 2.145227394485474, 'train_time': 6.1600790147669615, 'qtty_records': 10}
[92mINFO [0m:      configure_evaluate: Sampled 10 nodes (out of 10)
[92mINFO [0m:      aggregate_evaluate: Received 10 results and 0 failures
[92mINFO [0m:      	└──> Aggregated MetricRecord: {'eval_loss': 2.328081896156073, 'eval_acc': 0.10970000000000002, 'time': 50.627503633499146}
[92mINFO [0m:      
[92mINFO [0m:      [ROUND 3/100]
[92mINFO [0m:      configure_train: Sampled 10 nodes (out of 10)
[92mINFO [0m:      aggregate_train: Received 9 results and 0 failures
[92mINFO [0m:      	└──> Aggregated MetricRecord: {'train_loss': 2.088126559257507, 'train_time': 5.4270888710808425, 'qtty_records': 9}
[92mINFO [0m:      configure_evaluate: Sampled 10 nodes (out of 10)
[92mINFO [0m:      aggregate_evaluate: Received 10 results and 0 failures
[92mINFO [0m:      	└──> Aggregated MetricRecord: {'eval_loss': 2.195994566008449, 'eval_acc': 0.1351, 'time': 58.244532346725464}
[92mINFO [0m:      
[92mINFO [0m:      [ROUND 4/100]
[92mINFO [0m:      configure_train: Sampled 9 nodes (out of 10)
[92mINFO [0m:      aggregate_train: Received 10 results and 0 failures
[92mINFO [0m:      	└──> Aggregated MetricRecord: {'train_loss': 2.0658082959175115, 'train_time': 5.939479655120522, 'qtty_records': 10}
[92mINFO [0m:      configure_evaluate: Sampled 10 nodes (out of 10)
[92mINFO [0m:      aggregate_evaluate: Received 10 results and 0 failures
[92mINFO [0m:      	└──> Aggregated MetricRecord: {'eval_loss': 2.1621433835476638, 'eval_acc': 0.1587, 'time': 65.31091165542603}
[92mINFO [0m:      
[92mINFO [0m:      [ROUND 5/100]
[92mINFO [0m:      configure_train: Sampled 10 nodes (out of 10)
[92mINFO [0m:      aggregate_train: Received 9 results and 0 failures
[92mINFO [0m:      	└──> Aggregated MetricRecord: {'train_loss': 2.0467809280819362, 'train_time': 5.416649583830601, 'qtty_records': 9}
[92mINFO [0m:      configure_evaluate: Sampled 10 nodes (out of 10)
[92mINFO [0m:      aggregate_evaluate: Received 10 results and 0 failures
[92mINFO [0m:      	└──> Aggregated MetricRecord: {'eval_loss': 2.110738239437342, 'eval_acc': 0.21380000000000002, 'time': 72.46935510635376}
[92mINFO [0m:      
[92mINFO [0m:      [ROUND 6/100]
[92mINFO [0m:      configure_train: Sampled 9 nodes (out of 10)
[92mINFO [0m:      aggregate_train: Received 10 results and 0 failures
[92mINFO [0m:      	└──> Aggregated MetricRecord: {'train_loss': 2.0022648584365847, 'train_time': 5.974254639912397, 'qtty_records': 10}
[92mINFO [0m:      configure_evaluate: Sampled 10 nodes (out of 10)
[92mINFO [0m:      aggregate_evaluate: Received 10 results and 0 failures
[92mINFO [0m:      	└──> Aggregated MetricRecord: {'eval_loss': 2.0885237861424684, 'eval_acc': 0.2137, 'time': 79.74153470993042}
[92mINFO [0m:      
[92mINFO [0m:      [ROUND 7/100]
[92mINFO [0m:      configure_train: Sampled 10 nodes (out of 10)
[92mINFO [0m:      aggregate_train: Received 9 results and 0 failures
[92mINFO [0m:      	└──> Aggregated MetricRecord: {'train_loss': 1.9909467459784613, 'train_time': 5.469103463304539, 'qtty_records': 9}
[92mINFO [0m:      configure_evaluate: Sampled 10 nodes (out of 10)
[92mINFO [0m:      aggregate_evaluate: Received 10 results and 0 failures
[92mINFO [0m:      	└──> Aggregated MetricRecord: {'eval_loss': 2.0563842084258797, 'eval_acc': 0.24720000000000006, 'time': 86.7971408367157}
[92mINFO [0m:      
[92mINFO [0m:      [ROUND 8/100]
[92mINFO [0m:      configure_train: Sampled 9 nodes (out of 10)
[92mINFO [0m:      aggregate_train: Received 10 results and 0 failures
[92mINFO [0m:      	└──> Aggregated MetricRecord: {'train_loss': 1.960603297996521, 'train_time': 5.992611612845212, 'qtty_records': 10}
[92mINFO [0m:      configure_evaluate: Sampled 10 nodes (out of 10)
[92mINFO [0m:      aggregate_evaluate: Received 10 results and 0 failures
[92mINFO [0m:      	└──> Aggregated MetricRecord: {'eval_loss': 2.0492358170449734, 'eval_acc': 0.2445, 'time': 93.96096396446228}
[92mINFO [0m:      
[92mINFO [0m:      [ROUND 9/100]
[92mINFO [0m:      configure_train: Sampled 10 nodes (out of 10)
[92mINFO [0m:      aggregate_train: Received 9 results and 0 failures
[92mINFO [0m:      	└──> Aggregated MetricRecord: {'train_loss': 1.9727955035103693, 'train_time': 5.452101832566162, 'qtty_records': 9}
[92mINFO [0m:      configure_evaluate: Sampled 10 nodes (out of 10)
[92mINFO [0m:      aggregate_evaluate: Received 10 results and 0 failures
[92mINFO [0m:      	└──> Aggregated MetricRecord: {'eval_loss': 2.0842587117105724, 'eval_acc': 0.24239999999999995, 'time': 101.01183128356934}
[92mINFO [0m:      
[92mINFO [0m:      [ROUND 10/100]
[92mINFO [0m:      configure_train: Sampled 9 nodes (out of 10)
[92mINFO [0m:      aggregate_train: Received 10 results and 0 failures
[92mINFO [0m:      	└──> Aggregated MetricRecord: {'train_loss': 1.9580482358932494, 'train_time': 5.989920579362661, 'qtty_records': 10}
[92mINFO [0m:      configure_evaluate: Sampled 10 nodes (out of 10)
[92mINFO [0m:      aggregate_evaluate: Received 10 results and 0 failures
[92mINFO [0m:      	└──> Aggregated MetricRecord: {'eval_loss': 2.009392150118947, 'eval_acc': 0.2631, 'time': 108.07468748092651}
[92mINFO [0m:      
[92mINFO [0m:      [ROUND 11/100]
[92mINFO [0m:      configure_train: Sampled 10 nodes (out of 10)
[92mINFO [0m:      aggregate_train: Received 9 results and 0 failures
[92mINFO [0m:      	└──> Aggregated MetricRecord: {'train_loss': 1.9380174023310344, 'train_time': 5.435369954030547, 'qtty_records': 9}
[92mINFO [0m:      configure_evaluate: Sampled 10 nodes (out of 10)
[92mINFO [0m:      aggregate_evaluate: Received 10 results and 0 failures
[92mINFO [0m:      	└──> Aggregated MetricRecord: {'eval_loss': 2.0221502769738438, 'eval_acc': 0.2475, 'time': 115.1209089756012}
[92mINFO [0m:      
[92mINFO [0m:      [ROUND 12/100]
[92mINFO [0m:      configure_train: Sampled 9 nodes (out of 10)
[92mINFO [0m:      aggregate_train: Received 10 results and 0 failures
[92mINFO [0m:      	└──> Aggregated MetricRecord: {'train_loss': 1.9433160563468934, 'train_time': 5.95289874970913, 'qtty_records': 10}
[92mINFO [0m:      configure_evaluate: Sampled 10 nodes (out of 10)
[92mINFO [0m:      aggregate_evaluate: Received 10 results and 0 failures
[92mINFO [0m:      	└──> Aggregated MetricRecord: {'eval_loss': 1.9806738056242468, 'eval_acc': 0.283, 'time': 122.18345427513123}
[92mINFO [0m:      
[92mINFO [0m:      [ROUND 13/100]
[92mINFO [0m:      configure_train: Sampled 10 nodes (out of 10)
[92mINFO [0m:      aggregate_train: Received 9 results and 0 failures
[92mINFO [0m:      	└──> Aggregated MetricRecord: {'train_loss': 1.93730702357822, 'train_time': 5.420530988938278, 'qtty_records': 9}
[92mINFO [0m:      configure_evaluate: Sampled 10 nodes (out of 10)
[92mINFO [0m:      aggregate_evaluate: Received 10 results and 0 failures
[92mINFO [0m:      	└──> Aggregated MetricRecord: {'eval_loss': 2.018437274172902, 'eval_acc': 0.2544, 'time': 129.34278082847595}
[92mINFO [0m:      
[92mINFO [0m:      [ROUND 14/100]
[92mINFO [0m:      configure_train: Sampled 9 nodes (out of 10)
[92mINFO [0m:      aggregate_train: Received 10 results and 0 failures
[92mINFO [0m:      	└──> Aggregated MetricRecord: {'train_loss': 1.941113059425354, 'train_time': 5.964892057329417, 'qtty_records': 10}
[92mINFO [0m:      configure_evaluate: Sampled 10 nodes (out of 10)
[92mINFO [0m:      aggregate_evaluate: Received 10 results and 0 failures
[92mINFO [0m:      	└──> Aggregated MetricRecord: {'eval_loss': 1.9799104534089564, 'eval_acc': 0.29079999999999995, 'time': 136.50802564620972}
[92mINFO [0m:      
[92mINFO [0m:      [ROUND 15/100]
[92mINFO [0m:      configure_train: Sampled 10 nodes (out of 10)
[92mINFO [0m:      aggregate_train: Received 9 results and 0 failures
[92mINFO [0m:      	└──> Aggregated MetricRecord: {'train_loss': 1.9458119507895575, 'train_time': 5.447495508111185, 'qtty_records': 9}
[92mINFO [0m:      configure_evaluate: Sampled 10 nodes (out of 10)
[92mINFO [0m:      aggregate_evaluate: Received 10 results and 0 failures
[92mINFO [0m:      	└──> Aggregated MetricRecord: {'eval_loss': 2.0387062933295965, 'eval_acc': 0.26530000000000004, 'time': 143.684068441391}
[92mINFO [0m:      
[92mINFO [0m:      [ROUND 16/100]
[92mINFO [0m:      configure_train: Sampled 9 nodes (out of 10)
[92mINFO [0m:      aggregate_train: Received 10 results and 0 failures
[92mINFO [0m:      	└──> Aggregated MetricRecord: {'train_loss': 1.9318426286697385, 'train_time': 5.99301174506545, 'qtty_records': 10}
[92mINFO [0m:      configure_evaluate: Sampled 10 nodes (out of 10)
[92mINFO [0m:      aggregate_evaluate: Received 10 results and 0 failures
[92mINFO [0m:      	└──> Aggregated MetricRecord: {'eval_loss': 1.9831505712121726, 'eval_acc': 0.2902, 'time': 150.7422752380371}
[92mINFO [0m:      
[92mINFO [0m:      [ROUND 17/100]
[92mINFO [0m:      configure_train: Sampled 10 nodes (out of 10)
[92mINFO [0m:      aggregate_train: Received 9 results and 0 failures
[92mINFO [0m:      	└──> Aggregated MetricRecord: {'train_loss': 1.924891159799364, 'train_time': 5.438501447646154, 'qtty_records': 9}
[92mINFO [0m:      configure_evaluate: Sampled 10 nodes (out of 10)
[92mINFO [0m:      aggregate_evaluate: Received 10 results and 0 failures
[92mINFO [0m:      	└──> Aggregated MetricRecord: {'eval_loss': 1.9622788533568385, 'eval_acc': 0.3018, 'time': 157.79855608940125}
[92mINFO [0m:      
[92mINFO [0m:      [ROUND 18/100]
[92mINFO [0m:      configure_train: Sampled 9 nodes (out of 10)
[92mINFO [0m:      aggregate_train: Received 10 results and 0 failures
[92mINFO [0m:      	└──> Aggregated MetricRecord: {'train_loss': 1.917478495502472, 'train_time': 5.969357638712973, 'qtty_records': 10}
[92mINFO [0m:      configure_evaluate: Sampled 10 nodes (out of 10)
[92mINFO [0m:      aggregate_evaluate: Received 10 results and 0 failures
[92mINFO [0m:      	└──> Aggregated MetricRecord: {'eval_loss': 1.9571202240884307, 'eval_acc': 0.30300000000000005, 'time': 164.9619562625885}
[92mINFO [0m:      
[92mINFO [0m:      [ROUND 19/100]
[92mINFO [0m:      configure_train: Sampled 10 nodes (out of 10)
[92mINFO [0m:      aggregate_train: Received 9 results and 0 failures
[92mINFO [0m:      	└──> Aggregated MetricRecord: {'train_loss': 1.9257696111467149, 'train_time': 5.454072264333566, 'qtty_records': 9}
[92mINFO [0m:      configure_evaluate: Sampled 10 nodes (out of 10)
[92mINFO [0m:      aggregate_evaluate: Received 10 results and 0 failures
[92mINFO [0m:      	└──> Aggregated MetricRecord: {'eval_loss': 1.9442905705422164, 'eval_acc': 0.30870000000000003, 'time': 172.0217719078064}
[92mINFO [0m:      
[92mINFO [0m:      [ROUND 20/100]
[92mINFO [0m:      configure_train: Sampled 9 nodes (out of 10)
[92mINFO [0m:      aggregate_train: Received 10 results and 0 failures
[92mINFO [0m:      	└──> Aggregated MetricRecord: {'train_loss': 1.917551102924347, 'train_time': 5.9781248131766915, 'qtty_records': 10}
[92mINFO [0m:      configure_evaluate: Sampled 10 nodes (out of 10)
[92mINFO [0m:      aggregate_evaluate: Received 10 results and 0 failures
[92mINFO [0m:      	└──> Aggregated MetricRecord: {'eval_loss': 1.9847487755119804, 'eval_acc': 0.2932, 'time': 179.08300304412842}
[92mINFO [0m:      
[92mINFO [0m:      [ROUND 21/100]
[92mINFO [0m:      configure_train: Sampled 10 nodes (out of 10)
[92mINFO [0m:      aggregate_train: Received 9 results and 0 failures
[92mINFO [0m:      	└──> Aggregated MetricRecord: {'train_loss': 1.914626964992947, 'train_time': 5.462385787007709, 'qtty_records': 9}
[92mINFO [0m:      configure_evaluate: Sampled 10 nodes (out of 10)
[92mINFO [0m:      aggregate_evaluate: Received 10 results and 0 failures
[92mINFO [0m:      	└──> Aggregated MetricRecord: {'eval_loss': 1.971492883190513, 'eval_acc': 0.29510000000000003, 'time': 186.129558801651}
[92mINFO [0m:      
[92mINFO [0m:      [ROUND 22/100]
[92mINFO [0m:      configure_train: Sampled 9 nodes (out of 10)
[92mINFO [0m:      aggregate_train: Received 10 results and 0 failures
[92mINFO [0m:      	└──> Aggregated MetricRecord: {'train_loss': 1.913466263484955, 'train_time': 5.969785377942026, 'qtty_records': 10}
[92mINFO [0m:      configure_evaluate: Sampled 10 nodes (out of 10)
[92mINFO [0m:      aggregate_evaluate: Received 10 results and 0 failures
[92mINFO [0m:      	└──> Aggregated MetricRecord: {'eval_loss': 1.9868046924471856, 'eval_acc': 0.2931, 'time': 193.18871068954468}
[92mINFO [0m:      
[92mINFO [0m:      [ROUND 23/100]
[92mINFO [0m:      configure_train: Sampled 10 nodes (out of 10)
[92mINFO [0m:      aggregate_train: Received 9 results and 0 failures
[92mINFO [0m:      	└──> Aggregated MetricRecord: {'train_loss': 1.9047701929940115, 'train_time': 5.44230537282096, 'qtty_records': 9}
[92mINFO [0m:      configure_evaluate: Sampled 10 nodes (out of 10)
[92mINFO [0m:      aggregate_evaluate: Received 10 results and 0 failures
[92mINFO [0m:      	└──> Aggregated MetricRecord: {'eval_loss': 1.9284388534724712, 'eval_acc': 0.31420000000000003, 'time': 200.3494381904602}
[92mINFO [0m:      
[92mINFO [0m:      [ROUND 24/100]
[92mINFO [0m:      configure_train: Sampled 9 nodes (out of 10)
[92mINFO [0m:      aggregate_train: Received 10 results and 0 failures
[92mINFO [0m:      	└──> Aggregated MetricRecord: {'train_loss': 1.9057312769889831, 'train_time': 5.992021456733346, 'qtty_records': 10}
[92mINFO [0m:      configure_evaluate: Sampled 10 nodes (out of 10)
[92mINFO [0m:      aggregate_evaluate: Received 10 results and 0 failures
[92mINFO [0m:      	└──> Aggregated MetricRecord: {'eval_loss': 1.897112548723817, 'eval_acc': 0.3215, 'time': 207.5192494392395}
[92mINFO [0m:      
[92mINFO [0m:      [ROUND 25/100]
[92mINFO [0m:      configure_train: Sampled 10 nodes (out of 10)
[92mINFO [0m:      aggregate_train: Received 9 results and 0 failures
[92mINFO [0m:      	└──> Aggregated MetricRecord: {'train_loss': 1.8835322500864664, 'train_time': 5.451881394204166, 'qtty_records': 9}
[92mINFO [0m:      configure_evaluate: Sampled 10 nodes (out of 10)
[92mINFO [0m:      aggregate_evaluate: Received 10 results and 0 failures
[92mINFO [0m:      	└──> Aggregated MetricRecord: {'eval_loss': 1.915102488175035, 'eval_acc': 0.32550000000000007, 'time': 214.58221244812012}
[92mINFO [0m:      
[92mINFO [0m:      [ROUND 26/100]
[92mINFO [0m:      configure_train: Sampled 9 nodes (out of 10)
[92mINFO [0m:      aggregate_train: Received 10 results and 0 failures
[92mINFO [0m:      	└──> Aggregated MetricRecord: {'train_loss': 1.8973885469436649, 'train_time': 5.9838456131517885, 'qtty_records': 10}
[92mINFO [0m:      configure_evaluate: Sampled 10 nodes (out of 10)
[92mINFO [0m:      aggregate_evaluate: Received 10 results and 0 failures
[92mINFO [0m:      	└──> Aggregated MetricRecord: {'eval_loss': 1.9224337819963695, 'eval_acc': 0.3063, 'time': 221.74167442321777}
[92mINFO [0m:      
[92mINFO [0m:      [ROUND 27/100]
[92mINFO [0m:      configure_train: Sampled 10 nodes (out of 10)
[92mINFO [0m:      aggregate_train: Received 9 results and 0 failures
[92mINFO [0m:      	└──> Aggregated MetricRecord: {'train_loss': 1.9054021574656168, 'train_time': 5.44454305857006, 'qtty_records': 9}
[92mINFO [0m:      configure_evaluate: Sampled 10 nodes (out of 10)
[92mINFO [0m:      aggregate_evaluate: Received 10 results and 0 failures
[92mINFO [0m:      	└──> Aggregated MetricRecord: {'eval_loss': 1.9465736731886865, 'eval_acc': 0.3169, 'time': 228.90364146232605}
[92mINFO [0m:      
[92mINFO [0m:      [ROUND 28/100]
[92mINFO [0m:      configure_train: Sampled 9 nodes (out of 10)
[92mINFO [0m:      aggregate_train: Received 10 results and 0 failures
[92mINFO [0m:      	└──> Aggregated MetricRecord: {'train_loss': 1.8965583156585692, 'train_time': 5.993742437567562, 'qtty_records': 10}
[92mINFO [0m:      configure_evaluate: Sampled 10 nodes (out of 10)
[92mINFO [0m:      aggregate_evaluate: Received 10 results and 0 failures
[92mINFO [0m:      	└──> Aggregated MetricRecord: {'eval_loss': 1.8844918284565209, 'eval_acc': 0.3308000000000001, 'time': 235.96444082260132}
[92mINFO [0m:      
[92mINFO [0m:      [ROUND 29/100]
[92mINFO [0m:      configure_train: Sampled 10 nodes (out of 10)
[92mINFO [0m:      aggregate_train: Received 9 results and 0 failures
[92mINFO [0m:      	└──> Aggregated MetricRecord: {'train_loss': 1.8863030402925278, 'train_time': 5.42380287239535, 'qtty_records': 9}
[92mINFO [0m:      configure_evaluate: Sampled 10 nodes (out of 10)
[92mINFO [0m:      aggregate_evaluate: Received 10 results and 0 failures
[92mINFO [0m:      	└──> Aggregated MetricRecord: {'eval_loss': 1.9171881388872865, 'eval_acc': 0.3146, 'time': 243.09686183929443}
[92mINFO [0m:      
[92mINFO [0m:      [ROUND 30/100]
[92mINFO [0m:      configure_train: Sampled 9 nodes (out of 10)
[92mINFO [0m:      aggregate_train: Received 10 results and 0 failures
[92mINFO [0m:      	└──> Aggregated MetricRecord: {'train_loss': 1.8877908065795899, 'train_time': 5.9688524654135104, 'qtty_records': 10}
[92mINFO [0m:      configure_evaluate: Sampled 10 nodes (out of 10)
[92mINFO [0m:      aggregate_evaluate: Received 10 results and 0 failures
[92mINFO [0m:      	└──> Aggregated MetricRecord: {'eval_loss': 1.9578036915510892, 'eval_acc': 0.30190000000000006, 'time': 250.15782976150513}
[92mINFO [0m:      
[92mINFO [0m:      [ROUND 31/100]
[92mINFO [0m:      configure_train: Sampled 10 nodes (out of 10)
[92mINFO [0m:      aggregate_train: Received 9 results and 0 failures
[92mINFO [0m:      	└──> Aggregated MetricRecord: {'train_loss': 1.8660717888938056, 'train_time': 5.434506457298994, 'qtty_records': 9}
[92mINFO [0m:      configure_evaluate: Sampled 10 nodes (out of 10)
[92mINFO [0m:      aggregate_evaluate: Received 10 results and 0 failures
[92mINFO [0m:      	└──> Aggregated MetricRecord: {'eval_loss': 1.9082260064780714, 'eval_acc': 0.31589999999999996, 'time': 257.19021821022034}
[92mINFO [0m:      
[92mINFO [0m:      [ROUND 32/100]
[92mINFO [0m:      configure_train: Sampled 9 nodes (out of 10)
[92mINFO [0m:      aggregate_train: Received 10 results and 0 failures
[92mINFO [0m:      	└──> Aggregated MetricRecord: {'train_loss': 1.8905110690116882, 'train_time': 5.971667694114148, 'qtty_records': 10}
[92mINFO [0m:      configure_evaluate: Sampled 10 nodes (out of 10)
[92mINFO [0m:      aggregate_evaluate: Received 10 results and 0 failures
[92mINFO [0m:      	└──> Aggregated MetricRecord: {'eval_loss': 1.88966721855104, 'eval_acc': 0.3345, 'time': 264.2247905731201}
[92mINFO [0m:      
[92mINFO [0m:      [ROUND 33/100]
[92mINFO [0m:      configure_train: Sampled 10 nodes (out of 10)
[92mINFO [0m:      aggregate_train: Received 9 results and 0 failures
[92mINFO [0m:      	└──> Aggregated MetricRecord: {'train_loss': 1.8723285206688773, 'train_time': 5.464278524948491, 'qtty_records': 9}
[92mINFO [0m:      configure_evaluate: Sampled 10 nodes (out of 10)
[92mINFO [0m:      aggregate_evaluate: Received 10 results and 0 failures
[92mINFO [0m:      	└──> Aggregated MetricRecord: {'eval_loss': 1.8927801351994278, 'eval_acc': 0.329, 'time': 271.3845739364624}
[92mINFO [0m:      
[92mINFO [0m:      [ROUND 34/100]
[92mINFO [0m:      configure_train: Sampled 9 nodes (out of 10)
[92mINFO [0m:      aggregate_train: Received 10 results and 0 failures
[92mINFO [0m:      	└──> Aggregated MetricRecord: {'train_loss': 1.8690599801063539, 'train_time': 5.964326904248447, 'qtty_records': 10}
[92mINFO [0m:      configure_evaluate: Sampled 10 nodes (out of 10)
[92mINFO [0m:      aggregate_evaluate: Received 10 results and 0 failures
[92mINFO [0m:      	└──> Aggregated MetricRecord: {'eval_loss': 1.9138399738818408, 'eval_acc': 0.3237, 'time': 278.4521276950836}
[92mINFO [0m:      
[92mINFO [0m:      [ROUND 35/100]
[92mINFO [0m:      configure_train: Sampled 10 nodes (out of 10)
[92mINFO [0m:      aggregate_train: Received 9 results and 0 failures
[92mINFO [0m:      	└──> Aggregated MetricRecord: {'train_loss': 1.8602686475117998, 'train_time': 5.422933304578894, 'qtty_records': 9}
[92mINFO [0m:      configure_evaluate: Sampled 10 nodes (out of 10)
[92mINFO [0m:      aggregate_evaluate: Received 10 results and 0 failures
[92mINFO [0m:      	└──> Aggregated MetricRecord: {'eval_loss': 1.8340412586927415, 'eval_acc': 0.3452, 'time': 285.58453845977783}
[92mINFO [0m:      
[92mINFO [0m:      [ROUND 36/100]
[92mINFO [0m:      configure_train: Sampled 9 nodes (out of 10)
[92mINFO [0m:      aggregate_train: Received 10 results and 0 failures
[92mINFO [0m:      	└──> Aggregated MetricRecord: {'train_loss': 1.8600252643585204, 'train_time': 5.965614751167595, 'qtty_records': 10}
[92mINFO [0m:      configure_evaluate: Sampled 10 nodes (out of 10)
[92mINFO [0m:      aggregate_evaluate: Received 10 results and 0 failures
[92mINFO [0m:      	└──> Aggregated MetricRecord: {'eval_loss': 1.8846464678645134, 'eval_acc': 0.33599999999999997, 'time': 292.6462676525116}
[92mINFO [0m:      
[92mINFO [0m:      [ROUND 37/100]
[92mINFO [0m:      configure_train: Sampled 10 nodes (out of 10)
[92mINFO [0m:      aggregate_train: Received 9 results and 0 failures
[92mINFO [0m:      	└──> Aggregated MetricRecord: {'train_loss': 1.8726530100504557, 'train_time': 5.425918469308979, 'qtty_records': 9}
[92mINFO [0m:      configure_evaluate: Sampled 10 nodes (out of 10)
[92mINFO [0m:      aggregate_evaluate: Received 10 results and 0 failures
[92mINFO [0m:      	└──> Aggregated MetricRecord: {'eval_loss': 1.904361691325903, 'eval_acc': 0.3216, 'time': 299.8075473308563}
[92mINFO [0m:      
[92mINFO [0m:      [ROUND 38/100]
[92mINFO [0m:      configure_train: Sampled 9 nodes (out of 10)
[92mINFO [0m:      aggregate_train: Received 10 results and 0 failures
[92mINFO [0m:      	└──> Aggregated MetricRecord: {'train_loss': 1.8664326119422914, 'train_time': 5.963893689773977, 'qtty_records': 10}
[92mINFO [0m:      configure_evaluate: Sampled 10 nodes (out of 10)
[92mINFO [0m:      aggregate_evaluate: Received 10 results and 0 failures
[92mINFO [0m:      	└──> Aggregated MetricRecord: {'eval_loss': 1.8779702316969638, 'eval_acc': 0.3275, 'time': 306.9725308418274}
[92mINFO [0m:      
[92mINFO [0m:      [ROUND 39/100]
[92mINFO [0m:      configure_train: Sampled 10 nodes (out of 10)
[92mINFO [0m:      aggregate_train: Received 9 results and 0 failures
[92mINFO [0m:      	└──> Aggregated MetricRecord: {'train_loss': 1.8589984672334456, 'train_time': 5.446152846328914, 'qtty_records': 9}
[92mINFO [0m:      configure_evaluate: Sampled 10 nodes (out of 10)
[92mINFO [0m:      aggregate_evaluate: Received 10 results and 0 failures
[92mINFO [0m:      	└──> Aggregated MetricRecord: {'eval_loss': 1.8836765881627802, 'eval_acc': 0.3303000000000001, 'time': 314.0062503814697}
[92mINFO [0m:      
[92mINFO [0m:      [ROUND 40/100]
[92mINFO [0m:      configure_train: Sampled 9 nodes (out of 10)
[92mINFO [0m:      aggregate_train: Received 10 results and 0 failures
[92mINFO [0m:      	└──> Aggregated MetricRecord: {'train_loss': 1.875902153015137, 'train_time': 5.968859557434916, 'qtty_records': 10}
[92mINFO [0m:      configure_evaluate: Sampled 10 nodes (out of 10)
[92mINFO [0m:      aggregate_evaluate: Received 10 results and 0 failures
[92mINFO [0m:      	└──> Aggregated MetricRecord: {'eval_loss': 1.940634208545089, 'eval_acc': 0.32310000000000005, 'time': 321.17640447616577}
[92mINFO [0m:      
[92mINFO [0m:      [ROUND 41/100]
[92mINFO [0m:      configure_train: Sampled 10 nodes (out of 10)
[92mINFO [0m:      aggregate_train: Received 9 results and 0 failures
[92mINFO [0m:      	└──> Aggregated MetricRecord: {'train_loss': 1.84283925904168, 'train_time': 5.438379731650154, 'qtty_records': 9}
[92mINFO [0m:      configure_evaluate: Sampled 10 nodes (out of 10)
[92mINFO [0m:      aggregate_evaluate: Received 10 results and 0 failures
[92mINFO [0m:      	└──> Aggregated MetricRecord: {'eval_loss': 1.8228574935346842, 'eval_acc': 0.3586, 'time': 328.2099142074585}
[92mINFO [0m:      
[92mINFO [0m:      [ROUND 42/100]
[92mINFO [0m:      configure_train: Sampled 9 nodes (out of 10)
[92mINFO [0m:      aggregate_train: Received 10 results and 0 failures
[92mINFO [0m:      	└──> Aggregated MetricRecord: {'train_loss': 1.8675505970954895, 'train_time': 5.961877789627761, 'qtty_records': 10}
[92mINFO [0m:      configure_evaluate: Sampled 10 nodes (out of 10)
[92mINFO [0m:      aggregate_evaluate: Received 10 results and 0 failures
[92mINFO [0m:      	└──> Aggregated MetricRecord: {'eval_loss': 1.8622329212725166, 'eval_acc': 0.33840000000000003, 'time': 335.3717029094696}
[92mINFO [0m:      
[92mINFO [0m:      [ROUND 43/100]
[92mINFO [0m:      configure_train: Sampled 10 nodes (out of 10)
[92mINFO [0m:      aggregate_train: Received 9 results and 0 failures
[92mINFO [0m:      	└──> Aggregated MetricRecord: {'train_loss': 1.8551574958165487, 'train_time': 5.437788173970249, 'qtty_records': 9}
[92mINFO [0m:      configure_evaluate: Sampled 10 nodes (out of 10)
[92mINFO [0m:      aggregate_evaluate: Received 10 results and 0 failures
[92mINFO [0m:      	└──> Aggregated MetricRecord: {'eval_loss': 1.9060580104589466, 'eval_acc': 0.32700000000000007, 'time': 342.51775002479553}
[92mINFO [0m:      
[92mINFO [0m:      [ROUND 44/100]
[92mINFO [0m:      configure_train: Sampled 9 nodes (out of 10)
[92mINFO [0m:      aggregate_train: Received 10 results and 0 failures
[92mINFO [0m:      	└──> Aggregated MetricRecord: {'train_loss': 1.869902321815491, 'train_time': 5.952359858900309, 'qtty_records': 10}
[92mINFO [0m:      configure_evaluate: Sampled 10 nodes (out of 10)
[92mINFO [0m:      aggregate_evaluate: Received 10 results and 0 failures
[92mINFO [0m:      	└──> Aggregated MetricRecord: {'eval_loss': 1.8458346571773294, 'eval_acc': 0.3472, 'time': 349.6782329082489}
[92mINFO [0m:      
[92mINFO [0m:      [ROUND 45/100]
[92mINFO [0m:      configure_train: Sampled 10 nodes (out of 10)
[92mINFO [0m:      aggregate_train: Received 9 results and 0 failures
[92mINFO [0m:      	└──> Aggregated MetricRecord: {'train_loss': 1.836169209268358, 'train_time': 5.456214100743334, 'qtty_records': 9}
[92mINFO [0m:      configure_evaluate: Sampled 10 nodes (out of 10)
[92mINFO [0m:      aggregate_evaluate: Received 10 results and 0 failures
[92mINFO [0m:      	└──> Aggregated MetricRecord: {'eval_loss': 1.8378228832036259, 'eval_acc': 0.3439, 'time': 356.832959651947}
[92mINFO [0m:      
[92mINFO [0m:      [ROUND 46/100]
[92mINFO [0m:      configure_train: Sampled 9 nodes (out of 10)
[92mINFO [0m:      aggregate_train: Received 10 results and 0 failures
[92mINFO [0m:      	└──> Aggregated MetricRecord: {'train_loss': 1.8479473759651184, 'train_time': 5.983127283398062, 'qtty_records': 10}
[92mINFO [0m:      configure_evaluate: Sampled 10 nodes (out of 10)
[92mINFO [0m:      aggregate_evaluate: Received 10 results and 0 failures
[92mINFO [0m:      	└──> Aggregated MetricRecord: {'eval_loss': 1.9094470124691727, 'eval_acc': 0.3215, 'time': 364.01442766189575}
[92mINFO [0m:      
[92mINFO [0m:      [ROUND 47/100]
[92mINFO [0m:      configure_train: Sampled 10 nodes (out of 10)
[92mINFO [0m:      aggregate_train: Received 9 results and 0 failures
[92mINFO [0m:      	└──> Aggregated MetricRecord: {'train_loss': 1.835288915952047, 'train_time': 5.445243452882601, 'qtty_records': 9}
[92mINFO [0m:      configure_evaluate: Sampled 10 nodes (out of 10)
[92mINFO [0m:      aggregate_evaluate: Received 10 results and 0 failures
[92mINFO [0m:      	└──> Aggregated MetricRecord: {'eval_loss': 1.8421679809689522, 'eval_acc': 0.34690000000000004, 'time': 371.0472309589386}
[92mINFO [0m:      
[92mINFO [0m:      [ROUND 48/100]
[92mINFO [0m:      configure_train: Sampled 9 nodes (out of 10)
[92mINFO [0m:      aggregate_train: Received 10 results and 0 failures
[92mINFO [0m:      	└──> Aggregated MetricRecord: {'train_loss': 1.861005146789551, 'train_time': 5.980161509104073, 'qtty_records': 10}
[92mINFO [0m:      configure_evaluate: Sampled 10 nodes (out of 10)
[92mINFO [0m:      aggregate_evaluate: Received 10 results and 0 failures
[92mINFO [0m:      	└──> Aggregated MetricRecord: {'eval_loss': 1.8736809086054564, 'eval_acc': 0.3439, 'time': 378.2107710838318}
[92mINFO [0m:      
[92mINFO [0m:      [ROUND 49/100]
[92mINFO [0m:      configure_train: Sampled 10 nodes (out of 10)
[92mINFO [0m:      aggregate_train: Received 9 results and 0 failures
[92mINFO [0m:      	└──> Aggregated MetricRecord: {'train_loss': 1.846637840906779, 'train_time': 5.450449874314169, 'qtty_records': 9}
[92mINFO [0m:      configure_evaluate: Sampled 10 nodes (out of 10)
[92mINFO [0m:      aggregate_evaluate: Received 10 results and 0 failures
[92mINFO [0m:      	└──> Aggregated MetricRecord: {'eval_loss': 1.887737322226167, 'eval_acc': 0.32320000000000004, 'time': 385.2798812389374}
[92mINFO [0m:      
[92mINFO [0m:      [ROUND 50/100]
[92mINFO [0m:      configure_train: Sampled 9 nodes (out of 10)
[92mINFO [0m:      aggregate_train: Received 10 results and 0 failures
[92mINFO [0m:      	└──> Aggregated MetricRecord: {'train_loss': 1.8440728152275085, 'train_time': 5.972694302164018, 'qtty_records': 10}
[92mINFO [0m:      configure_evaluate: Sampled 10 nodes (out of 10)
[92mINFO [0m:      aggregate_evaluate: Received 10 results and 0 failures
[92mINFO [0m:      	└──> Aggregated MetricRecord: {'eval_loss': 1.8301268700510265, 'eval_acc': 0.3483, 'time': 392.44176054000854}
[92mINFO [0m:      
[92mINFO [0m:      [ROUND 51/100]
[92mINFO [0m:      configure_train: Sampled 10 nodes (out of 10)
[92mINFO [0m:      aggregate_train: Received 9 results and 0 failures
[92mINFO [0m:      	└──> Aggregated MetricRecord: {'train_loss': 1.8543341610166764, 'train_time': 5.448261581671734, 'qtty_records': 9}
[92mINFO [0m:      configure_evaluate: Sampled 10 nodes (out of 10)
[92mINFO [0m:      aggregate_evaluate: Received 10 results and 0 failures
[92mINFO [0m:      	└──> Aggregated MetricRecord: {'eval_loss': 1.903044782951474, 'eval_acc': 0.31410000000000005, 'time': 399.5889275074005}
[92mINFO [0m:      
[92mINFO [0m:      [ROUND 52/100]
[92mINFO [0m:      configure_train: Sampled 9 nodes (out of 10)
[92mINFO [0m:      aggregate_train: Received 10 results and 0 failures
[92mINFO [0m:      	└──> Aggregated MetricRecord: {'train_loss': 1.8616740753173828, 'train_time': 5.955757645517588, 'qtty_records': 10}
[92mINFO [0m:      configure_evaluate: Sampled 10 nodes (out of 10)
[92mINFO [0m:      aggregate_evaluate: Received 10 results and 0 failures
[92mINFO [0m:      	└──> Aggregated MetricRecord: {'eval_loss': 1.856565869227052, 'eval_acc': 0.3461000000000001, 'time': 406.6529700756073}
[92mINFO [0m:      
[92mINFO [0m:      [ROUND 53/100]
[92mINFO [0m:      configure_train: Sampled 10 nodes (out of 10)
[92mINFO [0m:      aggregate_train: Received 9 results and 0 failures
[92mINFO [0m:      	└──> Aggregated MetricRecord: {'train_loss': 1.8445037108527287, 'train_time': 5.428041449230578, 'qtty_records': 9}
[92mINFO [0m:      configure_evaluate: Sampled 10 nodes (out of 10)
[92mINFO [0m:      aggregate_evaluate: Received 10 results and 0 failures
[92mINFO [0m:      	└──> Aggregated MetricRecord: {'eval_loss': 1.8375167962163688, 'eval_acc': 0.3451, 'time': 413.7255754470825}
[92mINFO [0m:      
[92mINFO [0m:      [ROUND 54/100]
[92mINFO [0m:      configure_train: Sampled 9 nodes (out of 10)
[92mINFO [0m:      aggregate_train: Received 10 results and 0 failures
[92mINFO [0m:      	└──> Aggregated MetricRecord: {'train_loss': 1.8309025588989263, 'train_time': 5.9594233029522, 'qtty_records': 10}
[92mINFO [0m:      configure_evaluate: Sampled 10 nodes (out of 10)
[92mINFO [0m:      aggregate_evaluate: Received 10 results and 0 failures
[92mINFO [0m:      	└──> Aggregated MetricRecord: {'eval_loss': 1.8515655633062127, 'eval_acc': 0.3522, 'time': 420.89655447006226}
[92mINFO [0m:      
[92mINFO [0m:      [ROUND 55/100]
[92mINFO [0m:      configure_train: Sampled 10 nodes (out of 10)
[92mINFO [0m:      aggregate_train: Received 9 results and 0 failures
[92mINFO [0m:      	└──> Aggregated MetricRecord: {'train_loss': 1.8925930254194474, 'train_time': 5.427604684192273, 'qtty_records': 9}
[92mINFO [0m:      configure_evaluate: Sampled 10 nodes (out of 10)
[92mINFO [0m:      aggregate_evaluate: Received 10 results and 0 failures
[92mINFO [0m:      	└──> Aggregated MetricRecord: {'eval_loss': 1.871033175289631, 'eval_acc': 0.3415, 'time': 427.9377090930939}
[92mINFO [0m:      
[92mINFO [0m:      [ROUND 56/100]
[92mINFO [0m:      configure_train: Sampled 9 nodes (out of 10)
[92mINFO [0m:      aggregate_train: Received 10 results and 0 failures
[92mINFO [0m:      	└──> Aggregated MetricRecord: {'train_loss': 1.8542339947700504, 'train_time': 5.957966916356236, 'qtty_records': 10}
[92mINFO [0m:      configure_evaluate: Sampled 10 nodes (out of 10)
[92mINFO [0m:      aggregate_evaluate: Received 10 results and 0 failures
[92mINFO [0m:      	└──> Aggregated MetricRecord: {'eval_loss': 1.8582389708608391, 'eval_acc': 0.33430000000000004, 'time': 435.1034166812897}
[92mINFO [0m:      
[92mINFO [0m:      [ROUND 57/100]
[92mINFO [0m:      configure_train: Sampled 10 nodes (out of 10)
[92mINFO [0m:      aggregate_train: Received 9 results and 0 failures
[92mINFO [0m:      	└──> Aggregated MetricRecord: {'train_loss': 1.8517553944057887, 'train_time': 5.444760897093349, 'qtty_records': 9}
[92mINFO [0m:      configure_evaluate: Sampled 10 nodes (out of 10)
[92mINFO [0m:      aggregate_evaluate: Received 10 results and 0 failures
[92mINFO [0m:      	└──> Aggregated MetricRecord: {'eval_loss': 1.8619660004973413, 'eval_acc': 0.3462, 'time': 442.27189445495605}
[92mINFO [0m:      
[92mINFO [0m:      [ROUND 58/100]
[92mINFO [0m:      configure_train: Sampled 9 nodes (out of 10)
[92mINFO [0m:      aggregate_train: Received 10 results and 0 failures
[92mINFO [0m:      	└──> Aggregated MetricRecord: {'train_loss': 1.8688675265312198, 'train_time': 5.977344510238618, 'qtty_records': 10}
[92mINFO [0m:      configure_evaluate: Sampled 10 nodes (out of 10)
[92mINFO [0m:      aggregate_evaluate: Received 10 results and 0 failures
[92mINFO [0m:      	└──> Aggregated MetricRecord: {'eval_loss': 1.8770952280610802, 'eval_acc': 0.34500000000000003, 'time': 449.33512902259827}
[92mINFO [0m:      
[92mINFO [0m:      [ROUND 59/100]
[92mINFO [0m:      configure_train: Sampled 10 nodes (out of 10)
[92mINFO [0m:      aggregate_train: Received 9 results and 0 failures
[92mINFO [0m:      	└──> Aggregated MetricRecord: {'train_loss': 1.8531138034396701, 'train_time': 5.4239915156116085, 'qtty_records': 9}
[92mINFO [0m:      configure_evaluate: Sampled 10 nodes (out of 10)
[92mINFO [0m:      aggregate_evaluate: Received 10 results and 0 failures
[92mINFO [0m:      	└──> Aggregated MetricRecord: {'eval_loss': 1.848729855194688, 'eval_acc': 0.34650000000000003, 'time': 456.4695062637329}
[92mINFO [0m:      
[92mINFO [0m:      [ROUND 60/100]
[92mINFO [0m:      configure_train: Sampled 9 nodes (out of 10)
[92mINFO [0m:      aggregate_train: Received 10 results and 0 failures
[92mINFO [0m:      	└──> Aggregated MetricRecord: {'train_loss': 1.8374751478195195, 'train_time': 5.975676309596747, 'qtty_records': 10}
[92mINFO [0m:      configure_evaluate: Sampled 10 nodes (out of 10)
[92mINFO [0m:      aggregate_evaluate: Received 10 results and 0 failures
[92mINFO [0m:      	└──> Aggregated MetricRecord: {'eval_loss': 1.818286780640483, 'eval_acc': 0.3699, 'time': 463.53263688087463}
[92mINFO [0m:      
[92mINFO [0m:      [ROUND 61/100]
[92mINFO [0m:      configure_train: Sampled 10 nodes (out of 10)
[92mINFO [0m:      aggregate_train: Received 9 results and 0 failures
[92mINFO [0m:      	└──> Aggregated MetricRecord: {'train_loss': 1.8402715728547836, 'train_time': 5.417679802307652, 'qtty_records': 9}
[92mINFO [0m:      configure_evaluate: Sampled 10 nodes (out of 10)
[92mINFO [0m:      aggregate_evaluate: Received 10 results and 0 failures
[92mINFO [0m:      	└──> Aggregated MetricRecord: {'eval_loss': 1.8457101833075287, 'eval_acc': 0.3514, 'time': 470.5677924156189}
[92mINFO [0m:      
[92mINFO [0m:      [ROUND 62/100]
[92mINFO [0m:      configure_train: Sampled 9 nodes (out of 10)
[92mINFO [0m:      aggregate_train: Received 10 results and 0 failures
[92mINFO [0m:      	└──> Aggregated MetricRecord: {'train_loss': 1.8580408020973207, 'train_time': 5.951405648142099, 'qtty_records': 10}
[92mINFO [0m:      configure_evaluate: Sampled 10 nodes (out of 10)
[92mINFO [0m:      aggregate_evaluate: Received 10 results and 0 failures
[92mINFO [0m:      	└──> Aggregated MetricRecord: {'eval_loss': 1.871043286845088, 'eval_acc': 0.3393999999999999, 'time': 477.74437642097473}
[92mINFO [0m:      
[92mINFO [0m:      [ROUND 63/100]
[92mINFO [0m:      configure_train: Sampled 10 nodes (out of 10)
[92mINFO [0m:      aggregate_train: Received 9 results and 0 failures
[92mINFO [0m:      	└──> Aggregated MetricRecord: {'train_loss': 1.815272653579712, 'train_time': 5.457264254283574, 'qtty_records': 9}
[92mINFO [0m:      configure_evaluate: Sampled 10 nodes (out of 10)
[92mINFO [0m:      aggregate_evaluate: Received 10 results and 0 failures
[92mINFO [0m:      	└──> Aggregated MetricRecord: {'eval_loss': 1.8023900076746942, 'eval_acc': 0.3632, 'time': 484.7779543399811}
[92mINFO [0m:      
[92mINFO [0m:      [ROUND 64/100]
[92mINFO [0m:      configure_train: Sampled 9 nodes (out of 10)
[92mINFO [0m:      aggregate_train: Received 10 results and 0 failures
[92mINFO [0m:      	└──> Aggregated MetricRecord: {'train_loss': 1.852393434524536, 'train_time': 5.962823627796024, 'qtty_records': 10}
[92mINFO [0m:      configure_evaluate: Sampled 10 nodes (out of 10)
[92mINFO [0m:      aggregate_evaluate: Received 10 results and 0 failures
[92mINFO [0m:      	└──> Aggregated MetricRecord: {'eval_loss': 1.8503164403140546, 'eval_acc': 0.3434, 'time': 491.9415009021759}
[92mINFO [0m:      
[92mINFO [0m:      [ROUND 65/100]
[92mINFO [0m:      configure_train: Sampled 10 nodes (out of 10)
[92mINFO [0m:      aggregate_train: Received 9 results and 0 failures
[92mINFO [0m:      	└──> Aggregated MetricRecord: {'train_loss': 1.8316070082982385, 'train_time': 5.457232688450151, 'qtty_records': 9}
[92mINFO [0m:      configure_evaluate: Sampled 10 nodes (out of 10)
[92mINFO [0m:      aggregate_evaluate: Received 10 results and 0 failures
[92mINFO [0m:      	└──> Aggregated MetricRecord: {'eval_loss': 1.853347946330905, 'eval_acc': 0.34090000000000004, 'time': 498.9989628791809}
[92mINFO [0m:      
[92mINFO [0m:      [ROUND 66/100]
[92mINFO [0m:      configure_train: Sampled 9 nodes (out of 10)
[92mINFO [0m:      aggregate_train: Received 10 results and 0 failures
[92mINFO [0m:      	└──> Aggregated MetricRecord: {'train_loss': 1.8533195366859438, 'train_time': 5.9622478405945, 'qtty_records': 10}
[92mINFO [0m:      configure_evaluate: Sampled 10 nodes (out of 10)
[92mINFO [0m:      aggregate_evaluate: Received 10 results and 0 failures
[92mINFO [0m:      	└──> Aggregated MetricRecord: {'eval_loss': 1.821603862941265, 'eval_acc': 0.3573, 'time': 506.1622612476349}
[92mINFO [0m:      
[92mINFO [0m:      [ROUND 67/100]
[92mINFO [0m:      configure_train: Sampled 10 nodes (out of 10)
[92mINFO [0m:      aggregate_train: Received 9 results and 0 failures
[92mINFO [0m:      	└──> Aggregated MetricRecord: {'train_loss': 1.8329503092235988, 'train_time': 5.430084995511505, 'qtty_records': 9}
[92mINFO [0m:      configure_evaluate: Sampled 10 nodes (out of 10)
[92mINFO [0m:      aggregate_evaluate: Received 10 results and 0 failures
[92mINFO [0m:      	└──> Aggregated MetricRecord: {'eval_loss': 1.8856634695082903, 'eval_acc': 0.3446, 'time': 513.3237709999084}
[92mINFO [0m:      
[92mINFO [0m:      [ROUND 68/100]
[92mINFO [0m:      configure_train: Sampled 9 nodes (out of 10)
[92mINFO [0m:      aggregate_train: Received 10 results and 0 failures
[92mINFO [0m:      	└──> Aggregated MetricRecord: {'train_loss': 1.8469625681877138, 'train_time': 5.960570838861168, 'qtty_records': 10}
[92mINFO [0m:      configure_evaluate: Sampled 10 nodes (out of 10)
[92mINFO [0m:      aggregate_evaluate: Received 10 results and 0 failures
[92mINFO [0m:      	└──> Aggregated MetricRecord: {'eval_loss': 1.8379251316189766, 'eval_acc': 0.3558, 'time': 520.3849499225616}
[92mINFO [0m:      
[92mINFO [0m:      [ROUND 69/100]
[92mINFO [0m:      configure_train: Sampled 10 nodes (out of 10)
[92mINFO [0m:      aggregate_train: Received 9 results and 0 failures
[92mINFO [0m:      	└──> Aggregated MetricRecord: {'train_loss': 1.8425189956029255, 'train_time': 5.430435022339225, 'qtty_records': 9}
[92mINFO [0m:      configure_evaluate: Sampled 10 nodes (out of 10)
[92mINFO [0m:      aggregate_evaluate: Received 10 results and 0 failures
[92mINFO [0m:      	└──> Aggregated MetricRecord: {'eval_loss': 1.8260782670229676, 'eval_acc': 0.3728, 'time': 527.4401071071625}
[92mINFO [0m:      
[92mINFO [0m:      [ROUND 70/100]
[92mINFO [0m:      configure_train: Sampled 9 nodes (out of 10)
[92mINFO [0m:      aggregate_train: Received 10 results and 0 failures
[92mINFO [0m:      	└──> Aggregated MetricRecord: {'train_loss': 1.8387029713630676, 'train_time': 5.948784723132849, 'qtty_records': 10}
[92mINFO [0m:      configure_evaluate: Sampled 10 nodes (out of 10)
[92mINFO [0m:      aggregate_evaluate: Received 10 results and 0 failures
[92mINFO [0m:      	└──> Aggregated MetricRecord: {'eval_loss': 1.848436348885298, 'eval_acc': 0.3508, 'time': 534.6020448207855}
[92mINFO [0m:      
[92mINFO [0m:      [ROUND 71/100]
[92mINFO [0m:      configure_train: Sampled 10 nodes (out of 10)
[92mINFO [0m:      aggregate_train: Received 9 results and 0 failures
[92mINFO [0m:      	└──> Aggregated MetricRecord: {'train_loss': 1.83715157784356, 'train_time': 5.4233507026607795, 'qtty_records': 9}
[92mINFO [0m:      configure_evaluate: Sampled 10 nodes (out of 10)
[92mINFO [0m:      aggregate_evaluate: Received 10 results and 0 failures
[92mINFO [0m:      	└──> Aggregated MetricRecord: {'eval_loss': 1.866413800045848, 'eval_acc': 0.35429999999999995, 'time': 541.6578714847565}
[92mINFO [0m:      
[92mINFO [0m:      [ROUND 72/100]
[92mINFO [0m:      configure_train: Sampled 9 nodes (out of 10)
[92mINFO [0m:      aggregate_train: Received 10 results and 0 failures
[92mINFO [0m:      	└──> Aggregated MetricRecord: {'train_loss': 1.8411175456047062, 'train_time': 5.947448017261922, 'qtty_records': 10}
[92mINFO [0m:      configure_evaluate: Sampled 10 nodes (out of 10)
[92mINFO [0m:      aggregate_evaluate: Received 10 results and 0 failures
[92mINFO [0m:      	└──> Aggregated MetricRecord: {'eval_loss': 1.814118628203869, 'eval_acc': 0.3755, 'time': 548.8180027008057}
[92mINFO [0m:      
[92mINFO [0m:      [ROUND 73/100]
[92mINFO [0m:      configure_train: Sampled 10 nodes (out of 10)
[92mINFO [0m:      aggregate_train: Received 9 results and 0 failures
[92mINFO [0m:      	└──> Aggregated MetricRecord: {'train_loss': 1.8268407208124797, 'train_time': 5.425958992706405, 'qtty_records': 9}
[92mINFO [0m:      configure_evaluate: Sampled 10 nodes (out of 10)
[92mINFO [0m:      aggregate_evaluate: Received 10 results and 0 failures
[92mINFO [0m:      	└──> Aggregated MetricRecord: {'eval_loss': 1.8195128098130227, 'eval_acc': 0.3612, 'time': 555.8639016151428}
[92mINFO [0m:      
[92mINFO [0m:      [ROUND 74/100]
[92mINFO [0m:      configure_train: Sampled 9 nodes (out of 10)
[92mINFO [0m:      aggregate_train: Received 10 results and 0 failures
[92mINFO [0m:      	└──> Aggregated MetricRecord: {'train_loss': 1.8396510034561162, 'train_time': 5.945817205216736, 'qtty_records': 10}
[92mINFO [0m:      configure_evaluate: Sampled 10 nodes (out of 10)
[92mINFO [0m:      aggregate_evaluate: Received 10 results and 0 failures
[92mINFO [0m:      	└──> Aggregated MetricRecord: {'eval_loss': 1.8520358055830004, 'eval_acc': 0.34370000000000006, 'time': 563.0252141952515}
[92mINFO [0m:      
[92mINFO [0m:      [ROUND 75/100]
[92mINFO [0m:      configure_train: Sampled 10 nodes (out of 10)
[92mINFO [0m:      aggregate_train: Received 9 results and 0 failures
[92mINFO [0m:      	└──> Aggregated MetricRecord: {'train_loss': 1.8268677607642279, 'train_time': 5.438094265138109, 'qtty_records': 9}
[92mINFO [0m:      configure_evaluate: Sampled 10 nodes (out of 10)
[92mINFO [0m:      aggregate_evaluate: Received 10 results and 0 failures
[92mINFO [0m:      	└──> Aggregated MetricRecord: {'eval_loss': 1.7868998486548664, 'eval_acc': 0.36539999999999995, 'time': 570.1864614486694}
[92mINFO [0m:      
[92mINFO [0m:      [ROUND 76/100]
[92mINFO [0m:      configure_train: Sampled 9 nodes (out of 10)
[92mINFO [0m:      aggregate_train: Received 10 results and 0 failures
[92mINFO [0m:      	└──> Aggregated MetricRecord: {'train_loss': 1.8508946932792665, 'train_time': 5.938397639058531, 'qtty_records': 10}
[92mINFO [0m:      configure_evaluate: Sampled 10 nodes (out of 10)
[92mINFO [0m:      aggregate_evaluate: Received 10 results and 0 failures
[92mINFO [0m:      	└──> Aggregated MetricRecord: {'eval_loss': 1.8787399124354127, 'eval_acc': 0.34540000000000004, 'time': 577.3656919002533}
[92mINFO [0m:      
[92mINFO [0m:      [ROUND 77/100]
[92mINFO [0m:      configure_train: Sampled 10 nodes (out of 10)
[92mINFO [0m:      aggregate_train: Received 9 results and 0 failures
[92mINFO [0m:      	└──> Aggregated MetricRecord: {'train_loss': 1.8441376415888464, 'train_time': 5.4489691760391, 'qtty_records': 9}
[92mINFO [0m:      configure_evaluate: Sampled 10 nodes (out of 10)
[92mINFO [0m:      aggregate_evaluate: Received 10 results and 0 failures
[92mINFO [0m:      	└──> Aggregated MetricRecord: {'eval_loss': 1.8872230246663093, 'eval_acc': 0.3521000000000001, 'time': 584.4230906963348}
[92mINFO [0m:      
[92mINFO [0m:      [ROUND 78/100]
[92mINFO [0m:      configure_train: Sampled 9 nodes (out of 10)
[92mINFO [0m:      aggregate_train: Received 10 results and 0 failures
[92mINFO [0m:      	└──> Aggregated MetricRecord: {'train_loss': 1.8305605807304384, 'train_time': 5.945763272698969, 'qtty_records': 10}
[92mINFO [0m:      configure_evaluate: Sampled 10 nodes (out of 10)
[92mINFO [0m:      aggregate_evaluate: Received 10 results and 0 failures
[92mINFO [0m:      	└──> Aggregated MetricRecord: {'eval_loss': 1.8286074820905929, 'eval_acc': 0.3664, 'time': 591.5862820148468}
[92mINFO [0m:      
[92mINFO [0m:      [ROUND 79/100]
[92mINFO [0m:      configure_train: Sampled 10 nodes (out of 10)
[92mINFO [0m:      aggregate_train: Received 9 results and 0 failures
[92mINFO [0m:      	└──> Aggregated MetricRecord: {'train_loss': 1.8657293335596719, 'train_time': 5.426369857146508, 'qtty_records': 9}
[92mINFO [0m:      configure_evaluate: Sampled 10 nodes (out of 10)
[92mINFO [0m:      aggregate_evaluate: Received 10 results and 0 failures
[92mINFO [0m:      	└──> Aggregated MetricRecord: {'eval_loss': 1.9641615919768813, 'eval_acc': 0.3047000000000001, 'time': 598.7460961341858}
[92mINFO [0m:      
[92mINFO [0m:      [ROUND 80/100]
[92mINFO [0m:      configure_train: Sampled 9 nodes (out of 10)
[92mINFO [0m:      aggregate_train: Received 10 results and 0 failures
[92mINFO [0m:      	└──> Aggregated MetricRecord: {'train_loss': 1.8593485843658446, 'train_time': 5.960185718163848, 'qtty_records': 10}
[92mINFO [0m:      configure_evaluate: Sampled 10 nodes (out of 10)
[92mINFO [0m:      aggregate_evaluate: Received 10 results and 0 failures
[92mINFO [0m:      	└──> Aggregated MetricRecord: {'eval_loss': 1.844434976950288, 'eval_acc': 0.3588, 'time': 605.8070924282074}
[92mINFO [0m:      
[92mINFO [0m:      [ROUND 81/100]
[92mINFO [0m:      configure_train: Sampled 10 nodes (out of 10)
[92mINFO [0m:      aggregate_train: Received 9 results and 0 failures
[92mINFO [0m:      	└──> Aggregated MetricRecord: {'train_loss': 1.827116718928019, 'train_time': 5.417634837329388, 'qtty_records': 9}
[92mINFO [0m:      configure_evaluate: Sampled 10 nodes (out of 10)
[92mINFO [0m:      aggregate_evaluate: Received 10 results and 0 failures
[92mINFO [0m:      	└──> Aggregated MetricRecord: {'eval_loss': 1.8720278929919003, 'eval_acc': 0.3426, 'time': 612.9672989845276}
[92mINFO [0m:      
[92mINFO [0m:      [ROUND 82/100]
[92mINFO [0m:      configure_train: Sampled 9 nodes (out of 10)
[92mINFO [0m:      aggregate_train: Received 10 results and 0 failures
[92mINFO [0m:      	└──> Aggregated MetricRecord: {'train_loss': 1.8392285918235782, 'train_time': 5.959686237480492, 'qtty_records': 10}
[92mINFO [0m:      configure_evaluate: Sampled 10 nodes (out of 10)
[92mINFO [0m:      aggregate_evaluate: Received 10 results and 0 failures
[92mINFO [0m:      	└──> Aggregated MetricRecord: {'eval_loss': 1.8704542603343726, 'eval_acc': 0.34720000000000006, 'time': 620.1324172019958}
[92mINFO [0m:      
[92mINFO [0m:      [ROUND 83/100]
[92mINFO [0m:      configure_train: Sampled 10 nodes (out of 10)
[92mINFO [0m:      aggregate_train: Received 9 results and 0 failures
[92mINFO [0m:      	└──> Aggregated MetricRecord: {'train_loss': 1.8328605478074815, 'train_time': 5.437239562057787, 'qtty_records': 9}
[92mINFO [0m:      configure_evaluate: Sampled 10 nodes (out of 10)
[92mINFO [0m:      aggregate_evaluate: Received 10 results and 0 failures
[92mINFO [0m:      	└──> Aggregated MetricRecord: {'eval_loss': 1.8039228364825248, 'eval_acc': 0.36050000000000004, 'time': 627.1726202964783}
[92mINFO [0m:      
[92mINFO [0m:      [ROUND 84/100]
[92mINFO [0m:      configure_train: Sampled 9 nodes (out of 10)
[92mINFO [0m:      aggregate_train: Received 10 results and 0 failures
[92mINFO [0m:      	└──> Aggregated MetricRecord: {'train_loss': 1.8369704960823061, 'train_time': 5.954244898911566, 'qtty_records': 10}
[92mINFO [0m:      configure_evaluate: Sampled 10 nodes (out of 10)
[92mINFO [0m:      aggregate_evaluate: Received 10 results and 0 failures
[92mINFO [0m:      	└──> Aggregated MetricRecord: {'eval_loss': 1.8417269159108403, 'eval_acc': 0.3638, 'time': 634.3333396911621}
[92mINFO [0m:      
[92mINFO [0m:      [ROUND 85/100]
[92mINFO [0m:      configure_train: Sampled 10 nodes (out of 10)
[92mINFO [0m:      aggregate_train: Received 9 results and 0 failures
[92mINFO [0m:      	└──> Aggregated MetricRecord: {'train_loss': 1.8391584752400714, 'train_time': 5.450526847193639, 'qtty_records': 9}
[92mINFO [0m:      configure_evaluate: Sampled 10 nodes (out of 10)
[92mINFO [0m:      aggregate_evaluate: Received 10 results and 0 failures
[92mINFO [0m:      	└──> Aggregated MetricRecord: {'eval_loss': 1.8486401725560428, 'eval_acc': 0.35760000000000003, 'time': 641.5003108978271}
[92mINFO [0m:      
[92mINFO [0m:      [ROUND 86/100]
[92mINFO [0m:      configure_train: Sampled 9 nodes (out of 10)
[92mINFO [0m:      aggregate_train: Received 10 results and 0 failures
[92mINFO [0m:      	└──> Aggregated MetricRecord: {'train_loss': 1.8453318058967594, 'train_time': 5.963183871377259, 'qtty_records': 10}
[92mINFO [0m:      configure_evaluate: Sampled 10 nodes (out of 10)
[92mINFO [0m:      aggregate_evaluate: Received 10 results and 0 failures
[92mINFO [0m:      	└──> Aggregated MetricRecord: {'eval_loss': 1.866097442805767, 'eval_acc': 0.3541, 'time': 648.561014175415}
[92mINFO [0m:      
[92mINFO [0m:      [ROUND 87/100]
[92mINFO [0m:      configure_train: Sampled 10 nodes (out of 10)
[92mINFO [0m:      aggregate_train: Received 9 results and 0 failures
[92mINFO [0m:      	└──> Aggregated MetricRecord: {'train_loss': 1.8312807866202458, 'train_time': 5.404948487877846, 'qtty_records': 9}
[92mINFO [0m:      configure_evaluate: Sampled 10 nodes (out of 10)
[92mINFO [0m:      aggregate_evaluate: Received 10 results and 0 failures
[92mINFO [0m:      	└──> Aggregated MetricRecord: {'eval_loss': 1.8206887058913708, 'eval_acc': 0.3625999999999999, 'time': 655.6170415878296}
[92mINFO [0m:      
[92mINFO [0m:      [ROUND 88/100]
[92mINFO [0m:      configure_train: Sampled 9 nodes (out of 10)
[92mINFO [0m:      aggregate_train: Received 10 results and 0 failures
[92mINFO [0m:      	└──> Aggregated MetricRecord: {'train_loss': 1.8584075715065005, 'train_time': 5.9477474256418645, 'qtty_records': 10}
[92mINFO [0m:      configure_evaluate: Sampled 10 nodes (out of 10)
[92mINFO [0m:      aggregate_evaluate: Received 10 results and 0 failures
[92mINFO [0m:      	└──> Aggregated MetricRecord: {'eval_loss': 1.8974935542792082, 'eval_acc': 0.3369, 'time': 662.7895376682281}
[92mINFO [0m:      
[92mINFO [0m:      [ROUND 89/100]
[92mINFO [0m:      configure_train: Sampled 10 nodes (out of 10)
[92mINFO [0m:      aggregate_train: Received 9 results and 0 failures
[92mINFO [0m:      	└──> Aggregated MetricRecord: {'train_loss': 1.8410802623960705, 'train_time': 5.446204421731333, 'qtty_records': 9}
[92mINFO [0m:      configure_evaluate: Sampled 10 nodes (out of 10)
[92mINFO [0m:      aggregate_evaluate: Received 10 results and 0 failures
[92mINFO [0m:      	└──> Aggregated MetricRecord: {'eval_loss': 1.83288132250309, 'eval_acc': 0.3645, 'time': 669.8462464809418}
[92mINFO [0m:      
[92mINFO [0m:      [ROUND 90/100]
[92mINFO [0m:      configure_train: Sampled 9 nodes (out of 10)
[92mINFO [0m:      aggregate_train: Received 10 results and 0 failures
[92mINFO [0m:      	└──> Aggregated MetricRecord: {'train_loss': 1.8531215543746948, 'train_time': 5.966668356396258, 'qtty_records': 10}
[92mINFO [0m:      configure_evaluate: Sampled 10 nodes (out of 10)
[92mINFO [0m:      aggregate_evaluate: Received 10 results and 0 failures
[92mINFO [0m:      	└──> Aggregated MetricRecord: {'eval_loss': 1.8928071532398463, 'eval_acc': 0.3389, 'time': 677.0096788406372}
[92mINFO [0m:      
[92mINFO [0m:      [ROUND 91/100]
[92mINFO [0m:      configure_train: Sampled 10 nodes (out of 10)
[92mINFO [0m:      aggregate_train: Received 9 results and 0 failures
[92mINFO [0m:      	└──> Aggregated MetricRecord: {'train_loss': 1.8513802565468682, 'train_time': 5.4310650657862425, 'qtty_records': 9}
[92mINFO [0m:      configure_evaluate: Sampled 10 nodes (out of 10)
[92mINFO [0m:      aggregate_evaluate: Received 10 results and 0 failures
[92mINFO [0m:      	└──> Aggregated MetricRecord: {'eval_loss': 1.8838347088545562, 'eval_acc': 0.3509, 'time': 684.0432543754578}
[92mINFO [0m:      
[92mINFO [0m:      [ROUND 92/100]
[92mINFO [0m:      configure_train: Sampled 9 nodes (out of 10)
[92mINFO [0m:      aggregate_train: Received 10 results and 0 failures
[92mINFO [0m:      	└──> Aggregated MetricRecord: {'train_loss': 1.8656590705871583, 'train_time': 5.949750435911119, 'qtty_records': 10}
[92mINFO [0m:      configure_evaluate: Sampled 10 nodes (out of 10)
[92mINFO [0m:      aggregate_evaluate: Received 10 results and 0 failures
[92mINFO [0m:      	└──> Aggregated MetricRecord: {'eval_loss': 1.8361384477466347, 'eval_acc': 0.35280000000000006, 'time': 691.2013962268829}
[92mINFO [0m:      
[92mINFO [0m:      [ROUND 93/100]
[92mINFO [0m:      configure_train: Sampled 10 nodes (out of 10)
[92mINFO [0m:      aggregate_train: Received 9 results and 0 failures
[92mINFO [0m:      	└──> Aggregated MetricRecord: {'train_loss': 1.841586640993754, 'train_time': 5.421492491020924, 'qtty_records': 9}
[92mINFO [0m:      configure_evaluate: Sampled 10 nodes (out of 10)
[92mINFO [0m:      aggregate_evaluate: Received 10 results and 0 failures
[92mINFO [0m:      	└──> Aggregated MetricRecord: {'eval_loss': 1.84352434463799, 'eval_acc': 0.3549, 'time': 698.359913110733}
[92mINFO [0m:      
[92mINFO [0m:      [ROUND 94/100]
[92mINFO [0m:      configure_train: Sampled 9 nodes (out of 10)
[92mINFO [0m:      aggregate_train: Received 10 results and 0 failures
[92mINFO [0m:      	└──> Aggregated MetricRecord: {'train_loss': 1.8599349979400635, 'train_time': 5.9504583541303875, 'qtty_records': 10}
[92mINFO [0m:      configure_evaluate: Sampled 10 nodes (out of 10)
[92mINFO [0m:      aggregate_evaluate: Received 10 results and 0 failures
[92mINFO [0m:      	└──> Aggregated MetricRecord: {'eval_loss': 1.865958941727877, 'eval_acc': 0.3577, 'time': 705.4221096038818}
[92mINFO [0m:      
[92mINFO [0m:      [ROUND 95/100]
[92mINFO [0m:      configure_train: Sampled 10 nodes (out of 10)
[92mINFO [0m:      aggregate_train: Received 9 results and 0 failures
[92mINFO [0m:      	└──> Aggregated MetricRecord: {'train_loss': 1.839647444619073, 'train_time': 5.42138883492185, 'qtty_records': 9}
[92mINFO [0m:      configure_evaluate: Sampled 10 nodes (out of 10)
[92mINFO [0m:      aggregate_evaluate: Received 10 results and 0 failures
[92mINFO [0m:      	└──> Aggregated MetricRecord: {'eval_loss': 1.8240772489458326, 'eval_acc': 0.3666, 'time': 712.482093334198}
[92mINFO [0m:      
[92mINFO [0m:      [ROUND 96/100]
[92mINFO [0m:      configure_train: Sampled 9 nodes (out of 10)
[92mINFO [0m:      aggregate_train: Received 10 results and 0 failures
[92mINFO [0m:      	└──> Aggregated MetricRecord: {'train_loss': 1.8628959557533267, 'train_time': 5.938996438961476, 'qtty_records': 10}
[92mINFO [0m:      configure_evaluate: Sampled 10 nodes (out of 10)
[92mINFO [0m:      aggregate_evaluate: Received 10 results and 0 failures
[92mINFO [0m:      	└──> Aggregated MetricRecord: {'eval_loss': 1.8520779732614756, 'eval_acc': 0.3568, 'time': 719.6440601348877}
[92mINFO [0m:      
[92mINFO [0m:      [ROUND 97/100]
[92mINFO [0m:      configure_train: Sampled 10 nodes (out of 10)
[92mINFO [0m:      aggregate_train: Received 9 results and 0 failures
[92mINFO [0m:      	└──> Aggregated MetricRecord: {'train_loss': 1.8578055478201971, 'train_time': 5.417718800716102, 'qtty_records': 9}
[92mINFO [0m:      configure_evaluate: Sampled 10 nodes (out of 10)
[92mINFO [0m:      aggregate_evaluate: Received 10 results and 0 failures
[92mINFO [0m:      	└──> Aggregated MetricRecord: {'eval_loss': 1.878277947381139, 'eval_acc': 0.3466, 'time': 726.7034544944763}
[92mINFO [0m:      
[92mINFO [0m:      [ROUND 98/100]
[92mINFO [0m:      configure_train: Sampled 9 nodes (out of 10)
[92mINFO [0m:      aggregate_train: Received 10 results and 0 failures
[92mINFO [0m:      	└──> Aggregated MetricRecord: {'train_loss': 1.8582686479568484, 'train_time': 5.961307935509831, 'qtty_records': 10}
[92mINFO [0m:      configure_evaluate: Sampled 10 nodes (out of 10)
[92mINFO [0m:      aggregate_evaluate: Received 10 results and 0 failures
[92mINFO [0m:      	└──> Aggregated MetricRecord: {'eval_loss': 1.8511108357459307, 'eval_acc': 0.3595, 'time': 733.8672549724579}
[92mINFO [0m:      
[92mINFO [0m:      [ROUND 99/100]
[92mINFO [0m:      configure_train: Sampled 10 nodes (out of 10)
[92mINFO [0m:      aggregate_train: Received 9 results and 0 failures
[92mINFO [0m:      	└──> Aggregated MetricRecord: {'train_loss': 1.849770431412591, 'train_time': 5.465232584522003, 'qtty_records': 9}
[92mINFO [0m:      configure_evaluate: Sampled 10 nodes (out of 10)
[92mINFO [0m:      aggregate_evaluate: Received 10 results and 0 failures
[92mINFO [0m:      	└──> Aggregated MetricRecord: {'eval_loss': 1.8306813683360819, 'eval_acc': 0.3633, 'time': 740.9017469882965}
[92mINFO [0m:      
[92mINFO [0m:      [ROUND 100/100]
[92mINFO [0m:      configure_train: Sampled 9 nodes (out of 10)
[92mINFO [0m:      aggregate_train: Received 10 results and 0 failures
[92mINFO [0m:      	└──> Aggregated MetricRecord: {'train_loss': 1.8350871489524843, 'train_time': 5.962557794153691, 'qtty_records': 10}
[92mINFO [0m:      configure_evaluate: Sampled 10 nodes (out of 10)
[92mINFO [0m:      aggregate_evaluate: Received 10 results and 0 failures
[92mINFO [0m:      	└──> Aggregated MetricRecord: {'eval_loss': 1.8259353797882798, 'eval_acc': 0.36549999999999994, 'time': 748.0695352554321}
[92mINFO [0m:      
[92mINFO [0m:      Strategy execution finished in 748.07s
[92mINFO [0m:      
[92mINFO [0m:      Final results:
[92mINFO [0m:      
[92mINFO [0m:      	Global Arrays:
[92mINFO [0m:      		ArrayRecord (0.238 MB)
[92mINFO [0m:      	
[92mINFO [0m:      	Aggregated ClientApp-side Train Metrics:
[92mINFO [0m:      	{ 1: { 'qtty_records': '9',
[92mINFO [0m:      	       'train_loss': '2.2099e+00',
[92mINFO [0m:      	       'train_time': '7.6897e+00'},
[92mINFO [0m:      	  2: { 'qtty_records': '10',
[92mINFO [0m:      	       'train_loss': '2.1452e+00',
[92mINFO [0m:      	       'train_time': '6.1601e+00'},
[92mINFO [0m:      	  3: { 'qtty_records': '9',
[92mINFO [0m:      	       'train_loss': '2.0881e+00',
[92mINFO [0m:      	       'train_time': '5.4271e+00'},
[92mINFO [0m:      	  4: { 'qtty_records': '10',
[92mINFO [0m:      	       'train_loss': '2.0658e+00',
[92mINFO [0m:      	       'train_time': '5.9395e+00'},
[92mINFO [0m:      	  5: { 'qtty_records': '9',
[92mINFO [0m:      	       'train_loss': '2.0468e+00',
[92mINFO [0m:      	       'train_time': '5.4166e+00'},
[92mINFO [0m:      	  6: { 'qtty_records': '10',
[92mINFO [0m:      	       'train_loss': '2.0023e+00',
[92mINFO [0m:      	       'train_time': '5.9743e+00'},
[92mINFO [0m:      	  7: { 'qtty_records': '9',
[92mINFO [0m:      	       'train_loss': '1.9909e+00',
[92mINFO [0m:      	       'train_time': '5.4691e+00'},
[92mINFO [0m:      	  8: { 'qtty_records': '10',
[92mINFO [0m:      	       'train_loss': '1.9606e+00',
[92mINFO [0m:      	       'train_time': '5.9926e+00'},
[92mINFO [0m:      	  9: { 'qtty_records': '9',
[92mINFO [0m:      	       'train_loss': '1.9728e+00',
[92mINFO [0m:      	       'train_time': '5.4521e+00'},
[92mINFO [0m:      	  10: { 'qtty_records': '10',
[92mINFO [0m:      	        'train_loss': '1.9580e+00',
[92mINFO [0m:      	        'train_time': '5.9899e+00'},
[92mINFO [0m:      	  11: { 'qtty_records': '9',
[92mINFO [0m:      	        'train_loss': '1.9380e+00',
[92mINFO [0m:      	        'train_time': '5.4354e+00'},
[92mINFO [0m:      	  12: { 'qtty_records': '10',
[92mINFO [0m:      	        'train_loss': '1.9433e+00',
[92mINFO [0m:      	        'train_time': '5.9529e+00'},
[92mINFO [0m:      	  13: { 'qtty_records': '9',
[92mINFO [0m:      	        'train_loss': '1.9373e+00',
[92mINFO [0m:      	        'train_time': '5.4205e+00'},
[92mINFO [0m:      	  14: { 'qtty_records': '10',
[92mINFO [0m:      	        'train_loss': '1.9411e+00',
[92mINFO [0m:      	        'train_time': '5.9649e+00'},
[92mINFO [0m:      	  15: { 'qtty_records': '9',
[92mINFO [0m:      	        'train_loss': '1.9458e+00',
[92mINFO [0m:      	        'train_time': '5.4475e+00'},
[92mINFO [0m:      	  16: { 'qtty_records': '10',
[92mINFO [0m:      	        'train_loss': '1.9318e+00',
[92mINFO [0m:      	        'train_time': '5.9930e+00'},
[92mINFO [0m:      	  17: { 'qtty_records': '9',
[92mINFO [0m:      	        'train_loss': '1.9249e+00',
[92mINFO [0m:      	        'train_time': '5.4385e+00'},
[92mINFO [0m:      	  18: { 'qtty_records': '10',
[92mINFO [0m:      	        'train_loss': '1.9175e+00',
[92mINFO [0m:      	        'train_time': '5.9694e+00'},
[92mINFO [0m:      	  19: { 'qtty_records': '9',
[92mINFO [0m:      	        'train_loss': '1.9258e+00',
[92mINFO [0m:      	        'train_time': '5.4541e+00'},
[92mINFO [0m:      	  20: { 'qtty_records': '10',
[92mINFO [0m:      	        'train_loss': '1.9176e+00',
[92mINFO [0m:      	        'train_time': '5.9781e+00'},
[92mINFO [0m:      	  21: { 'qtty_records': '9',
[92mINFO [0m:      	        'train_loss': '1.9146e+00',
[92mINFO [0m:      	        'train_time': '5.4624e+00'},
[92mINFO [0m:      	  22: { 'qtty_records': '10',
[92mINFO [0m:      	        'train_loss': '1.9135e+00',
[92mINFO [0m:      	        'train_time': '5.9698e+00'},
[92mINFO [0m:      	  23: { 'qtty_records': '9',
[92mINFO [0m:      	        'train_loss': '1.9048e+00',
[92mINFO [0m:      	        'train_time': '5.4423e+00'},
[92mINFO [0m:      	  24: { 'qtty_records': '10',
[92mINFO [0m:      	        'train_loss': '1.9057e+00',
[92mINFO [0m:      	        'train_time': '5.9920e+00'},
[92mINFO [0m:      	  25: { 'qtty_records': '9',
[92mINFO [0m:      	        'train_loss': '1.8835e+00',
[92mINFO [0m:      	        'train_time': '5.4519e+00'},
[92mINFO [0m:      	  26: { 'qtty_records': '10',
[92mINFO [0m:      	        'train_loss': '1.8974e+00',
[92mINFO [0m:      	        'train_time': '5.9838e+00'},
[92mINFO [0m:      	  27: { 'qtty_records': '9',
[92mINFO [0m:      	        'train_loss': '1.9054e+00',
[92mINFO [0m:      	        'train_time': '5.4445e+00'},
[92mINFO [0m:      	  28: { 'qtty_records': '10',
[92mINFO [0m:      	        'train_loss': '1.8966e+00',
[92mINFO [0m:      	        'train_time': '5.9937e+00'},
[92mINFO [0m:      	  29: { 'qtty_records': '9',
[92mINFO [0m:      	        'train_loss': '1.8863e+00',
[92mINFO [0m:      	        'train_time': '5.4238e+00'},
[92mINFO [0m:      	  30: { 'qtty_records': '10',
[92mINFO [0m:      	        'train_loss': '1.8878e+00',
[92mINFO [0m:      	        'train_time': '5.9689e+00'},
[92mINFO [0m:      	  31: { 'qtty_records': '9',
[92mINFO [0m:      	        'train_loss': '1.8661e+00',
[92mINFO [0m:      	        'train_time': '5.4345e+00'},
[92mINFO [0m:      	  32: { 'qtty_records': '10',
[92mINFO [0m:      	        'train_loss': '1.8905e+00',
[92mINFO [0m:      	        'train_time': '5.9717e+00'},
[92mINFO [0m:      	  33: { 'qtty_records': '9',
[92mINFO [0m:      	        'train_loss': '1.8723e+00',
[92mINFO [0m:      	        'train_time': '5.4643e+00'},
[92mINFO [0m:      	  34: { 'qtty_records': '10',
[92mINFO [0m:      	        'train_loss': '1.8691e+00',
[92mINFO [0m:      	        'train_time': '5.9643e+00'},
[92mINFO [0m:      	  35: { 'qtty_records': '9',
[92mINFO [0m:      	        'train_loss': '1.8603e+00',
[92mINFO [0m:      	        'train_time': '5.4229e+00'},
[92mINFO [0m:      	  36: { 'qtty_records': '10',
[92mINFO [0m:      	        'train_loss': '1.8600e+00',
[92mINFO [0m:      	        'train_time': '5.9656e+00'},
[92mINFO [0m:      	  37: { 'qtty_records': '9',
[92mINFO [0m:      	        'train_loss': '1.8727e+00',
[92mINFO [0m:      	        'train_time': '5.4259e+00'},
[92mINFO [0m:      	  38: { 'qtty_records': '10',
[92mINFO [0m:      	        'train_loss': '1.8664e+00',
[92mINFO [0m:      	        'train_time': '5.9639e+00'},
[92mINFO [0m:      	  39: { 'qtty_records': '9',
[92mINFO [0m:      	        'train_loss': '1.8590e+00',
[92mINFO [0m:      	        'train_time': '5.4462e+00'},
[92mINFO [0m:      	  40: { 'qtty_records': '10',
[92mINFO [0m:      	        'train_loss': '1.8759e+00',
[92mINFO [0m:      	        'train_time': '5.9689e+00'},
[92mINFO [0m:      	  41: { 'qtty_records': '9',
[92mINFO [0m:      	        'train_loss': '1.8428e+00',
[92mINFO [0m:      	        'train_time': '5.4384e+00'},
[92mINFO [0m:      	  42: { 'qtty_records': '10',
[92mINFO [0m:      	        'train_loss': '1.8676e+00',
[92mINFO [0m:      	        'train_time': '5.9619e+00'},
[92mINFO [0m:      	  43: { 'qtty_records': '9',
[92mINFO [0m:      	        'train_loss': '1.8552e+00',
[92mINFO [0m:      	        'train_time': '5.4378e+00'},
[92mINFO [0m:      	  44: { 'qtty_records': '10',
[92mINFO [0m:      	        'train_loss': '1.8699e+00',
[92mINFO [0m:      	        'train_time': '5.9524e+00'},
[92mINFO [0m:      	  45: { 'qtty_records': '9',
[92mINFO [0m:      	        'train_loss': '1.8362e+00',
[92mINFO [0m:      	        'train_time': '5.4562e+00'},
[92mINFO [0m:      	  46: { 'qtty_records': '10',
[92mINFO [0m:      	        'train_loss': '1.8479e+00',
[92mINFO [0m:      	        'train_time': '5.9831e+00'},
[92mINFO [0m:      	  47: { 'qtty_records': '9',
[92mINFO [0m:      	        'train_loss': '1.8353e+00',
[92mINFO [0m:      	        'train_time': '5.4452e+00'},
[92mINFO [0m:      	  48: { 'qtty_records': '10',
[92mINFO [0m:      	        'train_loss': '1.8610e+00',
[92mINFO [0m:      	        'train_time': '5.9802e+00'},
[92mINFO [0m:      	  49: { 'qtty_records': '9',
[92mINFO [0m:      	        'train_loss': '1.8466e+00',
[92mINFO [0m:      	        'train_time': '5.4504e+00'},
[92mINFO [0m:      	  50: { 'qtty_records': '10',
[92mINFO [0m:      	        'train_loss': '1.8441e+00',
[92mINFO [0m:      	        'train_time': '5.9727e+00'},
[92mINFO [0m:      	  51: { 'qtty_records': '9',
[92mINFO [0m:      	        'train_loss': '1.8543e+00',
[92mINFO [0m:      	        'train_time': '5.4483e+00'},
[92mINFO [0m:      	  52: { 'qtty_records': '10',
[92mINFO [0m:      	        'train_loss': '1.8617e+00',
[92mINFO [0m:      	        'train_time': '5.9558e+00'},
[92mINFO [0m:      	  53: { 'qtty_records': '9',
[92mINFO [0m:      	        'train_loss': '1.8445e+00',
[92mINFO [0m:      	        'train_time': '5.4280e+00'},
[92mINFO [0m:      	  54: { 'qtty_records': '10',
[92mINFO [0m:      	        'train_loss': '1.8309e+00',
[92mINFO [0m:      	        'train_time': '5.9594e+00'},
[92mINFO [0m:      	  55: { 'qtty_records': '9',
[92mINFO [0m:      	        'train_loss': '1.8926e+00',
[92mINFO [0m:      	        'train_time': '5.4276e+00'},
[92mINFO [0m:      	  56: { 'qtty_records': '10',
[92mINFO [0m:      	        'train_loss': '1.8542e+00',
[92mINFO [0m:      	        'train_time': '5.9580e+00'},
[92mINFO [0m:      	  57: { 'qtty_records': '9',
[92mINFO [0m:      	        'train_loss': '1.8518e+00',
[92mINFO [0m:      	        'train_time': '5.4448e+00'},
[92mINFO [0m:      	  58: { 'qtty_records': '10',
[92mINFO [0m:      	        'train_loss': '1.8689e+00',
[92mINFO [0m:      	        'train_time': '5.9773e+00'},
[92mINFO [0m:      	  59: { 'qtty_records': '9',
[92mINFO [0m:      	        'train_loss': '1.8531e+00',
[92mINFO [0m:      	        'train_time': '5.4240e+00'},
[92mINFO [0m:      	  60: { 'qtty_records': '10',
[92mINFO [0m:      	        'train_loss': '1.8375e+00',
[92mINFO [0m:      	        'train_time': '5.9757e+00'},
[92mINFO [0m:      	  61: { 'qtty_records': '9',
[92mINFO [0m:      	        'train_loss': '1.8403e+00',
[92mINFO [0m:      	        'train_time': '5.4177e+00'},
[92mINFO [0m:      	  62: { 'qtty_records': '10',
[92mINFO [0m:      	        'train_loss': '1.8580e+00',
[92mINFO [0m:      	        'train_time': '5.9514e+00'},
[92mINFO [0m:      	  63: { 'qtty_records': '9',
[92mINFO [0m:      	        'train_loss': '1.8153e+00',
[92mINFO [0m:      	        'train_time': '5.4573e+00'},
[92mINFO [0m:      	  64: { 'qtty_records': '10',
[92mINFO [0m:      	        'train_loss': '1.8524e+00',
[92mINFO [0m:      	        'train_time': '5.9628e+00'},
[92mINFO [0m:      	  65: { 'qtty_records': '9',
[92mINFO [0m:      	        'train_loss': '1.8316e+00',
[92mINFO [0m:      	        'train_time': '5.4572e+00'},
[92mINFO [0m:      	  66: { 'qtty_records': '10',
[92mINFO [0m:      	        'train_loss': '1.8533e+00',
[92mINFO [0m:      	        'train_time': '5.9622e+00'},
[92mINFO [0m:      	  67: { 'qtty_records': '9',
[92mINFO [0m:      	        'train_loss': '1.8330e+00',
[92mINFO [0m:      	        'train_time': '5.4301e+00'},
[92mINFO [0m:      	  68: { 'qtty_records': '10',
[92mINFO [0m:      	        'train_loss': '1.8470e+00',
[92mINFO [0m:      	        'train_time': '5.9606e+00'},
[92mINFO [0m:      	  69: { 'qtty_records': '9',
[92mINFO [0m:      	        'train_loss': '1.8425e+00',
[92mINFO [0m:      	        'train_time': '5.4304e+00'},
[92mINFO [0m:      	  70: { 'qtty_records': '10',
[92mINFO [0m:      	        'train_loss': '1.8387e+00',
[92mINFO [0m:      	        'train_time': '5.9488e+00'},
[92mINFO [0m:      	  71: { 'qtty_records': '9',
[92mINFO [0m:      	        'train_loss': '1.8372e+00',
[92mINFO [0m:      	        'train_time': '5.4234e+00'},
[92mINFO [0m:      	  72: { 'qtty_records': '10',
[92mINFO [0m:      	        'train_loss': '1.8411e+00',
[92mINFO [0m:      	        'train_time': '5.9474e+00'},
[92mINFO [0m:      	  73: { 'qtty_records': '9',
[92mINFO [0m:      	        'train_loss': '1.8268e+00',
[92mINFO [0m:      	        'train_time': '5.4260e+00'},
[92mINFO [0m:      	  74: { 'qtty_records': '10',
[92mINFO [0m:      	        'train_loss': '1.8397e+00',
[92mINFO [0m:      	        'train_time': '5.9458e+00'},
[92mINFO [0m:      	  75: { 'qtty_records': '9',
[92mINFO [0m:      	        'train_loss': '1.8269e+00',
[92mINFO [0m:      	        'train_time': '5.4381e+00'},
[92mINFO [0m:      	  76: { 'qtty_records': '10',
[92mINFO [0m:      	        'train_loss': '1.8509e+00',
[92mINFO [0m:      	        'train_time': '5.9384e+00'},
[92mINFO [0m:      	  77: { 'qtty_records': '9',
[92mINFO [0m:      	        'train_loss': '1.8441e+00',
[92mINFO [0m:      	        'train_time': '5.4490e+00'},
[92mINFO [0m:      	  78: { 'qtty_records': '10',
[92mINFO [0m:      	        'train_loss': '1.8306e+00',
[92mINFO [0m:      	        'train_time': '5.9458e+00'},
[92mINFO [0m:      	  79: { 'qtty_records': '9',
[92mINFO [0m:      	        'train_loss': '1.8657e+00',
[92mINFO [0m:      	        'train_time': '5.4264e+00'},
[92mINFO [0m:      	  80: { 'qtty_records': '10',
[92mINFO [0m:      	        'train_loss': '1.8593e+00',
[92mINFO [0m:      	        'train_time': '5.9602e+00'},
[92mINFO [0m:      	  81: { 'qtty_records': '9',
[92mINFO [0m:      	        'train_loss': '1.8271e+00',
[92mINFO [0m:      	        'train_time': '5.4176e+00'},
[92mINFO [0m:      	  82: { 'qtty_records': '10',
[92mINFO [0m:      	        'train_loss': '1.8392e+00',
[92mINFO [0m:      	        'train_time': '5.9597e+00'},
[92mINFO [0m:      	  83: { 'qtty_records': '9',
[92mINFO [0m:      	        'train_loss': '1.8329e+00',
[92mINFO [0m:      	        'train_time': '5.4372e+00'},
[92mINFO [0m:      	  84: { 'qtty_records': '10',
[92mINFO [0m:      	        'train_loss': '1.8370e+00',
[92mINFO [0m:      	        'train_time': '5.9542e+00'},
[92mINFO [0m:      	  85: { 'qtty_records': '9',
[92mINFO [0m:      	        'train_loss': '1.8392e+00',
[92mINFO [0m:      	        'train_time': '5.4505e+00'},
[92mINFO [0m:      	  86: { 'qtty_records': '10',
[92mINFO [0m:      	        'train_loss': '1.8453e+00',
[92mINFO [0m:      	        'train_time': '5.9632e+00'},
[92mINFO [0m:      	  87: { 'qtty_records': '9',
[92mINFO [0m:      	        'train_loss': '1.8313e+00',
[92mINFO [0m:      	        'train_time': '5.4049e+00'},
[92mINFO [0m:      	  88: { 'qtty_records': '10',
[92mINFO [0m:      	        'train_loss': '1.8584e+00',
[92mINFO [0m:      	        'train_time': '5.9477e+00'},
[92mINFO [0m:      	  89: { 'qtty_records': '9',
[92mINFO [0m:      	        'train_loss': '1.8411e+00',
[92mINFO [0m:      	        'train_time': '5.4462e+00'},
[92mINFO [0m:      	  90: { 'qtty_records': '10',
[92mINFO [0m:      	        'train_loss': '1.8531e+00',
[92mINFO [0m:      	        'train_time': '5.9667e+00'},
[92mINFO [0m:      	  91: { 'qtty_records': '9',
[92mINFO [0m:      	        'train_loss': '1.8514e+00',
[92mINFO [0m:      	        'train_time': '5.4311e+00'},
[92mINFO [0m:      	  92: { 'qtty_records': '10',
[92mINFO [0m:      	        'train_loss': '1.8657e+00',
[92mINFO [0m:      	        'train_time': '5.9498e+00'},
[92mINFO [0m:      	  93: { 'qtty_records': '9',
[92mINFO [0m:      	        'train_loss': '1.8416e+00',
[92mINFO [0m:      	        'train_time': '5.4215e+00'},
[92mINFO [0m:      	  94: { 'qtty_records': '10',
[92mINFO [0m:      	        'train_loss': '1.8599e+00',
[92mINFO [0m:      	        'train_time': '5.9505e+00'},
[92mINFO [0m:      	  95: { 'qtty_records': '9',
[92mINFO [0m:      	        'train_loss': '1.8396e+00',
[92mINFO [0m:      	        'train_time': '5.4214e+00'},
[92mINFO [0m:      	  96: { 'qtty_records': '10',
[92mINFO [0m:      	        'train_loss': '1.8629e+00',
[92mINFO [0m:      	        'train_time': '5.9390e+00'},
[92mINFO [0m:      	  97: { 'qtty_records': '9',
[92mINFO [0m:      	        'train_loss': '1.8578e+00',
[92mINFO [0m:      	        'train_time': '5.4177e+00'},
[92mINFO [0m:      	  98: { 'qtty_records': '10',
[92mINFO [0m:      	        'train_loss': '1.8583e+00',
[92mINFO [0m:      	        'train_time': '5.9613e+00'},
[92mINFO [0m:      	  99: { 'qtty_records': '9',
[92mINFO [0m:      	        'train_loss': '1.8498e+00',
[92mINFO [0m:      	        'train_time': '5.4652e+00'},
[92mINFO [0m:      	  100: { 'qtty_records': '10',
[92mINFO [0m:      	         'train_loss': '1.8351e+00',
[92mINFO [0m:      	         'train_time': '5.9626e+00'}}
[92mINFO [0m:      	
[92mINFO [0m:      	Aggregated ClientApp-side Evaluate Metrics:
[92mINFO [0m:      	{ 1: { 'eval_acc': '1.0290e-01',
[92mINFO [0m:      	       'eval_loss': '2.3927e+00',
[92mINFO [0m:      	       'time': '4.3566e+01'},
[92mINFO [0m:      	  2: { 'eval_acc': '1.0970e-01',
[92mINFO [0m:      	       'eval_loss': '2.3281e+00',
[92mINFO [0m:      	       'time': '5.0628e+01'},
[92mINFO [0m:      	  3: { 'eval_acc': '1.3510e-01',
[92mINFO [0m:      	       'eval_loss': '2.1960e+00',
[92mINFO [0m:      	       'time': '5.8245e+01'},
[92mINFO [0m:      	  4: { 'eval_acc': '1.5870e-01',
[92mINFO [0m:      	       'eval_loss': '2.1621e+00',
[92mINFO [0m:      	       'time': '6.5311e+01'},
[92mINFO [0m:      	  5: { 'eval_acc': '2.1380e-01',
[92mINFO [0m:      	       'eval_loss': '2.1107e+00',
[92mINFO [0m:      	       'time': '7.2469e+01'},
[92mINFO [0m:      	  6: { 'eval_acc': '2.1370e-01',
[92mINFO [0m:      	       'eval_loss': '2.0885e+00',
[92mINFO [0m:      	       'time': '7.9742e+01'},
[92mINFO [0m:      	  7: { 'eval_acc': '2.4720e-01',
[92mINFO [0m:      	       'eval_loss': '2.0564e+00',
[92mINFO [0m:      	       'time': '8.6797e+01'},
[92mINFO [0m:      	  8: { 'eval_acc': '2.4450e-01',
[92mINFO [0m:      	       'eval_loss': '2.0492e+00',
[92mINFO [0m:      	       'time': '9.3961e+01'},
[92mINFO [0m:      	  9: { 'eval_acc': '2.4240e-01',
[92mINFO [0m:      	       'eval_loss': '2.0843e+00',
[92mINFO [0m:      	       'time': '1.0101e+02'},
[92mINFO [0m:      	  10: { 'eval_acc': '2.6310e-01',
[92mINFO [0m:      	        'eval_loss': '2.0094e+00',
[92mINFO [0m:      	        'time': '1.0807e+02'},
[92mINFO [0m:      	  11: { 'eval_acc': '2.4750e-01',
[92mINFO [0m:      	        'eval_loss': '2.0222e+00',
[92mINFO [0m:      	        'time': '1.1512e+02'},
[92mINFO [0m:      	  12: { 'eval_acc': '2.8300e-01',
[92mINFO [0m:      	        'eval_loss': '1.9807e+00',
[92mINFO [0m:      	        'time': '1.2218e+02'},
[92mINFO [0m:      	  13: { 'eval_acc': '2.5440e-01',
[92mINFO [0m:      	        'eval_loss': '2.0184e+00',
[92mINFO [0m:      	        'time': '1.2934e+02'},
[92mINFO [0m:      	  14: { 'eval_acc': '2.9080e-01',
[92mINFO [0m:      	        'eval_loss': '1.9799e+00',
[92mINFO [0m:      	        'time': '1.3651e+02'},
[92mINFO [0m:      	  15: { 'eval_acc': '2.6530e-01',
[92mINFO [0m:      	        'eval_loss': '2.0387e+00',
[92mINFO [0m:      	        'time': '1.4368e+02'},
[92mINFO [0m:      	  16: { 'eval_acc': '2.9020e-01',
[92mINFO [0m:      	        'eval_loss': '1.9832e+00',
[92mINFO [0m:      	        'time': '1.5074e+02'},
[92mINFO [0m:      	  17: { 'eval_acc': '3.0180e-01',
[92mINFO [0m:      	        'eval_loss': '1.9623e+00',
[92mINFO [0m:      	        'time': '1.5780e+02'},
[92mINFO [0m:      	  18: { 'eval_acc': '3.0300e-01',
[92mINFO [0m:      	        'eval_loss': '1.9571e+00',
[92mINFO [0m:      	        'time': '1.6496e+02'},
[92mINFO [0m:      	  19: { 'eval_acc': '3.0870e-01',
[92mINFO [0m:      	        'eval_loss': '1.9443e+00',
[92mINFO [0m:      	        'time': '1.7202e+02'},
[92mINFO [0m:      	  20: { 'eval_acc': '2.9320e-01',
[92mINFO [0m:      	        'eval_loss': '1.9847e+00',
[92mINFO [0m:      	        'time': '1.7908e+02'},
[92mINFO [0m:      	  21: { 'eval_acc': '2.9510e-01',
[92mINFO [0m:      	        'eval_loss': '1.9715e+00',
[92mINFO [0m:      	        'time': '1.8613e+02'},
[92mINFO [0m:      	  22: { 'eval_acc': '2.9310e-01',
[92mINFO [0m:      	        'eval_loss': '1.9868e+00',
[92mINFO [0m:      	        'time': '1.9319e+02'},
[92mINFO [0m:      	  23: { 'eval_acc': '3.1420e-01',
[92mINFO [0m:      	        'eval_loss': '1.9284e+00',
[92mINFO [0m:      	        'time': '2.0035e+02'},
[92mINFO [0m:      	  24: { 'eval_acc': '3.2150e-01',
[92mINFO [0m:      	        'eval_loss': '1.8971e+00',
[92mINFO [0m:      	        'time': '2.0752e+02'},
[92mINFO [0m:      	  25: { 'eval_acc': '3.2550e-01',
[92mINFO [0m:      	        'eval_loss': '1.9151e+00',
[92mINFO [0m:      	        'time': '2.1458e+02'},
[92mINFO [0m:      	  26: { 'eval_acc': '3.0630e-01',
[92mINFO [0m:      	        'eval_loss': '1.9224e+00',
[92mINFO [0m:      	        'time': '2.2174e+02'},
[92mINFO [0m:      	  27: { 'eval_acc': '3.1690e-01',
[92mINFO [0m:      	        'eval_loss': '1.9466e+00',
[92mINFO [0m:      	        'time': '2.2890e+02'},
[92mINFO [0m:      	  28: { 'eval_acc': '3.3080e-01',
[92mINFO [0m:      	        'eval_loss': '1.8845e+00',
[92mINFO [0m:      	        'time': '2.3596e+02'},
[92mINFO [0m:      	  29: { 'eval_acc': '3.1460e-01',
[92mINFO [0m:      	        'eval_loss': '1.9172e+00',
[92mINFO [0m:      	        'time': '2.4310e+02'},
[92mINFO [0m:      	  30: { 'eval_acc': '3.0190e-01',
[92mINFO [0m:      	        'eval_loss': '1.9578e+00',
[92mINFO [0m:      	        'time': '2.5016e+02'},
[92mINFO [0m:      	  31: { 'eval_acc': '3.1590e-01',
[92mINFO [0m:      	        'eval_loss': '1.9082e+00',
[92mINFO [0m:      	        'time': '2.5719e+02'},
[92mINFO [0m:      	  32: { 'eval_acc': '3.3450e-01',
[92mINFO [0m:      	        'eval_loss': '1.8897e+00',
[92mINFO [0m:      	        'time': '2.6422e+02'},
[92mINFO [0m:      	  33: { 'eval_acc': '3.2900e-01',
[92mINFO [0m:      	        'eval_loss': '1.8928e+00',
[92mINFO [0m:      	        'time': '2.7138e+02'},
[92mINFO [0m:      	  34: { 'eval_acc': '3.2370e-01',
[92mINFO [0m:      	        'eval_loss': '1.9138e+00',
[92mINFO [0m:      	        'time': '2.7845e+02'},
[92mINFO [0m:      	  35: { 'eval_acc': '3.4520e-01',
[92mINFO [0m:      	        'eval_loss': '1.8340e+00',
[92mINFO [0m:      	        'time': '2.8558e+02'},
[92mINFO [0m:      	  36: { 'eval_acc': '3.3600e-01',
[92mINFO [0m:      	        'eval_loss': '1.8846e+00',
[92mINFO [0m:      	        'time': '2.9265e+02'},
[92mINFO [0m:      	  37: { 'eval_acc': '3.2160e-01',
[92mINFO [0m:      	        'eval_loss': '1.9044e+00',
[92mINFO [0m:      	        'time': '2.9981e+02'},
[92mINFO [0m:      	  38: { 'eval_acc': '3.2750e-01',
[92mINFO [0m:      	        'eval_loss': '1.8780e+00',
[92mINFO [0m:      	        'time': '3.0697e+02'},
[92mINFO [0m:      	  39: { 'eval_acc': '3.3030e-01',
[92mINFO [0m:      	        'eval_loss': '1.8837e+00',
[92mINFO [0m:      	        'time': '3.1401e+02'},
[92mINFO [0m:      	  40: { 'eval_acc': '3.2310e-01',
[92mINFO [0m:      	        'eval_loss': '1.9406e+00',
[92mINFO [0m:      	        'time': '3.2118e+02'},
[92mINFO [0m:      	  41: { 'eval_acc': '3.5860e-01',
[92mINFO [0m:      	        'eval_loss': '1.8229e+00',
[92mINFO [0m:      	        'time': '3.2821e+02'},
[92mINFO [0m:      	  42: { 'eval_acc': '3.3840e-01',
[92mINFO [0m:      	        'eval_loss': '1.8622e+00',
[92mINFO [0m:      	        'time': '3.3537e+02'},
[92mINFO [0m:      	  43: { 'eval_acc': '3.2700e-01',
[92mINFO [0m:      	        'eval_loss': '1.9061e+00',
[92mINFO [0m:      	        'time': '3.4252e+02'},
[92mINFO [0m:      	  44: { 'eval_acc': '3.4720e-01',
[92mINFO [0m:      	        'eval_loss': '1.8458e+00',
[92mINFO [0m:      	        'time': '3.4968e+02'},
[92mINFO [0m:      	  45: { 'eval_acc': '3.4390e-01',
[92mINFO [0m:      	        'eval_loss': '1.8378e+00',
[92mINFO [0m:      	        'time': '3.5683e+02'},
[92mINFO [0m:      	  46: { 'eval_acc': '3.2150e-01',
[92mINFO [0m:      	        'eval_loss': '1.9094e+00',
[92mINFO [0m:      	        'time': '3.6401e+02'},
[92mINFO [0m:      	  47: { 'eval_acc': '3.4690e-01',
[92mINFO [0m:      	        'eval_loss': '1.8422e+00',
[92mINFO [0m:      	        'time': '3.7105e+02'},
[92mINFO [0m:      	  48: { 'eval_acc': '3.4390e-01',
[92mINFO [0m:      	        'eval_loss': '1.8737e+00',
[92mINFO [0m:      	        'time': '3.7821e+02'},
[92mINFO [0m:      	  49: { 'eval_acc': '3.2320e-01',
[92mINFO [0m:      	        'eval_loss': '1.8877e+00',
[92mINFO [0m:      	        'time': '3.8528e+02'},
[92mINFO [0m:      	  50: { 'eval_acc': '3.4830e-01',
[92mINFO [0m:      	        'eval_loss': '1.8301e+00',
[92mINFO [0m:      	        'time': '3.9244e+02'},
[92mINFO [0m:      	  51: { 'eval_acc': '3.1410e-01',
[92mINFO [0m:      	        'eval_loss': '1.9030e+00',
[92mINFO [0m:      	        'time': '3.9959e+02'},
[92mINFO [0m:      	  52: { 'eval_acc': '3.4610e-01',
[92mINFO [0m:      	        'eval_loss': '1.8566e+00',
[92mINFO [0m:      	        'time': '4.0665e+02'},
[92mINFO [0m:      	  53: { 'eval_acc': '3.4510e-01',
[92mINFO [0m:      	        'eval_loss': '1.8375e+00',
[92mINFO [0m:      	        'time': '4.1373e+02'},
[92mINFO [0m:      	  54: { 'eval_acc': '3.5220e-01',
[92mINFO [0m:      	        'eval_loss': '1.8516e+00',
[92mINFO [0m:      	        'time': '4.2090e+02'},
[92mINFO [0m:      	  55: { 'eval_acc': '3.4150e-01',
[92mINFO [0m:      	        'eval_loss': '1.8710e+00',
[92mINFO [0m:      	        'time': '4.2794e+02'},
[92mINFO [0m:      	  56: { 'eval_acc': '3.3430e-01',
[92mINFO [0m:      	        'eval_loss': '1.8582e+00',
[92mINFO [0m:      	        'time': '4.3510e+02'},
[92mINFO [0m:      	  57: { 'eval_acc': '3.4620e-01',
[92mINFO [0m:      	        'eval_loss': '1.8620e+00',
[92mINFO [0m:      	        'time': '4.4227e+02'},
[92mINFO [0m:      	  58: { 'eval_acc': '3.4500e-01',
[92mINFO [0m:      	        'eval_loss': '1.8771e+00',
[92mINFO [0m:      	        'time': '4.4934e+02'},
[92mINFO [0m:      	  59: { 'eval_acc': '3.4650e-01',
[92mINFO [0m:      	        'eval_loss': '1.8487e+00',
[92mINFO [0m:      	        'time': '4.5647e+02'},
[92mINFO [0m:      	  60: { 'eval_acc': '3.6990e-01',
[92mINFO [0m:      	        'eval_loss': '1.8183e+00',
[92mINFO [0m:      	        'time': '4.6353e+02'},
[92mINFO [0m:      	  61: { 'eval_acc': '3.5140e-01',
[92mINFO [0m:      	        'eval_loss': '1.8457e+00',
[92mINFO [0m:      	        'time': '4.7057e+02'},
[92mINFO [0m:      	  62: { 'eval_acc': '3.3940e-01',
[92mINFO [0m:      	        'eval_loss': '1.8710e+00',
[92mINFO [0m:      	        'time': '4.7774e+02'},
[92mINFO [0m:      	  63: { 'eval_acc': '3.6320e-01',
[92mINFO [0m:      	        'eval_loss': '1.8024e+00',
[92mINFO [0m:      	        'time': '4.8478e+02'},
[92mINFO [0m:      	  64: { 'eval_acc': '3.4340e-01',
[92mINFO [0m:      	        'eval_loss': '1.8503e+00',
[92mINFO [0m:      	        'time': '4.9194e+02'},
[92mINFO [0m:      	  65: { 'eval_acc': '3.4090e-01',
[92mINFO [0m:      	        'eval_loss': '1.8533e+00',
[92mINFO [0m:      	        'time': '4.9900e+02'},
[92mINFO [0m:      	  66: { 'eval_acc': '3.5730e-01',
[92mINFO [0m:      	        'eval_loss': '1.8216e+00',
[92mINFO [0m:      	        'time': '5.0616e+02'},
[92mINFO [0m:      	  67: { 'eval_acc': '3.4460e-01',
[92mINFO [0m:      	        'eval_loss': '1.8857e+00',
[92mINFO [0m:      	        'time': '5.1332e+02'},
[92mINFO [0m:      	  68: { 'eval_acc': '3.5580e-01',
[92mINFO [0m:      	        'eval_loss': '1.8379e+00',
[92mINFO [0m:      	        'time': '5.2038e+02'},
[92mINFO [0m:      	  69: { 'eval_acc': '3.7280e-01',
[92mINFO [0m:      	        'eval_loss': '1.8261e+00',
[92mINFO [0m:      	        'time': '5.2744e+02'},
[92mINFO [0m:      	  70: { 'eval_acc': '3.5080e-01',
[92mINFO [0m:      	        'eval_loss': '1.8484e+00',
[92mINFO [0m:      	        'time': '5.3460e+02'},
[92mINFO [0m:      	  71: { 'eval_acc': '3.5430e-01',
[92mINFO [0m:      	        'eval_loss': '1.8664e+00',
[92mINFO [0m:      	        'time': '5.4166e+02'},
[92mINFO [0m:      	  72: { 'eval_acc': '3.7550e-01',
[92mINFO [0m:      	        'eval_loss': '1.8141e+00',
[92mINFO [0m:      	        'time': '5.4882e+02'},
[92mINFO [0m:      	  73: { 'eval_acc': '3.6120e-01',
[92mINFO [0m:      	        'eval_loss': '1.8195e+00',
[92mINFO [0m:      	        'time': '5.5586e+02'},
[92mINFO [0m:      	  74: { 'eval_acc': '3.4370e-01',
[92mINFO [0m:      	        'eval_loss': '1.8520e+00',
[92mINFO [0m:      	        'time': '5.6303e+02'},
[92mINFO [0m:      	  75: { 'eval_acc': '3.6540e-01',
[92mINFO [0m:      	        'eval_loss': '1.7869e+00',
[92mINFO [0m:      	        'time': '5.7019e+02'},
[92mINFO [0m:      	  76: { 'eval_acc': '3.4540e-01',
[92mINFO [0m:      	        'eval_loss': '1.8787e+00',
[92mINFO [0m:      	        'time': '5.7737e+02'},
[92mINFO [0m:      	  77: { 'eval_acc': '3.5210e-01',
[92mINFO [0m:      	        'eval_loss': '1.8872e+00',
[92mINFO [0m:      	        'time': '5.8442e+02'},
[92mINFO [0m:      	  78: { 'eval_acc': '3.6640e-01',
[92mINFO [0m:      	        'eval_loss': '1.8286e+00',
[92mINFO [0m:      	        'time': '5.9159e+02'},
[92mINFO [0m:      	  79: { 'eval_acc': '3.0470e-01',
[92mINFO [0m:      	        'eval_loss': '1.9642e+00',
[92mINFO [0m:      	        'time': '5.9875e+02'},
[92mINFO [0m:      	  80: { 'eval_acc': '3.5880e-01',
[92mINFO [0m:      	        'eval_loss': '1.8444e+00',
[92mINFO [0m:      	        'time': '6.0581e+02'},
[92mINFO [0m:      	  81: { 'eval_acc': '3.4260e-01',
[92mINFO [0m:      	        'eval_loss': '1.8720e+00',
[92mINFO [0m:      	        'time': '6.1297e+02'},
[92mINFO [0m:      	  82: { 'eval_acc': '3.4720e-01',
[92mINFO [0m:      	        'eval_loss': '1.8705e+00',
[92mINFO [0m:      	        'time': '6.2013e+02'},
[92mINFO [0m:      	  83: { 'eval_acc': '3.6050e-01',
[92mINFO [0m:      	        'eval_loss': '1.8039e+00',
[92mINFO [0m:      	        'time': '6.2717e+02'},
[92mINFO [0m:      	  84: { 'eval_acc': '3.6380e-01',
[92mINFO [0m:      	        'eval_loss': '1.8417e+00',
[92mINFO [0m:      	        'time': '6.3433e+02'},
[92mINFO [0m:      	  85: { 'eval_acc': '3.5760e-01',
[92mINFO [0m:      	        'eval_loss': '1.8486e+00',
[92mINFO [0m:      	        'time': '6.4150e+02'},
[92mINFO [0m:      	  86: { 'eval_acc': '3.5410e-01',
[92mINFO [0m:      	        'eval_loss': '1.8661e+00',
[92mINFO [0m:      	        'time': '6.4856e+02'},
[92mINFO [0m:      	  87: { 'eval_acc': '3.6260e-01',
[92mINFO [0m:      	        'eval_loss': '1.8207e+00',
[92mINFO [0m:      	        'time': '6.5562e+02'},
[92mINFO [0m:      	  88: { 'eval_acc': '3.3690e-01',
[92mINFO [0m:      	        'eval_loss': '1.8975e+00',
[92mINFO [0m:      	        'time': '6.6279e+02'},
[92mINFO [0m:      	  89: { 'eval_acc': '3.6450e-01',
[92mINFO [0m:      	        'eval_loss': '1.8329e+00',
[92mINFO [0m:      	        'time': '6.6985e+02'},
[92mINFO [0m:      	  90: { 'eval_acc': '3.3890e-01',
[92mINFO [0m:      	        'eval_loss': '1.8928e+00',
[92mINFO [0m:      	        'time': '6.7701e+02'},
[92mINFO [0m:      	  91: { 'eval_acc': '3.5090e-01',
[92mINFO [0m:      	        'eval_loss': '1.8838e+00',
[92mINFO [0m:      	        'time': '6.8404e+02'},
[92mINFO [0m:      	  92: { 'eval_acc': '3.5280e-01',
[92mINFO [0m:      	        'eval_loss': '1.8361e+00',
[92mINFO [0m:      	        'time': '6.9120e+02'},
[92mINFO [0m:      	  93: { 'eval_acc': '3.5490e-01',
[92mINFO [0m:      	        'eval_loss': '1.8435e+00',
[92mINFO [0m:      	        'time': '6.9836e+02'},
[92mINFO [0m:      	  94: { 'eval_acc': '3.5770e-01',
[92mINFO [0m:      	        'eval_loss': '1.8660e+00',
[92mINFO [0m:      	        'time': '7.0542e+02'},
[92mINFO [0m:      	  95: { 'eval_acc': '3.6660e-01',
[92mINFO [0m:      	        'eval_loss': '1.8241e+00',
[92mINFO [0m:      	        'time': '7.1248e+02'},
[92mINFO [0m:      	  96: { 'eval_acc': '3.5680e-01',
[92mINFO [0m:      	        'eval_loss': '1.8521e+00',
[92mINFO [0m:      	        'time': '7.1964e+02'},
[92mINFO [0m:      	  97: { 'eval_acc': '3.4660e-01',
[92mINFO [0m:      	        'eval_loss': '1.8783e+00',
[92mINFO [0m:      	        'time': '7.2670e+02'},
[92mINFO [0m:      	  98: { 'eval_acc': '3.5950e-01',
[92mINFO [0m:      	        'eval_loss': '1.8511e+00',
[92mINFO [0m:      	        'time': '7.3387e+02'},
[92mINFO [0m:      	  99: { 'eval_acc': '3.6330e-01',
[92mINFO [0m:      	        'eval_loss': '1.8307e+00',
[92mINFO [0m:      	        'time': '7.4090e+02'},
[92mINFO [0m:      	  100: { 'eval_acc': '3.6550e-01',
[92mINFO [0m:      	         'eval_loss': '1.8259e+00',
[92mINFO [0m:      	         'time': '7.4807e+02'}}
[92mINFO [0m:      	
[92mINFO [0m:      	ServerApp-side Evaluate Metrics:
[92mINFO [0m:      	{}
[92mINFO [0m:      
[92mINFO [0m:      CSV saved: results/cifar10/6/FedSaSync_fs1_m6.csv
[36m(ClientAppActor pid=1721342)[0m [2026-05-20 02:41:12,154 E 1721342 1722245] core_worker_process.cc:825: Failed to establish connection to the metrics exporter agent. Metrics will not be exported. Exporter agent status: RpcError: Running out of retries to initialize the metrics agent. rpc_code: 14[32m [repeated 15x across cluster][0m
[92mINFO [0m:      
