fs=1 m=7 i=1
Starting local SuperLink on 127.0.0.1:39093...
⚠️ Warning: `options.` fields in the SuperLink connection configuration are deprecated. Use `--federation-config` with `flwr run` instead. Alternatively, permanently set your simulation configuration via `flwr federation simulation-config`.
🎊 Successfully started run 16917991120917432870
[92mINFO [0m:      Starting Flower Simulation
Successfully installed fedsasync to /tmp/Victor-Hidalgo-1436506-60-0/.flwr/apps/flwrlabs.fedsasync.1.0.0.f4a93b94.
[92mINFO [0m:      Starting FedSaSync strategy:
[92mINFO [0m:      	├── Number of rounds: 100
[92mINFO [0m:      	├── ArrayRecord (0.24 MB)
[92mINFO [0m:      	├── ConfigRecord (train): (empty!)
[92mINFO [0m:      	├── ConfigRecord (evaluate): (empty!)
[92mINFO [0m:      	├──> Sampling:
[92mINFO [0m:      	│	├──Fraction: train (1.00) | evaluate ( 1.00)
[92mINFO [0m:      	│	├──Minimum nodes: train (2) | evaluate (2)
[92mINFO [0m:      	│	└──Minimum available nodes: 2
[92mINFO [0m:      	└──> Keys in records:
[92mINFO [0m:      		├── Weighted by: 'num-examples'
[92mINFO [0m:      		├── ArrayRecord key: 'arrays'
[92mINFO [0m:      		└── ConfigRecord key: 'config'
[92mINFO [0m:      
[92mINFO [0m:      
[92mINFO [0m:      [ROUND 1/100]
[92mINFO [0m:      configure_train: Sampled 10 nodes (out of 10)
/home/Victor.Hidalgo/.pyenv/versions/3.12.12/envs/fedsasync/lib/python3.12/site-packages/ray/_private/worker.py:2051: FutureWarning: Tip: In future versions of Ray, Ray will no longer override accelerator visible devices env var if num_gpus=0 or num_gpus=None (default). To enable this behavior and turn off this error message, set RAY_ACCEL_ENV_VAR_OVERRIDE_ON_ZERO=0
  warnings.warn(
[36m(ClientAppActor pid=1527098)[0m Warning: You are sending unauthenticated requests to the HF Hub. Please set a HF_TOKEN to enable higher rate limits and faster downloads.
[92mINFO [0m:      aggregate_train: Received 9 results and 0 failures
[92mINFO [0m:      	└──> Aggregated MetricRecord: {'train_loss': 2.2071458761427136, 'train_time': 7.446892095315787, 'qtty_records': 9}
[92mINFO [0m:      configure_evaluate: Sampled 10 nodes (out of 10)
[36m(pid=gcs_server)[0m [2026-05-20 02:43:37,162 E 1525766 1525766] (gcs_server) gcs_server.cc:302: Failed to establish connection to the event+metrics exporter agent. Events and metrics will not be exported. Exporter agent status: RpcError: Running out of retries to initialize the metrics agent. rpc_code: 14
[36m(ClientAppActor pid=1527072)[0m Warning: You are sending unauthenticated requests to the HF Hub. Please set a HF_TOKEN to enable higher rate limits and faster downloads.[32m [repeated 8x across cluster] (Ray deduplicates logs by default. Set RAY_DEDUP_LOGS=0 to disable log deduplication, or see https://docs.ray.io/en/master/ray-observability/user-guides/configure-logging.html#log-deduplication for more options.)[0m
[33m(raylet)[0m [2026-05-20 02:43:39,930 E 1526042 1526042] (raylet) main.cc:975: Failed to establish connection to the metrics exporter agent. Metrics will not be exported. Exporter agent status: RpcError: Running out of retries to initialize the metrics agent. rpc_code: 14
[36m(ClientAppActor pid=1527101)[0m Warning: You are sending unauthenticated requests to the HF Hub. Please set a HF_TOKEN to enable higher rate limits and faster downloads.
[36m(ClientAppActor pid=1527097)[0m [2026-05-20 02:43:44,228 E 1527097 1527283] core_worker_process.cc:825: Failed to establish connection to the metrics exporter agent. Metrics will not be exported. Exporter agent status: RpcError: Running out of retries to initialize the metrics agent. rpc_code: 14
[92mINFO [0m:      aggregate_evaluate: Received 10 results and 0 failures
[92mINFO [0m:      	└──> Aggregated MetricRecord: {'eval_loss': 2.3221361704170707, 'eval_acc': 0.1003, 'time': 50.19032073020935}
[92mINFO [0m:      
[92mINFO [0m:      [ROUND 2/100]
[92mINFO [0m:      configure_train: Sampled 9 nodes (out of 10)
[92mINFO [0m:      aggregate_train: Received 10 results and 0 failures
[92mINFO [0m:      	└──> Aggregated MetricRecord: {'train_loss': 2.1388063863754274, 'train_time': 6.188584161177277, 'qtty_records': 10}
[92mINFO [0m:      configure_evaluate: Sampled 10 nodes (out of 10)
[92mINFO [0m:      aggregate_evaluate: Received 10 results and 0 failures
[92mINFO [0m:      	└──> Aggregated MetricRecord: {'eval_loss': 2.3221483021974567, 'eval_acc': 0.10350000000000002, 'time': 57.3544499874115}
[92mINFO [0m:      
[92mINFO [0m:      [ROUND 3/100]
[92mINFO [0m:      configure_train: Sampled 10 nodes (out of 10)
[92mINFO [0m:      aggregate_train: Received 9 results and 0 failures
[92mINFO [0m:      	└──> Aggregated MetricRecord: {'train_loss': 2.085765070385403, 'train_time': 5.453978161637981, 'qtty_records': 9}
[92mINFO [0m:      configure_evaluate: Sampled 10 nodes (out of 10)
[92mINFO [0m:      aggregate_evaluate: Received 10 results and 0 failures
[92mINFO [0m:      	└──> Aggregated MetricRecord: {'eval_loss': 2.1280259724706414, 'eval_acc': 0.1805, 'time': 64.61542582511902}
[92mINFO [0m:      
[92mINFO [0m:      [ROUND 4/100]
[92mINFO [0m:      configure_train: Sampled 9 nodes (out of 10)
[92mINFO [0m:      aggregate_train: Received 10 results and 0 failures
[92mINFO [0m:      	└──> Aggregated MetricRecord: {'train_loss': 2.0473306517601015, 'train_time': 5.951613551005721, 'qtty_records': 10}
[92mINFO [0m:      configure_evaluate: Sampled 10 nodes (out of 10)
[92mINFO [0m:      aggregate_evaluate: Received 10 results and 0 failures
[92mINFO [0m:      	└──> Aggregated MetricRecord: {'eval_loss': 2.2285464089363813, 'eval_acc': 0.18880000000000005, 'time': 72.08642482757568}
[92mINFO [0m:      
[92mINFO [0m:      [ROUND 5/100]
[92mINFO [0m:      configure_train: Sampled 10 nodes (out of 10)
[92mINFO [0m:      aggregate_train: Received 9 results and 0 failures
[92mINFO [0m:      	└──> Aggregated MetricRecord: {'train_loss': 2.015027655071682, 'train_time': 5.467851937955452, 'qtty_records': 9}
[92mINFO [0m:      configure_evaluate: Sampled 10 nodes (out of 10)
[92mINFO [0m:      aggregate_evaluate: Received 10 results and 0 failures
[92mINFO [0m:      	└──> Aggregated MetricRecord: {'eval_loss': 2.077908516302705, 'eval_acc': 0.23190000000000002, 'time': 79.2543318271637}
[92mINFO [0m:      
[92mINFO [0m:      [ROUND 6/100]
[92mINFO [0m:      configure_train: Sampled 9 nodes (out of 10)
[92mINFO [0m:      aggregate_train: Received 10 results and 0 failures
[92mINFO [0m:      	└──> Aggregated MetricRecord: {'train_loss': 1.9802237542152406, 'train_time': 6.011366144567728, 'qtty_records': 10}
[92mINFO [0m:      configure_evaluate: Sampled 10 nodes (out of 10)
[92mINFO [0m:      aggregate_evaluate: Received 10 results and 0 failures
[92mINFO [0m:      	└──> Aggregated MetricRecord: {'eval_loss': 2.0208986669778826, 'eval_acc': 0.25660000000000005, 'time': 86.5177230834961}
[92mINFO [0m:      
[92mINFO [0m:      [ROUND 7/100]
[92mINFO [0m:      configure_train: Sampled 10 nodes (out of 10)
[92mINFO [0m:      aggregate_train: Received 9 results and 0 failures
[92mINFO [0m:      	└──> Aggregated MetricRecord: {'train_loss': 1.9608149417241414, 'train_time': 5.50551372518142, 'qtty_records': 9}
[92mINFO [0m:      configure_evaluate: Sampled 10 nodes (out of 10)
[92mINFO [0m:      aggregate_evaluate: Received 10 results and 0 failures
[92mINFO [0m:      	└──> Aggregated MetricRecord: {'eval_loss': 2.062020147591829, 'eval_acc': 0.21700000000000003, 'time': 93.88450694084167}
[92mINFO [0m:      
[92mINFO [0m:      [ROUND 8/100]
[92mINFO [0m:      configure_train: Sampled 9 nodes (out of 10)
[92mINFO [0m:      aggregate_train: Received 10 results and 0 failures
[92mINFO [0m:      	└──> Aggregated MetricRecord: {'train_loss': 1.943978791999817, 'train_time': 5.90570464944467, 'qtty_records': 10}
[92mINFO [0m:      configure_evaluate: Sampled 10 nodes (out of 10)
[92mINFO [0m:      aggregate_evaluate: Received 10 results and 0 failures
[92mINFO [0m:      	└──> Aggregated MetricRecord: {'eval_loss': 2.0041915867477655, 'eval_acc': 0.26570000000000005, 'time': 101.5026204586029}
[92mINFO [0m:      
[92mINFO [0m:      [ROUND 9/100]
[92mINFO [0m:      configure_train: Sampled 10 nodes (out of 10)
[92mINFO [0m:      aggregate_train: Received 9 results and 0 failures
[92mINFO [0m:      	└──> Aggregated MetricRecord: {'train_loss': 1.9413935603035821, 'train_time': 5.47361507670333, 'qtty_records': 9}
[92mINFO [0m:      configure_evaluate: Sampled 10 nodes (out of 10)
[92mINFO [0m:      aggregate_evaluate: Received 10 results and 0 failures
[92mINFO [0m:      	└──> Aggregated MetricRecord: {'eval_loss': 2.0286060333251954, 'eval_acc': 0.25880000000000003, 'time': 108.7734944820404}
[92mINFO [0m:      
[92mINFO [0m:      [ROUND 10/100]
[92mINFO [0m:      configure_train: Sampled 9 nodes (out of 10)
[92mINFO [0m:      aggregate_train: Received 10 results and 0 failures
[92mINFO [0m:      	└──> Aggregated MetricRecord: {'train_loss': 1.9283722125053404, 'train_time': 5.9215327896177765, 'qtty_records': 10}
[92mINFO [0m:      configure_evaluate: Sampled 10 nodes (out of 10)
[92mINFO [0m:      aggregate_evaluate: Received 10 results and 0 failures
[92mINFO [0m:      	└──> Aggregated MetricRecord: {'eval_loss': 1.964708574861288, 'eval_acc': 0.2831, 'time': 116.04049468040466}
[92mINFO [0m:      
[92mINFO [0m:      [ROUND 11/100]
[92mINFO [0m:      configure_train: Sampled 10 nodes (out of 10)
[92mINFO [0m:      aggregate_train: Received 9 results and 0 failures
[92mINFO [0m:      	└──> Aggregated MetricRecord: {'train_loss': 1.919146192656623, 'train_time': 5.416596392066115, 'qtty_records': 9}
[92mINFO [0m:      configure_evaluate: Sampled 10 nodes (out of 10)
[92mINFO [0m:      aggregate_evaluate: Received 10 results and 0 failures
[92mINFO [0m:      	└──> Aggregated MetricRecord: {'eval_loss': 2.0123984687030316, 'eval_acc': 0.26880000000000004, 'time': 123.31416511535645}
[92mINFO [0m:      
[92mINFO [0m:      [ROUND 12/100]
[92mINFO [0m:      configure_train: Sampled 9 nodes (out of 10)
[92mINFO [0m:      aggregate_train: Received 10 results and 0 failures
[92mINFO [0m:      	└──> Aggregated MetricRecord: {'train_loss': 1.910485891723633, 'train_time': 5.9531335646286605, 'qtty_records': 10}
[92mINFO [0m:      configure_evaluate: Sampled 10 nodes (out of 10)
[92mINFO [0m:      aggregate_evaluate: Received 10 results and 0 failures
[92mINFO [0m:      	└──> Aggregated MetricRecord: {'eval_loss': 1.9978675045073035, 'eval_acc': 0.27330000000000004, 'time': 130.48143696784973}
[92mINFO [0m:      
[92mINFO [0m:      [ROUND 13/100]
[92mINFO [0m:      configure_train: Sampled 10 nodes (out of 10)
[92mINFO [0m:      aggregate_train: Received 9 results and 0 failures
[92mINFO [0m:      	└──> Aggregated MetricRecord: {'train_loss': 1.9110047491921318, 'train_time': 5.61909666357355, 'qtty_records': 9}
[92mINFO [0m:      configure_evaluate: Sampled 10 nodes (out of 10)
[92mINFO [0m:      aggregate_evaluate: Received 10 results and 0 failures
[92mINFO [0m:      	└──> Aggregated MetricRecord: {'eval_loss': 2.029504470899701, 'eval_acc': 0.27480000000000004, 'time': 137.83163809776306}
[92mINFO [0m:      
[92mINFO [0m:      [ROUND 14/100]
[92mINFO [0m:      configure_train: Sampled 9 nodes (out of 10)
[92mINFO [0m:      aggregate_train: Received 10 results and 0 failures
[92mINFO [0m:      	└──> Aggregated MetricRecord: {'train_loss': 1.9134796598434451, 'train_time': 5.9192372931167485, 'qtty_records': 10}
[92mINFO [0m:      configure_evaluate: Sampled 10 nodes (out of 10)
[92mINFO [0m:      aggregate_evaluate: Received 10 results and 0 failures
[92mINFO [0m:      	└──> Aggregated MetricRecord: {'eval_loss': 1.9483786705881359, 'eval_acc': 0.3047, 'time': 145.12671494483948}
[92mINFO [0m:      
[92mINFO [0m:      [ROUND 15/100]
[92mINFO [0m:      configure_train: Sampled 10 nodes (out of 10)
[92mINFO [0m:      aggregate_train: Received 9 results and 0 failures
[92mINFO [0m:      	└──> Aggregated MetricRecord: {'train_loss': 1.9006243880589804, 'train_time': 5.498254024423659, 'qtty_records': 9}
[92mINFO [0m:      configure_evaluate: Sampled 10 nodes (out of 10)
[92mINFO [0m:      aggregate_evaluate: Received 10 results and 0 failures
[92mINFO [0m:      	└──> Aggregated MetricRecord: {'eval_loss': 1.9291390184313062, 'eval_acc': 0.3083, 'time': 152.28615641593933}
[92mINFO [0m:      
[92mINFO [0m:      [ROUND 16/100]
[92mINFO [0m:      configure_train: Sampled 9 nodes (out of 10)
[92mINFO [0m:      aggregate_train: Received 10 results and 0 failures
[92mINFO [0m:      	└──> Aggregated MetricRecord: {'train_loss': 1.8926043108940125, 'train_time': 5.906882507447153, 'qtty_records': 10}
[92mINFO [0m:      configure_evaluate: Sampled 10 nodes (out of 10)
[92mINFO [0m:      aggregate_evaluate: Received 10 results and 0 failures
[92mINFO [0m:      	└──> Aggregated MetricRecord: {'eval_loss': 1.9294556207954883, 'eval_acc': 0.318, 'time': 159.55083775520325}
[92mINFO [0m:      
[92mINFO [0m:      [ROUND 17/100]
[92mINFO [0m:      configure_train: Sampled 10 nodes (out of 10)
[92mINFO [0m:      aggregate_train: Received 9 results and 0 failures
[92mINFO [0m:      	└──> Aggregated MetricRecord: {'train_loss': 1.8772423611746893, 'train_time': 5.603954306079282, 'qtty_records': 9}
[92mINFO [0m:      configure_evaluate: Sampled 10 nodes (out of 10)
[92mINFO [0m:      aggregate_evaluate: Received 10 results and 0 failures
[92mINFO [0m:      	└──> Aggregated MetricRecord: {'eval_loss': 1.9344726685434581, 'eval_acc': 0.308, 'time': 166.81278443336487}
[92mINFO [0m:      
[92mINFO [0m:      [ROUND 18/100]
[92mINFO [0m:      configure_train: Sampled 9 nodes (out of 10)
[92mINFO [0m:      aggregate_train: Received 10 results and 0 failures
[92mINFO [0m:      	└──> Aggregated MetricRecord: {'train_loss': 1.8931692502021789, 'train_time': 5.857149423379451, 'qtty_records': 10}
[92mINFO [0m:      configure_evaluate: Sampled 10 nodes (out of 10)
[92mINFO [0m:      aggregate_evaluate: Received 10 results and 0 failures
[92mINFO [0m:      	└──> Aggregated MetricRecord: {'eval_loss': 1.9810380622744563, 'eval_acc': 0.2963, 'time': 174.1789252758026}
[92mINFO [0m:      
[92mINFO [0m:      [ROUND 19/100]
[92mINFO [0m:      configure_train: Sampled 10 nodes (out of 10)
[92mINFO [0m:      aggregate_train: Received 9 results and 0 failures
[92mINFO [0m:      	└──> Aggregated MetricRecord: {'train_loss': 1.8890565048853554, 'train_time': 5.451445041431321, 'qtty_records': 9}
[92mINFO [0m:      configure_evaluate: Sampled 10 nodes (out of 10)
[92mINFO [0m:      aggregate_evaluate: Received 10 results and 0 failures
[92mINFO [0m:      	└──> Aggregated MetricRecord: {'eval_loss': 1.93354318253696, 'eval_acc': 0.31420000000000003, 'time': 181.44338202476501}
[92mINFO [0m:      
[92mINFO [0m:      [ROUND 20/100]
[92mINFO [0m:      configure_train: Sampled 9 nodes (out of 10)
[92mINFO [0m:      aggregate_train: Received 10 results and 0 failures
[92mINFO [0m:      	└──> Aggregated MetricRecord: {'train_loss': 1.8854889509201052, 'train_time': 5.981511694844812, 'qtty_records': 10}
[92mINFO [0m:      configure_evaluate: Sampled 10 nodes (out of 10)
[92mINFO [0m:      aggregate_evaluate: Received 10 results and 0 failures
[92mINFO [0m:      	└──> Aggregated MetricRecord: {'eval_loss': 1.9522279221564536, 'eval_acc': 0.31720000000000004, 'time': 188.71622133255005}
[92mINFO [0m:      
[92mINFO [0m:      [ROUND 21/100]
[92mINFO [0m:      configure_train: Sampled 10 nodes (out of 10)
[92mINFO [0m:      aggregate_train: Received 9 results and 0 failures
[92mINFO [0m:      	└──> Aggregated MetricRecord: {'train_loss': 1.8665180138481987, 'train_time': 5.418429035072525, 'qtty_records': 9}
[92mINFO [0m:      configure_evaluate: Sampled 10 nodes (out of 10)
[92mINFO [0m:      aggregate_evaluate: Received 10 results and 0 failures
[92mINFO [0m:      	└──> Aggregated MetricRecord: {'eval_loss': 1.8869787734001877, 'eval_acc': 0.32649999999999996, 'time': 195.87900948524475}
[92mINFO [0m:      
[92mINFO [0m:      [ROUND 22/100]
[92mINFO [0m:      configure_train: Sampled 9 nodes (out of 10)
[92mINFO [0m:      aggregate_train: Received 10 results and 0 failures
[92mINFO [0m:      	└──> Aggregated MetricRecord: {'train_loss': 1.879083253479004, 'train_time': 5.872422613855451, 'qtty_records': 10}
[92mINFO [0m:      configure_evaluate: Sampled 10 nodes (out of 10)
[92mINFO [0m:      aggregate_evaluate: Received 10 results and 0 failures
[92mINFO [0m:      	└──> Aggregated MetricRecord: {'eval_loss': 1.881227355077863, 'eval_acc': 0.33240000000000003, 'time': 203.14194703102112}
[92mINFO [0m:      
[92mINFO [0m:      [ROUND 23/100]
[92mINFO [0m:      configure_train: Sampled 10 nodes (out of 10)
[92mINFO [0m:      aggregate_train: Received 9 results and 0 failures
[92mINFO [0m:      	└──> Aggregated MetricRecord: {'train_loss': 1.8761044585969713, 'train_time': 5.455652218932907, 'qtty_records': 9}
[92mINFO [0m:      configure_evaluate: Sampled 10 nodes (out of 10)
[92mINFO [0m:      aggregate_evaluate: Received 10 results and 0 failures
[92mINFO [0m:      	└──> Aggregated MetricRecord: {'eval_loss': 1.9052660264074806, 'eval_acc': 0.3131, 'time': 210.27682304382324}
[92mINFO [0m:      
[92mINFO [0m:      [ROUND 24/100]
[92mINFO [0m:      configure_train: Sampled 9 nodes (out of 10)
[92mINFO [0m:      aggregate_train: Received 10 results and 0 failures
[92mINFO [0m:      	└──> Aggregated MetricRecord: {'train_loss': 1.8718125813484192, 'train_time': 5.838924533221871, 'qtty_records': 10}
[92mINFO [0m:      configure_evaluate: Sampled 10 nodes (out of 10)
[92mINFO [0m:      aggregate_evaluate: Received 10 results and 0 failures
[92mINFO [0m:      	└──> Aggregated MetricRecord: {'eval_loss': 1.9509075291454798, 'eval_acc': 0.3015, 'time': 217.54394817352295}
[92mINFO [0m:      
[92mINFO [0m:      [ROUND 25/100]
[92mINFO [0m:      configure_train: Sampled 10 nodes (out of 10)
[92mINFO [0m:      aggregate_train: Received 9 results and 0 failures
[92mINFO [0m:      	└──> Aggregated MetricRecord: {'train_loss': 1.8607606201171876, 'train_time': 5.452413103439742, 'qtty_records': 9}
[92mINFO [0m:      configure_evaluate: Sampled 10 nodes (out of 10)
[92mINFO [0m:      aggregate_evaluate: Received 10 results and 0 failures
[92mINFO [0m:      	└──> Aggregated MetricRecord: {'eval_loss': 1.8853548087179661, 'eval_acc': 0.3278, 'time': 224.78337216377258}
[92mINFO [0m:      
[92mINFO [0m:      [ROUND 26/100]
[92mINFO [0m:      configure_train: Sampled 9 nodes (out of 10)
[92mINFO [0m:      aggregate_train: Received 10 results and 0 failures
[92mINFO [0m:      	└──> Aggregated MetricRecord: {'train_loss': 1.8526067740440366, 'train_time': 5.9128855898045005, 'qtty_records': 10}
[92mINFO [0m:      configure_evaluate: Sampled 10 nodes (out of 10)
[92mINFO [0m:      aggregate_evaluate: Received 10 results and 0 failures
[92mINFO [0m:      	└──> Aggregated MetricRecord: {'eval_loss': 1.8980402532964946, 'eval_acc': 0.32949999999999996, 'time': 231.94905066490173}
[92mINFO [0m:      
[92mINFO [0m:      [ROUND 27/100]
[92mINFO [0m:      configure_train: Sampled 10 nodes (out of 10)
[92mINFO [0m:      aggregate_train: Received 9 results and 0 failures
[92mINFO [0m:      	└──> Aggregated MetricRecord: {'train_loss': 1.8573643355899383, 'train_time': 5.426910101125638, 'qtty_records': 9}
[92mINFO [0m:      configure_evaluate: Sampled 10 nodes (out of 10)
[92mINFO [0m:      aggregate_evaluate: Received 10 results and 0 failures
[92mINFO [0m:      	└──> Aggregated MetricRecord: {'eval_loss': 1.899833081290126, 'eval_acc': 0.33749999999999997, 'time': 239.08174753189087}
[92mINFO [0m:      
[92mINFO [0m:      [ROUND 28/100]
[92mINFO [0m:      configure_train: Sampled 9 nodes (out of 10)
[92mINFO [0m:      aggregate_train: Received 10 results and 0 failures
[92mINFO [0m:      	└──> Aggregated MetricRecord: {'train_loss': 1.852998954868317, 'train_time': 5.8695349941961465, 'qtty_records': 10}
[92mINFO [0m:      configure_evaluate: Sampled 10 nodes (out of 10)
[92mINFO [0m:      aggregate_evaluate: Received 10 results and 0 failures
[92mINFO [0m:      	└──> Aggregated MetricRecord: {'eval_loss': 1.9074137959629303, 'eval_acc': 0.3325, 'time': 246.34538197517395}
[92mINFO [0m:      
[92mINFO [0m:      [ROUND 29/100]
[92mINFO [0m:      configure_train: Sampled 10 nodes (out of 10)
[92mINFO [0m:      aggregate_train: Received 9 results and 0 failures
[92mINFO [0m:      	└──> Aggregated MetricRecord: {'train_loss': 1.8488559759987726, 'train_time': 5.367695393868619, 'qtty_records': 9}
[92mINFO [0m:      configure_evaluate: Sampled 10 nodes (out of 10)
[92mINFO [0m:      aggregate_evaluate: Received 10 results and 0 failures
[92mINFO [0m:      	└──> Aggregated MetricRecord: {'eval_loss': 1.8474456246942283, 'eval_acc': 0.34450000000000003, 'time': 253.60664916038513}
[92mINFO [0m:      
[92mINFO [0m:      [ROUND 30/100]
[92mINFO [0m:      configure_train: Sampled 9 nodes (out of 10)
[92mINFO [0m:      aggregate_train: Received 10 results and 0 failures
[92mINFO [0m:      	└──> Aggregated MetricRecord: {'train_loss': 1.8427284503936767, 'train_time': 5.82619201168418, 'qtty_records': 10}
[92mINFO [0m:      configure_evaluate: Sampled 10 nodes (out of 10)
[92mINFO [0m:      aggregate_evaluate: Received 10 results and 0 failures
[92mINFO [0m:      	└──> Aggregated MetricRecord: {'eval_loss': 1.828061228990555, 'eval_acc': 0.36569999999999997, 'time': 260.88108468055725}
[92mINFO [0m:      
[92mINFO [0m:      [ROUND 31/100]
[92mINFO [0m:      configure_train: Sampled 10 nodes (out of 10)
[92mINFO [0m:      aggregate_train: Received 9 results and 0 failures
[92mINFO [0m:      	└──> Aggregated MetricRecord: {'train_loss': 1.8406578125423854, 'train_time': 5.41922492120001, 'qtty_records': 9}
[92mINFO [0m:      configure_evaluate: Sampled 10 nodes (out of 10)
[92mINFO [0m:      aggregate_evaluate: Received 10 results and 0 failures
[92mINFO [0m:      	└──> Aggregated MetricRecord: {'eval_loss': 1.8656926821917295, 'eval_acc': 0.35520000000000007, 'time': 268.0421278476715}
[92mINFO [0m:      
[92mINFO [0m:      [ROUND 32/100]
[92mINFO [0m:      configure_train: Sampled 9 nodes (out of 10)
[92mINFO [0m:      aggregate_train: Received 10 results and 0 failures
[92mINFO [0m:      	└──> Aggregated MetricRecord: {'train_loss': 1.8406156865119934, 'train_time': 5.858901554998011, 'qtty_records': 10}
[92mINFO [0m:      configure_evaluate: Sampled 10 nodes (out of 10)
[92mINFO [0m:      aggregate_evaluate: Received 10 results and 0 failures
[92mINFO [0m:      	└──> Aggregated MetricRecord: {'eval_loss': 1.8928506795316935, 'eval_acc': 0.3329000000000001, 'time': 275.40650749206543}
[92mINFO [0m:      
[92mINFO [0m:      [ROUND 33/100]
[92mINFO [0m:      configure_train: Sampled 10 nodes (out of 10)
[92mINFO [0m:      aggregate_train: Received 9 results and 0 failures
[92mINFO [0m:      	└──> Aggregated MetricRecord: {'train_loss': 1.858947599093119, 'train_time': 5.531984062347975, 'qtty_records': 9}
[92mINFO [0m:      configure_evaluate: Sampled 10 nodes (out of 10)
[92mINFO [0m:      aggregate_evaluate: Received 10 results and 0 failures
[92mINFO [0m:      	└──> Aggregated MetricRecord: {'eval_loss': 1.9273258399218327, 'eval_acc': 0.32250000000000006, 'time': 282.6720435619354}
[92mINFO [0m:      
[92mINFO [0m:      [ROUND 34/100]
[92mINFO [0m:      configure_train: Sampled 9 nodes (out of 10)
[92mINFO [0m:      aggregate_train: Received 10 results and 0 failures
[92mINFO [0m:      	└──> Aggregated MetricRecord: {'train_loss': 1.8598009160995481, 'train_time': 5.918460416886956, 'qtty_records': 10}
[92mINFO [0m:      configure_evaluate: Sampled 10 nodes (out of 10)
[92mINFO [0m:      aggregate_evaluate: Received 10 results and 0 failures
[92mINFO [0m:      	└──> Aggregated MetricRecord: {'eval_loss': 1.8505321487784387, 'eval_acc': 0.3416, 'time': 289.83673572540283}
[92mINFO [0m:      
[92mINFO [0m:      [ROUND 35/100]
[92mINFO [0m:      configure_train: Sampled 10 nodes (out of 10)
[92mINFO [0m:      aggregate_train: Received 9 results and 0 failures
[92mINFO [0m:      	└──> Aggregated MetricRecord: {'train_loss': 1.836036290592617, 'train_time': 5.360752589690189, 'qtty_records': 9}
[92mINFO [0m:      configure_evaluate: Sampled 10 nodes (out of 10)
[92mINFO [0m:      aggregate_evaluate: Received 10 results and 0 failures
[92mINFO [0m:      	└──> Aggregated MetricRecord: {'eval_loss': 1.8716419331729417, 'eval_acc': 0.3559, 'time': 297.07845759391785}
[92mINFO [0m:      
[92mINFO [0m:      [ROUND 36/100]
[92mINFO [0m:      configure_train: Sampled 9 nodes (out of 10)
[92mINFO [0m:      aggregate_train: Received 10 results and 0 failures
[92mINFO [0m:      	└──> Aggregated MetricRecord: {'train_loss': 1.8595416827201845, 'train_time': 5.931980933342129, 'qtty_records': 10}
[92mINFO [0m:      configure_evaluate: Sampled 10 nodes (out of 10)
[92mINFO [0m:      aggregate_evaluate: Received 10 results and 0 failures
[92mINFO [0m:      	└──> Aggregated MetricRecord: {'eval_loss': 1.8805817943066359, 'eval_acc': 0.3405000000000001, 'time': 304.2729642391205}
[92mINFO [0m:      
[92mINFO [0m:      [ROUND 37/100]
[92mINFO [0m:      configure_train: Sampled 10 nodes (out of 10)
[92mINFO [0m:      aggregate_train: Received 9 results and 0 failures
[92mINFO [0m:      	└──> Aggregated MetricRecord: {'train_loss': 1.8803364810943601, 'train_time': 5.365598880582386, 'qtty_records': 9}
[92mINFO [0m:      configure_evaluate: Sampled 10 nodes (out of 10)
[92mINFO [0m:      aggregate_evaluate: Received 10 results and 0 failures
[92mINFO [0m:      	└──> Aggregated MetricRecord: {'eval_loss': 1.8463722065091135, 'eval_acc': 0.3668, 'time': 311.4322781562805}
[92mINFO [0m:      
[92mINFO [0m:      [ROUND 38/100]
[92mINFO [0m:      configure_train: Sampled 9 nodes (out of 10)
[92mINFO [0m:      aggregate_train: Received 10 results and 0 failures
[92mINFO [0m:      	└──> Aggregated MetricRecord: {'train_loss': 1.8373143198966981, 'train_time': 5.868107228819281, 'qtty_records': 10}
[92mINFO [0m:      configure_evaluate: Sampled 10 nodes (out of 10)
[92mINFO [0m:      aggregate_evaluate: Received 10 results and 0 failures
[92mINFO [0m:      	└──> Aggregated MetricRecord: {'eval_loss': 1.8584975589066746, 'eval_acc': 0.3524, 'time': 318.69858479499817}
[92mINFO [0m:      
[92mINFO [0m:      [ROUND 39/100]
[92mINFO [0m:      configure_train: Sampled 10 nodes (out of 10)
[92mINFO [0m:      aggregate_train: Received 9 results and 0 failures
[92mINFO [0m:      	└──> Aggregated MetricRecord: {'train_loss': 1.8296930441326567, 'train_time': 5.388832600476841, 'qtty_records': 9}
[92mINFO [0m:      configure_evaluate: Sampled 10 nodes (out of 10)
[92mINFO [0m:      aggregate_evaluate: Received 10 results and 0 failures
[92mINFO [0m:      	└──> Aggregated MetricRecord: {'eval_loss': 1.840905098617077, 'eval_acc': 0.363, 'time': 325.84666895866394}
[92mINFO [0m:      
[92mINFO [0m:      [ROUND 40/100]
[92mINFO [0m:      configure_train: Sampled 9 nodes (out of 10)
[92mINFO [0m:      aggregate_train: Received 10 results and 0 failures
[92mINFO [0m:      	└──> Aggregated MetricRecord: {'train_loss': 1.846724287033081, 'train_time': 5.958005377929657, 'qtty_records': 10}
[92mINFO [0m:      configure_evaluate: Sampled 10 nodes (out of 10)
[92mINFO [0m:      aggregate_evaluate: Received 10 results and 0 failures
[92mINFO [0m:      	└──> Aggregated MetricRecord: {'eval_loss': 1.923395796865225, 'eval_acc': 0.3217, 'time': 333.10833764076233}
[92mINFO [0m:      
[92mINFO [0m:      [ROUND 41/100]
[92mINFO [0m:      configure_train: Sampled 10 nodes (out of 10)
[92mINFO [0m:      aggregate_train: Received 9 results and 0 failures
[92mINFO [0m:      	└──> Aggregated MetricRecord: {'train_loss': 1.8354291288587783, 'train_time': 5.524759710042013, 'qtty_records': 9}
[92mINFO [0m:      configure_evaluate: Sampled 10 nodes (out of 10)
[92mINFO [0m:      aggregate_evaluate: Received 10 results and 0 failures
[92mINFO [0m:      	└──> Aggregated MetricRecord: {'eval_loss': 1.8314004514366389, 'eval_acc': 0.3557, 'time': 340.24140191078186}
[92mINFO [0m:      
[92mINFO [0m:      [ROUND 42/100]
[92mINFO [0m:      configure_train: Sampled 9 nodes (out of 10)
[92mINFO [0m:      aggregate_train: Received 10 results and 0 failures
[92mINFO [0m:      	└──> Aggregated MetricRecord: {'train_loss': 1.850763272571564, 'train_time': 5.883159862831235, 'qtty_records': 10}
[92mINFO [0m:      configure_evaluate: Sampled 10 nodes (out of 10)
[92mINFO [0m:      aggregate_evaluate: Received 10 results and 0 failures
[92mINFO [0m:      	└──> Aggregated MetricRecord: {'eval_loss': 1.921632081642747, 'eval_acc': 0.3469, 'time': 347.50643944740295}
[92mINFO [0m:      
[92mINFO [0m:      [ROUND 43/100]
[92mINFO [0m:      configure_train: Sampled 10 nodes (out of 10)
[92mINFO [0m:      aggregate_train: Received 9 results and 0 failures
[92mINFO [0m:      	└──> Aggregated MetricRecord: {'train_loss': 1.8172153576744925, 'train_time': 5.375568780013257, 'qtty_records': 9}
[92mINFO [0m:      configure_evaluate: Sampled 10 nodes (out of 10)
[92mINFO [0m:      aggregate_evaluate: Received 10 results and 0 failures
[92mINFO [0m:      	└──> Aggregated MetricRecord: {'eval_loss': 1.8356777120381595, 'eval_acc': 0.35669999999999996, 'time': 354.8424434661865}
[92mINFO [0m:      
[92mINFO [0m:      [ROUND 44/100]
[92mINFO [0m:      configure_train: Sampled 9 nodes (out of 10)
[92mINFO [0m:      aggregate_train: Received 10 results and 0 failures
[92mINFO [0m:      	└──> Aggregated MetricRecord: {'train_loss': 1.845190912628174, 'train_time': 5.965026083774864, 'qtty_records': 10}
[92mINFO [0m:      configure_evaluate: Sampled 10 nodes (out of 10)
[92mINFO [0m:      aggregate_evaluate: Received 10 results and 0 failures
[92mINFO [0m:      	└──> Aggregated MetricRecord: {'eval_loss': 1.8739418152719736, 'eval_acc': 0.35040000000000004, 'time': 362.08674216270447}
[92mINFO [0m:      
[92mINFO [0m:      [ROUND 45/100]
[92mINFO [0m:      configure_train: Sampled 10 nodes (out of 10)
[92mINFO [0m:      aggregate_train: Received 9 results and 0 failures
[92mINFO [0m:      	└──> Aggregated MetricRecord: {'train_loss': 1.838403510623508, 'train_time': 5.4383146858049765, 'qtty_records': 9}
[92mINFO [0m:      configure_evaluate: Sampled 10 nodes (out of 10)
[92mINFO [0m:      aggregate_evaluate: Received 10 results and 0 failures
[92mINFO [0m:      	└──> Aggregated MetricRecord: {'eval_loss': 1.8286937862634658, 'eval_acc': 0.36200000000000004, 'time': 369.3505160808563}
[92mINFO [0m:      
[92mINFO [0m:      [ROUND 46/100]
[92mINFO [0m:      configure_train: Sampled 9 nodes (out of 10)
[92mINFO [0m:      aggregate_train: Received 10 results and 0 failures
[92mINFO [0m:      	└──> Aggregated MetricRecord: {'train_loss': 1.8419040378570557, 'train_time': 5.920661254599691, 'qtty_records': 10}
[92mINFO [0m:      configure_evaluate: Sampled 10 nodes (out of 10)
[92mINFO [0m:      aggregate_evaluate: Received 10 results and 0 failures
[92mINFO [0m:      	└──> Aggregated MetricRecord: {'eval_loss': 1.8373758349567653, 'eval_acc': 0.3538, 'time': 376.6276698112488}
[92mINFO [0m:      
[92mINFO [0m:      [ROUND 47/100]
[92mINFO [0m:      configure_train: Sampled 10 nodes (out of 10)
[92mINFO [0m:      aggregate_train: Received 9 results and 0 failures
[92mINFO [0m:      	└──> Aggregated MetricRecord: {'train_loss': 1.8323592465718586, 'train_time': 5.3970437946005, 'qtty_records': 9}
[92mINFO [0m:      configure_evaluate: Sampled 10 nodes (out of 10)
[92mINFO [0m:      aggregate_evaluate: Received 10 results and 0 failures
[92mINFO [0m:      	└──> Aggregated MetricRecord: {'eval_loss': 1.8889657642692328, 'eval_acc': 0.3508, 'time': 383.7903952598572}
[92mINFO [0m:      
[92mINFO [0m:      [ROUND 48/100]
[92mINFO [0m:      configure_train: Sampled 9 nodes (out of 10)
[92mINFO [0m:      aggregate_train: Received 10 results and 0 failures
[92mINFO [0m:      	└──> Aggregated MetricRecord: {'train_loss': 1.8187849074363711, 'train_time': 5.844211352616549, 'qtty_records': 10}
[92mINFO [0m:      configure_evaluate: Sampled 10 nodes (out of 10)
[92mINFO [0m:      aggregate_evaluate: Received 10 results and 0 failures
[92mINFO [0m:      	└──> Aggregated MetricRecord: {'eval_loss': 1.827479511126876, 'eval_acc': 0.3595, 'time': 391.05502796173096}
[92mINFO [0m:      
[92mINFO [0m:      [ROUND 49/100]
[92mINFO [0m:      configure_train: Sampled 10 nodes (out of 10)
[92mINFO [0m:      aggregate_train: Received 9 results and 0 failures
[92mINFO [0m:      	└──> Aggregated MetricRecord: {'train_loss': 1.8485693113538955, 'train_time': 5.395252605693208, 'qtty_records': 9}
[92mINFO [0m:      configure_evaluate: Sampled 10 nodes (out of 10)
[92mINFO [0m:      aggregate_evaluate: Received 10 results and 0 failures
[92mINFO [0m:      	└──> Aggregated MetricRecord: {'eval_loss': 1.8515583194792273, 'eval_acc': 0.3516000000000001, 'time': 398.32262349128723}
[92mINFO [0m:      
[92mINFO [0m:      [ROUND 50/100]
[92mINFO [0m:      configure_train: Sampled 9 nodes (out of 10)
[92mINFO [0m:      aggregate_train: Received 10 results and 0 failures
[92mINFO [0m:      	└──> Aggregated MetricRecord: {'train_loss': 1.837927179813385, 'train_time': 5.912484553456307, 'qtty_records': 10}
[92mINFO [0m:      configure_evaluate: Sampled 10 nodes (out of 10)
[92mINFO [0m:      aggregate_evaluate: Received 10 results and 0 failures
[92mINFO [0m:      	└──> Aggregated MetricRecord: {'eval_loss': 1.8703224893659356, 'eval_acc': 0.35150000000000003, 'time': 405.4871869087219}
[92mINFO [0m:      
[92mINFO [0m:      [ROUND 51/100]
[92mINFO [0m:      configure_train: Sampled 10 nodes (out of 10)
[92mINFO [0m:      aggregate_train: Received 9 results and 0 failures
[92mINFO [0m:      	└──> Aggregated MetricRecord: {'train_loss': 1.844375124189589, 'train_time': 5.388126530063649, 'qtty_records': 9}
[92mINFO [0m:      configure_evaluate: Sampled 10 nodes (out of 10)
[92mINFO [0m:      aggregate_evaluate: Received 10 results and 0 failures
[92mINFO [0m:      	└──> Aggregated MetricRecord: {'eval_loss': 1.8763861309736969, 'eval_acc': 0.3491, 'time': 412.6277949810028}
[92mINFO [0m:      
[92mINFO [0m:      [ROUND 52/100]
[92mINFO [0m:      configure_train: Sampled 9 nodes (out of 10)
[92mINFO [0m:      aggregate_train: Received 10 results and 0 failures
[92mINFO [0m:      	└──> Aggregated MetricRecord: {'train_loss': 1.844799644851685, 'train_time': 5.845911415386945, 'qtty_records': 10}
[92mINFO [0m:      configure_evaluate: Sampled 10 nodes (out of 10)
[92mINFO [0m:      aggregate_evaluate: Received 10 results and 0 failures
[92mINFO [0m:      	└──> Aggregated MetricRecord: {'eval_loss': 1.8332732304930686, 'eval_acc': 0.3712, 'time': 420.00048208236694}
[92mINFO [0m:      
[92mINFO [0m:      [ROUND 53/100]
[92mINFO [0m:      configure_train: Sampled 10 nodes (out of 10)
[92mINFO [0m:      aggregate_train: Received 9 results and 0 failures
[92mINFO [0m:      	└──> Aggregated MetricRecord: {'train_loss': 1.8460603898366288, 'train_time': 5.465209075146252, 'qtty_records': 9}
[92mINFO [0m:      configure_evaluate: Sampled 10 nodes (out of 10)
[92mINFO [0m:      aggregate_evaluate: Received 10 results and 0 failures
[92mINFO [0m:      	└──> Aggregated MetricRecord: {'eval_loss': 1.8625007797032596, 'eval_acc': 0.35400000000000004, 'time': 427.23722219467163}
[92mINFO [0m:      
[92mINFO [0m:      [ROUND 54/100]
[92mINFO [0m:      configure_train: Sampled 9 nodes (out of 10)
[92mINFO [0m:      aggregate_train: Received 10 results and 0 failures
[92mINFO [0m:      	└──> Aggregated MetricRecord: {'train_loss': 1.8467088891029357, 'train_time': 5.893485460150987, 'qtty_records': 10}
[92mINFO [0m:      configure_evaluate: Sampled 10 nodes (out of 10)
[92mINFO [0m:      aggregate_evaluate: Received 10 results and 0 failures
[92mINFO [0m:      	└──> Aggregated MetricRecord: {'eval_loss': 1.883081240206957, 'eval_acc': 0.35030000000000006, 'time': 434.5124361515045}
[92mINFO [0m:      
[92mINFO [0m:      [ROUND 55/100]
[92mINFO [0m:      configure_train: Sampled 10 nodes (out of 10)
[92mINFO [0m:      aggregate_train: Received 9 results and 0 failures
[92mINFO [0m:      	└──> Aggregated MetricRecord: {'train_loss': 1.8266916669209798, 'train_time': 5.447586946292883, 'qtty_records': 9}
[92mINFO [0m:      configure_evaluate: Sampled 10 nodes (out of 10)
[92mINFO [0m:      aggregate_evaluate: Received 10 results and 0 failures
[92mINFO [0m:      	└──> Aggregated MetricRecord: {'eval_loss': 1.8337533455342057, 'eval_acc': 0.36190000000000005, 'time': 441.66534328460693}
[92mINFO [0m:      
[92mINFO [0m:      [ROUND 56/100]
[92mINFO [0m:      configure_train: Sampled 9 nodes (out of 10)
[92mINFO [0m:      aggregate_train: Received 10 results and 0 failures
[92mINFO [0m:      	└──> Aggregated MetricRecord: {'train_loss': 1.8310339137077332, 'train_time': 5.85665589729324, 'qtty_records': 10}
[92mINFO [0m:      configure_evaluate: Sampled 10 nodes (out of 10)
[92mINFO [0m:      aggregate_evaluate: Received 10 results and 0 failures
[92mINFO [0m:      	└──> Aggregated MetricRecord: {'eval_loss': 1.8850226283073428, 'eval_acc': 0.35630000000000006, 'time': 449.0305595397949}
[92mINFO [0m:      
[92mINFO [0m:      [ROUND 57/100]
[92mINFO [0m:      configure_train: Sampled 10 nodes (out of 10)
[92mINFO [0m:      aggregate_train: Received 9 results and 0 failures
[92mINFO [0m:      	└──> Aggregated MetricRecord: {'train_loss': 1.8330002744462757, 'train_time': 5.542159504360622, 'qtty_records': 9}
[92mINFO [0m:      configure_evaluate: Sampled 10 nodes (out of 10)
[92mINFO [0m:      aggregate_evaluate: Received 10 results and 0 failures
[92mINFO [0m:      	└──> Aggregated MetricRecord: {'eval_loss': 1.825738869979978, 'eval_acc': 0.37070000000000003, 'time': 456.29712748527527}
[92mINFO [0m:      
[92mINFO [0m:      [ROUND 58/100]
[92mINFO [0m:      configure_train: Sampled 9 nodes (out of 10)
[92mINFO [0m:      aggregate_train: Received 10 results and 0 failures
[92mINFO [0m:      	└──> Aggregated MetricRecord: {'train_loss': 1.8666312083244323, 'train_time': 6.048001411184669, 'qtty_records': 10}
[92mINFO [0m:      configure_evaluate: Sampled 10 nodes (out of 10)
[92mINFO [0m:      aggregate_evaluate: Received 10 results and 0 failures
[92mINFO [0m:      	└──> Aggregated MetricRecord: {'eval_loss': 1.868449631333351, 'eval_acc': 0.35899999999999993, 'time': 463.4635832309723}
[92mINFO [0m:      
[92mINFO [0m:      [ROUND 59/100]
[92mINFO [0m:      configure_train: Sampled 10 nodes (out of 10)
[92mINFO [0m:      aggregate_train: Received 9 results and 0 failures
[92mINFO [0m:      	└──> Aggregated MetricRecord: {'train_loss': 1.8315452401902939, 'train_time': 5.365354151258038, 'qtty_records': 9}
[92mINFO [0m:      configure_evaluate: Sampled 10 nodes (out of 10)
[92mINFO [0m:      aggregate_evaluate: Received 10 results and 0 failures
[92mINFO [0m:      	└──> Aggregated MetricRecord: {'eval_loss': 1.7967748653143645, 'eval_acc': 0.3775, 'time': 470.73019456863403}
[92mINFO [0m:      
[92mINFO [0m:      [ROUND 60/100]
[92mINFO [0m:      configure_train: Sampled 9 nodes (out of 10)
[92mINFO [0m:      aggregate_train: Received 10 results and 0 failures
[92mINFO [0m:      	└──> Aggregated MetricRecord: {'train_loss': 1.8360084144592284, 'train_time': 5.91063727941364, 'qtty_records': 10}
[92mINFO [0m:      configure_evaluate: Sampled 10 nodes (out of 10)
[92mINFO [0m:      aggregate_evaluate: Received 10 results and 0 failures
[92mINFO [0m:      	└──> Aggregated MetricRecord: {'eval_loss': 1.848543967679143, 'eval_acc': 0.36219999999999997, 'time': 477.9988286495209}
[92mINFO [0m:      
[92mINFO [0m:      [ROUND 61/100]
[92mINFO [0m:      configure_train: Sampled 10 nodes (out of 10)
[92mINFO [0m:      aggregate_train: Received 9 results and 0 failures
[92mINFO [0m:      	└──> Aggregated MetricRecord: {'train_loss': 1.8320860216352675, 'train_time': 5.548715816396806, 'qtty_records': 9}
[92mINFO [0m:      configure_evaluate: Sampled 10 nodes (out of 10)
[92mINFO [0m:      aggregate_evaluate: Received 10 results and 0 failures
[92mINFO [0m:      	└──> Aggregated MetricRecord: {'eval_loss': 1.8986075293272733, 'eval_acc': 0.3466, 'time': 485.1605615615845}
[92mINFO [0m:      
[92mINFO [0m:      [ROUND 62/100]
[92mINFO [0m:      configure_train: Sampled 9 nodes (out of 10)
[92mINFO [0m:      aggregate_train: Received 10 results and 0 failures
[92mINFO [0m:      	└──> Aggregated MetricRecord: {'train_loss': 1.8398545582771302, 'train_time': 5.95128155099228, 'qtty_records': 10}
[92mINFO [0m:      configure_evaluate: Sampled 10 nodes (out of 10)
[92mINFO [0m:      aggregate_evaluate: Received 10 results and 0 failures
[92mINFO [0m:      	└──> Aggregated MetricRecord: {'eval_loss': 1.8430262856185438, 'eval_acc': 0.3595, 'time': 492.5293607711792}
[92mINFO [0m:      
[92mINFO [0m:      [ROUND 63/100]
[92mINFO [0m:      configure_train: Sampled 10 nodes (out of 10)
[92mINFO [0m:      aggregate_train: Received 9 results and 0 failures
[92mINFO [0m:      	└──> Aggregated MetricRecord: {'train_loss': 1.8214599141014947, 'train_time': 5.482648898743921, 'qtty_records': 9}
[92mINFO [0m:      configure_evaluate: Sampled 10 nodes (out of 10)
[92mINFO [0m:      aggregate_evaluate: Received 10 results and 0 failures
[92mINFO [0m:      	└──> Aggregated MetricRecord: {'eval_loss': 1.7987622097134592, 'eval_acc': 0.3786000000000001, 'time': 499.7783284187317}
[92mINFO [0m:      
[92mINFO [0m:      [ROUND 64/100]
[92mINFO [0m:      configure_train: Sampled 9 nodes (out of 10)
[92mINFO [0m:      aggregate_train: Received 10 results and 0 failures
[92mINFO [0m:      	└──> Aggregated MetricRecord: {'train_loss': 1.8164655283927915, 'train_time': 5.8808086176402865, 'qtty_records': 10}
[92mINFO [0m:      configure_evaluate: Sampled 10 nodes (out of 10)
[92mINFO [0m:      aggregate_evaluate: Received 10 results and 0 failures
[92mINFO [0m:      	└──> Aggregated MetricRecord: {'eval_loss': 1.8459944378584623, 'eval_acc': 0.36920000000000003, 'time': 506.941810131073}
[92mINFO [0m:      
[92mINFO [0m:      [ROUND 65/100]
[92mINFO [0m:      configure_train: Sampled 10 nodes (out of 10)
[92mINFO [0m:      aggregate_train: Received 9 results and 0 failures
[92mINFO [0m:      	└──> Aggregated MetricRecord: {'train_loss': 1.822822754859924, 'train_time': 5.3058766247704625, 'qtty_records': 9}
[92mINFO [0m:      configure_evaluate: Sampled 10 nodes (out of 10)
[92mINFO [0m:      aggregate_evaluate: Received 10 results and 0 failures
[92mINFO [0m:      	└──> Aggregated MetricRecord: {'eval_loss': 1.8367483470588921, 'eval_acc': 0.35990000000000005, 'time': 514.1779980659485}
[92mINFO [0m:      
[92mINFO [0m:      [ROUND 66/100]
[92mINFO [0m:      configure_train: Sampled 9 nodes (out of 10)
[92mINFO [0m:      aggregate_train: Received 10 results and 0 failures
[92mINFO [0m:      	└──> Aggregated MetricRecord: {'train_loss': 1.8397106173515319, 'train_time': 5.919986583478749, 'qtty_records': 10}
[92mINFO [0m:      configure_evaluate: Sampled 10 nodes (out of 10)
[92mINFO [0m:      aggregate_evaluate: Received 10 results and 0 failures
[92mINFO [0m:      	└──> Aggregated MetricRecord: {'eval_loss': 1.8886687416583299, 'eval_acc': 0.3386000000000001, 'time': 521.3400986194611}
[92mINFO [0m:      
[92mINFO [0m:      [ROUND 67/100]
[92mINFO [0m:      configure_train: Sampled 10 nodes (out of 10)
[92mINFO [0m:      aggregate_train: Received 9 results and 0 failures
[92mINFO [0m:      	└──> Aggregated MetricRecord: {'train_loss': 1.8139482362535262, 'train_time': 5.3782192602132755, 'qtty_records': 9}
[92mINFO [0m:      configure_evaluate: Sampled 10 nodes (out of 10)
[92mINFO [0m:      aggregate_evaluate: Received 10 results and 0 failures
[92mINFO [0m:      	└──> Aggregated MetricRecord: {'eval_loss': 1.7992395427078012, 'eval_acc': 0.3779, 'time': 528.6027173995972}
[92mINFO [0m:      
[92mINFO [0m:      [ROUND 68/100]
[92mINFO [0m:      configure_train: Sampled 9 nodes (out of 10)
[92mINFO [0m:      aggregate_train: Received 10 results and 0 failures
[92mINFO [0m:      	└──> Aggregated MetricRecord: {'train_loss': 1.8326569048881531, 'train_time': 5.871860596071929, 'qtty_records': 10}
[92mINFO [0m:      configure_evaluate: Sampled 10 nodes (out of 10)
[92mINFO [0m:      aggregate_evaluate: Received 10 results and 0 failures
[92mINFO [0m:      	└──> Aggregated MetricRecord: {'eval_loss': 1.8598526921123266, 'eval_acc': 0.35790000000000005, 'time': 535.9730730056763}
[92mINFO [0m:      
[92mINFO [0m:      [ROUND 69/100]
[92mINFO [0m:      configure_train: Sampled 10 nodes (out of 10)
[92mINFO [0m:      aggregate_train: Received 9 results and 0 failures
[92mINFO [0m:      	└──> Aggregated MetricRecord: {'train_loss': 1.8200108865102131, 'train_time': 5.41933029383007, 'qtty_records': 9}
[92mINFO [0m:      configure_evaluate: Sampled 10 nodes (out of 10)
[92mINFO [0m:      aggregate_evaluate: Received 10 results and 0 failures
[92mINFO [0m:      	└──> Aggregated MetricRecord: {'eval_loss': 1.8178585074841977, 'eval_acc': 0.37429999999999997, 'time': 543.1042540073395}
[92mINFO [0m:      
[92mINFO [0m:      [ROUND 70/100]
[92mINFO [0m:      configure_train: Sampled 9 nodes (out of 10)
[92mINFO [0m:      aggregate_train: Received 10 results and 0 failures
[92mINFO [0m:      	└──> Aggregated MetricRecord: {'train_loss': 1.808216492080689, 'train_time': 5.877605285868048, 'qtty_records': 10}
[92mINFO [0m:      configure_evaluate: Sampled 10 nodes (out of 10)
[92mINFO [0m:      aggregate_evaluate: Received 10 results and 0 failures
[92mINFO [0m:      	└──> Aggregated MetricRecord: {'eval_loss': 1.8334443196654322, 'eval_acc': 0.35900000000000004, 'time': 550.2704899311066}
[92mINFO [0m:      
[92mINFO [0m:      [ROUND 71/100]
[92mINFO [0m:      configure_train: Sampled 10 nodes (out of 10)
[92mINFO [0m:      aggregate_train: Received 9 results and 0 failures
[92mINFO [0m:      	└──> Aggregated MetricRecord: {'train_loss': 1.8400318559010822, 'train_time': 5.433188546862867, 'qtty_records': 9}
[92mINFO [0m:      configure_evaluate: Sampled 10 nodes (out of 10)
[92mINFO [0m:      aggregate_evaluate: Received 10 results and 0 failures
[92mINFO [0m:      	└──> Aggregated MetricRecord: {'eval_loss': 1.836399528756738, 'eval_acc': 0.36610000000000004, 'time': 557.3016571998596}
[92mINFO [0m:      
[92mINFO [0m:      [ROUND 72/100]
[92mINFO [0m:      configure_train: Sampled 9 nodes (out of 10)
[92mINFO [0m:      aggregate_train: Received 10 results and 0 failures
[92mINFO [0m:      	└──> Aggregated MetricRecord: {'train_loss': 1.8543395235538482, 'train_time': 5.860285632498562, 'qtty_records': 10}
[92mINFO [0m:      configure_evaluate: Sampled 10 nodes (out of 10)
[92mINFO [0m:      aggregate_evaluate: Received 10 results and 0 failures
[92mINFO [0m:      	└──> Aggregated MetricRecord: {'eval_loss': 1.877595454454422, 'eval_acc': 0.3433999999999999, 'time': 564.6659002304077}
[92mINFO [0m:      
[92mINFO [0m:      [ROUND 73/100]
[92mINFO [0m:      configure_train: Sampled 10 nodes (out of 10)
[92mINFO [0m:      aggregate_train: Received 9 results and 0 failures
[92mINFO [0m:      	└──> Aggregated MetricRecord: {'train_loss': 1.8247331583234996, 'train_time': 5.436842848960724, 'qtty_records': 9}
[92mINFO [0m:      configure_evaluate: Sampled 10 nodes (out of 10)
[92mINFO [0m:      aggregate_evaluate: Received 10 results and 0 failures
[92mINFO [0m:      	└──> Aggregated MetricRecord: {'eval_loss': 1.8294870346784595, 'eval_acc': 0.371, 'time': 572.028110742569}
[92mINFO [0m:      
[92mINFO [0m:      [ROUND 74/100]
[92mINFO [0m:      configure_train: Sampled 9 nodes (out of 10)
[92mINFO [0m:      aggregate_train: Received 10 results and 0 failures
[92mINFO [0m:      	└──> Aggregated MetricRecord: {'train_loss': 1.805274837207794, 'train_time': 5.925238803122193, 'qtty_records': 10}
[92mINFO [0m:      configure_evaluate: Sampled 10 nodes (out of 10)
[92mINFO [0m:      aggregate_evaluate: Received 10 results and 0 failures
[92mINFO [0m:      	└──> Aggregated MetricRecord: {'eval_loss': 1.7905574277043343, 'eval_acc': 0.38130000000000003, 'time': 579.2924332618713}
[92mINFO [0m:      
[92mINFO [0m:      [ROUND 75/100]
[92mINFO [0m:      configure_train: Sampled 10 nodes (out of 10)
[92mINFO [0m:      aggregate_train: Received 9 results and 0 failures
[92mINFO [0m:      	└──> Aggregated MetricRecord: {'train_loss': 1.8115376403596666, 'train_time': 5.433889856665498, 'qtty_records': 9}
[92mINFO [0m:      configure_evaluate: Sampled 10 nodes (out of 10)
[92mINFO [0m:      aggregate_evaluate: Received 10 results and 0 failures
[92mINFO [0m:      	└──> Aggregated MetricRecord: {'eval_loss': 1.817649629712105, 'eval_acc': 0.3754, 'time': 586.5560321807861}
[92mINFO [0m:      
[92mINFO [0m:      [ROUND 76/100]
[92mINFO [0m:      configure_train: Sampled 9 nodes (out of 10)
[92mINFO [0m:      aggregate_train: Received 10 results and 0 failures
[92mINFO [0m:      	└──> Aggregated MetricRecord: {'train_loss': 1.8208018225669862, 'train_time': 5.861411874461919, 'qtty_records': 10}
[92mINFO [0m:      configure_evaluate: Sampled 10 nodes (out of 10)
[92mINFO [0m:      aggregate_evaluate: Received 10 results and 0 failures
[92mINFO [0m:      	└──> Aggregated MetricRecord: {'eval_loss': 1.8282456427812577, 'eval_acc': 0.37510000000000004, 'time': 593.8439183235168}
[92mINFO [0m:      
[92mINFO [0m:      [ROUND 77/100]
[92mINFO [0m:      configure_train: Sampled 10 nodes (out of 10)
[92mINFO [0m:      aggregate_train: Received 9 results and 0 failures
[92mINFO [0m:      	└──> Aggregated MetricRecord: {'train_loss': 1.8203516552183365, 'train_time': 5.4743811027664275, 'qtty_records': 9}
[92mINFO [0m:      configure_evaluate: Sampled 10 nodes (out of 10)
[92mINFO [0m:      aggregate_evaluate: Received 10 results and 0 failures
[92mINFO [0m:      	└──> Aggregated MetricRecord: {'eval_loss': 1.8145574476569895, 'eval_acc': 0.3694, 'time': 601.0964088439941}
[92mINFO [0m:      
[92mINFO [0m:      [ROUND 78/100]
[92mINFO [0m:      configure_train: Sampled 9 nodes (out of 10)
[92mINFO [0m:      aggregate_train: Received 10 results and 0 failures
[92mINFO [0m:      	└──> Aggregated MetricRecord: {'train_loss': 1.8169979490280155, 'train_time': 5.88973732246086, 'qtty_records': 10}
[92mINFO [0m:      configure_evaluate: Sampled 10 nodes (out of 10)
[92mINFO [0m:      aggregate_evaluate: Received 10 results and 0 failures
[92mINFO [0m:      	└──> Aggregated MetricRecord: {'eval_loss': 1.826374000310898, 'eval_acc': 0.37040000000000006, 'time': 608.364141702652}
[92mINFO [0m:      
[92mINFO [0m:      [ROUND 79/100]
[92mINFO [0m:      configure_train: Sampled 10 nodes (out of 10)
[92mINFO [0m:      aggregate_train: Received 9 results and 0 failures
[92mINFO [0m:      	└──> Aggregated MetricRecord: {'train_loss': 1.8154141192966036, 'train_time': 5.56164559121761, 'qtty_records': 9}
[92mINFO [0m:      configure_evaluate: Sampled 10 nodes (out of 10)
[92mINFO [0m:      aggregate_evaluate: Received 10 results and 0 failures
[92mINFO [0m:      	└──> Aggregated MetricRecord: {'eval_loss': 1.804464029148221, 'eval_acc': 0.3728, 'time': 615.5238974094391}
[92mINFO [0m:      
[92mINFO [0m:      [ROUND 80/100]
[92mINFO [0m:      configure_train: Sampled 9 nodes (out of 10)
[92mINFO [0m:      aggregate_train: Received 10 results and 0 failures
[92mINFO [0m:      	└──> Aggregated MetricRecord: {'train_loss': 1.8211791827201844, 'train_time': 5.847265433613211, 'qtty_records': 10}
[92mINFO [0m:      configure_evaluate: Sampled 10 nodes (out of 10)
[92mINFO [0m:      aggregate_evaluate: Received 10 results and 0 failures
[92mINFO [0m:      	└──> Aggregated MetricRecord: {'eval_loss': 1.8640264082700015, 'eval_acc': 0.3567, 'time': 622.7926073074341}
[92mINFO [0m:      
[92mINFO [0m:      [ROUND 81/100]
[92mINFO [0m:      configure_train: Sampled 10 nodes (out of 10)
[92mINFO [0m:      aggregate_train: Received 9 results and 0 failures
[92mINFO [0m:      	└──> Aggregated MetricRecord: {'train_loss': 1.8216293182373047, 'train_time': 5.428081363956961, 'qtty_records': 9}
[92mINFO [0m:      configure_evaluate: Sampled 10 nodes (out of 10)
[92mINFO [0m:      aggregate_evaluate: Received 10 results and 0 failures
[92mINFO [0m:      	└──> Aggregated MetricRecord: {'eval_loss': 1.8389997527003288, 'eval_acc': 0.3658999999999999, 'time': 629.9534115791321}
[92mINFO [0m:      
[92mINFO [0m:      [ROUND 82/100]
[92mINFO [0m:      configure_train: Sampled 9 nodes (out of 10)
[92mINFO [0m:      aggregate_train: Received 10 results and 0 failures
[92mINFO [0m:      	└──> Aggregated MetricRecord: {'train_loss': 1.831625613307953, 'train_time': 5.863309336453677, 'qtty_records': 10}
[92mINFO [0m:      configure_evaluate: Sampled 10 nodes (out of 10)
[92mINFO [0m:      aggregate_evaluate: Received 10 results and 0 failures
[92mINFO [0m:      	└──> Aggregated MetricRecord: {'eval_loss': 1.8299749337136746, 'eval_acc': 0.37300000000000005, 'time': 637.1175684928894}
[92mINFO [0m:      
[92mINFO [0m:      [ROUND 83/100]
[92mINFO [0m:      configure_train: Sampled 10 nodes (out of 10)
[92mINFO [0m:      aggregate_train: Received 9 results and 0 failures
[92mINFO [0m:      	└──> Aggregated MetricRecord: {'train_loss': 1.8542740456263225, 'train_time': 5.399992010659641, 'qtty_records': 9}
[92mINFO [0m:      configure_evaluate: Sampled 10 nodes (out of 10)
[92mINFO [0m:      aggregate_evaluate: Received 10 results and 0 failures
[92mINFO [0m:      	└──> Aggregated MetricRecord: {'eval_loss': 1.8461789034307006, 'eval_acc': 0.372, 'time': 644.3494350910187}
[92mINFO [0m:      
[92mINFO [0m:      [ROUND 84/100]
[92mINFO [0m:      configure_train: Sampled 9 nodes (out of 10)
[92mINFO [0m:      aggregate_train: Received 10 results and 0 failures
[92mINFO [0m:      	└──> Aggregated MetricRecord: {'train_loss': 1.8317596462249757, 'train_time': 5.976921018399298, 'qtty_records': 10}
[92mINFO [0m:      configure_evaluate: Sampled 10 nodes (out of 10)
[92mINFO [0m:      aggregate_evaluate: Received 10 results and 0 failures
[92mINFO [0m:      	└──> Aggregated MetricRecord: {'eval_loss': 1.8041478242725135, 'eval_acc': 0.3887, 'time': 651.6247580051422}
[92mINFO [0m:      
[92mINFO [0m:      [ROUND 85/100]
[92mINFO [0m:      configure_train: Sampled 10 nodes (out of 10)
[92mINFO [0m:      aggregate_train: Received 9 results and 0 failures
[92mINFO [0m:      	└──> Aggregated MetricRecord: {'train_loss': 1.799717081705729, 'train_time': 5.420099787931475, 'qtty_records': 9}
[92mINFO [0m:      configure_evaluate: Sampled 10 nodes (out of 10)
[92mINFO [0m:      aggregate_evaluate: Received 10 results and 0 failures
[92mINFO [0m:      	└──> Aggregated MetricRecord: {'eval_loss': 1.7919483069330455, 'eval_acc': 0.38100000000000006, 'time': 658.8926632404327}
[92mINFO [0m:      
[92mINFO [0m:      [ROUND 86/100]
[92mINFO [0m:      configure_train: Sampled 9 nodes (out of 10)
[92mINFO [0m:      aggregate_train: Received 10 results and 0 failures
[92mINFO [0m:      	└──> Aggregated MetricRecord: {'train_loss': 1.8168490516662599, 'train_time': 5.886327022593468, 'qtty_records': 10}
[92mINFO [0m:      configure_evaluate: Sampled 10 nodes (out of 10)
[92mINFO [0m:      aggregate_evaluate: Received 10 results and 0 failures
[92mINFO [0m:      	└──> Aggregated MetricRecord: {'eval_loss': 1.8752712246030567, 'eval_acc': 0.3519, 'time': 666.2632818222046}
[92mINFO [0m:      
[92mINFO [0m:      [ROUND 87/100]
[92mINFO [0m:      configure_train: Sampled 10 nodes (out of 10)
[92mINFO [0m:      aggregate_train: Received 9 results and 0 failures
[92mINFO [0m:      	└──> Aggregated MetricRecord: {'train_loss': 1.8295688430998058, 'train_time': 5.4966354518094, 'qtty_records': 9}
[92mINFO [0m:      configure_evaluate: Sampled 10 nodes (out of 10)
[92mINFO [0m:      aggregate_evaluate: Received 10 results and 0 failures
[92mINFO [0m:      	└──> Aggregated MetricRecord: {'eval_loss': 1.8332481861114505, 'eval_acc': 0.37420000000000003, 'time': 673.4231202602386}
[92mINFO [0m:      
[92mINFO [0m:      [ROUND 88/100]
[92mINFO [0m:      configure_train: Sampled 9 nodes (out of 10)
[92mINFO [0m:      aggregate_train: Received 10 results and 0 failures
[92mINFO [0m:      	└──> Aggregated MetricRecord: {'train_loss': 1.848998682498932, 'train_time': 5.847420262079686, 'qtty_records': 10}
[92mINFO [0m:      configure_evaluate: Sampled 10 nodes (out of 10)
[92mINFO [0m:      aggregate_evaluate: Received 10 results and 0 failures
[92mINFO [0m:      	└──> Aggregated MetricRecord: {'eval_loss': 1.8907963845878841, 'eval_acc': 0.3389, 'time': 680.5858101844788}
[92mINFO [0m:      
[92mINFO [0m:      [ROUND 89/100]
[92mINFO [0m:      configure_train: Sampled 10 nodes (out of 10)
[92mINFO [0m:      aggregate_train: Received 9 results and 0 failures
[92mINFO [0m:      	└──> Aggregated MetricRecord: {'train_loss': 1.830323014047411, 'train_time': 5.507058723622726, 'qtty_records': 9}
[92mINFO [0m:      configure_evaluate: Sampled 10 nodes (out of 10)
[92mINFO [0m:      aggregate_evaluate: Received 10 results and 0 failures
[92mINFO [0m:      	└──> Aggregated MetricRecord: {'eval_loss': 1.8186548773199323, 'eval_acc': 0.37550000000000006, 'time': 687.7473685741425}
[92mINFO [0m:      
[92mINFO [0m:      [ROUND 90/100]
[92mINFO [0m:      configure_train: Sampled 9 nodes (out of 10)
[92mINFO [0m:      aggregate_train: Received 10 results and 0 failures
[92mINFO [0m:      	└──> Aggregated MetricRecord: {'train_loss': 1.831505579090119, 'train_time': 5.892511565890163, 'qtty_records': 10}
[92mINFO [0m:      configure_evaluate: Sampled 10 nodes (out of 10)
[92mINFO [0m:      aggregate_evaluate: Received 10 results and 0 failures
[92mINFO [0m:      	└──> Aggregated MetricRecord: {'eval_loss': 1.8291181724518537, 'eval_acc': 0.37160000000000004, 'time': 695.015988111496}
[92mINFO [0m:      
[92mINFO [0m:      [ROUND 91/100]
[92mINFO [0m:      configure_train: Sampled 10 nodes (out of 10)
[92mINFO [0m:      aggregate_train: Received 9 results and 0 failures
[92mINFO [0m:      	└──> Aggregated MetricRecord: {'train_loss': 1.796539213180542, 'train_time': 5.440138494078484, 'qtty_records': 9}
[92mINFO [0m:      configure_evaluate: Sampled 10 nodes (out of 10)
[92mINFO [0m:      aggregate_evaluate: Received 10 results and 0 failures
[92mINFO [0m:      	└──> Aggregated MetricRecord: {'eval_loss': 1.7980001457035544, 'eval_acc': 0.37700000000000006, 'time': 702.1795871257782}
[92mINFO [0m:      
[92mINFO [0m:      [ROUND 92/100]
[92mINFO [0m:      configure_train: Sampled 9 nodes (out of 10)
[92mINFO [0m:      aggregate_train: Received 10 results and 0 failures
[92mINFO [0m:      	└──> Aggregated MetricRecord: {'train_loss': 1.8498700333595277, 'train_time': 5.878455922752619, 'qtty_records': 10}
[92mINFO [0m:      configure_evaluate: Sampled 10 nodes (out of 10)
[92mINFO [0m:      aggregate_evaluate: Received 10 results and 0 failures
[92mINFO [0m:      	└──> Aggregated MetricRecord: {'eval_loss': 1.8662490479648113, 'eval_acc': 0.3617, 'time': 709.4420835971832}
[92mINFO [0m:      
[92mINFO [0m:      [ROUND 93/100]
[92mINFO [0m:      configure_train: Sampled 10 nodes (out of 10)
[92mINFO [0m:      aggregate_train: Received 9 results and 0 failures
[92mINFO [0m:      	└──> Aggregated MetricRecord: {'train_loss': 1.8264761357837251, 'train_time': 5.43198512122035, 'qtty_records': 9}
[92mINFO [0m:      configure_evaluate: Sampled 10 nodes (out of 10)
[92mINFO [0m:      aggregate_evaluate: Received 10 results and 0 failures
[92mINFO [0m:      	└──> Aggregated MetricRecord: {'eval_loss': 1.8664314854890107, 'eval_acc': 0.3527, 'time': 716.7080886363983}
[92mINFO [0m:      
[92mINFO [0m:      [ROUND 94/100]
[92mINFO [0m:      configure_train: Sampled 9 nodes (out of 10)
[92mINFO [0m:      aggregate_train: Received 10 results and 0 failures
[92mINFO [0m:      	└──> Aggregated MetricRecord: {'train_loss': 1.8217039862632751, 'train_time': 5.8888736242428426, 'qtty_records': 10}
[92mINFO [0m:      configure_evaluate: Sampled 10 nodes (out of 10)
[92mINFO [0m:      aggregate_evaluate: Received 10 results and 0 failures
[92mINFO [0m:      	└──> Aggregated MetricRecord: {'eval_loss': 1.8366586435586216, 'eval_acc': 0.3742000000000001, 'time': 723.975347995758}
[92mINFO [0m:      
[92mINFO [0m:      [ROUND 95/100]
[92mINFO [0m:      configure_train: Sampled 10 nodes (out of 10)
[92mINFO [0m:      aggregate_train: Received 9 results and 0 failures
[92mINFO [0m:      	└──> Aggregated MetricRecord: {'train_loss': 1.8439995613098144, 'train_time': 5.418900601048437, 'qtty_records': 9}
[92mINFO [0m:      configure_evaluate: Sampled 10 nodes (out of 10)
[92mINFO [0m:      aggregate_evaluate: Received 10 results and 0 failures
[92mINFO [0m:      	└──> Aggregated MetricRecord: {'eval_loss': 1.8699854955077173, 'eval_acc': 0.3619000000000001, 'time': 731.2418441772461}
[92mINFO [0m:      
[92mINFO [0m:      [ROUND 96/100]
[92mINFO [0m:      configure_train: Sampled 9 nodes (out of 10)
[92mINFO [0m:      aggregate_train: Received 10 results and 0 failures
[92mINFO [0m:      	└──> Aggregated MetricRecord: {'train_loss': 1.861303556728363, 'train_time': 5.9151808544062074, 'qtty_records': 10}
[92mINFO [0m:      configure_evaluate: Sampled 10 nodes (out of 10)
[92mINFO [0m:      aggregate_evaluate: Received 10 results and 0 failures
[92mINFO [0m:      	└──> Aggregated MetricRecord: {'eval_loss': 1.8540399953722957, 'eval_acc': 0.36929999999999996, 'time': 738.5074553489685}
[92mINFO [0m:      
[92mINFO [0m:      [ROUND 97/100]
[92mINFO [0m:      configure_train: Sampled 10 nodes (out of 10)
[92mINFO [0m:      aggregate_train: Received 9 results and 0 failures
[92mINFO [0m:      	└──> Aggregated MetricRecord: {'train_loss': 1.8208876581192015, 'train_time': 5.505838122115367, 'qtty_records': 9}
[92mINFO [0m:      configure_evaluate: Sampled 10 nodes (out of 10)
[92mINFO [0m:      aggregate_evaluate: Received 10 results and 0 failures
[92mINFO [0m:      	└──> Aggregated MetricRecord: {'eval_loss': 1.8086286913603544, 'eval_acc': 0.3773000000000001, 'time': 745.6761906147003}
[92mINFO [0m:      
[92mINFO [0m:      [ROUND 98/100]
[92mINFO [0m:      configure_train: Sampled 9 nodes (out of 10)
[92mINFO [0m:      aggregate_train: Received 10 results and 0 failures
[92mINFO [0m:      	└──> Aggregated MetricRecord: {'train_loss': 1.8660474911689757, 'train_time': 5.856909047905356, 'qtty_records': 10}
[92mINFO [0m:      configure_evaluate: Sampled 10 nodes (out of 10)
[92mINFO [0m:      aggregate_evaluate: Received 10 results and 0 failures
[92mINFO [0m:      	└──> Aggregated MetricRecord: {'eval_loss': 1.8833063736557962, 'eval_acc': 0.3639, 'time': 752.838803768158}
[92mINFO [0m:      
[92mINFO [0m:      [ROUND 99/100]
[92mINFO [0m:      configure_train: Sampled 10 nodes (out of 10)
[92mINFO [0m:      aggregate_train: Received 9 results and 0 failures
[92mINFO [0m:      	└──> Aggregated MetricRecord: {'train_loss': 1.8284294419818454, 'train_time': 5.416716401672198, 'qtty_records': 9}
[92mINFO [0m:      configure_evaluate: Sampled 10 nodes (out of 10)
[92mINFO [0m:      aggregate_evaluate: Received 10 results and 0 failures
[92mINFO [0m:      	└──> Aggregated MetricRecord: {'eval_loss': 1.8026622083038095, 'eval_acc': 0.3782, 'time': 760.1006369590759}
[92mINFO [0m:      
[92mINFO [0m:      [ROUND 100/100]
[92mINFO [0m:      configure_train: Sampled 9 nodes (out of 10)
[92mINFO [0m:      aggregate_train: Received 10 results and 0 failures
[92mINFO [0m:      	└──> Aggregated MetricRecord: {'train_loss': 1.8524178400039673, 'train_time': 5.933789570815861, 'qtty_records': 10}
[92mINFO [0m:      configure_evaluate: Sampled 10 nodes (out of 10)
[92mINFO [0m:      aggregate_evaluate: Received 10 results and 0 failures
[92mINFO [0m:      	└──> Aggregated MetricRecord: {'eval_loss': 1.8844681181013587, 'eval_acc': 0.3560000000000001, 'time': 767.2663562297821}
[92mINFO [0m:      
[92mINFO [0m:      Strategy execution finished in 767.27s
[92mINFO [0m:      
[92mINFO [0m:      Final results:
[92mINFO [0m:      
[92mINFO [0m:      	Global Arrays:
[92mINFO [0m:      		ArrayRecord (0.238 MB)
[92mINFO [0m:      	
[92mINFO [0m:      	Aggregated ClientApp-side Train Metrics:
[92mINFO [0m:      	{ 1: { 'qtty_records': '9',
[92mINFO [0m:      	       'train_loss': '2.2071e+00',
[92mINFO [0m:      	       'train_time': '7.4469e+00'},
[92mINFO [0m:      	  2: { 'qtty_records': '10',
[92mINFO [0m:      	       'train_loss': '2.1388e+00',
[92mINFO [0m:      	       'train_time': '6.1886e+00'},
[92mINFO [0m:      	  3: { 'qtty_records': '9',
[92mINFO [0m:      	       'train_loss': '2.0858e+00',
[92mINFO [0m:      	       'train_time': '5.4540e+00'},
[92mINFO [0m:      	  4: { 'qtty_records': '10',
[92mINFO [0m:      	       'train_loss': '2.0473e+00',
[92mINFO [0m:      	       'train_time': '5.9516e+00'},
[92mINFO [0m:      	  5: { 'qtty_records': '9',
[92mINFO [0m:      	       'train_loss': '2.0150e+00',
[92mINFO [0m:      	       'train_time': '5.4679e+00'},
[92mINFO [0m:      	  6: { 'qtty_records': '10',
[92mINFO [0m:      	       'train_loss': '1.9802e+00',
[92mINFO [0m:      	       'train_time': '6.0114e+00'},
[92mINFO [0m:      	  7: { 'qtty_records': '9',
[92mINFO [0m:      	       'train_loss': '1.9608e+00',
[92mINFO [0m:      	       'train_time': '5.5055e+00'},
[92mINFO [0m:      	  8: { 'qtty_records': '10',
[92mINFO [0m:      	       'train_loss': '1.9440e+00',
[92mINFO [0m:      	       'train_time': '5.9057e+00'},
[92mINFO [0m:      	  9: { 'qtty_records': '9',
[92mINFO [0m:      	       'train_loss': '1.9414e+00',
[92mINFO [0m:      	       'train_time': '5.4736e+00'},
[92mINFO [0m:      	  10: { 'qtty_records': '10',
[92mINFO [0m:      	        'train_loss': '1.9284e+00',
[92mINFO [0m:      	        'train_time': '5.9215e+00'},
[92mINFO [0m:      	  11: { 'qtty_records': '9',
[92mINFO [0m:      	        'train_loss': '1.9191e+00',
[92mINFO [0m:      	        'train_time': '5.4166e+00'},
[92mINFO [0m:      	  12: { 'qtty_records': '10',
[92mINFO [0m:      	        'train_loss': '1.9105e+00',
[92mINFO [0m:      	        'train_time': '5.9531e+00'},
[92mINFO [0m:      	  13: { 'qtty_records': '9',
[92mINFO [0m:      	        'train_loss': '1.9110e+00',
[92mINFO [0m:      	        'train_time': '5.6191e+00'},
[92mINFO [0m:      	  14: { 'qtty_records': '10',
[92mINFO [0m:      	        'train_loss': '1.9135e+00',
[92mINFO [0m:      	        'train_time': '5.9192e+00'},
[92mINFO [0m:      	  15: { 'qtty_records': '9',
[92mINFO [0m:      	        'train_loss': '1.9006e+00',
[92mINFO [0m:      	        'train_time': '5.4983e+00'},
[92mINFO [0m:      	  16: { 'qtty_records': '10',
[92mINFO [0m:      	        'train_loss': '1.8926e+00',
[92mINFO [0m:      	        'train_time': '5.9069e+00'},
[92mINFO [0m:      	  17: { 'qtty_records': '9',
[92mINFO [0m:      	        'train_loss': '1.8772e+00',
[92mINFO [0m:      	        'train_time': '5.6040e+00'},
[92mINFO [0m:      	  18: { 'qtty_records': '10',
[92mINFO [0m:      	        'train_loss': '1.8932e+00',
[92mINFO [0m:      	        'train_time': '5.8571e+00'},
[92mINFO [0m:      	  19: { 'qtty_records': '9',
[92mINFO [0m:      	        'train_loss': '1.8891e+00',
[92mINFO [0m:      	        'train_time': '5.4514e+00'},
[92mINFO [0m:      	  20: { 'qtty_records': '10',
[92mINFO [0m:      	        'train_loss': '1.8855e+00',
[92mINFO [0m:      	        'train_time': '5.9815e+00'},
[92mINFO [0m:      	  21: { 'qtty_records': '9',
[92mINFO [0m:      	        'train_loss': '1.8665e+00',
[92mINFO [0m:      	        'train_time': '5.4184e+00'},
[92mINFO [0m:      	  22: { 'qtty_records': '10',
[92mINFO [0m:      	        'train_loss': '1.8791e+00',
[92mINFO [0m:      	        'train_time': '5.8724e+00'},
[92mINFO [0m:      	  23: { 'qtty_records': '9',
[92mINFO [0m:      	        'train_loss': '1.8761e+00',
[92mINFO [0m:      	        'train_time': '5.4557e+00'},
[92mINFO [0m:      	  24: { 'qtty_records': '10',
[92mINFO [0m:      	        'train_loss': '1.8718e+00',
[92mINFO [0m:      	        'train_time': '5.8389e+00'},
[92mINFO [0m:      	  25: { 'qtty_records': '9',
[92mINFO [0m:      	        'train_loss': '1.8608e+00',
[92mINFO [0m:      	        'train_time': '5.4524e+00'},
[92mINFO [0m:      	  26: { 'qtty_records': '10',
[92mINFO [0m:      	        'train_loss': '1.8526e+00',
[92mINFO [0m:      	        'train_time': '5.9129e+00'},
[92mINFO [0m:      	  27: { 'qtty_records': '9',
[92mINFO [0m:      	        'train_loss': '1.8574e+00',
[92mINFO [0m:      	        'train_time': '5.4269e+00'},
[92mINFO [0m:      	  28: { 'qtty_records': '10',
[92mINFO [0m:      	        'train_loss': '1.8530e+00',
[92mINFO [0m:      	        'train_time': '5.8695e+00'},
[92mINFO [0m:      	  29: { 'qtty_records': '9',
[92mINFO [0m:      	        'train_loss': '1.8489e+00',
[92mINFO [0m:      	        'train_time': '5.3677e+00'},
[92mINFO [0m:      	  30: { 'qtty_records': '10',
[92mINFO [0m:      	        'train_loss': '1.8427e+00',
[92mINFO [0m:      	        'train_time': '5.8262e+00'},
[92mINFO [0m:      	  31: { 'qtty_records': '9',
[92mINFO [0m:      	        'train_loss': '1.8407e+00',
[92mINFO [0m:      	        'train_time': '5.4192e+00'},
[92mINFO [0m:      	  32: { 'qtty_records': '10',
[92mINFO [0m:      	        'train_loss': '1.8406e+00',
[92mINFO [0m:      	        'train_time': '5.8589e+00'},
[92mINFO [0m:      	  33: { 'qtty_records': '9',
[92mINFO [0m:      	        'train_loss': '1.8589e+00',
[92mINFO [0m:      	        'train_time': '5.5320e+00'},
[92mINFO [0m:      	  34: { 'qtty_records': '10',
[92mINFO [0m:      	        'train_loss': '1.8598e+00',
[92mINFO [0m:      	        'train_time': '5.9185e+00'},
[92mINFO [0m:      	  35: { 'qtty_records': '9',
[92mINFO [0m:      	        'train_loss': '1.8360e+00',
[92mINFO [0m:      	        'train_time': '5.3608e+00'},
[92mINFO [0m:      	  36: { 'qtty_records': '10',
[92mINFO [0m:      	        'train_loss': '1.8595e+00',
[92mINFO [0m:      	        'train_time': '5.9320e+00'},
[92mINFO [0m:      	  37: { 'qtty_records': '9',
[92mINFO [0m:      	        'train_loss': '1.8803e+00',
[92mINFO [0m:      	        'train_time': '5.3656e+00'},
[92mINFO [0m:      	  38: { 'qtty_records': '10',
[92mINFO [0m:      	        'train_loss': '1.8373e+00',
[92mINFO [0m:      	        'train_time': '5.8681e+00'},
[92mINFO [0m:      	  39: { 'qtty_records': '9',
[92mINFO [0m:      	        'train_loss': '1.8297e+00',
[92mINFO [0m:      	        'train_time': '5.3888e+00'},
[92mINFO [0m:      	  40: { 'qtty_records': '10',
[92mINFO [0m:      	        'train_loss': '1.8467e+00',
[92mINFO [0m:      	        'train_time': '5.9580e+00'},
[92mINFO [0m:      	  41: { 'qtty_records': '9',
[92mINFO [0m:      	        'train_loss': '1.8354e+00',
[92mINFO [0m:      	        'train_time': '5.5248e+00'},
[92mINFO [0m:      	  42: { 'qtty_records': '10',
[92mINFO [0m:      	        'train_loss': '1.8508e+00',
[92mINFO [0m:      	        'train_time': '5.8832e+00'},
[92mINFO [0m:      	  43: { 'qtty_records': '9',
[92mINFO [0m:      	        'train_loss': '1.8172e+00',
[92mINFO [0m:      	        'train_time': '5.3756e+00'},
[92mINFO [0m:      	  44: { 'qtty_records': '10',
[92mINFO [0m:      	        'train_loss': '1.8452e+00',
[92mINFO [0m:      	        'train_time': '5.9650e+00'},
[92mINFO [0m:      	  45: { 'qtty_records': '9',
[92mINFO [0m:      	        'train_loss': '1.8384e+00',
[92mINFO [0m:      	        'train_time': '5.4383e+00'},
[92mINFO [0m:      	  46: { 'qtty_records': '10',
[92mINFO [0m:      	        'train_loss': '1.8419e+00',
[92mINFO [0m:      	        'train_time': '5.9207e+00'},
[92mINFO [0m:      	  47: { 'qtty_records': '9',
[92mINFO [0m:      	        'train_loss': '1.8324e+00',
[92mINFO [0m:      	        'train_time': '5.3970e+00'},
[92mINFO [0m:      	  48: { 'qtty_records': '10',
[92mINFO [0m:      	        'train_loss': '1.8188e+00',
[92mINFO [0m:      	        'train_time': '5.8442e+00'},
[92mINFO [0m:      	  49: { 'qtty_records': '9',
[92mINFO [0m:      	        'train_loss': '1.8486e+00',
[92mINFO [0m:      	        'train_time': '5.3953e+00'},
[92mINFO [0m:      	  50: { 'qtty_records': '10',
[92mINFO [0m:      	        'train_loss': '1.8379e+00',
[92mINFO [0m:      	        'train_time': '5.9125e+00'},
[92mINFO [0m:      	  51: { 'qtty_records': '9',
[92mINFO [0m:      	        'train_loss': '1.8444e+00',
[92mINFO [0m:      	        'train_time': '5.3881e+00'},
[92mINFO [0m:      	  52: { 'qtty_records': '10',
[92mINFO [0m:      	        'train_loss': '1.8448e+00',
[92mINFO [0m:      	        'train_time': '5.8459e+00'},
[92mINFO [0m:      	  53: { 'qtty_records': '9',
[92mINFO [0m:      	        'train_loss': '1.8461e+00',
[92mINFO [0m:      	        'train_time': '5.4652e+00'},
[92mINFO [0m:      	  54: { 'qtty_records': '10',
[92mINFO [0m:      	        'train_loss': '1.8467e+00',
[92mINFO [0m:      	        'train_time': '5.8935e+00'},
[92mINFO [0m:      	  55: { 'qtty_records': '9',
[92mINFO [0m:      	        'train_loss': '1.8267e+00',
[92mINFO [0m:      	        'train_time': '5.4476e+00'},
[92mINFO [0m:      	  56: { 'qtty_records': '10',
[92mINFO [0m:      	        'train_loss': '1.8310e+00',
[92mINFO [0m:      	        'train_time': '5.8567e+00'},
[92mINFO [0m:      	  57: { 'qtty_records': '9',
[92mINFO [0m:      	        'train_loss': '1.8330e+00',
[92mINFO [0m:      	        'train_time': '5.5422e+00'},
[92mINFO [0m:      	  58: { 'qtty_records': '10',
[92mINFO [0m:      	        'train_loss': '1.8666e+00',
[92mINFO [0m:      	        'train_time': '6.0480e+00'},
[92mINFO [0m:      	  59: { 'qtty_records': '9',
[92mINFO [0m:      	        'train_loss': '1.8315e+00',
[92mINFO [0m:      	        'train_time': '5.3654e+00'},
[92mINFO [0m:      	  60: { 'qtty_records': '10',
[92mINFO [0m:      	        'train_loss': '1.8360e+00',
[92mINFO [0m:      	        'train_time': '5.9106e+00'},
[92mINFO [0m:      	  61: { 'qtty_records': '9',
[92mINFO [0m:      	        'train_loss': '1.8321e+00',
[92mINFO [0m:      	        'train_time': '5.5487e+00'},
[92mINFO [0m:      	  62: { 'qtty_records': '10',
[92mINFO [0m:      	        'train_loss': '1.8399e+00',
[92mINFO [0m:      	        'train_time': '5.9513e+00'},
[92mINFO [0m:      	  63: { 'qtty_records': '9',
[92mINFO [0m:      	        'train_loss': '1.8215e+00',
[92mINFO [0m:      	        'train_time': '5.4826e+00'},
[92mINFO [0m:      	  64: { 'qtty_records': '10',
[92mINFO [0m:      	        'train_loss': '1.8165e+00',
[92mINFO [0m:      	        'train_time': '5.8808e+00'},
[92mINFO [0m:      	  65: { 'qtty_records': '9',
[92mINFO [0m:      	        'train_loss': '1.8228e+00',
[92mINFO [0m:      	        'train_time': '5.3059e+00'},
[92mINFO [0m:      	  66: { 'qtty_records': '10',
[92mINFO [0m:      	        'train_loss': '1.8397e+00',
[92mINFO [0m:      	        'train_time': '5.9200e+00'},
[92mINFO [0m:      	  67: { 'qtty_records': '9',
[92mINFO [0m:      	        'train_loss': '1.8139e+00',
[92mINFO [0m:      	        'train_time': '5.3782e+00'},
[92mINFO [0m:      	  68: { 'qtty_records': '10',
[92mINFO [0m:      	        'train_loss': '1.8327e+00',
[92mINFO [0m:      	        'train_time': '5.8719e+00'},
[92mINFO [0m:      	  69: { 'qtty_records': '9',
[92mINFO [0m:      	        'train_loss': '1.8200e+00',
[92mINFO [0m:      	        'train_time': '5.4193e+00'},
[92mINFO [0m:      	  70: { 'qtty_records': '10',
[92mINFO [0m:      	        'train_loss': '1.8082e+00',
[92mINFO [0m:      	        'train_time': '5.8776e+00'},
[92mINFO [0m:      	  71: { 'qtty_records': '9',
[92mINFO [0m:      	        'train_loss': '1.8400e+00',
[92mINFO [0m:      	        'train_time': '5.4332e+00'},
[92mINFO [0m:      	  72: { 'qtty_records': '10',
[92mINFO [0m:      	        'train_loss': '1.8543e+00',
[92mINFO [0m:      	        'train_time': '5.8603e+00'},
[92mINFO [0m:      	  73: { 'qtty_records': '9',
[92mINFO [0m:      	        'train_loss': '1.8247e+00',
[92mINFO [0m:      	        'train_time': '5.4368e+00'},
[92mINFO [0m:      	  74: { 'qtty_records': '10',
[92mINFO [0m:      	        'train_loss': '1.8053e+00',
[92mINFO [0m:      	        'train_time': '5.9252e+00'},
[92mINFO [0m:      	  75: { 'qtty_records': '9',
[92mINFO [0m:      	        'train_loss': '1.8115e+00',
[92mINFO [0m:      	        'train_time': '5.4339e+00'},
[92mINFO [0m:      	  76: { 'qtty_records': '10',
[92mINFO [0m:      	        'train_loss': '1.8208e+00',
[92mINFO [0m:      	        'train_time': '5.8614e+00'},
[92mINFO [0m:      	  77: { 'qtty_records': '9',
[92mINFO [0m:      	        'train_loss': '1.8204e+00',
[92mINFO [0m:      	        'train_time': '5.4744e+00'},
[92mINFO [0m:      	  78: { 'qtty_records': '10',
[92mINFO [0m:      	        'train_loss': '1.8170e+00',
[92mINFO [0m:      	        'train_time': '5.8897e+00'},
[92mINFO [0m:      	  79: { 'qtty_records': '9',
[92mINFO [0m:      	        'train_loss': '1.8154e+00',
[92mINFO [0m:      	        'train_time': '5.5616e+00'},
[92mINFO [0m:      	  80: { 'qtty_records': '10',
[92mINFO [0m:      	        'train_loss': '1.8212e+00',
[92mINFO [0m:      	        'train_time': '5.8473e+00'},
[92mINFO [0m:      	  81: { 'qtty_records': '9',
[92mINFO [0m:      	        'train_loss': '1.8216e+00',
[92mINFO [0m:      	        'train_time': '5.4281e+00'},
[92mINFO [0m:      	  82: { 'qtty_records': '10',
[92mINFO [0m:      	        'train_loss': '1.8316e+00',
[92mINFO [0m:      	        'train_time': '5.8633e+00'},
[92mINFO [0m:      	  83: { 'qtty_records': '9',
[92mINFO [0m:      	        'train_loss': '1.8543e+00',
[92mINFO [0m:      	        'train_time': '5.4000e+00'},
[92mINFO [0m:      	  84: { 'qtty_records': '10',
[92mINFO [0m:      	        'train_loss': '1.8318e+00',
[92mINFO [0m:      	        'train_time': '5.9769e+00'},
[92mINFO [0m:      	  85: { 'qtty_records': '9',
[92mINFO [0m:      	        'train_loss': '1.7997e+00',
[92mINFO [0m:      	        'train_time': '5.4201e+00'},
[92mINFO [0m:      	  86: { 'qtty_records': '10',
[92mINFO [0m:      	        'train_loss': '1.8168e+00',
[92mINFO [0m:      	        'train_time': '5.8863e+00'},
[92mINFO [0m:      	  87: { 'qtty_records': '9',
[92mINFO [0m:      	        'train_loss': '1.8296e+00',
[92mINFO [0m:      	        'train_time': '5.4966e+00'},
[92mINFO [0m:      	  88: { 'qtty_records': '10',
[92mINFO [0m:      	        'train_loss': '1.8490e+00',
[92mINFO [0m:      	        'train_time': '5.8474e+00'},
[92mINFO [0m:      	  89: { 'qtty_records': '9',
[92mINFO [0m:      	        'train_loss': '1.8303e+00',
[92mINFO [0m:      	        'train_time': '5.5071e+00'},
[92mINFO [0m:      	  90: { 'qtty_records': '10',
[92mINFO [0m:      	        'train_loss': '1.8315e+00',
[92mINFO [0m:      	        'train_time': '5.8925e+00'},
[92mINFO [0m:      	  91: { 'qtty_records': '9',
[92mINFO [0m:      	        'train_loss': '1.7965e+00',
[92mINFO [0m:      	        'train_time': '5.4401e+00'},
[92mINFO [0m:      	  92: { 'qtty_records': '10',
[92mINFO [0m:      	        'train_loss': '1.8499e+00',
[92mINFO [0m:      	        'train_time': '5.8785e+00'},
[92mINFO [0m:      	  93: { 'qtty_records': '9',
[92mINFO [0m:      	        'train_loss': '1.8265e+00',
[92mINFO [0m:      	        'train_time': '5.4320e+00'},
[92mINFO [0m:      	  94: { 'qtty_records': '10',
[92mINFO [0m:      	        'train_loss': '1.8217e+00',
[92mINFO [0m:      	        'train_time': '5.8889e+00'},
[92mINFO [0m:      	  95: { 'qtty_records': '9',
[92mINFO [0m:      	        'train_loss': '1.8440e+00',
[92mINFO [0m:      	        'train_time': '5.4189e+00'},
[92mINFO [0m:      	  96: { 'qtty_records': '10',
[92mINFO [0m:      	        'train_loss': '1.8613e+00',
[92mINFO [0m:      	        'train_time': '5.9152e+00'},
[92mINFO [0m:      	  97: { 'qtty_records': '9',
[92mINFO [0m:      	        'train_loss': '1.8209e+00',
[92mINFO [0m:      	        'train_time': '5.5058e+00'},
[92mINFO [0m:      	  98: { 'qtty_records': '10',
[92mINFO [0m:      	        'train_loss': '1.8660e+00',
[92mINFO [0m:      	        'train_time': '5.8569e+00'},
[92mINFO [0m:      	  99: { 'qtty_records': '9',
[92mINFO [0m:      	        'train_loss': '1.8284e+00',
[92mINFO [0m:      	        'train_time': '5.4167e+00'},
[92mINFO [0m:      	  100: { 'qtty_records': '10',
[92mINFO [0m:      	         'train_loss': '1.8524e+00',
[92mINFO [0m:      	         'train_time': '5.9338e+00'}}
[92mINFO [0m:      	
[92mINFO [0m:      	Aggregated ClientApp-side Evaluate Metrics:
[92mINFO [0m:      	{ 1: { 'eval_acc': '1.0030e-01',
[92mINFO [0m:      	       'eval_loss': '2.3221e+00',
[92mINFO [0m:      	       'time': '5.0190e+01'},
[92mINFO [0m:      	  2: { 'eval_acc': '1.0350e-01',
[92mINFO [0m:      	       'eval_loss': '2.3221e+00',
[92mINFO [0m:      	       'time': '5.7354e+01'},
[92mINFO [0m:      	  3: { 'eval_acc': '1.8050e-01',
[92mINFO [0m:      	       'eval_loss': '2.1280e+00',
[92mINFO [0m:      	       'time': '6.4615e+01'},
[92mINFO [0m:      	  4: { 'eval_acc': '1.8880e-01',
[92mINFO [0m:      	       'eval_loss': '2.2285e+00',
[92mINFO [0m:      	       'time': '7.2086e+01'},
[92mINFO [0m:      	  5: { 'eval_acc': '2.3190e-01',
[92mINFO [0m:      	       'eval_loss': '2.0779e+00',
[92mINFO [0m:      	       'time': '7.9254e+01'},
[92mINFO [0m:      	  6: { 'eval_acc': '2.5660e-01',
[92mINFO [0m:      	       'eval_loss': '2.0209e+00',
[92mINFO [0m:      	       'time': '8.6518e+01'},
[92mINFO [0m:      	  7: { 'eval_acc': '2.1700e-01',
[92mINFO [0m:      	       'eval_loss': '2.0620e+00',
[92mINFO [0m:      	       'time': '9.3885e+01'},
[92mINFO [0m:      	  8: { 'eval_acc': '2.6570e-01',
[92mINFO [0m:      	       'eval_loss': '2.0042e+00',
[92mINFO [0m:      	       'time': '1.0150e+02'},
[92mINFO [0m:      	  9: { 'eval_acc': '2.5880e-01',
[92mINFO [0m:      	       'eval_loss': '2.0286e+00',
[92mINFO [0m:      	       'time': '1.0877e+02'},
[92mINFO [0m:      	  10: { 'eval_acc': '2.8310e-01',
[92mINFO [0m:      	        'eval_loss': '1.9647e+00',
[92mINFO [0m:      	        'time': '1.1604e+02'},
[92mINFO [0m:      	  11: { 'eval_acc': '2.6880e-01',
[92mINFO [0m:      	        'eval_loss': '2.0124e+00',
[92mINFO [0m:      	        'time': '1.2331e+02'},
[92mINFO [0m:      	  12: { 'eval_acc': '2.7330e-01',
[92mINFO [0m:      	        'eval_loss': '1.9979e+00',
[92mINFO [0m:      	        'time': '1.3048e+02'},
[92mINFO [0m:      	  13: { 'eval_acc': '2.7480e-01',
[92mINFO [0m:      	        'eval_loss': '2.0295e+00',
[92mINFO [0m:      	        'time': '1.3783e+02'},
[92mINFO [0m:      	  14: { 'eval_acc': '3.0470e-01',
[92mINFO [0m:      	        'eval_loss': '1.9484e+00',
[92mINFO [0m:      	        'time': '1.4513e+02'},
[92mINFO [0m:      	  15: { 'eval_acc': '3.0830e-01',
[92mINFO [0m:      	        'eval_loss': '1.9291e+00',
[92mINFO [0m:      	        'time': '1.5229e+02'},
[92mINFO [0m:      	  16: { 'eval_acc': '3.1800e-01',
[92mINFO [0m:      	        'eval_loss': '1.9295e+00',
[92mINFO [0m:      	        'time': '1.5955e+02'},
[92mINFO [0m:      	  17: { 'eval_acc': '3.0800e-01',
[92mINFO [0m:      	        'eval_loss': '1.9345e+00',
[92mINFO [0m:      	        'time': '1.6681e+02'},
[92mINFO [0m:      	  18: { 'eval_acc': '2.9630e-01',
[92mINFO [0m:      	        'eval_loss': '1.9810e+00',
[92mINFO [0m:      	        'time': '1.7418e+02'},
[92mINFO [0m:      	  19: { 'eval_acc': '3.1420e-01',
[92mINFO [0m:      	        'eval_loss': '1.9335e+00',
[92mINFO [0m:      	        'time': '1.8144e+02'},
[92mINFO [0m:      	  20: { 'eval_acc': '3.1720e-01',
[92mINFO [0m:      	        'eval_loss': '1.9522e+00',
[92mINFO [0m:      	        'time': '1.8872e+02'},
[92mINFO [0m:      	  21: { 'eval_acc': '3.2650e-01',
[92mINFO [0m:      	        'eval_loss': '1.8870e+00',
[92mINFO [0m:      	        'time': '1.9588e+02'},
[92mINFO [0m:      	  22: { 'eval_acc': '3.3240e-01',
[92mINFO [0m:      	        'eval_loss': '1.8812e+00',
[92mINFO [0m:      	        'time': '2.0314e+02'},
[92mINFO [0m:      	  23: { 'eval_acc': '3.1310e-01',
[92mINFO [0m:      	        'eval_loss': '1.9053e+00',
[92mINFO [0m:      	        'time': '2.1028e+02'},
[92mINFO [0m:      	  24: { 'eval_acc': '3.0150e-01',
[92mINFO [0m:      	        'eval_loss': '1.9509e+00',
[92mINFO [0m:      	        'time': '2.1754e+02'},
[92mINFO [0m:      	  25: { 'eval_acc': '3.2780e-01',
[92mINFO [0m:      	        'eval_loss': '1.8854e+00',
[92mINFO [0m:      	        'time': '2.2478e+02'},
[92mINFO [0m:      	  26: { 'eval_acc': '3.2950e-01',
[92mINFO [0m:      	        'eval_loss': '1.8980e+00',
[92mINFO [0m:      	        'time': '2.3195e+02'},
[92mINFO [0m:      	  27: { 'eval_acc': '3.3750e-01',
[92mINFO [0m:      	        'eval_loss': '1.8998e+00',
[92mINFO [0m:      	        'time': '2.3908e+02'},
[92mINFO [0m:      	  28: { 'eval_acc': '3.3250e-01',
[92mINFO [0m:      	        'eval_loss': '1.9074e+00',
[92mINFO [0m:      	        'time': '2.4635e+02'},
[92mINFO [0m:      	  29: { 'eval_acc': '3.4450e-01',
[92mINFO [0m:      	        'eval_loss': '1.8474e+00',
[92mINFO [0m:      	        'time': '2.5361e+02'},
[92mINFO [0m:      	  30: { 'eval_acc': '3.6570e-01',
[92mINFO [0m:      	        'eval_loss': '1.8281e+00',
[92mINFO [0m:      	        'time': '2.6088e+02'},
[92mINFO [0m:      	  31: { 'eval_acc': '3.5520e-01',
[92mINFO [0m:      	        'eval_loss': '1.8657e+00',
[92mINFO [0m:      	        'time': '2.6804e+02'},
[92mINFO [0m:      	  32: { 'eval_acc': '3.3290e-01',
[92mINFO [0m:      	        'eval_loss': '1.8929e+00',
[92mINFO [0m:      	        'time': '2.7541e+02'},
[92mINFO [0m:      	  33: { 'eval_acc': '3.2250e-01',
[92mINFO [0m:      	        'eval_loss': '1.9273e+00',
[92mINFO [0m:      	        'time': '2.8267e+02'},
[92mINFO [0m:      	  34: { 'eval_acc': '3.4160e-01',
[92mINFO [0m:      	        'eval_loss': '1.8505e+00',
[92mINFO [0m:      	        'time': '2.8984e+02'},
[92mINFO [0m:      	  35: { 'eval_acc': '3.5590e-01',
[92mINFO [0m:      	        'eval_loss': '1.8716e+00',
[92mINFO [0m:      	        'time': '2.9708e+02'},
[92mINFO [0m:      	  36: { 'eval_acc': '3.4050e-01',
[92mINFO [0m:      	        'eval_loss': '1.8806e+00',
[92mINFO [0m:      	        'time': '3.0427e+02'},
[92mINFO [0m:      	  37: { 'eval_acc': '3.6680e-01',
[92mINFO [0m:      	        'eval_loss': '1.8464e+00',
[92mINFO [0m:      	        'time': '3.1143e+02'},
[92mINFO [0m:      	  38: { 'eval_acc': '3.5240e-01',
[92mINFO [0m:      	        'eval_loss': '1.8585e+00',
[92mINFO [0m:      	        'time': '3.1870e+02'},
[92mINFO [0m:      	  39: { 'eval_acc': '3.6300e-01',
[92mINFO [0m:      	        'eval_loss': '1.8409e+00',
[92mINFO [0m:      	        'time': '3.2585e+02'},
[92mINFO [0m:      	  40: { 'eval_acc': '3.2170e-01',
[92mINFO [0m:      	        'eval_loss': '1.9234e+00',
[92mINFO [0m:      	        'time': '3.3311e+02'},
[92mINFO [0m:      	  41: { 'eval_acc': '3.5570e-01',
[92mINFO [0m:      	        'eval_loss': '1.8314e+00',
[92mINFO [0m:      	        'time': '3.4024e+02'},
[92mINFO [0m:      	  42: { 'eval_acc': '3.4690e-01',
[92mINFO [0m:      	        'eval_loss': '1.9216e+00',
[92mINFO [0m:      	        'time': '3.4751e+02'},
[92mINFO [0m:      	  43: { 'eval_acc': '3.5670e-01',
[92mINFO [0m:      	        'eval_loss': '1.8357e+00',
[92mINFO [0m:      	        'time': '3.5484e+02'},
[92mINFO [0m:      	  44: { 'eval_acc': '3.5040e-01',
[92mINFO [0m:      	        'eval_loss': '1.8739e+00',
[92mINFO [0m:      	        'time': '3.6209e+02'},
[92mINFO [0m:      	  45: { 'eval_acc': '3.6200e-01',
[92mINFO [0m:      	        'eval_loss': '1.8287e+00',
[92mINFO [0m:      	        'time': '3.6935e+02'},
[92mINFO [0m:      	  46: { 'eval_acc': '3.5380e-01',
[92mINFO [0m:      	        'eval_loss': '1.8374e+00',
[92mINFO [0m:      	        'time': '3.7663e+02'},
[92mINFO [0m:      	  47: { 'eval_acc': '3.5080e-01',
[92mINFO [0m:      	        'eval_loss': '1.8890e+00',
[92mINFO [0m:      	        'time': '3.8379e+02'},
[92mINFO [0m:      	  48: { 'eval_acc': '3.5950e-01',
[92mINFO [0m:      	        'eval_loss': '1.8275e+00',
[92mINFO [0m:      	        'time': '3.9106e+02'},
[92mINFO [0m:      	  49: { 'eval_acc': '3.5160e-01',
[92mINFO [0m:      	        'eval_loss': '1.8516e+00',
[92mINFO [0m:      	        'time': '3.9832e+02'},
[92mINFO [0m:      	  50: { 'eval_acc': '3.5150e-01',
[92mINFO [0m:      	        'eval_loss': '1.8703e+00',
[92mINFO [0m:      	        'time': '4.0549e+02'},
[92mINFO [0m:      	  51: { 'eval_acc': '3.4910e-01',
[92mINFO [0m:      	        'eval_loss': '1.8764e+00',
[92mINFO [0m:      	        'time': '4.1263e+02'},
[92mINFO [0m:      	  52: { 'eval_acc': '3.7120e-01',
[92mINFO [0m:      	        'eval_loss': '1.8333e+00',
[92mINFO [0m:      	        'time': '4.2000e+02'},
[92mINFO [0m:      	  53: { 'eval_acc': '3.5400e-01',
[92mINFO [0m:      	        'eval_loss': '1.8625e+00',
[92mINFO [0m:      	        'time': '4.2724e+02'},
[92mINFO [0m:      	  54: { 'eval_acc': '3.5030e-01',
[92mINFO [0m:      	        'eval_loss': '1.8831e+00',
[92mINFO [0m:      	        'time': '4.3451e+02'},
[92mINFO [0m:      	  55: { 'eval_acc': '3.6190e-01',
[92mINFO [0m:      	        'eval_loss': '1.8338e+00',
[92mINFO [0m:      	        'time': '4.4167e+02'},
[92mINFO [0m:      	  56: { 'eval_acc': '3.5630e-01',
[92mINFO [0m:      	        'eval_loss': '1.8850e+00',
[92mINFO [0m:      	        'time': '4.4903e+02'},
[92mINFO [0m:      	  57: { 'eval_acc': '3.7070e-01',
[92mINFO [0m:      	        'eval_loss': '1.8257e+00',
[92mINFO [0m:      	        'time': '4.5630e+02'},
[92mINFO [0m:      	  58: { 'eval_acc': '3.5900e-01',
[92mINFO [0m:      	        'eval_loss': '1.8684e+00',
[92mINFO [0m:      	        'time': '4.6346e+02'},
[92mINFO [0m:      	  59: { 'eval_acc': '3.7750e-01',
[92mINFO [0m:      	        'eval_loss': '1.7968e+00',
[92mINFO [0m:      	        'time': '4.7073e+02'},
[92mINFO [0m:      	  60: { 'eval_acc': '3.6220e-01',
[92mINFO [0m:      	        'eval_loss': '1.8485e+00',
[92mINFO [0m:      	        'time': '4.7800e+02'},
[92mINFO [0m:      	  61: { 'eval_acc': '3.4660e-01',
[92mINFO [0m:      	        'eval_loss': '1.8986e+00',
[92mINFO [0m:      	        'time': '4.8516e+02'},
[92mINFO [0m:      	  62: { 'eval_acc': '3.5950e-01',
[92mINFO [0m:      	        'eval_loss': '1.8430e+00',
[92mINFO [0m:      	        'time': '4.9253e+02'},
[92mINFO [0m:      	  63: { 'eval_acc': '3.7860e-01',
[92mINFO [0m:      	        'eval_loss': '1.7988e+00',
[92mINFO [0m:      	        'time': '4.9978e+02'},
[92mINFO [0m:      	  64: { 'eval_acc': '3.6920e-01',
[92mINFO [0m:      	        'eval_loss': '1.8460e+00',
[92mINFO [0m:      	        'time': '5.0694e+02'},
[92mINFO [0m:      	  65: { 'eval_acc': '3.5990e-01',
[92mINFO [0m:      	        'eval_loss': '1.8367e+00',
[92mINFO [0m:      	        'time': '5.1418e+02'},
[92mINFO [0m:      	  66: { 'eval_acc': '3.3860e-01',
[92mINFO [0m:      	        'eval_loss': '1.8887e+00',
[92mINFO [0m:      	        'time': '5.2134e+02'},
[92mINFO [0m:      	  67: { 'eval_acc': '3.7790e-01',
[92mINFO [0m:      	        'eval_loss': '1.7992e+00',
[92mINFO [0m:      	        'time': '5.2860e+02'},
[92mINFO [0m:      	  68: { 'eval_acc': '3.5790e-01',
[92mINFO [0m:      	        'eval_loss': '1.8599e+00',
[92mINFO [0m:      	        'time': '5.3597e+02'},
[92mINFO [0m:      	  69: { 'eval_acc': '3.7430e-01',
[92mINFO [0m:      	        'eval_loss': '1.8179e+00',
[92mINFO [0m:      	        'time': '5.4310e+02'},
[92mINFO [0m:      	  70: { 'eval_acc': '3.5900e-01',
[92mINFO [0m:      	        'eval_loss': '1.8334e+00',
[92mINFO [0m:      	        'time': '5.5027e+02'},
[92mINFO [0m:      	  71: { 'eval_acc': '3.6610e-01',
[92mINFO [0m:      	        'eval_loss': '1.8364e+00',
[92mINFO [0m:      	        'time': '5.5730e+02'},
[92mINFO [0m:      	  72: { 'eval_acc': '3.4340e-01',
[92mINFO [0m:      	        'eval_loss': '1.8776e+00',
[92mINFO [0m:      	        'time': '5.6467e+02'},
[92mINFO [0m:      	  73: { 'eval_acc': '3.7100e-01',
[92mINFO [0m:      	        'eval_loss': '1.8295e+00',
[92mINFO [0m:      	        'time': '5.7203e+02'},
[92mINFO [0m:      	  74: { 'eval_acc': '3.8130e-01',
[92mINFO [0m:      	        'eval_loss': '1.7906e+00',
[92mINFO [0m:      	        'time': '5.7929e+02'},
[92mINFO [0m:      	  75: { 'eval_acc': '3.7540e-01',
[92mINFO [0m:      	        'eval_loss': '1.8176e+00',
[92mINFO [0m:      	        'time': '5.8656e+02'},
[92mINFO [0m:      	  76: { 'eval_acc': '3.7510e-01',
[92mINFO [0m:      	        'eval_loss': '1.8282e+00',
[92mINFO [0m:      	        'time': '5.9384e+02'},
[92mINFO [0m:      	  77: { 'eval_acc': '3.6940e-01',
[92mINFO [0m:      	        'eval_loss': '1.8146e+00',
[92mINFO [0m:      	        'time': '6.0110e+02'},
[92mINFO [0m:      	  78: { 'eval_acc': '3.7040e-01',
[92mINFO [0m:      	        'eval_loss': '1.8264e+00',
[92mINFO [0m:      	        'time': '6.0836e+02'},
[92mINFO [0m:      	  79: { 'eval_acc': '3.7280e-01',
[92mINFO [0m:      	        'eval_loss': '1.8045e+00',
[92mINFO [0m:      	        'time': '6.1552e+02'},
[92mINFO [0m:      	  80: { 'eval_acc': '3.5670e-01',
[92mINFO [0m:      	        'eval_loss': '1.8640e+00',
[92mINFO [0m:      	        'time': '6.2279e+02'},
[92mINFO [0m:      	  81: { 'eval_acc': '3.6590e-01',
[92mINFO [0m:      	        'eval_loss': '1.8390e+00',
[92mINFO [0m:      	        'time': '6.2995e+02'},
[92mINFO [0m:      	  82: { 'eval_acc': '3.7300e-01',
[92mINFO [0m:      	        'eval_loss': '1.8300e+00',
[92mINFO [0m:      	        'time': '6.3712e+02'},
[92mINFO [0m:      	  83: { 'eval_acc': '3.7200e-01',
[92mINFO [0m:      	        'eval_loss': '1.8462e+00',
[92mINFO [0m:      	        'time': '6.4435e+02'},
[92mINFO [0m:      	  84: { 'eval_acc': '3.8870e-01',
[92mINFO [0m:      	        'eval_loss': '1.8041e+00',
[92mINFO [0m:      	        'time': '6.5162e+02'},
[92mINFO [0m:      	  85: { 'eval_acc': '3.8100e-01',
[92mINFO [0m:      	        'eval_loss': '1.7919e+00',
[92mINFO [0m:      	        'time': '6.5889e+02'},
[92mINFO [0m:      	  86: { 'eval_acc': '3.5190e-01',
[92mINFO [0m:      	        'eval_loss': '1.8753e+00',
[92mINFO [0m:      	        'time': '6.6626e+02'},
[92mINFO [0m:      	  87: { 'eval_acc': '3.7420e-01',
[92mINFO [0m:      	        'eval_loss': '1.8332e+00',
[92mINFO [0m:      	        'time': '6.7342e+02'},
[92mINFO [0m:      	  88: { 'eval_acc': '3.3890e-01',
[92mINFO [0m:      	        'eval_loss': '1.8908e+00',
[92mINFO [0m:      	        'time': '6.8059e+02'},
[92mINFO [0m:      	  89: { 'eval_acc': '3.7550e-01',
[92mINFO [0m:      	        'eval_loss': '1.8187e+00',
[92mINFO [0m:      	        'time': '6.8775e+02'},
[92mINFO [0m:      	  90: { 'eval_acc': '3.7160e-01',
[92mINFO [0m:      	        'eval_loss': '1.8291e+00',
[92mINFO [0m:      	        'time': '6.9502e+02'},
[92mINFO [0m:      	  91: { 'eval_acc': '3.7700e-01',
[92mINFO [0m:      	        'eval_loss': '1.7980e+00',
[92mINFO [0m:      	        'time': '7.0218e+02'},
[92mINFO [0m:      	  92: { 'eval_acc': '3.6170e-01',
[92mINFO [0m:      	        'eval_loss': '1.8662e+00',
[92mINFO [0m:      	        'time': '7.0944e+02'},
[92mINFO [0m:      	  93: { 'eval_acc': '3.5270e-01',
[92mINFO [0m:      	        'eval_loss': '1.8664e+00',
[92mINFO [0m:      	        'time': '7.1671e+02'},
[92mINFO [0m:      	  94: { 'eval_acc': '3.7420e-01',
[92mINFO [0m:      	        'eval_loss': '1.8367e+00',
[92mINFO [0m:      	        'time': '7.2398e+02'},
[92mINFO [0m:      	  95: { 'eval_acc': '3.6190e-01',
[92mINFO [0m:      	        'eval_loss': '1.8700e+00',
[92mINFO [0m:      	        'time': '7.3124e+02'},
[92mINFO [0m:      	  96: { 'eval_acc': '3.6930e-01',
[92mINFO [0m:      	        'eval_loss': '1.8540e+00',
[92mINFO [0m:      	        'time': '7.3851e+02'},
[92mINFO [0m:      	  97: { 'eval_acc': '3.7730e-01',
[92mINFO [0m:      	        'eval_loss': '1.8086e+00',
[92mINFO [0m:      	        'time': '7.4568e+02'},
[92mINFO [0m:      	  98: { 'eval_acc': '3.6390e-01',
[92mINFO [0m:      	        'eval_loss': '1.8833e+00',
[92mINFO [0m:      	        'time': '7.5284e+02'},
[92mINFO [0m:      	  99: { 'eval_acc': '3.7820e-01',
[92mINFO [0m:      	        'eval_loss': '1.8027e+00',
[92mINFO [0m:      	        'time': '7.6010e+02'},
[92mINFO [0m:      	  100: { 'eval_acc': '3.5600e-01',
[92mINFO [0m:      	         'eval_loss': '1.8845e+00',
[92mINFO [0m:      	         'time': '7.6727e+02'}}
[92mINFO [0m:      	
[92mINFO [0m:      	ServerApp-side Evaluate Metrics:
[92mINFO [0m:      	{}
[92mINFO [0m:      
[92mINFO [0m:      CSV saved: results/cifar10/1/FedSaSync_fs1_m7.csv
[36m(ClientAppActor pid=1527096)[0m [2026-05-20 02:43:44,648 E 1527096 1527990] core_worker_process.cc:825: Failed to establish connection to the metrics exporter agent. Metrics will not be exported. Exporter agent status: RpcError: Running out of retries to initialize the metrics agent. rpc_code: 14[32m [repeated 15x across cluster][0m
[92mINFO [0m:      
