fs=1 m=7 i=9
Starting local SuperLink on 127.0.0.1:39093...
⚠️ Warning: `options.` fields in the SuperLink connection configuration are deprecated. Use `--federation-config` with `flwr run` instead. Alternatively, permanently set your simulation configuration via `flwr federation simulation-config`.
🎊 Successfully started run 15703698600625637079
[92mINFO [0m:      Starting Flower Simulation
Successfully installed fedsasync to /tmp/Victor-Hidalgo-1436506-68-0/.flwr/apps/flwrlabs.fedsasync.1.0.0.f4a93b94.
[92mINFO [0m:      Starting FedSaSync strategy:
[92mINFO [0m:      	├── Number of rounds: 100
[92mINFO [0m:      	├── ArrayRecord (0.24 MB)
[92mINFO [0m:      	├── ConfigRecord (train): (empty!)
[92mINFO [0m:      	├── ConfigRecord (evaluate): (empty!)
[92mINFO [0m:      	├──> Sampling:
[92mINFO [0m:      	│	├──Fraction: train (1.00) | evaluate ( 1.00)
[92mINFO [0m:      	│	├──Minimum nodes: train (2) | evaluate (2)
[92mINFO [0m:      	│	└──Minimum available nodes: 2
[92mINFO [0m:      	└──> Keys in records:
[92mINFO [0m:      		├── Weighted by: 'num-examples'
[92mINFO [0m:      		├── ArrayRecord key: 'arrays'
[92mINFO [0m:      		└── ConfigRecord key: 'config'
[92mINFO [0m:      
[92mINFO [0m:      
[92mINFO [0m:      [ROUND 1/100]
[92mINFO [0m:      configure_train: Sampled 10 nodes (out of 10)
/home/Victor.Hidalgo/.pyenv/versions/3.12.12/envs/fedsasync/lib/python3.12/site-packages/ray/_private/worker.py:2051: FutureWarning: Tip: In future versions of Ray, Ray will no longer override accelerator visible devices env var if num_gpus=0 or num_gpus=None (default). To enable this behavior and turn off this error message, set RAY_ACCEL_ENV_VAR_OVERRIDE_ON_ZERO=0
  warnings.warn(
[36m(ClientAppActor pid=1978883)[0m Warning: You are sending unauthenticated requests to the HF Hub. Please set a HF_TOKEN to enable higher rate limits and faster downloads.
[92mINFO [0m:      aggregate_train: Received 9 results and 0 failures
[92mINFO [0m:      	└──> Aggregated MetricRecord: {'train_loss': 2.2077410999933877, 'train_time': 7.368708865510093, 'qtty_records': 9}
[92mINFO [0m:      configure_evaluate: Sampled 10 nodes (out of 10)
[36m(pid=gcs_server)[0m [2026-05-20 02:49:14,298 E 1977560 1977560] (gcs_server) gcs_server.cc:302: Failed to establish connection to the event+metrics exporter agent. Events and metrics will not be exported. Exporter agent status: RpcError: Running out of retries to initialize the metrics agent. rpc_code: 14
[36m(ClientAppActor pid=1978887)[0m Warning: You are sending unauthenticated requests to the HF Hub. Please set a HF_TOKEN to enable higher rate limits and faster downloads.[32m [repeated 9x across cluster] (Ray deduplicates logs by default. Set RAY_DEDUP_LOGS=0 to disable log deduplication, or see https://docs.ray.io/en/master/ray-observability/user-guides/configure-logging.html#log-deduplication for more options.)[0m
[33m(raylet)[0m [2026-05-20 02:49:16,235 E 1977836 1977836] (raylet) main.cc:975: Failed to establish connection to the metrics exporter agent. Metrics will not be exported. Exporter agent status: RpcError: Running out of retries to initialize the metrics agent. rpc_code: 14
[36m(ClientAppActor pid=1978852)[0m [2026-05-20 02:49:20,139 E 1978852 1979072] core_worker_process.cc:825: Failed to establish connection to the metrics exporter agent. Metrics will not be exported. Exporter agent status: RpcError: Running out of retries to initialize the metrics agent. rpc_code: 14
[36m(ClientAppActor pid=1978864)[0m Warning: You are sending unauthenticated requests to the HF Hub. Please set a HF_TOKEN to enable higher rate limits and faster downloads.
[92mINFO [0m:      aggregate_evaluate: Received 10 results and 0 failures
[92mINFO [0m:      	└──> Aggregated MetricRecord: {'eval_loss': 2.3746938697993754, 'eval_acc': 0.09420000000000002, 'time': 44.630516052246094}
[92mINFO [0m:      
[92mINFO [0m:      [ROUND 2/100]
[92mINFO [0m:      configure_train: Sampled 9 nodes (out of 10)
[92mINFO [0m:      aggregate_train: Received 10 results and 0 failures
[92mINFO [0m:      	└──> Aggregated MetricRecord: {'train_loss': 2.127402525997162, 'train_time': 6.1437150841578845, 'qtty_records': 10}
[92mINFO [0m:      configure_evaluate: Sampled 10 nodes (out of 10)
[92mINFO [0m:      aggregate_evaluate: Received 10 results and 0 failures
[92mINFO [0m:      	└──> Aggregated MetricRecord: {'eval_loss': 2.2481045305728915, 'eval_acc': 0.15309999999999999, 'time': 51.69321393966675}
[92mINFO [0m:      
[92mINFO [0m:      [ROUND 3/100]
[92mINFO [0m:      configure_train: Sampled 10 nodes (out of 10)
[92mINFO [0m:      aggregate_train: Received 9 results and 0 failures
[92mINFO [0m:      	└──> Aggregated MetricRecord: {'train_loss': 2.0531776927312215, 'train_time': 5.418772798859411, 'qtty_records': 9}
[92mINFO [0m:      configure_evaluate: Sampled 10 nodes (out of 10)
[92mINFO [0m:      aggregate_evaluate: Received 10 results and 0 failures
[92mINFO [0m:      	└──> Aggregated MetricRecord: {'eval_loss': 2.1710933409631252, 'eval_acc': 0.1754, 'time': 58.825167179107666}
[92mINFO [0m:      
[92mINFO [0m:      [ROUND 4/100]
[92mINFO [0m:      configure_train: Sampled 9 nodes (out of 10)
[92mINFO [0m:      aggregate_train: Received 10 results and 0 failures
[92mINFO [0m:      	└──> Aggregated MetricRecord: {'train_loss': 2.0188846093177797, 'train_time': 5.9641614316031335, 'qtty_records': 10}
[92mINFO [0m:      configure_evaluate: Sampled 10 nodes (out of 10)
[92mINFO [0m:      aggregate_evaluate: Received 10 results and 0 failures
[92mINFO [0m:      	└──> Aggregated MetricRecord: {'eval_loss': 2.1951240219175814, 'eval_acc': 0.1805, 'time': 65.88178753852844}
[92mINFO [0m:      
[92mINFO [0m:      [ROUND 5/100]
[92mINFO [0m:      configure_train: Sampled 10 nodes (out of 10)
[92mINFO [0m:      aggregate_train: Received 9 results and 0 failures
[92mINFO [0m:      	└──> Aggregated MetricRecord: {'train_loss': 1.9970350587632921, 'train_time': 5.416012810129258, 'qtty_records': 9}
[92mINFO [0m:      configure_evaluate: Sampled 10 nodes (out of 10)
[92mINFO [0m:      aggregate_evaluate: Received 10 results and 0 failures
[92mINFO [0m:      	└──> Aggregated MetricRecord: {'eval_loss': 2.057920190691948, 'eval_acc': 0.23840000000000006, 'time': 72.92649149894714}
[92mINFO [0m:      
[92mINFO [0m:      [ROUND 6/100]
[92mINFO [0m:      configure_train: Sampled 9 nodes (out of 10)
[92mINFO [0m:      aggregate_train: Received 10 results and 0 failures
[92mINFO [0m:      	└──> Aggregated MetricRecord: {'train_loss': 1.9814925564765933, 'train_time': 5.9634418681263925, 'qtty_records': 10}
[92mINFO [0m:      configure_evaluate: Sampled 10 nodes (out of 10)
[92mINFO [0m:      aggregate_evaluate: Received 10 results and 0 failures
[92mINFO [0m:      	└──> Aggregated MetricRecord: {'eval_loss': 2.0749523252248765, 'eval_acc': 0.23860000000000003, 'time': 80.10164284706116}
[92mINFO [0m:      
[92mINFO [0m:      [ROUND 7/100]
[92mINFO [0m:      configure_train: Sampled 10 nodes (out of 10)
[92mINFO [0m:      aggregate_train: Received 9 results and 0 failures
[92mINFO [0m:      	└──> Aggregated MetricRecord: {'train_loss': 1.961882373068068, 'train_time': 5.408274236859547, 'qtty_records': 9}
[92mINFO [0m:      configure_evaluate: Sampled 10 nodes (out of 10)
[92mINFO [0m:      aggregate_evaluate: Received 10 results and 0 failures
[92mINFO [0m:      	└──> Aggregated MetricRecord: {'eval_loss': 2.0276425398886206, 'eval_acc': 0.2559, 'time': 87.13624811172485}
[92mINFO [0m:      
[92mINFO [0m:      [ROUND 8/100]
[92mINFO [0m:      configure_train: Sampled 9 nodes (out of 10)
[92mINFO [0m:      aggregate_train: Received 10 results and 0 failures
[92mINFO [0m:      	└──> Aggregated MetricRecord: {'train_loss': 1.9564204376220706, 'train_time': 5.955543775856495, 'qtty_records': 10}
[92mINFO [0m:      configure_evaluate: Sampled 10 nodes (out of 10)
[92mINFO [0m:      aggregate_evaluate: Received 10 results and 0 failures
[92mINFO [0m:      	└──> Aggregated MetricRecord: {'eval_loss': 2.0454712092876437, 'eval_acc': 0.25870000000000004, 'time': 94.77398204803467}
[92mINFO [0m:      
[92mINFO [0m:      [ROUND 9/100]
[92mINFO [0m:      configure_train: Sampled 10 nodes (out of 10)
[92mINFO [0m:      aggregate_train: Received 9 results and 0 failures
[92mINFO [0m:      	└──> Aggregated MetricRecord: {'train_loss': 1.9480652389526365, 'train_time': 5.433224700184332, 'qtty_records': 9}
[92mINFO [0m:      configure_evaluate: Sampled 10 nodes (out of 10)
[92mINFO [0m:      aggregate_evaluate: Received 10 results and 0 failures
[92mINFO [0m:      	└──> Aggregated MetricRecord: {'eval_loss': 2.0028156999498608, 'eval_acc': 0.26990000000000003, 'time': 101.8057427406311}
[92mINFO [0m:      
[92mINFO [0m:      [ROUND 10/100]
[92mINFO [0m:      configure_train: Sampled 9 nodes (out of 10)
[92mINFO [0m:      aggregate_train: Received 10 results and 0 failures
[92mINFO [0m:      	└──> Aggregated MetricRecord: {'train_loss': 1.9354009328842163, 'train_time': 5.966211115568877, 'qtty_records': 10}
[92mINFO [0m:      configure_evaluate: Sampled 10 nodes (out of 10)
[92mINFO [0m:      aggregate_evaluate: Received 10 results and 0 failures
[92mINFO [0m:      	└──> Aggregated MetricRecord: {'eval_loss': 2.025128121674061, 'eval_acc': 0.27, 'time': 108.96749806404114}
[92mINFO [0m:      
[92mINFO [0m:      [ROUND 11/100]
[92mINFO [0m:      configure_train: Sampled 10 nodes (out of 10)
[92mINFO [0m:      aggregate_train: Received 9 results and 0 failures
[92mINFO [0m:      	└──> Aggregated MetricRecord: {'train_loss': 1.933298732333713, 'train_time': 5.424763191698326, 'qtty_records': 9}
[92mINFO [0m:      configure_evaluate: Sampled 10 nodes (out of 10)
[92mINFO [0m:      aggregate_evaluate: Received 10 results and 0 failures
[92mINFO [0m:      	└──> Aggregated MetricRecord: {'eval_loss': 2.0077483225613837, 'eval_acc': 0.272, 'time': 115.99905776977539}
[92mINFO [0m:      
[92mINFO [0m:      [ROUND 12/100]
[92mINFO [0m:      configure_train: Sampled 9 nodes (out of 10)
[92mINFO [0m:      aggregate_train: Received 10 results and 0 failures
[92mINFO [0m:      	└──> Aggregated MetricRecord: {'train_loss': 1.9371367654800418, 'train_time': 5.978480750694871, 'qtty_records': 10}
[92mINFO [0m:      configure_evaluate: Sampled 10 nodes (out of 10)
[92mINFO [0m:      aggregate_evaluate: Received 10 results and 0 failures
[92mINFO [0m:      	└──> Aggregated MetricRecord: {'eval_loss': 1.9746985502541063, 'eval_acc': 0.2953, 'time': 123.15826988220215}
[92mINFO [0m:      
[92mINFO [0m:      [ROUND 13/100]
[92mINFO [0m:      configure_train: Sampled 10 nodes (out of 10)
[92mINFO [0m:      aggregate_train: Received 9 results and 0 failures
[92mINFO [0m:      	└──> Aggregated MetricRecord: {'train_loss': 1.9189406724505953, 'train_time': 5.4206575765791865, 'qtty_records': 9}
[92mINFO [0m:      configure_evaluate: Sampled 10 nodes (out of 10)
[92mINFO [0m:      aggregate_evaluate: Received 10 results and 0 failures
[92mINFO [0m:      	└──> Aggregated MetricRecord: {'eval_loss': 1.9622521553188566, 'eval_acc': 0.2977, 'time': 130.19004106521606}
[92mINFO [0m:      
[92mINFO [0m:      [ROUND 14/100]
[92mINFO [0m:      configure_train: Sampled 9 nodes (out of 10)
[92mINFO [0m:      aggregate_train: Received 10 results and 0 failures
[92mINFO [0m:      	└──> Aggregated MetricRecord: {'train_loss': 1.915030519104004, 'train_time': 5.973737304657698, 'qtty_records': 10}
[92mINFO [0m:      configure_evaluate: Sampled 10 nodes (out of 10)
[92mINFO [0m:      aggregate_evaluate: Received 10 results and 0 failures
[92mINFO [0m:      	└──> Aggregated MetricRecord: {'eval_loss': 1.9920809634029866, 'eval_acc': 0.2802, 'time': 137.33713388442993}
[92mINFO [0m:      
[92mINFO [0m:      [ROUND 15/100]
[92mINFO [0m:      configure_train: Sampled 10 nodes (out of 10)
[92mINFO [0m:      aggregate_train: Received 9 results and 0 failures
[92mINFO [0m:      	└──> Aggregated MetricRecord: {'train_loss': 1.9115668683581881, 'train_time': 5.43191869970825, 'qtty_records': 9}
[92mINFO [0m:      configure_evaluate: Sampled 10 nodes (out of 10)
[92mINFO [0m:      aggregate_evaluate: Received 10 results and 0 failures
[92mINFO [0m:      	└──> Aggregated MetricRecord: {'eval_loss': 1.9552007637917996, 'eval_acc': 0.30720000000000003, 'time': 144.38654208183289}
[92mINFO [0m:      
[92mINFO [0m:      [ROUND 16/100]
[92mINFO [0m:      configure_train: Sampled 9 nodes (out of 10)
[92mINFO [0m:      aggregate_train: Received 10 results and 0 failures
[92mINFO [0m:      	└──> Aggregated MetricRecord: {'train_loss': 1.9167953544616703, 'train_time': 5.959960575029254, 'qtty_records': 10}
[92mINFO [0m:      configure_evaluate: Sampled 10 nodes (out of 10)
[92mINFO [0m:      aggregate_evaluate: Received 10 results and 0 failures
[92mINFO [0m:      	└──> Aggregated MetricRecord: {'eval_loss': 1.9964711509644988, 'eval_acc': 0.2876, 'time': 151.54904580116272}
[92mINFO [0m:      
[92mINFO [0m:      [ROUND 17/100]
[92mINFO [0m:      configure_train: Sampled 10 nodes (out of 10)
[92mINFO [0m:      aggregate_train: Received 9 results and 0 failures
[92mINFO [0m:      	└──> Aggregated MetricRecord: {'train_loss': 1.9168882479137843, 'train_time': 5.4262126597265405, 'qtty_records': 9}
[92mINFO [0m:      configure_evaluate: Sampled 10 nodes (out of 10)
[92mINFO [0m:      aggregate_evaluate: Received 10 results and 0 failures
[92mINFO [0m:      	└──> Aggregated MetricRecord: {'eval_loss': 2.0374192055314784, 'eval_acc': 0.27970000000000006, 'time': 158.58141231536865}
[92mINFO [0m:      
[92mINFO [0m:      [ROUND 18/100]
[92mINFO [0m:      configure_train: Sampled 9 nodes (out of 10)
[92mINFO [0m:      aggregate_train: Received 10 results and 0 failures
[92mINFO [0m:      	└──> Aggregated MetricRecord: {'train_loss': 1.9009107381820678, 'train_time': 5.97393572293222, 'qtty_records': 10}
[92mINFO [0m:      configure_evaluate: Sampled 10 nodes (out of 10)
[92mINFO [0m:      aggregate_evaluate: Received 10 results and 0 failures
[92mINFO [0m:      	└──> Aggregated MetricRecord: {'eval_loss': 1.9292586870491508, 'eval_acc': 0.3101, 'time': 165.6396288871765}
[92mINFO [0m:      
[92mINFO [0m:      [ROUND 19/100]
[92mINFO [0m:      configure_train: Sampled 10 nodes (out of 10)
[92mINFO [0m:      aggregate_train: Received 9 results and 0 failures
[92mINFO [0m:      	└──> Aggregated MetricRecord: {'train_loss': 1.8862476913664075, 'train_time': 5.419866168664561, 'qtty_records': 9}
[92mINFO [0m:      configure_evaluate: Sampled 10 nodes (out of 10)
[92mINFO [0m:      aggregate_evaluate: Received 10 results and 0 failures
[92mINFO [0m:      	└──> Aggregated MetricRecord: {'eval_loss': 1.924220830947161, 'eval_acc': 0.3175, 'time': 172.7982039451599}
[92mINFO [0m:      
[92mINFO [0m:      [ROUND 20/100]
[92mINFO [0m:      configure_train: Sampled 9 nodes (out of 10)
[92mINFO [0m:      aggregate_train: Received 10 results and 0 failures
[92mINFO [0m:      	└──> Aggregated MetricRecord: {'train_loss': 1.9130919971466063, 'train_time': 5.964705936983227, 'qtty_records': 10}
[92mINFO [0m:      configure_evaluate: Sampled 10 nodes (out of 10)
[92mINFO [0m:      aggregate_evaluate: Received 10 results and 0 failures
[92mINFO [0m:      	└──> Aggregated MetricRecord: {'eval_loss': 2.0074245627969507, 'eval_acc': 0.27790000000000004, 'time': 179.93454599380493}
[92mINFO [0m:      
[92mINFO [0m:      [ROUND 21/100]
[92mINFO [0m:      configure_train: Sampled 10 nodes (out of 10)
[92mINFO [0m:      aggregate_train: Received 9 results and 0 failures
[92mINFO [0m:      	└──> Aggregated MetricRecord: {'train_loss': 1.9084452817704942, 'train_time': 5.425556028882663, 'qtty_records': 9}
[92mINFO [0m:      configure_evaluate: Sampled 10 nodes (out of 10)
[92mINFO [0m:      aggregate_evaluate: Received 10 results and 0 failures
[92mINFO [0m:      	└──> Aggregated MetricRecord: {'eval_loss': 1.9732263870537283, 'eval_acc': 0.3007, 'time': 187.08997678756714}
[92mINFO [0m:      
[92mINFO [0m:      [ROUND 22/100]
[92mINFO [0m:      configure_train: Sampled 9 nodes (out of 10)
[92mINFO [0m:      aggregate_train: Received 10 results and 0 failures
[92mINFO [0m:      	└──> Aggregated MetricRecord: {'train_loss': 1.892229031562805, 'train_time': 5.950474426336586, 'qtty_records': 10}
[92mINFO [0m:      configure_evaluate: Sampled 10 nodes (out of 10)
[92mINFO [0m:      aggregate_evaluate: Received 10 results and 0 failures
[92mINFO [0m:      	└──> Aggregated MetricRecord: {'eval_loss': 1.9320057071745398, 'eval_acc': 0.3152, 'time': 194.2580246925354}
[92mINFO [0m:      
[92mINFO [0m:      [ROUND 23/100]
[92mINFO [0m:      configure_train: Sampled 10 nodes (out of 10)
[92mINFO [0m:      aggregate_train: Received 9 results and 0 failures
[92mINFO [0m:      	└──> Aggregated MetricRecord: {'train_loss': 1.8733346172968544, 'train_time': 5.427935041280256, 'qtty_records': 9}
[92mINFO [0m:      configure_evaluate: Sampled 10 nodes (out of 10)
[92mINFO [0m:      aggregate_evaluate: Received 10 results and 0 failures
[92mINFO [0m:      	└──> Aggregated MetricRecord: {'eval_loss': 1.914270007237792, 'eval_acc': 0.3309, 'time': 201.3121054172516}
[92mINFO [0m:      
[92mINFO [0m:      [ROUND 24/100]
[92mINFO [0m:      configure_train: Sampled 9 nodes (out of 10)
[92mINFO [0m:      aggregate_train: Received 10 results and 0 failures
[92mINFO [0m:      	└──> Aggregated MetricRecord: {'train_loss': 1.878607099914551, 'train_time': 5.969889090023935, 'qtty_records': 10}
[92mINFO [0m:      configure_evaluate: Sampled 10 nodes (out of 10)
[92mINFO [0m:      aggregate_evaluate: Received 10 results and 0 failures
[92mINFO [0m:      	└──> Aggregated MetricRecord: {'eval_loss': 1.9300717990845444, 'eval_acc': 0.3106, 'time': 208.44920563697815}
[92mINFO [0m:      
[92mINFO [0m:      [ROUND 25/100]
[92mINFO [0m:      configure_train: Sampled 10 nodes (out of 10)
[92mINFO [0m:      aggregate_train: Received 9 results and 0 failures
[92mINFO [0m:      	└──> Aggregated MetricRecord: {'train_loss': 1.8825276886622109, 'train_time': 5.426286754508813, 'qtty_records': 9}
[92mINFO [0m:      configure_evaluate: Sampled 10 nodes (out of 10)
[92mINFO [0m:      aggregate_evaluate: Received 10 results and 0 failures
[92mINFO [0m:      	└──> Aggregated MetricRecord: {'eval_loss': 1.9351812269538642, 'eval_acc': 0.31010000000000004, 'time': 215.50341320037842}
[92mINFO [0m:      
[92mINFO [0m:      [ROUND 26/100]
[92mINFO [0m:      configure_train: Sampled 9 nodes (out of 10)
[92mINFO [0m:      aggregate_train: Received 10 results and 0 failures
[92mINFO [0m:      	└──> Aggregated MetricRecord: {'train_loss': 1.8824161615371704, 'train_time': 5.970178955048323, 'qtty_records': 10}
[92mINFO [0m:      configure_evaluate: Sampled 10 nodes (out of 10)
[92mINFO [0m:      aggregate_evaluate: Received 10 results and 0 failures
[92mINFO [0m:      	└──> Aggregated MetricRecord: {'eval_loss': 1.9026700351387265, 'eval_acc': 0.3105, 'time': 222.63934969902039}
[92mINFO [0m:      
[92mINFO [0m:      [ROUND 27/100]
[92mINFO [0m:      configure_train: Sampled 10 nodes (out of 10)
[92mINFO [0m:      aggregate_train: Received 9 results and 0 failures
[92mINFO [0m:      	└──> Aggregated MetricRecord: {'train_loss': 1.8674110619227091, 'train_time': 5.422522869375017, 'qtty_records': 9}
[92mINFO [0m:      configure_evaluate: Sampled 10 nodes (out of 10)
[92mINFO [0m:      aggregate_evaluate: Received 10 results and 0 failures
[92mINFO [0m:      	└──> Aggregated MetricRecord: {'eval_loss': 1.8649751000106334, 'eval_acc': 0.3359, 'time': 229.67217779159546}
[92mINFO [0m:      
[92mINFO [0m:      [ROUND 28/100]
[92mINFO [0m:      configure_train: Sampled 9 nodes (out of 10)
[92mINFO [0m:      aggregate_train: Received 10 results and 0 failures
[92mINFO [0m:      	└──> Aggregated MetricRecord: {'train_loss': 1.8614626953125, 'train_time': 5.962142909131944, 'qtty_records': 10}
[92mINFO [0m:      configure_evaluate: Sampled 10 nodes (out of 10)
[92mINFO [0m:      aggregate_evaluate: Received 10 results and 0 failures
[92mINFO [0m:      	└──> Aggregated MetricRecord: {'eval_loss': 1.8930613249540331, 'eval_acc': 0.33520000000000005, 'time': 236.81973600387573}
[92mINFO [0m:      
[92mINFO [0m:      [ROUND 29/100]
[92mINFO [0m:      configure_train: Sampled 10 nodes (out of 10)
[92mINFO [0m:      aggregate_train: Received 9 results and 0 failures
[92mINFO [0m:      	└──> Aggregated MetricRecord: {'train_loss': 1.8647257941563922, 'train_time': 5.4282268643793135, 'qtty_records': 9}
[92mINFO [0m:      configure_evaluate: Sampled 10 nodes (out of 10)
[92mINFO [0m:      aggregate_evaluate: Received 10 results and 0 failures
[92mINFO [0m:      	└──> Aggregated MetricRecord: {'eval_loss': 1.9118699811398985, 'eval_acc': 0.3330000000000001, 'time': 243.87665390968323}
[92mINFO [0m:      
[92mINFO [0m:      [ROUND 30/100]
[92mINFO [0m:      configure_train: Sampled 9 nodes (out of 10)
[92mINFO [0m:      aggregate_train: Received 10 results and 0 failures
[92mINFO [0m:      	└──> Aggregated MetricRecord: {'train_loss': 1.863043875694275, 'train_time': 5.9532164264470335, 'qtty_records': 10}
[92mINFO [0m:      configure_evaluate: Sampled 10 nodes (out of 10)
[92mINFO [0m:      aggregate_evaluate: Received 10 results and 0 failures
[92mINFO [0m:      	└──> Aggregated MetricRecord: {'eval_loss': 1.9087533965706829, 'eval_acc': 0.33840000000000003, 'time': 251.03409671783447}
[92mINFO [0m:      
[92mINFO [0m:      [ROUND 31/100]
[92mINFO [0m:      configure_train: Sampled 10 nodes (out of 10)
[92mINFO [0m:      aggregate_train: Received 9 results and 0 failures
[92mINFO [0m:      	└──> Aggregated MetricRecord: {'train_loss': 1.8761901591618857, 'train_time': 5.406273505753941, 'qtty_records': 9}
[92mINFO [0m:      configure_evaluate: Sampled 10 nodes (out of 10)
[92mINFO [0m:      aggregate_evaluate: Received 10 results and 0 failures
[92mINFO [0m:      	└──> Aggregated MetricRecord: {'eval_loss': 1.9343350395560264, 'eval_acc': 0.331, 'time': 258.1894874572754}
[92mINFO [0m:      
[92mINFO [0m:      [ROUND 32/100]
[92mINFO [0m:      configure_train: Sampled 9 nodes (out of 10)
[92mINFO [0m:      aggregate_train: Received 10 results and 0 failures
[92mINFO [0m:      	└──> Aggregated MetricRecord: {'train_loss': 1.8617198869705203, 'train_time': 5.958786484226584, 'qtty_records': 10}
[92mINFO [0m:      configure_evaluate: Sampled 10 nodes (out of 10)
[92mINFO [0m:      aggregate_evaluate: Received 10 results and 0 failures
[92mINFO [0m:      	└──> Aggregated MetricRecord: {'eval_loss': 1.9051394145935776, 'eval_acc': 0.3294000000000001, 'time': 265.249055147171}
[92mINFO [0m:      
[92mINFO [0m:      [ROUND 33/100]
[92mINFO [0m:      configure_train: Sampled 10 nodes (out of 10)
[92mINFO [0m:      aggregate_train: Received 9 results and 0 failures
[92mINFO [0m:      	└──> Aggregated MetricRecord: {'train_loss': 1.8739589774873522, 'train_time': 5.420455160240333, 'qtty_records': 9}
[92mINFO [0m:      configure_evaluate: Sampled 10 nodes (out of 10)
[92mINFO [0m:      aggregate_evaluate: Received 10 results and 0 failures
[92mINFO [0m:      	└──> Aggregated MetricRecord: {'eval_loss': 1.9239355500787498, 'eval_acc': 0.31189999999999996, 'time': 272.40929436683655}
[92mINFO [0m:      
[92mINFO [0m:      [ROUND 34/100]
[92mINFO [0m:      configure_train: Sampled 9 nodes (out of 10)
[92mINFO [0m:      aggregate_train: Received 10 results and 0 failures
[92mINFO [0m:      	└──> Aggregated MetricRecord: {'train_loss': 1.8652751164436343, 'train_time': 5.96886428091675, 'qtty_records': 10}
[92mINFO [0m:      configure_evaluate: Sampled 10 nodes (out of 10)
[92mINFO [0m:      aggregate_evaluate: Received 10 results and 0 failures
[92mINFO [0m:      	└──> Aggregated MetricRecord: {'eval_loss': 1.896591827645898, 'eval_acc': 0.33630000000000004, 'time': 279.5693531036377}
[92mINFO [0m:      
[92mINFO [0m:      [ROUND 35/100]
[92mINFO [0m:      configure_train: Sampled 10 nodes (out of 10)
[92mINFO [0m:      aggregate_train: Received 9 results and 0 failures
[92mINFO [0m:      	└──> Aggregated MetricRecord: {'train_loss': 1.8555825944476658, 'train_time': 5.414257149936424, 'qtty_records': 9}
[92mINFO [0m:      configure_evaluate: Sampled 10 nodes (out of 10)
[92mINFO [0m:      aggregate_evaluate: Received 10 results and 0 failures
[92mINFO [0m:      	└──> Aggregated MetricRecord: {'eval_loss': 1.858016545325518, 'eval_acc': 0.34469999999999995, 'time': 286.62323904037476}
[92mINFO [0m:      
[92mINFO [0m:      [ROUND 36/100]
[92mINFO [0m:      configure_train: Sampled 9 nodes (out of 10)
[92mINFO [0m:      aggregate_train: Received 10 results and 0 failures
[92mINFO [0m:      	└──> Aggregated MetricRecord: {'train_loss': 1.8545305198669433, 'train_time': 5.945491384156048, 'qtty_records': 10}
[92mINFO [0m:      configure_evaluate: Sampled 10 nodes (out of 10)
[92mINFO [0m:      aggregate_evaluate: Received 10 results and 0 failures
[92mINFO [0m:      	└──> Aggregated MetricRecord: {'eval_loss': 1.8476704485714437, 'eval_acc': 0.35430000000000006, 'time': 293.69021940231323}
[92mINFO [0m:      
[92mINFO [0m:      [ROUND 37/100]
[92mINFO [0m:      configure_train: Sampled 10 nodes (out of 10)
[92mINFO [0m:      aggregate_train: Received 9 results and 0 failures
[92mINFO [0m:      	└──> Aggregated MetricRecord: {'train_loss': 1.8592777649561563, 'train_time': 5.420759772467944, 'qtty_records': 9}
[92mINFO [0m:      configure_evaluate: Sampled 10 nodes (out of 10)
[92mINFO [0m:      aggregate_evaluate: Received 10 results and 0 failures
[92mINFO [0m:      	└──> Aggregated MetricRecord: {'eval_loss': 1.863867475837469, 'eval_acc': 0.33820000000000006, 'time': 300.82955861091614}
[92mINFO [0m:      
[92mINFO [0m:      [ROUND 38/100]
[92mINFO [0m:      configure_train: Sampled 9 nodes (out of 10)
[92mINFO [0m:      aggregate_train: Received 10 results and 0 failures
[92mINFO [0m:      	└──> Aggregated MetricRecord: {'train_loss': 1.8398330282211304, 'train_time': 5.96133273281157, 'qtty_records': 10}
[92mINFO [0m:      configure_evaluate: Sampled 10 nodes (out of 10)
[92mINFO [0m:      aggregate_evaluate: Received 10 results and 0 failures
[92mINFO [0m:      	└──> Aggregated MetricRecord: {'eval_loss': 1.876247188448906, 'eval_acc': 0.33730000000000004, 'time': 307.9878625869751}
[92mINFO [0m:      
[92mINFO [0m:      [ROUND 39/100]
[92mINFO [0m:      configure_train: Sampled 10 nodes (out of 10)
[92mINFO [0m:      aggregate_train: Received 9 results and 0 failures
[92mINFO [0m:      	└──> Aggregated MetricRecord: {'train_loss': 1.842693440331353, 'train_time': 5.425725382856196, 'qtty_records': 9}
[92mINFO [0m:      configure_evaluate: Sampled 10 nodes (out of 10)
[92mINFO [0m:      aggregate_evaluate: Received 10 results and 0 failures
[92mINFO [0m:      	└──> Aggregated MetricRecord: {'eval_loss': 1.8598090056329968, 'eval_acc': 0.3364000000000001, 'time': 315.12190103530884}
[92mINFO [0m:      
[92mINFO [0m:      [ROUND 40/100]
[92mINFO [0m:      configure_train: Sampled 9 nodes (out of 10)
[92mINFO [0m:      aggregate_train: Received 10 results and 0 failures
[92mINFO [0m:      	└──> Aggregated MetricRecord: {'train_loss': 1.850687368965149, 'train_time': 5.9506387071684, 'qtty_records': 10}
[92mINFO [0m:      configure_evaluate: Sampled 10 nodes (out of 10)
[92mINFO [0m:      aggregate_evaluate: Received 10 results and 0 failures
[92mINFO [0m:      	└──> Aggregated MetricRecord: {'eval_loss': 1.8611075632274154, 'eval_acc': 0.33290000000000003, 'time': 322.1841650009155}
[92mINFO [0m:      
[92mINFO [0m:      [ROUND 41/100]
[92mINFO [0m:      configure_train: Sampled 10 nodes (out of 10)
[92mINFO [0m:      aggregate_train: Received 9 results and 0 failures
[92mINFO [0m:      	└──> Aggregated MetricRecord: {'train_loss': 1.8403086768256292, 'train_time': 5.4115409546842175, 'qtty_records': 9}
[92mINFO [0m:      configure_evaluate: Sampled 10 nodes (out of 10)
[92mINFO [0m:      aggregate_evaluate: Received 10 results and 0 failures
[92mINFO [0m:      	└──> Aggregated MetricRecord: {'eval_loss': 1.8611947026103737, 'eval_acc': 0.3392, 'time': 329.3182563781738}
[92mINFO [0m:      
[92mINFO [0m:      [ROUND 42/100]
[92mINFO [0m:      configure_train: Sampled 9 nodes (out of 10)
[92mINFO [0m:      aggregate_train: Received 10 results and 0 failures
[92mINFO [0m:      	└──> Aggregated MetricRecord: {'train_loss': 1.8394361322402955, 'train_time': 5.970232404768467, 'qtty_records': 10}
[92mINFO [0m:      configure_evaluate: Sampled 10 nodes (out of 10)
[92mINFO [0m:      aggregate_evaluate: Received 10 results and 0 failures
[92mINFO [0m:      	└──> Aggregated MetricRecord: {'eval_loss': 1.8838848493993283, 'eval_acc': 0.3252, 'time': 336.37736415863037}
[92mINFO [0m:      
[92mINFO [0m:      [ROUND 43/100]
[92mINFO [0m:      configure_train: Sampled 10 nodes (out of 10)
[92mINFO [0m:      aggregate_train: Received 9 results and 0 failures
[92mINFO [0m:      	└──> Aggregated MetricRecord: {'train_loss': 1.8453028767903645, 'train_time': 5.422654298651549, 'qtty_records': 9}
[92mINFO [0m:      configure_evaluate: Sampled 10 nodes (out of 10)
[92mINFO [0m:      aggregate_evaluate: Received 10 results and 0 failures
[92mINFO [0m:      	└──> Aggregated MetricRecord: {'eval_loss': 1.91355366371572, 'eval_acc': 0.3325, 'time': 343.53678464889526}
[92mINFO [0m:      
[92mINFO [0m:      [ROUND 44/100]
[92mINFO [0m:      configure_train: Sampled 9 nodes (out of 10)
[92mINFO [0m:      aggregate_train: Received 10 results and 0 failures
[92mINFO [0m:      	└──> Aggregated MetricRecord: {'train_loss': 1.851332205104828, 'train_time': 5.96259785015136, 'qtty_records': 10}
[92mINFO [0m:      configure_evaluate: Sampled 10 nodes (out of 10)
[92mINFO [0m:      aggregate_evaluate: Received 10 results and 0 failures
[92mINFO [0m:      	└──> Aggregated MetricRecord: {'eval_loss': 1.8622253425419333, 'eval_acc': 0.33280000000000004, 'time': 350.68441438674927}
[92mINFO [0m:      
[92mINFO [0m:      [ROUND 45/100]
[92mINFO [0m:      configure_train: Sampled 10 nodes (out of 10)
[92mINFO [0m:      aggregate_train: Received 9 results and 0 failures
[92mINFO [0m:      	└──> Aggregated MetricRecord: {'train_loss': 1.8407304370668196, 'train_time': 5.421243425251709, 'qtty_records': 9}
[92mINFO [0m:      configure_evaluate: Sampled 10 nodes (out of 10)
[92mINFO [0m:      aggregate_evaluate: Received 10 results and 0 failures
[92mINFO [0m:      	└──> Aggregated MetricRecord: {'eval_loss': 1.89763101041317, 'eval_acc': 0.3423, 'time': 357.8168067932129}
[92mINFO [0m:      
[92mINFO [0m:      [ROUND 46/100]
[92mINFO [0m:      configure_train: Sampled 9 nodes (out of 10)
[92mINFO [0m:      aggregate_train: Received 10 results and 0 failures
[92mINFO [0m:      	└──> Aggregated MetricRecord: {'train_loss': 1.8387856481552127, 'train_time': 5.959600440040231, 'qtty_records': 10}
[92mINFO [0m:      configure_evaluate: Sampled 10 nodes (out of 10)
[92mINFO [0m:      aggregate_evaluate: Received 10 results and 0 failures
[92mINFO [0m:      	└──> Aggregated MetricRecord: {'eval_loss': 1.8409521296620373, 'eval_acc': 0.3521, 'time': 364.9764747619629}
[92mINFO [0m:      
[92mINFO [0m:      [ROUND 47/100]
[92mINFO [0m:      configure_train: Sampled 10 nodes (out of 10)
[92mINFO [0m:      aggregate_train: Received 9 results and 0 failures
[92mINFO [0m:      	└──> Aggregated MetricRecord: {'train_loss': 1.8419010659323796, 'train_time': 5.43452676716778, 'qtty_records': 9}
[92mINFO [0m:      configure_evaluate: Sampled 10 nodes (out of 10)
[92mINFO [0m:      aggregate_evaluate: Received 10 results and 0 failures
[92mINFO [0m:      	└──> Aggregated MetricRecord: {'eval_loss': 1.8762866292148828, 'eval_acc': 0.3327, 'time': 372.1445825099945}
[92mINFO [0m:      
[92mINFO [0m:      [ROUND 48/100]
[92mINFO [0m:      configure_train: Sampled 9 nodes (out of 10)
[92mINFO [0m:      aggregate_train: Received 10 results and 0 failures
[92mINFO [0m:      	└──> Aggregated MetricRecord: {'train_loss': 1.8623077864646913, 'train_time': 5.957206932641566, 'qtty_records': 10}
[92mINFO [0m:      configure_evaluate: Sampled 10 nodes (out of 10)
[92mINFO [0m:      aggregate_evaluate: Received 10 results and 0 failures
[92mINFO [0m:      	└──> Aggregated MetricRecord: {'eval_loss': 1.9442389041185382, 'eval_acc': 0.3151, 'time': 379.2066264152527}
[92mINFO [0m:      
[92mINFO [0m:      [ROUND 49/100]
[92mINFO [0m:      configure_train: Sampled 10 nodes (out of 10)
[92mINFO [0m:      aggregate_train: Received 9 results and 0 failures
[92mINFO [0m:      	└──> Aggregated MetricRecord: {'train_loss': 1.8346089867485893, 'train_time': 5.422947245753473, 'qtty_records': 9}
[92mINFO [0m:      configure_evaluate: Sampled 10 nodes (out of 10)
[92mINFO [0m:      aggregate_evaluate: Received 10 results and 0 failures
[92mINFO [0m:      	└──> Aggregated MetricRecord: {'eval_loss': 1.8285654991865161, 'eval_acc': 0.3591, 'time': 386.33969235420227}
[92mINFO [0m:      
[92mINFO [0m:      [ROUND 50/100]
[92mINFO [0m:      configure_train: Sampled 9 nodes (out of 10)
[92mINFO [0m:      aggregate_train: Received 10 results and 0 failures
[92mINFO [0m:      	└──> Aggregated MetricRecord: {'train_loss': 1.8558071754455565, 'train_time': 5.9584579223766925, 'qtty_records': 10}
[92mINFO [0m:      configure_evaluate: Sampled 10 nodes (out of 10)
[92mINFO [0m:      aggregate_evaluate: Received 10 results and 0 failures
[92mINFO [0m:      	└──> Aggregated MetricRecord: {'eval_loss': 1.861072338372469, 'eval_acc': 0.34109999999999996, 'time': 393.4762887954712}
[92mINFO [0m:      
[92mINFO [0m:      [ROUND 51/100]
[92mINFO [0m:      configure_train: Sampled 10 nodes (out of 10)
[92mINFO [0m:      aggregate_train: Received 9 results and 0 failures
[92mINFO [0m:      	└──> Aggregated MetricRecord: {'train_loss': 1.8513538855446707, 'train_time': 5.426115273187558, 'qtty_records': 9}
[92mINFO [0m:      configure_evaluate: Sampled 10 nodes (out of 10)
[92mINFO [0m:      aggregate_evaluate: Received 10 results and 0 failures
[92mINFO [0m:      	└──> Aggregated MetricRecord: {'eval_loss': 1.8681473925709728, 'eval_acc': 0.34590000000000004, 'time': 400.61417603492737}
[92mINFO [0m:      
[92mINFO [0m:      [ROUND 52/100]
[92mINFO [0m:      configure_train: Sampled 9 nodes (out of 10)
[92mINFO [0m:      aggregate_train: Received 10 results and 0 failures
[92mINFO [0m:      	└──> Aggregated MetricRecord: {'train_loss': 1.8597894938468933, 'train_time': 5.9597352128475904, 'qtty_records': 10}
[92mINFO [0m:      configure_evaluate: Sampled 10 nodes (out of 10)
[92mINFO [0m:      aggregate_evaluate: Received 10 results and 0 failures
[92mINFO [0m:      	└──> Aggregated MetricRecord: {'eval_loss': 1.8825653430074454, 'eval_acc': 0.34369999999999995, 'time': 407.67215156555176}
[92mINFO [0m:      
[92mINFO [0m:      [ROUND 53/100]
[92mINFO [0m:      configure_train: Sampled 10 nodes (out of 10)
[92mINFO [0m:      aggregate_train: Received 9 results and 0 failures
[92mINFO [0m:      	└──> Aggregated MetricRecord: {'train_loss': 1.8537347278594971, 'train_time': 5.4210904476543265, 'qtty_records': 9}
[92mINFO [0m:      configure_evaluate: Sampled 10 nodes (out of 10)
[92mINFO [0m:      aggregate_evaluate: Received 10 results and 0 failures
[92mINFO [0m:      	└──> Aggregated MetricRecord: {'eval_loss': 1.9104030258953573, 'eval_acc': 0.32709999999999995, 'time': 414.80436992645264}
[92mINFO [0m:      
[92mINFO [0m:      [ROUND 54/100]
[92mINFO [0m:      configure_train: Sampled 9 nodes (out of 10)
[92mINFO [0m:      aggregate_train: Received 10 results and 0 failures
[92mINFO [0m:      	└──> Aggregated MetricRecord: {'train_loss': 1.8682770668029784, 'train_time': 5.953165857493877, 'qtty_records': 10}
[92mINFO [0m:      configure_evaluate: Sampled 10 nodes (out of 10)
[92mINFO [0m:      aggregate_evaluate: Received 10 results and 0 failures
[92mINFO [0m:      	└──> Aggregated MetricRecord: {'eval_loss': 1.8761232521384956, 'eval_acc': 0.35050000000000003, 'time': 421.8406858444214}
[92mINFO [0m:      
[92mINFO [0m:      [ROUND 55/100]
[92mINFO [0m:      configure_train: Sampled 10 nodes (out of 10)
[92mINFO [0m:      aggregate_train: Received 9 results and 0 failures
[92mINFO [0m:      	└──> Aggregated MetricRecord: {'train_loss': 1.8582550131479898, 'train_time': 5.422946300978462, 'qtty_records': 9}
[92mINFO [0m:      configure_evaluate: Sampled 10 nodes (out of 10)
[92mINFO [0m:      aggregate_evaluate: Received 10 results and 0 failures
[92mINFO [0m:      	└──> Aggregated MetricRecord: {'eval_loss': 1.8795674759894612, 'eval_acc': 0.32670000000000005, 'time': 428.8995225429535}
[92mINFO [0m:      
[92mINFO [0m:      [ROUND 56/100]
[92mINFO [0m:      configure_train: Sampled 9 nodes (out of 10)
[92mINFO [0m:      aggregate_train: Received 10 results and 0 failures
[92mINFO [0m:      	└──> Aggregated MetricRecord: {'train_loss': 1.8514644143104555, 'train_time': 5.945852311886847, 'qtty_records': 10}
[92mINFO [0m:      configure_evaluate: Sampled 10 nodes (out of 10)
[92mINFO [0m:      aggregate_evaluate: Received 10 results and 0 failures
[92mINFO [0m:      	└──> Aggregated MetricRecord: {'eval_loss': 1.8248502839356664, 'eval_acc': 0.3733, 'time': 436.06554555892944}
[92mINFO [0m:      
[92mINFO [0m:      [ROUND 57/100]
[92mINFO [0m:      configure_train: Sampled 10 nodes (out of 10)
[92mINFO [0m:      aggregate_train: Received 9 results and 0 failures
[92mINFO [0m:      	└──> Aggregated MetricRecord: {'train_loss': 1.8288020866182115, 'train_time': 5.421019873685307, 'qtty_records': 9}
[92mINFO [0m:      configure_evaluate: Sampled 10 nodes (out of 10)
[92mINFO [0m:      aggregate_evaluate: Received 10 results and 0 failures
[92mINFO [0m:      	└──> Aggregated MetricRecord: {'eval_loss': 1.8554993420839314, 'eval_acc': 0.3604, 'time': 443.09979033470154}
[92mINFO [0m:      
[92mINFO [0m:      [ROUND 58/100]
[92mINFO [0m:      configure_train: Sampled 9 nodes (out of 10)
[92mINFO [0m:      aggregate_train: Received 10 results and 0 failures
[92mINFO [0m:      	└──> Aggregated MetricRecord: {'train_loss': 1.8401725591659546, 'train_time': 5.979230420663953, 'qtty_records': 10}
[92mINFO [0m:      configure_evaluate: Sampled 10 nodes (out of 10)
[92mINFO [0m:      aggregate_evaluate: Received 10 results and 0 failures
[92mINFO [0m:      	└──> Aggregated MetricRecord: {'eval_loss': 1.8793258961290122, 'eval_acc': 0.34299999999999997, 'time': 450.2653796672821}
[92mINFO [0m:      
[92mINFO [0m:      [ROUND 59/100]
[92mINFO [0m:      configure_train: Sampled 10 nodes (out of 10)
[92mINFO [0m:      aggregate_train: Received 9 results and 0 failures
[92mINFO [0m:      	└──> Aggregated MetricRecord: {'train_loss': 1.8402467052671643, 'train_time': 5.422552266054684, 'qtty_records': 9}
[92mINFO [0m:      configure_evaluate: Sampled 10 nodes (out of 10)
[92mINFO [0m:      aggregate_evaluate: Received 10 results and 0 failures
[92mINFO [0m:      	└──> Aggregated MetricRecord: {'eval_loss': 1.8719810079783203, 'eval_acc': 0.34390000000000004, 'time': 457.3005266189575}
[92mINFO [0m:      
[92mINFO [0m:      [ROUND 60/100]
[92mINFO [0m:      configure_train: Sampled 9 nodes (out of 10)
[92mINFO [0m:      aggregate_train: Received 10 results and 0 failures
[92mINFO [0m:      	└──> Aggregated MetricRecord: {'train_loss': 1.8531777232170106, 'train_time': 5.970935256779194, 'qtty_records': 10}
[92mINFO [0m:      configure_evaluate: Sampled 10 nodes (out of 10)
[92mINFO [0m:      aggregate_evaluate: Received 10 results and 0 failures
[92mINFO [0m:      	└──> Aggregated MetricRecord: {'eval_loss': 1.8279979065060614, 'eval_acc': 0.3616, 'time': 464.4372224807739}
[92mINFO [0m:      
[92mINFO [0m:      [ROUND 61/100]
[92mINFO [0m:      configure_train: Sampled 10 nodes (out of 10)
[92mINFO [0m:      aggregate_train: Received 9 results and 0 failures
[92mINFO [0m:      	└──> Aggregated MetricRecord: {'train_loss': 1.8379158565733167, 'train_time': 5.427460121611754, 'qtty_records': 9}
[92mINFO [0m:      configure_evaluate: Sampled 10 nodes (out of 10)
[92mINFO [0m:      aggregate_evaluate: Received 10 results and 0 failures
[92mINFO [0m:      	└──> Aggregated MetricRecord: {'eval_loss': 1.8278124403208496, 'eval_acc': 0.36410000000000003, 'time': 471.4709529876709}
[92mINFO [0m:      
[92mINFO [0m:      [ROUND 62/100]
[92mINFO [0m:      configure_train: Sampled 9 nodes (out of 10)
[92mINFO [0m:      aggregate_train: Received 10 results and 0 failures
[92mINFO [0m:      	└──> Aggregated MetricRecord: {'train_loss': 1.8466576094627383, 'train_time': 5.964035688154399, 'qtty_records': 10}
[92mINFO [0m:      configure_evaluate: Sampled 10 nodes (out of 10)
[92mINFO [0m:      aggregate_evaluate: Received 10 results and 0 failures
[92mINFO [0m:      	└──> Aggregated MetricRecord: {'eval_loss': 1.9098883148282768, 'eval_acc': 0.32910000000000006, 'time': 478.6339156627655}
[92mINFO [0m:      
[92mINFO [0m:      [ROUND 63/100]
[92mINFO [0m:      configure_train: Sampled 10 nodes (out of 10)
[92mINFO [0m:      aggregate_train: Received 9 results and 0 failures
[92mINFO [0m:      	└──> Aggregated MetricRecord: {'train_loss': 1.8419605166117352, 'train_time': 5.42547722471257, 'qtty_records': 9}
[92mINFO [0m:      configure_evaluate: Sampled 10 nodes (out of 10)
[92mINFO [0m:      aggregate_evaluate: Received 10 results and 0 failures
[92mINFO [0m:      	└──> Aggregated MetricRecord: {'eval_loss': 1.842374385893345, 'eval_acc': 0.3504, 'time': 485.66588950157166}
[92mINFO [0m:      
[92mINFO [0m:      [ROUND 64/100]
[92mINFO [0m:      configure_train: Sampled 9 nodes (out of 10)
[92mINFO [0m:      aggregate_train: Received 10 results and 0 failures
[92mINFO [0m:      	└──> Aggregated MetricRecord: {'train_loss': 1.8506648809432988, 'train_time': 5.97919907644391, 'qtty_records': 10}
[92mINFO [0m:      configure_evaluate: Sampled 10 nodes (out of 10)
[92mINFO [0m:      aggregate_evaluate: Received 10 results and 0 failures
[92mINFO [0m:      	└──> Aggregated MetricRecord: {'eval_loss': 1.874164128676057, 'eval_acc': 0.3434, 'time': 492.7275478839874}
[92mINFO [0m:      
[92mINFO [0m:      [ROUND 65/100]
[92mINFO [0m:      configure_train: Sampled 10 nodes (out of 10)
[92mINFO [0m:      aggregate_train: Received 9 results and 0 failures
[92mINFO [0m:      	└──> Aggregated MetricRecord: {'train_loss': 1.8675034164852564, 'train_time': 5.433032130822539, 'qtty_records': 9}
[92mINFO [0m:      configure_evaluate: Sampled 10 nodes (out of 10)
[92mINFO [0m:      aggregate_evaluate: Received 10 results and 0 failures
[92mINFO [0m:      	└──> Aggregated MetricRecord: {'eval_loss': 1.8350986260920763, 'eval_acc': 0.3556, 'time': 499.7627606391907}
[92mINFO [0m:      
[92mINFO [0m:      [ROUND 66/100]
[92mINFO [0m:      configure_train: Sampled 9 nodes (out of 10)
[92mINFO [0m:      aggregate_train: Received 10 results and 0 failures
[92mINFO [0m:      	└──> Aggregated MetricRecord: {'train_loss': 1.8381169572830203, 'train_time': 5.944708335585892, 'qtty_records': 10}
[92mINFO [0m:      configure_evaluate: Sampled 10 nodes (out of 10)
[92mINFO [0m:      aggregate_evaluate: Received 10 results and 0 failures
[92mINFO [0m:      	└──> Aggregated MetricRecord: {'eval_loss': 1.8432308144867422, 'eval_acc': 0.3544, 'time': 506.8985676765442}
[92mINFO [0m:      
[92mINFO [0m:      [ROUND 67/100]
[92mINFO [0m:      configure_train: Sampled 10 nodes (out of 10)
[92mINFO [0m:      aggregate_train: Received 9 results and 0 failures
[92mINFO [0m:      	└──> Aggregated MetricRecord: {'train_loss': 1.8534819698333738, 'train_time': 5.419708454774486, 'qtty_records': 9}
[92mINFO [0m:      configure_evaluate: Sampled 10 nodes (out of 10)
[92mINFO [0m:      aggregate_evaluate: Received 10 results and 0 failures
[92mINFO [0m:      	└──> Aggregated MetricRecord: {'eval_loss': 1.8988767843693495, 'eval_acc': 0.34, 'time': 513.931569814682}
[92mINFO [0m:      
[92mINFO [0m:      [ROUND 68/100]
[92mINFO [0m:      configure_train: Sampled 9 nodes (out of 10)
[92mINFO [0m:      aggregate_train: Received 10 results and 0 failures
[92mINFO [0m:      	└──> Aggregated MetricRecord: {'train_loss': 1.8402464206695557, 'train_time': 5.951634030230343, 'qtty_records': 10}
[92mINFO [0m:      configure_evaluate: Sampled 10 nodes (out of 10)
[92mINFO [0m:      aggregate_evaluate: Received 10 results and 0 failures
[92mINFO [0m:      	└──> Aggregated MetricRecord: {'eval_loss': 1.8637343619018796, 'eval_acc': 0.36479999999999996, 'time': 520.9928922653198}
[92mINFO [0m:      
[92mINFO [0m:      [ROUND 69/100]
[92mINFO [0m:      configure_train: Sampled 10 nodes (out of 10)
[92mINFO [0m:      aggregate_train: Received 9 results and 0 failures
[92mINFO [0m:      	└──> Aggregated MetricRecord: {'train_loss': 1.8362465969721478, 'train_time': 5.422659375394384, 'qtty_records': 9}
[92mINFO [0m:      configure_evaluate: Sampled 10 nodes (out of 10)
[92mINFO [0m:      aggregate_evaluate: Received 10 results and 0 failures
[92mINFO [0m:      	└──> Aggregated MetricRecord: {'eval_loss': 1.8383715525269513, 'eval_acc': 0.36000000000000004, 'time': 528.025716304779}
[92mINFO [0m:      
[92mINFO [0m:      [ROUND 70/100]
[92mINFO [0m:      configure_train: Sampled 9 nodes (out of 10)
[92mINFO [0m:      aggregate_train: Received 10 results and 0 failures
[92mINFO [0m:      	└──> Aggregated MetricRecord: {'train_loss': 1.8562845826148986, 'train_time': 5.952971620298922, 'qtty_records': 10}
[92mINFO [0m:      configure_evaluate: Sampled 10 nodes (out of 10)
[92mINFO [0m:      aggregate_evaluate: Received 10 results and 0 failures
[92mINFO [0m:      	└──> Aggregated MetricRecord: {'eval_loss': 1.8826649319380524, 'eval_acc': 0.3430000000000001, 'time': 535.1624574661255}
[92mINFO [0m:      
[92mINFO [0m:      [ROUND 71/100]
[92mINFO [0m:      configure_train: Sampled 10 nodes (out of 10)
[92mINFO [0m:      aggregate_train: Received 9 results and 0 failures
[92mINFO [0m:      	└──> Aggregated MetricRecord: {'train_loss': 1.834334882100423, 'train_time': 5.424828982187642, 'qtty_records': 9}
[92mINFO [0m:      configure_evaluate: Sampled 10 nodes (out of 10)
[92mINFO [0m:      aggregate_evaluate: Received 10 results and 0 failures
[92mINFO [0m:      	└──> Aggregated MetricRecord: {'eval_loss': 1.8468802191317084, 'eval_acc': 0.3589, 'time': 542.1962523460388}
[92mINFO [0m:      
[92mINFO [0m:      [ROUND 72/100]
[92mINFO [0m:      configure_train: Sampled 9 nodes (out of 10)
[92mINFO [0m:      aggregate_train: Received 10 results and 0 failures
[92mINFO [0m:      	└──> Aggregated MetricRecord: {'train_loss': 1.8749141104698182, 'train_time': 5.952006652206182, 'qtty_records': 10}
[92mINFO [0m:      configure_evaluate: Sampled 10 nodes (out of 10)
[92mINFO [0m:      aggregate_evaluate: Received 10 results and 0 failures
[92mINFO [0m:      	└──> Aggregated MetricRecord: {'eval_loss': 1.8903626441955568, 'eval_acc': 0.35209999999999997, 'time': 549.3541333675385}
[92mINFO [0m:      
[92mINFO [0m:      [ROUND 73/100]
[92mINFO [0m:      configure_train: Sampled 10 nodes (out of 10)
[92mINFO [0m:      aggregate_train: Received 9 results and 0 failures
[92mINFO [0m:      	└──> Aggregated MetricRecord: {'train_loss': 1.8221263542175292, 'train_time': 5.42407450473143, 'qtty_records': 9}
[92mINFO [0m:      configure_evaluate: Sampled 10 nodes (out of 10)
[92mINFO [0m:      aggregate_evaluate: Received 10 results and 0 failures
[92mINFO [0m:      	└──> Aggregated MetricRecord: {'eval_loss': 1.8341713085770608, 'eval_acc': 0.35490000000000005, 'time': 556.3858821392059}
[92mINFO [0m:      
[92mINFO [0m:      [ROUND 74/100]
[92mINFO [0m:      configure_train: Sampled 9 nodes (out of 10)
[92mINFO [0m:      aggregate_train: Received 10 results and 0 failures
[92mINFO [0m:      	└──> Aggregated MetricRecord: {'train_loss': 1.8274206352233886, 'train_time': 5.956881986185908, 'qtty_records': 10}
[92mINFO [0m:      configure_evaluate: Sampled 10 nodes (out of 10)
[92mINFO [0m:      aggregate_evaluate: Received 10 results and 0 failures
[92mINFO [0m:      	└──> Aggregated MetricRecord: {'eval_loss': 1.8494728147983552, 'eval_acc': 0.3566000000000001, 'time': 563.5360190868378}
[92mINFO [0m:      
[92mINFO [0m:      [ROUND 75/100]
[92mINFO [0m:      configure_train: Sampled 10 nodes (out of 10)
[92mINFO [0m:      aggregate_train: Received 9 results and 0 failures
[92mINFO [0m:      	└──> Aggregated MetricRecord: {'train_loss': 1.863880703926086, 'train_time': 5.413529139839941, 'qtty_records': 9}
[92mINFO [0m:      configure_evaluate: Sampled 10 nodes (out of 10)
[92mINFO [0m:      aggregate_evaluate: Received 10 results and 0 failures
[92mINFO [0m:      	└──> Aggregated MetricRecord: {'eval_loss': 1.8802686735987661, 'eval_acc': 0.3477, 'time': 570.5698347091675}
[92mINFO [0m:      
[92mINFO [0m:      [ROUND 76/100]
[92mINFO [0m:      configure_train: Sampled 9 nodes (out of 10)
[92mINFO [0m:      aggregate_train: Received 10 results and 0 failures
[92mINFO [0m:      	└──> Aggregated MetricRecord: {'train_loss': 1.8467008900642397, 'train_time': 5.9527777444571255, 'qtty_records': 10}
[92mINFO [0m:      configure_evaluate: Sampled 10 nodes (out of 10)
[92mINFO [0m:      aggregate_evaluate: Received 10 results and 0 failures
[92mINFO [0m:      	└──> Aggregated MetricRecord: {'eval_loss': 1.8565074667334556, 'eval_acc': 0.35340000000000005, 'time': 577.7287232875824}
[92mINFO [0m:      
[92mINFO [0m:      [ROUND 77/100]
[92mINFO [0m:      configure_train: Sampled 10 nodes (out of 10)
[92mINFO [0m:      aggregate_train: Received 9 results and 0 failures
[92mINFO [0m:      	└──> Aggregated MetricRecord: {'train_loss': 1.8567642879486081, 'train_time': 5.41002120801972, 'qtty_records': 9}
[92mINFO [0m:      configure_evaluate: Sampled 10 nodes (out of 10)
[92mINFO [0m:      aggregate_evaluate: Received 10 results and 0 failures
[92mINFO [0m:      	└──> Aggregated MetricRecord: {'eval_loss': 1.9064983181655408, 'eval_acc': 0.3448, 'time': 584.7618598937988}
[92mINFO [0m:      
[92mINFO [0m:      [ROUND 78/100]
[92mINFO [0m:      configure_train: Sampled 9 nodes (out of 10)
[92mINFO [0m:      aggregate_train: Received 10 results and 0 failures
[92mINFO [0m:      	└──> Aggregated MetricRecord: {'train_loss': 1.8549392725944518, 'train_time': 5.9644198719412085, 'qtty_records': 10}
[92mINFO [0m:      configure_evaluate: Sampled 10 nodes (out of 10)
[92mINFO [0m:      aggregate_evaluate: Received 10 results and 0 failures
[92mINFO [0m:      	└──> Aggregated MetricRecord: {'eval_loss': 1.8147741578519345, 'eval_acc': 0.37940000000000007, 'time': 591.8232762813568}
[92mINFO [0m:      
[92mINFO [0m:      [ROUND 79/100]
[92mINFO [0m:      configure_train: Sampled 10 nodes (out of 10)
[92mINFO [0m:      aggregate_train: Received 9 results and 0 failures
[92mINFO [0m:      	└──> Aggregated MetricRecord: {'train_loss': 1.8435748541090222, 'train_time': 5.4168520592566995, 'qtty_records': 9}
[92mINFO [0m:      configure_evaluate: Sampled 10 nodes (out of 10)
[92mINFO [0m:      aggregate_evaluate: Received 10 results and 0 failures
[92mINFO [0m:      	└──> Aggregated MetricRecord: {'eval_loss': 1.8478478096425537, 'eval_acc': 0.3661000000000001, 'time': 598.9796810150146}
[92mINFO [0m:      
[92mINFO [0m:      [ROUND 80/100]
[92mINFO [0m:      configure_train: Sampled 9 nodes (out of 10)
[92mINFO [0m:      aggregate_train: Received 10 results and 0 failures
[92mINFO [0m:      	└──> Aggregated MetricRecord: {'train_loss': 1.8312927228927611, 'train_time': 5.947939435020089, 'qtty_records': 10}
[92mINFO [0m:      configure_evaluate: Sampled 10 nodes (out of 10)
[92mINFO [0m:      aggregate_evaluate: Received 10 results and 0 failures
[92mINFO [0m:      	└──> Aggregated MetricRecord: {'eval_loss': 1.8156860988587145, 'eval_acc': 0.37950000000000006, 'time': 606.018501996994}
[92mINFO [0m:      
[92mINFO [0m:      [ROUND 81/100]
[92mINFO [0m:      configure_train: Sampled 10 nodes (out of 10)
[92mINFO [0m:      aggregate_train: Received 9 results and 0 failures
[92mINFO [0m:      	└──> Aggregated MetricRecord: {'train_loss': 1.8362429591284857, 'train_time': 5.442981134065324, 'qtty_records': 9}
[92mINFO [0m:      configure_evaluate: Sampled 10 nodes (out of 10)
[92mINFO [0m:      aggregate_evaluate: Received 10 results and 0 failures
[92mINFO [0m:      	└──> Aggregated MetricRecord: {'eval_loss': 1.8794053480029107, 'eval_acc': 0.3562, 'time': 613.1783473491669}
[92mINFO [0m:      
[92mINFO [0m:      [ROUND 82/100]
[92mINFO [0m:      configure_train: Sampled 9 nodes (out of 10)
[92mINFO [0m:      aggregate_train: Received 10 results and 0 failures
[92mINFO [0m:      	└──> Aggregated MetricRecord: {'train_loss': 1.851721556663513, 'train_time': 5.951278521120548, 'qtty_records': 10}
[92mINFO [0m:      configure_evaluate: Sampled 10 nodes (out of 10)
[92mINFO [0m:      aggregate_evaluate: Received 10 results and 0 failures
[92mINFO [0m:      	└──> Aggregated MetricRecord: {'eval_loss': 1.8271289650350813, 'eval_acc': 0.3824, 'time': 620.21515583992}
[92mINFO [0m:      
[92mINFO [0m:      [ROUND 83/100]
[92mINFO [0m:      configure_train: Sampled 10 nodes (out of 10)
[92mINFO [0m:      aggregate_train: Received 9 results and 0 failures
[92mINFO [0m:      	└──> Aggregated MetricRecord: {'train_loss': 1.8360006770028006, 'train_time': 5.4172984469268055, 'qtty_records': 9}
[92mINFO [0m:      configure_evaluate: Sampled 10 nodes (out of 10)
[92mINFO [0m:      aggregate_evaluate: Received 10 results and 0 failures
[92mINFO [0m:      	└──> Aggregated MetricRecord: {'eval_loss': 1.8351062580943107, 'eval_acc': 0.3698, 'time': 627.2714581489563}
[92mINFO [0m:      
[92mINFO [0m:      [ROUND 84/100]
[92mINFO [0m:      configure_train: Sampled 9 nodes (out of 10)
[92mINFO [0m:      aggregate_train: Received 10 results and 0 failures
[92mINFO [0m:      	└──> Aggregated MetricRecord: {'train_loss': 1.8449629756927493, 'train_time': 5.962186703830957, 'qtty_records': 10}
[92mINFO [0m:      configure_evaluate: Sampled 10 nodes (out of 10)
[92mINFO [0m:      aggregate_evaluate: Received 10 results and 0 failures
[92mINFO [0m:      	└──> Aggregated MetricRecord: {'eval_loss': 1.8611412037163972, 'eval_acc': 0.3631000000000001, 'time': 634.4341707229614}
[92mINFO [0m:      
[92mINFO [0m:      [ROUND 85/100]
[92mINFO [0m:      configure_train: Sampled 10 nodes (out of 10)
[92mINFO [0m:      aggregate_train: Received 9 results and 0 failures
[92mINFO [0m:      	└──> Aggregated MetricRecord: {'train_loss': 1.84416492568122, 'train_time': 5.426294033933017, 'qtty_records': 9}
[92mINFO [0m:      configure_evaluate: Sampled 10 nodes (out of 10)
[92mINFO [0m:      aggregate_evaluate: Received 10 results and 0 failures
[92mINFO [0m:      	└──> Aggregated MetricRecord: {'eval_loss': 1.8910406798124313, 'eval_acc': 0.3472, 'time': 641.4680988788605}
[92mINFO [0m:      
[92mINFO [0m:      [ROUND 86/100]
[92mINFO [0m:      configure_train: Sampled 9 nodes (out of 10)
[92mINFO [0m:      aggregate_train: Received 10 results and 0 failures
[92mINFO [0m:      	└──> Aggregated MetricRecord: {'train_loss': 1.8415406482696532, 'train_time': 5.970183352008462, 'qtty_records': 10}
[92mINFO [0m:      configure_evaluate: Sampled 10 nodes (out of 10)
[92mINFO [0m:      aggregate_evaluate: Received 10 results and 0 failures
[92mINFO [0m:      	└──> Aggregated MetricRecord: {'eval_loss': 1.8540185183286668, 'eval_acc': 0.37210000000000004, 'time': 648.6313283443451}
[92mINFO [0m:      
[92mINFO [0m:      [ROUND 87/100]
[92mINFO [0m:      configure_train: Sampled 10 nodes (out of 10)
[92mINFO [0m:      aggregate_train: Received 9 results and 0 failures
[92mINFO [0m:      	└──> Aggregated MetricRecord: {'train_loss': 1.852300576739841, 'train_time': 5.4177201595157385, 'qtty_records': 9}
[92mINFO [0m:      configure_evaluate: Sampled 10 nodes (out of 10)
[92mINFO [0m:      aggregate_evaluate: Received 10 results and 0 failures
[92mINFO [0m:      	└──> Aggregated MetricRecord: {'eval_loss': 1.9318269804120065, 'eval_acc': 0.3247000000000001, 'time': 655.6665134429932}
[92mINFO [0m:      
[92mINFO [0m:      [ROUND 88/100]
[92mINFO [0m:      configure_train: Sampled 9 nodes (out of 10)
[92mINFO [0m:      aggregate_train: Received 10 results and 0 failures
[92mINFO [0m:      	└──> Aggregated MetricRecord: {'train_loss': 1.8595033840179445, 'train_time': 5.960392143763602, 'qtty_records': 10}
[92mINFO [0m:      configure_evaluate: Sampled 10 nodes (out of 10)
[92mINFO [0m:      aggregate_evaluate: Received 10 results and 0 failures
[92mINFO [0m:      	└──> Aggregated MetricRecord: {'eval_loss': 1.8317804712802175, 'eval_acc': 0.36019999999999996, 'time': 662.8242120742798}
[92mINFO [0m:      
[92mINFO [0m:      [ROUND 89/100]
[92mINFO [0m:      configure_train: Sampled 10 nodes (out of 10)
[92mINFO [0m:      aggregate_train: Received 9 results and 0 failures
[92mINFO [0m:      	└──> Aggregated MetricRecord: {'train_loss': 1.8433012451595727, 'train_time': 5.419218862636222, 'qtty_records': 9}
[92mINFO [0m:      configure_evaluate: Sampled 10 nodes (out of 10)
[92mINFO [0m:      aggregate_evaluate: Received 10 results and 0 failures
[92mINFO [0m:      	└──> Aggregated MetricRecord: {'eval_loss': 1.8467500738799576, 'eval_acc': 0.3718000000000001, 'time': 669.8580424785614}
[92mINFO [0m:      
[92mINFO [0m:      [ROUND 90/100]
[92mINFO [0m:      configure_train: Sampled 9 nodes (out of 10)
[92mINFO [0m:      aggregate_train: Received 10 results and 0 failures
[92mINFO [0m:      	└──> Aggregated MetricRecord: {'train_loss': 1.8415879323959352, 'train_time': 5.953708445653319, 'qtty_records': 10}
[92mINFO [0m:      configure_evaluate: Sampled 10 nodes (out of 10)
[92mINFO [0m:      aggregate_evaluate: Received 10 results and 0 failures
[92mINFO [0m:      	└──> Aggregated MetricRecord: {'eval_loss': 1.8444776475429538, 'eval_acc': 0.3669, 'time': 676.9209794998169}
[92mINFO [0m:      
[92mINFO [0m:      [ROUND 91/100]
[92mINFO [0m:      configure_train: Sampled 10 nodes (out of 10)
[92mINFO [0m:      aggregate_train: Received 9 results and 0 failures
[92mINFO [0m:      	└──> Aggregated MetricRecord: {'train_loss': 1.8255752362145317, 'train_time': 5.421861083350247, 'qtty_records': 9}
[92mINFO [0m:      configure_evaluate: Sampled 10 nodes (out of 10)
[92mINFO [0m:      aggregate_evaluate: Received 10 results and 0 failures
[92mINFO [0m:      	└──> Aggregated MetricRecord: {'eval_loss': 1.812474349886179, 'eval_acc': 0.36489999999999995, 'time': 684.0617897510529}
[92mINFO [0m:      
[92mINFO [0m:      [ROUND 92/100]
[92mINFO [0m:      configure_train: Sampled 9 nodes (out of 10)
[92mINFO [0m:      aggregate_train: Received 10 results and 0 failures
[92mINFO [0m:      	└──> Aggregated MetricRecord: {'train_loss': 1.8581509261131288, 'train_time': 5.949713375978172, 'qtty_records': 10}
[92mINFO [0m:      configure_evaluate: Sampled 10 nodes (out of 10)
[92mINFO [0m:      aggregate_evaluate: Received 10 results and 0 failures
[92mINFO [0m:      	└──> Aggregated MetricRecord: {'eval_loss': 1.851890505850315, 'eval_acc': 0.3662, 'time': 691.1225700378418}
[92mINFO [0m:      
[92mINFO [0m:      [ROUND 93/100]
[92mINFO [0m:      configure_train: Sampled 10 nodes (out of 10)
[92mINFO [0m:      aggregate_train: Received 9 results and 0 failures
[92mINFO [0m:      	└──> Aggregated MetricRecord: {'train_loss': 1.861199108229743, 'train_time': 5.424447822694977, 'qtty_records': 9}
[92mINFO [0m:      configure_evaluate: Sampled 10 nodes (out of 10)
[92mINFO [0m:      aggregate_evaluate: Received 10 results and 0 failures
[92mINFO [0m:      	└──> Aggregated MetricRecord: {'eval_loss': 1.9099396515637639, 'eval_acc': 0.3428, 'time': 698.1853022575378}
[92mINFO [0m:      
[92mINFO [0m:      [ROUND 94/100]
[92mINFO [0m:      configure_train: Sampled 9 nodes (out of 10)
[92mINFO [0m:      aggregate_train: Received 10 results and 0 failures
[92mINFO [0m:      	└──> Aggregated MetricRecord: {'train_loss': 1.865237700557709, 'train_time': 5.961674655228853, 'qtty_records': 10}
[92mINFO [0m:      configure_evaluate: Sampled 10 nodes (out of 10)
[92mINFO [0m:      aggregate_evaluate: Received 10 results and 0 failures
[92mINFO [0m:      	└──> Aggregated MetricRecord: {'eval_loss': 1.8664094824343922, 'eval_acc': 0.36869999999999997, 'time': 705.3471512794495}
[92mINFO [0m:      
[92mINFO [0m:      [ROUND 95/100]
[92mINFO [0m:      configure_train: Sampled 10 nodes (out of 10)
[92mINFO [0m:      aggregate_train: Received 9 results and 0 failures
[92mINFO [0m:      	└──> Aggregated MetricRecord: {'train_loss': 1.8577263291676838, 'train_time': 5.415415762406257, 'qtty_records': 9}
[92mINFO [0m:      configure_evaluate: Sampled 10 nodes (out of 10)
[92mINFO [0m:      aggregate_evaluate: Received 10 results and 0 failures
[92mINFO [0m:      	└──> Aggregated MetricRecord: {'eval_loss': 1.846835351735354, 'eval_acc': 0.3661000000000001, 'time': 712.4083044528961}
[92mINFO [0m:      
[92mINFO [0m:      [ROUND 96/100]
[92mINFO [0m:      configure_train: Sampled 9 nodes (out of 10)
[92mINFO [0m:      aggregate_train: Received 10 results and 0 failures
[92mINFO [0m:      	└──> Aggregated MetricRecord: {'train_loss': 1.861099800109863, 'train_time': 5.9610233217477795, 'qtty_records': 10}
[92mINFO [0m:      configure_evaluate: Sampled 10 nodes (out of 10)
[92mINFO [0m:      aggregate_evaluate: Received 10 results and 0 failures
[92mINFO [0m:      	└──> Aggregated MetricRecord: {'eval_loss': 1.8525861684232952, 'eval_acc': 0.37590000000000007, 'time': 719.4706380367279}
[92mINFO [0m:      
[92mINFO [0m:      [ROUND 97/100]
[92mINFO [0m:      configure_train: Sampled 10 nodes (out of 10)
[92mINFO [0m:      aggregate_train: Received 9 results and 0 failures
[92mINFO [0m:      	└──> Aggregated MetricRecord: {'train_loss': 1.8432060707939997, 'train_time': 5.424546179672082, 'qtty_records': 9}
[92mINFO [0m:      configure_evaluate: Sampled 10 nodes (out of 10)
[92mINFO [0m:      aggregate_evaluate: Received 10 results and 0 failures
[92mINFO [0m:      	└──> Aggregated MetricRecord: {'eval_loss': 1.8312569528818132, 'eval_acc': 0.3669, 'time': 726.6113827228546}
[92mINFO [0m:      
[92mINFO [0m:      [ROUND 98/100]
[92mINFO [0m:      configure_train: Sampled 9 nodes (out of 10)
[92mINFO [0m:      aggregate_train: Received 10 results and 0 failures
[92mINFO [0m:      	└──> Aggregated MetricRecord: {'train_loss': 1.8566563262939457, 'train_time': 5.957201152853668, 'qtty_records': 10}
[92mINFO [0m:      configure_evaluate: Sampled 10 nodes (out of 10)
[92mINFO [0m:      aggregate_evaluate: Received 10 results and 0 failures
[92mINFO [0m:      	└──> Aggregated MetricRecord: {'eval_loss': 1.8842681553214788, 'eval_acc': 0.34600000000000003, 'time': 733.6678783893585}
[92mINFO [0m:      
[92mINFO [0m:      [ROUND 99/100]
[92mINFO [0m:      configure_train: Sampled 10 nodes (out of 10)
[92mINFO [0m:      aggregate_train: Received 9 results and 0 failures
[92mINFO [0m:      	└──> Aggregated MetricRecord: {'train_loss': 1.8450416839387682, 'train_time': 5.41149483455552, 'qtty_records': 9}
[92mINFO [0m:      configure_evaluate: Sampled 10 nodes (out of 10)
[92mINFO [0m:      aggregate_evaluate: Received 10 results and 0 failures
[92mINFO [0m:      	└──> Aggregated MetricRecord: {'eval_loss': 1.8678349368274214, 'eval_acc': 0.3576, 'time': 740.8129062652588}
[92mINFO [0m:      
[92mINFO [0m:      [ROUND 100/100]
[92mINFO [0m:      configure_train: Sampled 9 nodes (out of 10)
[92mINFO [0m:      aggregate_train: Received 10 results and 0 failures
[92mINFO [0m:      	└──> Aggregated MetricRecord: {'train_loss': 1.8485046077728273, 'train_time': 5.958909067697823, 'qtty_records': 10}
[92mINFO [0m:      configure_evaluate: Sampled 10 nodes (out of 10)
[92mINFO [0m:      aggregate_evaluate: Received 10 results and 0 failures
[92mINFO [0m:      	└──> Aggregated MetricRecord: {'eval_loss': 1.8793602097779516, 'eval_acc': 0.35440000000000005, 'time': 747.8494029045105}
[92mINFO [0m:      
[92mINFO [0m:      Strategy execution finished in 747.85s
[92mINFO [0m:      
[92mINFO [0m:      Final results:
[92mINFO [0m:      
[92mINFO [0m:      	Global Arrays:
[92mINFO [0m:      		ArrayRecord (0.238 MB)
[92mINFO [0m:      	
[92mINFO [0m:      	Aggregated ClientApp-side Train Metrics:
[92mINFO [0m:      	{ 1: { 'qtty_records': '9',
[92mINFO [0m:      	       'train_loss': '2.2077e+00',
[92mINFO [0m:      	       'train_time': '7.3687e+00'},
[92mINFO [0m:      	  2: { 'qtty_records': '10',
[92mINFO [0m:      	       'train_loss': '2.1274e+00',
[92mINFO [0m:      	       'train_time': '6.1437e+00'},
[92mINFO [0m:      	  3: { 'qtty_records': '9',
[92mINFO [0m:      	       'train_loss': '2.0532e+00',
[92mINFO [0m:      	       'train_time': '5.4188e+00'},
[92mINFO [0m:      	  4: { 'qtty_records': '10',
[92mINFO [0m:      	       'train_loss': '2.0189e+00',
[92mINFO [0m:      	       'train_time': '5.9642e+00'},
[92mINFO [0m:      	  5: { 'qtty_records': '9',
[92mINFO [0m:      	       'train_loss': '1.9970e+00',
[92mINFO [0m:      	       'train_time': '5.4160e+00'},
[92mINFO [0m:      	  6: { 'qtty_records': '10',
[92mINFO [0m:      	       'train_loss': '1.9815e+00',
[92mINFO [0m:      	       'train_time': '5.9634e+00'},
[92mINFO [0m:      	  7: { 'qtty_records': '9',
[92mINFO [0m:      	       'train_loss': '1.9619e+00',
[92mINFO [0m:      	       'train_time': '5.4083e+00'},
[92mINFO [0m:      	  8: { 'qtty_records': '10',
[92mINFO [0m:      	       'train_loss': '1.9564e+00',
[92mINFO [0m:      	       'train_time': '5.9555e+00'},
[92mINFO [0m:      	  9: { 'qtty_records': '9',
[92mINFO [0m:      	       'train_loss': '1.9481e+00',
[92mINFO [0m:      	       'train_time': '5.4332e+00'},
[92mINFO [0m:      	  10: { 'qtty_records': '10',
[92mINFO [0m:      	        'train_loss': '1.9354e+00',
[92mINFO [0m:      	        'train_time': '5.9662e+00'},
[92mINFO [0m:      	  11: { 'qtty_records': '9',
[92mINFO [0m:      	        'train_loss': '1.9333e+00',
[92mINFO [0m:      	        'train_time': '5.4248e+00'},
[92mINFO [0m:      	  12: { 'qtty_records': '10',
[92mINFO [0m:      	        'train_loss': '1.9371e+00',
[92mINFO [0m:      	        'train_time': '5.9785e+00'},
[92mINFO [0m:      	  13: { 'qtty_records': '9',
[92mINFO [0m:      	        'train_loss': '1.9189e+00',
[92mINFO [0m:      	        'train_time': '5.4207e+00'},
[92mINFO [0m:      	  14: { 'qtty_records': '10',
[92mINFO [0m:      	        'train_loss': '1.9150e+00',
[92mINFO [0m:      	        'train_time': '5.9737e+00'},
[92mINFO [0m:      	  15: { 'qtty_records': '9',
[92mINFO [0m:      	        'train_loss': '1.9116e+00',
[92mINFO [0m:      	        'train_time': '5.4319e+00'},
[92mINFO [0m:      	  16: { 'qtty_records': '10',
[92mINFO [0m:      	        'train_loss': '1.9168e+00',
[92mINFO [0m:      	        'train_time': '5.9600e+00'},
[92mINFO [0m:      	  17: { 'qtty_records': '9',
[92mINFO [0m:      	        'train_loss': '1.9169e+00',
[92mINFO [0m:      	        'train_time': '5.4262e+00'},
[92mINFO [0m:      	  18: { 'qtty_records': '10',
[92mINFO [0m:      	        'train_loss': '1.9009e+00',
[92mINFO [0m:      	        'train_time': '5.9739e+00'},
[92mINFO [0m:      	  19: { 'qtty_records': '9',
[92mINFO [0m:      	        'train_loss': '1.8862e+00',
[92mINFO [0m:      	        'train_time': '5.4199e+00'},
[92mINFO [0m:      	  20: { 'qtty_records': '10',
[92mINFO [0m:      	        'train_loss': '1.9131e+00',
[92mINFO [0m:      	        'train_time': '5.9647e+00'},
[92mINFO [0m:      	  21: { 'qtty_records': '9',
[92mINFO [0m:      	        'train_loss': '1.9084e+00',
[92mINFO [0m:      	        'train_time': '5.4256e+00'},
[92mINFO [0m:      	  22: { 'qtty_records': '10',
[92mINFO [0m:      	        'train_loss': '1.8922e+00',
[92mINFO [0m:      	        'train_time': '5.9505e+00'},
[92mINFO [0m:      	  23: { 'qtty_records': '9',
[92mINFO [0m:      	        'train_loss': '1.8733e+00',
[92mINFO [0m:      	        'train_time': '5.4279e+00'},
[92mINFO [0m:      	  24: { 'qtty_records': '10',
[92mINFO [0m:      	        'train_loss': '1.8786e+00',
[92mINFO [0m:      	        'train_time': '5.9699e+00'},
[92mINFO [0m:      	  25: { 'qtty_records': '9',
[92mINFO [0m:      	        'train_loss': '1.8825e+00',
[92mINFO [0m:      	        'train_time': '5.4263e+00'},
[92mINFO [0m:      	  26: { 'qtty_records': '10',
[92mINFO [0m:      	        'train_loss': '1.8824e+00',
[92mINFO [0m:      	        'train_time': '5.9702e+00'},
[92mINFO [0m:      	  27: { 'qtty_records': '9',
[92mINFO [0m:      	        'train_loss': '1.8674e+00',
[92mINFO [0m:      	        'train_time': '5.4225e+00'},
[92mINFO [0m:      	  28: { 'qtty_records': '10',
[92mINFO [0m:      	        'train_loss': '1.8615e+00',
[92mINFO [0m:      	        'train_time': '5.9621e+00'},
[92mINFO [0m:      	  29: { 'qtty_records': '9',
[92mINFO [0m:      	        'train_loss': '1.8647e+00',
[92mINFO [0m:      	        'train_time': '5.4282e+00'},
[92mINFO [0m:      	  30: { 'qtty_records': '10',
[92mINFO [0m:      	        'train_loss': '1.8630e+00',
[92mINFO [0m:      	        'train_time': '5.9532e+00'},
[92mINFO [0m:      	  31: { 'qtty_records': '9',
[92mINFO [0m:      	        'train_loss': '1.8762e+00',
[92mINFO [0m:      	        'train_time': '5.4063e+00'},
[92mINFO [0m:      	  32: { 'qtty_records': '10',
[92mINFO [0m:      	        'train_loss': '1.8617e+00',
[92mINFO [0m:      	        'train_time': '5.9588e+00'},
[92mINFO [0m:      	  33: { 'qtty_records': '9',
[92mINFO [0m:      	        'train_loss': '1.8740e+00',
[92mINFO [0m:      	        'train_time': '5.4205e+00'},
[92mINFO [0m:      	  34: { 'qtty_records': '10',
[92mINFO [0m:      	        'train_loss': '1.8653e+00',
[92mINFO [0m:      	        'train_time': '5.9689e+00'},
[92mINFO [0m:      	  35: { 'qtty_records': '9',
[92mINFO [0m:      	        'train_loss': '1.8556e+00',
[92mINFO [0m:      	        'train_time': '5.4143e+00'},
[92mINFO [0m:      	  36: { 'qtty_records': '10',
[92mINFO [0m:      	        'train_loss': '1.8545e+00',
[92mINFO [0m:      	        'train_time': '5.9455e+00'},
[92mINFO [0m:      	  37: { 'qtty_records': '9',
[92mINFO [0m:      	        'train_loss': '1.8593e+00',
[92mINFO [0m:      	        'train_time': '5.4208e+00'},
[92mINFO [0m:      	  38: { 'qtty_records': '10',
[92mINFO [0m:      	        'train_loss': '1.8398e+00',
[92mINFO [0m:      	        'train_time': '5.9613e+00'},
[92mINFO [0m:      	  39: { 'qtty_records': '9',
[92mINFO [0m:      	        'train_loss': '1.8427e+00',
[92mINFO [0m:      	        'train_time': '5.4257e+00'},
[92mINFO [0m:      	  40: { 'qtty_records': '10',
[92mINFO [0m:      	        'train_loss': '1.8507e+00',
[92mINFO [0m:      	        'train_time': '5.9506e+00'},
[92mINFO [0m:      	  41: { 'qtty_records': '9',
[92mINFO [0m:      	        'train_loss': '1.8403e+00',
[92mINFO [0m:      	        'train_time': '5.4115e+00'},
[92mINFO [0m:      	  42: { 'qtty_records': '10',
[92mINFO [0m:      	        'train_loss': '1.8394e+00',
[92mINFO [0m:      	        'train_time': '5.9702e+00'},
[92mINFO [0m:      	  43: { 'qtty_records': '9',
[92mINFO [0m:      	        'train_loss': '1.8453e+00',
[92mINFO [0m:      	        'train_time': '5.4227e+00'},
[92mINFO [0m:      	  44: { 'qtty_records': '10',
[92mINFO [0m:      	        'train_loss': '1.8513e+00',
[92mINFO [0m:      	        'train_time': '5.9626e+00'},
[92mINFO [0m:      	  45: { 'qtty_records': '9',
[92mINFO [0m:      	        'train_loss': '1.8407e+00',
[92mINFO [0m:      	        'train_time': '5.4212e+00'},
[92mINFO [0m:      	  46: { 'qtty_records': '10',
[92mINFO [0m:      	        'train_loss': '1.8388e+00',
[92mINFO [0m:      	        'train_time': '5.9596e+00'},
[92mINFO [0m:      	  47: { 'qtty_records': '9',
[92mINFO [0m:      	        'train_loss': '1.8419e+00',
[92mINFO [0m:      	        'train_time': '5.4345e+00'},
[92mINFO [0m:      	  48: { 'qtty_records': '10',
[92mINFO [0m:      	        'train_loss': '1.8623e+00',
[92mINFO [0m:      	        'train_time': '5.9572e+00'},
[92mINFO [0m:      	  49: { 'qtty_records': '9',
[92mINFO [0m:      	        'train_loss': '1.8346e+00',
[92mINFO [0m:      	        'train_time': '5.4229e+00'},
[92mINFO [0m:      	  50: { 'qtty_records': '10',
[92mINFO [0m:      	        'train_loss': '1.8558e+00',
[92mINFO [0m:      	        'train_time': '5.9585e+00'},
[92mINFO [0m:      	  51: { 'qtty_records': '9',
[92mINFO [0m:      	        'train_loss': '1.8514e+00',
[92mINFO [0m:      	        'train_time': '5.4261e+00'},
[92mINFO [0m:      	  52: { 'qtty_records': '10',
[92mINFO [0m:      	        'train_loss': '1.8598e+00',
[92mINFO [0m:      	        'train_time': '5.9597e+00'},
[92mINFO [0m:      	  53: { 'qtty_records': '9',
[92mINFO [0m:      	        'train_loss': '1.8537e+00',
[92mINFO [0m:      	        'train_time': '5.4211e+00'},
[92mINFO [0m:      	  54: { 'qtty_records': '10',
[92mINFO [0m:      	        'train_loss': '1.8683e+00',
[92mINFO [0m:      	        'train_time': '5.9532e+00'},
[92mINFO [0m:      	  55: { 'qtty_records': '9',
[92mINFO [0m:      	        'train_loss': '1.8583e+00',
[92mINFO [0m:      	        'train_time': '5.4229e+00'},
[92mINFO [0m:      	  56: { 'qtty_records': '10',
[92mINFO [0m:      	        'train_loss': '1.8515e+00',
[92mINFO [0m:      	        'train_time': '5.9459e+00'},
[92mINFO [0m:      	  57: { 'qtty_records': '9',
[92mINFO [0m:      	        'train_loss': '1.8288e+00',
[92mINFO [0m:      	        'train_time': '5.4210e+00'},
[92mINFO [0m:      	  58: { 'qtty_records': '10',
[92mINFO [0m:      	        'train_loss': '1.8402e+00',
[92mINFO [0m:      	        'train_time': '5.9792e+00'},
[92mINFO [0m:      	  59: { 'qtty_records': '9',
[92mINFO [0m:      	        'train_loss': '1.8402e+00',
[92mINFO [0m:      	        'train_time': '5.4226e+00'},
[92mINFO [0m:      	  60: { 'qtty_records': '10',
[92mINFO [0m:      	        'train_loss': '1.8532e+00',
[92mINFO [0m:      	        'train_time': '5.9709e+00'},
[92mINFO [0m:      	  61: { 'qtty_records': '9',
[92mINFO [0m:      	        'train_loss': '1.8379e+00',
[92mINFO [0m:      	        'train_time': '5.4275e+00'},
[92mINFO [0m:      	  62: { 'qtty_records': '10',
[92mINFO [0m:      	        'train_loss': '1.8467e+00',
[92mINFO [0m:      	        'train_time': '5.9640e+00'},
[92mINFO [0m:      	  63: { 'qtty_records': '9',
[92mINFO [0m:      	        'train_loss': '1.8420e+00',
[92mINFO [0m:      	        'train_time': '5.4255e+00'},
[92mINFO [0m:      	  64: { 'qtty_records': '10',
[92mINFO [0m:      	        'train_loss': '1.8507e+00',
[92mINFO [0m:      	        'train_time': '5.9792e+00'},
[92mINFO [0m:      	  65: { 'qtty_records': '9',
[92mINFO [0m:      	        'train_loss': '1.8675e+00',
[92mINFO [0m:      	        'train_time': '5.4330e+00'},
[92mINFO [0m:      	  66: { 'qtty_records': '10',
[92mINFO [0m:      	        'train_loss': '1.8381e+00',
[92mINFO [0m:      	        'train_time': '5.9447e+00'},
[92mINFO [0m:      	  67: { 'qtty_records': '9',
[92mINFO [0m:      	        'train_loss': '1.8535e+00',
[92mINFO [0m:      	        'train_time': '5.4197e+00'},
[92mINFO [0m:      	  68: { 'qtty_records': '10',
[92mINFO [0m:      	        'train_loss': '1.8402e+00',
[92mINFO [0m:      	        'train_time': '5.9516e+00'},
[92mINFO [0m:      	  69: { 'qtty_records': '9',
[92mINFO [0m:      	        'train_loss': '1.8362e+00',
[92mINFO [0m:      	        'train_time': '5.4227e+00'},
[92mINFO [0m:      	  70: { 'qtty_records': '10',
[92mINFO [0m:      	        'train_loss': '1.8563e+00',
[92mINFO [0m:      	        'train_time': '5.9530e+00'},
[92mINFO [0m:      	  71: { 'qtty_records': '9',
[92mINFO [0m:      	        'train_loss': '1.8343e+00',
[92mINFO [0m:      	        'train_time': '5.4248e+00'},
[92mINFO [0m:      	  72: { 'qtty_records': '10',
[92mINFO [0m:      	        'train_loss': '1.8749e+00',
[92mINFO [0m:      	        'train_time': '5.9520e+00'},
[92mINFO [0m:      	  73: { 'qtty_records': '9',
[92mINFO [0m:      	        'train_loss': '1.8221e+00',
[92mINFO [0m:      	        'train_time': '5.4241e+00'},
[92mINFO [0m:      	  74: { 'qtty_records': '10',
[92mINFO [0m:      	        'train_loss': '1.8274e+00',
[92mINFO [0m:      	        'train_time': '5.9569e+00'},
[92mINFO [0m:      	  75: { 'qtty_records': '9',
[92mINFO [0m:      	        'train_loss': '1.8639e+00',
[92mINFO [0m:      	        'train_time': '5.4135e+00'},
[92mINFO [0m:      	  76: { 'qtty_records': '10',
[92mINFO [0m:      	        'train_loss': '1.8467e+00',
[92mINFO [0m:      	        'train_time': '5.9528e+00'},
[92mINFO [0m:      	  77: { 'qtty_records': '9',
[92mINFO [0m:      	        'train_loss': '1.8568e+00',
[92mINFO [0m:      	        'train_time': '5.4100e+00'},
[92mINFO [0m:      	  78: { 'qtty_records': '10',
[92mINFO [0m:      	        'train_loss': '1.8549e+00',
[92mINFO [0m:      	        'train_time': '5.9644e+00'},
[92mINFO [0m:      	  79: { 'qtty_records': '9',
[92mINFO [0m:      	        'train_loss': '1.8436e+00',
[92mINFO [0m:      	        'train_time': '5.4169e+00'},
[92mINFO [0m:      	  80: { 'qtty_records': '10',
[92mINFO [0m:      	        'train_loss': '1.8313e+00',
[92mINFO [0m:      	        'train_time': '5.9479e+00'},
[92mINFO [0m:      	  81: { 'qtty_records': '9',
[92mINFO [0m:      	        'train_loss': '1.8362e+00',
[92mINFO [0m:      	        'train_time': '5.4430e+00'},
[92mINFO [0m:      	  82: { 'qtty_records': '10',
[92mINFO [0m:      	        'train_loss': '1.8517e+00',
[92mINFO [0m:      	        'train_time': '5.9513e+00'},
[92mINFO [0m:      	  83: { 'qtty_records': '9',
[92mINFO [0m:      	        'train_loss': '1.8360e+00',
[92mINFO [0m:      	        'train_time': '5.4173e+00'},
[92mINFO [0m:      	  84: { 'qtty_records': '10',
[92mINFO [0m:      	        'train_loss': '1.8450e+00',
[92mINFO [0m:      	        'train_time': '5.9622e+00'},
[92mINFO [0m:      	  85: { 'qtty_records': '9',
[92mINFO [0m:      	        'train_loss': '1.8442e+00',
[92mINFO [0m:      	        'train_time': '5.4263e+00'},
[92mINFO [0m:      	  86: { 'qtty_records': '10',
[92mINFO [0m:      	        'train_loss': '1.8415e+00',
[92mINFO [0m:      	        'train_time': '5.9702e+00'},
[92mINFO [0m:      	  87: { 'qtty_records': '9',
[92mINFO [0m:      	        'train_loss': '1.8523e+00',
[92mINFO [0m:      	        'train_time': '5.4177e+00'},
[92mINFO [0m:      	  88: { 'qtty_records': '10',
[92mINFO [0m:      	        'train_loss': '1.8595e+00',
[92mINFO [0m:      	        'train_time': '5.9604e+00'},
[92mINFO [0m:      	  89: { 'qtty_records': '9',
[92mINFO [0m:      	        'train_loss': '1.8433e+00',
[92mINFO [0m:      	        'train_time': '5.4192e+00'},
[92mINFO [0m:      	  90: { 'qtty_records': '10',
[92mINFO [0m:      	        'train_loss': '1.8416e+00',
[92mINFO [0m:      	        'train_time': '5.9537e+00'},
[92mINFO [0m:      	  91: { 'qtty_records': '9',
[92mINFO [0m:      	        'train_loss': '1.8256e+00',
[92mINFO [0m:      	        'train_time': '5.4219e+00'},
[92mINFO [0m:      	  92: { 'qtty_records': '10',
[92mINFO [0m:      	        'train_loss': '1.8582e+00',
[92mINFO [0m:      	        'train_time': '5.9497e+00'},
[92mINFO [0m:      	  93: { 'qtty_records': '9',
[92mINFO [0m:      	        'train_loss': '1.8612e+00',
[92mINFO [0m:      	        'train_time': '5.4244e+00'},
[92mINFO [0m:      	  94: { 'qtty_records': '10',
[92mINFO [0m:      	        'train_loss': '1.8652e+00',
[92mINFO [0m:      	        'train_time': '5.9617e+00'},
[92mINFO [0m:      	  95: { 'qtty_records': '9',
[92mINFO [0m:      	        'train_loss': '1.8577e+00',
[92mINFO [0m:      	        'train_time': '5.4154e+00'},
[92mINFO [0m:      	  96: { 'qtty_records': '10',
[92mINFO [0m:      	        'train_loss': '1.8611e+00',
[92mINFO [0m:      	        'train_time': '5.9610e+00'},
[92mINFO [0m:      	  97: { 'qtty_records': '9',
[92mINFO [0m:      	        'train_loss': '1.8432e+00',
[92mINFO [0m:      	        'train_time': '5.4245e+00'},
[92mINFO [0m:      	  98: { 'qtty_records': '10',
[92mINFO [0m:      	        'train_loss': '1.8567e+00',
[92mINFO [0m:      	        'train_time': '5.9572e+00'},
[92mINFO [0m:      	  99: { 'qtty_records': '9',
[92mINFO [0m:      	        'train_loss': '1.8450e+00',
[92mINFO [0m:      	        'train_time': '5.4115e+00'},
[92mINFO [0m:      	  100: { 'qtty_records': '10',
[92mINFO [0m:      	         'train_loss': '1.8485e+00',
[92mINFO [0m:      	         'train_time': '5.9589e+00'}}
[92mINFO [0m:      	
[92mINFO [0m:      	Aggregated ClientApp-side Evaluate Metrics:
[92mINFO [0m:      	{ 1: { 'eval_acc': '9.4200e-02',
[92mINFO [0m:      	       'eval_loss': '2.3747e+00',
[92mINFO [0m:      	       'time': '4.4631e+01'},
[92mINFO [0m:      	  2: { 'eval_acc': '1.5310e-01',
[92mINFO [0m:      	       'eval_loss': '2.2481e+00',
[92mINFO [0m:      	       'time': '5.1693e+01'},
[92mINFO [0m:      	  3: { 'eval_acc': '1.7540e-01',
[92mINFO [0m:      	       'eval_loss': '2.1711e+00',
[92mINFO [0m:      	       'time': '5.8825e+01'},
[92mINFO [0m:      	  4: { 'eval_acc': '1.8050e-01',
[92mINFO [0m:      	       'eval_loss': '2.1951e+00',
[92mINFO [0m:      	       'time': '6.5882e+01'},
[92mINFO [0m:      	  5: { 'eval_acc': '2.3840e-01',
[92mINFO [0m:      	       'eval_loss': '2.0579e+00',
[92mINFO [0m:      	       'time': '7.2926e+01'},
[92mINFO [0m:      	  6: { 'eval_acc': '2.3860e-01',
[92mINFO [0m:      	       'eval_loss': '2.0750e+00',
[92mINFO [0m:      	       'time': '8.0102e+01'},
[92mINFO [0m:      	  7: { 'eval_acc': '2.5590e-01',
[92mINFO [0m:      	       'eval_loss': '2.0276e+00',
[92mINFO [0m:      	       'time': '8.7136e+01'},
[92mINFO [0m:      	  8: { 'eval_acc': '2.5870e-01',
[92mINFO [0m:      	       'eval_loss': '2.0455e+00',
[92mINFO [0m:      	       'time': '9.4774e+01'},
[92mINFO [0m:      	  9: { 'eval_acc': '2.6990e-01',
[92mINFO [0m:      	       'eval_loss': '2.0028e+00',
[92mINFO [0m:      	       'time': '1.0181e+02'},
[92mINFO [0m:      	  10: { 'eval_acc': '2.7000e-01',
[92mINFO [0m:      	        'eval_loss': '2.0251e+00',
[92mINFO [0m:      	        'time': '1.0897e+02'},
[92mINFO [0m:      	  11: { 'eval_acc': '2.7200e-01',
[92mINFO [0m:      	        'eval_loss': '2.0077e+00',
[92mINFO [0m:      	        'time': '1.1600e+02'},
[92mINFO [0m:      	  12: { 'eval_acc': '2.9530e-01',
[92mINFO [0m:      	        'eval_loss': '1.9747e+00',
[92mINFO [0m:      	        'time': '1.2316e+02'},
[92mINFO [0m:      	  13: { 'eval_acc': '2.9770e-01',
[92mINFO [0m:      	        'eval_loss': '1.9623e+00',
[92mINFO [0m:      	        'time': '1.3019e+02'},
[92mINFO [0m:      	  14: { 'eval_acc': '2.8020e-01',
[92mINFO [0m:      	        'eval_loss': '1.9921e+00',
[92mINFO [0m:      	        'time': '1.3734e+02'},
[92mINFO [0m:      	  15: { 'eval_acc': '3.0720e-01',
[92mINFO [0m:      	        'eval_loss': '1.9552e+00',
[92mINFO [0m:      	        'time': '1.4439e+02'},
[92mINFO [0m:      	  16: { 'eval_acc': '2.8760e-01',
[92mINFO [0m:      	        'eval_loss': '1.9965e+00',
[92mINFO [0m:      	        'time': '1.5155e+02'},
[92mINFO [0m:      	  17: { 'eval_acc': '2.7970e-01',
[92mINFO [0m:      	        'eval_loss': '2.0374e+00',
[92mINFO [0m:      	        'time': '1.5858e+02'},
[92mINFO [0m:      	  18: { 'eval_acc': '3.1010e-01',
[92mINFO [0m:      	        'eval_loss': '1.9293e+00',
[92mINFO [0m:      	        'time': '1.6564e+02'},
[92mINFO [0m:      	  19: { 'eval_acc': '3.1750e-01',
[92mINFO [0m:      	        'eval_loss': '1.9242e+00',
[92mINFO [0m:      	        'time': '1.7280e+02'},
[92mINFO [0m:      	  20: { 'eval_acc': '2.7790e-01',
[92mINFO [0m:      	        'eval_loss': '2.0074e+00',
[92mINFO [0m:      	        'time': '1.7993e+02'},
[92mINFO [0m:      	  21: { 'eval_acc': '3.0070e-01',
[92mINFO [0m:      	        'eval_loss': '1.9732e+00',
[92mINFO [0m:      	        'time': '1.8709e+02'},
[92mINFO [0m:      	  22: { 'eval_acc': '3.1520e-01',
[92mINFO [0m:      	        'eval_loss': '1.9320e+00',
[92mINFO [0m:      	        'time': '1.9426e+02'},
[92mINFO [0m:      	  23: { 'eval_acc': '3.3090e-01',
[92mINFO [0m:      	        'eval_loss': '1.9143e+00',
[92mINFO [0m:      	        'time': '2.0131e+02'},
[92mINFO [0m:      	  24: { 'eval_acc': '3.1060e-01',
[92mINFO [0m:      	        'eval_loss': '1.9301e+00',
[92mINFO [0m:      	        'time': '2.0845e+02'},
[92mINFO [0m:      	  25: { 'eval_acc': '3.1010e-01',
[92mINFO [0m:      	        'eval_loss': '1.9352e+00',
[92mINFO [0m:      	        'time': '2.1550e+02'},
[92mINFO [0m:      	  26: { 'eval_acc': '3.1050e-01',
[92mINFO [0m:      	        'eval_loss': '1.9027e+00',
[92mINFO [0m:      	        'time': '2.2264e+02'},
[92mINFO [0m:      	  27: { 'eval_acc': '3.3590e-01',
[92mINFO [0m:      	        'eval_loss': '1.8650e+00',
[92mINFO [0m:      	        'time': '2.2967e+02'},
[92mINFO [0m:      	  28: { 'eval_acc': '3.3520e-01',
[92mINFO [0m:      	        'eval_loss': '1.8931e+00',
[92mINFO [0m:      	        'time': '2.3682e+02'},
[92mINFO [0m:      	  29: { 'eval_acc': '3.3300e-01',
[92mINFO [0m:      	        'eval_loss': '1.9119e+00',
[92mINFO [0m:      	        'time': '2.4388e+02'},
[92mINFO [0m:      	  30: { 'eval_acc': '3.3840e-01',
[92mINFO [0m:      	        'eval_loss': '1.9088e+00',
[92mINFO [0m:      	        'time': '2.5103e+02'},
[92mINFO [0m:      	  31: { 'eval_acc': '3.3100e-01',
[92mINFO [0m:      	        'eval_loss': '1.9343e+00',
[92mINFO [0m:      	        'time': '2.5819e+02'},
[92mINFO [0m:      	  32: { 'eval_acc': '3.2940e-01',
[92mINFO [0m:      	        'eval_loss': '1.9051e+00',
[92mINFO [0m:      	        'time': '2.6525e+02'},
[92mINFO [0m:      	  33: { 'eval_acc': '3.1190e-01',
[92mINFO [0m:      	        'eval_loss': '1.9239e+00',
[92mINFO [0m:      	        'time': '2.7241e+02'},
[92mINFO [0m:      	  34: { 'eval_acc': '3.3630e-01',
[92mINFO [0m:      	        'eval_loss': '1.8966e+00',
[92mINFO [0m:      	        'time': '2.7957e+02'},
[92mINFO [0m:      	  35: { 'eval_acc': '3.4470e-01',
[92mINFO [0m:      	        'eval_loss': '1.8580e+00',
[92mINFO [0m:      	        'time': '2.8662e+02'},
[92mINFO [0m:      	  36: { 'eval_acc': '3.5430e-01',
[92mINFO [0m:      	        'eval_loss': '1.8477e+00',
[92mINFO [0m:      	        'time': '2.9369e+02'},
[92mINFO [0m:      	  37: { 'eval_acc': '3.3820e-01',
[92mINFO [0m:      	        'eval_loss': '1.8639e+00',
[92mINFO [0m:      	        'time': '3.0083e+02'},
[92mINFO [0m:      	  38: { 'eval_acc': '3.3730e-01',
[92mINFO [0m:      	        'eval_loss': '1.8762e+00',
[92mINFO [0m:      	        'time': '3.0799e+02'},
[92mINFO [0m:      	  39: { 'eval_acc': '3.3640e-01',
[92mINFO [0m:      	        'eval_loss': '1.8598e+00',
[92mINFO [0m:      	        'time': '3.1512e+02'},
[92mINFO [0m:      	  40: { 'eval_acc': '3.3290e-01',
[92mINFO [0m:      	        'eval_loss': '1.8611e+00',
[92mINFO [0m:      	        'time': '3.2218e+02'},
[92mINFO [0m:      	  41: { 'eval_acc': '3.3920e-01',
[92mINFO [0m:      	        'eval_loss': '1.8612e+00',
[92mINFO [0m:      	        'time': '3.2932e+02'},
[92mINFO [0m:      	  42: { 'eval_acc': '3.2520e-01',
[92mINFO [0m:      	        'eval_loss': '1.8839e+00',
[92mINFO [0m:      	        'time': '3.3638e+02'},
[92mINFO [0m:      	  43: { 'eval_acc': '3.3250e-01',
[92mINFO [0m:      	        'eval_loss': '1.9136e+00',
[92mINFO [0m:      	        'time': '3.4354e+02'},
[92mINFO [0m:      	  44: { 'eval_acc': '3.3280e-01',
[92mINFO [0m:      	        'eval_loss': '1.8622e+00',
[92mINFO [0m:      	        'time': '3.5068e+02'},
[92mINFO [0m:      	  45: { 'eval_acc': '3.4230e-01',
[92mINFO [0m:      	        'eval_loss': '1.8976e+00',
[92mINFO [0m:      	        'time': '3.5782e+02'},
[92mINFO [0m:      	  46: { 'eval_acc': '3.5210e-01',
[92mINFO [0m:      	        'eval_loss': '1.8410e+00',
[92mINFO [0m:      	        'time': '3.6498e+02'},
[92mINFO [0m:      	  47: { 'eval_acc': '3.3270e-01',
[92mINFO [0m:      	        'eval_loss': '1.8763e+00',
[92mINFO [0m:      	        'time': '3.7214e+02'},
[92mINFO [0m:      	  48: { 'eval_acc': '3.1510e-01',
[92mINFO [0m:      	        'eval_loss': '1.9442e+00',
[92mINFO [0m:      	        'time': '3.7921e+02'},
[92mINFO [0m:      	  49: { 'eval_acc': '3.5910e-01',
[92mINFO [0m:      	        'eval_loss': '1.8286e+00',
[92mINFO [0m:      	        'time': '3.8634e+02'},
[92mINFO [0m:      	  50: { 'eval_acc': '3.4110e-01',
[92mINFO [0m:      	        'eval_loss': '1.8611e+00',
[92mINFO [0m:      	        'time': '3.9348e+02'},
[92mINFO [0m:      	  51: { 'eval_acc': '3.4590e-01',
[92mINFO [0m:      	        'eval_loss': '1.8681e+00',
[92mINFO [0m:      	        'time': '4.0061e+02'},
[92mINFO [0m:      	  52: { 'eval_acc': '3.4370e-01',
[92mINFO [0m:      	        'eval_loss': '1.8826e+00',
[92mINFO [0m:      	        'time': '4.0767e+02'},
[92mINFO [0m:      	  53: { 'eval_acc': '3.2710e-01',
[92mINFO [0m:      	        'eval_loss': '1.9104e+00',
[92mINFO [0m:      	        'time': '4.1480e+02'},
[92mINFO [0m:      	  54: { 'eval_acc': '3.5050e-01',
[92mINFO [0m:      	        'eval_loss': '1.8761e+00',
[92mINFO [0m:      	        'time': '4.2184e+02'},
[92mINFO [0m:      	  55: { 'eval_acc': '3.2670e-01',
[92mINFO [0m:      	        'eval_loss': '1.8796e+00',
[92mINFO [0m:      	        'time': '4.2890e+02'},
[92mINFO [0m:      	  56: { 'eval_acc': '3.7330e-01',
[92mINFO [0m:      	        'eval_loss': '1.8249e+00',
[92mINFO [0m:      	        'time': '4.3607e+02'},
[92mINFO [0m:      	  57: { 'eval_acc': '3.6040e-01',
[92mINFO [0m:      	        'eval_loss': '1.8555e+00',
[92mINFO [0m:      	        'time': '4.4310e+02'},
[92mINFO [0m:      	  58: { 'eval_acc': '3.4300e-01',
[92mINFO [0m:      	        'eval_loss': '1.8793e+00',
[92mINFO [0m:      	        'time': '4.5027e+02'},
[92mINFO [0m:      	  59: { 'eval_acc': '3.4390e-01',
[92mINFO [0m:      	        'eval_loss': '1.8720e+00',
[92mINFO [0m:      	        'time': '4.5730e+02'},
[92mINFO [0m:      	  60: { 'eval_acc': '3.6160e-01',
[92mINFO [0m:      	        'eval_loss': '1.8280e+00',
[92mINFO [0m:      	        'time': '4.6444e+02'},
[92mINFO [0m:      	  61: { 'eval_acc': '3.6410e-01',
[92mINFO [0m:      	        'eval_loss': '1.8278e+00',
[92mINFO [0m:      	        'time': '4.7147e+02'},
[92mINFO [0m:      	  62: { 'eval_acc': '3.2910e-01',
[92mINFO [0m:      	        'eval_loss': '1.9099e+00',
[92mINFO [0m:      	        'time': '4.7863e+02'},
[92mINFO [0m:      	  63: { 'eval_acc': '3.5040e-01',
[92mINFO [0m:      	        'eval_loss': '1.8424e+00',
[92mINFO [0m:      	        'time': '4.8567e+02'},
[92mINFO [0m:      	  64: { 'eval_acc': '3.4340e-01',
[92mINFO [0m:      	        'eval_loss': '1.8742e+00',
[92mINFO [0m:      	        'time': '4.9273e+02'},
[92mINFO [0m:      	  65: { 'eval_acc': '3.5560e-01',
[92mINFO [0m:      	        'eval_loss': '1.8351e+00',
[92mINFO [0m:      	        'time': '4.9976e+02'},
[92mINFO [0m:      	  66: { 'eval_acc': '3.5440e-01',
[92mINFO [0m:      	        'eval_loss': '1.8432e+00',
[92mINFO [0m:      	        'time': '5.0690e+02'},
[92mINFO [0m:      	  67: { 'eval_acc': '3.4000e-01',
[92mINFO [0m:      	        'eval_loss': '1.8989e+00',
[92mINFO [0m:      	        'time': '5.1393e+02'},
[92mINFO [0m:      	  68: { 'eval_acc': '3.6480e-01',
[92mINFO [0m:      	        'eval_loss': '1.8637e+00',
[92mINFO [0m:      	        'time': '5.2099e+02'},
[92mINFO [0m:      	  69: { 'eval_acc': '3.6000e-01',
[92mINFO [0m:      	        'eval_loss': '1.8384e+00',
[92mINFO [0m:      	        'time': '5.2803e+02'},
[92mINFO [0m:      	  70: { 'eval_acc': '3.4300e-01',
[92mINFO [0m:      	        'eval_loss': '1.8827e+00',
[92mINFO [0m:      	        'time': '5.3516e+02'},
[92mINFO [0m:      	  71: { 'eval_acc': '3.5890e-01',
[92mINFO [0m:      	        'eval_loss': '1.8469e+00',
[92mINFO [0m:      	        'time': '5.4220e+02'},
[92mINFO [0m:      	  72: { 'eval_acc': '3.5210e-01',
[92mINFO [0m:      	        'eval_loss': '1.8904e+00',
[92mINFO [0m:      	        'time': '5.4935e+02'},
[92mINFO [0m:      	  73: { 'eval_acc': '3.5490e-01',
[92mINFO [0m:      	        'eval_loss': '1.8342e+00',
[92mINFO [0m:      	        'time': '5.5639e+02'},
[92mINFO [0m:      	  74: { 'eval_acc': '3.5660e-01',
[92mINFO [0m:      	        'eval_loss': '1.8495e+00',
[92mINFO [0m:      	        'time': '5.6354e+02'},
[92mINFO [0m:      	  75: { 'eval_acc': '3.4770e-01',
[92mINFO [0m:      	        'eval_loss': '1.8803e+00',
[92mINFO [0m:      	        'time': '5.7057e+02'},
[92mINFO [0m:      	  76: { 'eval_acc': '3.5340e-01',
[92mINFO [0m:      	        'eval_loss': '1.8565e+00',
[92mINFO [0m:      	        'time': '5.7773e+02'},
[92mINFO [0m:      	  77: { 'eval_acc': '3.4480e-01',
[92mINFO [0m:      	        'eval_loss': '1.9065e+00',
[92mINFO [0m:      	        'time': '5.8476e+02'},
[92mINFO [0m:      	  78: { 'eval_acc': '3.7940e-01',
[92mINFO [0m:      	        'eval_loss': '1.8148e+00',
[92mINFO [0m:      	        'time': '5.9182e+02'},
[92mINFO [0m:      	  79: { 'eval_acc': '3.6610e-01',
[92mINFO [0m:      	        'eval_loss': '1.8478e+00',
[92mINFO [0m:      	        'time': '5.9898e+02'},
[92mINFO [0m:      	  80: { 'eval_acc': '3.7950e-01',
[92mINFO [0m:      	        'eval_loss': '1.8157e+00',
[92mINFO [0m:      	        'time': '6.0602e+02'},
[92mINFO [0m:      	  81: { 'eval_acc': '3.5620e-01',
[92mINFO [0m:      	        'eval_loss': '1.8794e+00',
[92mINFO [0m:      	        'time': '6.1318e+02'},
[92mINFO [0m:      	  82: { 'eval_acc': '3.8240e-01',
[92mINFO [0m:      	        'eval_loss': '1.8271e+00',
[92mINFO [0m:      	        'time': '6.2022e+02'},
[92mINFO [0m:      	  83: { 'eval_acc': '3.6980e-01',
[92mINFO [0m:      	        'eval_loss': '1.8351e+00',
[92mINFO [0m:      	        'time': '6.2727e+02'},
[92mINFO [0m:      	  84: { 'eval_acc': '3.6310e-01',
[92mINFO [0m:      	        'eval_loss': '1.8611e+00',
[92mINFO [0m:      	        'time': '6.3443e+02'},
[92mINFO [0m:      	  85: { 'eval_acc': '3.4720e-01',
[92mINFO [0m:      	        'eval_loss': '1.8910e+00',
[92mINFO [0m:      	        'time': '6.4147e+02'},
[92mINFO [0m:      	  86: { 'eval_acc': '3.7210e-01',
[92mINFO [0m:      	        'eval_loss': '1.8540e+00',
[92mINFO [0m:      	        'time': '6.4863e+02'},
[92mINFO [0m:      	  87: { 'eval_acc': '3.2470e-01',
[92mINFO [0m:      	        'eval_loss': '1.9318e+00',
[92mINFO [0m:      	        'time': '6.5567e+02'},
[92mINFO [0m:      	  88: { 'eval_acc': '3.6020e-01',
[92mINFO [0m:      	        'eval_loss': '1.8318e+00',
[92mINFO [0m:      	        'time': '6.6282e+02'},
[92mINFO [0m:      	  89: { 'eval_acc': '3.7180e-01',
[92mINFO [0m:      	        'eval_loss': '1.8468e+00',
[92mINFO [0m:      	        'time': '6.6986e+02'},
[92mINFO [0m:      	  90: { 'eval_acc': '3.6690e-01',
[92mINFO [0m:      	        'eval_loss': '1.8445e+00',
[92mINFO [0m:      	        'time': '6.7692e+02'},
[92mINFO [0m:      	  91: { 'eval_acc': '3.6490e-01',
[92mINFO [0m:      	        'eval_loss': '1.8125e+00',
[92mINFO [0m:      	        'time': '6.8406e+02'},
[92mINFO [0m:      	  92: { 'eval_acc': '3.6620e-01',
[92mINFO [0m:      	        'eval_loss': '1.8519e+00',
[92mINFO [0m:      	        'time': '6.9112e+02'},
[92mINFO [0m:      	  93: { 'eval_acc': '3.4280e-01',
[92mINFO [0m:      	        'eval_loss': '1.9099e+00',
[92mINFO [0m:      	        'time': '6.9819e+02'},
[92mINFO [0m:      	  94: { 'eval_acc': '3.6870e-01',
[92mINFO [0m:      	        'eval_loss': '1.8664e+00',
[92mINFO [0m:      	        'time': '7.0535e+02'},
[92mINFO [0m:      	  95: { 'eval_acc': '3.6610e-01',
[92mINFO [0m:      	        'eval_loss': '1.8468e+00',
[92mINFO [0m:      	        'time': '7.1241e+02'},
[92mINFO [0m:      	  96: { 'eval_acc': '3.7590e-01',
[92mINFO [0m:      	        'eval_loss': '1.8526e+00',
[92mINFO [0m:      	        'time': '7.1947e+02'},
[92mINFO [0m:      	  97: { 'eval_acc': '3.6690e-01',
[92mINFO [0m:      	        'eval_loss': '1.8313e+00',
[92mINFO [0m:      	        'time': '7.2661e+02'},
[92mINFO [0m:      	  98: { 'eval_acc': '3.4600e-01',
[92mINFO [0m:      	        'eval_loss': '1.8843e+00',
[92mINFO [0m:      	        'time': '7.3367e+02'},
[92mINFO [0m:      	  99: { 'eval_acc': '3.5760e-01',
[92mINFO [0m:      	        'eval_loss': '1.8678e+00',
[92mINFO [0m:      	        'time': '7.4081e+02'},
[92mINFO [0m:      	  100: { 'eval_acc': '3.5440e-01',
[92mINFO [0m:      	         'eval_loss': '1.8794e+00',
[92mINFO [0m:      	         'time': '7.4785e+02'}}
[92mINFO [0m:      	
[92mINFO [0m:      	ServerApp-side Evaluate Metrics:
[92mINFO [0m:      	{}
[92mINFO [0m:      
[92mINFO [0m:      CSV saved: results/cifar10/9/FedSaSync_fs1_m7.csv
[36m(ClientAppActor pid=1978852)[0m [93mWARNING [0m:   Manually terminating ClientAppActor
[36m(ClientAppActor pid=1978886)[0m [2026-05-20 02:49:20,600 E 1978886 1979785] core_worker_process.cc:825: Failed to establish connection to the metrics exporter agent. Metrics will not be exported. Exporter agent status: RpcError: Running out of retries to initialize the metrics agent. rpc_code: 14[32m [repeated 15x across cluster][0m
[92mINFO [0m:      
