fs=1 m=8 i=1
Starting local SuperLink on 127.0.0.1:39093...
⚠️ Warning: `options.` fields in the SuperLink connection configuration are deprecated. Use `--federation-config` with `flwr run` instead. Alternatively, permanently set your simulation configuration via `flwr federation simulation-config`.
🎊 Successfully started run 5277316611652732452
[92mINFO [0m:      Starting Flower Simulation
Successfully installed fedsasync to /tmp/Victor-Hidalgo-1436506-70-0/.flwr/apps/flwrlabs.fedsasync.1.0.0.f4a93b94.
[92mINFO [0m:      Starting FedSaSync strategy:
[92mINFO [0m:      	├── Number of rounds: 100
[92mINFO [0m:      	├── ArrayRecord (0.24 MB)
[92mINFO [0m:      	├── ConfigRecord (train): (empty!)
[92mINFO [0m:      	├── ConfigRecord (evaluate): (empty!)
[92mINFO [0m:      	├──> Sampling:
[92mINFO [0m:      	│	├──Fraction: train (1.00) | evaluate ( 1.00)
[92mINFO [0m:      	│	├──Minimum nodes: train (2) | evaluate (2)
[92mINFO [0m:      	│	└──Minimum available nodes: 2
[92mINFO [0m:      	└──> Keys in records:
[92mINFO [0m:      		├── Weighted by: 'num-examples'
[92mINFO [0m:      		├── ArrayRecord key: 'arrays'
[92mINFO [0m:      		└── ConfigRecord key: 'config'
[92mINFO [0m:      
[92mINFO [0m:      
[92mINFO [0m:      [ROUND 1/100]
[92mINFO [0m:      configure_train: Sampled 10 nodes (out of 10)
/home/Victor.Hidalgo/.pyenv/versions/3.12.12/envs/fedsasync/lib/python3.12/site-packages/ray/_private/worker.py:2051: FutureWarning: Tip: In future versions of Ray, Ray will no longer override accelerator visible devices env var if num_gpus=0 or num_gpus=None (default). To enable this behavior and turn off this error message, set RAY_ACCEL_ENV_VAR_OVERRIDE_ON_ZERO=0
  warnings.warn(
[36m(ClientAppActor pid=1377613)[0m Warning: You are sending unauthenticated requests to the HF Hub. Please set a HF_TOKEN to enable higher rate limits and faster downloads.
[92mINFO [0m:      aggregate_train: Received 9 results and 0 failures
[92mINFO [0m:      	└──> Aggregated MetricRecord: {'train_loss': 2.219000338342455, 'train_time': 7.32416985090822, 'qtty_records': 9}
[92mINFO [0m:      configure_evaluate: Sampled 10 nodes (out of 10)
[36m(pid=gcs_server)[0m [2026-05-20 02:50:14,570 E 1376311 1376311] (gcs_server) gcs_server.cc:302: Failed to establish connection to the event+metrics exporter agent. Events and metrics will not be exported. Exporter agent status: RpcError: Running out of retries to initialize the metrics agent. rpc_code: 14
[36m(ClientAppActor pid=1377642)[0m Warning: You are sending unauthenticated requests to the HF Hub. Please set a HF_TOKEN to enable higher rate limits and faster downloads.[32m [repeated 8x across cluster] (Ray deduplicates logs by default. Set RAY_DEDUP_LOGS=0 to disable log deduplication, or see https://docs.ray.io/en/master/ray-observability/user-guides/configure-logging.html#log-deduplication for more options.)[0m
[33m(raylet)[0m [2026-05-20 02:50:16,843 E 1376587 1376587] (raylet) main.cc:975: Failed to establish connection to the metrics exporter agent. Metrics will not be exported. Exporter agent status: RpcError: Running out of retries to initialize the metrics agent. rpc_code: 14
[36m(ClientAppActor pid=1377641)[0m [2026-05-20 02:50:20,831 E 1377641 1377824] core_worker_process.cc:825: Failed to establish connection to the metrics exporter agent. Metrics will not be exported. Exporter agent status: RpcError: Running out of retries to initialize the metrics agent. rpc_code: 14
[36m(ClientAppActor pid=1377604)[0m Warning: You are sending unauthenticated requests to the HF Hub. Please set a HF_TOKEN to enable higher rate limits and faster downloads.
[92mINFO [0m:      aggregate_evaluate: Received 10 results and 0 failures
[92mINFO [0m:      	└──> Aggregated MetricRecord: {'eval_loss': 2.361376976966858, 'eval_acc': 0.10270000000000001, 'time': 44.08720946311951}
[92mINFO [0m:      
[92mINFO [0m:      [ROUND 2/100]
[92mINFO [0m:      configure_train: Sampled 9 nodes (out of 10)
[92mINFO [0m:      aggregate_train: Received 10 results and 0 failures
[92mINFO [0m:      	└──> Aggregated MetricRecord: {'train_loss': 2.1509824184417727, 'train_time': 6.151106446329504, 'qtty_records': 10}
[92mINFO [0m:      configure_evaluate: Sampled 10 nodes (out of 10)
[92mINFO [0m:      aggregate_evaluate: Received 10 results and 0 failures
[92mINFO [0m:      	└──> Aggregated MetricRecord: {'eval_loss': 2.287215318530798, 'eval_acc': 0.12700000000000003, 'time': 51.15001177787781}
[92mINFO [0m:      
[92mINFO [0m:      [ROUND 3/100]
[92mINFO [0m:      configure_train: Sampled 10 nodes (out of 10)
[92mINFO [0m:      aggregate_train: Received 9 results and 0 failures
[92mINFO [0m:      	└──> Aggregated MetricRecord: {'train_loss': 2.1051800589031644, 'train_time': 5.454771984575523, 'qtty_records': 9}
[92mINFO [0m:      configure_evaluate: Sampled 10 nodes (out of 10)
[92mINFO [0m:      aggregate_evaluate: Received 10 results and 0 failures
[92mINFO [0m:      	└──> Aggregated MetricRecord: {'eval_loss': 2.1622183162719013, 'eval_acc': 0.1814, 'time': 58.60071539878845}
[92mINFO [0m:      
[92mINFO [0m:      [ROUND 4/100]
[92mINFO [0m:      configure_train: Sampled 9 nodes (out of 10)
[92mINFO [0m:      aggregate_train: Received 10 results and 0 failures
[92mINFO [0m:      	└──> Aggregated MetricRecord: {'train_loss': 2.07949735956192, 'train_time': 5.976415630243719, 'qtty_records': 10}
[92mINFO [0m:      configure_evaluate: Sampled 10 nodes (out of 10)
[92mINFO [0m:      aggregate_evaluate: Received 10 results and 0 failures
[92mINFO [0m:      	└──> Aggregated MetricRecord: {'eval_loss': 2.134442399069667, 'eval_acc': 0.18660000000000002, 'time': 65.66228771209717}
[92mINFO [0m:      
[92mINFO [0m:      [ROUND 5/100]
[92mINFO [0m:      configure_train: Sampled 10 nodes (out of 10)
[92mINFO [0m:      aggregate_train: Received 9 results and 0 failures
[92mINFO [0m:      	└──> Aggregated MetricRecord: {'train_loss': 2.040583476702372, 'train_time': 5.4532618240142865, 'qtty_records': 9}
[92mINFO [0m:      configure_evaluate: Sampled 10 nodes (out of 10)
[92mINFO [0m:      aggregate_evaluate: Received 10 results and 0 failures
[92mINFO [0m:      	└──> Aggregated MetricRecord: {'eval_loss': 2.1661284599453214, 'eval_acc': 0.21389999999999998, 'time': 72.82142472267151}
[92mINFO [0m:      
[92mINFO [0m:      [ROUND 6/100]
[92mINFO [0m:      configure_train: Sampled 9 nodes (out of 10)
[92mINFO [0m:      aggregate_train: Received 10 results and 0 failures
[92mINFO [0m:      	└──> Aggregated MetricRecord: {'train_loss': 2.0025861156463622, 'train_time': 5.957615755032748, 'qtty_records': 10}
[92mINFO [0m:      configure_evaluate: Sampled 10 nodes (out of 10)
[92mINFO [0m:      aggregate_evaluate: Received 10 results and 0 failures
[92mINFO [0m:      	└──> Aggregated MetricRecord: {'eval_loss': 2.1027457509189844, 'eval_acc': 0.232, 'time': 79.99279594421387}
[92mINFO [0m:      
[92mINFO [0m:      [ROUND 7/100]
[92mINFO [0m:      configure_train: Sampled 10 nodes (out of 10)
[92mINFO [0m:      aggregate_train: Received 9 results and 0 failures
[92mINFO [0m:      	└──> Aggregated MetricRecord: {'train_loss': 1.986349019686381, 'train_time': 5.4516367333837685, 'qtty_records': 9}
[92mINFO [0m:      configure_evaluate: Sampled 10 nodes (out of 10)
[92mINFO [0m:      aggregate_evaluate: Received 10 results and 0 failures
[92mINFO [0m:      	└──> Aggregated MetricRecord: {'eval_loss': 2.022136437892914, 'eval_acc': 0.2665, 'time': 87.02514791488647}
[92mINFO [0m:      
[92mINFO [0m:      [ROUND 8/100]
[92mINFO [0m:      configure_train: Sampled 9 nodes (out of 10)
[92mINFO [0m:      aggregate_train: Received 10 results and 0 failures
[92mINFO [0m:      	└──> Aggregated MetricRecord: {'train_loss': 1.966971715068817, 'train_time': 5.982118063233793, 'qtty_records': 10}
[92mINFO [0m:      configure_evaluate: Sampled 10 nodes (out of 10)
[92mINFO [0m:      aggregate_evaluate: Received 10 results and 0 failures
[92mINFO [0m:      	└──> Aggregated MetricRecord: {'eval_loss': 1.9957843828946353, 'eval_acc': 0.26770000000000005, 'time': 94.18874526023865}
[92mINFO [0m:      
[92mINFO [0m:      [ROUND 9/100]
[92mINFO [0m:      configure_train: Sampled 10 nodes (out of 10)
[92mINFO [0m:      aggregate_train: Received 9 results and 0 failures
[92mINFO [0m:      	└──> Aggregated MetricRecord: {'train_loss': 1.9665993999905056, 'train_time': 5.4656136241844955, 'qtty_records': 9}
[92mINFO [0m:      configure_evaluate: Sampled 10 nodes (out of 10)
[92mINFO [0m:      aggregate_evaluate: Received 10 results and 0 failures
[92mINFO [0m:      	└──> Aggregated MetricRecord: {'eval_loss': 2.0388120267540213, 'eval_acc': 0.2605, 'time': 101.24668955802917}
[92mINFO [0m:      
[92mINFO [0m:      [ROUND 10/100]
[92mINFO [0m:      configure_train: Sampled 9 nodes (out of 10)
[92mINFO [0m:      aggregate_train: Received 10 results and 0 failures
[92mINFO [0m:      	└──> Aggregated MetricRecord: {'train_loss': 1.9501626339912415, 'train_time': 5.951748730614781, 'qtty_records': 10}
[92mINFO [0m:      configure_evaluate: Sampled 10 nodes (out of 10)
[92mINFO [0m:      aggregate_evaluate: Received 10 results and 0 failures
[92mINFO [0m:      	└──> Aggregated MetricRecord: {'eval_loss': 1.9721811287105084, 'eval_acc': 0.2686, 'time': 108.4101767539978}
[92mINFO [0m:      
[92mINFO [0m:      [ROUND 11/100]
[92mINFO [0m:      configure_train: Sampled 10 nodes (out of 10)
[92mINFO [0m:      aggregate_train: Received 9 results and 0 failures
[92mINFO [0m:      	└──> Aggregated MetricRecord: {'train_loss': 1.9511508785883587, 'train_time': 5.443902343925503, 'qtty_records': 9}
[92mINFO [0m:      configure_evaluate: Sampled 10 nodes (out of 10)
[92mINFO [0m:      aggregate_evaluate: Received 10 results and 0 failures
[92mINFO [0m:      	└──> Aggregated MetricRecord: {'eval_loss': 2.0055948678404096, 'eval_acc': 0.2683, 'time': 115.5698344707489}
[92mINFO [0m:      
[92mINFO [0m:      [ROUND 12/100]
[92mINFO [0m:      configure_train: Sampled 9 nodes (out of 10)
[92mINFO [0m:      aggregate_train: Received 10 results and 0 failures
[92mINFO [0m:      	└──> Aggregated MetricRecord: {'train_loss': 1.9321505499839784, 'train_time': 5.970591144822538, 'qtty_records': 10}
[92mINFO [0m:      configure_evaluate: Sampled 10 nodes (out of 10)
[92mINFO [0m:      aggregate_evaluate: Received 10 results and 0 failures
[92mINFO [0m:      	└──> Aggregated MetricRecord: {'eval_loss': 1.918898532167077, 'eval_acc': 0.3004, 'time': 122.73072123527527}
[92mINFO [0m:      
[92mINFO [0m:      [ROUND 13/100]
[92mINFO [0m:      configure_train: Sampled 10 nodes (out of 10)
[92mINFO [0m:      aggregate_train: Received 9 results and 0 failures
[92mINFO [0m:      	└──> Aggregated MetricRecord: {'train_loss': 1.9233388152652315, 'train_time': 5.441398683624963, 'qtty_records': 9}
[92mINFO [0m:      configure_evaluate: Sampled 10 nodes (out of 10)
[92mINFO [0m:      aggregate_evaluate: Received 10 results and 0 failures
[92mINFO [0m:      	└──> Aggregated MetricRecord: {'eval_loss': 2.016761772334576, 'eval_acc': 0.26420000000000005, 'time': 129.86365127563477}
[92mINFO [0m:      
[92mINFO [0m:      [ROUND 14/100]
[92mINFO [0m:      configure_train: Sampled 9 nodes (out of 10)
[92mINFO [0m:      aggregate_train: Received 10 results and 0 failures
[92mINFO [0m:      	└──> Aggregated MetricRecord: {'train_loss': 1.9295448002815248, 'train_time': 5.97042979337275, 'qtty_records': 10}
[92mINFO [0m:      configure_evaluate: Sampled 10 nodes (out of 10)
[92mINFO [0m:      aggregate_evaluate: Received 10 results and 0 failures
[92mINFO [0m:      	└──> Aggregated MetricRecord: {'eval_loss': 1.9753247588872913, 'eval_acc': 0.27309999999999995, 'time': 137.03821659088135}
[92mINFO [0m:      
[92mINFO [0m:      [ROUND 15/100]
[92mINFO [0m:      configure_train: Sampled 10 nodes (out of 10)
[92mINFO [0m:      aggregate_train: Received 9 results and 0 failures
[92mINFO [0m:      	└──> Aggregated MetricRecord: {'train_loss': 1.9175589024225872, 'train_time': 5.436098993755877, 'qtty_records': 9}
[92mINFO [0m:      configure_evaluate: Sampled 10 nodes (out of 10)
[92mINFO [0m:      aggregate_evaluate: Received 10 results and 0 failures
[92mINFO [0m:      	└──> Aggregated MetricRecord: {'eval_loss': 1.9354264341294765, 'eval_acc': 0.3076, 'time': 144.19816994667053}
[92mINFO [0m:      
[92mINFO [0m:      [ROUND 16/100]
[92mINFO [0m:      configure_train: Sampled 9 nodes (out of 10)
[92mINFO [0m:      aggregate_train: Received 10 results and 0 failures
[92mINFO [0m:      	└──> Aggregated MetricRecord: {'train_loss': 1.890877384662628, 'train_time': 5.971275723166764, 'qtty_records': 10}
[92mINFO [0m:      configure_evaluate: Sampled 10 nodes (out of 10)
[92mINFO [0m:      aggregate_evaluate: Received 10 results and 0 failures
[92mINFO [0m:      	└──> Aggregated MetricRecord: {'eval_loss': 1.8919000394642356, 'eval_acc': 0.31790000000000007, 'time': 151.3617298603058}
[92mINFO [0m:      
[92mINFO [0m:      [ROUND 17/100]
[92mINFO [0m:      configure_train: Sampled 10 nodes (out of 10)
[92mINFO [0m:      aggregate_train: Received 9 results and 0 failures
[92mINFO [0m:      	└──> Aggregated MetricRecord: {'train_loss': 1.902610016822815, 'train_time': 5.450571282456319, 'qtty_records': 9}
[92mINFO [0m:      configure_evaluate: Sampled 10 nodes (out of 10)
[92mINFO [0m:      aggregate_evaluate: Received 10 results and 0 failures
[92mINFO [0m:      	└──> Aggregated MetricRecord: {'eval_loss': 1.912129456549883, 'eval_acc': 0.32899999999999996, 'time': 158.39623427391052}
[92mINFO [0m:      
[92mINFO [0m:      [ROUND 18/100]
[92mINFO [0m:      configure_train: Sampled 9 nodes (out of 10)
[92mINFO [0m:      aggregate_train: Received 10 results and 0 failures
[92mINFO [0m:      	└──> Aggregated MetricRecord: {'train_loss': 1.8997866978645326, 'train_time': 5.950761158112437, 'qtty_records': 10}
[92mINFO [0m:      configure_evaluate: Sampled 10 nodes (out of 10)
[92mINFO [0m:      aggregate_evaluate: Received 10 results and 0 failures
[92mINFO [0m:      	└──> Aggregated MetricRecord: {'eval_loss': 1.958706734701991, 'eval_acc': 0.3117, 'time': 165.45561480522156}
[92mINFO [0m:      
[92mINFO [0m:      [ROUND 19/100]
[92mINFO [0m:      configure_train: Sampled 10 nodes (out of 10)
[92mINFO [0m:      aggregate_train: Received 9 results and 0 failures
[92mINFO [0m:      	└──> Aggregated MetricRecord: {'train_loss': 1.9001711597442628, 'train_time': 5.4317923376543655, 'qtty_records': 9}
[92mINFO [0m:      configure_evaluate: Sampled 10 nodes (out of 10)
[92mINFO [0m:      aggregate_evaluate: Received 10 results and 0 failures
[92mINFO [0m:      	└──> Aggregated MetricRecord: {'eval_loss': 1.8873119942843917, 'eval_acc': 0.32360000000000005, 'time': 172.6146535873413}
[92mINFO [0m:      
[92mINFO [0m:      [ROUND 20/100]
[92mINFO [0m:      configure_train: Sampled 9 nodes (out of 10)
[92mINFO [0m:      aggregate_train: Received 10 results and 0 failures
[92mINFO [0m:      	└──> Aggregated MetricRecord: {'train_loss': 1.8782712381362916, 'train_time': 5.950464514177293, 'qtty_records': 10}
[92mINFO [0m:      configure_evaluate: Sampled 10 nodes (out of 10)
[92mINFO [0m:      aggregate_evaluate: Received 10 results and 0 failures
[92mINFO [0m:      	└──> Aggregated MetricRecord: {'eval_loss': 1.906114085391164, 'eval_acc': 0.33120000000000005, 'time': 179.67563152313232}
[92mINFO [0m:      
[92mINFO [0m:      [ROUND 21/100]
[92mINFO [0m:      configure_train: Sampled 10 nodes (out of 10)
[92mINFO [0m:      aggregate_train: Received 9 results and 0 failures
[92mINFO [0m:      	└──> Aggregated MetricRecord: {'train_loss': 1.913522048632304, 'train_time': 5.428033686449958, 'qtty_records': 9}
[92mINFO [0m:      configure_evaluate: Sampled 10 nodes (out of 10)
[92mINFO [0m:      aggregate_evaluate: Received 10 results and 0 failures
[92mINFO [0m:      	└──> Aggregated MetricRecord: {'eval_loss': 1.9461770944297314, 'eval_acc': 0.28990000000000005, 'time': 186.83197116851807}
[92mINFO [0m:      
[92mINFO [0m:      [ROUND 22/100]
[92mINFO [0m:      configure_train: Sampled 9 nodes (out of 10)
[92mINFO [0m:      aggregate_train: Received 10 results and 0 failures
[92mINFO [0m:      	└──> Aggregated MetricRecord: {'train_loss': 1.8961525819778446, 'train_time': 5.963569764699787, 'qtty_records': 10}
[92mINFO [0m:      configure_evaluate: Sampled 10 nodes (out of 10)
[92mINFO [0m:      aggregate_evaluate: Received 10 results and 0 failures
[92mINFO [0m:      	└──> Aggregated MetricRecord: {'eval_loss': 1.9303341582417488, 'eval_acc': 0.32060000000000005, 'time': 193.99774765968323}
[92mINFO [0m:      
[92mINFO [0m:      [ROUND 23/100]
[92mINFO [0m:      configure_train: Sampled 10 nodes (out of 10)
[92mINFO [0m:      aggregate_train: Received 9 results and 0 failures
[92mINFO [0m:      	└──> Aggregated MetricRecord: {'train_loss': 1.8839211069742838, 'train_time': 5.456844753999677, 'qtty_records': 9}
[92mINFO [0m:      configure_evaluate: Sampled 10 nodes (out of 10)
[92mINFO [0m:      aggregate_evaluate: Received 10 results and 0 failures
[92mINFO [0m:      	└──> Aggregated MetricRecord: {'eval_loss': 1.8299334548413755, 'eval_acc': 0.3435, 'time': 201.03049969673157}
[92mINFO [0m:      
[92mINFO [0m:      [ROUND 24/100]
[92mINFO [0m:      configure_train: Sampled 9 nodes (out of 10)
[92mINFO [0m:      aggregate_train: Received 10 results and 0 failures
[92mINFO [0m:      	└──> Aggregated MetricRecord: {'train_loss': 1.8806588927268983, 'train_time': 5.9642493654973805, 'qtty_records': 10}
[92mINFO [0m:      configure_evaluate: Sampled 10 nodes (out of 10)
[92mINFO [0m:      aggregate_evaluate: Received 10 results and 0 failures
[92mINFO [0m:      	└──> Aggregated MetricRecord: {'eval_loss': 1.881709718704224, 'eval_acc': 0.31360000000000005, 'time': 208.1966164112091}
[92mINFO [0m:      
[92mINFO [0m:      [ROUND 25/100]
[92mINFO [0m:      configure_train: Sampled 10 nodes (out of 10)
[92mINFO [0m:      aggregate_train: Received 9 results and 0 failures
[92mINFO [0m:      	└──> Aggregated MetricRecord: {'train_loss': 1.8793408386442394, 'train_time': 5.4744679975426855, 'qtty_records': 9}
[92mINFO [0m:      configure_evaluate: Sampled 10 nodes (out of 10)
[92mINFO [0m:      aggregate_evaluate: Received 10 results and 0 failures
[92mINFO [0m:      	└──> Aggregated MetricRecord: {'eval_loss': 1.9067254912108185, 'eval_acc': 0.33730000000000004, 'time': 215.22886538505554}
[92mINFO [0m:      
[92mINFO [0m:      [ROUND 26/100]
[92mINFO [0m:      configure_train: Sampled 9 nodes (out of 10)
[92mINFO [0m:      aggregate_train: Received 10 results and 0 failures
[92mINFO [0m:      	└──> Aggregated MetricRecord: {'train_loss': 1.8906239539146426, 'train_time': 5.963068108540028, 'qtty_records': 10}
[92mINFO [0m:      configure_evaluate: Sampled 10 nodes (out of 10)
[92mINFO [0m:      aggregate_evaluate: Received 10 results and 0 failures
[92mINFO [0m:      	└──> Aggregated MetricRecord: {'eval_loss': 1.9488268200308083, 'eval_acc': 0.3043, 'time': 222.28944492340088}
[92mINFO [0m:      
[92mINFO [0m:      [ROUND 27/100]
[92mINFO [0m:      configure_train: Sampled 10 nodes (out of 10)
[92mINFO [0m:      aggregate_train: Received 9 results and 0 failures
[92mINFO [0m:      	└──> Aggregated MetricRecord: {'train_loss': 1.8899943248960704, 'train_time': 5.440878535103467, 'qtty_records': 9}
[92mINFO [0m:      configure_evaluate: Sampled 10 nodes (out of 10)
[92mINFO [0m:      aggregate_evaluate: Received 10 results and 0 failures
[92mINFO [0m:      	└──> Aggregated MetricRecord: {'eval_loss': 1.867266082763672, 'eval_acc': 0.3413, 'time': 229.42876267433167}
[92mINFO [0m:      
[92mINFO [0m:      [ROUND 28/100]
[92mINFO [0m:      configure_train: Sampled 9 nodes (out of 10)
[92mINFO [0m:      aggregate_train: Received 10 results and 0 failures
[92mINFO [0m:      	└──> Aggregated MetricRecord: {'train_loss': 1.8824003138542178, 'train_time': 5.966935417056083, 'qtty_records': 10}
[92mINFO [0m:      configure_evaluate: Sampled 10 nodes (out of 10)
[92mINFO [0m:      aggregate_evaluate: Received 10 results and 0 failures
[92mINFO [0m:      	└──> Aggregated MetricRecord: {'eval_loss': 1.9293057203292845, 'eval_acc': 0.3132, 'time': 236.48682165145874}
[92mINFO [0m:      
[92mINFO [0m:      [ROUND 29/100]
[92mINFO [0m:      configure_train: Sampled 10 nodes (out of 10)
[92mINFO [0m:      aggregate_train: Received 9 results and 0 failures
[92mINFO [0m:      	└──> Aggregated MetricRecord: {'train_loss': 1.8762571934594046, 'train_time': 5.460099269429015, 'qtty_records': 9}
[92mINFO [0m:      configure_evaluate: Sampled 10 nodes (out of 10)
[92mINFO [0m:      aggregate_evaluate: Received 10 results and 0 failures
[92mINFO [0m:      	└──> Aggregated MetricRecord: {'eval_loss': 1.8708999421447516, 'eval_acc': 0.32230000000000003, 'time': 243.622700214386}
[92mINFO [0m:      
[92mINFO [0m:      [ROUND 30/100]
[92mINFO [0m:      configure_train: Sampled 9 nodes (out of 10)
[92mINFO [0m:      aggregate_train: Received 10 results and 0 failures
[92mINFO [0m:      	└──> Aggregated MetricRecord: {'train_loss': 1.8701948534011843, 'train_time': 5.9900102558545765, 'qtty_records': 10}
[92mINFO [0m:      configure_evaluate: Sampled 10 nodes (out of 10)
[92mINFO [0m:      aggregate_evaluate: Received 10 results and 0 failures
[92mINFO [0m:      	└──> Aggregated MetricRecord: {'eval_loss': 1.8711859062314036, 'eval_acc': 0.3448, 'time': 250.68513441085815}
[92mINFO [0m:      
[92mINFO [0m:      [ROUND 31/100]
[92mINFO [0m:      configure_train: Sampled 10 nodes (out of 10)
[92mINFO [0m:      aggregate_train: Received 9 results and 0 failures
[92mINFO [0m:      	└──> Aggregated MetricRecord: {'train_loss': 1.881961936208937, 'train_time': 5.442099225603872, 'qtty_records': 9}
[92mINFO [0m:      configure_evaluate: Sampled 10 nodes (out of 10)
[92mINFO [0m:      aggregate_evaluate: Received 10 results and 0 failures
[92mINFO [0m:      	└──> Aggregated MetricRecord: {'eval_loss': 1.911688430979848, 'eval_acc': 0.31770000000000004, 'time': 257.8193166255951}
[92mINFO [0m:      
[92mINFO [0m:      [ROUND 32/100]
[92mINFO [0m:      configure_train: Sampled 9 nodes (out of 10)
[92mINFO [0m:      aggregate_train: Received 10 results and 0 failures
[92mINFO [0m:      	└──> Aggregated MetricRecord: {'train_loss': 1.8669129610061646, 'train_time': 5.96696043619886, 'qtty_records': 10}
[92mINFO [0m:      configure_evaluate: Sampled 10 nodes (out of 10)
[92mINFO [0m:      aggregate_evaluate: Received 10 results and 0 failures
[92mINFO [0m:      	└──> Aggregated MetricRecord: {'eval_loss': 1.9130169421434404, 'eval_acc': 0.3259, 'time': 264.8801076412201}
[92mINFO [0m:      
[92mINFO [0m:      [ROUND 33/100]
[92mINFO [0m:      configure_train: Sampled 10 nodes (out of 10)
[92mINFO [0m:      aggregate_train: Received 9 results and 0 failures
[92mINFO [0m:      	└──> Aggregated MetricRecord: {'train_loss': 1.8610122330983478, 'train_time': 5.46191213476575, 'qtty_records': 9}
[92mINFO [0m:      configure_evaluate: Sampled 10 nodes (out of 10)
[92mINFO [0m:      aggregate_evaluate: Received 10 results and 0 failures
[92mINFO [0m:      	└──> Aggregated MetricRecord: {'eval_loss': 1.8949083145707846, 'eval_acc': 0.32989999999999997, 'time': 272.01377511024475}
[92mINFO [0m:      
[92mINFO [0m:      [ROUND 34/100]
[92mINFO [0m:      configure_train: Sampled 9 nodes (out of 10)
[92mINFO [0m:      aggregate_train: Received 10 results and 0 failures
[92mINFO [0m:      	└──> Aggregated MetricRecord: {'train_loss': 1.8596416890144352, 'train_time': 5.958524480648339, 'qtty_records': 10}
[92mINFO [0m:      configure_evaluate: Sampled 10 nodes (out of 10)
[92mINFO [0m:      aggregate_evaluate: Received 10 results and 0 failures
[92mINFO [0m:      	└──> Aggregated MetricRecord: {'eval_loss': 1.857601683586836, 'eval_acc': 0.3539, 'time': 279.19042015075684}
[92mINFO [0m:      
[92mINFO [0m:      [ROUND 35/100]
[92mINFO [0m:      configure_train: Sampled 10 nodes (out of 10)
[92mINFO [0m:      aggregate_train: Received 9 results and 0 failures
[92mINFO [0m:      	└──> Aggregated MetricRecord: {'train_loss': 1.8548526173697577, 'train_time': 5.464098085856272, 'qtty_records': 9}
[92mINFO [0m:      configure_evaluate: Sampled 10 nodes (out of 10)
[92mINFO [0m:      aggregate_evaluate: Received 10 results and 0 failures
[92mINFO [0m:      	└──> Aggregated MetricRecord: {'eval_loss': 1.8716868914663793, 'eval_acc': 0.34440000000000004, 'time': 286.250022649765}
[92mINFO [0m:      
[92mINFO [0m:      [ROUND 36/100]
[92mINFO [0m:      configure_train: Sampled 9 nodes (out of 10)
[92mINFO [0m:      aggregate_train: Received 10 results and 0 failures
[92mINFO [0m:      	└──> Aggregated MetricRecord: {'train_loss': 1.8483199260711671, 'train_time': 5.963165986072272, 'qtty_records': 10}
[92mINFO [0m:      configure_evaluate: Sampled 10 nodes (out of 10)
[92mINFO [0m:      aggregate_evaluate: Received 10 results and 0 failures
[92mINFO [0m:      	└──> Aggregated MetricRecord: {'eval_loss': 1.8503682222217326, 'eval_acc': 0.3485, 'time': 293.31156611442566}
[92mINFO [0m:      
[92mINFO [0m:      [ROUND 37/100]
[92mINFO [0m:      configure_train: Sampled 10 nodes (out of 10)
[92mINFO [0m:      aggregate_train: Received 9 results and 0 failures
[92mINFO [0m:      	└──> Aggregated MetricRecord: {'train_loss': 1.842411713282267, 'train_time': 5.4401291870615545, 'qtty_records': 9}
[92mINFO [0m:      configure_evaluate: Sampled 10 nodes (out of 10)
[92mINFO [0m:      aggregate_evaluate: Received 10 results and 0 failures
[92mINFO [0m:      	└──> Aggregated MetricRecord: {'eval_loss': 1.8420354668051004, 'eval_acc': 0.34740000000000004, 'time': 300.46950364112854}
[92mINFO [0m:      
[92mINFO [0m:      [ROUND 38/100]
[92mINFO [0m:      configure_train: Sampled 9 nodes (out of 10)
[92mINFO [0m:      aggregate_train: Received 10 results and 0 failures
[92mINFO [0m:      	└──> Aggregated MetricRecord: {'train_loss': 1.8525554908752444, 'train_time': 5.964988140948117, 'qtty_records': 10}
[92mINFO [0m:      configure_evaluate: Sampled 10 nodes (out of 10)
[92mINFO [0m:      aggregate_evaluate: Received 10 results and 0 failures
[92mINFO [0m:      	└──> Aggregated MetricRecord: {'eval_loss': 1.8560955941677098, 'eval_acc': 0.35910000000000003, 'time': 307.53577971458435}
[92mINFO [0m:      
[92mINFO [0m:      [ROUND 39/100]
[92mINFO [0m:      configure_train: Sampled 10 nodes (out of 10)
[92mINFO [0m:      aggregate_train: Received 9 results and 0 failures
[92mINFO [0m:      	└──> Aggregated MetricRecord: {'train_loss': 1.840235925356547, 'train_time': 5.4584914812197285, 'qtty_records': 9}
[92mINFO [0m:      configure_evaluate: Sampled 10 nodes (out of 10)
[92mINFO [0m:      aggregate_evaluate: Received 10 results and 0 failures
[92mINFO [0m:      	└──> Aggregated MetricRecord: {'eval_loss': 1.886239179968834, 'eval_acc': 0.33330000000000004, 'time': 314.69600915908813}
[92mINFO [0m:      
[92mINFO [0m:      [ROUND 40/100]
[92mINFO [0m:      configure_train: Sampled 9 nodes (out of 10)
[92mINFO [0m:      aggregate_train: Received 10 results and 0 failures
[92mINFO [0m:      	└──> Aggregated MetricRecord: {'train_loss': 1.8502456680297854, 'train_time': 5.982250000536442, 'qtty_records': 10}
[92mINFO [0m:      configure_evaluate: Sampled 10 nodes (out of 10)
[92mINFO [0m:      aggregate_evaluate: Received 10 results and 0 failures
[92mINFO [0m:      	└──> Aggregated MetricRecord: {'eval_loss': 1.8733201202005152, 'eval_acc': 0.3526, 'time': 321.85901069641113}
[92mINFO [0m:      
[92mINFO [0m:      [ROUND 41/100]
[92mINFO [0m:      configure_train: Sampled 10 nodes (out of 10)
[92mINFO [0m:      aggregate_train: Received 9 results and 0 failures
[92mINFO [0m:      	└──> Aggregated MetricRecord: {'train_loss': 1.861610317548116, 'train_time': 5.4683624969588385, 'qtty_records': 9}
[92mINFO [0m:      configure_evaluate: Sampled 10 nodes (out of 10)
[92mINFO [0m:      aggregate_evaluate: Received 10 results and 0 failures
[92mINFO [0m:      	└──> Aggregated MetricRecord: {'eval_loss': 1.9028888035565616, 'eval_acc': 0.33110000000000006, 'time': 328.8933308124542}
[92mINFO [0m:      
[92mINFO [0m:      [ROUND 42/100]
[92mINFO [0m:      configure_train: Sampled 9 nodes (out of 10)
[92mINFO [0m:      aggregate_train: Received 10 results and 0 failures
[92mINFO [0m:      	└──> Aggregated MetricRecord: {'train_loss': 1.8515068988800047, 'train_time': 5.970489547029137, 'qtty_records': 10}
[92mINFO [0m:      configure_evaluate: Sampled 10 nodes (out of 10)
[92mINFO [0m:      aggregate_evaluate: Received 10 results and 0 failures
[92mINFO [0m:      	└──> Aggregated MetricRecord: {'eval_loss': 1.8483304589986802, 'eval_acc': 0.349, 'time': 336.05643367767334}
[92mINFO [0m:      
[92mINFO [0m:      [ROUND 43/100]
[92mINFO [0m:      configure_train: Sampled 10 nodes (out of 10)
[92mINFO [0m:      aggregate_train: Received 9 results and 0 failures
[92mINFO [0m:      	└──> Aggregated MetricRecord: {'train_loss': 1.842391343858507, 'train_time': 5.4657083320327935, 'qtty_records': 9}
[92mINFO [0m:      configure_evaluate: Sampled 10 nodes (out of 10)
[92mINFO [0m:      aggregate_evaluate: Received 10 results and 0 failures
[92mINFO [0m:      	└──> Aggregated MetricRecord: {'eval_loss': 1.9110743019729854, 'eval_acc': 0.33059999999999995, 'time': 343.09065294265747}
[92mINFO [0m:      
[92mINFO [0m:      [ROUND 44/100]
[92mINFO [0m:      configure_train: Sampled 9 nodes (out of 10)
[92mINFO [0m:      aggregate_train: Received 10 results and 0 failures
[92mINFO [0m:      	└──> Aggregated MetricRecord: {'train_loss': 1.8540299862861633, 'train_time': 5.980387558229268, 'qtty_records': 10}
[92mINFO [0m:      configure_evaluate: Sampled 10 nodes (out of 10)
[92mINFO [0m:      aggregate_evaluate: Received 10 results and 0 failures
[92mINFO [0m:      	└──> Aggregated MetricRecord: {'eval_loss': 1.8416724346578122, 'eval_acc': 0.3685, 'time': 350.25873255729675}
[92mINFO [0m:      
[92mINFO [0m:      [ROUND 45/100]
[92mINFO [0m:      configure_train: Sampled 10 nodes (out of 10)
[92mINFO [0m:      aggregate_train: Received 9 results and 0 failures
[92mINFO [0m:      	└──> Aggregated MetricRecord: {'train_loss': 1.85077140850491, 'train_time': 5.439634159517785, 'qtty_records': 9}
[92mINFO [0m:      configure_evaluate: Sampled 10 nodes (out of 10)
[92mINFO [0m:      aggregate_evaluate: Received 10 results and 0 failures
[92mINFO [0m:      	└──> Aggregated MetricRecord: {'eval_loss': 1.8664685327559707, 'eval_acc': 0.3515, 'time': 357.4051833152771}
[92mINFO [0m:      
[92mINFO [0m:      [ROUND 46/100]
[92mINFO [0m:      configure_train: Sampled 9 nodes (out of 10)
[92mINFO [0m:      aggregate_train: Received 10 results and 0 failures
[92mINFO [0m:      	└──> Aggregated MetricRecord: {'train_loss': 1.8629183861732486, 'train_time': 5.968377624079585, 'qtty_records': 10}
[92mINFO [0m:      configure_evaluate: Sampled 10 nodes (out of 10)
[92mINFO [0m:      aggregate_evaluate: Received 10 results and 0 failures
[92mINFO [0m:      	└──> Aggregated MetricRecord: {'eval_loss': 1.831681762263179, 'eval_acc': 0.363, 'time': 364.46687054634094}
[92mINFO [0m:      
[92mINFO [0m:      [ROUND 47/100]
[92mINFO [0m:      configure_train: Sampled 10 nodes (out of 10)
[92mINFO [0m:      aggregate_train: Received 9 results and 0 failures
[92mINFO [0m:      	└──> Aggregated MetricRecord: {'train_loss': 1.8423166624704996, 'train_time': 5.441711628499131, 'qtty_records': 9}
[92mINFO [0m:      configure_evaluate: Sampled 10 nodes (out of 10)
[92mINFO [0m:      aggregate_evaluate: Received 10 results and 0 failures
[92mINFO [0m:      	└──> Aggregated MetricRecord: {'eval_loss': 1.8890981469303372, 'eval_acc': 0.34959999999999997, 'time': 371.62755250930786}
[92mINFO [0m:      
[92mINFO [0m:      [ROUND 48/100]
[92mINFO [0m:      configure_train: Sampled 9 nodes (out of 10)
[92mINFO [0m:      aggregate_train: Received 10 results and 0 failures
[92mINFO [0m:      	└──> Aggregated MetricRecord: {'train_loss': 1.8515322486877444, 'train_time': 5.974950822163374, 'qtty_records': 10}
[92mINFO [0m:      configure_evaluate: Sampled 10 nodes (out of 10)
[92mINFO [0m:      aggregate_evaluate: Received 10 results and 0 failures
[92mINFO [0m:      	└──> Aggregated MetricRecord: {'eval_loss': 1.836941117420793, 'eval_acc': 0.36260000000000003, 'time': 378.793954372406}
[92mINFO [0m:      
[92mINFO [0m:      [ROUND 49/100]
[92mINFO [0m:      configure_train: Sampled 10 nodes (out of 10)
[92mINFO [0m:      aggregate_train: Received 9 results and 0 failures
[92mINFO [0m:      	└──> Aggregated MetricRecord: {'train_loss': 1.8399205156962075, 'train_time': 5.460908710232212, 'qtty_records': 9}
[92mINFO [0m:      configure_evaluate: Sampled 10 nodes (out of 10)
[92mINFO [0m:      aggregate_evaluate: Received 10 results and 0 failures
[92mINFO [0m:      	└──> Aggregated MetricRecord: {'eval_loss': 1.8899606142193082, 'eval_acc': 0.33220000000000005, 'time': 385.95921516418457}
[92mINFO [0m:      
[92mINFO [0m:      [ROUND 50/100]
[92mINFO [0m:      configure_train: Sampled 9 nodes (out of 10)
[92mINFO [0m:      aggregate_train: Received 10 results and 0 failures
[92mINFO [0m:      	└──> Aggregated MetricRecord: {'train_loss': 1.8607014021873474, 'train_time': 5.960993199702353, 'qtty_records': 10}
[92mINFO [0m:      configure_evaluate: Sampled 10 nodes (out of 10)
[92mINFO [0m:      aggregate_evaluate: Received 10 results and 0 failures
[92mINFO [0m:      	└──> Aggregated MetricRecord: {'eval_loss': 1.8687081374228003, 'eval_acc': 0.34950000000000003, 'time': 393.02334332466125}
[92mINFO [0m:      
[92mINFO [0m:      [ROUND 51/100]
[92mINFO [0m:      configure_train: Sampled 10 nodes (out of 10)
[92mINFO [0m:      aggregate_train: Received 9 results and 0 failures
[92mINFO [0m:      	└──> Aggregated MetricRecord: {'train_loss': 1.858990487416585, 'train_time': 5.435611090933283, 'qtty_records': 9}
[92mINFO [0m:      configure_evaluate: Sampled 10 nodes (out of 10)
[92mINFO [0m:      aggregate_evaluate: Received 10 results and 0 failures
[92mINFO [0m:      	└──> Aggregated MetricRecord: {'eval_loss': 1.8886128585785626, 'eval_acc': 0.3405, 'time': 400.15669989585876}
[92mINFO [0m:      
[92mINFO [0m:      [ROUND 52/100]
[92mINFO [0m:      configure_train: Sampled 9 nodes (out of 10)
[92mINFO [0m:      aggregate_train: Received 10 results and 0 failures
[92mINFO [0m:      	└──> Aggregated MetricRecord: {'train_loss': 1.8545747794151304, 'train_time': 5.95625278968364, 'qtty_records': 10}
[92mINFO [0m:      configure_evaluate: Sampled 10 nodes (out of 10)
[92mINFO [0m:      aggregate_evaluate: Received 10 results and 0 failures
[92mINFO [0m:      	└──> Aggregated MetricRecord: {'eval_loss': 1.8886688087135557, 'eval_acc': 0.35429999999999995, 'time': 407.21819853782654}
[92mINFO [0m:      
[92mINFO [0m:      [ROUND 53/100]
[92mINFO [0m:      configure_train: Sampled 10 nodes (out of 10)
[92mINFO [0m:      aggregate_train: Received 9 results and 0 failures
[92mINFO [0m:      	└──> Aggregated MetricRecord: {'train_loss': 1.8446344018512302, 'train_time': 5.441844736846785, 'qtty_records': 9}
[92mINFO [0m:      configure_evaluate: Sampled 10 nodes (out of 10)
[92mINFO [0m:      aggregate_evaluate: Received 10 results and 0 failures
[92mINFO [0m:      	└──> Aggregated MetricRecord: {'eval_loss': 1.8562607765197758, 'eval_acc': 0.3698, 'time': 414.25167298316956}
[92mINFO [0m:      
[92mINFO [0m:      [ROUND 54/100]
[92mINFO [0m:      configure_train: Sampled 9 nodes (out of 10)
[92mINFO [0m:      aggregate_train: Received 10 results and 0 failures
[92mINFO [0m:      	└──> Aggregated MetricRecord: {'train_loss': 1.8416427702903748, 'train_time': 5.963708923943341, 'qtty_records': 10}
[92mINFO [0m:      configure_evaluate: Sampled 10 nodes (out of 10)
[92mINFO [0m:      aggregate_evaluate: Received 10 results and 0 failures
[92mINFO [0m:      	└──> Aggregated MetricRecord: {'eval_loss': 1.8314089938998224, 'eval_acc': 0.3663, 'time': 421.3126096725464}
[92mINFO [0m:      
[92mINFO [0m:      [ROUND 55/100]
[92mINFO [0m:      configure_train: Sampled 10 nodes (out of 10)
[92mINFO [0m:      aggregate_train: Received 9 results and 0 failures
[92mINFO [0m:      	└──> Aggregated MetricRecord: {'train_loss': 1.8356609926223755, 'train_time': 5.443815815469457, 'qtty_records': 9}
[92mINFO [0m:      configure_evaluate: Sampled 10 nodes (out of 10)
[92mINFO [0m:      aggregate_evaluate: Received 10 results and 0 failures
[92mINFO [0m:      	└──> Aggregated MetricRecord: {'eval_loss': 1.8239291466772558, 'eval_acc': 0.3725, 'time': 428.44524025917053}
[92mINFO [0m:      
[92mINFO [0m:      [ROUND 56/100]
[92mINFO [0m:      configure_train: Sampled 9 nodes (out of 10)
[92mINFO [0m:      aggregate_train: Received 10 results and 0 failures
[92mINFO [0m:      	└──> Aggregated MetricRecord: {'train_loss': 1.847696814823151, 'train_time': 5.9620555398054425, 'qtty_records': 10}
[92mINFO [0m:      configure_evaluate: Sampled 10 nodes (out of 10)
[92mINFO [0m:      aggregate_evaluate: Received 10 results and 0 failures
[92mINFO [0m:      	└──> Aggregated MetricRecord: {'eval_loss': 1.8643214210867882, 'eval_acc': 0.3604, 'time': 435.50747084617615}
[92mINFO [0m:      
[92mINFO [0m:      [ROUND 57/100]
[92mINFO [0m:      configure_train: Sampled 10 nodes (out of 10)
[92mINFO [0m:      aggregate_train: Received 9 results and 0 failures
[92mINFO [0m:      	└──> Aggregated MetricRecord: {'train_loss': 1.8294518272611828, 'train_time': 5.4385943065087, 'qtty_records': 9}
[92mINFO [0m:      configure_evaluate: Sampled 10 nodes (out of 10)
[92mINFO [0m:      aggregate_evaluate: Received 10 results and 0 failures
[92mINFO [0m:      	└──> Aggregated MetricRecord: {'eval_loss': 1.8529907491058109, 'eval_acc': 0.3624, 'time': 442.6388199329376}
[92mINFO [0m:      
[92mINFO [0m:      [ROUND 58/100]
[92mINFO [0m:      configure_train: Sampled 9 nodes (out of 10)
[92mINFO [0m:      aggregate_train: Received 10 results and 0 failures
[92mINFO [0m:      	└──> Aggregated MetricRecord: {'train_loss': 1.8530629539489747, 'train_time': 5.956529608368873, 'qtty_records': 10}
[92mINFO [0m:      configure_evaluate: Sampled 10 nodes (out of 10)
[92mINFO [0m:      aggregate_evaluate: Received 10 results and 0 failures
[92mINFO [0m:      	└──> Aggregated MetricRecord: {'eval_loss': 1.8711556151509288, 'eval_acc': 0.35250000000000004, 'time': 449.7005910873413}
[92mINFO [0m:      
[92mINFO [0m:      [ROUND 59/100]
[92mINFO [0m:      configure_train: Sampled 10 nodes (out of 10)
[92mINFO [0m:      aggregate_train: Received 9 results and 0 failures
[92mINFO [0m:      	└──> Aggregated MetricRecord: {'train_loss': 1.8451653159459431, 'train_time': 5.439016091326873, 'qtty_records': 9}
[92mINFO [0m:      configure_evaluate: Sampled 10 nodes (out of 10)
[92mINFO [0m:      aggregate_evaluate: Received 10 results and 0 failures
[92mINFO [0m:      	└──> Aggregated MetricRecord: {'eval_loss': 1.8437695018947122, 'eval_acc': 0.363, 'time': 456.83373737335205}
[92mINFO [0m:      
[92mINFO [0m:      [ROUND 60/100]
[92mINFO [0m:      configure_train: Sampled 9 nodes (out of 10)
[92mINFO [0m:      aggregate_train: Received 10 results and 0 failures
[92mINFO [0m:      	└──> Aggregated MetricRecord: {'train_loss': 1.8463000953674318, 'train_time': 5.983941944967955, 'qtty_records': 10}
[92mINFO [0m:      configure_evaluate: Sampled 10 nodes (out of 10)
[92mINFO [0m:      aggregate_evaluate: Received 10 results and 0 failures
[92mINFO [0m:      	└──> Aggregated MetricRecord: {'eval_loss': 1.8209960922598838, 'eval_acc': 0.3769, 'time': 463.8928949832916}
[92mINFO [0m:      
[92mINFO [0m:      [ROUND 61/100]
[92mINFO [0m:      configure_train: Sampled 10 nodes (out of 10)
[92mINFO [0m:      aggregate_train: Received 9 results and 0 failures
[92mINFO [0m:      	└──> Aggregated MetricRecord: {'train_loss': 1.8306028537750243, 'train_time': 5.4439208420614404, 'qtty_records': 9}
[92mINFO [0m:      configure_evaluate: Sampled 10 nodes (out of 10)
[92mINFO [0m:      aggregate_evaluate: Received 10 results and 0 failures
[92mINFO [0m:      	└──> Aggregated MetricRecord: {'eval_loss': 1.8337091084569694, 'eval_acc': 0.3758, 'time': 471.02553248405457}
[92mINFO [0m:      
[92mINFO [0m:      [ROUND 62/100]
[92mINFO [0m:      configure_train: Sampled 9 nodes (out of 10)
[92mINFO [0m:      aggregate_train: Received 10 results and 0 failures
[92mINFO [0m:      	└──> Aggregated MetricRecord: {'train_loss': 1.8463768419265747, 'train_time': 5.974029983766377, 'qtty_records': 10}
[92mINFO [0m:      configure_evaluate: Sampled 10 nodes (out of 10)
[92mINFO [0m:      aggregate_evaluate: Received 10 results and 0 failures
[92mINFO [0m:      	└──> Aggregated MetricRecord: {'eval_loss': 1.8507126264274123, 'eval_acc': 0.37700000000000006, 'time': 478.0845968723297}
[92mINFO [0m:      
[92mINFO [0m:      [ROUND 63/100]
[92mINFO [0m:      configure_train: Sampled 10 nodes (out of 10)
[92mINFO [0m:      aggregate_train: Received 9 results and 0 failures
[92mINFO [0m:      	└──> Aggregated MetricRecord: {'train_loss': 1.8570014939837987, 'train_time': 5.446282468736172, 'qtty_records': 9}
[92mINFO [0m:      configure_evaluate: Sampled 10 nodes (out of 10)
[92mINFO [0m:      aggregate_evaluate: Received 10 results and 0 failures
[92mINFO [0m:      	└──> Aggregated MetricRecord: {'eval_loss': 1.8378246519714594, 'eval_acc': 0.37400000000000005, 'time': 485.2163872718811}
[92mINFO [0m:      
[92mINFO [0m:      [ROUND 64/100]
[92mINFO [0m:      configure_train: Sampled 9 nodes (out of 10)
[92mINFO [0m:      aggregate_train: Received 10 results and 0 failures
[92mINFO [0m:      	└──> Aggregated MetricRecord: {'train_loss': 1.8419443860054017, 'train_time': 5.97261696010828, 'qtty_records': 10}
[92mINFO [0m:      configure_evaluate: Sampled 10 nodes (out of 10)
[92mINFO [0m:      aggregate_evaluate: Received 10 results and 0 failures
[92mINFO [0m:      	└──> Aggregated MetricRecord: {'eval_loss': 1.865212567523122, 'eval_acc': 0.3584, 'time': 492.2804160118103}
[92mINFO [0m:      
[92mINFO [0m:      [ROUND 65/100]
[92mINFO [0m:      configure_train: Sampled 10 nodes (out of 10)
[92mINFO [0m:      aggregate_train: Received 9 results and 0 failures
[92mINFO [0m:      	└──> Aggregated MetricRecord: {'train_loss': 1.8466063622368702, 'train_time': 5.443509382713172, 'qtty_records': 9}
[92mINFO [0m:      configure_evaluate: Sampled 10 nodes (out of 10)
[92mINFO [0m:      aggregate_evaluate: Received 10 results and 0 failures
[92mINFO [0m:      	└──> Aggregated MetricRecord: {'eval_loss': 1.867848200723529, 'eval_acc': 0.3624, 'time': 499.4141926765442}
[92mINFO [0m:      
[92mINFO [0m:      [ROUND 66/100]
[92mINFO [0m:      configure_train: Sampled 9 nodes (out of 10)
[92mINFO [0m:      aggregate_train: Received 10 results and 0 failures
[92mINFO [0m:      	└──> Aggregated MetricRecord: {'train_loss': 1.8506666474342346, 'train_time': 5.959699349291623, 'qtty_records': 10}
[92mINFO [0m:      configure_evaluate: Sampled 10 nodes (out of 10)
[92mINFO [0m:      aggregate_evaluate: Received 10 results and 0 failures
[92mINFO [0m:      	└──> Aggregated MetricRecord: {'eval_loss': 1.8549691338092087, 'eval_acc': 0.36510000000000004, 'time': 506.47212409973145}
[92mINFO [0m:      
[92mINFO [0m:      [ROUND 67/100]
[92mINFO [0m:      configure_train: Sampled 10 nodes (out of 10)
[92mINFO [0m:      aggregate_train: Received 9 results and 0 failures
[92mINFO [0m:      	└──> Aggregated MetricRecord: {'train_loss': 1.8499679843584695, 'train_time': 5.425523132706682, 'qtty_records': 9}
[92mINFO [0m:      configure_evaluate: Sampled 10 nodes (out of 10)
[92mINFO [0m:      aggregate_evaluate: Received 10 results and 0 failures
[92mINFO [0m:      	└──> Aggregated MetricRecord: {'eval_loss': 1.896526724472642, 'eval_acc': 0.3365000000000001, 'time': 513.6038627624512}
[92mINFO [0m:      
[92mINFO [0m:      [ROUND 68/100]
[92mINFO [0m:      configure_train: Sampled 9 nodes (out of 10)
[92mINFO [0m:      aggregate_train: Received 10 results and 0 failures
[92mINFO [0m:      	└──> Aggregated MetricRecord: {'train_loss': 1.8506070152282716, 'train_time': 5.949336124304682, 'qtty_records': 10}
[92mINFO [0m:      configure_evaluate: Sampled 10 nodes (out of 10)
[92mINFO [0m:      aggregate_evaluate: Received 10 results and 0 failures
[92mINFO [0m:      	└──> Aggregated MetricRecord: {'eval_loss': 1.8761565044522286, 'eval_acc': 0.3542, 'time': 520.6691420078278}
[92mINFO [0m:      
[92mINFO [0m:      [ROUND 69/100]
[92mINFO [0m:      configure_train: Sampled 10 nodes (out of 10)
[92mINFO [0m:      aggregate_train: Received 9 results and 0 failures
[92mINFO [0m:      	└──> Aggregated MetricRecord: {'train_loss': 1.8522338915930854, 'train_time': 5.429779773681528, 'qtty_records': 9}
[92mINFO [0m:      configure_evaluate: Sampled 10 nodes (out of 10)
[92mINFO [0m:      aggregate_evaluate: Received 10 results and 0 failures
[92mINFO [0m:      	└──> Aggregated MetricRecord: {'eval_loss': 1.8991505019366741, 'eval_acc': 0.355, 'time': 527.7268924713135}
[92mINFO [0m:      
[92mINFO [0m:      [ROUND 70/100]
[92mINFO [0m:      configure_train: Sampled 9 nodes (out of 10)
[92mINFO [0m:      aggregate_train: Received 10 results and 0 failures
[92mINFO [0m:      	└──> Aggregated MetricRecord: {'train_loss': 1.8441310781478886, 'train_time': 5.9674832263030115, 'qtty_records': 10}
[92mINFO [0m:      configure_evaluate: Sampled 10 nodes (out of 10)
[92mINFO [0m:      aggregate_evaluate: Received 10 results and 0 failures
[92mINFO [0m:      	└──> Aggregated MetricRecord: {'eval_loss': 1.8466829027980567, 'eval_acc': 0.37040000000000006, 'time': 534.8913214206696}
[92mINFO [0m:      
[92mINFO [0m:      [ROUND 71/100]
[92mINFO [0m:      configure_train: Sampled 10 nodes (out of 10)
[92mINFO [0m:      aggregate_train: Received 9 results and 0 failures
[92mINFO [0m:      	└──> Aggregated MetricRecord: {'train_loss': 1.8241169048945107, 'train_time': 5.477963188766605, 'qtty_records': 9}
[92mINFO [0m:      configure_evaluate: Sampled 10 nodes (out of 10)
[92mINFO [0m:      aggregate_evaluate: Received 10 results and 0 failures
[92mINFO [0m:      	└──> Aggregated MetricRecord: {'eval_loss': 1.830385545268655, 'eval_acc': 0.36639999999999995, 'time': 541.9473638534546}
[92mINFO [0m:      
[92mINFO [0m:      [ROUND 72/100]
[92mINFO [0m:      configure_train: Sampled 9 nodes (out of 10)
[92mINFO [0m:      aggregate_train: Received 10 results and 0 failures
[92mINFO [0m:      	└──> Aggregated MetricRecord: {'train_loss': 1.8390881627082825, 'train_time': 5.953554745484143, 'qtty_records': 10}
[92mINFO [0m:      configure_evaluate: Sampled 10 nodes (out of 10)
[92mINFO [0m:      aggregate_evaluate: Received 10 results and 0 failures
[92mINFO [0m:      	└──> Aggregated MetricRecord: {'eval_loss': 1.868028646335006, 'eval_acc': 0.35819999999999996, 'time': 549.0072269439697}
[92mINFO [0m:      
[92mINFO [0m:      [ROUND 73/100]
[92mINFO [0m:      configure_train: Sampled 10 nodes (out of 10)
[92mINFO [0m:      aggregate_train: Received 9 results and 0 failures
[92mINFO [0m:      	└──> Aggregated MetricRecord: {'train_loss': 1.8377741870880127, 'train_time': 5.448362574395206, 'qtty_records': 9}
[92mINFO [0m:      configure_evaluate: Sampled 10 nodes (out of 10)
[92mINFO [0m:      aggregate_evaluate: Received 10 results and 0 failures
[92mINFO [0m:      	└──> Aggregated MetricRecord: {'eval_loss': 1.8612862687557938, 'eval_acc': 0.3524, 'time': 556.0391969680786}
[92mINFO [0m:      
[92mINFO [0m:      [ROUND 74/100]
[92mINFO [0m:      configure_train: Sampled 9 nodes (out of 10)
[92mINFO [0m:      aggregate_train: Received 10 results and 0 failures
[92mINFO [0m:      	└──> Aggregated MetricRecord: {'train_loss': 1.851664171218872, 'train_time': 5.951998165249824, 'qtty_records': 10}
[92mINFO [0m:      configure_evaluate: Sampled 10 nodes (out of 10)
[92mINFO [0m:      aggregate_evaluate: Received 10 results and 0 failures
[92mINFO [0m:      	└──> Aggregated MetricRecord: {'eval_loss': 1.850102558732033, 'eval_acc': 0.3650000000000001, 'time': 563.2010552883148}
[92mINFO [0m:      
[92mINFO [0m:      [ROUND 75/100]
[92mINFO [0m:      configure_train: Sampled 10 nodes (out of 10)
[92mINFO [0m:      aggregate_train: Received 9 results and 0 failures
[92mINFO [0m:      	└──> Aggregated MetricRecord: {'train_loss': 1.843154066297743, 'train_time': 5.4648036254155965, 'qtty_records': 9}
[92mINFO [0m:      configure_evaluate: Sampled 10 nodes (out of 10)
[92mINFO [0m:      aggregate_evaluate: Received 10 results and 0 failures
[92mINFO [0m:      	└──> Aggregated MetricRecord: {'eval_loss': 1.8262789744883776, 'eval_acc': 0.37260000000000004, 'time': 570.3624584674835}
[92mINFO [0m:      
[92mINFO [0m:      [ROUND 76/100]
[92mINFO [0m:      configure_train: Sampled 9 nodes (out of 10)
[92mINFO [0m:      aggregate_train: Received 10 results and 0 failures
[92mINFO [0m:      	└──> Aggregated MetricRecord: {'train_loss': 1.8508687495231628, 'train_time': 5.971961499657482, 'qtty_records': 10}
[92mINFO [0m:      configure_evaluate: Sampled 10 nodes (out of 10)
[92mINFO [0m:      aggregate_evaluate: Received 10 results and 0 failures
[92mINFO [0m:      	└──> Aggregated MetricRecord: {'eval_loss': 1.9315310683101419, 'eval_acc': 0.33749999999999997, 'time': 577.4248700141907}
[92mINFO [0m:      
[92mINFO [0m:      [ROUND 77/100]
[92mINFO [0m:      configure_train: Sampled 10 nodes (out of 10)
[92mINFO [0m:      aggregate_train: Received 9 results and 0 failures
[92mINFO [0m:      	└──> Aggregated MetricRecord: {'train_loss': 1.832602832900153, 'train_time': 5.430223424194588, 'qtty_records': 9}
[92mINFO [0m:      configure_evaluate: Sampled 10 nodes (out of 10)
[92mINFO [0m:      aggregate_evaluate: Received 10 results and 0 failures
[92mINFO [0m:      	└──> Aggregated MetricRecord: {'eval_loss': 1.7894368182867764, 'eval_acc': 0.3931, 'time': 584.4810705184937}
[92mINFO [0m:      
[92mINFO [0m:      [ROUND 78/100]
[92mINFO [0m:      configure_train: Sampled 9 nodes (out of 10)
[92mINFO [0m:      aggregate_train: Received 10 results and 0 failures
[92mINFO [0m:      	└──> Aggregated MetricRecord: {'train_loss': 1.8326083972930907, 'train_time': 5.964654388185591, 'qtty_records': 10}
[92mINFO [0m:      configure_evaluate: Sampled 10 nodes (out of 10)
[92mINFO [0m:      aggregate_evaluate: Received 10 results and 0 failures
[92mINFO [0m:      	└──> Aggregated MetricRecord: {'eval_loss': 1.8402015022933482, 'eval_acc': 0.38130000000000003, 'time': 591.6454436779022}
[92mINFO [0m:      
[92mINFO [0m:      [ROUND 79/100]
[92mINFO [0m:      configure_train: Sampled 10 nodes (out of 10)
[92mINFO [0m:      aggregate_train: Received 9 results and 0 failures
[92mINFO [0m:      	└──> Aggregated MetricRecord: {'train_loss': 1.827166261355082, 'train_time': 5.459831478695075, 'qtty_records': 9}
[92mINFO [0m:      configure_evaluate: Sampled 10 nodes (out of 10)
[92mINFO [0m:      aggregate_evaluate: Received 10 results and 0 failures
[92mINFO [0m:      	└──> Aggregated MetricRecord: {'eval_loss': 1.8630961034446956, 'eval_acc': 0.36680000000000007, 'time': 598.7803983688354}
[92mINFO [0m:      
[92mINFO [0m:      [ROUND 80/100]
[92mINFO [0m:      configure_train: Sampled 9 nodes (out of 10)
[92mINFO [0m:      aggregate_train: Received 10 results and 0 failures
[92mINFO [0m:      	└──> Aggregated MetricRecord: {'train_loss': 1.8417263867378235, 'train_time': 5.98587041022256, 'qtty_records': 10}
[92mINFO [0m:      configure_evaluate: Sampled 10 nodes (out of 10)
[92mINFO [0m:      aggregate_evaluate: Received 10 results and 0 failures
[92mINFO [0m:      	└──> Aggregated MetricRecord: {'eval_loss': 1.8631925653666257, 'eval_acc': 0.37150000000000005, 'time': 605.9428718090057}
[92mINFO [0m:      
[92mINFO [0m:      [ROUND 81/100]
[92mINFO [0m:      configure_train: Sampled 10 nodes (out of 10)
[92mINFO [0m:      aggregate_train: Received 9 results and 0 failures
[92mINFO [0m:      	└──> Aggregated MetricRecord: {'train_loss': 1.8469607286453245, 'train_time': 5.465607191332513, 'qtty_records': 9}
[92mINFO [0m:      configure_evaluate: Sampled 10 nodes (out of 10)
[92mINFO [0m:      aggregate_evaluate: Received 10 results and 0 failures
[92mINFO [0m:      	└──> Aggregated MetricRecord: {'eval_loss': 1.926444072276354, 'eval_acc': 0.33430000000000004, 'time': 612.9743840694427}
[92mINFO [0m:      
[92mINFO [0m:      [ROUND 82/100]
[92mINFO [0m:      configure_train: Sampled 9 nodes (out of 10)
[92mINFO [0m:      aggregate_train: Received 10 results and 0 failures
[92mINFO [0m:      	└──> Aggregated MetricRecord: {'train_loss': 1.8527894384384158, 'train_time': 5.977159199304879, 'qtty_records': 10}
[92mINFO [0m:      configure_evaluate: Sampled 10 nodes (out of 10)
[92mINFO [0m:      aggregate_evaluate: Received 10 results and 0 failures
[92mINFO [0m:      	└──> Aggregated MetricRecord: {'eval_loss': 1.8453443940728904, 'eval_acc': 0.3766, 'time': 620.1353616714478}
[92mINFO [0m:      
[92mINFO [0m:      [ROUND 83/100]
[92mINFO [0m:      configure_train: Sampled 10 nodes (out of 10)
[92mINFO [0m:      aggregate_train: Received 9 results and 0 failures
[92mINFO [0m:      	└──> Aggregated MetricRecord: {'train_loss': 1.8405201927820838, 'train_time': 5.454946440334122, 'qtty_records': 9}
[92mINFO [0m:      configure_evaluate: Sampled 10 nodes (out of 10)
[92mINFO [0m:      aggregate_evaluate: Received 10 results and 0 failures
[92mINFO [0m:      	└──> Aggregated MetricRecord: {'eval_loss': 1.8966451887041331, 'eval_acc': 0.3536, 'time': 627.1670467853546}
[92mINFO [0m:      
[92mINFO [0m:      [ROUND 84/100]
[92mINFO [0m:      configure_train: Sampled 9 nodes (out of 10)
[92mINFO [0m:      aggregate_train: Received 10 results and 0 failures
[92mINFO [0m:      	└──> Aggregated MetricRecord: {'train_loss': 1.8554393431663514, 'train_time': 5.980260654073208, 'qtty_records': 10}
[92mINFO [0m:      configure_evaluate: Sampled 10 nodes (out of 10)
[92mINFO [0m:      aggregate_evaluate: Received 10 results and 0 failures
[92mINFO [0m:      	└──> Aggregated MetricRecord: {'eval_loss': 1.8298287577927115, 'eval_acc': 0.3834000000000001, 'time': 634.3297793865204}
[92mINFO [0m:      
[92mINFO [0m:      [ROUND 85/100]
[92mINFO [0m:      configure_train: Sampled 10 nodes (out of 10)
[92mINFO [0m:      aggregate_train: Received 9 results and 0 failures
[92mINFO [0m:      	└──> Aggregated MetricRecord: {'train_loss': 1.853736709382799, 'train_time': 5.471207425101763, 'qtty_records': 9}
[92mINFO [0m:      configure_evaluate: Sampled 10 nodes (out of 10)
[92mINFO [0m:      aggregate_evaluate: Received 10 results and 0 failures
[92mINFO [0m:      	└──> Aggregated MetricRecord: {'eval_loss': 1.8795907873660327, 'eval_acc': 0.3582, 'time': 641.3625981807709}
[92mINFO [0m:      
[92mINFO [0m:      [ROUND 86/100]
[92mINFO [0m:      configure_train: Sampled 9 nodes (out of 10)
[92mINFO [0m:      aggregate_train: Received 10 results and 0 failures
[92mINFO [0m:      	└──> Aggregated MetricRecord: {'train_loss': 1.844804207992554, 'train_time': 5.950424941629171, 'qtty_records': 10}
[92mINFO [0m:      configure_evaluate: Sampled 10 nodes (out of 10)
[92mINFO [0m:      aggregate_evaluate: Received 10 results and 0 failures
[92mINFO [0m:      	└──> Aggregated MetricRecord: {'eval_loss': 1.8680332023650412, 'eval_acc': 0.36530000000000007, 'time': 648.5243327617645}
[92mINFO [0m:      
[92mINFO [0m:      [ROUND 87/100]
[92mINFO [0m:      configure_train: Sampled 10 nodes (out of 10)
[92mINFO [0m:      aggregate_train: Received 9 results and 0 failures
[92mINFO [0m:      	└──> Aggregated MetricRecord: {'train_loss': 1.8398841718037922, 'train_time': 5.4594402435339155, 'qtty_records': 9}
[92mINFO [0m:      configure_evaluate: Sampled 10 nodes (out of 10)
[92mINFO [0m:      aggregate_evaluate: Received 10 results and 0 failures
[92mINFO [0m:      	└──> Aggregated MetricRecord: {'eval_loss': 1.8783444251865151, 'eval_acc': 0.34750000000000003, 'time': 655.6587507724762}
[92mINFO [0m:      
[92mINFO [0m:      [ROUND 88/100]
[92mINFO [0m:      configure_train: Sampled 9 nodes (out of 10)
[92mINFO [0m:      aggregate_train: Received 10 results and 0 failures
[92mINFO [0m:      	└──> Aggregated MetricRecord: {'train_loss': 1.841838936805725, 'train_time': 5.957691573537886, 'qtty_records': 10}
[92mINFO [0m:      configure_evaluate: Sampled 10 nodes (out of 10)
[92mINFO [0m:      aggregate_evaluate: Received 10 results and 0 failures
[92mINFO [0m:      	└──> Aggregated MetricRecord: {'eval_loss': 1.8913507241755727, 'eval_acc': 0.3564, 'time': 662.8215634822845}
[92mINFO [0m:      
[92mINFO [0m:      [ROUND 89/100]
[92mINFO [0m:      configure_train: Sampled 10 nodes (out of 10)
[92mINFO [0m:      aggregate_train: Received 9 results and 0 failures
[92mINFO [0m:      	└──> Aggregated MetricRecord: {'train_loss': 1.8497174047893947, 'train_time': 5.476873602511154, 'qtty_records': 9}
[92mINFO [0m:      configure_evaluate: Sampled 10 nodes (out of 10)
[92mINFO [0m:      aggregate_evaluate: Received 10 results and 0 failures
[92mINFO [0m:      	└──> Aggregated MetricRecord: {'eval_loss': 1.8710783101618291, 'eval_acc': 0.36000000000000004, 'time': 669.856683254242}
[92mINFO [0m:      
[92mINFO [0m:      [ROUND 90/100]
[92mINFO [0m:      configure_train: Sampled 9 nodes (out of 10)
[92mINFO [0m:      aggregate_train: Received 10 results and 0 failures
[92mINFO [0m:      	└──> Aggregated MetricRecord: {'train_loss': 1.857595466709137, 'train_time': 5.959760744683445, 'qtty_records': 10}
[92mINFO [0m:      configure_evaluate: Sampled 10 nodes (out of 10)
[92mINFO [0m:      aggregate_evaluate: Received 10 results and 0 failures
[92mINFO [0m:      	└──> Aggregated MetricRecord: {'eval_loss': 1.8649299424141648, 'eval_acc': 0.3648, 'time': 677.0189340114594}
[92mINFO [0m:      
[92mINFO [0m:      [ROUND 91/100]
[92mINFO [0m:      configure_train: Sampled 10 nodes (out of 10)
[92mINFO [0m:      aggregate_train: Received 9 results and 0 failures
[92mINFO [0m:      	└──> Aggregated MetricRecord: {'train_loss': 1.8530822989145912, 'train_time': 5.467956936814719, 'qtty_records': 9}
[92mINFO [0m:      configure_evaluate: Sampled 10 nodes (out of 10)
[92mINFO [0m:      aggregate_evaluate: Received 10 results and 0 failures
[92mINFO [0m:      	└──> Aggregated MetricRecord: {'eval_loss': 1.8731123991310599, 'eval_acc': 0.37120000000000003, 'time': 684.1828196048737}
[92mINFO [0m:      
[92mINFO [0m:      [ROUND 92/100]
[92mINFO [0m:      configure_train: Sampled 9 nodes (out of 10)
[92mINFO [0m:      aggregate_train: Received 10 results and 0 failures
[92mINFO [0m:      	└──> Aggregated MetricRecord: {'train_loss': 1.8547869146347047, 'train_time': 5.987769991159439, 'qtty_records': 10}
[92mINFO [0m:      configure_evaluate: Sampled 10 nodes (out of 10)
[92mINFO [0m:      aggregate_evaluate: Received 10 results and 0 failures
[92mINFO [0m:      	└──> Aggregated MetricRecord: {'eval_loss': 1.881739978119731, 'eval_acc': 0.38010000000000005, 'time': 691.2419385910034}
[92mINFO [0m:      
[92mINFO [0m:      [ROUND 93/100]
[92mINFO [0m:      configure_train: Sampled 10 nodes (out of 10)
[92mINFO [0m:      aggregate_train: Received 9 results and 0 failures
[92mINFO [0m:      	└──> Aggregated MetricRecord: {'train_loss': 1.8735960238774616, 'train_time': 5.442399217643672, 'qtty_records': 9}
[92mINFO [0m:      configure_evaluate: Sampled 10 nodes (out of 10)
[92mINFO [0m:      aggregate_evaluate: Received 10 results and 0 failures
[92mINFO [0m:      	└──> Aggregated MetricRecord: {'eval_loss': 1.9225314844399688, 'eval_acc': 0.35350000000000004, 'time': 698.3742172718048}
[92mINFO [0m:      
[92mINFO [0m:      [ROUND 94/100]
[92mINFO [0m:      configure_train: Sampled 9 nodes (out of 10)
[92mINFO [0m:      aggregate_train: Received 10 results and 0 failures
[92mINFO [0m:      	└──> Aggregated MetricRecord: {'train_loss': 1.8733285377502442, 'train_time': 5.990485322382301, 'qtty_records': 10}
[92mINFO [0m:      configure_evaluate: Sampled 10 nodes (out of 10)
[92mINFO [0m:      aggregate_evaluate: Received 10 results and 0 failures
[92mINFO [0m:      	└──> Aggregated MetricRecord: {'eval_loss': 1.9016088124364616, 'eval_acc': 0.34790000000000004, 'time': 705.4356350898743}
[92mINFO [0m:      
[92mINFO [0m:      [ROUND 95/100]
[92mINFO [0m:      configure_train: Sampled 10 nodes (out of 10)
[92mINFO [0m:      aggregate_train: Received 9 results and 0 failures
[92mINFO [0m:      	└──> Aggregated MetricRecord: {'train_loss': 1.8445349461237588, 'train_time': 5.442589225868384, 'qtty_records': 9}
[92mINFO [0m:      configure_evaluate: Sampled 10 nodes (out of 10)
[92mINFO [0m:      aggregate_evaluate: Received 10 results and 0 failures
[92mINFO [0m:      	└──> Aggregated MetricRecord: {'eval_loss': 1.8281503938138484, 'eval_acc': 0.378, 'time': 712.568065404892}
[92mINFO [0m:      
[92mINFO [0m:      [ROUND 96/100]
[92mINFO [0m:      configure_train: Sampled 9 nodes (out of 10)
[92mINFO [0m:      aggregate_train: Received 10 results and 0 failures
[92mINFO [0m:      	└──> Aggregated MetricRecord: {'train_loss': 1.877193985939026, 'train_time': 5.969687223713845, 'qtty_records': 10}
[92mINFO [0m:      configure_evaluate: Sampled 10 nodes (out of 10)
[92mINFO [0m:      aggregate_evaluate: Received 10 results and 0 failures
[92mINFO [0m:      	└──> Aggregated MetricRecord: {'eval_loss': 1.91958918645978, 'eval_acc': 0.3545, 'time': 719.7364530563354}
[92mINFO [0m:      
[92mINFO [0m:      [ROUND 97/100]
[92mINFO [0m:      configure_train: Sampled 10 nodes (out of 10)
[92mINFO [0m:      aggregate_train: Received 9 results and 0 failures
[92mINFO [0m:      	└──> Aggregated MetricRecord: {'train_loss': 1.8455555143356321, 'train_time': 5.456210355377859, 'qtty_records': 9}
[92mINFO [0m:      configure_evaluate: Sampled 10 nodes (out of 10)
[92mINFO [0m:      aggregate_evaluate: Received 10 results and 0 failures
[92mINFO [0m:      	└──> Aggregated MetricRecord: {'eval_loss': 1.8808245513588189, 'eval_acc': 0.3677000000000001, 'time': 726.8681247234344}
[92mINFO [0m:      
[92mINFO [0m:      [ROUND 98/100]
[92mINFO [0m:      configure_train: Sampled 9 nodes (out of 10)
[92mINFO [0m:      aggregate_train: Received 10 results and 0 failures
[92mINFO [0m:      	└──> Aggregated MetricRecord: {'train_loss': 1.8563243832588197, 'train_time': 5.976488482393324, 'qtty_records': 10}
[92mINFO [0m:      configure_evaluate: Sampled 10 nodes (out of 10)
[92mINFO [0m:      aggregate_evaluate: Received 10 results and 0 failures
[92mINFO [0m:      	└──> Aggregated MetricRecord: {'eval_loss': 1.858472065255046, 'eval_acc': 0.37960000000000005, 'time': 734.0315005779266}
[92mINFO [0m:      
[92mINFO [0m:      [ROUND 99/100]
[92mINFO [0m:      configure_train: Sampled 10 nodes (out of 10)
[92mINFO [0m:      aggregate_train: Received 9 results and 0 failures
[92mINFO [0m:      	└──> Aggregated MetricRecord: {'train_loss': 1.856279011302524, 'train_time': 5.472812453698781, 'qtty_records': 9}
[92mINFO [0m:      configure_evaluate: Sampled 10 nodes (out of 10)
[92mINFO [0m:      aggregate_evaluate: Received 10 results and 0 failures
[92mINFO [0m:      	└──> Aggregated MetricRecord: {'eval_loss': 1.8661177653819323, 'eval_acc': 0.36519999999999997, 'time': 741.0650691986084}
[92mINFO [0m:      
[92mINFO [0m:      [ROUND 100/100]
[92mINFO [0m:      configure_train: Sampled 9 nodes (out of 10)
[92mINFO [0m:      aggregate_train: Received 10 results and 0 failures
[92mINFO [0m:      	└──> Aggregated MetricRecord: {'train_loss': 1.8474682912826537, 'train_time': 5.961745755001902, 'qtty_records': 10}
[92mINFO [0m:      configure_evaluate: Sampled 10 nodes (out of 10)
[92mINFO [0m:      aggregate_evaluate: Received 10 results and 0 failures
[92mINFO [0m:      	└──> Aggregated MetricRecord: {'eval_loss': 1.8508810710161925, 'eval_acc': 0.3950000000000001, 'time': 748.2265450954437}
[92mINFO [0m:      
[92mINFO [0m:      Strategy execution finished in 748.23s
[92mINFO [0m:      
[92mINFO [0m:      Final results:
[92mINFO [0m:      
[92mINFO [0m:      	Global Arrays:
[92mINFO [0m:      		ArrayRecord (0.238 MB)
[92mINFO [0m:      	
[92mINFO [0m:      	Aggregated ClientApp-side Train Metrics:
[92mINFO [0m:      	{ 1: { 'qtty_records': '9',
[92mINFO [0m:      	       'train_loss': '2.2190e+00',
[92mINFO [0m:      	       'train_time': '7.3242e+00'},
[92mINFO [0m:      	  2: { 'qtty_records': '10',
[92mINFO [0m:      	       'train_loss': '2.1510e+00',
[92mINFO [0m:      	       'train_time': '6.1511e+00'},
[92mINFO [0m:      	  3: { 'qtty_records': '9',
[92mINFO [0m:      	       'train_loss': '2.1052e+00',
[92mINFO [0m:      	       'train_time': '5.4548e+00'},
[92mINFO [0m:      	  4: { 'qtty_records': '10',
[92mINFO [0m:      	       'train_loss': '2.0795e+00',
[92mINFO [0m:      	       'train_time': '5.9764e+00'},
[92mINFO [0m:      	  5: { 'qtty_records': '9',
[92mINFO [0m:      	       'train_loss': '2.0406e+00',
[92mINFO [0m:      	       'train_time': '5.4533e+00'},
[92mINFO [0m:      	  6: { 'qtty_records': '10',
[92mINFO [0m:      	       'train_loss': '2.0026e+00',
[92mINFO [0m:      	       'train_time': '5.9576e+00'},
[92mINFO [0m:      	  7: { 'qtty_records': '9',
[92mINFO [0m:      	       'train_loss': '1.9863e+00',
[92mINFO [0m:      	       'train_time': '5.4516e+00'},
[92mINFO [0m:      	  8: { 'qtty_records': '10',
[92mINFO [0m:      	       'train_loss': '1.9670e+00',
[92mINFO [0m:      	       'train_time': '5.9821e+00'},
[92mINFO [0m:      	  9: { 'qtty_records': '9',
[92mINFO [0m:      	       'train_loss': '1.9666e+00',
[92mINFO [0m:      	       'train_time': '5.4656e+00'},
[92mINFO [0m:      	  10: { 'qtty_records': '10',
[92mINFO [0m:      	        'train_loss': '1.9502e+00',
[92mINFO [0m:      	        'train_time': '5.9517e+00'},
[92mINFO [0m:      	  11: { 'qtty_records': '9',
[92mINFO [0m:      	        'train_loss': '1.9512e+00',
[92mINFO [0m:      	        'train_time': '5.4439e+00'},
[92mINFO [0m:      	  12: { 'qtty_records': '10',
[92mINFO [0m:      	        'train_loss': '1.9322e+00',
[92mINFO [0m:      	        'train_time': '5.9706e+00'},
[92mINFO [0m:      	  13: { 'qtty_records': '9',
[92mINFO [0m:      	        'train_loss': '1.9233e+00',
[92mINFO [0m:      	        'train_time': '5.4414e+00'},
[92mINFO [0m:      	  14: { 'qtty_records': '10',
[92mINFO [0m:      	        'train_loss': '1.9295e+00',
[92mINFO [0m:      	        'train_time': '5.9704e+00'},
[92mINFO [0m:      	  15: { 'qtty_records': '9',
[92mINFO [0m:      	        'train_loss': '1.9176e+00',
[92mINFO [0m:      	        'train_time': '5.4361e+00'},
[92mINFO [0m:      	  16: { 'qtty_records': '10',
[92mINFO [0m:      	        'train_loss': '1.8909e+00',
[92mINFO [0m:      	        'train_time': '5.9713e+00'},
[92mINFO [0m:      	  17: { 'qtty_records': '9',
[92mINFO [0m:      	        'train_loss': '1.9026e+00',
[92mINFO [0m:      	        'train_time': '5.4506e+00'},
[92mINFO [0m:      	  18: { 'qtty_records': '10',
[92mINFO [0m:      	        'train_loss': '1.8998e+00',
[92mINFO [0m:      	        'train_time': '5.9508e+00'},
[92mINFO [0m:      	  19: { 'qtty_records': '9',
[92mINFO [0m:      	        'train_loss': '1.9002e+00',
[92mINFO [0m:      	        'train_time': '5.4318e+00'},
[92mINFO [0m:      	  20: { 'qtty_records': '10',
[92mINFO [0m:      	        'train_loss': '1.8783e+00',
[92mINFO [0m:      	        'train_time': '5.9505e+00'},
[92mINFO [0m:      	  21: { 'qtty_records': '9',
[92mINFO [0m:      	        'train_loss': '1.9135e+00',
[92mINFO [0m:      	        'train_time': '5.4280e+00'},
[92mINFO [0m:      	  22: { 'qtty_records': '10',
[92mINFO [0m:      	        'train_loss': '1.8962e+00',
[92mINFO [0m:      	        'train_time': '5.9636e+00'},
[92mINFO [0m:      	  23: { 'qtty_records': '9',
[92mINFO [0m:      	        'train_loss': '1.8839e+00',
[92mINFO [0m:      	        'train_time': '5.4568e+00'},
[92mINFO [0m:      	  24: { 'qtty_records': '10',
[92mINFO [0m:      	        'train_loss': '1.8807e+00',
[92mINFO [0m:      	        'train_time': '5.9642e+00'},
[92mINFO [0m:      	  25: { 'qtty_records': '9',
[92mINFO [0m:      	        'train_loss': '1.8793e+00',
[92mINFO [0m:      	        'train_time': '5.4745e+00'},
[92mINFO [0m:      	  26: { 'qtty_records': '10',
[92mINFO [0m:      	        'train_loss': '1.8906e+00',
[92mINFO [0m:      	        'train_time': '5.9631e+00'},
[92mINFO [0m:      	  27: { 'qtty_records': '9',
[92mINFO [0m:      	        'train_loss': '1.8900e+00',
[92mINFO [0m:      	        'train_time': '5.4409e+00'},
[92mINFO [0m:      	  28: { 'qtty_records': '10',
[92mINFO [0m:      	        'train_loss': '1.8824e+00',
[92mINFO [0m:      	        'train_time': '5.9669e+00'},
[92mINFO [0m:      	  29: { 'qtty_records': '9',
[92mINFO [0m:      	        'train_loss': '1.8763e+00',
[92mINFO [0m:      	        'train_time': '5.4601e+00'},
[92mINFO [0m:      	  30: { 'qtty_records': '10',
[92mINFO [0m:      	        'train_loss': '1.8702e+00',
[92mINFO [0m:      	        'train_time': '5.9900e+00'},
[92mINFO [0m:      	  31: { 'qtty_records': '9',
[92mINFO [0m:      	        'train_loss': '1.8820e+00',
[92mINFO [0m:      	        'train_time': '5.4421e+00'},
[92mINFO [0m:      	  32: { 'qtty_records': '10',
[92mINFO [0m:      	        'train_loss': '1.8669e+00',
[92mINFO [0m:      	        'train_time': '5.9670e+00'},
[92mINFO [0m:      	  33: { 'qtty_records': '9',
[92mINFO [0m:      	        'train_loss': '1.8610e+00',
[92mINFO [0m:      	        'train_time': '5.4619e+00'},
[92mINFO [0m:      	  34: { 'qtty_records': '10',
[92mINFO [0m:      	        'train_loss': '1.8596e+00',
[92mINFO [0m:      	        'train_time': '5.9585e+00'},
[92mINFO [0m:      	  35: { 'qtty_records': '9',
[92mINFO [0m:      	        'train_loss': '1.8549e+00',
[92mINFO [0m:      	        'train_time': '5.4641e+00'},
[92mINFO [0m:      	  36: { 'qtty_records': '10',
[92mINFO [0m:      	        'train_loss': '1.8483e+00',
[92mINFO [0m:      	        'train_time': '5.9632e+00'},
[92mINFO [0m:      	  37: { 'qtty_records': '9',
[92mINFO [0m:      	        'train_loss': '1.8424e+00',
[92mINFO [0m:      	        'train_time': '5.4401e+00'},
[92mINFO [0m:      	  38: { 'qtty_records': '10',
[92mINFO [0m:      	        'train_loss': '1.8526e+00',
[92mINFO [0m:      	        'train_time': '5.9650e+00'},
[92mINFO [0m:      	  39: { 'qtty_records': '9',
[92mINFO [0m:      	        'train_loss': '1.8402e+00',
[92mINFO [0m:      	        'train_time': '5.4585e+00'},
[92mINFO [0m:      	  40: { 'qtty_records': '10',
[92mINFO [0m:      	        'train_loss': '1.8502e+00',
[92mINFO [0m:      	        'train_time': '5.9823e+00'},
[92mINFO [0m:      	  41: { 'qtty_records': '9',
[92mINFO [0m:      	        'train_loss': '1.8616e+00',
[92mINFO [0m:      	        'train_time': '5.4684e+00'},
[92mINFO [0m:      	  42: { 'qtty_records': '10',
[92mINFO [0m:      	        'train_loss': '1.8515e+00',
[92mINFO [0m:      	        'train_time': '5.9705e+00'},
[92mINFO [0m:      	  43: { 'qtty_records': '9',
[92mINFO [0m:      	        'train_loss': '1.8424e+00',
[92mINFO [0m:      	        'train_time': '5.4657e+00'},
[92mINFO [0m:      	  44: { 'qtty_records': '10',
[92mINFO [0m:      	        'train_loss': '1.8540e+00',
[92mINFO [0m:      	        'train_time': '5.9804e+00'},
[92mINFO [0m:      	  45: { 'qtty_records': '9',
[92mINFO [0m:      	        'train_loss': '1.8508e+00',
[92mINFO [0m:      	        'train_time': '5.4396e+00'},
[92mINFO [0m:      	  46: { 'qtty_records': '10',
[92mINFO [0m:      	        'train_loss': '1.8629e+00',
[92mINFO [0m:      	        'train_time': '5.9684e+00'},
[92mINFO [0m:      	  47: { 'qtty_records': '9',
[92mINFO [0m:      	        'train_loss': '1.8423e+00',
[92mINFO [0m:      	        'train_time': '5.4417e+00'},
[92mINFO [0m:      	  48: { 'qtty_records': '10',
[92mINFO [0m:      	        'train_loss': '1.8515e+00',
[92mINFO [0m:      	        'train_time': '5.9750e+00'},
[92mINFO [0m:      	  49: { 'qtty_records': '9',
[92mINFO [0m:      	        'train_loss': '1.8399e+00',
[92mINFO [0m:      	        'train_time': '5.4609e+00'},
[92mINFO [0m:      	  50: { 'qtty_records': '10',
[92mINFO [0m:      	        'train_loss': '1.8607e+00',
[92mINFO [0m:      	        'train_time': '5.9610e+00'},
[92mINFO [0m:      	  51: { 'qtty_records': '9',
[92mINFO [0m:      	        'train_loss': '1.8590e+00',
[92mINFO [0m:      	        'train_time': '5.4356e+00'},
[92mINFO [0m:      	  52: { 'qtty_records': '10',
[92mINFO [0m:      	        'train_loss': '1.8546e+00',
[92mINFO [0m:      	        'train_time': '5.9563e+00'},
[92mINFO [0m:      	  53: { 'qtty_records': '9',
[92mINFO [0m:      	        'train_loss': '1.8446e+00',
[92mINFO [0m:      	        'train_time': '5.4418e+00'},
[92mINFO [0m:      	  54: { 'qtty_records': '10',
[92mINFO [0m:      	        'train_loss': '1.8416e+00',
[92mINFO [0m:      	        'train_time': '5.9637e+00'},
[92mINFO [0m:      	  55: { 'qtty_records': '9',
[92mINFO [0m:      	        'train_loss': '1.8357e+00',
[92mINFO [0m:      	        'train_time': '5.4438e+00'},
[92mINFO [0m:      	  56: { 'qtty_records': '10',
[92mINFO [0m:      	        'train_loss': '1.8477e+00',
[92mINFO [0m:      	        'train_time': '5.9621e+00'},
[92mINFO [0m:      	  57: { 'qtty_records': '9',
[92mINFO [0m:      	        'train_loss': '1.8295e+00',
[92mINFO [0m:      	        'train_time': '5.4386e+00'},
[92mINFO [0m:      	  58: { 'qtty_records': '10',
[92mINFO [0m:      	        'train_loss': '1.8531e+00',
[92mINFO [0m:      	        'train_time': '5.9565e+00'},
[92mINFO [0m:      	  59: { 'qtty_records': '9',
[92mINFO [0m:      	        'train_loss': '1.8452e+00',
[92mINFO [0m:      	        'train_time': '5.4390e+00'},
[92mINFO [0m:      	  60: { 'qtty_records': '10',
[92mINFO [0m:      	        'train_loss': '1.8463e+00',
[92mINFO [0m:      	        'train_time': '5.9839e+00'},
[92mINFO [0m:      	  61: { 'qtty_records': '9',
[92mINFO [0m:      	        'train_loss': '1.8306e+00',
[92mINFO [0m:      	        'train_time': '5.4439e+00'},
[92mINFO [0m:      	  62: { 'qtty_records': '10',
[92mINFO [0m:      	        'train_loss': '1.8464e+00',
[92mINFO [0m:      	        'train_time': '5.9740e+00'},
[92mINFO [0m:      	  63: { 'qtty_records': '9',
[92mINFO [0m:      	        'train_loss': '1.8570e+00',
[92mINFO [0m:      	        'train_time': '5.4463e+00'},
[92mINFO [0m:      	  64: { 'qtty_records': '10',
[92mINFO [0m:      	        'train_loss': '1.8419e+00',
[92mINFO [0m:      	        'train_time': '5.9726e+00'},
[92mINFO [0m:      	  65: { 'qtty_records': '9',
[92mINFO [0m:      	        'train_loss': '1.8466e+00',
[92mINFO [0m:      	        'train_time': '5.4435e+00'},
[92mINFO [0m:      	  66: { 'qtty_records': '10',
[92mINFO [0m:      	        'train_loss': '1.8507e+00',
[92mINFO [0m:      	        'train_time': '5.9597e+00'},
[92mINFO [0m:      	  67: { 'qtty_records': '9',
[92mINFO [0m:      	        'train_loss': '1.8500e+00',
[92mINFO [0m:      	        'train_time': '5.4255e+00'},
[92mINFO [0m:      	  68: { 'qtty_records': '10',
[92mINFO [0m:      	        'train_loss': '1.8506e+00',
[92mINFO [0m:      	        'train_time': '5.9493e+00'},
[92mINFO [0m:      	  69: { 'qtty_records': '9',
[92mINFO [0m:      	        'train_loss': '1.8522e+00',
[92mINFO [0m:      	        'train_time': '5.4298e+00'},
[92mINFO [0m:      	  70: { 'qtty_records': '10',
[92mINFO [0m:      	        'train_loss': '1.8441e+00',
[92mINFO [0m:      	        'train_time': '5.9675e+00'},
[92mINFO [0m:      	  71: { 'qtty_records': '9',
[92mINFO [0m:      	        'train_loss': '1.8241e+00',
[92mINFO [0m:      	        'train_time': '5.4780e+00'},
[92mINFO [0m:      	  72: { 'qtty_records': '10',
[92mINFO [0m:      	        'train_loss': '1.8391e+00',
[92mINFO [0m:      	        'train_time': '5.9536e+00'},
[92mINFO [0m:      	  73: { 'qtty_records': '9',
[92mINFO [0m:      	        'train_loss': '1.8378e+00',
[92mINFO [0m:      	        'train_time': '5.4484e+00'},
[92mINFO [0m:      	  74: { 'qtty_records': '10',
[92mINFO [0m:      	        'train_loss': '1.8517e+00',
[92mINFO [0m:      	        'train_time': '5.9520e+00'},
[92mINFO [0m:      	  75: { 'qtty_records': '9',
[92mINFO [0m:      	        'train_loss': '1.8432e+00',
[92mINFO [0m:      	        'train_time': '5.4648e+00'},
[92mINFO [0m:      	  76: { 'qtty_records': '10',
[92mINFO [0m:      	        'train_loss': '1.8509e+00',
[92mINFO [0m:      	        'train_time': '5.9720e+00'},
[92mINFO [0m:      	  77: { 'qtty_records': '9',
[92mINFO [0m:      	        'train_loss': '1.8326e+00',
[92mINFO [0m:      	        'train_time': '5.4302e+00'},
[92mINFO [0m:      	  78: { 'qtty_records': '10',
[92mINFO [0m:      	        'train_loss': '1.8326e+00',
[92mINFO [0m:      	        'train_time': '5.9647e+00'},
[92mINFO [0m:      	  79: { 'qtty_records': '9',
[92mINFO [0m:      	        'train_loss': '1.8272e+00',
[92mINFO [0m:      	        'train_time': '5.4598e+00'},
[92mINFO [0m:      	  80: { 'qtty_records': '10',
[92mINFO [0m:      	        'train_loss': '1.8417e+00',
[92mINFO [0m:      	        'train_time': '5.9859e+00'},
[92mINFO [0m:      	  81: { 'qtty_records': '9',
[92mINFO [0m:      	        'train_loss': '1.8470e+00',
[92mINFO [0m:      	        'train_time': '5.4656e+00'},
[92mINFO [0m:      	  82: { 'qtty_records': '10',
[92mINFO [0m:      	        'train_loss': '1.8528e+00',
[92mINFO [0m:      	        'train_time': '5.9772e+00'},
[92mINFO [0m:      	  83: { 'qtty_records': '9',
[92mINFO [0m:      	        'train_loss': '1.8405e+00',
[92mINFO [0m:      	        'train_time': '5.4549e+00'},
[92mINFO [0m:      	  84: { 'qtty_records': '10',
[92mINFO [0m:      	        'train_loss': '1.8554e+00',
[92mINFO [0m:      	        'train_time': '5.9803e+00'},
[92mINFO [0m:      	  85: { 'qtty_records': '9',
[92mINFO [0m:      	        'train_loss': '1.8537e+00',
[92mINFO [0m:      	        'train_time': '5.4712e+00'},
[92mINFO [0m:      	  86: { 'qtty_records': '10',
[92mINFO [0m:      	        'train_loss': '1.8448e+00',
[92mINFO [0m:      	        'train_time': '5.9504e+00'},
[92mINFO [0m:      	  87: { 'qtty_records': '9',
[92mINFO [0m:      	        'train_loss': '1.8399e+00',
[92mINFO [0m:      	        'train_time': '5.4594e+00'},
[92mINFO [0m:      	  88: { 'qtty_records': '10',
[92mINFO [0m:      	        'train_loss': '1.8418e+00',
[92mINFO [0m:      	        'train_time': '5.9577e+00'},
[92mINFO [0m:      	  89: { 'qtty_records': '9',
[92mINFO [0m:      	        'train_loss': '1.8497e+00',
[92mINFO [0m:      	        'train_time': '5.4769e+00'},
[92mINFO [0m:      	  90: { 'qtty_records': '10',
[92mINFO [0m:      	        'train_loss': '1.8576e+00',
[92mINFO [0m:      	        'train_time': '5.9598e+00'},
[92mINFO [0m:      	  91: { 'qtty_records': '9',
[92mINFO [0m:      	        'train_loss': '1.8531e+00',
[92mINFO [0m:      	        'train_time': '5.4680e+00'},
[92mINFO [0m:      	  92: { 'qtty_records': '10',
[92mINFO [0m:      	        'train_loss': '1.8548e+00',
[92mINFO [0m:      	        'train_time': '5.9878e+00'},
[92mINFO [0m:      	  93: { 'qtty_records': '9',
[92mINFO [0m:      	        'train_loss': '1.8736e+00',
[92mINFO [0m:      	        'train_time': '5.4424e+00'},
[92mINFO [0m:      	  94: { 'qtty_records': '10',
[92mINFO [0m:      	        'train_loss': '1.8733e+00',
[92mINFO [0m:      	        'train_time': '5.9905e+00'},
[92mINFO [0m:      	  95: { 'qtty_records': '9',
[92mINFO [0m:      	        'train_loss': '1.8445e+00',
[92mINFO [0m:      	        'train_time': '5.4426e+00'},
[92mINFO [0m:      	  96: { 'qtty_records': '10',
[92mINFO [0m:      	        'train_loss': '1.8772e+00',
[92mINFO [0m:      	        'train_time': '5.9697e+00'},
[92mINFO [0m:      	  97: { 'qtty_records': '9',
[92mINFO [0m:      	        'train_loss': '1.8456e+00',
[92mINFO [0m:      	        'train_time': '5.4562e+00'},
[92mINFO [0m:      	  98: { 'qtty_records': '10',
[92mINFO [0m:      	        'train_loss': '1.8563e+00',
[92mINFO [0m:      	        'train_time': '5.9765e+00'},
[92mINFO [0m:      	  99: { 'qtty_records': '9',
[92mINFO [0m:      	        'train_loss': '1.8563e+00',
[92mINFO [0m:      	        'train_time': '5.4728e+00'},
[92mINFO [0m:      	  100: { 'qtty_records': '10',
[92mINFO [0m:      	         'train_loss': '1.8475e+00',
[92mINFO [0m:      	         'train_time': '5.9617e+00'}}
[92mINFO [0m:      	
[92mINFO [0m:      	Aggregated ClientApp-side Evaluate Metrics:
[92mINFO [0m:      	{ 1: { 'eval_acc': '1.0270e-01',
[92mINFO [0m:      	       'eval_loss': '2.3614e+00',
[92mINFO [0m:      	       'time': '4.4087e+01'},
[92mINFO [0m:      	  2: { 'eval_acc': '1.2700e-01',
[92mINFO [0m:      	       'eval_loss': '2.2872e+00',
[92mINFO [0m:      	       'time': '5.1150e+01'},
[92mINFO [0m:      	  3: { 'eval_acc': '1.8140e-01',
[92mINFO [0m:      	       'eval_loss': '2.1622e+00',
[92mINFO [0m:      	       'time': '5.8601e+01'},
[92mINFO [0m:      	  4: { 'eval_acc': '1.8660e-01',
[92mINFO [0m:      	       'eval_loss': '2.1344e+00',
[92mINFO [0m:      	       'time': '6.5662e+01'},
[92mINFO [0m:      	  5: { 'eval_acc': '2.1390e-01',
[92mINFO [0m:      	       'eval_loss': '2.1661e+00',
[92mINFO [0m:      	       'time': '7.2821e+01'},
[92mINFO [0m:      	  6: { 'eval_acc': '2.3200e-01',
[92mINFO [0m:      	       'eval_loss': '2.1027e+00',
[92mINFO [0m:      	       'time': '7.9993e+01'},
[92mINFO [0m:      	  7: { 'eval_acc': '2.6650e-01',
[92mINFO [0m:      	       'eval_loss': '2.0221e+00',
[92mINFO [0m:      	       'time': '8.7025e+01'},
[92mINFO [0m:      	  8: { 'eval_acc': '2.6770e-01',
[92mINFO [0m:      	       'eval_loss': '1.9958e+00',
[92mINFO [0m:      	       'time': '9.4189e+01'},
[92mINFO [0m:      	  9: { 'eval_acc': '2.6050e-01',
[92mINFO [0m:      	       'eval_loss': '2.0388e+00',
[92mINFO [0m:      	       'time': '1.0125e+02'},
[92mINFO [0m:      	  10: { 'eval_acc': '2.6860e-01',
[92mINFO [0m:      	        'eval_loss': '1.9722e+00',
[92mINFO [0m:      	        'time': '1.0841e+02'},
[92mINFO [0m:      	  11: { 'eval_acc': '2.6830e-01',
[92mINFO [0m:      	        'eval_loss': '2.0056e+00',
[92mINFO [0m:      	        'time': '1.1557e+02'},
[92mINFO [0m:      	  12: { 'eval_acc': '3.0040e-01',
[92mINFO [0m:      	        'eval_loss': '1.9189e+00',
[92mINFO [0m:      	        'time': '1.2273e+02'},
[92mINFO [0m:      	  13: { 'eval_acc': '2.6420e-01',
[92mINFO [0m:      	        'eval_loss': '2.0168e+00',
[92mINFO [0m:      	        'time': '1.2986e+02'},
[92mINFO [0m:      	  14: { 'eval_acc': '2.7310e-01',
[92mINFO [0m:      	        'eval_loss': '1.9753e+00',
[92mINFO [0m:      	        'time': '1.3704e+02'},
[92mINFO [0m:      	  15: { 'eval_acc': '3.0760e-01',
[92mINFO [0m:      	        'eval_loss': '1.9354e+00',
[92mINFO [0m:      	        'time': '1.4420e+02'},
[92mINFO [0m:      	  16: { 'eval_acc': '3.1790e-01',
[92mINFO [0m:      	        'eval_loss': '1.8919e+00',
[92mINFO [0m:      	        'time': '1.5136e+02'},
[92mINFO [0m:      	  17: { 'eval_acc': '3.2900e-01',
[92mINFO [0m:      	        'eval_loss': '1.9121e+00',
[92mINFO [0m:      	        'time': '1.5840e+02'},
[92mINFO [0m:      	  18: { 'eval_acc': '3.1170e-01',
[92mINFO [0m:      	        'eval_loss': '1.9587e+00',
[92mINFO [0m:      	        'time': '1.6546e+02'},
[92mINFO [0m:      	  19: { 'eval_acc': '3.2360e-01',
[92mINFO [0m:      	        'eval_loss': '1.8873e+00',
[92mINFO [0m:      	        'time': '1.7261e+02'},
[92mINFO [0m:      	  20: { 'eval_acc': '3.3120e-01',
[92mINFO [0m:      	        'eval_loss': '1.9061e+00',
[92mINFO [0m:      	        'time': '1.7968e+02'},
[92mINFO [0m:      	  21: { 'eval_acc': '2.8990e-01',
[92mINFO [0m:      	        'eval_loss': '1.9462e+00',
[92mINFO [0m:      	        'time': '1.8683e+02'},
[92mINFO [0m:      	  22: { 'eval_acc': '3.2060e-01',
[92mINFO [0m:      	        'eval_loss': '1.9303e+00',
[92mINFO [0m:      	        'time': '1.9400e+02'},
[92mINFO [0m:      	  23: { 'eval_acc': '3.4350e-01',
[92mINFO [0m:      	        'eval_loss': '1.8299e+00',
[92mINFO [0m:      	        'time': '2.0103e+02'},
[92mINFO [0m:      	  24: { 'eval_acc': '3.1360e-01',
[92mINFO [0m:      	        'eval_loss': '1.8817e+00',
[92mINFO [0m:      	        'time': '2.0820e+02'},
[92mINFO [0m:      	  25: { 'eval_acc': '3.3730e-01',
[92mINFO [0m:      	        'eval_loss': '1.9067e+00',
[92mINFO [0m:      	        'time': '2.1523e+02'},
[92mINFO [0m:      	  26: { 'eval_acc': '3.0430e-01',
[92mINFO [0m:      	        'eval_loss': '1.9488e+00',
[92mINFO [0m:      	        'time': '2.2229e+02'},
[92mINFO [0m:      	  27: { 'eval_acc': '3.4130e-01',
[92mINFO [0m:      	        'eval_loss': '1.8673e+00',
[92mINFO [0m:      	        'time': '2.2943e+02'},
[92mINFO [0m:      	  28: { 'eval_acc': '3.1320e-01',
[92mINFO [0m:      	        'eval_loss': '1.9293e+00',
[92mINFO [0m:      	        'time': '2.3649e+02'},
[92mINFO [0m:      	  29: { 'eval_acc': '3.2230e-01',
[92mINFO [0m:      	        'eval_loss': '1.8709e+00',
[92mINFO [0m:      	        'time': '2.4362e+02'},
[92mINFO [0m:      	  30: { 'eval_acc': '3.4480e-01',
[92mINFO [0m:      	        'eval_loss': '1.8712e+00',
[92mINFO [0m:      	        'time': '2.5069e+02'},
[92mINFO [0m:      	  31: { 'eval_acc': '3.1770e-01',
[92mINFO [0m:      	        'eval_loss': '1.9117e+00',
[92mINFO [0m:      	        'time': '2.5782e+02'},
[92mINFO [0m:      	  32: { 'eval_acc': '3.2590e-01',
[92mINFO [0m:      	        'eval_loss': '1.9130e+00',
[92mINFO [0m:      	        'time': '2.6488e+02'},
[92mINFO [0m:      	  33: { 'eval_acc': '3.2990e-01',
[92mINFO [0m:      	        'eval_loss': '1.8949e+00',
[92mINFO [0m:      	        'time': '2.7201e+02'},
[92mINFO [0m:      	  34: { 'eval_acc': '3.5390e-01',
[92mINFO [0m:      	        'eval_loss': '1.8576e+00',
[92mINFO [0m:      	        'time': '2.7919e+02'},
[92mINFO [0m:      	  35: { 'eval_acc': '3.4440e-01',
[92mINFO [0m:      	        'eval_loss': '1.8717e+00',
[92mINFO [0m:      	        'time': '2.8625e+02'},
[92mINFO [0m:      	  36: { 'eval_acc': '3.4850e-01',
[92mINFO [0m:      	        'eval_loss': '1.8504e+00',
[92mINFO [0m:      	        'time': '2.9331e+02'},
[92mINFO [0m:      	  37: { 'eval_acc': '3.4740e-01',
[92mINFO [0m:      	        'eval_loss': '1.8420e+00',
[92mINFO [0m:      	        'time': '3.0047e+02'},
[92mINFO [0m:      	  38: { 'eval_acc': '3.5910e-01',
[92mINFO [0m:      	        'eval_loss': '1.8561e+00',
[92mINFO [0m:      	        'time': '3.0754e+02'},
[92mINFO [0m:      	  39: { 'eval_acc': '3.3330e-01',
[92mINFO [0m:      	        'eval_loss': '1.8862e+00',
[92mINFO [0m:      	        'time': '3.1470e+02'},
[92mINFO [0m:      	  40: { 'eval_acc': '3.5260e-01',
[92mINFO [0m:      	        'eval_loss': '1.8733e+00',
[92mINFO [0m:      	        'time': '3.2186e+02'},
[92mINFO [0m:      	  41: { 'eval_acc': '3.3110e-01',
[92mINFO [0m:      	        'eval_loss': '1.9029e+00',
[92mINFO [0m:      	        'time': '3.2889e+02'},
[92mINFO [0m:      	  42: { 'eval_acc': '3.4900e-01',
[92mINFO [0m:      	        'eval_loss': '1.8483e+00',
[92mINFO [0m:      	        'time': '3.3606e+02'},
[92mINFO [0m:      	  43: { 'eval_acc': '3.3060e-01',
[92mINFO [0m:      	        'eval_loss': '1.9111e+00',
[92mINFO [0m:      	        'time': '3.4309e+02'},
[92mINFO [0m:      	  44: { 'eval_acc': '3.6850e-01',
[92mINFO [0m:      	        'eval_loss': '1.8417e+00',
[92mINFO [0m:      	        'time': '3.5026e+02'},
[92mINFO [0m:      	  45: { 'eval_acc': '3.5150e-01',
[92mINFO [0m:      	        'eval_loss': '1.8665e+00',
[92mINFO [0m:      	        'time': '3.5741e+02'},
[92mINFO [0m:      	  46: { 'eval_acc': '3.6300e-01',
[92mINFO [0m:      	        'eval_loss': '1.8317e+00',
[92mINFO [0m:      	        'time': '3.6447e+02'},
[92mINFO [0m:      	  47: { 'eval_acc': '3.4960e-01',
[92mINFO [0m:      	        'eval_loss': '1.8891e+00',
[92mINFO [0m:      	        'time': '3.7163e+02'},
[92mINFO [0m:      	  48: { 'eval_acc': '3.6260e-01',
[92mINFO [0m:      	        'eval_loss': '1.8369e+00',
[92mINFO [0m:      	        'time': '3.7879e+02'},
[92mINFO [0m:      	  49: { 'eval_acc': '3.3220e-01',
[92mINFO [0m:      	        'eval_loss': '1.8900e+00',
[92mINFO [0m:      	        'time': '3.8596e+02'},
[92mINFO [0m:      	  50: { 'eval_acc': '3.4950e-01',
[92mINFO [0m:      	        'eval_loss': '1.8687e+00',
[92mINFO [0m:      	        'time': '3.9302e+02'},
[92mINFO [0m:      	  51: { 'eval_acc': '3.4050e-01',
[92mINFO [0m:      	        'eval_loss': '1.8886e+00',
[92mINFO [0m:      	        'time': '4.0016e+02'},
[92mINFO [0m:      	  52: { 'eval_acc': '3.5430e-01',
[92mINFO [0m:      	        'eval_loss': '1.8887e+00',
[92mINFO [0m:      	        'time': '4.0722e+02'},
[92mINFO [0m:      	  53: { 'eval_acc': '3.6980e-01',
[92mINFO [0m:      	        'eval_loss': '1.8563e+00',
[92mINFO [0m:      	        'time': '4.1425e+02'},
[92mINFO [0m:      	  54: { 'eval_acc': '3.6630e-01',
[92mINFO [0m:      	        'eval_loss': '1.8314e+00',
[92mINFO [0m:      	        'time': '4.2131e+02'},
[92mINFO [0m:      	  55: { 'eval_acc': '3.7250e-01',
[92mINFO [0m:      	        'eval_loss': '1.8239e+00',
[92mINFO [0m:      	        'time': '4.2845e+02'},
[92mINFO [0m:      	  56: { 'eval_acc': '3.6040e-01',
[92mINFO [0m:      	        'eval_loss': '1.8643e+00',
[92mINFO [0m:      	        'time': '4.3551e+02'},
[92mINFO [0m:      	  57: { 'eval_acc': '3.6240e-01',
[92mINFO [0m:      	        'eval_loss': '1.8530e+00',
[92mINFO [0m:      	        'time': '4.4264e+02'},
[92mINFO [0m:      	  58: { 'eval_acc': '3.5250e-01',
[92mINFO [0m:      	        'eval_loss': '1.8712e+00',
[92mINFO [0m:      	        'time': '4.4970e+02'},
[92mINFO [0m:      	  59: { 'eval_acc': '3.6300e-01',
[92mINFO [0m:      	        'eval_loss': '1.8438e+00',
[92mINFO [0m:      	        'time': '4.5683e+02'},
[92mINFO [0m:      	  60: { 'eval_acc': '3.7690e-01',
[92mINFO [0m:      	        'eval_loss': '1.8210e+00',
[92mINFO [0m:      	        'time': '4.6389e+02'},
[92mINFO [0m:      	  61: { 'eval_acc': '3.7580e-01',
[92mINFO [0m:      	        'eval_loss': '1.8337e+00',
[92mINFO [0m:      	        'time': '4.7103e+02'},
[92mINFO [0m:      	  62: { 'eval_acc': '3.7700e-01',
[92mINFO [0m:      	        'eval_loss': '1.8507e+00',
[92mINFO [0m:      	        'time': '4.7808e+02'},
[92mINFO [0m:      	  63: { 'eval_acc': '3.7400e-01',
[92mINFO [0m:      	        'eval_loss': '1.8378e+00',
[92mINFO [0m:      	        'time': '4.8522e+02'},
[92mINFO [0m:      	  64: { 'eval_acc': '3.5840e-01',
[92mINFO [0m:      	        'eval_loss': '1.8652e+00',
[92mINFO [0m:      	        'time': '4.9228e+02'},
[92mINFO [0m:      	  65: { 'eval_acc': '3.6240e-01',
[92mINFO [0m:      	        'eval_loss': '1.8678e+00',
[92mINFO [0m:      	        'time': '4.9941e+02'},
[92mINFO [0m:      	  66: { 'eval_acc': '3.6510e-01',
[92mINFO [0m:      	        'eval_loss': '1.8550e+00',
[92mINFO [0m:      	        'time': '5.0647e+02'},
[92mINFO [0m:      	  67: { 'eval_acc': '3.3650e-01',
[92mINFO [0m:      	        'eval_loss': '1.8965e+00',
[92mINFO [0m:      	        'time': '5.1360e+02'},
[92mINFO [0m:      	  68: { 'eval_acc': '3.5420e-01',
[92mINFO [0m:      	        'eval_loss': '1.8762e+00',
[92mINFO [0m:      	        'time': '5.2067e+02'},
[92mINFO [0m:      	  69: { 'eval_acc': '3.5500e-01',
[92mINFO [0m:      	        'eval_loss': '1.8992e+00',
[92mINFO [0m:      	        'time': '5.2773e+02'},
[92mINFO [0m:      	  70: { 'eval_acc': '3.7040e-01',
[92mINFO [0m:      	        'eval_loss': '1.8467e+00',
[92mINFO [0m:      	        'time': '5.3489e+02'},
[92mINFO [0m:      	  71: { 'eval_acc': '3.6640e-01',
[92mINFO [0m:      	        'eval_loss': '1.8304e+00',
[92mINFO [0m:      	        'time': '5.4195e+02'},
[92mINFO [0m:      	  72: { 'eval_acc': '3.5820e-01',
[92mINFO [0m:      	        'eval_loss': '1.8680e+00',
[92mINFO [0m:      	        'time': '5.4901e+02'},
[92mINFO [0m:      	  73: { 'eval_acc': '3.5240e-01',
[92mINFO [0m:      	        'eval_loss': '1.8613e+00',
[92mINFO [0m:      	        'time': '5.5604e+02'},
[92mINFO [0m:      	  74: { 'eval_acc': '3.6500e-01',
[92mINFO [0m:      	        'eval_loss': '1.8501e+00',
[92mINFO [0m:      	        'time': '5.6320e+02'},
[92mINFO [0m:      	  75: { 'eval_acc': '3.7260e-01',
[92mINFO [0m:      	        'eval_loss': '1.8263e+00',
[92mINFO [0m:      	        'time': '5.7036e+02'},
[92mINFO [0m:      	  76: { 'eval_acc': '3.3750e-01',
[92mINFO [0m:      	        'eval_loss': '1.9315e+00',
[92mINFO [0m:      	        'time': '5.7742e+02'},
[92mINFO [0m:      	  77: { 'eval_acc': '3.9310e-01',
[92mINFO [0m:      	        'eval_loss': '1.7894e+00',
[92mINFO [0m:      	        'time': '5.8448e+02'},
[92mINFO [0m:      	  78: { 'eval_acc': '3.8130e-01',
[92mINFO [0m:      	        'eval_loss': '1.8402e+00',
[92mINFO [0m:      	        'time': '5.9165e+02'},
[92mINFO [0m:      	  79: { 'eval_acc': '3.6680e-01',
[92mINFO [0m:      	        'eval_loss': '1.8631e+00',
[92mINFO [0m:      	        'time': '5.9878e+02'},
[92mINFO [0m:      	  80: { 'eval_acc': '3.7150e-01',
[92mINFO [0m:      	        'eval_loss': '1.8632e+00',
[92mINFO [0m:      	        'time': '6.0594e+02'},
[92mINFO [0m:      	  81: { 'eval_acc': '3.3430e-01',
[92mINFO [0m:      	        'eval_loss': '1.9264e+00',
[92mINFO [0m:      	        'time': '6.1297e+02'},
[92mINFO [0m:      	  82: { 'eval_acc': '3.7660e-01',
[92mINFO [0m:      	        'eval_loss': '1.8453e+00',
[92mINFO [0m:      	        'time': '6.2014e+02'},
[92mINFO [0m:      	  83: { 'eval_acc': '3.5360e-01',
[92mINFO [0m:      	        'eval_loss': '1.8966e+00',
[92mINFO [0m:      	        'time': '6.2717e+02'},
[92mINFO [0m:      	  84: { 'eval_acc': '3.8340e-01',
[92mINFO [0m:      	        'eval_loss': '1.8298e+00',
[92mINFO [0m:      	        'time': '6.3433e+02'},
[92mINFO [0m:      	  85: { 'eval_acc': '3.5820e-01',
[92mINFO [0m:      	        'eval_loss': '1.8796e+00',
[92mINFO [0m:      	        'time': '6.4136e+02'},
[92mINFO [0m:      	  86: { 'eval_acc': '3.6530e-01',
[92mINFO [0m:      	        'eval_loss': '1.8680e+00',
[92mINFO [0m:      	        'time': '6.4852e+02'},
[92mINFO [0m:      	  87: { 'eval_acc': '3.4750e-01',
[92mINFO [0m:      	        'eval_loss': '1.8783e+00',
[92mINFO [0m:      	        'time': '6.5566e+02'},
[92mINFO [0m:      	  88: { 'eval_acc': '3.5640e-01',
[92mINFO [0m:      	        'eval_loss': '1.8914e+00',
[92mINFO [0m:      	        'time': '6.6282e+02'},
[92mINFO [0m:      	  89: { 'eval_acc': '3.6000e-01',
[92mINFO [0m:      	        'eval_loss': '1.8711e+00',
[92mINFO [0m:      	        'time': '6.6986e+02'},
[92mINFO [0m:      	  90: { 'eval_acc': '3.6480e-01',
[92mINFO [0m:      	        'eval_loss': '1.8649e+00',
[92mINFO [0m:      	        'time': '6.7702e+02'},
[92mINFO [0m:      	  91: { 'eval_acc': '3.7120e-01',
[92mINFO [0m:      	        'eval_loss': '1.8731e+00',
[92mINFO [0m:      	        'time': '6.8418e+02'},
[92mINFO [0m:      	  92: { 'eval_acc': '3.8010e-01',
[92mINFO [0m:      	        'eval_loss': '1.8817e+00',
[92mINFO [0m:      	        'time': '6.9124e+02'},
[92mINFO [0m:      	  93: { 'eval_acc': '3.5350e-01',
[92mINFO [0m:      	        'eval_loss': '1.9225e+00',
[92mINFO [0m:      	        'time': '6.9837e+02'},
[92mINFO [0m:      	  94: { 'eval_acc': '3.4790e-01',
[92mINFO [0m:      	        'eval_loss': '1.9016e+00',
[92mINFO [0m:      	        'time': '7.0544e+02'},
[92mINFO [0m:      	  95: { 'eval_acc': '3.7800e-01',
[92mINFO [0m:      	        'eval_loss': '1.8282e+00',
[92mINFO [0m:      	        'time': '7.1257e+02'},
[92mINFO [0m:      	  96: { 'eval_acc': '3.5450e-01',
[92mINFO [0m:      	        'eval_loss': '1.9196e+00',
[92mINFO [0m:      	        'time': '7.1974e+02'},
[92mINFO [0m:      	  97: { 'eval_acc': '3.6770e-01',
[92mINFO [0m:      	        'eval_loss': '1.8808e+00',
[92mINFO [0m:      	        'time': '7.2687e+02'},
[92mINFO [0m:      	  98: { 'eval_acc': '3.7960e-01',
[92mINFO [0m:      	        'eval_loss': '1.8585e+00',
[92mINFO [0m:      	        'time': '7.3403e+02'},
[92mINFO [0m:      	  99: { 'eval_acc': '3.6520e-01',
[92mINFO [0m:      	        'eval_loss': '1.8661e+00',
[92mINFO [0m:      	        'time': '7.4107e+02'},
[92mINFO [0m:      	  100: { 'eval_acc': '3.9500e-01',
[92mINFO [0m:      	         'eval_loss': '1.8509e+00',
[92mINFO [0m:      	         'time': '7.4823e+02'}}
[92mINFO [0m:      	
[92mINFO [0m:      	ServerApp-side Evaluate Metrics:
[92mINFO [0m:      	{}
[92mINFO [0m:      
[92mINFO [0m:      CSV saved: results/cifar10/1/FedSaSync_fs1_m8.csv
[36m(ClientAppActor pid=1377632)[0m [2026-05-20 02:50:21,464 E 1377632 1378537] core_worker_process.cc:825: Failed to establish connection to the metrics exporter agent. Metrics will not be exported. Exporter agent status: RpcError: Running out of retries to initialize the metrics agent. rpc_code: 14[32m [repeated 15x across cluster][0m
[92mINFO [0m:      
