fs=1 m=8 i=3
Starting local SuperLink on 127.0.0.1:39093...
⚠️ Warning: `options.` fields in the SuperLink connection configuration are deprecated. Use `--federation-config` with `flwr run` instead. Alternatively, permanently set your simulation configuration via `flwr federation simulation-config`.
🎊 Successfully started run 4001579369066142201
[92mINFO [0m:      Starting Flower Simulation
Successfully installed fedsasync to /tmp/Victor-Hidalgo-1436506-72-0/.flwr/apps/flwrlabs.fedsasync.1.0.0.f4a93b94.
[92mINFO [0m:      Starting FedSaSync strategy:
[92mINFO [0m:      	├── Number of rounds: 100
[92mINFO [0m:      	├── ArrayRecord (0.24 MB)
[92mINFO [0m:      	├── ConfigRecord (train): (empty!)
[92mINFO [0m:      	├── ConfigRecord (evaluate): (empty!)
[92mINFO [0m:      	├──> Sampling:
[92mINFO [0m:      	│	├──Fraction: train (1.00) | evaluate ( 1.00)
[92mINFO [0m:      	│	├──Minimum nodes: train (2) | evaluate (2)
[92mINFO [0m:      	│	└──Minimum available nodes: 2
[92mINFO [0m:      	└──> Keys in records:
[92mINFO [0m:      		├── Weighted by: 'num-examples'
[92mINFO [0m:      		├── ArrayRecord key: 'arrays'
[92mINFO [0m:      		└── ConfigRecord key: 'config'
[92mINFO [0m:      
[92mINFO [0m:      
[92mINFO [0m:      [ROUND 1/100]
[92mINFO [0m:      configure_train: Sampled 10 nodes (out of 10)
/home/Victor.Hidalgo/.pyenv/versions/3.12.12/envs/fedsasync/lib/python3.12/site-packages/ray/_private/worker.py:2051: FutureWarning: Tip: In future versions of Ray, Ray will no longer override accelerator visible devices env var if num_gpus=0 or num_gpus=None (default). To enable this behavior and turn off this error message, set RAY_ACCEL_ENV_VAR_OVERRIDE_ON_ZERO=0
  warnings.warn(
[36m(ClientAppActor pid=1877484)[0m Warning: You are sending unauthenticated requests to the HF Hub. Please set a HF_TOKEN to enable higher rate limits and faster downloads.
[92mINFO [0m:      aggregate_train: Received 9 results and 0 failures
[92mINFO [0m:      	└──> Aggregated MetricRecord: {'train_loss': 2.222572503407796, 'train_time': 7.3545680894619885, 'qtty_records': 9}
[92mINFO [0m:      configure_evaluate: Sampled 10 nodes (out of 10)
[36m(pid=gcs_server)[0m [2026-05-20 02:50:37,778 E 1876088 1876088] (gcs_server) gcs_server.cc:302: Failed to establish connection to the event+metrics exporter agent. Events and metrics will not be exported. Exporter agent status: RpcError: Running out of retries to initialize the metrics agent. rpc_code: 14
[36m(ClientAppActor pid=1877496)[0m Warning: You are sending unauthenticated requests to the HF Hub. Please set a HF_TOKEN to enable higher rate limits and faster downloads.[32m [repeated 7x across cluster] (Ray deduplicates logs by default. Set RAY_DEDUP_LOGS=0 to disable log deduplication, or see https://docs.ray.io/en/master/ray-observability/user-guides/configure-logging.html#log-deduplication for more options.)[0m
[33m(raylet)[0m [2026-05-20 02:50:39,832 E 1876379 1876379] (raylet) main.cc:975: Failed to establish connection to the metrics exporter agent. Metrics will not be exported. Exporter agent status: RpcError: Running out of retries to initialize the metrics agent. rpc_code: 14
[92mINFO [0m:      aggregate_evaluate: Received 10 results and 0 failures
[92mINFO [0m:      	└──> Aggregated MetricRecord: {'eval_loss': 2.374322598427534, 'eval_acc': 0.10300000000000001, 'time': 43.55851912498474}
[92mINFO [0m:      
[92mINFO [0m:      [ROUND 2/100]
[92mINFO [0m:      configure_train: Sampled 9 nodes (out of 10)
[36m(ClientAppActor pid=1877486)[0m [2026-05-20 02:50:45,393 E 1877486 1877615] core_worker_process.cc:825: Failed to establish connection to the metrics exporter agent. Metrics will not be exported. Exporter agent status: RpcError: Running out of retries to initialize the metrics agent. rpc_code: 14
[92mINFO [0m:      aggregate_train: Received 10 results and 0 failures
[92mINFO [0m:      	└──> Aggregated MetricRecord: {'train_loss': 2.1419246481895446, 'train_time': 6.219833429716528, 'qtty_records': 10}
[92mINFO [0m:      configure_evaluate: Sampled 10 nodes (out of 10)
[92mINFO [0m:      aggregate_evaluate: Received 10 results and 0 failures
[92mINFO [0m:      	└──> Aggregated MetricRecord: {'eval_loss': 2.342296450585127, 'eval_acc': 0.11399999999999999, 'time': 50.7211697101593}
[92mINFO [0m:      
[92mINFO [0m:      [ROUND 3/100]
[92mINFO [0m:      configure_train: Sampled 10 nodes (out of 10)
[92mINFO [0m:      aggregate_train: Received 9 results and 0 failures
[92mINFO [0m:      	└──> Aggregated MetricRecord: {'train_loss': 2.084215205616421, 'train_time': 5.556873397487733, 'qtty_records': 9}
[92mINFO [0m:      configure_evaluate: Sampled 10 nodes (out of 10)
[92mINFO [0m:      aggregate_evaluate: Received 10 results and 0 failures
[92mINFO [0m:      	└──> Aggregated MetricRecord: {'eval_loss': 2.1856084883213045, 'eval_acc': 0.1521, 'time': 57.75539231300354}
[92mINFO [0m:      
[92mINFO [0m:      [ROUND 4/100]
[92mINFO [0m:      configure_train: Sampled 9 nodes (out of 10)
[92mINFO [0m:      aggregate_train: Received 10 results and 0 failures
[92mINFO [0m:      	└──> Aggregated MetricRecord: {'train_loss': 2.0486194919586183, 'train_time': 6.030329794250429, 'qtty_records': 10}
[92mINFO [0m:      configure_evaluate: Sampled 10 nodes (out of 10)
[92mINFO [0m:      aggregate_evaluate: Received 10 results and 0 failures
[92mINFO [0m:      	└──> Aggregated MetricRecord: {'eval_loss': 2.119021562859416, 'eval_acc': 0.2158, 'time': 64.81425642967224}
[92mINFO [0m:      
[92mINFO [0m:      [ROUND 5/100]
[92mINFO [0m:      configure_train: Sampled 10 nodes (out of 10)
[92mINFO [0m:      aggregate_train: Received 9 results and 0 failures
[92mINFO [0m:      	└──> Aggregated MetricRecord: {'train_loss': 2.014595291879442, 'train_time': 5.549506617089112, 'qtty_records': 9}
[92mINFO [0m:      configure_evaluate: Sampled 10 nodes (out of 10)
[92mINFO [0m:      aggregate_evaluate: Received 10 results and 0 failures
[92mINFO [0m:      	└──> Aggregated MetricRecord: {'eval_loss': 2.035434610769153, 'eval_acc': 0.23400000000000004, 'time': 71.94607543945312}
[92mINFO [0m:      
[92mINFO [0m:      [ROUND 6/100]
[92mINFO [0m:      configure_train: Sampled 9 nodes (out of 10)
[92mINFO [0m:      aggregate_train: Received 10 results and 0 failures
[92mINFO [0m:      	└──> Aggregated MetricRecord: {'train_loss': 1.9721345896720885, 'train_time': 6.051851198635996, 'qtty_records': 10}
[92mINFO [0m:      configure_evaluate: Sampled 10 nodes (out of 10)
[92mINFO [0m:      aggregate_evaluate: Received 10 results and 0 failures
[92mINFO [0m:      	└──> Aggregated MetricRecord: {'eval_loss': 2.095959148183465, 'eval_acc': 0.2267, 'time': 79.10380697250366}
[92mINFO [0m:      
[92mINFO [0m:      [ROUND 7/100]
[92mINFO [0m:      configure_train: Sampled 10 nodes (out of 10)
[92mINFO [0m:      aggregate_train: Received 8 results and 0 failures
[92mINFO [0m:      	└──> Aggregated MetricRecord: {'train_loss': 1.9725414811372757, 'train_time': 5.556876649847254, 'qtty_records': 8}
[92mINFO [0m:      configure_evaluate: Sampled 10 nodes (out of 10)
[36m(ClientAppActor pid=1877495)[0m Warning: You are sending unauthenticated requests to the HF Hub. Please set a HF_TOKEN to enable higher rate limits and faster downloads.
[36m(ClientAppActor pid=1877487)[0m [2026-05-20 02:50:46,298 E 1877487 1878325] core_worker_process.cc:825: Failed to establish connection to the metrics exporter agent. Metrics will not be exported. Exporter agent status: RpcError: Running out of retries to initialize the metrics agent. rpc_code: 14[32m [repeated 15x across cluster][0m
[92mINFO [0m:      aggregate_evaluate: Received 10 results and 0 failures
[92mINFO [0m:      	└──> Aggregated MetricRecord: {'eval_loss': 2.086347791552544, 'eval_acc': 0.24620000000000003, 'time': 104.07731771469116}
[92mINFO [0m:      
[92mINFO [0m:      [ROUND 8/100]
[92mINFO [0m:      configure_train: Sampled 8 nodes (out of 10)
[92mINFO [0m:      aggregate_train: Received 10 results and 0 failures
[92mINFO [0m:      	└──> Aggregated MetricRecord: {'train_loss': 1.9665180754661564, 'train_time': 6.134239546395838, 'qtty_records': 10}
[92mINFO [0m:      configure_evaluate: Sampled 10 nodes (out of 10)
[92mINFO [0m:      aggregate_evaluate: Received 10 results and 0 failures
[92mINFO [0m:      	└──> Aggregated MetricRecord: {'eval_loss': 2.0718907654285434, 'eval_acc': 0.2455, 'time': 111.21388959884644}
[92mINFO [0m:      
[92mINFO [0m:      [ROUND 9/100]
[92mINFO [0m:      configure_train: Sampled 10 nodes (out of 10)
[92mINFO [0m:      aggregate_train: Received 9 results and 0 failures
[92mINFO [0m:      	└──> Aggregated MetricRecord: {'train_loss': 1.9543659472995336, 'train_time': 5.555110187166267, 'qtty_records': 9}
[92mINFO [0m:      configure_evaluate: Sampled 10 nodes (out of 10)
[92mINFO [0m:      aggregate_evaluate: Received 10 results and 0 failures
[92mINFO [0m:      	└──> Aggregated MetricRecord: {'eval_loss': 2.0471506934612993, 'eval_acc': 0.25110000000000005, 'time': 118.61028265953064}
[92mINFO [0m:      
[92mINFO [0m:      [ROUND 10/100]
[92mINFO [0m:      configure_train: Sampled 9 nodes (out of 10)
[92mINFO [0m:      aggregate_train: Received 10 results and 0 failures
[92mINFO [0m:      	└──> Aggregated MetricRecord: {'train_loss': 1.9504560457229614, 'train_time': 6.085490520484745, 'qtty_records': 10}
[92mINFO [0m:      configure_evaluate: Sampled 10 nodes (out of 10)
[92mINFO [0m:      aggregate_evaluate: Received 10 results and 0 failures
[92mINFO [0m:      	└──> Aggregated MetricRecord: {'eval_loss': 2.026914982125163, 'eval_acc': 0.248, 'time': 125.74615812301636}
[92mINFO [0m:      
[92mINFO [0m:      [ROUND 11/100]
[92mINFO [0m:      configure_train: Sampled 10 nodes (out of 10)
[92mINFO [0m:      aggregate_train: Received 9 results and 0 failures
[92mINFO [0m:      	└──> Aggregated MetricRecord: {'train_loss': 1.9322739250395031, 'train_time': 5.542359688629706, 'qtty_records': 9}
[92mINFO [0m:      configure_evaluate: Sampled 10 nodes (out of 10)
[92mINFO [0m:      aggregate_evaluate: Received 10 results and 0 failures
[92mINFO [0m:      	└──> Aggregated MetricRecord: {'eval_loss': 1.9941765569150451, 'eval_acc': 0.28190000000000004, 'time': 132.77900218963623}
[92mINFO [0m:      
[92mINFO [0m:      [ROUND 12/100]
[92mINFO [0m:      configure_train: Sampled 9 nodes (out of 10)
[92mINFO [0m:      aggregate_train: Received 10 results and 0 failures
[92mINFO [0m:      	└──> Aggregated MetricRecord: {'train_loss': 1.9331862369537356, 'train_time': 6.058212777785957, 'qtty_records': 10}
[92mINFO [0m:      configure_evaluate: Sampled 10 nodes (out of 10)
[92mINFO [0m:      aggregate_evaluate: Received 10 results and 0 failures
[92mINFO [0m:      	└──> Aggregated MetricRecord: {'eval_loss': 1.992641853168607, 'eval_acc': 0.29269999999999996, 'time': 139.9370596408844}
[92mINFO [0m:      
[92mINFO [0m:      [ROUND 13/100]
[92mINFO [0m:      configure_train: Sampled 10 nodes (out of 10)
[92mINFO [0m:      aggregate_train: Received 9 results and 0 failures
[92mINFO [0m:      	└──> Aggregated MetricRecord: {'train_loss': 1.9271875039206612, 'train_time': 5.575385764034258, 'qtty_records': 9}
[92mINFO [0m:      configure_evaluate: Sampled 10 nodes (out of 10)
[92mINFO [0m:      aggregate_evaluate: Received 10 results and 0 failures
[92mINFO [0m:      	└──> Aggregated MetricRecord: {'eval_loss': 1.9592024900019172, 'eval_acc': 0.2953, 'time': 147.1712896823883}
[92mINFO [0m:      
[92mINFO [0m:      [ROUND 14/100]
[92mINFO [0m:      configure_train: Sampled 9 nodes (out of 10)
[92mINFO [0m:      aggregate_train: Received 10 results and 0 failures
[92mINFO [0m:      	└──> Aggregated MetricRecord: {'train_loss': 1.9330212465286256, 'train_time': 6.066563900187612, 'qtty_records': 10}
[92mINFO [0m:      configure_evaluate: Sampled 10 nodes (out of 10)
[92mINFO [0m:      aggregate_evaluate: Received 10 results and 0 failures
[92mINFO [0m:      	└──> Aggregated MetricRecord: {'eval_loss': 2.0045437645167112, 'eval_acc': 0.294, 'time': 154.23116421699524}
[92mINFO [0m:      
[92mINFO [0m:      [ROUND 15/100]
[92mINFO [0m:      configure_train: Sampled 10 nodes (out of 10)
[92mINFO [0m:      aggregate_train: Received 9 results and 0 failures
[92mINFO [0m:      	└──> Aggregated MetricRecord: {'train_loss': 1.9130124842325842, 'train_time': 5.548507663110892, 'qtty_records': 9}
[92mINFO [0m:      configure_evaluate: Sampled 10 nodes (out of 10)
[92mINFO [0m:      aggregate_evaluate: Received 10 results and 0 failures
[92mINFO [0m:      	└──> Aggregated MetricRecord: {'eval_loss': 1.954056875035167, 'eval_acc': 0.2801, 'time': 161.36366868019104}
[92mINFO [0m:      
[92mINFO [0m:      [ROUND 16/100]
[92mINFO [0m:      configure_train: Sampled 9 nodes (out of 10)
[92mINFO [0m:      aggregate_train: Received 10 results and 0 failures
[92mINFO [0m:      	└──> Aggregated MetricRecord: {'train_loss': 1.9434404568672181, 'train_time': 6.051167734526098, 'qtty_records': 10}
[92mINFO [0m:      configure_evaluate: Sampled 10 nodes (out of 10)
[92mINFO [0m:      aggregate_evaluate: Received 10 results and 0 failures
[92mINFO [0m:      	└──> Aggregated MetricRecord: {'eval_loss': 2.0422744508832698, 'eval_acc': 0.25389999999999996, 'time': 168.51027846336365}
[92mINFO [0m:      
[92mINFO [0m:      [ROUND 17/100]
[92mINFO [0m:      configure_train: Sampled 10 nodes (out of 10)
[92mINFO [0m:      aggregate_train: Received 9 results and 0 failures
[92mINFO [0m:      	└──> Aggregated MetricRecord: {'train_loss': 1.9189583955340919, 'train_time': 5.534006842515534, 'qtty_records': 9}
[92mINFO [0m:      configure_evaluate: Sampled 10 nodes (out of 10)
[92mINFO [0m:      aggregate_evaluate: Received 10 results and 0 failures
[92mINFO [0m:      	└──> Aggregated MetricRecord: {'eval_loss': 1.9420004770159722, 'eval_acc': 0.29750000000000004, 'time': 175.64383625984192}
[92mINFO [0m:      
[92mINFO [0m:      [ROUND 18/100]
[92mINFO [0m:      configure_train: Sampled 9 nodes (out of 10)
[92mINFO [0m:      aggregate_train: Received 10 results and 0 failures
[92mINFO [0m:      	└──> Aggregated MetricRecord: {'train_loss': 1.9049333950042726, 'train_time': 6.061272381991148, 'qtty_records': 10}
[92mINFO [0m:      configure_evaluate: Sampled 10 nodes (out of 10)
[92mINFO [0m:      aggregate_evaluate: Received 10 results and 0 failures
[92mINFO [0m:      	└──> Aggregated MetricRecord: {'eval_loss': 1.9295966636389492, 'eval_acc': 0.314, 'time': 182.67763376235962}
[92mINFO [0m:      
[92mINFO [0m:      [ROUND 19/100]
[92mINFO [0m:      configure_train: Sampled 10 nodes (out of 10)
[92mINFO [0m:      aggregate_train: Received 9 results and 0 failures
[92mINFO [0m:      	└──> Aggregated MetricRecord: {'train_loss': 1.9057890259424846, 'train_time': 5.549552440229389, 'qtty_records': 9}
[92mINFO [0m:      configure_evaluate: Sampled 10 nodes (out of 10)
[92mINFO [0m:      aggregate_evaluate: Received 10 results and 0 failures
[92mINFO [0m:      	└──> Aggregated MetricRecord: {'eval_loss': 1.9540808834135532, 'eval_acc': 0.2938, 'time': 189.81448030471802}
[92mINFO [0m:      
[92mINFO [0m:      [ROUND 20/100]
[92mINFO [0m:      configure_train: Sampled 9 nodes (out of 10)
[92mINFO [0m:      aggregate_train: Received 10 results and 0 failures
[92mINFO [0m:      	└──> Aggregated MetricRecord: {'train_loss': 1.9062686326980594, 'train_time': 6.058701558969915, 'qtty_records': 10}
[92mINFO [0m:      configure_evaluate: Sampled 10 nodes (out of 10)
[92mINFO [0m:      aggregate_evaluate: Received 10 results and 0 failures
[92mINFO [0m:      	└──> Aggregated MetricRecord: {'eval_loss': 1.9587381143122913, 'eval_acc': 0.3059, 'time': 196.9508762359619}
[92mINFO [0m:      
[92mINFO [0m:      [ROUND 21/100]
[92mINFO [0m:      configure_train: Sampled 10 nodes (out of 10)
[92mINFO [0m:      aggregate_train: Received 9 results and 0 failures
[92mINFO [0m:      	└──> Aggregated MetricRecord: {'train_loss': 1.8809986164304946, 'train_time': 5.5555704767919245, 'qtty_records': 9}
[92mINFO [0m:      configure_evaluate: Sampled 10 nodes (out of 10)
[92mINFO [0m:      aggregate_evaluate: Received 10 results and 0 failures
[92mINFO [0m:      	└──> Aggregated MetricRecord: {'eval_loss': 1.8834032330662014, 'eval_acc': 0.3281, 'time': 204.08382439613342}
[92mINFO [0m:      
[92mINFO [0m:      [ROUND 22/100]
[92mINFO [0m:      configure_train: Sampled 9 nodes (out of 10)
[92mINFO [0m:      aggregate_train: Received 10 results and 0 failures
[92mINFO [0m:      	└──> Aggregated MetricRecord: {'train_loss': 1.896947599220276, 'train_time': 6.0591080114245415, 'qtty_records': 10}
[92mINFO [0m:      configure_evaluate: Sampled 10 nodes (out of 10)
[92mINFO [0m:      aggregate_evaluate: Received 10 results and 0 failures
[92mINFO [0m:      	└──> Aggregated MetricRecord: {'eval_loss': 1.9549981422722342, 'eval_acc': 0.29490000000000005, 'time': 211.24630975723267}
[92mINFO [0m:      
[92mINFO [0m:      [ROUND 23/100]
[92mINFO [0m:      configure_train: Sampled 10 nodes (out of 10)
[92mINFO [0m:      aggregate_train: Received 9 results and 0 failures
[92mINFO [0m:      	└──> Aggregated MetricRecord: {'train_loss': 1.9046463371912639, 'train_time': 5.542522935610679, 'qtty_records': 9}
[92mINFO [0m:      configure_evaluate: Sampled 10 nodes (out of 10)
[92mINFO [0m:      aggregate_evaluate: Received 10 results and 0 failures
[92mINFO [0m:      	└──> Aggregated MetricRecord: {'eval_loss': 1.911448346450925, 'eval_acc': 0.3246, 'time': 218.27802228927612}
[92mINFO [0m:      
[92mINFO [0m:      [ROUND 24/100]
[92mINFO [0m:      configure_train: Sampled 9 nodes (out of 10)
[92mINFO [0m:      aggregate_train: Received 10 results and 0 failures
[92mINFO [0m:      	└──> Aggregated MetricRecord: {'train_loss': 1.894512435722351, 'train_time': 6.077912275120616, 'qtty_records': 10}
[92mINFO [0m:      configure_evaluate: Sampled 10 nodes (out of 10)
[92mINFO [0m:      aggregate_evaluate: Received 10 results and 0 failures
[92mINFO [0m:      	└──> Aggregated MetricRecord: {'eval_loss': 1.942063568532467, 'eval_acc': 0.30910000000000004, 'time': 225.4114694595337}
[92mINFO [0m:      
[92mINFO [0m:      [ROUND 25/100]
[92mINFO [0m:      configure_train: Sampled 10 nodes (out of 10)
[92mINFO [0m:      aggregate_train: Received 9 results and 0 failures
[92mINFO [0m:      	└──> Aggregated MetricRecord: {'train_loss': 1.8809675606621634, 'train_time': 5.564031594950292, 'qtty_records': 9}
[92mINFO [0m:      configure_evaluate: Sampled 10 nodes (out of 10)
[92mINFO [0m:      aggregate_evaluate: Received 10 results and 0 failures
[92mINFO [0m:      	└──> Aggregated MetricRecord: {'eval_loss': 1.8691666886210445, 'eval_acc': 0.35250000000000004, 'time': 232.5431056022644}
[92mINFO [0m:      
[92mINFO [0m:      [ROUND 26/100]
[92mINFO [0m:      configure_train: Sampled 9 nodes (out of 10)
[92mINFO [0m:      aggregate_train: Received 10 results and 0 failures
[92mINFO [0m:      	└──> Aggregated MetricRecord: {'train_loss': 1.8835934811592105, 'train_time': 6.0705396819859745, 'qtty_records': 10}
[92mINFO [0m:      configure_evaluate: Sampled 10 nodes (out of 10)
[92mINFO [0m:      aggregate_evaluate: Received 10 results and 0 failures
[92mINFO [0m:      	└──> Aggregated MetricRecord: {'eval_loss': 1.92646892555058, 'eval_acc': 0.3205, 'time': 239.70969414710999}
[92mINFO [0m:      
[92mINFO [0m:      [ROUND 27/100]
[92mINFO [0m:      configure_train: Sampled 10 nodes (out of 10)
[92mINFO [0m:      aggregate_train: Received 9 results and 0 failures
[92mINFO [0m:      	└──> Aggregated MetricRecord: {'train_loss': 1.8854876834021674, 'train_time': 5.559055527672172, 'qtty_records': 9}
[92mINFO [0m:      configure_evaluate: Sampled 10 nodes (out of 10)
[92mINFO [0m:      aggregate_evaluate: Received 10 results and 0 failures
[92mINFO [0m:      	└──> Aggregated MetricRecord: {'eval_loss': 1.859799308329821, 'eval_acc': 0.3368, 'time': 246.84156107902527}
[92mINFO [0m:      
[92mINFO [0m:      [ROUND 28/100]
[92mINFO [0m:      configure_train: Sampled 9 nodes (out of 10)
[92mINFO [0m:      aggregate_train: Received 10 results and 0 failures
[92mINFO [0m:      	└──> Aggregated MetricRecord: {'train_loss': 1.8801717419624329, 'train_time': 6.059863509982824, 'qtty_records': 10}
[92mINFO [0m:      configure_evaluate: Sampled 10 nodes (out of 10)
[92mINFO [0m:      aggregate_evaluate: Received 10 results and 0 failures
[92mINFO [0m:      	└──> Aggregated MetricRecord: {'eval_loss': 1.8915553234517577, 'eval_acc': 0.32770000000000005, 'time': 253.9773666858673}
[92mINFO [0m:      
[92mINFO [0m:      [ROUND 29/100]
[92mINFO [0m:      configure_train: Sampled 10 nodes (out of 10)
[92mINFO [0m:      aggregate_train: Received 9 results and 0 failures
[92mINFO [0m:      	└──> Aggregated MetricRecord: {'train_loss': 1.8565293446646793, 'train_time': 5.5713855936709376, 'qtty_records': 9}
[92mINFO [0m:      configure_evaluate: Sampled 10 nodes (out of 10)
[92mINFO [0m:      aggregate_evaluate: Received 10 results and 0 failures
[92mINFO [0m:      	└──> Aggregated MetricRecord: {'eval_loss': 1.8874883007258179, 'eval_acc': 0.3241, 'time': 261.01084780693054}
[92mINFO [0m:      
[92mINFO [0m:      [ROUND 30/100]
[92mINFO [0m:      configure_train: Sampled 9 nodes (out of 10)
[92mINFO [0m:      aggregate_train: Received 10 results and 0 failures
[92mINFO [0m:      	└──> Aggregated MetricRecord: {'train_loss': 1.8752564602851869, 'train_time': 6.070320154912769, 'qtty_records': 10}
[92mINFO [0m:      configure_evaluate: Sampled 10 nodes (out of 10)
[92mINFO [0m:      aggregate_evaluate: Received 10 results and 0 failures
[92mINFO [0m:      	└──> Aggregated MetricRecord: {'eval_loss': 1.8803893890231846, 'eval_acc': 0.3371, 'time': 268.1710319519043}
[92mINFO [0m:      
[92mINFO [0m:      [ROUND 31/100]
[92mINFO [0m:      configure_train: Sampled 10 nodes (out of 10)
[92mINFO [0m:      aggregate_train: Received 9 results and 0 failures
[92mINFO [0m:      	└──> Aggregated MetricRecord: {'train_loss': 1.8914694899453055, 'train_time': 5.562374887160129, 'qtty_records': 9}
[92mINFO [0m:      configure_evaluate: Sampled 10 nodes (out of 10)
[92mINFO [0m:      aggregate_evaluate: Received 10 results and 0 failures
[92mINFO [0m:      	└──> Aggregated MetricRecord: {'eval_loss': 1.9611577179282906, 'eval_acc': 0.3224, 'time': 275.30559277534485}
[92mINFO [0m:      
[92mINFO [0m:      [ROUND 32/100]
[92mINFO [0m:      configure_train: Sampled 9 nodes (out of 10)
[92mINFO [0m:      aggregate_train: Received 10 results and 0 failures
[92mINFO [0m:      	└──> Aggregated MetricRecord: {'train_loss': 1.8710473340034484, 'train_time': 6.070696417987347, 'qtty_records': 10}
[92mINFO [0m:      configure_evaluate: Sampled 10 nodes (out of 10)
[92mINFO [0m:      aggregate_evaluate: Received 10 results and 0 failures
[92mINFO [0m:      	└──> Aggregated MetricRecord: {'eval_loss': 1.8794820867478848, 'eval_acc': 0.3344, 'time': 282.464403629303}
[92mINFO [0m:      
[92mINFO [0m:      [ROUND 33/100]
[92mINFO [0m:      configure_train: Sampled 10 nodes (out of 10)
[92mINFO [0m:      aggregate_train: Received 9 results and 0 failures
[92mINFO [0m:      	└──> Aggregated MetricRecord: {'train_loss': 1.8733843681547377, 'train_time': 5.550988908236225, 'qtty_records': 9}
[92mINFO [0m:      configure_evaluate: Sampled 10 nodes (out of 10)
[92mINFO [0m:      aggregate_evaluate: Received 10 results and 0 failures
[92mINFO [0m:      	└──> Aggregated MetricRecord: {'eval_loss': 1.8761271104216575, 'eval_acc': 0.3416, 'time': 289.4965145587921}
[92mINFO [0m:      
[92mINFO [0m:      [ROUND 34/100]
[92mINFO [0m:      configure_train: Sampled 9 nodes (out of 10)
[92mINFO [0m:      aggregate_train: Received 10 results and 0 failures
[92mINFO [0m:      	└──> Aggregated MetricRecord: {'train_loss': 1.8686378400802612, 'train_time': 6.060890634916722, 'qtty_records': 10}
[92mINFO [0m:      configure_evaluate: Sampled 10 nodes (out of 10)
[92mINFO [0m:      aggregate_evaluate: Received 10 results and 0 failures
[92mINFO [0m:      	└──> Aggregated MetricRecord: {'eval_loss': 1.8894888911396266, 'eval_acc': 0.338, 'time': 296.55745005607605}
[92mINFO [0m:      
[92mINFO [0m:      [ROUND 35/100]
[92mINFO [0m:      configure_train: Sampled 10 nodes (out of 10)
[92mINFO [0m:      aggregate_train: Received 9 results and 0 failures
[92mINFO [0m:      	└──> Aggregated MetricRecord: {'train_loss': 1.859423158009847, 'train_time': 5.558201694654094, 'qtty_records': 9}
[92mINFO [0m:      configure_evaluate: Sampled 10 nodes (out of 10)
[92mINFO [0m:      aggregate_evaluate: Received 10 results and 0 failures
[92mINFO [0m:      	└──> Aggregated MetricRecord: {'eval_loss': 1.9141721162945036, 'eval_acc': 0.3215, 'time': 303.71590399742126}
[92mINFO [0m:      
[92mINFO [0m:      [ROUND 36/100]
[92mINFO [0m:      configure_train: Sampled 9 nodes (out of 10)
[92mINFO [0m:      aggregate_train: Received 10 results and 0 failures
[92mINFO [0m:      	└──> Aggregated MetricRecord: {'train_loss': 1.8706064077377318, 'train_time': 6.070585763640702, 'qtty_records': 10}
[92mINFO [0m:      configure_evaluate: Sampled 10 nodes (out of 10)
[92mINFO [0m:      aggregate_evaluate: Received 10 results and 0 failures
[92mINFO [0m:      	└──> Aggregated MetricRecord: {'eval_loss': 1.9210335932672022, 'eval_acc': 0.3329, 'time': 310.74955677986145}
[92mINFO [0m:      
[92mINFO [0m:      [ROUND 37/100]
[92mINFO [0m:      configure_train: Sampled 10 nodes (out of 10)
[92mINFO [0m:      aggregate_train: Received 9 results and 0 failures
[92mINFO [0m:      	└──> Aggregated MetricRecord: {'train_loss': 1.861868247879876, 'train_time': 5.550390544657906, 'qtty_records': 9}
[92mINFO [0m:      configure_evaluate: Sampled 10 nodes (out of 10)
[92mINFO [0m:      aggregate_evaluate: Received 10 results and 0 failures
[92mINFO [0m:      	└──> Aggregated MetricRecord: {'eval_loss': 1.8270099513232707, 'eval_acc': 0.35739999999999994, 'time': 317.9095115661621}
[92mINFO [0m:      
[92mINFO [0m:      [ROUND 38/100]
[92mINFO [0m:      configure_train: Sampled 9 nodes (out of 10)
[92mINFO [0m:      aggregate_train: Received 10 results and 0 failures
[92mINFO [0m:      	└──> Aggregated MetricRecord: {'train_loss': 1.8624447463035583, 'train_time': 6.0591128649190065, 'qtty_records': 10}
[92mINFO [0m:      configure_evaluate: Sampled 10 nodes (out of 10)
[92mINFO [0m:      aggregate_evaluate: Received 10 results and 0 failures
[92mINFO [0m:      	└──> Aggregated MetricRecord: {'eval_loss': 1.8865116976201535, 'eval_acc': 0.33620000000000005, 'time': 325.0752170085907}
[92mINFO [0m:      
[92mINFO [0m:      [ROUND 39/100]
[92mINFO [0m:      configure_train: Sampled 10 nodes (out of 10)
[92mINFO [0m:      aggregate_train: Received 9 results and 0 failures
[92mINFO [0m:      	└──> Aggregated MetricRecord: {'train_loss': 1.8520240193472968, 'train_time': 5.556115619631277, 'qtty_records': 9}
[92mINFO [0m:      configure_evaluate: Sampled 10 nodes (out of 10)
[92mINFO [0m:      aggregate_evaluate: Received 10 results and 0 failures
[92mINFO [0m:      	└──> Aggregated MetricRecord: {'eval_loss': 1.8798440326005221, 'eval_acc': 0.33420000000000005, 'time': 332.2095584869385}
[92mINFO [0m:      
[92mINFO [0m:      [ROUND 40/100]
[92mINFO [0m:      configure_train: Sampled 9 nodes (out of 10)
[92mINFO [0m:      aggregate_train: Received 10 results and 0 failures
[92mINFO [0m:      	└──> Aggregated MetricRecord: {'train_loss': 1.8624910515785218, 'train_time': 6.074977780506015, 'qtty_records': 10}
[92mINFO [0m:      configure_evaluate: Sampled 10 nodes (out of 10)
[92mINFO [0m:      aggregate_evaluate: Received 10 results and 0 failures
[92mINFO [0m:      	└──> Aggregated MetricRecord: {'eval_loss': 1.8283163435757162, 'eval_acc': 0.366, 'time': 339.37083673477173}
[92mINFO [0m:      
[92mINFO [0m:      [ROUND 41/100]
[92mINFO [0m:      configure_train: Sampled 10 nodes (out of 10)
[92mINFO [0m:      aggregate_train: Received 9 results and 0 failures
[92mINFO [0m:      	└──> Aggregated MetricRecord: {'train_loss': 1.849533840391371, 'train_time': 5.5459151390112105, 'qtty_records': 9}
[92mINFO [0m:      configure_evaluate: Sampled 10 nodes (out of 10)
[92mINFO [0m:      aggregate_evaluate: Received 10 results and 0 failures
[92mINFO [0m:      	└──> Aggregated MetricRecord: {'eval_loss': 1.8747604105621576, 'eval_acc': 0.3439, 'time': 346.60275411605835}
[92mINFO [0m:      
[92mINFO [0m:      [ROUND 42/100]
[92mINFO [0m:      configure_train: Sampled 9 nodes (out of 10)
[92mINFO [0m:      aggregate_train: Received 10 results and 0 failures
[92mINFO [0m:      	└──> Aggregated MetricRecord: {'train_loss': 1.871578462982178, 'train_time': 6.0577492389827965, 'qtty_records': 10}
[92mINFO [0m:      configure_evaluate: Sampled 10 nodes (out of 10)
[92mINFO [0m:      aggregate_evaluate: Received 10 results and 0 failures
[92mINFO [0m:      	└──> Aggregated MetricRecord: {'eval_loss': 1.9079910688102248, 'eval_acc': 0.3351, 'time': 353.7609007358551}
[92mINFO [0m:      
[92mINFO [0m:      [ROUND 43/100]
[92mINFO [0m:      configure_train: Sampled 10 nodes (out of 10)
[92mINFO [0m:      aggregate_train: Received 9 results and 0 failures
[92mINFO [0m:      	└──> Aggregated MetricRecord: {'train_loss': 1.8512027060190834, 'train_time': 5.551273210595052, 'qtty_records': 9}
[92mINFO [0m:      configure_evaluate: Sampled 10 nodes (out of 10)
[92mINFO [0m:      aggregate_evaluate: Received 10 results and 0 failures
[92mINFO [0m:      	└──> Aggregated MetricRecord: {'eval_loss': 1.8329792097210889, 'eval_acc': 0.36, 'time': 360.8932054042816}
[92mINFO [0m:      
[92mINFO [0m:      [ROUND 44/100]
[92mINFO [0m:      configure_train: Sampled 9 nodes (out of 10)
[92mINFO [0m:      aggregate_train: Received 10 results and 0 failures
[92mINFO [0m:      	└──> Aggregated MetricRecord: {'train_loss': 1.8494115174293522, 'train_time': 6.085125621780753, 'qtty_records': 10}
[92mINFO [0m:      configure_evaluate: Sampled 10 nodes (out of 10)
[92mINFO [0m:      aggregate_evaluate: Received 10 results and 0 failures
[92mINFO [0m:      	└──> Aggregated MetricRecord: {'eval_loss': 1.8589424725621941, 'eval_acc': 0.3527, 'time': 368.05345368385315}
[92mINFO [0m:      
[92mINFO [0m:      [ROUND 45/100]
[92mINFO [0m:      configure_train: Sampled 10 nodes (out of 10)
[92mINFO [0m:      aggregate_train: Received 9 results and 0 failures
[92mINFO [0m:      	└──> Aggregated MetricRecord: {'train_loss': 1.8593618244594996, 'train_time': 5.550757984320323, 'qtty_records': 9}
[92mINFO [0m:      configure_evaluate: Sampled 10 nodes (out of 10)
[92mINFO [0m:      aggregate_evaluate: Received 10 results and 0 failures
[92mINFO [0m:      	└──> Aggregated MetricRecord: {'eval_loss': 1.8717570994049313, 'eval_acc': 0.3469, 'time': 375.2172498703003}
[92mINFO [0m:      
[92mINFO [0m:      [ROUND 46/100]
[92mINFO [0m:      configure_train: Sampled 9 nodes (out of 10)
[92mINFO [0m:      aggregate_train: Received 10 results and 0 failures
[92mINFO [0m:      	└──> Aggregated MetricRecord: {'train_loss': 1.8466075814247132, 'train_time': 6.039666612632573, 'qtty_records': 10}
[92mINFO [0m:      configure_evaluate: Sampled 10 nodes (out of 10)
[92mINFO [0m:      aggregate_evaluate: Received 10 results and 0 failures
[92mINFO [0m:      	└──> Aggregated MetricRecord: {'eval_loss': 1.9098502688109877, 'eval_acc': 0.3332, 'time': 382.29192543029785}
[92mINFO [0m:      
[92mINFO [0m:      [ROUND 47/100]
[92mINFO [0m:      configure_train: Sampled 10 nodes (out of 10)
[92mINFO [0m:      aggregate_train: Received 9 results and 0 failures
[92mINFO [0m:      	└──> Aggregated MetricRecord: {'train_loss': 1.8516220566431683, 'train_time': 5.532530972527133, 'qtty_records': 9}
[92mINFO [0m:      configure_evaluate: Sampled 10 nodes (out of 10)
[92mINFO [0m:      aggregate_evaluate: Received 10 results and 0 failures
[92mINFO [0m:      	└──> Aggregated MetricRecord: {'eval_loss': 1.8543914303183557, 'eval_acc': 0.3595, 'time': 389.42560720443726}
[92mINFO [0m:      
[92mINFO [0m:      [ROUND 48/100]
[92mINFO [0m:      configure_train: Sampled 9 nodes (out of 10)
[92mINFO [0m:      aggregate_train: Received 10 results and 0 failures
[92mINFO [0m:      	└──> Aggregated MetricRecord: {'train_loss': 1.8431577716827394, 'train_time': 6.0623173886910084, 'qtty_records': 10}
[92mINFO [0m:      configure_evaluate: Sampled 10 nodes (out of 10)
[92mINFO [0m:      aggregate_evaluate: Received 10 results and 0 failures
[92mINFO [0m:      	└──> Aggregated MetricRecord: {'eval_loss': 1.8365777593106034, 'eval_acc': 0.3746, 'time': 396.4608027935028}
[92mINFO [0m:      
[92mINFO [0m:      [ROUND 49/100]
[92mINFO [0m:      configure_train: Sampled 10 nodes (out of 10)
[92mINFO [0m:      aggregate_train: Received 9 results and 0 failures
[92mINFO [0m:      	└──> Aggregated MetricRecord: {'train_loss': 1.842032894876268, 'train_time': 5.534659121185541, 'qtty_records': 9}
[92mINFO [0m:      configure_evaluate: Sampled 10 nodes (out of 10)
[92mINFO [0m:      aggregate_evaluate: Received 10 results and 0 failures
[92mINFO [0m:      	└──> Aggregated MetricRecord: {'eval_loss': 1.8537891589105129, 'eval_acc': 0.3628, 'time': 403.6163766384125}
[92mINFO [0m:      
[92mINFO [0m:      [ROUND 50/100]
[92mINFO [0m:      configure_train: Sampled 9 nodes (out of 10)
[92mINFO [0m:      aggregate_train: Received 10 results and 0 failures
[92mINFO [0m:      	└──> Aggregated MetricRecord: {'train_loss': 1.8679400931358339, 'train_time': 6.058730918727815, 'qtty_records': 10}
[92mINFO [0m:      configure_evaluate: Sampled 10 nodes (out of 10)
[92mINFO [0m:      aggregate_evaluate: Received 10 results and 0 failures
[92mINFO [0m:      	└──> Aggregated MetricRecord: {'eval_loss': 1.8950949762016538, 'eval_acc': 0.3504, 'time': 410.7794842720032}
[92mINFO [0m:      
[92mINFO [0m:      [ROUND 51/100]
[92mINFO [0m:      configure_train: Sampled 10 nodes (out of 10)
[92mINFO [0m:      aggregate_train: Received 9 results and 0 failures
[92mINFO [0m:      	└──> Aggregated MetricRecord: {'train_loss': 1.861839811960856, 'train_time': 5.532671359057228, 'qtty_records': 9}
[92mINFO [0m:      configure_evaluate: Sampled 10 nodes (out of 10)
[92mINFO [0m:      aggregate_evaluate: Received 10 results and 0 failures
[92mINFO [0m:      	└──> Aggregated MetricRecord: {'eval_loss': 1.8564068876206876, 'eval_acc': 0.35340000000000005, 'time': 417.91224932670593}
[92mINFO [0m:      
[92mINFO [0m:      [ROUND 52/100]
[92mINFO [0m:      configure_train: Sampled 9 nodes (out of 10)
[92mINFO [0m:      aggregate_train: Received 10 results and 0 failures
[92mINFO [0m:      	└──> Aggregated MetricRecord: {'train_loss': 1.844773661708832, 'train_time': 6.065846828371287, 'qtty_records': 10}
[92mINFO [0m:      configure_evaluate: Sampled 10 nodes (out of 10)
[92mINFO [0m:      aggregate_evaluate: Received 10 results and 0 failures
[92mINFO [0m:      	└──> Aggregated MetricRecord: {'eval_loss': 1.8487612288445237, 'eval_acc': 0.36860000000000004, 'time': 424.94685912132263}
[92mINFO [0m:      
[92mINFO [0m:      [ROUND 53/100]
[92mINFO [0m:      configure_train: Sampled 10 nodes (out of 10)
[92mINFO [0m:      aggregate_train: Received 9 results and 0 failures
[92mINFO [0m:      	└──> Aggregated MetricRecord: {'train_loss': 1.8174558953179252, 'train_time': 5.537777652757035, 'qtty_records': 9}
[92mINFO [0m:      configure_evaluate: Sampled 10 nodes (out of 10)
[92mINFO [0m:      aggregate_evaluate: Received 10 results and 0 failures
[92mINFO [0m:      	└──> Aggregated MetricRecord: {'eval_loss': 1.8590644635260107, 'eval_acc': 0.3578, 'time': 432.07863211631775}
[92mINFO [0m:      
[92mINFO [0m:      [ROUND 54/100]
[92mINFO [0m:      configure_train: Sampled 9 nodes (out of 10)
[92mINFO [0m:      aggregate_train: Received 10 results and 0 failures
[92mINFO [0m:      	└──> Aggregated MetricRecord: {'train_loss': 1.8260153823852543, 'train_time': 6.04622843042016, 'qtty_records': 10}
[92mINFO [0m:      configure_evaluate: Sampled 10 nodes (out of 10)
[92mINFO [0m:      aggregate_evaluate: Received 10 results and 0 failures
[92mINFO [0m:      	└──> Aggregated MetricRecord: {'eval_loss': 1.8468400046229365, 'eval_acc': 0.3642, 'time': 439.24313831329346}
[92mINFO [0m:      
[92mINFO [0m:      [ROUND 55/100]
[92mINFO [0m:      configure_train: Sampled 10 nodes (out of 10)
[92mINFO [0m:      aggregate_train: Received 9 results and 0 failures
[92mINFO [0m:      	└──> Aggregated MetricRecord: {'train_loss': 1.8273632620705496, 'train_time': 5.546948949909872, 'qtty_records': 9}
[92mINFO [0m:      configure_evaluate: Sampled 10 nodes (out of 10)
[92mINFO [0m:      aggregate_evaluate: Received 10 results and 0 failures
[92mINFO [0m:      	└──> Aggregated MetricRecord: {'eval_loss': 1.8380873031914235, 'eval_acc': 0.36590000000000006, 'time': 446.37493658065796}
[92mINFO [0m:      
[92mINFO [0m:      [ROUND 56/100]
[92mINFO [0m:      configure_train: Sampled 9 nodes (out of 10)
[92mINFO [0m:      aggregate_train: Received 10 results and 0 failures
[92mINFO [0m:      	└──> Aggregated MetricRecord: {'train_loss': 1.8438138352394104, 'train_time': 6.039357070252299, 'qtty_records': 10}
[92mINFO [0m:      configure_evaluate: Sampled 10 nodes (out of 10)
[92mINFO [0m:      aggregate_evaluate: Received 10 results and 0 failures
[92mINFO [0m:      	└──> Aggregated MetricRecord: {'eval_loss': 1.8965941786766052, 'eval_acc': 0.32830000000000004, 'time': 453.53823471069336}
[92mINFO [0m:      
[92mINFO [0m:      [ROUND 57/100]
[92mINFO [0m:      configure_train: Sampled 10 nodes (out of 10)
[92mINFO [0m:      aggregate_train: Received 9 results and 0 failures
[92mINFO [0m:      	└──> Aggregated MetricRecord: {'train_loss': 1.816214312871297, 'train_time': 5.53071100761493, 'qtty_records': 9}
[92mINFO [0m:      configure_evaluate: Sampled 10 nodes (out of 10)
[92mINFO [0m:      aggregate_evaluate: Received 10 results and 0 failures
[92mINFO [0m:      	└──> Aggregated MetricRecord: {'eval_loss': 1.8346753649413587, 'eval_acc': 0.3748, 'time': 460.6963953971863}
[92mINFO [0m:      
[92mINFO [0m:      [ROUND 58/100]
[92mINFO [0m:      configure_train: Sampled 9 nodes (out of 10)
[92mINFO [0m:      aggregate_train: Received 10 results and 0 failures
[92mINFO [0m:      	└──> Aggregated MetricRecord: {'train_loss': 1.8366429626464846, 'train_time': 6.054842872545123, 'qtty_records': 10}
[92mINFO [0m:      configure_evaluate: Sampled 10 nodes (out of 10)
[92mINFO [0m:      aggregate_evaluate: Received 10 results and 0 failures
[92mINFO [0m:      	└──> Aggregated MetricRecord: {'eval_loss': 1.810532708093524, 'eval_acc': 0.37459999999999993, 'time': 467.8601801395416}
[92mINFO [0m:      
[92mINFO [0m:      [ROUND 59/100]
[92mINFO [0m:      configure_train: Sampled 10 nodes (out of 10)
[92mINFO [0m:      aggregate_train: Received 9 results and 0 failures
[92mINFO [0m:      	└──> Aggregated MetricRecord: {'train_loss': 1.855459039794074, 'train_time': 5.5468085120535555, 'qtty_records': 9}
[92mINFO [0m:      configure_evaluate: Sampled 10 nodes (out of 10)
[92mINFO [0m:      aggregate_evaluate: Received 10 results and 0 failures
[92mINFO [0m:      	└──> Aggregated MetricRecord: {'eval_loss': 1.9076507769525053, 'eval_acc': 0.3549, 'time': 474.99616837501526}
[92mINFO [0m:      
[92mINFO [0m:      [ROUND 60/100]
[92mINFO [0m:      configure_train: Sampled 9 nodes (out of 10)
[92mINFO [0m:      aggregate_train: Received 10 results and 0 failures
[92mINFO [0m:      	└──> Aggregated MetricRecord: {'train_loss': 1.8434383011817936, 'train_time': 6.051468938402832, 'qtty_records': 10}
[92mINFO [0m:      configure_evaluate: Sampled 10 nodes (out of 10)
[92mINFO [0m:      aggregate_evaluate: Received 10 results and 0 failures
[92mINFO [0m:      	└──> Aggregated MetricRecord: {'eval_loss': 1.8288397885859013, 'eval_acc': 0.36639999999999995, 'time': 482.0545983314514}
[92mINFO [0m:      
[92mINFO [0m:      [ROUND 61/100]
[92mINFO [0m:      configure_train: Sampled 10 nodes (out of 10)
[92mINFO [0m:      aggregate_train: Received 9 results and 0 failures
[92mINFO [0m:      	└──> Aggregated MetricRecord: {'train_loss': 1.846296318689982, 'train_time': 5.53515151494907, 'qtty_records': 9}
[92mINFO [0m:      configure_evaluate: Sampled 10 nodes (out of 10)
[92mINFO [0m:      aggregate_evaluate: Received 10 results and 0 failures
[92mINFO [0m:      	└──> Aggregated MetricRecord: {'eval_loss': 1.8338177729398013, 'eval_acc': 0.3738, 'time': 489.1873633861542}
[92mINFO [0m:      
[92mINFO [0m:      [ROUND 62/100]
[92mINFO [0m:      configure_train: Sampled 9 nodes (out of 10)
[92mINFO [0m:      aggregate_train: Received 10 results and 0 failures
[92mINFO [0m:      	└──> Aggregated MetricRecord: {'train_loss': 1.835136170578003, 'train_time': 6.048286955244839, 'qtty_records': 10}
[92mINFO [0m:      configure_evaluate: Sampled 10 nodes (out of 10)
[92mINFO [0m:      aggregate_evaluate: Received 10 results and 0 failures
[92mINFO [0m:      	└──> Aggregated MetricRecord: {'eval_loss': 1.8488823123276232, 'eval_acc': 0.36610000000000004, 'time': 496.24862265586853}
[92mINFO [0m:      
[92mINFO [0m:      [ROUND 63/100]
[92mINFO [0m:      configure_train: Sampled 10 nodes (out of 10)
[92mINFO [0m:      aggregate_train: Received 9 results and 0 failures
[92mINFO [0m:      	└──> Aggregated MetricRecord: {'train_loss': 1.8394383100933496, 'train_time': 5.527159587583608, 'qtty_records': 9}
[92mINFO [0m:      configure_evaluate: Sampled 10 nodes (out of 10)
[92mINFO [0m:      aggregate_evaluate: Received 10 results and 0 failures
[92mINFO [0m:      	└──> Aggregated MetricRecord: {'eval_loss': 1.8805726163089276, 'eval_acc': 0.35760000000000003, 'time': 503.38216042518616}
[92mINFO [0m:      
[92mINFO [0m:      [ROUND 64/100]
[92mINFO [0m:      configure_train: Sampled 9 nodes (out of 10)
[92mINFO [0m:      aggregate_train: Received 10 results and 0 failures
[92mINFO [0m:      	└──> Aggregated MetricRecord: {'train_loss': 1.8184670711517334, 'train_time': 6.052750743180513, 'qtty_records': 10}
[92mINFO [0m:      configure_evaluate: Sampled 10 nodes (out of 10)
[92mINFO [0m:      aggregate_evaluate: Received 10 results and 0 failures
[92mINFO [0m:      	└──> Aggregated MetricRecord: {'eval_loss': 1.8612413205206395, 'eval_acc': 0.359, 'time': 510.55233931541443}
[92mINFO [0m:      
[92mINFO [0m:      [ROUND 65/100]
[92mINFO [0m:      configure_train: Sampled 10 nodes (out of 10)
[92mINFO [0m:      aggregate_train: Received 9 results and 0 failures
[92mINFO [0m:      	└──> Aggregated MetricRecord: {'train_loss': 1.8404328250885007, 'train_time': 5.483161913437976, 'qtty_records': 9}
[92mINFO [0m:      configure_evaluate: Sampled 10 nodes (out of 10)
[92mINFO [0m:      aggregate_evaluate: Received 10 results and 0 failures
[92mINFO [0m:      	└──> Aggregated MetricRecord: {'eval_loss': 1.8827602099627259, 'eval_acc': 0.3487, 'time': 517.6851494312286}
[92mINFO [0m:      
[92mINFO [0m:      [ROUND 66/100]
[92mINFO [0m:      configure_train: Sampled 9 nodes (out of 10)
[92mINFO [0m:      aggregate_train: Received 10 results and 0 failures
[92mINFO [0m:      	└──> Aggregated MetricRecord: {'train_loss': 1.8461593912124634, 'train_time': 6.008111348561942, 'qtty_records': 10}
[92mINFO [0m:      configure_evaluate: Sampled 10 nodes (out of 10)
[92mINFO [0m:      aggregate_evaluate: Received 10 results and 0 failures
[92mINFO [0m:      	└──> Aggregated MetricRecord: {'eval_loss': 1.824582720175386, 'eval_acc': 0.359, 'time': 524.8485083580017}
[92mINFO [0m:      
[92mINFO [0m:      [ROUND 67/100]
[92mINFO [0m:      configure_train: Sampled 10 nodes (out of 10)
[92mINFO [0m:      aggregate_train: Received 9 results and 0 failures
[92mINFO [0m:      	└──> Aggregated MetricRecord: {'train_loss': 1.8298798911836407, 'train_time': 5.453133201019631, 'qtty_records': 9}
[92mINFO [0m:      configure_evaluate: Sampled 10 nodes (out of 10)
[92mINFO [0m:      aggregate_evaluate: Received 10 results and 0 failures
[92mINFO [0m:      	└──> Aggregated MetricRecord: {'eval_loss': 1.8581729728728535, 'eval_acc': 0.36379999999999996, 'time': 531.9013075828552}
[92mINFO [0m:      
[92mINFO [0m:      [ROUND 68/100]
[92mINFO [0m:      configure_train: Sampled 9 nodes (out of 10)
[92mINFO [0m:      aggregate_train: Received 10 results and 0 failures
[92mINFO [0m:      	└──> Aggregated MetricRecord: {'train_loss': 1.848727366733551, 'train_time': 5.965512460842729, 'qtty_records': 10}
[92mINFO [0m:      configure_evaluate: Sampled 10 nodes (out of 10)
[92mINFO [0m:      aggregate_evaluate: Received 10 results and 0 failures
[92mINFO [0m:      	└──> Aggregated MetricRecord: {'eval_loss': 1.8625060569494967, 'eval_acc': 0.3718, 'time': 538.9625055789948}
[92mINFO [0m:      
[92mINFO [0m:      [ROUND 69/100]
[92mINFO [0m:      configure_train: Sampled 10 nodes (out of 10)
[92mINFO [0m:      aggregate_train: Received 9 results and 0 failures
[92mINFO [0m:      	└──> Aggregated MetricRecord: {'train_loss': 1.8291531093385485, 'train_time': 5.475085785819425, 'qtty_records': 9}
[92mINFO [0m:      configure_evaluate: Sampled 10 nodes (out of 10)
[92mINFO [0m:      aggregate_evaluate: Received 10 results and 0 failures
[92mINFO [0m:      	└──> Aggregated MetricRecord: {'eval_loss': 1.8669822201132775, 'eval_acc': 0.36730000000000007, 'time': 546.1071736812592}
[92mINFO [0m:      
[92mINFO [0m:      [ROUND 70/100]
[92mINFO [0m:      configure_train: Sampled 9 nodes (out of 10)
[92mINFO [0m:      aggregate_train: Received 10 results and 0 failures
[92mINFO [0m:      	└──> Aggregated MetricRecord: {'train_loss': 1.834964537906647, 'train_time': 5.988898114301264, 'qtty_records': 10}
[92mINFO [0m:      configure_evaluate: Sampled 10 nodes (out of 10)
[92mINFO [0m:      aggregate_evaluate: Received 10 results and 0 failures
[92mINFO [0m:      	└──> Aggregated MetricRecord: {'eval_loss': 1.8474605090916159, 'eval_acc': 0.3547, 'time': 553.14182472229}
[92mINFO [0m:      
[92mINFO [0m:      [ROUND 71/100]
[92mINFO [0m:      configure_train: Sampled 10 nodes (out of 10)
[92mINFO [0m:      aggregate_train: Received 9 results and 0 failures
[92mINFO [0m:      	└──> Aggregated MetricRecord: {'train_loss': 1.8279314884609645, 'train_time': 5.506800177403623, 'qtty_records': 9}
[92mINFO [0m:      configure_evaluate: Sampled 10 nodes (out of 10)
[92mINFO [0m:      aggregate_evaluate: Received 10 results and 0 failures
[92mINFO [0m:      	└──> Aggregated MetricRecord: {'eval_loss': 1.8174371313303712, 'eval_acc': 0.3757000000000001, 'time': 560.1742401123047}
[92mINFO [0m:      
[92mINFO [0m:      [ROUND 72/100]
[92mINFO [0m:      configure_train: Sampled 9 nodes (out of 10)
[92mINFO [0m:      aggregate_train: Received 10 results and 0 failures
[92mINFO [0m:      	└──> Aggregated MetricRecord: {'train_loss': 1.8236599199295045, 'train_time': 6.0514981232583525, 'qtty_records': 10}
[92mINFO [0m:      configure_evaluate: Sampled 10 nodes (out of 10)
[92mINFO [0m:      aggregate_evaluate: Received 10 results and 0 failures
[92mINFO [0m:      	└──> Aggregated MetricRecord: {'eval_loss': 1.7997586615383627, 'eval_acc': 0.38460000000000005, 'time': 567.3366582393646}
[92mINFO [0m:      
[92mINFO [0m:      [ROUND 73/100]
[92mINFO [0m:      configure_train: Sampled 10 nodes (out of 10)
[92mINFO [0m:      aggregate_train: Received 9 results and 0 failures
[92mINFO [0m:      	└──> Aggregated MetricRecord: {'train_loss': 1.8118088050418433, 'train_time': 5.536878960414065, 'qtty_records': 9}
[92mINFO [0m:      configure_evaluate: Sampled 10 nodes (out of 10)
[92mINFO [0m:      aggregate_evaluate: Received 10 results and 0 failures
[92mINFO [0m:      	└──> Aggregated MetricRecord: {'eval_loss': 1.815000783279538, 'eval_acc': 0.38380000000000003, 'time': 574.4710757732391}
[92mINFO [0m:      
[92mINFO [0m:      [ROUND 74/100]
[92mINFO [0m:      configure_train: Sampled 9 nodes (out of 10)
[92mINFO [0m:      aggregate_train: Received 10 results and 0 failures
[92mINFO [0m:      	└──> Aggregated MetricRecord: {'train_loss': 1.8258789670944218, 'train_time': 6.042182595841586, 'qtty_records': 10}
[92mINFO [0m:      configure_evaluate: Sampled 10 nodes (out of 10)
[92mINFO [0m:      aggregate_evaluate: Received 10 results and 0 failures
[92mINFO [0m:      	└──> Aggregated MetricRecord: {'eval_loss': 1.8449878845363856, 'eval_acc': 0.3635, 'time': 581.5355250835419}
[92mINFO [0m:      
[92mINFO [0m:      [ROUND 75/100]
[92mINFO [0m:      configure_train: Sampled 10 nodes (out of 10)
[92mINFO [0m:      aggregate_train: Received 9 results and 0 failures
[92mINFO [0m:      	└──> Aggregated MetricRecord: {'train_loss': 1.8215535299513073, 'train_time': 5.534874392673373, 'qtty_records': 9}
[92mINFO [0m:      configure_evaluate: Sampled 10 nodes (out of 10)
[92mINFO [0m:      aggregate_evaluate: Received 10 results and 0 failures
[92mINFO [0m:      	└──> Aggregated MetricRecord: {'eval_loss': 1.8588121488690377, 'eval_acc': 0.38210000000000005, 'time': 588.6679861545563}
[92mINFO [0m:      
[92mINFO [0m:      [ROUND 76/100]
[92mINFO [0m:      configure_train: Sampled 9 nodes (out of 10)
[92mINFO [0m:      aggregate_train: Received 10 results and 0 failures
[92mINFO [0m:      	└──> Aggregated MetricRecord: {'train_loss': 1.8289166751861572, 'train_time': 6.050067143701017, 'qtty_records': 10}
[92mINFO [0m:      configure_evaluate: Sampled 10 nodes (out of 10)
[92mINFO [0m:      aggregate_evaluate: Received 10 results and 0 failures
[92mINFO [0m:      	└──> Aggregated MetricRecord: {'eval_loss': 1.851964855194092, 'eval_acc': 0.3697000000000001, 'time': 595.729368686676}
[92mINFO [0m:      
[92mINFO [0m:      [ROUND 77/100]
[92mINFO [0m:      configure_train: Sampled 10 nodes (out of 10)
[92mINFO [0m:      aggregate_train: Received 9 results and 0 failures
[92mINFO [0m:      	└──> Aggregated MetricRecord: {'train_loss': 1.8402145795822142, 'train_time': 5.530164741393593, 'qtty_records': 9}
[92mINFO [0m:      configure_evaluate: Sampled 10 nodes (out of 10)
[92mINFO [0m:      aggregate_evaluate: Received 10 results and 0 failures
[92mINFO [0m:      	└──> Aggregated MetricRecord: {'eval_loss': 1.8478864599019293, 'eval_acc': 0.3776, 'time': 602.8621616363525}
[92mINFO [0m:      
[92mINFO [0m:      [ROUND 78/100]
[92mINFO [0m:      configure_train: Sampled 9 nodes (out of 10)
[92mINFO [0m:      aggregate_train: Received 10 results and 0 failures
[92mINFO [0m:      	└──> Aggregated MetricRecord: {'train_loss': 1.8397160245895385, 'train_time': 6.039917362295091, 'qtty_records': 10}
[92mINFO [0m:      configure_evaluate: Sampled 10 nodes (out of 10)
[92mINFO [0m:      aggregate_evaluate: Received 10 results and 0 failures
[92mINFO [0m:      	└──> Aggregated MetricRecord: {'eval_loss': 1.9220811761915684, 'eval_acc': 0.3411, 'time': 610.0384287834167}
[92mINFO [0m:      
[92mINFO [0m:      [ROUND 79/100]
[92mINFO [0m:      configure_train: Sampled 10 nodes (out of 10)
[92mINFO [0m:      aggregate_train: Received 9 results and 0 failures
[92mINFO [0m:      	└──> Aggregated MetricRecord: {'train_loss': 1.8177421333524912, 'train_time': 5.561219471817215, 'qtty_records': 9}
[92mINFO [0m:      configure_evaluate: Sampled 10 nodes (out of 10)
[92mINFO [0m:      aggregate_evaluate: Received 10 results and 0 failures
[92mINFO [0m:      	└──> Aggregated MetricRecord: {'eval_loss': 1.8437612108886243, 'eval_acc': 0.3752, 'time': 617.17040848732}
[92mINFO [0m:      
[92mINFO [0m:      [ROUND 80/100]
[92mINFO [0m:      configure_train: Sampled 9 nodes (out of 10)
[92mINFO [0m:      aggregate_train: Received 10 results and 0 failures
[92mINFO [0m:      	└──> Aggregated MetricRecord: {'train_loss': 1.8135149426460269, 'train_time': 6.036734655313194, 'qtty_records': 10}
[92mINFO [0m:      configure_evaluate: Sampled 10 nodes (out of 10)
[92mINFO [0m:      aggregate_evaluate: Received 10 results and 0 failures
[92mINFO [0m:      	└──> Aggregated MetricRecord: {'eval_loss': 1.8229599334299567, 'eval_acc': 0.39640000000000003, 'time': 624.311291217804}
[92mINFO [0m:      
[92mINFO [0m:      [ROUND 81/100]
[92mINFO [0m:      configure_train: Sampled 10 nodes (out of 10)
[92mINFO [0m:      aggregate_train: Received 9 results and 0 failures
[92mINFO [0m:      	└──> Aggregated MetricRecord: {'train_loss': 1.82729405286577, 'train_time': 5.514600661065844, 'qtty_records': 9}
[92mINFO [0m:      configure_evaluate: Sampled 10 nodes (out of 10)
[92mINFO [0m:      aggregate_evaluate: Received 10 results and 0 failures
[92mINFO [0m:      	└──> Aggregated MetricRecord: {'eval_loss': 1.7890965487807993, 'eval_acc': 0.39770000000000005, 'time': 631.3463439941406}
[92mINFO [0m:      
[92mINFO [0m:      [ROUND 82/100]
[92mINFO [0m:      configure_train: Sampled 9 nodes (out of 10)
[92mINFO [0m:      aggregate_train: Received 10 results and 0 failures
[92mINFO [0m:      	└──> Aggregated MetricRecord: {'train_loss': 1.8526398623466491, 'train_time': 6.056474642828107, 'qtty_records': 10}
[92mINFO [0m:      configure_evaluate: Sampled 10 nodes (out of 10)
[92mINFO [0m:      aggregate_evaluate: Received 10 results and 0 failures
[92mINFO [0m:      	└──> Aggregated MetricRecord: {'eval_loss': 1.9333951588720086, 'eval_acc': 0.3428, 'time': 638.5016236305237}
[92mINFO [0m:      
[92mINFO [0m:      [ROUND 83/100]
[92mINFO [0m:      configure_train: Sampled 10 nodes (out of 10)
[92mINFO [0m:      aggregate_train: Received 9 results and 0 failures
[92mINFO [0m:      	└──> Aggregated MetricRecord: {'train_loss': 1.8767906069225733, 'train_time': 5.5408782965193195, 'qtty_records': 9}
[92mINFO [0m:      configure_evaluate: Sampled 10 nodes (out of 10)
[92mINFO [0m:      aggregate_evaluate: Received 10 results and 0 failures
[92mINFO [0m:      	└──> Aggregated MetricRecord: {'eval_loss': 1.9255695048719645, 'eval_acc': 0.35810000000000003, 'time': 645.5345268249512}
[92mINFO [0m:      
[92mINFO [0m:      [ROUND 84/100]
[92mINFO [0m:      configure_train: Sampled 9 nodes (out of 10)
[92mINFO [0m:      aggregate_train: Received 10 results and 0 failures
[92mINFO [0m:      	└──> Aggregated MetricRecord: {'train_loss': 1.8566951894760133, 'train_time': 6.050858563743532, 'qtty_records': 10}
[92mINFO [0m:      configure_evaluate: Sampled 10 nodes (out of 10)
[92mINFO [0m:      aggregate_evaluate: Received 10 results and 0 failures
[92mINFO [0m:      	└──> Aggregated MetricRecord: {'eval_loss': 1.8919159244745973, 'eval_acc': 0.35240000000000005, 'time': 652.6989853382111}
[92mINFO [0m:      
[92mINFO [0m:      [ROUND 85/100]
[92mINFO [0m:      configure_train: Sampled 10 nodes (out of 10)
[92mINFO [0m:      aggregate_train: Received 9 results and 0 failures
[92mINFO [0m:      	└──> Aggregated MetricRecord: {'train_loss': 1.8317539538277519, 'train_time': 5.526018977372183, 'qtty_records': 9}
[92mINFO [0m:      configure_evaluate: Sampled 10 nodes (out of 10)
[92mINFO [0m:      aggregate_evaluate: Received 10 results and 0 failures
[92mINFO [0m:      	└──> Aggregated MetricRecord: {'eval_loss': 1.8613504443317652, 'eval_acc': 0.36920000000000003, 'time': 659.8320462703705}
[92mINFO [0m:      
[92mINFO [0m:      [ROUND 86/100]
[92mINFO [0m:      configure_train: Sampled 9 nodes (out of 10)
[92mINFO [0m:      aggregate_train: Received 10 results and 0 failures
[92mINFO [0m:      	└──> Aggregated MetricRecord: {'train_loss': 1.8420303713798523, 'train_time': 6.0351029176265, 'qtty_records': 10}
[92mINFO [0m:      configure_evaluate: Sampled 10 nodes (out of 10)
[92mINFO [0m:      aggregate_evaluate: Received 10 results and 0 failures
[92mINFO [0m:      	└──> Aggregated MetricRecord: {'eval_loss': 1.8611010149121285, 'eval_acc': 0.3637, 'time': 666.9771661758423}
[92mINFO [0m:      
[92mINFO [0m:      [ROUND 87/100]
[92mINFO [0m:      configure_train: Sampled 10 nodes (out of 10)
[92mINFO [0m:      aggregate_train: Received 9 results and 0 failures
[92mINFO [0m:      	└──> Aggregated MetricRecord: {'train_loss': 1.8452097095913358, 'train_time': 5.537765750868453, 'qtty_records': 9}
[92mINFO [0m:      configure_evaluate: Sampled 10 nodes (out of 10)
[92mINFO [0m:      aggregate_evaluate: Received 10 results and 0 failures
[92mINFO [0m:      	└──> Aggregated MetricRecord: {'eval_loss': 1.8507390908896924, 'eval_acc': 0.3834, 'time': 674.0103902816772}
[92mINFO [0m:      
[92mINFO [0m:      [ROUND 88/100]
[92mINFO [0m:      configure_train: Sampled 9 nodes (out of 10)
[92mINFO [0m:      aggregate_train: Received 10 results and 0 failures
[92mINFO [0m:      	└──> Aggregated MetricRecord: {'train_loss': 1.8168649312973026, 'train_time': 6.0487888796255, 'qtty_records': 10}
[92mINFO [0m:      configure_evaluate: Sampled 10 nodes (out of 10)
[92mINFO [0m:      aggregate_evaluate: Received 10 results and 0 failures
[92mINFO [0m:      	└──> Aggregated MetricRecord: {'eval_loss': 1.8529697231948377, 'eval_acc': 0.3812, 'time': 681.0730810165405}
[92mINFO [0m:      
[92mINFO [0m:      [ROUND 89/100]
[92mINFO [0m:      configure_train: Sampled 10 nodes (out of 10)
[92mINFO [0m:      aggregate_train: Received 9 results and 0 failures
[92mINFO [0m:      	└──> Aggregated MetricRecord: {'train_loss': 1.8278878387875026, 'train_time': 5.529237592385875, 'qtty_records': 9}
[92mINFO [0m:      configure_evaluate: Sampled 10 nodes (out of 10)
[92mINFO [0m:      aggregate_evaluate: Received 10 results and 0 failures
[92mINFO [0m:      	└──> Aggregated MetricRecord: {'eval_loss': 1.8833799283951522, 'eval_acc': 0.36140000000000005, 'time': 688.2074844837189}
[92mINFO [0m:      
[92mINFO [0m:      [ROUND 90/100]
[92mINFO [0m:      configure_train: Sampled 9 nodes (out of 10)
[92mINFO [0m:      aggregate_train: Received 10 results and 0 failures
[92mINFO [0m:      	└──> Aggregated MetricRecord: {'train_loss': 1.8379072588920595, 'train_time': 6.054508820176125, 'qtty_records': 10}
[92mINFO [0m:      configure_evaluate: Sampled 10 nodes (out of 10)
[92mINFO [0m:      aggregate_evaluate: Received 10 results and 0 failures
[92mINFO [0m:      	└──> Aggregated MetricRecord: {'eval_loss': 1.8945600841194392, 'eval_acc': 0.3352, 'time': 695.2680332660675}
[92mINFO [0m:      
[92mINFO [0m:      [ROUND 91/100]
[92mINFO [0m:      configure_train: Sampled 10 nodes (out of 10)
[92mINFO [0m:      aggregate_train: Received 9 results and 0 failures
[92mINFO [0m:      	└──> Aggregated MetricRecord: {'train_loss': 1.8179032799402872, 'train_time': 5.536971892954575, 'qtty_records': 9}
[92mINFO [0m:      configure_evaluate: Sampled 10 nodes (out of 10)
[92mINFO [0m:      aggregate_evaluate: Received 10 results and 0 failures
[92mINFO [0m:      	└──> Aggregated MetricRecord: {'eval_loss': 1.7980624787509443, 'eval_acc': 0.4038, 'time': 702.4019727706909}
[92mINFO [0m:      
[92mINFO [0m:      [ROUND 92/100]
[92mINFO [0m:      configure_train: Sampled 9 nodes (out of 10)
[92mINFO [0m:      aggregate_train: Received 10 results and 0 failures
[92mINFO [0m:      	└──> Aggregated MetricRecord: {'train_loss': 1.8478076657295228, 'train_time': 6.050989212282002, 'qtty_records': 10}
[92mINFO [0m:      configure_evaluate: Sampled 10 nodes (out of 10)
[92mINFO [0m:      aggregate_evaluate: Received 10 results and 0 failures
[92mINFO [0m:      	└──> Aggregated MetricRecord: {'eval_loss': 1.8589946143329146, 'eval_acc': 0.3671, 'time': 709.4366466999054}
[92mINFO [0m:      
[92mINFO [0m:      [ROUND 93/100]
[92mINFO [0m:      configure_train: Sampled 10 nodes (out of 10)
[92mINFO [0m:      aggregate_train: Received 9 results and 0 failures
[92mINFO [0m:      	└──> Aggregated MetricRecord: {'train_loss': 1.7976752573649086, 'train_time': 5.527783352467749, 'qtty_records': 9}
[92mINFO [0m:      configure_evaluate: Sampled 10 nodes (out of 10)
[92mINFO [0m:      aggregate_evaluate: Received 10 results and 0 failures
[92mINFO [0m:      	└──> Aggregated MetricRecord: {'eval_loss': 1.8014262307435276, 'eval_acc': 0.3786, 'time': 716.5691480636597}
[92mINFO [0m:      
[92mINFO [0m:      [ROUND 94/100]
[92mINFO [0m:      configure_train: Sampled 9 nodes (out of 10)
[92mINFO [0m:      aggregate_train: Received 10 results and 0 failures
[92mINFO [0m:      	└──> Aggregated MetricRecord: {'train_loss': 1.8334933844566348, 'train_time': 6.050362963974476, 'qtty_records': 10}
[92mINFO [0m:      configure_evaluate: Sampled 10 nodes (out of 10)
[92mINFO [0m:      aggregate_evaluate: Received 10 results and 0 failures
[92mINFO [0m:      	└──> Aggregated MetricRecord: {'eval_loss': 1.8602162983268502, 'eval_acc': 0.3667, 'time': 723.6268403530121}
[92mINFO [0m:      
[92mINFO [0m:      [ROUND 95/100]
[92mINFO [0m:      configure_train: Sampled 10 nodes (out of 10)
[92mINFO [0m:      aggregate_train: Received 9 results and 0 failures
[92mINFO [0m:      	└──> Aggregated MetricRecord: {'train_loss': 1.835805431895786, 'train_time': 5.544456571547522, 'qtty_records': 9}
[92mINFO [0m:      configure_evaluate: Sampled 10 nodes (out of 10)
[92mINFO [0m:      aggregate_evaluate: Received 10 results and 0 failures
[92mINFO [0m:      	└──> Aggregated MetricRecord: {'eval_loss': 1.9077063035219908, 'eval_acc': 0.3478, 'time': 730.7908775806427}
[92mINFO [0m:      
[92mINFO [0m:      [ROUND 96/100]
[92mINFO [0m:      configure_train: Sampled 9 nodes (out of 10)
[92mINFO [0m:      aggregate_train: Received 10 results and 0 failures
[92mINFO [0m:      	└──> Aggregated MetricRecord: {'train_loss': 1.8802735605239869, 'train_time': 6.049396575801074, 'qtty_records': 10}
[92mINFO [0m:      configure_evaluate: Sampled 10 nodes (out of 10)
[92mINFO [0m:      aggregate_evaluate: Received 10 results and 0 failures
[92mINFO [0m:      	└──> Aggregated MetricRecord: {'eval_loss': 1.9246375847607855, 'eval_acc': 0.3499, 'time': 737.9580557346344}
[92mINFO [0m:      
[92mINFO [0m:      [ROUND 97/100]
[92mINFO [0m:      configure_train: Sampled 10 nodes (out of 10)
[92mINFO [0m:      aggregate_train: Received 9 results and 0 failures
[92mINFO [0m:      	└──> Aggregated MetricRecord: {'train_loss': 1.8552472874323527, 'train_time': 5.514327074297601, 'qtty_records': 9}
[92mINFO [0m:      configure_evaluate: Sampled 10 nodes (out of 10)
[92mINFO [0m:      aggregate_evaluate: Received 10 results and 0 failures
[92mINFO [0m:      	└──> Aggregated MetricRecord: {'eval_loss': 1.8744345955550674, 'eval_acc': 0.3765, 'time': 745.0908281803131}
[92mINFO [0m:      
[92mINFO [0m:      [ROUND 98/100]
[92mINFO [0m:      configure_train: Sampled 9 nodes (out of 10)
[92mINFO [0m:      aggregate_train: Received 10 results and 0 failures
[92mINFO [0m:      	└──> Aggregated MetricRecord: {'train_loss': 1.8550078309059148, 'train_time': 6.081551941111684, 'qtty_records': 10}
[92mINFO [0m:      configure_evaluate: Sampled 10 nodes (out of 10)
[92mINFO [0m:      aggregate_evaluate: Received 10 results and 0 failures
[92mINFO [0m:      	└──> Aggregated MetricRecord: {'eval_loss': 1.8530122224241494, 'eval_acc': 0.38880000000000003, 'time': 752.2501175403595}
[92mINFO [0m:      
[92mINFO [0m:      [ROUND 99/100]
[92mINFO [0m:      configure_train: Sampled 10 nodes (out of 10)
[92mINFO [0m:      aggregate_train: Received 9 results and 0 failures
[92mINFO [0m:      	└──> Aggregated MetricRecord: {'train_loss': 1.871545543034871, 'train_time': 5.493502814943592, 'qtty_records': 9}
[92mINFO [0m:      configure_evaluate: Sampled 10 nodes (out of 10)
[92mINFO [0m:      aggregate_evaluate: Received 10 results and 0 failures
[92mINFO [0m:      	└──> Aggregated MetricRecord: {'eval_loss': 1.912921525910497, 'eval_acc': 0.35230000000000006, 'time': 759.2821233272552}
[92mINFO [0m:      
[92mINFO [0m:      [ROUND 100/100]
[92mINFO [0m:      configure_train: Sampled 9 nodes (out of 10)
[92mINFO [0m:      aggregate_train: Received 10 results and 0 failures
[92mINFO [0m:      	└──> Aggregated MetricRecord: {'train_loss': 1.8309663693904876, 'train_time': 5.990040918625891, 'qtty_records': 10}
[92mINFO [0m:      configure_evaluate: Sampled 10 nodes (out of 10)
[92mINFO [0m:      aggregate_evaluate: Received 10 results and 0 failures
[92mINFO [0m:      	└──> Aggregated MetricRecord: {'eval_loss': 1.8051954399794339, 'eval_acc': 0.38750000000000007, 'time': 766.4169380664825}
[92mINFO [0m:      
[92mINFO [0m:      Strategy execution finished in 766.42s
[92mINFO [0m:      
[92mINFO [0m:      Final results:
[92mINFO [0m:      
[92mINFO [0m:      	Global Arrays:
[92mINFO [0m:      		ArrayRecord (0.238 MB)
[92mINFO [0m:      	
[92mINFO [0m:      	Aggregated ClientApp-side Train Metrics:
[92mINFO [0m:      	{ 1: { 'qtty_records': '9',
[92mINFO [0m:      	       'train_loss': '2.2226e+00',
[92mINFO [0m:      	       'train_time': '7.3546e+00'},
[92mINFO [0m:      	  2: { 'qtty_records': '10',
[92mINFO [0m:      	       'train_loss': '2.1419e+00',
[92mINFO [0m:      	       'train_time': '6.2198e+00'},
[92mINFO [0m:      	  3: { 'qtty_records': '9',
[92mINFO [0m:      	       'train_loss': '2.0842e+00',
[92mINFO [0m:      	       'train_time': '5.5569e+00'},
[92mINFO [0m:      	  4: { 'qtty_records': '10',
[92mINFO [0m:      	       'train_loss': '2.0486e+00',
[92mINFO [0m:      	       'train_time': '6.0303e+00'},
[92mINFO [0m:      	  5: { 'qtty_records': '9',
[92mINFO [0m:      	       'train_loss': '2.0146e+00',
[92mINFO [0m:      	       'train_time': '5.5495e+00'},
[92mINFO [0m:      	  6: { 'qtty_records': '10',
[92mINFO [0m:      	       'train_loss': '1.9721e+00',
[92mINFO [0m:      	       'train_time': '6.0519e+00'},
[92mINFO [0m:      	  7: { 'qtty_records': '8',
[92mINFO [0m:      	       'train_loss': '1.9725e+00',
[92mINFO [0m:      	       'train_time': '5.5569e+00'},
[92mINFO [0m:      	  8: { 'qtty_records': '10',
[92mINFO [0m:      	       'train_loss': '1.9665e+00',
[92mINFO [0m:      	       'train_time': '6.1342e+00'},
[92mINFO [0m:      	  9: { 'qtty_records': '9',
[92mINFO [0m:      	       'train_loss': '1.9544e+00',
[92mINFO [0m:      	       'train_time': '5.5551e+00'},
[92mINFO [0m:      	  10: { 'qtty_records': '10',
[92mINFO [0m:      	        'train_loss': '1.9505e+00',
[92mINFO [0m:      	        'train_time': '6.0855e+00'},
[92mINFO [0m:      	  11: { 'qtty_records': '9',
[92mINFO [0m:      	        'train_loss': '1.9323e+00',
[92mINFO [0m:      	        'train_time': '5.5424e+00'},
[92mINFO [0m:      	  12: { 'qtty_records': '10',
[92mINFO [0m:      	        'train_loss': '1.9332e+00',
[92mINFO [0m:      	        'train_time': '6.0582e+00'},
[92mINFO [0m:      	  13: { 'qtty_records': '9',
[92mINFO [0m:      	        'train_loss': '1.9272e+00',
[92mINFO [0m:      	        'train_time': '5.5754e+00'},
[92mINFO [0m:      	  14: { 'qtty_records': '10',
[92mINFO [0m:      	        'train_loss': '1.9330e+00',
[92mINFO [0m:      	        'train_time': '6.0666e+00'},
[92mINFO [0m:      	  15: { 'qtty_records': '9',
[92mINFO [0m:      	        'train_loss': '1.9130e+00',
[92mINFO [0m:      	        'train_time': '5.5485e+00'},
[92mINFO [0m:      	  16: { 'qtty_records': '10',
[92mINFO [0m:      	        'train_loss': '1.9434e+00',
[92mINFO [0m:      	        'train_time': '6.0512e+00'},
[92mINFO [0m:      	  17: { 'qtty_records': '9',
[92mINFO [0m:      	        'train_loss': '1.9190e+00',
[92mINFO [0m:      	        'train_time': '5.5340e+00'},
[92mINFO [0m:      	  18: { 'qtty_records': '10',
[92mINFO [0m:      	        'train_loss': '1.9049e+00',
[92mINFO [0m:      	        'train_time': '6.0613e+00'},
[92mINFO [0m:      	  19: { 'qtty_records': '9',
[92mINFO [0m:      	        'train_loss': '1.9058e+00',
[92mINFO [0m:      	        'train_time': '5.5496e+00'},
[92mINFO [0m:      	  20: { 'qtty_records': '10',
[92mINFO [0m:      	        'train_loss': '1.9063e+00',
[92mINFO [0m:      	        'train_time': '6.0587e+00'},
[92mINFO [0m:      	  21: { 'qtty_records': '9',
[92mINFO [0m:      	        'train_loss': '1.8810e+00',
[92mINFO [0m:      	        'train_time': '5.5556e+00'},
[92mINFO [0m:      	  22: { 'qtty_records': '10',
[92mINFO [0m:      	        'train_loss': '1.8969e+00',
[92mINFO [0m:      	        'train_time': '6.0591e+00'},
[92mINFO [0m:      	  23: { 'qtty_records': '9',
[92mINFO [0m:      	        'train_loss': '1.9046e+00',
[92mINFO [0m:      	        'train_time': '5.5425e+00'},
[92mINFO [0m:      	  24: { 'qtty_records': '10',
[92mINFO [0m:      	        'train_loss': '1.8945e+00',
[92mINFO [0m:      	        'train_time': '6.0779e+00'},
[92mINFO [0m:      	  25: { 'qtty_records': '9',
[92mINFO [0m:      	        'train_loss': '1.8810e+00',
[92mINFO [0m:      	        'train_time': '5.5640e+00'},
[92mINFO [0m:      	  26: { 'qtty_records': '10',
[92mINFO [0m:      	        'train_loss': '1.8836e+00',
[92mINFO [0m:      	        'train_time': '6.0705e+00'},
[92mINFO [0m:      	  27: { 'qtty_records': '9',
[92mINFO [0m:      	        'train_loss': '1.8855e+00',
[92mINFO [0m:      	        'train_time': '5.5591e+00'},
[92mINFO [0m:      	  28: { 'qtty_records': '10',
[92mINFO [0m:      	        'train_loss': '1.8802e+00',
[92mINFO [0m:      	        'train_time': '6.0599e+00'},
[92mINFO [0m:      	  29: { 'qtty_records': '9',
[92mINFO [0m:      	        'train_loss': '1.8565e+00',
[92mINFO [0m:      	        'train_time': '5.5714e+00'},
[92mINFO [0m:      	  30: { 'qtty_records': '10',
[92mINFO [0m:      	        'train_loss': '1.8753e+00',
[92mINFO [0m:      	        'train_time': '6.0703e+00'},
[92mINFO [0m:      	  31: { 'qtty_records': '9',
[92mINFO [0m:      	        'train_loss': '1.8915e+00',
[92mINFO [0m:      	        'train_time': '5.5624e+00'},
[92mINFO [0m:      	  32: { 'qtty_records': '10',
[92mINFO [0m:      	        'train_loss': '1.8710e+00',
[92mINFO [0m:      	        'train_time': '6.0707e+00'},
[92mINFO [0m:      	  33: { 'qtty_records': '9',
[92mINFO [0m:      	        'train_loss': '1.8734e+00',
[92mINFO [0m:      	        'train_time': '5.5510e+00'},
[92mINFO [0m:      	  34: { 'qtty_records': '10',
[92mINFO [0m:      	        'train_loss': '1.8686e+00',
[92mINFO [0m:      	        'train_time': '6.0609e+00'},
[92mINFO [0m:      	  35: { 'qtty_records': '9',
[92mINFO [0m:      	        'train_loss': '1.8594e+00',
[92mINFO [0m:      	        'train_time': '5.5582e+00'},
[92mINFO [0m:      	  36: { 'qtty_records': '10',
[92mINFO [0m:      	        'train_loss': '1.8706e+00',
[92mINFO [0m:      	        'train_time': '6.0706e+00'},
[92mINFO [0m:      	  37: { 'qtty_records': '9',
[92mINFO [0m:      	        'train_loss': '1.8619e+00',
[92mINFO [0m:      	        'train_time': '5.5504e+00'},
[92mINFO [0m:      	  38: { 'qtty_records': '10',
[92mINFO [0m:      	        'train_loss': '1.8624e+00',
[92mINFO [0m:      	        'train_time': '6.0591e+00'},
[92mINFO [0m:      	  39: { 'qtty_records': '9',
[92mINFO [0m:      	        'train_loss': '1.8520e+00',
[92mINFO [0m:      	        'train_time': '5.5561e+00'},
[92mINFO [0m:      	  40: { 'qtty_records': '10',
[92mINFO [0m:      	        'train_loss': '1.8625e+00',
[92mINFO [0m:      	        'train_time': '6.0750e+00'},
[92mINFO [0m:      	  41: { 'qtty_records': '9',
[92mINFO [0m:      	        'train_loss': '1.8495e+00',
[92mINFO [0m:      	        'train_time': '5.5459e+00'},
[92mINFO [0m:      	  42: { 'qtty_records': '10',
[92mINFO [0m:      	        'train_loss': '1.8716e+00',
[92mINFO [0m:      	        'train_time': '6.0577e+00'},
[92mINFO [0m:      	  43: { 'qtty_records': '9',
[92mINFO [0m:      	        'train_loss': '1.8512e+00',
[92mINFO [0m:      	        'train_time': '5.5513e+00'},
[92mINFO [0m:      	  44: { 'qtty_records': '10',
[92mINFO [0m:      	        'train_loss': '1.8494e+00',
[92mINFO [0m:      	        'train_time': '6.0851e+00'},
[92mINFO [0m:      	  45: { 'qtty_records': '9',
[92mINFO [0m:      	        'train_loss': '1.8594e+00',
[92mINFO [0m:      	        'train_time': '5.5508e+00'},
[92mINFO [0m:      	  46: { 'qtty_records': '10',
[92mINFO [0m:      	        'train_loss': '1.8466e+00',
[92mINFO [0m:      	        'train_time': '6.0397e+00'},
[92mINFO [0m:      	  47: { 'qtty_records': '9',
[92mINFO [0m:      	        'train_loss': '1.8516e+00',
[92mINFO [0m:      	        'train_time': '5.5325e+00'},
[92mINFO [0m:      	  48: { 'qtty_records': '10',
[92mINFO [0m:      	        'train_loss': '1.8432e+00',
[92mINFO [0m:      	        'train_time': '6.0623e+00'},
[92mINFO [0m:      	  49: { 'qtty_records': '9',
[92mINFO [0m:      	        'train_loss': '1.8420e+00',
[92mINFO [0m:      	        'train_time': '5.5347e+00'},
[92mINFO [0m:      	  50: { 'qtty_records': '10',
[92mINFO [0m:      	        'train_loss': '1.8679e+00',
[92mINFO [0m:      	        'train_time': '6.0587e+00'},
[92mINFO [0m:      	  51: { 'qtty_records': '9',
[92mINFO [0m:      	        'train_loss': '1.8618e+00',
[92mINFO [0m:      	        'train_time': '5.5327e+00'},
[92mINFO [0m:      	  52: { 'qtty_records': '10',
[92mINFO [0m:      	        'train_loss': '1.8448e+00',
[92mINFO [0m:      	        'train_time': '6.0658e+00'},
[92mINFO [0m:      	  53: { 'qtty_records': '9',
[92mINFO [0m:      	        'train_loss': '1.8175e+00',
[92mINFO [0m:      	        'train_time': '5.5378e+00'},
[92mINFO [0m:      	  54: { 'qtty_records': '10',
[92mINFO [0m:      	        'train_loss': '1.8260e+00',
[92mINFO [0m:      	        'train_time': '6.0462e+00'},
[92mINFO [0m:      	  55: { 'qtty_records': '9',
[92mINFO [0m:      	        'train_loss': '1.8274e+00',
[92mINFO [0m:      	        'train_time': '5.5469e+00'},
[92mINFO [0m:      	  56: { 'qtty_records': '10',
[92mINFO [0m:      	        'train_loss': '1.8438e+00',
[92mINFO [0m:      	        'train_time': '6.0394e+00'},
[92mINFO [0m:      	  57: { 'qtty_records': '9',
[92mINFO [0m:      	        'train_loss': '1.8162e+00',
[92mINFO [0m:      	        'train_time': '5.5307e+00'},
[92mINFO [0m:      	  58: { 'qtty_records': '10',
[92mINFO [0m:      	        'train_loss': '1.8366e+00',
[92mINFO [0m:      	        'train_time': '6.0548e+00'},
[92mINFO [0m:      	  59: { 'qtty_records': '9',
[92mINFO [0m:      	        'train_loss': '1.8555e+00',
[92mINFO [0m:      	        'train_time': '5.5468e+00'},
[92mINFO [0m:      	  60: { 'qtty_records': '10',
[92mINFO [0m:      	        'train_loss': '1.8434e+00',
[92mINFO [0m:      	        'train_time': '6.0515e+00'},
[92mINFO [0m:      	  61: { 'qtty_records': '9',
[92mINFO [0m:      	        'train_loss': '1.8463e+00',
[92mINFO [0m:      	        'train_time': '5.5352e+00'},
[92mINFO [0m:      	  62: { 'qtty_records': '10',
[92mINFO [0m:      	        'train_loss': '1.8351e+00',
[92mINFO [0m:      	        'train_time': '6.0483e+00'},
[92mINFO [0m:      	  63: { 'qtty_records': '9',
[92mINFO [0m:      	        'train_loss': '1.8394e+00',
[92mINFO [0m:      	        'train_time': '5.5272e+00'},
[92mINFO [0m:      	  64: { 'qtty_records': '10',
[92mINFO [0m:      	        'train_loss': '1.8185e+00',
[92mINFO [0m:      	        'train_time': '6.0528e+00'},
[92mINFO [0m:      	  65: { 'qtty_records': '9',
[92mINFO [0m:      	        'train_loss': '1.8404e+00',
[92mINFO [0m:      	        'train_time': '5.4832e+00'},
[92mINFO [0m:      	  66: { 'qtty_records': '10',
[92mINFO [0m:      	        'train_loss': '1.8462e+00',
[92mINFO [0m:      	        'train_time': '6.0081e+00'},
[92mINFO [0m:      	  67: { 'qtty_records': '9',
[92mINFO [0m:      	        'train_loss': '1.8299e+00',
[92mINFO [0m:      	        'train_time': '5.4531e+00'},
[92mINFO [0m:      	  68: { 'qtty_records': '10',
[92mINFO [0m:      	        'train_loss': '1.8487e+00',
[92mINFO [0m:      	        'train_time': '5.9655e+00'},
[92mINFO [0m:      	  69: { 'qtty_records': '9',
[92mINFO [0m:      	        'train_loss': '1.8292e+00',
[92mINFO [0m:      	        'train_time': '5.4751e+00'},
[92mINFO [0m:      	  70: { 'qtty_records': '10',
[92mINFO [0m:      	        'train_loss': '1.8350e+00',
[92mINFO [0m:      	        'train_time': '5.9889e+00'},
[92mINFO [0m:      	  71: { 'qtty_records': '9',
[92mINFO [0m:      	        'train_loss': '1.8279e+00',
[92mINFO [0m:      	        'train_time': '5.5068e+00'},
[92mINFO [0m:      	  72: { 'qtty_records': '10',
[92mINFO [0m:      	        'train_loss': '1.8237e+00',
[92mINFO [0m:      	        'train_time': '6.0515e+00'},
[92mINFO [0m:      	  73: { 'qtty_records': '9',
[92mINFO [0m:      	        'train_loss': '1.8118e+00',
[92mINFO [0m:      	        'train_time': '5.5369e+00'},
[92mINFO [0m:      	  74: { 'qtty_records': '10',
[92mINFO [0m:      	        'train_loss': '1.8259e+00',
[92mINFO [0m:      	        'train_time': '6.0422e+00'},
[92mINFO [0m:      	  75: { 'qtty_records': '9',
[92mINFO [0m:      	        'train_loss': '1.8216e+00',
[92mINFO [0m:      	        'train_time': '5.5349e+00'},
[92mINFO [0m:      	  76: { 'qtty_records': '10',
[92mINFO [0m:      	        'train_loss': '1.8289e+00',
[92mINFO [0m:      	        'train_time': '6.0501e+00'},
[92mINFO [0m:      	  77: { 'qtty_records': '9',
[92mINFO [0m:      	        'train_loss': '1.8402e+00',
[92mINFO [0m:      	        'train_time': '5.5302e+00'},
[92mINFO [0m:      	  78: { 'qtty_records': '10',
[92mINFO [0m:      	        'train_loss': '1.8397e+00',
[92mINFO [0m:      	        'train_time': '6.0399e+00'},
[92mINFO [0m:      	  79: { 'qtty_records': '9',
[92mINFO [0m:      	        'train_loss': '1.8177e+00',
[92mINFO [0m:      	        'train_time': '5.5612e+00'},
[92mINFO [0m:      	  80: { 'qtty_records': '10',
[92mINFO [0m:      	        'train_loss': '1.8135e+00',
[92mINFO [0m:      	        'train_time': '6.0367e+00'},
[92mINFO [0m:      	  81: { 'qtty_records': '9',
[92mINFO [0m:      	        'train_loss': '1.8273e+00',
[92mINFO [0m:      	        'train_time': '5.5146e+00'},
[92mINFO [0m:      	  82: { 'qtty_records': '10',
[92mINFO [0m:      	        'train_loss': '1.8526e+00',
[92mINFO [0m:      	        'train_time': '6.0565e+00'},
[92mINFO [0m:      	  83: { 'qtty_records': '9',
[92mINFO [0m:      	        'train_loss': '1.8768e+00',
[92mINFO [0m:      	        'train_time': '5.5409e+00'},
[92mINFO [0m:      	  84: { 'qtty_records': '10',
[92mINFO [0m:      	        'train_loss': '1.8567e+00',
[92mINFO [0m:      	        'train_time': '6.0509e+00'},
[92mINFO [0m:      	  85: { 'qtty_records': '9',
[92mINFO [0m:      	        'train_loss': '1.8318e+00',
[92mINFO [0m:      	        'train_time': '5.5260e+00'},
[92mINFO [0m:      	  86: { 'qtty_records': '10',
[92mINFO [0m:      	        'train_loss': '1.8420e+00',
[92mINFO [0m:      	        'train_time': '6.0351e+00'},
[92mINFO [0m:      	  87: { 'qtty_records': '9',
[92mINFO [0m:      	        'train_loss': '1.8452e+00',
[92mINFO [0m:      	        'train_time': '5.5378e+00'},
[92mINFO [0m:      	  88: { 'qtty_records': '10',
[92mINFO [0m:      	        'train_loss': '1.8169e+00',
[92mINFO [0m:      	        'train_time': '6.0488e+00'},
[92mINFO [0m:      	  89: { 'qtty_records': '9',
[92mINFO [0m:      	        'train_loss': '1.8279e+00',
[92mINFO [0m:      	        'train_time': '5.5292e+00'},
[92mINFO [0m:      	  90: { 'qtty_records': '10',
[92mINFO [0m:      	        'train_loss': '1.8379e+00',
[92mINFO [0m:      	        'train_time': '6.0545e+00'},
[92mINFO [0m:      	  91: { 'qtty_records': '9',
[92mINFO [0m:      	        'train_loss': '1.8179e+00',
[92mINFO [0m:      	        'train_time': '5.5370e+00'},
[92mINFO [0m:      	  92: { 'qtty_records': '10',
[92mINFO [0m:      	        'train_loss': '1.8478e+00',
[92mINFO [0m:      	        'train_time': '6.0510e+00'},
[92mINFO [0m:      	  93: { 'qtty_records': '9',
[92mINFO [0m:      	        'train_loss': '1.7977e+00',
[92mINFO [0m:      	        'train_time': '5.5278e+00'},
[92mINFO [0m:      	  94: { 'qtty_records': '10',
[92mINFO [0m:      	        'train_loss': '1.8335e+00',
[92mINFO [0m:      	        'train_time': '6.0504e+00'},
[92mINFO [0m:      	  95: { 'qtty_records': '9',
[92mINFO [0m:      	        'train_loss': '1.8358e+00',
[92mINFO [0m:      	        'train_time': '5.5445e+00'},
[92mINFO [0m:      	  96: { 'qtty_records': '10',
[92mINFO [0m:      	        'train_loss': '1.8803e+00',
[92mINFO [0m:      	        'train_time': '6.0494e+00'},
[92mINFO [0m:      	  97: { 'qtty_records': '9',
[92mINFO [0m:      	        'train_loss': '1.8552e+00',
[92mINFO [0m:      	        'train_time': '5.5143e+00'},
[92mINFO [0m:      	  98: { 'qtty_records': '10',
[92mINFO [0m:      	        'train_loss': '1.8550e+00',
[92mINFO [0m:      	        'train_time': '6.0816e+00'},
[92mINFO [0m:      	  99: { 'qtty_records': '9',
[92mINFO [0m:      	        'train_loss': '1.8715e+00',
[92mINFO [0m:      	        'train_time': '5.4935e+00'},
[92mINFO [0m:      	  100: { 'qtty_records': '10',
[92mINFO [0m:      	         'train_loss': '1.8310e+00',
[92mINFO [0m:      	         'train_time': '5.9900e+00'}}
[92mINFO [0m:      	
[92mINFO [0m:      	Aggregated ClientApp-side Evaluate Metrics:
[92mINFO [0m:      	{ 1: { 'eval_acc': '1.0300e-01',
[92mINFO [0m:      	       'eval_loss': '2.3743e+00',
[92mINFO [0m:      	       'time': '4.3559e+01'},
[92mINFO [0m:      	  2: { 'eval_acc': '1.1400e-01',
[92mINFO [0m:      	       'eval_loss': '2.3423e+00',
[92mINFO [0m:      	       'time': '5.0721e+01'},
[92mINFO [0m:      	  3: { 'eval_acc': '1.5210e-01',
[92mINFO [0m:      	       'eval_loss': '2.1856e+00',
[92mINFO [0m:      	       'time': '5.7755e+01'},
[92mINFO [0m:      	  4: { 'eval_acc': '2.1580e-01',
[92mINFO [0m:      	       'eval_loss': '2.1190e+00',
[92mINFO [0m:      	       'time': '6.4814e+01'},
[92mINFO [0m:      	  5: { 'eval_acc': '2.3400e-01',
[92mINFO [0m:      	       'eval_loss': '2.0354e+00',
[92mINFO [0m:      	       'time': '7.1946e+01'},
[92mINFO [0m:      	  6: { 'eval_acc': '2.2670e-01',
[92mINFO [0m:      	       'eval_loss': '2.0960e+00',
[92mINFO [0m:      	       'time': '7.9104e+01'},
[92mINFO [0m:      	  7: { 'eval_acc': '2.4620e-01',
[92mINFO [0m:      	       'eval_loss': '2.0863e+00',
[92mINFO [0m:      	       'time': '1.0408e+02'},
[92mINFO [0m:      	  8: { 'eval_acc': '2.4550e-01',
[92mINFO [0m:      	       'eval_loss': '2.0719e+00',
[92mINFO [0m:      	       'time': '1.1121e+02'},
[92mINFO [0m:      	  9: { 'eval_acc': '2.5110e-01',
[92mINFO [0m:      	       'eval_loss': '2.0472e+00',
[92mINFO [0m:      	       'time': '1.1861e+02'},
[92mINFO [0m:      	  10: { 'eval_acc': '2.4800e-01',
[92mINFO [0m:      	        'eval_loss': '2.0269e+00',
[92mINFO [0m:      	        'time': '1.2575e+02'},
[92mINFO [0m:      	  11: { 'eval_acc': '2.8190e-01',
[92mINFO [0m:      	        'eval_loss': '1.9942e+00',
[92mINFO [0m:      	        'time': '1.3278e+02'},
[92mINFO [0m:      	  12: { 'eval_acc': '2.9270e-01',
[92mINFO [0m:      	        'eval_loss': '1.9926e+00',
[92mINFO [0m:      	        'time': '1.3994e+02'},
[92mINFO [0m:      	  13: { 'eval_acc': '2.9530e-01',
[92mINFO [0m:      	        'eval_loss': '1.9592e+00',
[92mINFO [0m:      	        'time': '1.4717e+02'},
[92mINFO [0m:      	  14: { 'eval_acc': '2.9400e-01',
[92mINFO [0m:      	        'eval_loss': '2.0045e+00',
[92mINFO [0m:      	        'time': '1.5423e+02'},
[92mINFO [0m:      	  15: { 'eval_acc': '2.8010e-01',
[92mINFO [0m:      	        'eval_loss': '1.9541e+00',
[92mINFO [0m:      	        'time': '1.6136e+02'},
[92mINFO [0m:      	  16: { 'eval_acc': '2.5390e-01',
[92mINFO [0m:      	        'eval_loss': '2.0423e+00',
[92mINFO [0m:      	        'time': '1.6851e+02'},
[92mINFO [0m:      	  17: { 'eval_acc': '2.9750e-01',
[92mINFO [0m:      	        'eval_loss': '1.9420e+00',
[92mINFO [0m:      	        'time': '1.7564e+02'},
[92mINFO [0m:      	  18: { 'eval_acc': '3.1400e-01',
[92mINFO [0m:      	        'eval_loss': '1.9296e+00',
[92mINFO [0m:      	        'time': '1.8268e+02'},
[92mINFO [0m:      	  19: { 'eval_acc': '2.9380e-01',
[92mINFO [0m:      	        'eval_loss': '1.9541e+00',
[92mINFO [0m:      	        'time': '1.8981e+02'},
[92mINFO [0m:      	  20: { 'eval_acc': '3.0590e-01',
[92mINFO [0m:      	        'eval_loss': '1.9587e+00',
[92mINFO [0m:      	        'time': '1.9695e+02'},
[92mINFO [0m:      	  21: { 'eval_acc': '3.2810e-01',
[92mINFO [0m:      	        'eval_loss': '1.8834e+00',
[92mINFO [0m:      	        'time': '2.0408e+02'},
[92mINFO [0m:      	  22: { 'eval_acc': '2.9490e-01',
[92mINFO [0m:      	        'eval_loss': '1.9550e+00',
[92mINFO [0m:      	        'time': '2.1125e+02'},
[92mINFO [0m:      	  23: { 'eval_acc': '3.2460e-01',
[92mINFO [0m:      	        'eval_loss': '1.9114e+00',
[92mINFO [0m:      	        'time': '2.1828e+02'},
[92mINFO [0m:      	  24: { 'eval_acc': '3.0910e-01',
[92mINFO [0m:      	        'eval_loss': '1.9421e+00',
[92mINFO [0m:      	        'time': '2.2541e+02'},
[92mINFO [0m:      	  25: { 'eval_acc': '3.5250e-01',
[92mINFO [0m:      	        'eval_loss': '1.8692e+00',
[92mINFO [0m:      	        'time': '2.3254e+02'},
[92mINFO [0m:      	  26: { 'eval_acc': '3.2050e-01',
[92mINFO [0m:      	        'eval_loss': '1.9265e+00',
[92mINFO [0m:      	        'time': '2.3971e+02'},
[92mINFO [0m:      	  27: { 'eval_acc': '3.3680e-01',
[92mINFO [0m:      	        'eval_loss': '1.8598e+00',
[92mINFO [0m:      	        'time': '2.4684e+02'},
[92mINFO [0m:      	  28: { 'eval_acc': '3.2770e-01',
[92mINFO [0m:      	        'eval_loss': '1.8916e+00',
[92mINFO [0m:      	        'time': '2.5398e+02'},
[92mINFO [0m:      	  29: { 'eval_acc': '3.2410e-01',
[92mINFO [0m:      	        'eval_loss': '1.8875e+00',
[92mINFO [0m:      	        'time': '2.6101e+02'},
[92mINFO [0m:      	  30: { 'eval_acc': '3.3710e-01',
[92mINFO [0m:      	        'eval_loss': '1.8804e+00',
[92mINFO [0m:      	        'time': '2.6817e+02'},
[92mINFO [0m:      	  31: { 'eval_acc': '3.2240e-01',
[92mINFO [0m:      	        'eval_loss': '1.9612e+00',
[92mINFO [0m:      	        'time': '2.7531e+02'},
[92mINFO [0m:      	  32: { 'eval_acc': '3.3440e-01',
[92mINFO [0m:      	        'eval_loss': '1.8795e+00',
[92mINFO [0m:      	        'time': '2.8246e+02'},
[92mINFO [0m:      	  33: { 'eval_acc': '3.4160e-01',
[92mINFO [0m:      	        'eval_loss': '1.8761e+00',
[92mINFO [0m:      	        'time': '2.8950e+02'},
[92mINFO [0m:      	  34: { 'eval_acc': '3.3800e-01',
[92mINFO [0m:      	        'eval_loss': '1.8895e+00',
[92mINFO [0m:      	        'time': '2.9656e+02'},
[92mINFO [0m:      	  35: { 'eval_acc': '3.2150e-01',
[92mINFO [0m:      	        'eval_loss': '1.9142e+00',
[92mINFO [0m:      	        'time': '3.0372e+02'},
[92mINFO [0m:      	  36: { 'eval_acc': '3.3290e-01',
[92mINFO [0m:      	        'eval_loss': '1.9210e+00',
[92mINFO [0m:      	        'time': '3.1075e+02'},
[92mINFO [0m:      	  37: { 'eval_acc': '3.5740e-01',
[92mINFO [0m:      	        'eval_loss': '1.8270e+00',
[92mINFO [0m:      	        'time': '3.1791e+02'},
[92mINFO [0m:      	  38: { 'eval_acc': '3.3620e-01',
[92mINFO [0m:      	        'eval_loss': '1.8865e+00',
[92mINFO [0m:      	        'time': '3.2508e+02'},
[92mINFO [0m:      	  39: { 'eval_acc': '3.3420e-01',
[92mINFO [0m:      	        'eval_loss': '1.8798e+00',
[92mINFO [0m:      	        'time': '3.3221e+02'},
[92mINFO [0m:      	  40: { 'eval_acc': '3.6600e-01',
[92mINFO [0m:      	        'eval_loss': '1.8283e+00',
[92mINFO [0m:      	        'time': '3.3937e+02'},
[92mINFO [0m:      	  41: { 'eval_acc': '3.4390e-01',
[92mINFO [0m:      	        'eval_loss': '1.8748e+00',
[92mINFO [0m:      	        'time': '3.4660e+02'},
[92mINFO [0m:      	  42: { 'eval_acc': '3.3510e-01',
[92mINFO [0m:      	        'eval_loss': '1.9080e+00',
[92mINFO [0m:      	        'time': '3.5376e+02'},
[92mINFO [0m:      	  43: { 'eval_acc': '3.6000e-01',
[92mINFO [0m:      	        'eval_loss': '1.8330e+00',
[92mINFO [0m:      	        'time': '3.6089e+02'},
[92mINFO [0m:      	  44: { 'eval_acc': '3.5270e-01',
[92mINFO [0m:      	        'eval_loss': '1.8589e+00',
[92mINFO [0m:      	        'time': '3.6805e+02'},
[92mINFO [0m:      	  45: { 'eval_acc': '3.4690e-01',
[92mINFO [0m:      	        'eval_loss': '1.8718e+00',
[92mINFO [0m:      	        'time': '3.7522e+02'},
[92mINFO [0m:      	  46: { 'eval_acc': '3.3320e-01',
[92mINFO [0m:      	        'eval_loss': '1.9099e+00',
[92mINFO [0m:      	        'time': '3.8229e+02'},
[92mINFO [0m:      	  47: { 'eval_acc': '3.5950e-01',
[92mINFO [0m:      	        'eval_loss': '1.8544e+00',
[92mINFO [0m:      	        'time': '3.8943e+02'},
[92mINFO [0m:      	  48: { 'eval_acc': '3.7460e-01',
[92mINFO [0m:      	        'eval_loss': '1.8366e+00',
[92mINFO [0m:      	        'time': '3.9646e+02'},
[92mINFO [0m:      	  49: { 'eval_acc': '3.6280e-01',
[92mINFO [0m:      	        'eval_loss': '1.8538e+00',
[92mINFO [0m:      	        'time': '4.0362e+02'},
[92mINFO [0m:      	  50: { 'eval_acc': '3.5040e-01',
[92mINFO [0m:      	        'eval_loss': '1.8951e+00',
[92mINFO [0m:      	        'time': '4.1078e+02'},
[92mINFO [0m:      	  51: { 'eval_acc': '3.5340e-01',
[92mINFO [0m:      	        'eval_loss': '1.8564e+00',
[92mINFO [0m:      	        'time': '4.1791e+02'},
[92mINFO [0m:      	  52: { 'eval_acc': '3.6860e-01',
[92mINFO [0m:      	        'eval_loss': '1.8488e+00',
[92mINFO [0m:      	        'time': '4.2495e+02'},
[92mINFO [0m:      	  53: { 'eval_acc': '3.5780e-01',
[92mINFO [0m:      	        'eval_loss': '1.8591e+00',
[92mINFO [0m:      	        'time': '4.3208e+02'},
[92mINFO [0m:      	  54: { 'eval_acc': '3.6420e-01',
[92mINFO [0m:      	        'eval_loss': '1.8468e+00',
[92mINFO [0m:      	        'time': '4.3924e+02'},
[92mINFO [0m:      	  55: { 'eval_acc': '3.6590e-01',
[92mINFO [0m:      	        'eval_loss': '1.8381e+00',
[92mINFO [0m:      	        'time': '4.4637e+02'},
[92mINFO [0m:      	  56: { 'eval_acc': '3.2830e-01',
[92mINFO [0m:      	        'eval_loss': '1.8966e+00',
[92mINFO [0m:      	        'time': '4.5354e+02'},
[92mINFO [0m:      	  57: { 'eval_acc': '3.7480e-01',
[92mINFO [0m:      	        'eval_loss': '1.8347e+00',
[92mINFO [0m:      	        'time': '4.6070e+02'},
[92mINFO [0m:      	  58: { 'eval_acc': '3.7460e-01',
[92mINFO [0m:      	        'eval_loss': '1.8105e+00',
[92mINFO [0m:      	        'time': '4.6786e+02'},
[92mINFO [0m:      	  59: { 'eval_acc': '3.5490e-01',
[92mINFO [0m:      	        'eval_loss': '1.9077e+00',
[92mINFO [0m:      	        'time': '4.7500e+02'},
[92mINFO [0m:      	  60: { 'eval_acc': '3.6640e-01',
[92mINFO [0m:      	        'eval_loss': '1.8288e+00',
[92mINFO [0m:      	        'time': '4.8205e+02'},
[92mINFO [0m:      	  61: { 'eval_acc': '3.7380e-01',
[92mINFO [0m:      	        'eval_loss': '1.8338e+00',
[92mINFO [0m:      	        'time': '4.8919e+02'},
[92mINFO [0m:      	  62: { 'eval_acc': '3.6610e-01',
[92mINFO [0m:      	        'eval_loss': '1.8489e+00',
[92mINFO [0m:      	        'time': '4.9625e+02'},
[92mINFO [0m:      	  63: { 'eval_acc': '3.5760e-01',
[92mINFO [0m:      	        'eval_loss': '1.8806e+00',
[92mINFO [0m:      	        'time': '5.0338e+02'},
[92mINFO [0m:      	  64: { 'eval_acc': '3.5900e-01',
[92mINFO [0m:      	        'eval_loss': '1.8612e+00',
[92mINFO [0m:      	        'time': '5.1055e+02'},
[92mINFO [0m:      	  65: { 'eval_acc': '3.4870e-01',
[92mINFO [0m:      	        'eval_loss': '1.8828e+00',
[92mINFO [0m:      	        'time': '5.1769e+02'},
[92mINFO [0m:      	  66: { 'eval_acc': '3.5900e-01',
[92mINFO [0m:      	        'eval_loss': '1.8246e+00',
[92mINFO [0m:      	        'time': '5.2485e+02'},
[92mINFO [0m:      	  67: { 'eval_acc': '3.6380e-01',
[92mINFO [0m:      	        'eval_loss': '1.8582e+00',
[92mINFO [0m:      	        'time': '5.3190e+02'},
[92mINFO [0m:      	  68: { 'eval_acc': '3.7180e-01',
[92mINFO [0m:      	        'eval_loss': '1.8625e+00',
[92mINFO [0m:      	        'time': '5.3896e+02'},
[92mINFO [0m:      	  69: { 'eval_acc': '3.6730e-01',
[92mINFO [0m:      	        'eval_loss': '1.8670e+00',
[92mINFO [0m:      	        'time': '5.4611e+02'},
[92mINFO [0m:      	  70: { 'eval_acc': '3.5470e-01',
[92mINFO [0m:      	        'eval_loss': '1.8475e+00',
[92mINFO [0m:      	        'time': '5.5314e+02'},
[92mINFO [0m:      	  71: { 'eval_acc': '3.7570e-01',
[92mINFO [0m:      	        'eval_loss': '1.8174e+00',
[92mINFO [0m:      	        'time': '5.6017e+02'},
[92mINFO [0m:      	  72: { 'eval_acc': '3.8460e-01',
[92mINFO [0m:      	        'eval_loss': '1.7998e+00',
[92mINFO [0m:      	        'time': '5.6734e+02'},
[92mINFO [0m:      	  73: { 'eval_acc': '3.8380e-01',
[92mINFO [0m:      	        'eval_loss': '1.8150e+00',
[92mINFO [0m:      	        'time': '5.7447e+02'},
[92mINFO [0m:      	  74: { 'eval_acc': '3.6350e-01',
[92mINFO [0m:      	        'eval_loss': '1.8450e+00',
[92mINFO [0m:      	        'time': '5.8154e+02'},
[92mINFO [0m:      	  75: { 'eval_acc': '3.8210e-01',
[92mINFO [0m:      	        'eval_loss': '1.8588e+00',
[92mINFO [0m:      	        'time': '5.8867e+02'},
[92mINFO [0m:      	  76: { 'eval_acc': '3.6970e-01',
[92mINFO [0m:      	        'eval_loss': '1.8520e+00',
[92mINFO [0m:      	        'time': '5.9573e+02'},
[92mINFO [0m:      	  77: { 'eval_acc': '3.7760e-01',
[92mINFO [0m:      	        'eval_loss': '1.8479e+00',
[92mINFO [0m:      	        'time': '6.0286e+02'},
[92mINFO [0m:      	  78: { 'eval_acc': '3.4110e-01',
[92mINFO [0m:      	        'eval_loss': '1.9221e+00',
[92mINFO [0m:      	        'time': '6.1004e+02'},
[92mINFO [0m:      	  79: { 'eval_acc': '3.7520e-01',
[92mINFO [0m:      	        'eval_loss': '1.8438e+00',
[92mINFO [0m:      	        'time': '6.1717e+02'},
[92mINFO [0m:      	  80: { 'eval_acc': '3.9640e-01',
[92mINFO [0m:      	        'eval_loss': '1.8230e+00',
[92mINFO [0m:      	        'time': '6.2431e+02'},
[92mINFO [0m:      	  81: { 'eval_acc': '3.9770e-01',
[92mINFO [0m:      	        'eval_loss': '1.7891e+00',
[92mINFO [0m:      	        'time': '6.3135e+02'},
[92mINFO [0m:      	  82: { 'eval_acc': '3.4280e-01',
[92mINFO [0m:      	        'eval_loss': '1.9334e+00',
[92mINFO [0m:      	        'time': '6.3850e+02'},
[92mINFO [0m:      	  83: { 'eval_acc': '3.5810e-01',
[92mINFO [0m:      	        'eval_loss': '1.9256e+00',
[92mINFO [0m:      	        'time': '6.4553e+02'},
[92mINFO [0m:      	  84: { 'eval_acc': '3.5240e-01',
[92mINFO [0m:      	        'eval_loss': '1.8919e+00',
[92mINFO [0m:      	        'time': '6.5270e+02'},
[92mINFO [0m:      	  85: { 'eval_acc': '3.6920e-01',
[92mINFO [0m:      	        'eval_loss': '1.8614e+00',
[92mINFO [0m:      	        'time': '6.5983e+02'},
[92mINFO [0m:      	  86: { 'eval_acc': '3.6370e-01',
[92mINFO [0m:      	        'eval_loss': '1.8611e+00',
[92mINFO [0m:      	        'time': '6.6698e+02'},
[92mINFO [0m:      	  87: { 'eval_acc': '3.8340e-01',
[92mINFO [0m:      	        'eval_loss': '1.8507e+00',
[92mINFO [0m:      	        'time': '6.7401e+02'},
[92mINFO [0m:      	  88: { 'eval_acc': '3.8120e-01',
[92mINFO [0m:      	        'eval_loss': '1.8530e+00',
[92mINFO [0m:      	        'time': '6.8107e+02'},
[92mINFO [0m:      	  89: { 'eval_acc': '3.6140e-01',
[92mINFO [0m:      	        'eval_loss': '1.8834e+00',
[92mINFO [0m:      	        'time': '6.8821e+02'},
[92mINFO [0m:      	  90: { 'eval_acc': '3.3520e-01',
[92mINFO [0m:      	        'eval_loss': '1.8946e+00',
[92mINFO [0m:      	        'time': '6.9527e+02'},
[92mINFO [0m:      	  91: { 'eval_acc': '4.0380e-01',
[92mINFO [0m:      	        'eval_loss': '1.7981e+00',
[92mINFO [0m:      	        'time': '7.0240e+02'},
[92mINFO [0m:      	  92: { 'eval_acc': '3.6710e-01',
[92mINFO [0m:      	        'eval_loss': '1.8590e+00',
[92mINFO [0m:      	        'time': '7.0944e+02'},
[92mINFO [0m:      	  93: { 'eval_acc': '3.7860e-01',
[92mINFO [0m:      	        'eval_loss': '1.8014e+00',
[92mINFO [0m:      	        'time': '7.1657e+02'},
[92mINFO [0m:      	  94: { 'eval_acc': '3.6670e-01',
[92mINFO [0m:      	        'eval_loss': '1.8602e+00',
[92mINFO [0m:      	        'time': '7.2363e+02'},
[92mINFO [0m:      	  95: { 'eval_acc': '3.4780e-01',
[92mINFO [0m:      	        'eval_loss': '1.9077e+00',
[92mINFO [0m:      	        'time': '7.3079e+02'},
[92mINFO [0m:      	  96: { 'eval_acc': '3.4990e-01',
[92mINFO [0m:      	        'eval_loss': '1.9246e+00',
[92mINFO [0m:      	        'time': '7.3796e+02'},
[92mINFO [0m:      	  97: { 'eval_acc': '3.7650e-01',
[92mINFO [0m:      	        'eval_loss': '1.8744e+00',
[92mINFO [0m:      	        'time': '7.4509e+02'},
[92mINFO [0m:      	  98: { 'eval_acc': '3.8880e-01',
[92mINFO [0m:      	        'eval_loss': '1.8530e+00',
[92mINFO [0m:      	        'time': '7.5225e+02'},
[92mINFO [0m:      	  99: { 'eval_acc': '3.5230e-01',
[92mINFO [0m:      	        'eval_loss': '1.9129e+00',
[92mINFO [0m:      	        'time': '7.5928e+02'},
[92mINFO [0m:      	  100: { 'eval_acc': '3.8750e-01',
[92mINFO [0m:      	         'eval_loss': '1.8052e+00',
[92mINFO [0m:      	         'time': '7.6642e+02'}}
[92mINFO [0m:      	
[92mINFO [0m:      	ServerApp-side Evaluate Metrics:
[92mINFO [0m:      	{}
[92mINFO [0m:      
[92mINFO [0m:      CSV saved: results/cifar10/3/FedSaSync_fs1_m8.csv
[36m(ClientAppActor pid=1877497)[0m [93mWARNING [0m:   Manually terminating ClientAppActor
[36m(ClientAppActor pid=1877485)[0m [93mWARNING [0m:   Manually terminating ClientAppActor[32m [repeated 15x across cluster][0m
[92mINFO [0m:      
