fs=1 m=8 i=4
Starting local SuperLink on 127.0.0.1:39093...
⚠️ Warning: `options.` fields in the SuperLink connection configuration are deprecated. Use `--federation-config` with `flwr run` instead. Alternatively, permanently set your simulation configuration via `flwr federation simulation-config`.
🎊 Successfully started run 18289017906868174508
[92mINFO [0m:      Starting Flower Simulation
Successfully installed fedsasync to /tmp/Victor-Hidalgo-1436506-73-0/.flwr/apps/flwrlabs.fedsasync.1.0.0.f4a93b94.
[92mINFO [0m:      Starting FedSaSync strategy:
[92mINFO [0m:      	├── Number of rounds: 100
[92mINFO [0m:      	├── ArrayRecord (0.24 MB)
[92mINFO [0m:      	├── ConfigRecord (train): (empty!)
[92mINFO [0m:      	├── ConfigRecord (evaluate): (empty!)
[92mINFO [0m:      	├──> Sampling:
[92mINFO [0m:      	│	├──Fraction: train (1.00) | evaluate ( 1.00)
[92mINFO [0m:      	│	├──Minimum nodes: train (2) | evaluate (2)
[92mINFO [0m:      	│	└──Minimum available nodes: 2
[92mINFO [0m:      	└──> Keys in records:
[92mINFO [0m:      		├── Weighted by: 'num-examples'
[92mINFO [0m:      		├── ArrayRecord key: 'arrays'
[92mINFO [0m:      		└── ConfigRecord key: 'config'
[92mINFO [0m:      
[92mINFO [0m:      
[92mINFO [0m:      [ROUND 1/100]
[92mINFO [0m:      configure_train: Sampled 10 nodes (out of 10)
/home/Victor.Hidalgo/.pyenv/versions/3.12.12/envs/fedsasync/lib/python3.12/site-packages/ray/_private/worker.py:2051: FutureWarning: Tip: In future versions of Ray, Ray will no longer override accelerator visible devices env var if num_gpus=0 or num_gpus=None (default). To enable this behavior and turn off this error message, set RAY_ACCEL_ENV_VAR_OVERRIDE_ON_ZERO=0
  warnings.warn(
[36m(ClientAppActor pid=1784723)[0m Warning: You are sending unauthenticated requests to the HF Hub. Please set a HF_TOKEN to enable higher rate limits and faster downloads.
[92mINFO [0m:      aggregate_train: Received 9 results and 0 failures
[92mINFO [0m:      	└──> Aggregated MetricRecord: {'train_loss': 2.2074046510060628, 'train_time': 7.414193062732617, 'qtty_records': 9}
[92mINFO [0m:      configure_evaluate: Sampled 10 nodes (out of 10)
[36m(pid=gcs_server)[0m [2026-05-20 02:51:04,171 E 1783427 1783427] (gcs_server) gcs_server.cc:302: Failed to establish connection to the event+metrics exporter agent. Events and metrics will not be exported. Exporter agent status: RpcError: Running out of retries to initialize the metrics agent. rpc_code: 14
[36m(ClientAppActor pid=1784736)[0m Warning: You are sending unauthenticated requests to the HF Hub. Please set a HF_TOKEN to enable higher rate limits and faster downloads.[32m [repeated 9x across cluster] (Ray deduplicates logs by default. Set RAY_DEDUP_LOGS=0 to disable log deduplication, or see https://docs.ray.io/en/master/ray-observability/user-guides/configure-logging.html#log-deduplication for more options.)[0m
[33m(raylet)[0m [2026-05-20 02:51:06,369 E 1783703 1783703] (raylet) main.cc:975: Failed to establish connection to the metrics exporter agent. Metrics will not be exported. Exporter agent status: RpcError: Running out of retries to initialize the metrics agent. rpc_code: 14
[36m(ClientAppActor pid=1784730)[0m [2026-05-20 02:51:10,240 E 1784730 1784913] core_worker_process.cc:825: Failed to establish connection to the metrics exporter agent. Metrics will not be exported. Exporter agent status: RpcError: Running out of retries to initialize the metrics agent. rpc_code: 14
[36m(ClientAppActor pid=1784755)[0m Warning: You are sending unauthenticated requests to the HF Hub. Please set a HF_TOKEN to enable higher rate limits and faster downloads.
[92mINFO [0m:      aggregate_evaluate: Received 10 results and 0 failures
[92mINFO [0m:      	└──> Aggregated MetricRecord: {'eval_loss': 2.3410852901637553, 'eval_acc': 0.1004, 'time': 43.844900369644165}
[92mINFO [0m:      
[92mINFO [0m:      [ROUND 2/100]
[92mINFO [0m:      configure_train: Sampled 9 nodes (out of 10)
[92mINFO [0m:      aggregate_train: Received 10 results and 0 failures
[92mINFO [0m:      	└──> Aggregated MetricRecord: {'train_loss': 2.1634712524414064, 'train_time': 6.1314106091856955, 'qtty_records': 10}
[92mINFO [0m:      configure_evaluate: Sampled 10 nodes (out of 10)
[92mINFO [0m:      aggregate_evaluate: Received 10 results and 0 failures
[92mINFO [0m:      	└──> Aggregated MetricRecord: {'eval_loss': 2.1388822916895154, 'eval_acc': 0.2187, 'time': 50.898959159851074}
[92mINFO [0m:      
[92mINFO [0m:      [ROUND 3/100]
[92mINFO [0m:      configure_train: Sampled 10 nodes (out of 10)
[92mINFO [0m:      aggregate_train: Received 9 results and 0 failures
[92mINFO [0m:      	└──> Aggregated MetricRecord: {'train_loss': 2.078850730895996, 'train_time': 5.439931095888217, 'qtty_records': 9}
[92mINFO [0m:      configure_evaluate: Sampled 10 nodes (out of 10)
[92mINFO [0m:      aggregate_evaluate: Received 10 results and 0 failures
[92mINFO [0m:      	└──> Aggregated MetricRecord: {'eval_loss': 2.1131878010928635, 'eval_acc': 0.1694, 'time': 58.03119611740112}
[92mINFO [0m:      
[92mINFO [0m:      [ROUND 4/100]
[92mINFO [0m:      configure_train: Sampled 9 nodes (out of 10)
[92mINFO [0m:      aggregate_train: Received 10 results and 0 failures
[92mINFO [0m:      	└──> Aggregated MetricRecord: {'train_loss': 2.049644695091248, 'train_time': 5.977872925251722, 'qtty_records': 10}
[92mINFO [0m:      configure_evaluate: Sampled 10 nodes (out of 10)
[92mINFO [0m:      aggregate_evaluate: Received 10 results and 0 failures
[92mINFO [0m:      	└──> Aggregated MetricRecord: {'eval_loss': 2.084475063160062, 'eval_acc': 0.21089999999999998, 'time': 65.0649471282959}
[92mINFO [0m:      
[92mINFO [0m:      [ROUND 5/100]
[92mINFO [0m:      configure_train: Sampled 10 nodes (out of 10)
[92mINFO [0m:      aggregate_train: Received 9 results and 0 failures
[92mINFO [0m:      	└──> Aggregated MetricRecord: {'train_loss': 2.010667984114753, 'train_time': 5.422863590841492, 'qtty_records': 9}
[92mINFO [0m:      configure_evaluate: Sampled 10 nodes (out of 10)
[92mINFO [0m:      aggregate_evaluate: Received 10 results and 0 failures
[92mINFO [0m:      	└──> Aggregated MetricRecord: {'eval_loss': 1.9899531826376917, 'eval_acc': 0.2418, 'time': 72.09677600860596}
[92mINFO [0m:      
[92mINFO [0m:      [ROUND 6/100]
[92mINFO [0m:      configure_train: Sampled 9 nodes (out of 10)
[92mINFO [0m:      aggregate_train: Received 10 results and 0 failures
[92mINFO [0m:      	└──> Aggregated MetricRecord: {'train_loss': 1.9764775600433353, 'train_time': 5.951251472905279, 'qtty_records': 10}
[92mINFO [0m:      configure_evaluate: Sampled 10 nodes (out of 10)
[92mINFO [0m:      aggregate_evaluate: Received 10 results and 0 failures
[92mINFO [0m:      	└──> Aggregated MetricRecord: {'eval_loss': 1.9306578136980537, 'eval_acc': 0.27010000000000006, 'time': 79.13175058364868}
[92mINFO [0m:      
[92mINFO [0m:      [ROUND 7/100]
[92mINFO [0m:      configure_train: Sampled 10 nodes (out of 10)
[92mINFO [0m:      aggregate_train: Received 9 results and 0 failures
[92mINFO [0m:      	└──> Aggregated MetricRecord: {'train_loss': 1.9576891884273953, 'train_time': 5.428656528393428, 'qtty_records': 9}
[92mINFO [0m:      configure_evaluate: Sampled 10 nodes (out of 10)
[92mINFO [0m:      aggregate_evaluate: Received 10 results and 0 failures
[92mINFO [0m:      	└──> Aggregated MetricRecord: {'eval_loss': 1.9746869873255493, 'eval_acc': 0.26380000000000003, 'time': 86.17606663703918}
[92mINFO [0m:      
[92mINFO [0m:      [ROUND 8/100]
[92mINFO [0m:      configure_train: Sampled 9 nodes (out of 10)
[92mINFO [0m:      aggregate_train: Received 10 results and 0 failures
[92mINFO [0m:      	└──> Aggregated MetricRecord: {'train_loss': 1.9456439208984377, 'train_time': 5.935753292776644, 'qtty_records': 10}
[92mINFO [0m:      configure_evaluate: Sampled 10 nodes (out of 10)
[92mINFO [0m:      aggregate_evaluate: Received 10 results and 0 failures
[92mINFO [0m:      	└──> Aggregated MetricRecord: {'eval_loss': 1.9272073332220319, 'eval_acc': 0.2917, 'time': 93.66901874542236}
[92mINFO [0m:      
[92mINFO [0m:      [ROUND 9/100]
[92mINFO [0m:      configure_train: Sampled 10 nodes (out of 10)
[92mINFO [0m:      aggregate_train: Received 9 results and 0 failures
[92mINFO [0m:      	└──> Aggregated MetricRecord: {'train_loss': 1.9210999770694308, 'train_time': 5.429285019015272, 'qtty_records': 9}
[92mINFO [0m:      configure_evaluate: Sampled 10 nodes (out of 10)
[92mINFO [0m:      aggregate_evaluate: Received 10 results and 0 failures
[92mINFO [0m:      	└──> Aggregated MetricRecord: {'eval_loss': 1.886837085336447, 'eval_acc': 0.2883, 'time': 100.72300028800964}
[92mINFO [0m:      
[92mINFO [0m:      [ROUND 10/100]
[92mINFO [0m:      configure_train: Sampled 9 nodes (out of 10)
[92mINFO [0m:      aggregate_train: Received 10 results and 0 failures
[92mINFO [0m:      	└──> Aggregated MetricRecord: {'train_loss': 1.932559106254578, 'train_time': 5.970557660609484, 'qtty_records': 10}
[92mINFO [0m:      configure_evaluate: Sampled 10 nodes (out of 10)
[92mINFO [0m:      aggregate_evaluate: Received 10 results and 0 failures
[92mINFO [0m:      	└──> Aggregated MetricRecord: {'eval_loss': 1.9066662132740022, 'eval_acc': 0.2785, 'time': 107.85804891586304}
[92mINFO [0m:      
[92mINFO [0m:      [ROUND 11/100]
[92mINFO [0m:      configure_train: Sampled 10 nodes (out of 10)
[92mINFO [0m:      aggregate_train: Received 9 results and 0 failures
[92mINFO [0m:      	└──> Aggregated MetricRecord: {'train_loss': 1.912869764645894, 'train_time': 5.428856704591049, 'qtty_records': 9}
[92mINFO [0m:      configure_evaluate: Sampled 10 nodes (out of 10)
[92mINFO [0m:      aggregate_evaluate: Received 10 results and 0 failures
[92mINFO [0m:      	└──> Aggregated MetricRecord: {'eval_loss': 1.865392928943038, 'eval_acc': 0.3036, 'time': 114.9901328086853}
[92mINFO [0m:      
[92mINFO [0m:      [ROUND 12/100]
[92mINFO [0m:      configure_train: Sampled 9 nodes (out of 10)
[92mINFO [0m:      aggregate_train: Received 10 results and 0 failures
[92mINFO [0m:      	└──> Aggregated MetricRecord: {'train_loss': 1.907737041091919, 'train_time': 5.960248223505914, 'qtty_records': 10}
[92mINFO [0m:      configure_evaluate: Sampled 10 nodes (out of 10)
[92mINFO [0m:      aggregate_evaluate: Received 10 results and 0 failures
[92mINFO [0m:      	└──> Aggregated MetricRecord: {'eval_loss': 1.8991880174726248, 'eval_acc': 0.29250000000000004, 'time': 122.139089345932}
[92mINFO [0m:      
[92mINFO [0m:      [ROUND 13/100]
[92mINFO [0m:      configure_train: Sampled 10 nodes (out of 10)
[92mINFO [0m:      aggregate_train: Received 9 results and 0 failures
[92mINFO [0m:      	└──> Aggregated MetricRecord: {'train_loss': 1.9033513516320124, 'train_time': 5.450684226014548, 'qtty_records': 9}
[92mINFO [0m:      configure_evaluate: Sampled 10 nodes (out of 10)
[92mINFO [0m:      aggregate_evaluate: Received 10 results and 0 failures
[92mINFO [0m:      	└──> Aggregated MetricRecord: {'eval_loss': 1.8951953008770943, 'eval_acc': 0.2912, 'time': 129.27228021621704}
[92mINFO [0m:      
[92mINFO [0m:      [ROUND 14/100]
[92mINFO [0m:      configure_train: Sampled 9 nodes (out of 10)
[92mINFO [0m:      aggregate_train: Received 10 results and 0 failures
[92mINFO [0m:      	└──> Aggregated MetricRecord: {'train_loss': 1.8937972003936767, 'train_time': 5.96411550976336, 'qtty_records': 10}
[92mINFO [0m:      configure_evaluate: Sampled 10 nodes (out of 10)
[92mINFO [0m:      aggregate_evaluate: Received 10 results and 0 failures
[92mINFO [0m:      	└──> Aggregated MetricRecord: {'eval_loss': 1.8562931042164563, 'eval_acc': 0.3099, 'time': 136.43463397026062}
[92mINFO [0m:      
[92mINFO [0m:      [ROUND 15/100]
[92mINFO [0m:      configure_train: Sampled 10 nodes (out of 10)
[92mINFO [0m:      aggregate_train: Received 9 results and 0 failures
[92mINFO [0m:      	└──> Aggregated MetricRecord: {'train_loss': 1.8849014518525866, 'train_time': 5.466491629059116, 'qtty_records': 9}
[92mINFO [0m:      configure_evaluate: Sampled 10 nodes (out of 10)
[92mINFO [0m:      aggregate_evaluate: Received 10 results and 0 failures
[92mINFO [0m:      	└──> Aggregated MetricRecord: {'eval_loss': 1.877581238746643, 'eval_acc': 0.3163, 'time': 143.48718810081482}
[92mINFO [0m:      
[92mINFO [0m:      [ROUND 16/100]
[92mINFO [0m:      configure_train: Sampled 9 nodes (out of 10)
[92mINFO [0m:      aggregate_train: Received 10 results and 0 failures
[92mINFO [0m:      	└──> Aggregated MetricRecord: {'train_loss': 1.885987665653229, 'train_time': 5.94188580904156, 'qtty_records': 10}
[92mINFO [0m:      configure_evaluate: Sampled 10 nodes (out of 10)
[92mINFO [0m:      aggregate_evaluate: Received 10 results and 0 failures
[92mINFO [0m:      	└──> Aggregated MetricRecord: {'eval_loss': 1.8566849980503322, 'eval_acc': 0.31690000000000007, 'time': 150.55093264579773}
[92mINFO [0m:      
[92mINFO [0m:      [ROUND 17/100]
[92mINFO [0m:      configure_train: Sampled 10 nodes (out of 10)
[92mINFO [0m:      aggregate_train: Received 9 results and 0 failures
[92mINFO [0m:      	└──> Aggregated MetricRecord: {'train_loss': 1.8775672429402668, 'train_time': 5.4326491885715065, 'qtty_records': 9}
[92mINFO [0m:      configure_evaluate: Sampled 10 nodes (out of 10)
[92mINFO [0m:      aggregate_evaluate: Received 10 results and 0 failures
[92mINFO [0m:      	└──> Aggregated MetricRecord: {'eval_loss': 1.872716507315636, 'eval_acc': 0.31110000000000004, 'time': 157.69542121887207}
[92mINFO [0m:      
[92mINFO [0m:      [ROUND 18/100]
[92mINFO [0m:      configure_train: Sampled 9 nodes (out of 10)
[92mINFO [0m:      aggregate_train: Received 10 results and 0 failures
[92mINFO [0m:      	└──> Aggregated MetricRecord: {'train_loss': 1.8847295171737672, 'train_time': 5.968954088911414, 'qtty_records': 10}
[92mINFO [0m:      configure_evaluate: Sampled 10 nodes (out of 10)
[92mINFO [0m:      aggregate_evaluate: Received 10 results and 0 failures
[92mINFO [0m:      	└──> Aggregated MetricRecord: {'eval_loss': 1.8776420783251524, 'eval_acc': 0.3032, 'time': 164.73019075393677}
[92mINFO [0m:      
[92mINFO [0m:      [ROUND 19/100]
[92mINFO [0m:      configure_train: Sampled 10 nodes (out of 10)
[92mINFO [0m:      aggregate_train: Received 9 results and 0 failures
[92mINFO [0m:      	└──> Aggregated MetricRecord: {'train_loss': 1.8671735265519882, 'train_time': 5.434655927949482, 'qtty_records': 9}
[92mINFO [0m:      configure_evaluate: Sampled 10 nodes (out of 10)
[92mINFO [0m:      aggregate_evaluate: Received 10 results and 0 failures
[92mINFO [0m:      	└──> Aggregated MetricRecord: {'eval_loss': 1.8437535412609578, 'eval_acc': 0.31770000000000004, 'time': 171.8686912059784}
[92mINFO [0m:      
[92mINFO [0m:      [ROUND 20/100]
[92mINFO [0m:      configure_train: Sampled 9 nodes (out of 10)
[92mINFO [0m:      aggregate_train: Received 10 results and 0 failures
[92mINFO [0m:      	└──> Aggregated MetricRecord: {'train_loss': 1.866963719081879, 'train_time': 5.9398142147809265, 'qtty_records': 10}
[92mINFO [0m:      configure_evaluate: Sampled 10 nodes (out of 10)
[92mINFO [0m:      aggregate_evaluate: Received 10 results and 0 failures
[92mINFO [0m:      	└──> Aggregated MetricRecord: {'eval_loss': 1.8690186128020287, 'eval_acc': 0.3187, 'time': 178.92439723014832}
[92mINFO [0m:      
[92mINFO [0m:      [ROUND 21/100]
[92mINFO [0m:      configure_train: Sampled 10 nodes (out of 10)
[92mINFO [0m:      aggregate_train: Received 9 results and 0 failures
[92mINFO [0m:      	└──> Aggregated MetricRecord: {'train_loss': 1.8648814901775783, 'train_time': 5.426001847204235, 'qtty_records': 9}
[92mINFO [0m:      configure_evaluate: Sampled 10 nodes (out of 10)
[92mINFO [0m:      aggregate_evaluate: Received 10 results and 0 failures
[92mINFO [0m:      	└──> Aggregated MetricRecord: {'eval_loss': 1.8484297197312116, 'eval_acc': 0.32210000000000005, 'time': 185.9767665863037}
[92mINFO [0m:      
[92mINFO [0m:      [ROUND 22/100]
[92mINFO [0m:      configure_train: Sampled 9 nodes (out of 10)
[92mINFO [0m:      aggregate_train: Received 10 results and 0 failures
[92mINFO [0m:      	└──> Aggregated MetricRecord: {'train_loss': 1.8476178343772889, 'train_time': 5.95561526287347, 'qtty_records': 10}
[92mINFO [0m:      configure_evaluate: Sampled 10 nodes (out of 10)
[92mINFO [0m:      aggregate_evaluate: Received 10 results and 0 failures
[92mINFO [0m:      	└──> Aggregated MetricRecord: {'eval_loss': 1.8170528244227173, 'eval_acc': 0.3319, 'time': 193.03495144844055}
[92mINFO [0m:      
[92mINFO [0m:      [ROUND 23/100]
[92mINFO [0m:      configure_train: Sampled 10 nodes (out of 10)
[92mINFO [0m:      aggregate_train: Received 9 results and 0 failures
[92mINFO [0m:      	└──> Aggregated MetricRecord: {'train_loss': 1.8528888131247625, 'train_time': 5.431819601812297, 'qtty_records': 9}
[92mINFO [0m:      configure_evaluate: Sampled 10 nodes (out of 10)
[92mINFO [0m:      aggregate_evaluate: Received 10 results and 0 failures
[92mINFO [0m:      	└──> Aggregated MetricRecord: {'eval_loss': 1.887401430681348, 'eval_acc': 0.30500000000000005, 'time': 200.1683065891266}
[92mINFO [0m:      
[92mINFO [0m:      [ROUND 24/100]
[92mINFO [0m:      configure_train: Sampled 9 nodes (out of 10)
[92mINFO [0m:      aggregate_train: Received 10 results and 0 failures
[92mINFO [0m:      	└──> Aggregated MetricRecord: {'train_loss': 1.8599194087028503, 'train_time': 5.95038389172405, 'qtty_records': 10}
[92mINFO [0m:      configure_evaluate: Sampled 10 nodes (out of 10)
[92mINFO [0m:      aggregate_evaluate: Received 10 results and 0 failures
[92mINFO [0m:      	└──> Aggregated MetricRecord: {'eval_loss': 1.845628484338522, 'eval_acc': 0.33199999999999996, 'time': 207.32823967933655}
[92mINFO [0m:      
[92mINFO [0m:      [ROUND 25/100]
[92mINFO [0m:      configure_train: Sampled 10 nodes (out of 10)
[92mINFO [0m:      aggregate_train: Received 9 results and 0 failures
[92mINFO [0m:      	└──> Aggregated MetricRecord: {'train_loss': 1.8568769036398993, 'train_time': 5.436105110992988, 'qtty_records': 9}
[92mINFO [0m:      configure_evaluate: Sampled 10 nodes (out of 10)
[92mINFO [0m:      aggregate_evaluate: Received 10 results and 0 failures
[92mINFO [0m:      	└──> Aggregated MetricRecord: {'eval_loss': 1.8512447129935028, 'eval_acc': 0.339, 'time': 214.38472533226013}
[92mINFO [0m:      
[92mINFO [0m:      [ROUND 26/100]
[92mINFO [0m:      configure_train: Sampled 9 nodes (out of 10)
[92mINFO [0m:      aggregate_train: Received 10 results and 0 failures
[92mINFO [0m:      	└──> Aggregated MetricRecord: {'train_loss': 1.8625609861373902, 'train_time': 5.971844511479139, 'qtty_records': 10}
[92mINFO [0m:      configure_evaluate: Sampled 10 nodes (out of 10)
[92mINFO [0m:      aggregate_evaluate: Received 10 results and 0 failures
[92mINFO [0m:      	└──> Aggregated MetricRecord: {'eval_loss': 1.861589191481471, 'eval_acc': 0.3291, 'time': 221.5195906162262}
[92mINFO [0m:      
[92mINFO [0m:      [ROUND 27/100]
[92mINFO [0m:      configure_train: Sampled 10 nodes (out of 10)
[92mINFO [0m:      aggregate_train: Received 9 results and 0 failures
[92mINFO [0m:      	└──> Aggregated MetricRecord: {'train_loss': 1.8538156516816882, 'train_time': 5.453603299748567, 'qtty_records': 9}
[92mINFO [0m:      configure_evaluate: Sampled 10 nodes (out of 10)
[92mINFO [0m:      aggregate_evaluate: Received 10 results and 0 failures
[92mINFO [0m:      	└──> Aggregated MetricRecord: {'eval_loss': 1.8322874132543805, 'eval_acc': 0.34450000000000003, 'time': 228.55199718475342}
[92mINFO [0m:      
[92mINFO [0m:      [ROUND 28/100]
[92mINFO [0m:      configure_train: Sampled 9 nodes (out of 10)
[92mINFO [0m:      aggregate_train: Received 10 results and 0 failures
[92mINFO [0m:      	└──> Aggregated MetricRecord: {'train_loss': 1.8557367440223698, 'train_time': 5.95272179003805, 'qtty_records': 10}
[92mINFO [0m:      configure_evaluate: Sampled 10 nodes (out of 10)
[92mINFO [0m:      aggregate_evaluate: Received 10 results and 0 failures
[92mINFO [0m:      	└──> Aggregated MetricRecord: {'eval_loss': 1.8487670954316855, 'eval_acc': 0.3346, 'time': 235.68744325637817}
[92mINFO [0m:      
[92mINFO [0m:      [ROUND 29/100]
[92mINFO [0m:      configure_train: Sampled 10 nodes (out of 10)
[92mINFO [0m:      aggregate_train: Received 9 results and 0 failures
[92mINFO [0m:      	└──> Aggregated MetricRecord: {'train_loss': 1.8365702510409885, 'train_time': 5.444524918786353, 'qtty_records': 9}
[92mINFO [0m:      configure_evaluate: Sampled 10 nodes (out of 10)
[92mINFO [0m:      aggregate_evaluate: Received 10 results and 0 failures
[92mINFO [0m:      	└──> Aggregated MetricRecord: {'eval_loss': 1.8298059731721876, 'eval_acc': 0.3416, 'time': 242.7198052406311}
[92mINFO [0m:      
[92mINFO [0m:      [ROUND 30/100]
[92mINFO [0m:      configure_train: Sampled 9 nodes (out of 10)
[92mINFO [0m:      aggregate_train: Received 10 results and 0 failures
[92mINFO [0m:      	└──> Aggregated MetricRecord: {'train_loss': 1.8520170264244085, 'train_time': 5.974488855153322, 'qtty_records': 10}
[92mINFO [0m:      configure_evaluate: Sampled 10 nodes (out of 10)
[92mINFO [0m:      aggregate_evaluate: Received 10 results and 0 failures
[92mINFO [0m:      	└──> Aggregated MetricRecord: {'eval_loss': 1.8299369629472495, 'eval_acc': 0.33959999999999996, 'time': 249.88119268417358}
[92mINFO [0m:      
[92mINFO [0m:      [ROUND 31/100]
[92mINFO [0m:      configure_train: Sampled 10 nodes (out of 10)
[92mINFO [0m:      aggregate_train: Received 9 results and 0 failures
[92mINFO [0m:      	└──> Aggregated MetricRecord: {'train_loss': 1.8353400895860459, 'train_time': 5.43299737220837, 'qtty_records': 9}
[92mINFO [0m:      configure_evaluate: Sampled 10 nodes (out of 10)
[92mINFO [0m:      aggregate_evaluate: Received 10 results and 0 failures
[92mINFO [0m:      	└──> Aggregated MetricRecord: {'eval_loss': 1.8093081880360844, 'eval_acc': 0.3539, 'time': 257.0467360019684}
[92mINFO [0m:      
[92mINFO [0m:      [ROUND 32/100]
[92mINFO [0m:      configure_train: Sampled 9 nodes (out of 10)
[92mINFO [0m:      aggregate_train: Received 10 results and 0 failures
[92mINFO [0m:      	└──> Aggregated MetricRecord: {'train_loss': 1.8622140993118286, 'train_time': 5.9697098292410375, 'qtty_records': 10}
[92mINFO [0m:      configure_evaluate: Sampled 10 nodes (out of 10)
[92mINFO [0m:      aggregate_evaluate: Received 10 results and 0 failures
[92mINFO [0m:      	└──> Aggregated MetricRecord: {'eval_loss': 1.874442267417908, 'eval_acc': 0.3224000000000001, 'time': 264.08732199668884}
[92mINFO [0m:      
[92mINFO [0m:      [ROUND 33/100]
[92mINFO [0m:      configure_train: Sampled 10 nodes (out of 10)
[92mINFO [0m:      aggregate_train: Received 9 results and 0 failures
[92mINFO [0m:      	└──> Aggregated MetricRecord: {'train_loss': 1.8331537826326159, 'train_time': 5.440641634580162, 'qtty_records': 9}
[92mINFO [0m:      configure_evaluate: Sampled 10 nodes (out of 10)
[92mINFO [0m:      aggregate_evaluate: Received 10 results and 0 failures
[92mINFO [0m:      	└──> Aggregated MetricRecord: {'eval_loss': 1.8002829227596524, 'eval_acc': 0.3575, 'time': 271.1185326576233}
[92mINFO [0m:      
[92mINFO [0m:      [ROUND 34/100]
[92mINFO [0m:      configure_train: Sampled 9 nodes (out of 10)
[92mINFO [0m:      aggregate_train: Received 10 results and 0 failures
[92mINFO [0m:      	└──> Aggregated MetricRecord: {'train_loss': 1.8214588769912718, 'train_time': 5.959262644872069, 'qtty_records': 10}
[92mINFO [0m:      configure_evaluate: Sampled 10 nodes (out of 10)
[92mINFO [0m:      aggregate_evaluate: Received 10 results and 0 failures
[92mINFO [0m:      	└──> Aggregated MetricRecord: {'eval_loss': 1.7947732098400595, 'eval_acc': 0.3647, 'time': 278.1783072948456}
[92mINFO [0m:      
[92mINFO [0m:      [ROUND 35/100]
[92mINFO [0m:      configure_train: Sampled 10 nodes (out of 10)
[92mINFO [0m:      aggregate_train: Received 9 results and 0 failures
[92mINFO [0m:      	└──> Aggregated MetricRecord: {'train_loss': 1.8271004976696437, 'train_time': 5.424696628211273, 'qtty_records': 9}
[92mINFO [0m:      configure_evaluate: Sampled 10 nodes (out of 10)
[92mINFO [0m:      aggregate_evaluate: Received 10 results and 0 failures
[92mINFO [0m:      	└──> Aggregated MetricRecord: {'eval_loss': 1.8330533258616926, 'eval_acc': 0.3351, 'time': 285.21025562286377}
[92mINFO [0m:      
[92mINFO [0m:      [ROUND 36/100]
[92mINFO [0m:      configure_train: Sampled 9 nodes (out of 10)
[92mINFO [0m:      aggregate_train: Received 10 results and 0 failures
[92mINFO [0m:      	└──> Aggregated MetricRecord: {'train_loss': 1.8448920392036439, 'train_time': 5.96466822642833, 'qtty_records': 10}
[92mINFO [0m:      configure_evaluate: Sampled 10 nodes (out of 10)
[92mINFO [0m:      aggregate_evaluate: Received 10 results and 0 failures
[92mINFO [0m:      	└──> Aggregated MetricRecord: {'eval_loss': 1.8344290435314181, 'eval_acc': 0.34459999999999996, 'time': 292.34712266921997}
[92mINFO [0m:      
[92mINFO [0m:      [ROUND 37/100]
[92mINFO [0m:      configure_train: Sampled 10 nodes (out of 10)
[92mINFO [0m:      aggregate_train: Received 9 results and 0 failures
[92mINFO [0m:      	└──> Aggregated MetricRecord: {'train_loss': 1.8447038553025985, 'train_time': 5.4416181281622915, 'qtty_records': 9}
[92mINFO [0m:      configure_evaluate: Sampled 10 nodes (out of 10)
[92mINFO [0m:      aggregate_evaluate: Received 10 results and 0 failures
[92mINFO [0m:      	└──> Aggregated MetricRecord: {'eval_loss': 1.8238684784621, 'eval_acc': 0.35850000000000004, 'time': 299.38004088401794}
[92mINFO [0m:      
[92mINFO [0m:      [ROUND 38/100]
[92mINFO [0m:      configure_train: Sampled 9 nodes (out of 10)
[92mINFO [0m:      aggregate_train: Received 10 results and 0 failures
[92mINFO [0m:      	└──> Aggregated MetricRecord: {'train_loss': 1.8716897941589359, 'train_time': 5.963766193389892, 'qtty_records': 10}
[92mINFO [0m:      configure_evaluate: Sampled 10 nodes (out of 10)
[92mINFO [0m:      aggregate_evaluate: Received 10 results and 0 failures
[92mINFO [0m:      	└──> Aggregated MetricRecord: {'eval_loss': 1.8774514961987732, 'eval_acc': 0.357, 'time': 306.44276189804077}
[92mINFO [0m:      
[92mINFO [0m:      [ROUND 39/100]
[92mINFO [0m:      configure_train: Sampled 10 nodes (out of 10)
[92mINFO [0m:      aggregate_train: Received 9 results and 0 failures
[92mINFO [0m:      	└──> Aggregated MetricRecord: {'train_loss': 1.8489421228832668, 'train_time': 5.432137386666404, 'qtty_records': 9}
[92mINFO [0m:      configure_evaluate: Sampled 10 nodes (out of 10)
[92mINFO [0m:      aggregate_evaluate: Received 10 results and 0 failures
[92mINFO [0m:      	└──> Aggregated MetricRecord: {'eval_loss': 1.8348927631974221, 'eval_acc': 0.33240000000000003, 'time': 313.4953017234802}
[92mINFO [0m:      
[92mINFO [0m:      [ROUND 40/100]
[92mINFO [0m:      configure_train: Sampled 9 nodes (out of 10)
[92mINFO [0m:      aggregate_train: Received 10 results and 0 failures
[92mINFO [0m:      	└──> Aggregated MetricRecord: {'train_loss': 1.8342357307434083, 'train_time': 5.953742538951337, 'qtty_records': 10}
[92mINFO [0m:      configure_evaluate: Sampled 10 nodes (out of 10)
[92mINFO [0m:      aggregate_evaluate: Received 10 results and 0 failures
[92mINFO [0m:      	└──> Aggregated MetricRecord: {'eval_loss': 1.8187486194074156, 'eval_acc': 0.35880000000000006, 'time': 320.55371856689453}
[92mINFO [0m:      
[92mINFO [0m:      [ROUND 41/100]
[92mINFO [0m:      configure_train: Sampled 10 nodes (out of 10)
[92mINFO [0m:      aggregate_train: Received 9 results and 0 failures
[92mINFO [0m:      	└──> Aggregated MetricRecord: {'train_loss': 1.8340142637888588, 'train_time': 5.425370634429985, 'qtty_records': 9}
[92mINFO [0m:      configure_evaluate: Sampled 10 nodes (out of 10)
[92mINFO [0m:      aggregate_evaluate: Received 10 results and 0 failures
[92mINFO [0m:      	└──> Aggregated MetricRecord: {'eval_loss': 1.8531165946274997, 'eval_acc': 0.3456, 'time': 327.6075060367584}
[92mINFO [0m:      
[92mINFO [0m:      [ROUND 42/100]
[92mINFO [0m:      configure_train: Sampled 9 nodes (out of 10)
[92mINFO [0m:      aggregate_train: Received 10 results and 0 failures
[92mINFO [0m:      	└──> Aggregated MetricRecord: {'train_loss': 1.8292713799476625, 'train_time': 5.971197609603405, 'qtty_records': 10}
[92mINFO [0m:      configure_evaluate: Sampled 10 nodes (out of 10)
[92mINFO [0m:      aggregate_evaluate: Received 10 results and 0 failures
[92mINFO [0m:      	└──> Aggregated MetricRecord: {'eval_loss': 1.863145087659359, 'eval_acc': 0.33410000000000006, 'time': 334.66681933403015}
[92mINFO [0m:      
[92mINFO [0m:      [ROUND 43/100]
[92mINFO [0m:      configure_train: Sampled 10 nodes (out of 10)
[92mINFO [0m:      aggregate_train: Received 9 results and 0 failures
[92mINFO [0m:      	└──> Aggregated MetricRecord: {'train_loss': 1.8421187215381198, 'train_time': 5.423956576734781, 'qtty_records': 9}
[92mINFO [0m:      configure_evaluate: Sampled 10 nodes (out of 10)
[92mINFO [0m:      aggregate_evaluate: Received 10 results and 0 failures
[92mINFO [0m:      	└──> Aggregated MetricRecord: {'eval_loss': 1.8117056701332332, 'eval_acc': 0.35040000000000004, 'time': 341.82528853416443}
[92mINFO [0m:      
[92mINFO [0m:      [ROUND 44/100]
[92mINFO [0m:      configure_train: Sampled 9 nodes (out of 10)
[92mINFO [0m:      aggregate_train: Received 10 results and 0 failures
[92mINFO [0m:      	└──> Aggregated MetricRecord: {'train_loss': 1.8313809073448182, 'train_time': 5.9460848338901995, 'qtty_records': 10}
[92mINFO [0m:      configure_evaluate: Sampled 10 nodes (out of 10)
[92mINFO [0m:      aggregate_evaluate: Received 10 results and 0 failures
[92mINFO [0m:      	└──> Aggregated MetricRecord: {'eval_loss': 1.8196910809725524, 'eval_acc': 0.35990000000000005, 'time': 348.88559794425964}
[92mINFO [0m:      
[92mINFO [0m:      [ROUND 45/100]
[92mINFO [0m:      configure_train: Sampled 10 nodes (out of 10)
[92mINFO [0m:      aggregate_train: Received 9 results and 0 failures
[92mINFO [0m:      	└──> Aggregated MetricRecord: {'train_loss': 1.8266446158091227, 'train_time': 5.413041453394625, 'qtty_records': 9}
[92mINFO [0m:      configure_evaluate: Sampled 10 nodes (out of 10)
[92mINFO [0m:      aggregate_evaluate: Received 10 results and 0 failures
[92mINFO [0m:      	└──> Aggregated MetricRecord: {'eval_loss': 1.8178537342697383, 'eval_acc': 0.34670000000000006, 'time': 355.9470331668854}
[92mINFO [0m:      
[92mINFO [0m:      [ROUND 46/100]
[92mINFO [0m:      configure_train: Sampled 9 nodes (out of 10)
[92mINFO [0m:      aggregate_train: Received 10 results and 0 failures
[92mINFO [0m:      	└──> Aggregated MetricRecord: {'train_loss': 1.8343796803474428, 'train_time': 5.964304000325501, 'qtty_records': 10}
[92mINFO [0m:      configure_evaluate: Sampled 10 nodes (out of 10)
[92mINFO [0m:      aggregate_evaluate: Received 10 results and 0 failures
[92mINFO [0m:      	└──> Aggregated MetricRecord: {'eval_loss': 1.8345653370022774, 'eval_acc': 0.3501, 'time': 363.0877904891968}
[92mINFO [0m:      
[92mINFO [0m:      [ROUND 47/100]
[92mINFO [0m:      configure_train: Sampled 10 nodes (out of 10)
[92mINFO [0m:      aggregate_train: Received 9 results and 0 failures
[92mINFO [0m:      	└──> Aggregated MetricRecord: {'train_loss': 1.8286851095623438, 'train_time': 5.438783495376508, 'qtty_records': 9}
[92mINFO [0m:      configure_evaluate: Sampled 10 nodes (out of 10)
[92mINFO [0m:      aggregate_evaluate: Received 10 results and 0 failures
[92mINFO [0m:      	└──> Aggregated MetricRecord: {'eval_loss': 1.810922982543707, 'eval_acc': 0.3587, 'time': 370.1207981109619}
[92mINFO [0m:      
[92mINFO [0m:      [ROUND 48/100]
[92mINFO [0m:      configure_train: Sampled 9 nodes (out of 10)
[92mINFO [0m:      aggregate_train: Received 10 results and 0 failures
[92mINFO [0m:      	└──> Aggregated MetricRecord: {'train_loss': 1.8414870621681216, 'train_time': 5.963849788717925, 'qtty_records': 10}
[92mINFO [0m:      configure_evaluate: Sampled 10 nodes (out of 10)
[92mINFO [0m:      aggregate_evaluate: Received 10 results and 0 failures
[92mINFO [0m:      	└──> Aggregated MetricRecord: {'eval_loss': 1.8311403036117555, 'eval_acc': 0.34980000000000006, 'time': 377.2596049308777}
[92mINFO [0m:      
[92mINFO [0m:      [ROUND 49/100]
[92mINFO [0m:      configure_train: Sampled 10 nodes (out of 10)
[92mINFO [0m:      aggregate_train: Received 9 results and 0 failures
[92mINFO [0m:      	└──> Aggregated MetricRecord: {'train_loss': 1.8272930357191297, 'train_time': 5.426004687945048, 'qtty_records': 9}
[92mINFO [0m:      configure_evaluate: Sampled 10 nodes (out of 10)
[92mINFO [0m:      aggregate_evaluate: Received 10 results and 0 failures
[92mINFO [0m:      	└──> Aggregated MetricRecord: {'eval_loss': 1.8179183572530748, 'eval_acc': 0.3650000000000001, 'time': 384.3141899108887}
[92mINFO [0m:      
[92mINFO [0m:      [ROUND 50/100]
[92mINFO [0m:      configure_train: Sampled 9 nodes (out of 10)
[92mINFO [0m:      aggregate_train: Received 10 results and 0 failures
[92mINFO [0m:      	└──> Aggregated MetricRecord: {'train_loss': 1.820531066799164, 'train_time': 5.953442086651921, 'qtty_records': 10}
[92mINFO [0m:      configure_evaluate: Sampled 10 nodes (out of 10)
[92mINFO [0m:      aggregate_evaluate: Received 10 results and 0 failures
[92mINFO [0m:      	└──> Aggregated MetricRecord: {'eval_loss': 1.8026748385280373, 'eval_acc': 0.3666, 'time': 391.47296261787415}
[92mINFO [0m:      
[92mINFO [0m:      [ROUND 51/100]
[92mINFO [0m:      configure_train: Sampled 10 nodes (out of 10)
[92mINFO [0m:      aggregate_train: Received 9 results and 0 failures
[92mINFO [0m:      	└──> Aggregated MetricRecord: {'train_loss': 1.823509284655253, 'train_time': 5.428173389078842, 'qtty_records': 9}
[92mINFO [0m:      configure_evaluate: Sampled 10 nodes (out of 10)
[92mINFO [0m:      aggregate_evaluate: Received 10 results and 0 failures
[92mINFO [0m:      	└──> Aggregated MetricRecord: {'eval_loss': 1.8172721400856975, 'eval_acc': 0.34950000000000003, 'time': 398.6188359260559}
[92mINFO [0m:      
[92mINFO [0m:      [ROUND 52/100]
[92mINFO [0m:      configure_train: Sampled 9 nodes (out of 10)
[92mINFO [0m:      aggregate_train: Received 10 results and 0 failures
[92mINFO [0m:      	└──> Aggregated MetricRecord: {'train_loss': 1.843985387516022, 'train_time': 5.968023079819977, 'qtty_records': 10}
[92mINFO [0m:      configure_evaluate: Sampled 10 nodes (out of 10)
[92mINFO [0m:      aggregate_evaluate: Received 10 results and 0 failures
[92mINFO [0m:      	└──> Aggregated MetricRecord: {'eval_loss': 1.848547871783376, 'eval_acc': 0.33609999999999995, 'time': 405.67459511756897}
[92mINFO [0m:      
[92mINFO [0m:      [ROUND 53/100]
[92mINFO [0m:      configure_train: Sampled 10 nodes (out of 10)
[92mINFO [0m:      aggregate_train: Received 9 results and 0 failures
[92mINFO [0m:      	└──> Aggregated MetricRecord: {'train_loss': 1.8241835658815169, 'train_time': 5.426722587810622, 'qtty_records': 9}
[92mINFO [0m:      configure_evaluate: Sampled 10 nodes (out of 10)
[92mINFO [0m:      aggregate_evaluate: Received 10 results and 0 failures
[92mINFO [0m:      	└──> Aggregated MetricRecord: {'eval_loss': 1.8150772102177142, 'eval_acc': 0.3539, 'time': 412.80784821510315}
[92mINFO [0m:      
[92mINFO [0m:      [ROUND 54/100]
[92mINFO [0m:      configure_train: Sampled 9 nodes (out of 10)
[92mINFO [0m:      aggregate_train: Received 10 results and 0 failures
[92mINFO [0m:      	└──> Aggregated MetricRecord: {'train_loss': 1.8251472421646118, 'train_time': 5.969966449774802, 'qtty_records': 10}
[92mINFO [0m:      configure_evaluate: Sampled 10 nodes (out of 10)
[92mINFO [0m:      aggregate_evaluate: Received 10 results and 0 failures
[92mINFO [0m:      	└──> Aggregated MetricRecord: {'eval_loss': 1.8327112488448623, 'eval_acc': 0.34249999999999997, 'time': 419.84155678749084}
[92mINFO [0m:      
[92mINFO [0m:      [ROUND 55/100]
[92mINFO [0m:      configure_train: Sampled 10 nodes (out of 10)
[92mINFO [0m:      aggregate_train: Received 9 results and 0 failures
[92mINFO [0m:      	└──> Aggregated MetricRecord: {'train_loss': 1.8435718047883773, 'train_time': 5.434873694347011, 'qtty_records': 9}
[92mINFO [0m:      configure_evaluate: Sampled 10 nodes (out of 10)
[92mINFO [0m:      aggregate_evaluate: Received 10 results and 0 failures
[92mINFO [0m:      	└──> Aggregated MetricRecord: {'eval_loss': 1.8418207127600907, 'eval_acc': 0.3395, 'time': 426.9952278137207}
[92mINFO [0m:      
[92mINFO [0m:      [ROUND 56/100]
[92mINFO [0m:      configure_train: Sampled 9 nodes (out of 10)
[92mINFO [0m:      aggregate_train: Received 10 results and 0 failures
[92mINFO [0m:      	└──> Aggregated MetricRecord: {'train_loss': 1.832867482185364, 'train_time': 5.954194900952279, 'qtty_records': 10}
[92mINFO [0m:      configure_evaluate: Sampled 10 nodes (out of 10)
[92mINFO [0m:      aggregate_evaluate: Received 10 results and 0 failures
[92mINFO [0m:      	└──> Aggregated MetricRecord: {'eval_loss': 1.810243441537023, 'eval_acc': 0.3576000000000001, 'time': 434.0525622367859}
[92mINFO [0m:      
[92mINFO [0m:      [ROUND 57/100]
[92mINFO [0m:      configure_train: Sampled 10 nodes (out of 10)
[92mINFO [0m:      aggregate_train: Received 9 results and 0 failures
[92mINFO [0m:      	└──> Aggregated MetricRecord: {'train_loss': 1.828077629301283, 'train_time': 5.434539544706543, 'qtty_records': 9}
[92mINFO [0m:      configure_evaluate: Sampled 10 nodes (out of 10)
[92mINFO [0m:      aggregate_evaluate: Received 10 results and 0 failures
[92mINFO [0m:      	└──> Aggregated MetricRecord: {'eval_loss': 1.8546364266425373, 'eval_acc': 0.33680000000000004, 'time': 441.18359637260437}
[92mINFO [0m:      
[92mINFO [0m:      [ROUND 58/100]
[92mINFO [0m:      configure_train: Sampled 9 nodes (out of 10)
[92mINFO [0m:      aggregate_train: Received 10 results and 0 failures
[92mINFO [0m:      	└──> Aggregated MetricRecord: {'train_loss': 1.8340820792198185, 'train_time': 5.958430606126785, 'qtty_records': 10}
[92mINFO [0m:      configure_evaluate: Sampled 10 nodes (out of 10)
[92mINFO [0m:      aggregate_evaluate: Received 10 results and 0 failures
[92mINFO [0m:      	└──> Aggregated MetricRecord: {'eval_loss': 1.800478883087635, 'eval_acc': 0.3619, 'time': 448.2199640274048}
[92mINFO [0m:      
[92mINFO [0m:      [ROUND 59/100]
[92mINFO [0m:      configure_train: Sampled 10 nodes (out of 10)
[92mINFO [0m:      aggregate_train: Received 9 results and 0 failures
[92mINFO [0m:      	└──> Aggregated MetricRecord: {'train_loss': 1.8222402317259048, 'train_time': 5.417499885583918, 'qtty_records': 9}
[92mINFO [0m:      configure_evaluate: Sampled 10 nodes (out of 10)
[92mINFO [0m:      aggregate_evaluate: Received 10 results and 0 failures
[92mINFO [0m:      	└──> Aggregated MetricRecord: {'eval_loss': 1.8262826409190893, 'eval_acc': 0.3462, 'time': 455.3532018661499}
[92mINFO [0m:      
[92mINFO [0m:      [ROUND 60/100]
[92mINFO [0m:      configure_train: Sampled 9 nodes (out of 10)
[92mINFO [0m:      aggregate_train: Received 10 results and 0 failures
[92mINFO [0m:      	└──> Aggregated MetricRecord: {'train_loss': 1.8474214169502259, 'train_time': 5.940283437632024, 'qtty_records': 10}
[92mINFO [0m:      configure_evaluate: Sampled 10 nodes (out of 10)
[92mINFO [0m:      aggregate_evaluate: Received 10 results and 0 failures
[92mINFO [0m:      	└──> Aggregated MetricRecord: {'eval_loss': 1.8311034474521877, 'eval_acc': 0.34390000000000004, 'time': 462.3871338367462}
[92mINFO [0m:      
[92mINFO [0m:      [ROUND 61/100]
[92mINFO [0m:      configure_train: Sampled 10 nodes (out of 10)
[92mINFO [0m:      aggregate_train: Received 9 results and 0 failures
[92mINFO [0m:      	└──> Aggregated MetricRecord: {'train_loss': 1.8204869918823243, 'train_time': 5.4364760551187725, 'qtty_records': 9}
[92mINFO [0m:      configure_evaluate: Sampled 10 nodes (out of 10)
[92mINFO [0m:      aggregate_evaluate: Received 10 results and 0 failures
[92mINFO [0m:      	└──> Aggregated MetricRecord: {'eval_loss': 1.8132622465491295, 'eval_acc': 0.3544, 'time': 469.52191710472107}
[92mINFO [0m:      
[92mINFO [0m:      [ROUND 62/100]
[92mINFO [0m:      configure_train: Sampled 9 nodes (out of 10)
[92mINFO [0m:      aggregate_train: Received 10 results and 0 failures
[92mINFO [0m:      	└──> Aggregated MetricRecord: {'train_loss': 1.8312933709144592, 'train_time': 5.956393058784306, 'qtty_records': 10}
[92mINFO [0m:      configure_evaluate: Sampled 10 nodes (out of 10)
[92mINFO [0m:      aggregate_evaluate: Received 10 results and 0 failures
[92mINFO [0m:      	└──> Aggregated MetricRecord: {'eval_loss': 1.8045460049062967, 'eval_acc': 0.36200000000000004, 'time': 476.57953906059265}
[92mINFO [0m:      
[92mINFO [0m:      [ROUND 63/100]
[92mINFO [0m:      configure_train: Sampled 10 nodes (out of 10)
[92mINFO [0m:      aggregate_train: Received 9 results and 0 failures
[92mINFO [0m:      	└──> Aggregated MetricRecord: {'train_loss': 1.8328384369744195, 'train_time': 5.429997574331032, 'qtty_records': 9}
[92mINFO [0m:      configure_evaluate: Sampled 10 nodes (out of 10)
[92mINFO [0m:      aggregate_evaluate: Received 10 results and 0 failures
[92mINFO [0m:      	└──> Aggregated MetricRecord: {'eval_loss': 1.836172138527036, 'eval_acc': 0.3511000000000001, 'time': 483.6112730503082}
[92mINFO [0m:      
[92mINFO [0m:      [ROUND 64/100]
[92mINFO [0m:      configure_train: Sampled 9 nodes (out of 10)
[92mINFO [0m:      aggregate_train: Received 10 results and 0 failures
[92mINFO [0m:      	└──> Aggregated MetricRecord: {'train_loss': 1.8211982236862183, 'train_time': 5.964586220867932, 'qtty_records': 10}
[92mINFO [0m:      configure_evaluate: Sampled 10 nodes (out of 10)
[92mINFO [0m:      aggregate_evaluate: Received 10 results and 0 failures
[92mINFO [0m:      	└──> Aggregated MetricRecord: {'eval_loss': 1.7967087894678115, 'eval_acc': 0.3612, 'time': 490.6734480857849}
[92mINFO [0m:      
[92mINFO [0m:      [ROUND 65/100]
[92mINFO [0m:      configure_train: Sampled 10 nodes (out of 10)
[92mINFO [0m:      aggregate_train: Received 9 results and 0 failures
[92mINFO [0m:      	└──> Aggregated MetricRecord: {'train_loss': 1.8142455875608654, 'train_time': 5.439617844298482, 'qtty_records': 9}
[92mINFO [0m:      configure_evaluate: Sampled 10 nodes (out of 10)
[92mINFO [0m:      aggregate_evaluate: Received 10 results and 0 failures
[92mINFO [0m:      	└──> Aggregated MetricRecord: {'eval_loss': 1.8286619767546655, 'eval_acc': 0.34220000000000006, 'time': 497.7059977054596}
[92mINFO [0m:      
[92mINFO [0m:      [ROUND 66/100]
[92mINFO [0m:      configure_train: Sampled 9 nodes (out of 10)
[92mINFO [0m:      aggregate_train: Received 10 results and 0 failures
[92mINFO [0m:      	└──> Aggregated MetricRecord: {'train_loss': 1.816636964607239, 'train_time': 5.964544506371022, 'qtty_records': 10}
[92mINFO [0m:      configure_evaluate: Sampled 10 nodes (out of 10)
[92mINFO [0m:      aggregate_evaluate: Received 10 results and 0 failures
[92mINFO [0m:      	└──> Aggregated MetricRecord: {'eval_loss': 1.788094949349761, 'eval_acc': 0.37450000000000006, 'time': 504.8509633541107}
[92mINFO [0m:      
[92mINFO [0m:      [ROUND 67/100]
[92mINFO [0m:      configure_train: Sampled 10 nodes (out of 10)
[92mINFO [0m:      aggregate_train: Received 9 results and 0 failures
[92mINFO [0m:      	└──> Aggregated MetricRecord: {'train_loss': 1.7988494009441798, 'train_time': 5.443943070040809, 'qtty_records': 9}
[92mINFO [0m:      configure_evaluate: Sampled 10 nodes (out of 10)
[92mINFO [0m:      aggregate_evaluate: Received 10 results and 0 failures
[92mINFO [0m:      	└──> Aggregated MetricRecord: {'eval_loss': 1.8091222386807206, 'eval_acc': 0.36150000000000004, 'time': 511.90447449684143}
[92mINFO [0m:      
[92mINFO [0m:      [ROUND 68/100]
[92mINFO [0m:      configure_train: Sampled 9 nodes (out of 10)
[92mINFO [0m:      aggregate_train: Received 10 results and 0 failures
[92mINFO [0m:      	└──> Aggregated MetricRecord: {'train_loss': 1.8113204986572267, 'train_time': 5.961068216711283, 'qtty_records': 10}
[92mINFO [0m:      configure_evaluate: Sampled 10 nodes (out of 10)
[92mINFO [0m:      aggregate_evaluate: Received 10 results and 0 failures
[92mINFO [0m:      	└──> Aggregated MetricRecord: {'eval_loss': 1.7981741450726987, 'eval_acc': 0.3665, 'time': 518.9384913444519}
[92mINFO [0m:      
[92mINFO [0m:      [ROUND 69/100]
[92mINFO [0m:      configure_train: Sampled 10 nodes (out of 10)
[92mINFO [0m:      aggregate_train: Received 9 results and 0 failures
[92mINFO [0m:      	└──> Aggregated MetricRecord: {'train_loss': 1.8201589561038545, 'train_time': 5.4152842122647495, 'qtty_records': 9}
[92mINFO [0m:      configure_evaluate: Sampled 10 nodes (out of 10)
[92mINFO [0m:      aggregate_evaluate: Received 10 results and 0 failures
[92mINFO [0m:      	└──> Aggregated MetricRecord: {'eval_loss': 1.8236637201160193, 'eval_acc': 0.3517, 'time': 525.9712963104248}
[92mINFO [0m:      
[92mINFO [0m:      [ROUND 70/100]
[92mINFO [0m:      configure_train: Sampled 9 nodes (out of 10)
[92mINFO [0m:      aggregate_train: Received 10 results and 0 failures
[92mINFO [0m:      	└──> Aggregated MetricRecord: {'train_loss': 1.8206513464927674, 'train_time': 5.96022665463388, 'qtty_records': 10}
[92mINFO [0m:      configure_evaluate: Sampled 10 nodes (out of 10)
[92mINFO [0m:      aggregate_evaluate: Received 10 results and 0 failures
[92mINFO [0m:      	└──> Aggregated MetricRecord: {'eval_loss': 1.8309025917202235, 'eval_acc': 0.3449, 'time': 533.1097950935364}
[92mINFO [0m:      
[92mINFO [0m:      [ROUND 71/100]
[92mINFO [0m:      configure_train: Sampled 10 nodes (out of 10)
[92mINFO [0m:      aggregate_train: Received 9 results and 0 failures
[92mINFO [0m:      	└──> Aggregated MetricRecord: {'train_loss': 1.8246613931655884, 'train_time': 5.431834692549375, 'qtty_records': 9}
[92mINFO [0m:      configure_evaluate: Sampled 10 nodes (out of 10)
[92mINFO [0m:      aggregate_evaluate: Received 10 results and 0 failures
[92mINFO [0m:      	└──> Aggregated MetricRecord: {'eval_loss': 1.824056549370289, 'eval_acc': 0.35760000000000003, 'time': 540.1678426265717}
[92mINFO [0m:      
[92mINFO [0m:      [ROUND 72/100]
[92mINFO [0m:      configure_train: Sampled 9 nodes (out of 10)
[92mINFO [0m:      aggregate_train: Received 10 results and 0 failures
[92mINFO [0m:      	└──> Aggregated MetricRecord: {'train_loss': 1.8111489327430725, 'train_time': 5.961406615190208, 'qtty_records': 10}
[92mINFO [0m:      configure_evaluate: Sampled 10 nodes (out of 10)
[92mINFO [0m:      aggregate_evaluate: Received 10 results and 0 failures
[92mINFO [0m:      	└──> Aggregated MetricRecord: {'eval_loss': 1.8115825336426499, 'eval_acc': 0.3649, 'time': 547.3273949623108}
[92mINFO [0m:      
[92mINFO [0m:      [ROUND 73/100]
[92mINFO [0m:      configure_train: Sampled 10 nodes (out of 10)
[92mINFO [0m:      aggregate_train: Received 9 results and 0 failures
[92mINFO [0m:      	└──> Aggregated MetricRecord: {'train_loss': 1.8479417051739158, 'train_time': 5.4449071118401156, 'qtty_records': 9}
[92mINFO [0m:      configure_evaluate: Sampled 10 nodes (out of 10)
[92mINFO [0m:      aggregate_evaluate: Received 10 results and 0 failures
[92mINFO [0m:      	└──> Aggregated MetricRecord: {'eval_loss': 1.8427982978522777, 'eval_acc': 0.35050000000000003, 'time': 554.3604242801666}
[92mINFO [0m:      
[92mINFO [0m:      [ROUND 74/100]
[92mINFO [0m:      configure_train: Sampled 9 nodes (out of 10)
[92mINFO [0m:      aggregate_train: Received 10 results and 0 failures
[92mINFO [0m:      	└──> Aggregated MetricRecord: {'train_loss': 1.8295381433486941, 'train_time': 5.937739723175764, 'qtty_records': 10}
[92mINFO [0m:      configure_evaluate: Sampled 10 nodes (out of 10)
[92mINFO [0m:      aggregate_evaluate: Received 10 results and 0 failures
[92mINFO [0m:      	└──> Aggregated MetricRecord: {'eval_loss': 1.8058018781244753, 'eval_acc': 0.35450000000000004, 'time': 561.4970245361328}
[92mINFO [0m:      
[92mINFO [0m:      [ROUND 75/100]
[92mINFO [0m:      configure_train: Sampled 10 nodes (out of 10)
[92mINFO [0m:      aggregate_train: Received 9 results and 0 failures
[92mINFO [0m:      	└──> Aggregated MetricRecord: {'train_loss': 1.8176690587997435, 'train_time': 5.440147673297259, 'qtty_records': 9}
[92mINFO [0m:      configure_evaluate: Sampled 10 nodes (out of 10)
[92mINFO [0m:      aggregate_evaluate: Received 10 results and 0 failures
[92mINFO [0m:      	└──> Aggregated MetricRecord: {'eval_loss': 1.8147055491805077, 'eval_acc': 0.35519999999999996, 'time': 568.629771232605}
[92mINFO [0m:      
[92mINFO [0m:      [ROUND 76/100]
[92mINFO [0m:      configure_train: Sampled 9 nodes (out of 10)
[92mINFO [0m:      aggregate_train: Received 10 results and 0 failures
[92mINFO [0m:      	└──> Aggregated MetricRecord: {'train_loss': 1.8103584725379944, 'train_time': 5.956255064718425, 'qtty_records': 10}
[92mINFO [0m:      configure_evaluate: Sampled 10 nodes (out of 10)
[92mINFO [0m:      aggregate_evaluate: Received 10 results and 0 failures
[92mINFO [0m:      	└──> Aggregated MetricRecord: {'eval_loss': 1.7742276556789878, 'eval_acc': 0.3662, 'time': 575.7730398178101}
[92mINFO [0m:      
[92mINFO [0m:      [ROUND 77/100]
[92mINFO [0m:      configure_train: Sampled 10 nodes (out of 10)
[92mINFO [0m:      aggregate_train: Received 9 results and 0 failures
[92mINFO [0m:      	└──> Aggregated MetricRecord: {'train_loss': 1.8030540564854938, 'train_time': 5.434945956079496, 'qtty_records': 9}
[92mINFO [0m:      configure_evaluate: Sampled 10 nodes (out of 10)
[92mINFO [0m:      aggregate_evaluate: Received 10 results and 0 failures
[92mINFO [0m:      	└──> Aggregated MetricRecord: {'eval_loss': 1.7977028742432597, 'eval_acc': 0.37260000000000004, 'time': 582.8061602115631}
[92mINFO [0m:      
[92mINFO [0m:      [ROUND 78/100]
[92mINFO [0m:      configure_train: Sampled 9 nodes (out of 10)
[92mINFO [0m:      aggregate_train: Received 10 results and 0 failures
[92mINFO [0m:      	└──> Aggregated MetricRecord: {'train_loss': 1.8152620782852174, 'train_time': 5.945956984348595, 'qtty_records': 10}
[92mINFO [0m:      configure_evaluate: Sampled 10 nodes (out of 10)
[92mINFO [0m:      aggregate_evaluate: Received 10 results and 0 failures
[92mINFO [0m:      	└──> Aggregated MetricRecord: {'eval_loss': 1.8103081852197649, 'eval_acc': 0.3668, 'time': 589.9683473110199}
[92mINFO [0m:      
[92mINFO [0m:      [ROUND 79/100]
[92mINFO [0m:      configure_train: Sampled 10 nodes (out of 10)
[92mINFO [0m:      aggregate_train: Received 9 results and 0 failures
[92mINFO [0m:      	└──> Aggregated MetricRecord: {'train_loss': 1.8042129213545055, 'train_time': 5.425924808200863, 'qtty_records': 9}
[92mINFO [0m:      configure_evaluate: Sampled 10 nodes (out of 10)
[92mINFO [0m:      aggregate_evaluate: Received 10 results and 0 failures
[92mINFO [0m:      	└──> Aggregated MetricRecord: {'eval_loss': 1.8259089641273023, 'eval_acc': 0.3546, 'time': 596.9996566772461}
[92mINFO [0m:      
[92mINFO [0m:      [ROUND 80/100]
[92mINFO [0m:      configure_train: Sampled 9 nodes (out of 10)
[92mINFO [0m:      aggregate_train: Received 10 results and 0 failures
[92mINFO [0m:      	└──> Aggregated MetricRecord: {'train_loss': 1.8290663232803344, 'train_time': 5.956501667760312, 'qtty_records': 10}
[92mINFO [0m:      configure_evaluate: Sampled 10 nodes (out of 10)
[92mINFO [0m:      aggregate_evaluate: Received 10 results and 0 failures
[92mINFO [0m:      	└──> Aggregated MetricRecord: {'eval_loss': 1.817513915151358, 'eval_acc': 0.3563, 'time': 604.1640932559967}
[92mINFO [0m:      
[92mINFO [0m:      [ROUND 81/100]
[92mINFO [0m:      configure_train: Sampled 10 nodes (out of 10)
[92mINFO [0m:      aggregate_train: Received 9 results and 0 failures
[92mINFO [0m:      	└──> Aggregated MetricRecord: {'train_loss': 1.8142081387837725, 'train_time': 5.4432346725629435, 'qtty_records': 9}
[92mINFO [0m:      configure_evaluate: Sampled 10 nodes (out of 10)
[92mINFO [0m:      aggregate_evaluate: Received 10 results and 0 failures
[92mINFO [0m:      	└──> Aggregated MetricRecord: {'eval_loss': 1.7899805072695019, 'eval_acc': 0.36510000000000004, 'time': 611.1972970962524}
[92mINFO [0m:      
[92mINFO [0m:      [ROUND 82/100]
[92mINFO [0m:      configure_train: Sampled 9 nodes (out of 10)
[92mINFO [0m:      aggregate_train: Received 10 results and 0 failures
[92mINFO [0m:      	└──> Aggregated MetricRecord: {'train_loss': 1.833752077198029, 'train_time': 5.964788277074694, 'qtty_records': 10}
[92mINFO [0m:      configure_evaluate: Sampled 10 nodes (out of 10)
[92mINFO [0m:      aggregate_evaluate: Received 10 results and 0 failures
[92mINFO [0m:      	└──> Aggregated MetricRecord: {'eval_loss': 1.8471970710903407, 'eval_acc': 0.3405000000000001, 'time': 618.2564580440521}
[92mINFO [0m:      
[92mINFO [0m:      [ROUND 83/100]
[92mINFO [0m:      configure_train: Sampled 10 nodes (out of 10)
[92mINFO [0m:      aggregate_train: Received 9 results and 0 failures
[92mINFO [0m:      	└──> Aggregated MetricRecord: {'train_loss': 1.8083312931060789, 'train_time': 5.431461342920859, 'qtty_records': 9}
[92mINFO [0m:      configure_evaluate: Sampled 10 nodes (out of 10)
[92mINFO [0m:      aggregate_evaluate: Received 10 results and 0 failures
[92mINFO [0m:      	└──> Aggregated MetricRecord: {'eval_loss': 1.8188812132924799, 'eval_acc': 0.358, 'time': 625.4116427898407}
[92mINFO [0m:      
[92mINFO [0m:      [ROUND 84/100]
[92mINFO [0m:      configure_train: Sampled 9 nodes (out of 10)
[92mINFO [0m:      aggregate_train: Received 10 results and 0 failures
[92mINFO [0m:      	└──> Aggregated MetricRecord: {'train_loss': 1.837286229419708, 'train_time': 5.970212799310684, 'qtty_records': 10}
[92mINFO [0m:      configure_evaluate: Sampled 10 nodes (out of 10)
[92mINFO [0m:      aggregate_evaluate: Received 10 results and 0 failures
[92mINFO [0m:      	└──> Aggregated MetricRecord: {'eval_loss': 1.8404465563595298, 'eval_acc': 0.3477, 'time': 632.445102930069}
[92mINFO [0m:      
[92mINFO [0m:      [ROUND 85/100]
[92mINFO [0m:      configure_train: Sampled 10 nodes (out of 10)
[92mINFO [0m:      aggregate_train: Received 9 results and 0 failures
[92mINFO [0m:      	└──> Aggregated MetricRecord: {'train_loss': 1.8284784206814235, 'train_time': 5.439699426293373, 'qtty_records': 9}
[92mINFO [0m:      configure_evaluate: Sampled 10 nodes (out of 10)
[92mINFO [0m:      aggregate_evaluate: Received 10 results and 0 failures
[92mINFO [0m:      	└──> Aggregated MetricRecord: {'eval_loss': 1.8186018604785203, 'eval_acc': 0.364, 'time': 639.5005888938904}
[92mINFO [0m:      
[92mINFO [0m:      [ROUND 86/100]
[92mINFO [0m:      configure_train: Sampled 9 nodes (out of 10)
[92mINFO [0m:      aggregate_train: Received 10 results and 0 failures
[92mINFO [0m:      	└──> Aggregated MetricRecord: {'train_loss': 1.8228137040138246, 'train_time': 5.958303008042276, 'qtty_records': 10}
[92mINFO [0m:      configure_evaluate: Sampled 10 nodes (out of 10)
[92mINFO [0m:      aggregate_evaluate: Received 10 results and 0 failures
[92mINFO [0m:      	└──> Aggregated MetricRecord: {'eval_loss': 1.8171585552394394, 'eval_acc': 0.3489999999999999, 'time': 646.5359873771667}
[92mINFO [0m:      
[92mINFO [0m:      [ROUND 87/100]
[92mINFO [0m:      configure_train: Sampled 10 nodes (out of 10)
[92mINFO [0m:      aggregate_train: Received 9 results and 0 failures
[92mINFO [0m:      	└──> Aggregated MetricRecord: {'train_loss': 1.819625502692328, 'train_time': 5.431040401467019, 'qtty_records': 9}
[92mINFO [0m:      configure_evaluate: Sampled 10 nodes (out of 10)
[92mINFO [0m:      aggregate_evaluate: Received 10 results and 0 failures
[92mINFO [0m:      	└──> Aggregated MetricRecord: {'eval_loss': 1.8081174675375222, 'eval_acc': 0.36619999999999997, 'time': 653.6678280830383}
[92mINFO [0m:      
[92mINFO [0m:      [ROUND 88/100]
[92mINFO [0m:      configure_train: Sampled 9 nodes (out of 10)
[92mINFO [0m:      aggregate_train: Received 10 results and 0 failures
[92mINFO [0m:      	└──> Aggregated MetricRecord: {'train_loss': 1.8140826355934143, 'train_time': 5.938957147300243, 'qtty_records': 10}
[92mINFO [0m:      configure_evaluate: Sampled 10 nodes (out of 10)
[92mINFO [0m:      aggregate_evaluate: Received 10 results and 0 failures
[92mINFO [0m:      	└──> Aggregated MetricRecord: {'eval_loss': 1.794834553450346, 'eval_acc': 0.3582, 'time': 660.7282073497772}
[92mINFO [0m:      
[92mINFO [0m:      [ROUND 89/100]
[92mINFO [0m:      configure_train: Sampled 10 nodes (out of 10)
[92mINFO [0m:      aggregate_train: Received 9 results and 0 failures
[92mINFO [0m:      	└──> Aggregated MetricRecord: {'train_loss': 1.7849437703026665, 'train_time': 5.425118035947283, 'qtty_records': 9}
[92mINFO [0m:      configure_evaluate: Sampled 10 nodes (out of 10)
[92mINFO [0m:      aggregate_evaluate: Received 10 results and 0 failures
[92mINFO [0m:      	└──> Aggregated MetricRecord: {'eval_loss': 1.7916093397885562, 'eval_acc': 0.3554, 'time': 667.7828714847565}
[92mINFO [0m:      
[92mINFO [0m:      [ROUND 90/100]
[92mINFO [0m:      configure_train: Sampled 9 nodes (out of 10)
[92mINFO [0m:      aggregate_train: Received 10 results and 0 failures
[92mINFO [0m:      	└──> Aggregated MetricRecord: {'train_loss': 1.8191395203590397, 'train_time': 5.96183994077146, 'qtty_records': 10}
[92mINFO [0m:      configure_evaluate: Sampled 10 nodes (out of 10)
[92mINFO [0m:      aggregate_evaluate: Received 10 results and 0 failures
[92mINFO [0m:      	└──> Aggregated MetricRecord: {'eval_loss': 1.8179340120404959, 'eval_acc': 0.36260000000000003, 'time': 674.9197492599487}
[92mINFO [0m:      
[92mINFO [0m:      [ROUND 91/100]
[92mINFO [0m:      configure_train: Sampled 10 nodes (out of 10)
[92mINFO [0m:      aggregate_train: Received 9 results and 0 failures
[92mINFO [0m:      	└──> Aggregated MetricRecord: {'train_loss': 1.8159963979721068, 'train_time': 5.447404253400034, 'qtty_records': 9}
[92mINFO [0m:      configure_evaluate: Sampled 10 nodes (out of 10)
[92mINFO [0m:      aggregate_evaluate: Received 10 results and 0 failures
[92mINFO [0m:      	└──> Aggregated MetricRecord: {'eval_loss': 1.8454342097043992, 'eval_acc': 0.34919999999999995, 'time': 681.9508891105652}
[92mINFO [0m:      
[92mINFO [0m:      [ROUND 92/100]
[92mINFO [0m:      configure_train: Sampled 9 nodes (out of 10)
[92mINFO [0m:      aggregate_train: Received 10 results and 0 failures
[92mINFO [0m:      	└──> Aggregated MetricRecord: {'train_loss': 1.835969173526764, 'train_time': 5.95587726123631, 'qtty_records': 10}
[92mINFO [0m:      configure_evaluate: Sampled 10 nodes (out of 10)
[92mINFO [0m:      aggregate_evaluate: Received 10 results and 0 failures
[92mINFO [0m:      	└──> Aggregated MetricRecord: {'eval_loss': 1.8327853731811048, 'eval_acc': 0.3553, 'time': 689.1123876571655}
[92mINFO [0m:      
[92mINFO [0m:      [ROUND 93/100]
[92mINFO [0m:      configure_train: Sampled 10 nodes (out of 10)
[92mINFO [0m:      aggregate_train: Received 9 results and 0 failures
[92mINFO [0m:      	└──> Aggregated MetricRecord: {'train_loss': 1.8251194548077052, 'train_time': 5.4389160343756275, 'qtty_records': 9}
[92mINFO [0m:      configure_evaluate: Sampled 10 nodes (out of 10)
[92mINFO [0m:      aggregate_evaluate: Received 10 results and 0 failures
[92mINFO [0m:      	└──> Aggregated MetricRecord: {'eval_loss': 1.8181971557438372, 'eval_acc': 0.34850000000000003, 'time': 696.144802570343}
[92mINFO [0m:      
[92mINFO [0m:      [ROUND 94/100]
[92mINFO [0m:      configure_train: Sampled 9 nodes (out of 10)
[92mINFO [0m:      aggregate_train: Received 10 results and 0 failures
[92mINFO [0m:      	└──> Aggregated MetricRecord: {'train_loss': 1.8359849022865298, 'train_time': 5.957668709941208, 'qtty_records': 10}
[92mINFO [0m:      configure_evaluate: Sampled 10 nodes (out of 10)
[92mINFO [0m:      aggregate_evaluate: Received 10 results and 0 failures
[92mINFO [0m:      	└──> Aggregated MetricRecord: {'eval_loss': 1.8230951465666294, 'eval_acc': 0.35710000000000003, 'time': 703.3050787448883}
[92mINFO [0m:      
[92mINFO [0m:      [ROUND 95/100]
[92mINFO [0m:      configure_train: Sampled 10 nodes (out of 10)
[92mINFO [0m:      aggregate_train: Received 9 results and 0 failures
[92mINFO [0m:      	└──> Aggregated MetricRecord: {'train_loss': 1.8169410070843166, 'train_time': 5.436637845097317, 'qtty_records': 9}
[92mINFO [0m:      configure_evaluate: Sampled 10 nodes (out of 10)
[92mINFO [0m:      aggregate_evaluate: Received 10 results and 0 failures
[92mINFO [0m:      	└──> Aggregated MetricRecord: {'eval_loss': 1.8322975236922505, 'eval_acc': 0.3519, 'time': 710.3375551700592}
[92mINFO [0m:      
[92mINFO [0m:      [ROUND 96/100]
[92mINFO [0m:      configure_train: Sampled 9 nodes (out of 10)
[92mINFO [0m:      aggregate_train: Received 10 results and 0 failures
[92mINFO [0m:      	└──> Aggregated MetricRecord: {'train_loss': 1.8656683236122134, 'train_time': 5.963174368627369, 'qtty_records': 10}
[92mINFO [0m:      configure_evaluate: Sampled 10 nodes (out of 10)
[92mINFO [0m:      aggregate_evaluate: Received 10 results and 0 failures
[92mINFO [0m:      	└──> Aggregated MetricRecord: {'eval_loss': 1.8520148780196901, 'eval_acc': 0.34340000000000004, 'time': 717.3952298164368}
[92mINFO [0m:      
[92mINFO [0m:      [ROUND 97/100]
[92mINFO [0m:      configure_train: Sampled 10 nodes (out of 10)
[92mINFO [0m:      aggregate_train: Received 9 results and 0 failures
[92mINFO [0m:      	└──> Aggregated MetricRecord: {'train_loss': 1.8224344722959729, 'train_time': 5.446331104884545, 'qtty_records': 9}
[92mINFO [0m:      configure_evaluate: Sampled 10 nodes (out of 10)
[92mINFO [0m:      aggregate_evaluate: Received 10 results and 0 failures
[92mINFO [0m:      	└──> Aggregated MetricRecord: {'eval_loss': 1.8217367444187405, 'eval_acc': 0.3491, 'time': 724.4263894557953}
[92mINFO [0m:      
[92mINFO [0m:      [ROUND 98/100]
[92mINFO [0m:      configure_train: Sampled 9 nodes (out of 10)
[92mINFO [0m:      aggregate_train: Received 10 results and 0 failures
[92mINFO [0m:      	└──> Aggregated MetricRecord: {'train_loss': 1.815908903503418, 'train_time': 5.957146684639156, 'qtty_records': 10}
[92mINFO [0m:      configure_evaluate: Sampled 10 nodes (out of 10)
[92mINFO [0m:      aggregate_evaluate: Received 10 results and 0 failures
[92mINFO [0m:      	└──> Aggregated MetricRecord: {'eval_loss': 1.8130731247365475, 'eval_acc': 0.35150000000000003, 'time': 731.4609167575836}
[92mINFO [0m:      
[92mINFO [0m:      [ROUND 99/100]
[92mINFO [0m:      configure_train: Sampled 10 nodes (out of 10)
[92mINFO [0m:      aggregate_train: Received 9 results and 0 failures
[92mINFO [0m:      	└──> Aggregated MetricRecord: {'train_loss': 1.8338262082205878, 'train_time': 5.434690523064798, 'qtty_records': 9}
[92mINFO [0m:      configure_evaluate: Sampled 10 nodes (out of 10)
[92mINFO [0m:      aggregate_evaluate: Received 10 results and 0 failures
[92mINFO [0m:      	└──> Aggregated MetricRecord: {'eval_loss': 1.837997545674443, 'eval_acc': 0.34570000000000006, 'time': 738.6237852573395}
[92mINFO [0m:      
[92mINFO [0m:      [ROUND 100/100]
[92mINFO [0m:      configure_train: Sampled 9 nodes (out of 10)
[92mINFO [0m:      aggregate_train: Received 10 results and 0 failures
[92mINFO [0m:      	└──> Aggregated MetricRecord: {'train_loss': 1.82761611328125, 'train_time': 5.959116212464869, 'qtty_records': 10}
[92mINFO [0m:      configure_evaluate: Sampled 10 nodes (out of 10)
[92mINFO [0m:      aggregate_evaluate: Received 10 results and 0 failures
[92mINFO [0m:      	└──> Aggregated MetricRecord: {'eval_loss': 1.830387619137764, 'eval_acc': 0.35649999999999993, 'time': 745.6834166049957}
[92mINFO [0m:      
[92mINFO [0m:      Strategy execution finished in 745.68s
[92mINFO [0m:      
[92mINFO [0m:      Final results:
[92mINFO [0m:      
[92mINFO [0m:      	Global Arrays:
[92mINFO [0m:      		ArrayRecord (0.238 MB)
[92mINFO [0m:      	
[92mINFO [0m:      	Aggregated ClientApp-side Train Metrics:
[92mINFO [0m:      	{ 1: { 'qtty_records': '9',
[92mINFO [0m:      	       'train_loss': '2.2074e+00',
[92mINFO [0m:      	       'train_time': '7.4142e+00'},
[92mINFO [0m:      	  2: { 'qtty_records': '10',
[92mINFO [0m:      	       'train_loss': '2.1635e+00',
[92mINFO [0m:      	       'train_time': '6.1314e+00'},
[92mINFO [0m:      	  3: { 'qtty_records': '9',
[92mINFO [0m:      	       'train_loss': '2.0789e+00',
[92mINFO [0m:      	       'train_time': '5.4399e+00'},
[92mINFO [0m:      	  4: { 'qtty_records': '10',
[92mINFO [0m:      	       'train_loss': '2.0496e+00',
[92mINFO [0m:      	       'train_time': '5.9779e+00'},
[92mINFO [0m:      	  5: { 'qtty_records': '9',
[92mINFO [0m:      	       'train_loss': '2.0107e+00',
[92mINFO [0m:      	       'train_time': '5.4229e+00'},
[92mINFO [0m:      	  6: { 'qtty_records': '10',
[92mINFO [0m:      	       'train_loss': '1.9765e+00',
[92mINFO [0m:      	       'train_time': '5.9513e+00'},
[92mINFO [0m:      	  7: { 'qtty_records': '9',
[92mINFO [0m:      	       'train_loss': '1.9577e+00',
[92mINFO [0m:      	       'train_time': '5.4287e+00'},
[92mINFO [0m:      	  8: { 'qtty_records': '10',
[92mINFO [0m:      	       'train_loss': '1.9456e+00',
[92mINFO [0m:      	       'train_time': '5.9358e+00'},
[92mINFO [0m:      	  9: { 'qtty_records': '9',
[92mINFO [0m:      	       'train_loss': '1.9211e+00',
[92mINFO [0m:      	       'train_time': '5.4293e+00'},
[92mINFO [0m:      	  10: { 'qtty_records': '10',
[92mINFO [0m:      	        'train_loss': '1.9326e+00',
[92mINFO [0m:      	        'train_time': '5.9706e+00'},
[92mINFO [0m:      	  11: { 'qtty_records': '9',
[92mINFO [0m:      	        'train_loss': '1.9129e+00',
[92mINFO [0m:      	        'train_time': '5.4289e+00'},
[92mINFO [0m:      	  12: { 'qtty_records': '10',
[92mINFO [0m:      	        'train_loss': '1.9077e+00',
[92mINFO [0m:      	        'train_time': '5.9602e+00'},
[92mINFO [0m:      	  13: { 'qtty_records': '9',
[92mINFO [0m:      	        'train_loss': '1.9034e+00',
[92mINFO [0m:      	        'train_time': '5.4507e+00'},
[92mINFO [0m:      	  14: { 'qtty_records': '10',
[92mINFO [0m:      	        'train_loss': '1.8938e+00',
[92mINFO [0m:      	        'train_time': '5.9641e+00'},
[92mINFO [0m:      	  15: { 'qtty_records': '9',
[92mINFO [0m:      	        'train_loss': '1.8849e+00',
[92mINFO [0m:      	        'train_time': '5.4665e+00'},
[92mINFO [0m:      	  16: { 'qtty_records': '10',
[92mINFO [0m:      	        'train_loss': '1.8860e+00',
[92mINFO [0m:      	        'train_time': '5.9419e+00'},
[92mINFO [0m:      	  17: { 'qtty_records': '9',
[92mINFO [0m:      	        'train_loss': '1.8776e+00',
[92mINFO [0m:      	        'train_time': '5.4326e+00'},
[92mINFO [0m:      	  18: { 'qtty_records': '10',
[92mINFO [0m:      	        'train_loss': '1.8847e+00',
[92mINFO [0m:      	        'train_time': '5.9690e+00'},
[92mINFO [0m:      	  19: { 'qtty_records': '9',
[92mINFO [0m:      	        'train_loss': '1.8672e+00',
[92mINFO [0m:      	        'train_time': '5.4347e+00'},
[92mINFO [0m:      	  20: { 'qtty_records': '10',
[92mINFO [0m:      	        'train_loss': '1.8670e+00',
[92mINFO [0m:      	        'train_time': '5.9398e+00'},
[92mINFO [0m:      	  21: { 'qtty_records': '9',
[92mINFO [0m:      	        'train_loss': '1.8649e+00',
[92mINFO [0m:      	        'train_time': '5.4260e+00'},
[92mINFO [0m:      	  22: { 'qtty_records': '10',
[92mINFO [0m:      	        'train_loss': '1.8476e+00',
[92mINFO [0m:      	        'train_time': '5.9556e+00'},
[92mINFO [0m:      	  23: { 'qtty_records': '9',
[92mINFO [0m:      	        'train_loss': '1.8529e+00',
[92mINFO [0m:      	        'train_time': '5.4318e+00'},
[92mINFO [0m:      	  24: { 'qtty_records': '10',
[92mINFO [0m:      	        'train_loss': '1.8599e+00',
[92mINFO [0m:      	        'train_time': '5.9504e+00'},
[92mINFO [0m:      	  25: { 'qtty_records': '9',
[92mINFO [0m:      	        'train_loss': '1.8569e+00',
[92mINFO [0m:      	        'train_time': '5.4361e+00'},
[92mINFO [0m:      	  26: { 'qtty_records': '10',
[92mINFO [0m:      	        'train_loss': '1.8626e+00',
[92mINFO [0m:      	        'train_time': '5.9718e+00'},
[92mINFO [0m:      	  27: { 'qtty_records': '9',
[92mINFO [0m:      	        'train_loss': '1.8538e+00',
[92mINFO [0m:      	        'train_time': '5.4536e+00'},
[92mINFO [0m:      	  28: { 'qtty_records': '10',
[92mINFO [0m:      	        'train_loss': '1.8557e+00',
[92mINFO [0m:      	        'train_time': '5.9527e+00'},
[92mINFO [0m:      	  29: { 'qtty_records': '9',
[92mINFO [0m:      	        'train_loss': '1.8366e+00',
[92mINFO [0m:      	        'train_time': '5.4445e+00'},
[92mINFO [0m:      	  30: { 'qtty_records': '10',
[92mINFO [0m:      	        'train_loss': '1.8520e+00',
[92mINFO [0m:      	        'train_time': '5.9745e+00'},
[92mINFO [0m:      	  31: { 'qtty_records': '9',
[92mINFO [0m:      	        'train_loss': '1.8353e+00',
[92mINFO [0m:      	        'train_time': '5.4330e+00'},
[92mINFO [0m:      	  32: { 'qtty_records': '10',
[92mINFO [0m:      	        'train_loss': '1.8622e+00',
[92mINFO [0m:      	        'train_time': '5.9697e+00'},
[92mINFO [0m:      	  33: { 'qtty_records': '9',
[92mINFO [0m:      	        'train_loss': '1.8332e+00',
[92mINFO [0m:      	        'train_time': '5.4406e+00'},
[92mINFO [0m:      	  34: { 'qtty_records': '10',
[92mINFO [0m:      	        'train_loss': '1.8215e+00',
[92mINFO [0m:      	        'train_time': '5.9593e+00'},
[92mINFO [0m:      	  35: { 'qtty_records': '9',
[92mINFO [0m:      	        'train_loss': '1.8271e+00',
[92mINFO [0m:      	        'train_time': '5.4247e+00'},
[92mINFO [0m:      	  36: { 'qtty_records': '10',
[92mINFO [0m:      	        'train_loss': '1.8449e+00',
[92mINFO [0m:      	        'train_time': '5.9647e+00'},
[92mINFO [0m:      	  37: { 'qtty_records': '9',
[92mINFO [0m:      	        'train_loss': '1.8447e+00',
[92mINFO [0m:      	        'train_time': '5.4416e+00'},
[92mINFO [0m:      	  38: { 'qtty_records': '10',
[92mINFO [0m:      	        'train_loss': '1.8717e+00',
[92mINFO [0m:      	        'train_time': '5.9638e+00'},
[92mINFO [0m:      	  39: { 'qtty_records': '9',
[92mINFO [0m:      	        'train_loss': '1.8489e+00',
[92mINFO [0m:      	        'train_time': '5.4321e+00'},
[92mINFO [0m:      	  40: { 'qtty_records': '10',
[92mINFO [0m:      	        'train_loss': '1.8342e+00',
[92mINFO [0m:      	        'train_time': '5.9537e+00'},
[92mINFO [0m:      	  41: { 'qtty_records': '9',
[92mINFO [0m:      	        'train_loss': '1.8340e+00',
[92mINFO [0m:      	        'train_time': '5.4254e+00'},
[92mINFO [0m:      	  42: { 'qtty_records': '10',
[92mINFO [0m:      	        'train_loss': '1.8293e+00',
[92mINFO [0m:      	        'train_time': '5.9712e+00'},
[92mINFO [0m:      	  43: { 'qtty_records': '9',
[92mINFO [0m:      	        'train_loss': '1.8421e+00',
[92mINFO [0m:      	        'train_time': '5.4240e+00'},
[92mINFO [0m:      	  44: { 'qtty_records': '10',
[92mINFO [0m:      	        'train_loss': '1.8314e+00',
[92mINFO [0m:      	        'train_time': '5.9461e+00'},
[92mINFO [0m:      	  45: { 'qtty_records': '9',
[92mINFO [0m:      	        'train_loss': '1.8266e+00',
[92mINFO [0m:      	        'train_time': '5.4130e+00'},
[92mINFO [0m:      	  46: { 'qtty_records': '10',
[92mINFO [0m:      	        'train_loss': '1.8344e+00',
[92mINFO [0m:      	        'train_time': '5.9643e+00'},
[92mINFO [0m:      	  47: { 'qtty_records': '9',
[92mINFO [0m:      	        'train_loss': '1.8287e+00',
[92mINFO [0m:      	        'train_time': '5.4388e+00'},
[92mINFO [0m:      	  48: { 'qtty_records': '10',
[92mINFO [0m:      	        'train_loss': '1.8415e+00',
[92mINFO [0m:      	        'train_time': '5.9638e+00'},
[92mINFO [0m:      	  49: { 'qtty_records': '9',
[92mINFO [0m:      	        'train_loss': '1.8273e+00',
[92mINFO [0m:      	        'train_time': '5.4260e+00'},
[92mINFO [0m:      	  50: { 'qtty_records': '10',
[92mINFO [0m:      	        'train_loss': '1.8205e+00',
[92mINFO [0m:      	        'train_time': '5.9534e+00'},
[92mINFO [0m:      	  51: { 'qtty_records': '9',
[92mINFO [0m:      	        'train_loss': '1.8235e+00',
[92mINFO [0m:      	        'train_time': '5.4282e+00'},
[92mINFO [0m:      	  52: { 'qtty_records': '10',
[92mINFO [0m:      	        'train_loss': '1.8440e+00',
[92mINFO [0m:      	        'train_time': '5.9680e+00'},
[92mINFO [0m:      	  53: { 'qtty_records': '9',
[92mINFO [0m:      	        'train_loss': '1.8242e+00',
[92mINFO [0m:      	        'train_time': '5.4267e+00'},
[92mINFO [0m:      	  54: { 'qtty_records': '10',
[92mINFO [0m:      	        'train_loss': '1.8251e+00',
[92mINFO [0m:      	        'train_time': '5.9700e+00'},
[92mINFO [0m:      	  55: { 'qtty_records': '9',
[92mINFO [0m:      	        'train_loss': '1.8436e+00',
[92mINFO [0m:      	        'train_time': '5.4349e+00'},
[92mINFO [0m:      	  56: { 'qtty_records': '10',
[92mINFO [0m:      	        'train_loss': '1.8329e+00',
[92mINFO [0m:      	        'train_time': '5.9542e+00'},
[92mINFO [0m:      	  57: { 'qtty_records': '9',
[92mINFO [0m:      	        'train_loss': '1.8281e+00',
[92mINFO [0m:      	        'train_time': '5.4345e+00'},
[92mINFO [0m:      	  58: { 'qtty_records': '10',
[92mINFO [0m:      	        'train_loss': '1.8341e+00',
[92mINFO [0m:      	        'train_time': '5.9584e+00'},
[92mINFO [0m:      	  59: { 'qtty_records': '9',
[92mINFO [0m:      	        'train_loss': '1.8222e+00',
[92mINFO [0m:      	        'train_time': '5.4175e+00'},
[92mINFO [0m:      	  60: { 'qtty_records': '10',
[92mINFO [0m:      	        'train_loss': '1.8474e+00',
[92mINFO [0m:      	        'train_time': '5.9403e+00'},
[92mINFO [0m:      	  61: { 'qtty_records': '9',
[92mINFO [0m:      	        'train_loss': '1.8205e+00',
[92mINFO [0m:      	        'train_time': '5.4365e+00'},
[92mINFO [0m:      	  62: { 'qtty_records': '10',
[92mINFO [0m:      	        'train_loss': '1.8313e+00',
[92mINFO [0m:      	        'train_time': '5.9564e+00'},
[92mINFO [0m:      	  63: { 'qtty_records': '9',
[92mINFO [0m:      	        'train_loss': '1.8328e+00',
[92mINFO [0m:      	        'train_time': '5.4300e+00'},
[92mINFO [0m:      	  64: { 'qtty_records': '10',
[92mINFO [0m:      	        'train_loss': '1.8212e+00',
[92mINFO [0m:      	        'train_time': '5.9646e+00'},
[92mINFO [0m:      	  65: { 'qtty_records': '9',
[92mINFO [0m:      	        'train_loss': '1.8142e+00',
[92mINFO [0m:      	        'train_time': '5.4396e+00'},
[92mINFO [0m:      	  66: { 'qtty_records': '10',
[92mINFO [0m:      	        'train_loss': '1.8166e+00',
[92mINFO [0m:      	        'train_time': '5.9645e+00'},
[92mINFO [0m:      	  67: { 'qtty_records': '9',
[92mINFO [0m:      	        'train_loss': '1.7988e+00',
[92mINFO [0m:      	        'train_time': '5.4439e+00'},
[92mINFO [0m:      	  68: { 'qtty_records': '10',
[92mINFO [0m:      	        'train_loss': '1.8113e+00',
[92mINFO [0m:      	        'train_time': '5.9611e+00'},
[92mINFO [0m:      	  69: { 'qtty_records': '9',
[92mINFO [0m:      	        'train_loss': '1.8202e+00',
[92mINFO [0m:      	        'train_time': '5.4153e+00'},
[92mINFO [0m:      	  70: { 'qtty_records': '10',
[92mINFO [0m:      	        'train_loss': '1.8207e+00',
[92mINFO [0m:      	        'train_time': '5.9602e+00'},
[92mINFO [0m:      	  71: { 'qtty_records': '9',
[92mINFO [0m:      	        'train_loss': '1.8247e+00',
[92mINFO [0m:      	        'train_time': '5.4318e+00'},
[92mINFO [0m:      	  72: { 'qtty_records': '10',
[92mINFO [0m:      	        'train_loss': '1.8111e+00',
[92mINFO [0m:      	        'train_time': '5.9614e+00'},
[92mINFO [0m:      	  73: { 'qtty_records': '9',
[92mINFO [0m:      	        'train_loss': '1.8479e+00',
[92mINFO [0m:      	        'train_time': '5.4449e+00'},
[92mINFO [0m:      	  74: { 'qtty_records': '10',
[92mINFO [0m:      	        'train_loss': '1.8295e+00',
[92mINFO [0m:      	        'train_time': '5.9377e+00'},
[92mINFO [0m:      	  75: { 'qtty_records': '9',
[92mINFO [0m:      	        'train_loss': '1.8177e+00',
[92mINFO [0m:      	        'train_time': '5.4401e+00'},
[92mINFO [0m:      	  76: { 'qtty_records': '10',
[92mINFO [0m:      	        'train_loss': '1.8104e+00',
[92mINFO [0m:      	        'train_time': '5.9563e+00'},
[92mINFO [0m:      	  77: { 'qtty_records': '9',
[92mINFO [0m:      	        'train_loss': '1.8031e+00',
[92mINFO [0m:      	        'train_time': '5.4349e+00'},
[92mINFO [0m:      	  78: { 'qtty_records': '10',
[92mINFO [0m:      	        'train_loss': '1.8153e+00',
[92mINFO [0m:      	        'train_time': '5.9460e+00'},
[92mINFO [0m:      	  79: { 'qtty_records': '9',
[92mINFO [0m:      	        'train_loss': '1.8042e+00',
[92mINFO [0m:      	        'train_time': '5.4259e+00'},
[92mINFO [0m:      	  80: { 'qtty_records': '10',
[92mINFO [0m:      	        'train_loss': '1.8291e+00',
[92mINFO [0m:      	        'train_time': '5.9565e+00'},
[92mINFO [0m:      	  81: { 'qtty_records': '9',
[92mINFO [0m:      	        'train_loss': '1.8142e+00',
[92mINFO [0m:      	        'train_time': '5.4432e+00'},
[92mINFO [0m:      	  82: { 'qtty_records': '10',
[92mINFO [0m:      	        'train_loss': '1.8338e+00',
[92mINFO [0m:      	        'train_time': '5.9648e+00'},
[92mINFO [0m:      	  83: { 'qtty_records': '9',
[92mINFO [0m:      	        'train_loss': '1.8083e+00',
[92mINFO [0m:      	        'train_time': '5.4315e+00'},
[92mINFO [0m:      	  84: { 'qtty_records': '10',
[92mINFO [0m:      	        'train_loss': '1.8373e+00',
[92mINFO [0m:      	        'train_time': '5.9702e+00'},
[92mINFO [0m:      	  85: { 'qtty_records': '9',
[92mINFO [0m:      	        'train_loss': '1.8285e+00',
[92mINFO [0m:      	        'train_time': '5.4397e+00'},
[92mINFO [0m:      	  86: { 'qtty_records': '10',
[92mINFO [0m:      	        'train_loss': '1.8228e+00',
[92mINFO [0m:      	        'train_time': '5.9583e+00'},
[92mINFO [0m:      	  87: { 'qtty_records': '9',
[92mINFO [0m:      	        'train_loss': '1.8196e+00',
[92mINFO [0m:      	        'train_time': '5.4310e+00'},
[92mINFO [0m:      	  88: { 'qtty_records': '10',
[92mINFO [0m:      	        'train_loss': '1.8141e+00',
[92mINFO [0m:      	        'train_time': '5.9390e+00'},
[92mINFO [0m:      	  89: { 'qtty_records': '9',
[92mINFO [0m:      	        'train_loss': '1.7849e+00',
[92mINFO [0m:      	        'train_time': '5.4251e+00'},
[92mINFO [0m:      	  90: { 'qtty_records': '10',
[92mINFO [0m:      	        'train_loss': '1.8191e+00',
[92mINFO [0m:      	        'train_time': '5.9618e+00'},
[92mINFO [0m:      	  91: { 'qtty_records': '9',
[92mINFO [0m:      	        'train_loss': '1.8160e+00',
[92mINFO [0m:      	        'train_time': '5.4474e+00'},
[92mINFO [0m:      	  92: { 'qtty_records': '10',
[92mINFO [0m:      	        'train_loss': '1.8360e+00',
[92mINFO [0m:      	        'train_time': '5.9559e+00'},
[92mINFO [0m:      	  93: { 'qtty_records': '9',
[92mINFO [0m:      	        'train_loss': '1.8251e+00',
[92mINFO [0m:      	        'train_time': '5.4389e+00'},
[92mINFO [0m:      	  94: { 'qtty_records': '10',
[92mINFO [0m:      	        'train_loss': '1.8360e+00',
[92mINFO [0m:      	        'train_time': '5.9577e+00'},
[92mINFO [0m:      	  95: { 'qtty_records': '9',
[92mINFO [0m:      	        'train_loss': '1.8169e+00',
[92mINFO [0m:      	        'train_time': '5.4366e+00'},
[92mINFO [0m:      	  96: { 'qtty_records': '10',
[92mINFO [0m:      	        'train_loss': '1.8657e+00',
[92mINFO [0m:      	        'train_time': '5.9632e+00'},
[92mINFO [0m:      	  97: { 'qtty_records': '9',
[92mINFO [0m:      	        'train_loss': '1.8224e+00',
[92mINFO [0m:      	        'train_time': '5.4463e+00'},
[92mINFO [0m:      	  98: { 'qtty_records': '10',
[92mINFO [0m:      	        'train_loss': '1.8159e+00',
[92mINFO [0m:      	        'train_time': '5.9571e+00'},
[92mINFO [0m:      	  99: { 'qtty_records': '9',
[92mINFO [0m:      	        'train_loss': '1.8338e+00',
[92mINFO [0m:      	        'train_time': '5.4347e+00'},
[92mINFO [0m:      	  100: { 'qtty_records': '10',
[92mINFO [0m:      	         'train_loss': '1.8276e+00',
[92mINFO [0m:      	         'train_time': '5.9591e+00'}}
[92mINFO [0m:      	
[92mINFO [0m:      	Aggregated ClientApp-side Evaluate Metrics:
[92mINFO [0m:      	{ 1: { 'eval_acc': '1.0040e-01',
[92mINFO [0m:      	       'eval_loss': '2.3411e+00',
[92mINFO [0m:      	       'time': '4.3845e+01'},
[92mINFO [0m:      	  2: { 'eval_acc': '2.1870e-01',
[92mINFO [0m:      	       'eval_loss': '2.1389e+00',
[92mINFO [0m:      	       'time': '5.0899e+01'},
[92mINFO [0m:      	  3: { 'eval_acc': '1.6940e-01',
[92mINFO [0m:      	       'eval_loss': '2.1132e+00',
[92mINFO [0m:      	       'time': '5.8031e+01'},
[92mINFO [0m:      	  4: { 'eval_acc': '2.1090e-01',
[92mINFO [0m:      	       'eval_loss': '2.0845e+00',
[92mINFO [0m:      	       'time': '6.5065e+01'},
[92mINFO [0m:      	  5: { 'eval_acc': '2.4180e-01',
[92mINFO [0m:      	       'eval_loss': '1.9900e+00',
[92mINFO [0m:      	       'time': '7.2097e+01'},
[92mINFO [0m:      	  6: { 'eval_acc': '2.7010e-01',
[92mINFO [0m:      	       'eval_loss': '1.9307e+00',
[92mINFO [0m:      	       'time': '7.9132e+01'},
[92mINFO [0m:      	  7: { 'eval_acc': '2.6380e-01',
[92mINFO [0m:      	       'eval_loss': '1.9747e+00',
[92mINFO [0m:      	       'time': '8.6176e+01'},
[92mINFO [0m:      	  8: { 'eval_acc': '2.9170e-01',
[92mINFO [0m:      	       'eval_loss': '1.9272e+00',
[92mINFO [0m:      	       'time': '9.3669e+01'},
[92mINFO [0m:      	  9: { 'eval_acc': '2.8830e-01',
[92mINFO [0m:      	       'eval_loss': '1.8868e+00',
[92mINFO [0m:      	       'time': '1.0072e+02'},
[92mINFO [0m:      	  10: { 'eval_acc': '2.7850e-01',
[92mINFO [0m:      	        'eval_loss': '1.9067e+00',
[92mINFO [0m:      	        'time': '1.0786e+02'},
[92mINFO [0m:      	  11: { 'eval_acc': '3.0360e-01',
[92mINFO [0m:      	        'eval_loss': '1.8654e+00',
[92mINFO [0m:      	        'time': '1.1499e+02'},
[92mINFO [0m:      	  12: { 'eval_acc': '2.9250e-01',
[92mINFO [0m:      	        'eval_loss': '1.8992e+00',
[92mINFO [0m:      	        'time': '1.2214e+02'},
[92mINFO [0m:      	  13: { 'eval_acc': '2.9120e-01',
[92mINFO [0m:      	        'eval_loss': '1.8952e+00',
[92mINFO [0m:      	        'time': '1.2927e+02'},
[92mINFO [0m:      	  14: { 'eval_acc': '3.0990e-01',
[92mINFO [0m:      	        'eval_loss': '1.8563e+00',
[92mINFO [0m:      	        'time': '1.3643e+02'},
[92mINFO [0m:      	  15: { 'eval_acc': '3.1630e-01',
[92mINFO [0m:      	        'eval_loss': '1.8776e+00',
[92mINFO [0m:      	        'time': '1.4349e+02'},
[92mINFO [0m:      	  16: { 'eval_acc': '3.1690e-01',
[92mINFO [0m:      	        'eval_loss': '1.8567e+00',
[92mINFO [0m:      	        'time': '1.5055e+02'},
[92mINFO [0m:      	  17: { 'eval_acc': '3.1110e-01',
[92mINFO [0m:      	        'eval_loss': '1.8727e+00',
[92mINFO [0m:      	        'time': '1.5770e+02'},
[92mINFO [0m:      	  18: { 'eval_acc': '3.0320e-01',
[92mINFO [0m:      	        'eval_loss': '1.8776e+00',
[92mINFO [0m:      	        'time': '1.6473e+02'},
[92mINFO [0m:      	  19: { 'eval_acc': '3.1770e-01',
[92mINFO [0m:      	        'eval_loss': '1.8438e+00',
[92mINFO [0m:      	        'time': '1.7187e+02'},
[92mINFO [0m:      	  20: { 'eval_acc': '3.1870e-01',
[92mINFO [0m:      	        'eval_loss': '1.8690e+00',
[92mINFO [0m:      	        'time': '1.7892e+02'},
[92mINFO [0m:      	  21: { 'eval_acc': '3.2210e-01',
[92mINFO [0m:      	        'eval_loss': '1.8484e+00',
[92mINFO [0m:      	        'time': '1.8598e+02'},
[92mINFO [0m:      	  22: { 'eval_acc': '3.3190e-01',
[92mINFO [0m:      	        'eval_loss': '1.8171e+00',
[92mINFO [0m:      	        'time': '1.9303e+02'},
[92mINFO [0m:      	  23: { 'eval_acc': '3.0500e-01',
[92mINFO [0m:      	        'eval_loss': '1.8874e+00',
[92mINFO [0m:      	        'time': '2.0017e+02'},
[92mINFO [0m:      	  24: { 'eval_acc': '3.3200e-01',
[92mINFO [0m:      	        'eval_loss': '1.8456e+00',
[92mINFO [0m:      	        'time': '2.0733e+02'},
[92mINFO [0m:      	  25: { 'eval_acc': '3.3900e-01',
[92mINFO [0m:      	        'eval_loss': '1.8512e+00',
[92mINFO [0m:      	        'time': '2.1438e+02'},
[92mINFO [0m:      	  26: { 'eval_acc': '3.2910e-01',
[92mINFO [0m:      	        'eval_loss': '1.8616e+00',
[92mINFO [0m:      	        'time': '2.2152e+02'},
[92mINFO [0m:      	  27: { 'eval_acc': '3.4450e-01',
[92mINFO [0m:      	        'eval_loss': '1.8323e+00',
[92mINFO [0m:      	        'time': '2.2855e+02'},
[92mINFO [0m:      	  28: { 'eval_acc': '3.3460e-01',
[92mINFO [0m:      	        'eval_loss': '1.8488e+00',
[92mINFO [0m:      	        'time': '2.3569e+02'},
[92mINFO [0m:      	  29: { 'eval_acc': '3.4160e-01',
[92mINFO [0m:      	        'eval_loss': '1.8298e+00',
[92mINFO [0m:      	        'time': '2.4272e+02'},
[92mINFO [0m:      	  30: { 'eval_acc': '3.3960e-01',
[92mINFO [0m:      	        'eval_loss': '1.8299e+00',
[92mINFO [0m:      	        'time': '2.4988e+02'},
[92mINFO [0m:      	  31: { 'eval_acc': '3.5390e-01',
[92mINFO [0m:      	        'eval_loss': '1.8093e+00',
[92mINFO [0m:      	        'time': '2.5705e+02'},
[92mINFO [0m:      	  32: { 'eval_acc': '3.2240e-01',
[92mINFO [0m:      	        'eval_loss': '1.8744e+00',
[92mINFO [0m:      	        'time': '2.6409e+02'},
[92mINFO [0m:      	  33: { 'eval_acc': '3.5750e-01',
[92mINFO [0m:      	        'eval_loss': '1.8003e+00',
[92mINFO [0m:      	        'time': '2.7112e+02'},
[92mINFO [0m:      	  34: { 'eval_acc': '3.6470e-01',
[92mINFO [0m:      	        'eval_loss': '1.7948e+00',
[92mINFO [0m:      	        'time': '2.7818e+02'},
[92mINFO [0m:      	  35: { 'eval_acc': '3.3510e-01',
[92mINFO [0m:      	        'eval_loss': '1.8331e+00',
[92mINFO [0m:      	        'time': '2.8521e+02'},
[92mINFO [0m:      	  36: { 'eval_acc': '3.4460e-01',
[92mINFO [0m:      	        'eval_loss': '1.8344e+00',
[92mINFO [0m:      	        'time': '2.9235e+02'},
[92mINFO [0m:      	  37: { 'eval_acc': '3.5850e-01',
[92mINFO [0m:      	        'eval_loss': '1.8239e+00',
[92mINFO [0m:      	        'time': '2.9938e+02'},
[92mINFO [0m:      	  38: { 'eval_acc': '3.5700e-01',
[92mINFO [0m:      	        'eval_loss': '1.8775e+00',
[92mINFO [0m:      	        'time': '3.0644e+02'},
[92mINFO [0m:      	  39: { 'eval_acc': '3.3240e-01',
[92mINFO [0m:      	        'eval_loss': '1.8349e+00',
[92mINFO [0m:      	        'time': '3.1350e+02'},
[92mINFO [0m:      	  40: { 'eval_acc': '3.5880e-01',
[92mINFO [0m:      	        'eval_loss': '1.8187e+00',
[92mINFO [0m:      	        'time': '3.2055e+02'},
[92mINFO [0m:      	  41: { 'eval_acc': '3.4560e-01',
[92mINFO [0m:      	        'eval_loss': '1.8531e+00',
[92mINFO [0m:      	        'time': '3.2761e+02'},
[92mINFO [0m:      	  42: { 'eval_acc': '3.3410e-01',
[92mINFO [0m:      	        'eval_loss': '1.8631e+00',
[92mINFO [0m:      	        'time': '3.3467e+02'},
[92mINFO [0m:      	  43: { 'eval_acc': '3.5040e-01',
[92mINFO [0m:      	        'eval_loss': '1.8117e+00',
[92mINFO [0m:      	        'time': '3.4183e+02'},
[92mINFO [0m:      	  44: { 'eval_acc': '3.5990e-01',
[92mINFO [0m:      	        'eval_loss': '1.8197e+00',
[92mINFO [0m:      	        'time': '3.4889e+02'},
[92mINFO [0m:      	  45: { 'eval_acc': '3.4670e-01',
[92mINFO [0m:      	        'eval_loss': '1.8179e+00',
[92mINFO [0m:      	        'time': '3.5595e+02'},
[92mINFO [0m:      	  46: { 'eval_acc': '3.5010e-01',
[92mINFO [0m:      	        'eval_loss': '1.8346e+00',
[92mINFO [0m:      	        'time': '3.6309e+02'},
[92mINFO [0m:      	  47: { 'eval_acc': '3.5870e-01',
[92mINFO [0m:      	        'eval_loss': '1.8109e+00',
[92mINFO [0m:      	        'time': '3.7012e+02'},
[92mINFO [0m:      	  48: { 'eval_acc': '3.4980e-01',
[92mINFO [0m:      	        'eval_loss': '1.8311e+00',
[92mINFO [0m:      	        'time': '3.7726e+02'},
[92mINFO [0m:      	  49: { 'eval_acc': '3.6500e-01',
[92mINFO [0m:      	        'eval_loss': '1.8179e+00',
[92mINFO [0m:      	        'time': '3.8431e+02'},
[92mINFO [0m:      	  50: { 'eval_acc': '3.6660e-01',
[92mINFO [0m:      	        'eval_loss': '1.8027e+00',
[92mINFO [0m:      	        'time': '3.9147e+02'},
[92mINFO [0m:      	  51: { 'eval_acc': '3.4950e-01',
[92mINFO [0m:      	        'eval_loss': '1.8173e+00',
[92mINFO [0m:      	        'time': '3.9862e+02'},
[92mINFO [0m:      	  52: { 'eval_acc': '3.3610e-01',
[92mINFO [0m:      	        'eval_loss': '1.8485e+00',
[92mINFO [0m:      	        'time': '4.0567e+02'},
[92mINFO [0m:      	  53: { 'eval_acc': '3.5390e-01',
[92mINFO [0m:      	        'eval_loss': '1.8151e+00',
[92mINFO [0m:      	        'time': '4.1281e+02'},
[92mINFO [0m:      	  54: { 'eval_acc': '3.4250e-01',
[92mINFO [0m:      	        'eval_loss': '1.8327e+00',
[92mINFO [0m:      	        'time': '4.1984e+02'},
[92mINFO [0m:      	  55: { 'eval_acc': '3.3950e-01',
[92mINFO [0m:      	        'eval_loss': '1.8418e+00',
[92mINFO [0m:      	        'time': '4.2700e+02'},
[92mINFO [0m:      	  56: { 'eval_acc': '3.5760e-01',
[92mINFO [0m:      	        'eval_loss': '1.8102e+00',
[92mINFO [0m:      	        'time': '4.3405e+02'},
[92mINFO [0m:      	  57: { 'eval_acc': '3.3680e-01',
[92mINFO [0m:      	        'eval_loss': '1.8546e+00',
[92mINFO [0m:      	        'time': '4.4118e+02'},
[92mINFO [0m:      	  58: { 'eval_acc': '3.6190e-01',
[92mINFO [0m:      	        'eval_loss': '1.8005e+00',
[92mINFO [0m:      	        'time': '4.4822e+02'},
[92mINFO [0m:      	  59: { 'eval_acc': '3.4620e-01',
[92mINFO [0m:      	        'eval_loss': '1.8263e+00',
[92mINFO [0m:      	        'time': '4.5535e+02'},
[92mINFO [0m:      	  60: { 'eval_acc': '3.4390e-01',
[92mINFO [0m:      	        'eval_loss': '1.8311e+00',
[92mINFO [0m:      	        'time': '4.6239e+02'},
[92mINFO [0m:      	  61: { 'eval_acc': '3.5440e-01',
[92mINFO [0m:      	        'eval_loss': '1.8133e+00',
[92mINFO [0m:      	        'time': '4.6952e+02'},
[92mINFO [0m:      	  62: { 'eval_acc': '3.6200e-01',
[92mINFO [0m:      	        'eval_loss': '1.8045e+00',
[92mINFO [0m:      	        'time': '4.7658e+02'},
[92mINFO [0m:      	  63: { 'eval_acc': '3.5110e-01',
[92mINFO [0m:      	        'eval_loss': '1.8362e+00',
[92mINFO [0m:      	        'time': '4.8361e+02'},
[92mINFO [0m:      	  64: { 'eval_acc': '3.6120e-01',
[92mINFO [0m:      	        'eval_loss': '1.7967e+00',
[92mINFO [0m:      	        'time': '4.9067e+02'},
[92mINFO [0m:      	  65: { 'eval_acc': '3.4220e-01',
[92mINFO [0m:      	        'eval_loss': '1.8287e+00',
[92mINFO [0m:      	        'time': '4.9771e+02'},
[92mINFO [0m:      	  66: { 'eval_acc': '3.7450e-01',
[92mINFO [0m:      	        'eval_loss': '1.7881e+00',
[92mINFO [0m:      	        'time': '5.0485e+02'},
[92mINFO [0m:      	  67: { 'eval_acc': '3.6150e-01',
[92mINFO [0m:      	        'eval_loss': '1.8091e+00',
[92mINFO [0m:      	        'time': '5.1190e+02'},
[92mINFO [0m:      	  68: { 'eval_acc': '3.6650e-01',
[92mINFO [0m:      	        'eval_loss': '1.7982e+00',
[92mINFO [0m:      	        'time': '5.1894e+02'},
[92mINFO [0m:      	  69: { 'eval_acc': '3.5170e-01',
[92mINFO [0m:      	        'eval_loss': '1.8237e+00',
[92mINFO [0m:      	        'time': '5.2597e+02'},
[92mINFO [0m:      	  70: { 'eval_acc': '3.4490e-01',
[92mINFO [0m:      	        'eval_loss': '1.8309e+00',
[92mINFO [0m:      	        'time': '5.3311e+02'},
[92mINFO [0m:      	  71: { 'eval_acc': '3.5760e-01',
[92mINFO [0m:      	        'eval_loss': '1.8241e+00',
[92mINFO [0m:      	        'time': '5.4017e+02'},
[92mINFO [0m:      	  72: { 'eval_acc': '3.6490e-01',
[92mINFO [0m:      	        'eval_loss': '1.8116e+00',
[92mINFO [0m:      	        'time': '5.4733e+02'},
[92mINFO [0m:      	  73: { 'eval_acc': '3.5050e-01',
[92mINFO [0m:      	        'eval_loss': '1.8428e+00',
[92mINFO [0m:      	        'time': '5.5436e+02'},
[92mINFO [0m:      	  74: { 'eval_acc': '3.5450e-01',
[92mINFO [0m:      	        'eval_loss': '1.8058e+00',
[92mINFO [0m:      	        'time': '5.6150e+02'},
[92mINFO [0m:      	  75: { 'eval_acc': '3.5520e-01',
[92mINFO [0m:      	        'eval_loss': '1.8147e+00',
[92mINFO [0m:      	        'time': '5.6863e+02'},
[92mINFO [0m:      	  76: { 'eval_acc': '3.6620e-01',
[92mINFO [0m:      	        'eval_loss': '1.7742e+00',
[92mINFO [0m:      	        'time': '5.7577e+02'},
[92mINFO [0m:      	  77: { 'eval_acc': '3.7260e-01',
[92mINFO [0m:      	        'eval_loss': '1.7977e+00',
[92mINFO [0m:      	        'time': '5.8281e+02'},
[92mINFO [0m:      	  78: { 'eval_acc': '3.6680e-01',
[92mINFO [0m:      	        'eval_loss': '1.8103e+00',
[92mINFO [0m:      	        'time': '5.8997e+02'},
[92mINFO [0m:      	  79: { 'eval_acc': '3.5460e-01',
[92mINFO [0m:      	        'eval_loss': '1.8259e+00',
[92mINFO [0m:      	        'time': '5.9700e+02'},
[92mINFO [0m:      	  80: { 'eval_acc': '3.5630e-01',
[92mINFO [0m:      	        'eval_loss': '1.8175e+00',
[92mINFO [0m:      	        'time': '6.0416e+02'},
[92mINFO [0m:      	  81: { 'eval_acc': '3.6510e-01',
[92mINFO [0m:      	        'eval_loss': '1.7900e+00',
[92mINFO [0m:      	        'time': '6.1120e+02'},
[92mINFO [0m:      	  82: { 'eval_acc': '3.4050e-01',
[92mINFO [0m:      	        'eval_loss': '1.8472e+00',
[92mINFO [0m:      	        'time': '6.1826e+02'},
[92mINFO [0m:      	  83: { 'eval_acc': '3.5800e-01',
[92mINFO [0m:      	        'eval_loss': '1.8189e+00',
[92mINFO [0m:      	        'time': '6.2541e+02'},
[92mINFO [0m:      	  84: { 'eval_acc': '3.4770e-01',
[92mINFO [0m:      	        'eval_loss': '1.8404e+00',
[92mINFO [0m:      	        'time': '6.3245e+02'},
[92mINFO [0m:      	  85: { 'eval_acc': '3.6400e-01',
[92mINFO [0m:      	        'eval_loss': '1.8186e+00',
[92mINFO [0m:      	        'time': '6.3950e+02'},
[92mINFO [0m:      	  86: { 'eval_acc': '3.4900e-01',
[92mINFO [0m:      	        'eval_loss': '1.8172e+00',
[92mINFO [0m:      	        'time': '6.4654e+02'},
[92mINFO [0m:      	  87: { 'eval_acc': '3.6620e-01',
[92mINFO [0m:      	        'eval_loss': '1.8081e+00',
[92mINFO [0m:      	        'time': '6.5367e+02'},
[92mINFO [0m:      	  88: { 'eval_acc': '3.5820e-01',
[92mINFO [0m:      	        'eval_loss': '1.7948e+00',
[92mINFO [0m:      	        'time': '6.6073e+02'},
[92mINFO [0m:      	  89: { 'eval_acc': '3.5540e-01',
[92mINFO [0m:      	        'eval_loss': '1.7916e+00',
[92mINFO [0m:      	        'time': '6.6778e+02'},
[92mINFO [0m:      	  90: { 'eval_acc': '3.6260e-01',
[92mINFO [0m:      	        'eval_loss': '1.8179e+00',
[92mINFO [0m:      	        'time': '6.7492e+02'},
[92mINFO [0m:      	  91: { 'eval_acc': '3.4920e-01',
[92mINFO [0m:      	        'eval_loss': '1.8454e+00',
[92mINFO [0m:      	        'time': '6.8195e+02'},
[92mINFO [0m:      	  92: { 'eval_acc': '3.5530e-01',
[92mINFO [0m:      	        'eval_loss': '1.8328e+00',
[92mINFO [0m:      	        'time': '6.8911e+02'},
[92mINFO [0m:      	  93: { 'eval_acc': '3.4850e-01',
[92mINFO [0m:      	        'eval_loss': '1.8182e+00',
[92mINFO [0m:      	        'time': '6.9614e+02'},
[92mINFO [0m:      	  94: { 'eval_acc': '3.5710e-01',
[92mINFO [0m:      	        'eval_loss': '1.8231e+00',
[92mINFO [0m:      	        'time': '7.0331e+02'},
[92mINFO [0m:      	  95: { 'eval_acc': '3.5190e-01',
[92mINFO [0m:      	        'eval_loss': '1.8323e+00',
[92mINFO [0m:      	        'time': '7.1034e+02'},
[92mINFO [0m:      	  96: { 'eval_acc': '3.4340e-01',
[92mINFO [0m:      	        'eval_loss': '1.8520e+00',
[92mINFO [0m:      	        'time': '7.1740e+02'},
[92mINFO [0m:      	  97: { 'eval_acc': '3.4910e-01',
[92mINFO [0m:      	        'eval_loss': '1.8217e+00',
[92mINFO [0m:      	        'time': '7.2443e+02'},
[92mINFO [0m:      	  98: { 'eval_acc': '3.5150e-01',
[92mINFO [0m:      	        'eval_loss': '1.8131e+00',
[92mINFO [0m:      	        'time': '7.3146e+02'},
[92mINFO [0m:      	  99: { 'eval_acc': '3.4570e-01',
[92mINFO [0m:      	        'eval_loss': '1.8380e+00',
[92mINFO [0m:      	        'time': '7.3862e+02'},
[92mINFO [0m:      	  100: { 'eval_acc': '3.5650e-01',
[92mINFO [0m:      	         'eval_loss': '1.8304e+00',
[92mINFO [0m:      	         'time': '7.4568e+02'}}
[92mINFO [0m:      	
[92mINFO [0m:      	ServerApp-side Evaluate Metrics:
[92mINFO [0m:      	{}
[92mINFO [0m:      
[92mINFO [0m:      CSV saved: results/cifar10/4/FedSaSync_fs1_m8.csv
[36m(ClientAppActor pid=1784751)[0m [2026-05-20 02:51:11,002 E 1784751 1785651] core_worker_process.cc:825: Failed to establish connection to the metrics exporter agent. Metrics will not be exported. Exporter agent status: RpcError: Running out of retries to initialize the metrics agent. rpc_code: 14[32m [repeated 15x across cluster][0m
[92mINFO [0m:      
