fs=1 m=8 i=8
Starting local SuperLink on 127.0.0.1:39093...
⚠️ Warning: `options.` fields in the SuperLink connection configuration are deprecated. Use `--federation-config` with `flwr run` instead. Alternatively, permanently set your simulation configuration via `flwr federation simulation-config`.
🎊 Successfully started run 8647649582768407498
[92mINFO [0m:      Starting Flower Simulation
Successfully installed fedsasync to /tmp/Victor-Hidalgo-1436506-77-0/.flwr/apps/flwrlabs.fedsasync.1.0.0.f4a93b94.
[92mINFO [0m:      Starting FedSaSync strategy:
[92mINFO [0m:      	├── Number of rounds: 100
[92mINFO [0m:      	├── ArrayRecord (0.24 MB)
[92mINFO [0m:      	├── ConfigRecord (train): (empty!)
[92mINFO [0m:      	├── ConfigRecord (evaluate): (empty!)
[92mINFO [0m:      	├──> Sampling:
[92mINFO [0m:      	│	├──Fraction: train (1.00) | evaluate ( 1.00)
[92mINFO [0m:      	│	├──Minimum nodes: train (2) | evaluate (2)
[92mINFO [0m:      	│	└──Minimum available nodes: 2
[92mINFO [0m:      	└──> Keys in records:
[92mINFO [0m:      		├── Weighted by: 'num-examples'
[92mINFO [0m:      		├── ArrayRecord key: 'arrays'
[92mINFO [0m:      		└── ConfigRecord key: 'config'
[92mINFO [0m:      
[92mINFO [0m:      
[92mINFO [0m:      [ROUND 1/100]
[92mINFO [0m:      configure_train: Sampled 10 nodes (out of 10)
/home/Victor.Hidalgo/.pyenv/versions/3.12.12/envs/fedsasync/lib/python3.12/site-packages/ray/_private/worker.py:2051: FutureWarning: Tip: In future versions of Ray, Ray will no longer override accelerator visible devices env var if num_gpus=0 or num_gpus=None (default). To enable this behavior and turn off this error message, set RAY_ACCEL_ENV_VAR_OVERRIDE_ON_ZERO=0
  warnings.warn(
[36m(ClientAppActor pid=1571575)[0m Warning: You are sending unauthenticated requests to the HF Hub. Please set a HF_TOKEN to enable higher rate limits and faster downloads.
[36m(pid=gcs_server)[0m [2026-05-20 02:52:20,251 E 1570189 1570189] (gcs_server) gcs_server.cc:302: Failed to establish connection to the event+metrics exporter agent. Events and metrics will not be exported. Exporter agent status: RpcError: Running out of retries to initialize the metrics agent. rpc_code: 14
[92mINFO [0m:      aggregate_train: Received 9 results and 0 failures
[92mINFO [0m:      	└──> Aggregated MetricRecord: {'train_loss': 2.2168850324418807, 'train_time': 7.443542562839058, 'qtty_records': 9}
[92mINFO [0m:      configure_evaluate: Sampled 10 nodes (out of 10)
[33m(raylet)[0m [2026-05-20 02:52:29,575 E 1570468 1570468] (raylet) main.cc:975: Failed to establish connection to the metrics exporter agent. Metrics will not be exported. Exporter agent status: RpcError: Running out of retries to initialize the metrics agent. rpc_code: 14
[36m(ClientAppActor pid=1571581)[0m Warning: You are sending unauthenticated requests to the HF Hub. Please set a HF_TOKEN to enable higher rate limits and faster downloads.[32m [repeated 8x across cluster] (Ray deduplicates logs by default. Set RAY_DEDUP_LOGS=0 to disable log deduplication, or see https://docs.ray.io/en/master/ray-observability/user-guides/configure-logging.html#log-deduplication for more options.)[0m
[36m(ClientAppActor pid=1571578)[0m Warning: You are sending unauthenticated requests to the HF Hub. Please set a HF_TOKEN to enable higher rate limits and faster downloads.
[36m(ClientAppActor pid=1571579)[0m [2026-05-20 02:52:37,303 E 1571579 1571691] core_worker_process.cc:825: Failed to establish connection to the metrics exporter agent. Metrics will not be exported. Exporter agent status: RpcError: Running out of retries to initialize the metrics agent. rpc_code: 14
[92mINFO [0m:      aggregate_evaluate: Received 10 results and 0 failures
[92mINFO [0m:      	└──> Aggregated MetricRecord: {'eval_loss': 2.3552412770688536, 'eval_acc': 0.09419999999999999, 'time': 56.565508127212524}
[92mINFO [0m:      
[92mINFO [0m:      [ROUND 2/100]
[92mINFO [0m:      configure_train: Sampled 9 nodes (out of 10)
[92mINFO [0m:      aggregate_train: Received 10 results and 0 failures
[92mINFO [0m:      	└──> Aggregated MetricRecord: {'train_loss': 2.165837519454956, 'train_time': 6.176698753237725, 'qtty_records': 10}
[92mINFO [0m:      configure_evaluate: Sampled 10 nodes (out of 10)
[92mINFO [0m:      aggregate_evaluate: Received 10 results and 0 failures
[92mINFO [0m:      	└──> Aggregated MetricRecord: {'eval_loss': 2.1192060951143503, 'eval_acc': 0.20409999999999998, 'time': 63.73031783103943}
[92mINFO [0m:      
[92mINFO [0m:      [ROUND 3/100]
[92mINFO [0m:      configure_train: Sampled 10 nodes (out of 10)
[92mINFO [0m:      aggregate_train: Received 9 results and 0 failures
[92mINFO [0m:      	└──> Aggregated MetricRecord: {'train_loss': 2.06035673406389, 'train_time': 5.479776851936347, 'qtty_records': 9}
[92mINFO [0m:      configure_evaluate: Sampled 10 nodes (out of 10)
[92mINFO [0m:      aggregate_evaluate: Received 10 results and 0 failures
[92mINFO [0m:      	└──> Aggregated MetricRecord: {'eval_loss': 2.0792593583464622, 'eval_acc': 0.20450000000000004, 'time': 70.76552653312683}
[92mINFO [0m:      
[92mINFO [0m:      [ROUND 4/100]
[92mINFO [0m:      configure_train: Sampled 9 nodes (out of 10)
[92mINFO [0m:      aggregate_train: Received 10 results and 0 failures
[92mINFO [0m:      	└──> Aggregated MetricRecord: {'train_loss': 2.0174082363128663, 'train_time': 5.980407729838044, 'qtty_records': 10}
[92mINFO [0m:      configure_evaluate: Sampled 10 nodes (out of 10)
[92mINFO [0m:      aggregate_evaluate: Received 10 results and 0 failures
[92mINFO [0m:      	└──> Aggregated MetricRecord: {'eval_loss': 2.0020540285855533, 'eval_acc': 0.24609999999999999, 'time': 77.83282518386841}
[92mINFO [0m:      
[92mINFO [0m:      [ROUND 5/100]
[92mINFO [0m:      configure_train: Sampled 10 nodes (out of 10)
[92mINFO [0m:      aggregate_train: Received 9 results and 0 failures
[92mINFO [0m:      	└──> Aggregated MetricRecord: {'train_loss': 1.9857827078501382, 'train_time': 5.448865728452802, 'qtty_records': 9}
[92mINFO [0m:      configure_evaluate: Sampled 10 nodes (out of 10)
[92mINFO [0m:      aggregate_evaluate: Received 10 results and 0 failures
[92mINFO [0m:      	└──> Aggregated MetricRecord: {'eval_loss': 1.9898581821471457, 'eval_acc': 0.24930000000000002, 'time': 84.9920723438263}
[92mINFO [0m:      
[92mINFO [0m:      [ROUND 6/100]
[92mINFO [0m:      configure_train: Sampled 9 nodes (out of 10)
[92mINFO [0m:      aggregate_train: Received 10 results and 0 failures
[92mINFO [0m:      	└──> Aggregated MetricRecord: {'train_loss': 1.9666415448188783, 'train_time': 5.983255990967154, 'qtty_records': 10}
[92mINFO [0m:      configure_evaluate: Sampled 10 nodes (out of 10)
[92mINFO [0m:      aggregate_evaluate: Received 10 results and 0 failures
[92mINFO [0m:      	└──> Aggregated MetricRecord: {'eval_loss': 1.9820171508938078, 'eval_acc': 0.24990000000000004, 'time': 92.16196489334106}
[92mINFO [0m:      
[92mINFO [0m:      [ROUND 7/100]
[92mINFO [0m:      configure_train: Sampled 10 nodes (out of 10)
[92mINFO [0m:      aggregate_train: Received 9 results and 0 failures
[92mINFO [0m:      	└──> Aggregated MetricRecord: {'train_loss': 1.9440377660327488, 'train_time': 5.45909386066099, 'qtty_records': 9}
[92mINFO [0m:      configure_evaluate: Sampled 10 nodes (out of 10)
[92mINFO [0m:      aggregate_evaluate: Received 10 results and 0 failures
[92mINFO [0m:      	└──> Aggregated MetricRecord: {'eval_loss': 1.9464945010840893, 'eval_acc': 0.2472, 'time': 99.21593451499939}
[92mINFO [0m:      
[92mINFO [0m:      [ROUND 8/100]
[92mINFO [0m:      configure_train: Sampled 9 nodes (out of 10)
[92mINFO [0m:      aggregate_train: Received 10 results and 0 failures
[92mINFO [0m:      	└──> Aggregated MetricRecord: {'train_loss': 1.9283445713996885, 'train_time': 5.966612844914198, 'qtty_records': 10}
[92mINFO [0m:      configure_evaluate: Sampled 10 nodes (out of 10)
[92mINFO [0m:      aggregate_evaluate: Received 10 results and 0 failures
[92mINFO [0m:      	└──> Aggregated MetricRecord: {'eval_loss': 1.9188452433794736, 'eval_acc': 0.26990000000000003, 'time': 106.68197083473206}
[92mINFO [0m:      
[92mINFO [0m:      [ROUND 9/100]
[92mINFO [0m:      configure_train: Sampled 10 nodes (out of 10)
[92mINFO [0m:      aggregate_train: Received 9 results and 0 failures
[92mINFO [0m:      	└──> Aggregated MetricRecord: {'train_loss': 1.9190009162690904, 'train_time': 5.473610826871461, 'qtty_records': 9}
[92mINFO [0m:      configure_evaluate: Sampled 10 nodes (out of 10)
[92mINFO [0m:      aggregate_evaluate: Received 10 results and 0 failures
[92mINFO [0m:      	└──> Aggregated MetricRecord: {'eval_loss': 1.8845204290002586, 'eval_acc': 0.29910000000000003, 'time': 113.73565912246704}
[92mINFO [0m:      
[92mINFO [0m:      [ROUND 10/100]
[92mINFO [0m:      configure_train: Sampled 9 nodes (out of 10)
[92mINFO [0m:      aggregate_train: Received 10 results and 0 failures
[92mINFO [0m:      	└──> Aggregated MetricRecord: {'train_loss': 1.8979821975708009, 'train_time': 5.974894675984979, 'qtty_records': 10}
[92mINFO [0m:      configure_evaluate: Sampled 10 nodes (out of 10)
[92mINFO [0m:      aggregate_evaluate: Received 10 results and 0 failures
[92mINFO [0m:      	└──> Aggregated MetricRecord: {'eval_loss': 1.955451546981931, 'eval_acc': 0.25570000000000004, 'time': 120.89911365509033}
[92mINFO [0m:      
[92mINFO [0m:      [ROUND 11/100]
[92mINFO [0m:      configure_train: Sampled 10 nodes (out of 10)
[92mINFO [0m:      aggregate_train: Received 9 results and 0 failures
[92mINFO [0m:      	└──> Aggregated MetricRecord: {'train_loss': 1.897631114747789, 'train_time': 5.462011248908109, 'qtty_records': 9}
[92mINFO [0m:      configure_evaluate: Sampled 10 nodes (out of 10)
[92mINFO [0m:      aggregate_evaluate: Received 10 results and 0 failures
[92mINFO [0m:      	└──> Aggregated MetricRecord: {'eval_loss': 1.8944010641425848, 'eval_acc': 0.2964, 'time': 127.93226742744446}
[92mINFO [0m:      
[92mINFO [0m:      [ROUND 12/100]
[92mINFO [0m:      configure_train: Sampled 9 nodes (out of 10)
[92mINFO [0m:      aggregate_train: Received 10 results and 0 failures
[92mINFO [0m:      	└──> Aggregated MetricRecord: {'train_loss': 1.8867039996147157, 'train_time': 5.970132665149867, 'qtty_records': 10}
[92mINFO [0m:      configure_evaluate: Sampled 10 nodes (out of 10)
[92mINFO [0m:      aggregate_evaluate: Received 10 results and 0 failures
[92mINFO [0m:      	└──> Aggregated MetricRecord: {'eval_loss': 1.8616413533687592, 'eval_acc': 0.3147, 'time': 135.0926148891449}
[92mINFO [0m:      
[92mINFO [0m:      [ROUND 13/100]
[92mINFO [0m:      configure_train: Sampled 10 nodes (out of 10)
[92mINFO [0m:      aggregate_train: Received 9 results and 0 failures
[92mINFO [0m:      	└──> Aggregated MetricRecord: {'train_loss': 1.8915688071780732, 'train_time': 5.454276833165851, 'qtty_records': 9}
[92mINFO [0m:      configure_evaluate: Sampled 10 nodes (out of 10)
[92mINFO [0m:      aggregate_evaluate: Received 10 results and 0 failures
[92mINFO [0m:      	└──> Aggregated MetricRecord: {'eval_loss': 1.888071407005191, 'eval_acc': 0.28550000000000003, 'time': 142.2545564174652}
[92mINFO [0m:      
[92mINFO [0m:      [ROUND 14/100]
[92mINFO [0m:      configure_train: Sampled 9 nodes (out of 10)
[92mINFO [0m:      aggregate_train: Received 10 results and 0 failures
[92mINFO [0m:      	└──> Aggregated MetricRecord: {'train_loss': 1.872732847595215, 'train_time': 5.973282076139003, 'qtty_records': 10}
[92mINFO [0m:      configure_evaluate: Sampled 10 nodes (out of 10)
[92mINFO [0m:      aggregate_evaluate: Received 10 results and 0 failures
[92mINFO [0m:      	└──> Aggregated MetricRecord: {'eval_loss': 1.867768272385001, 'eval_acc': 0.3179, 'time': 149.3156476020813}
[92mINFO [0m:      
[92mINFO [0m:      [ROUND 15/100]
[92mINFO [0m:      configure_train: Sampled 10 nodes (out of 10)
[92mINFO [0m:      aggregate_train: Received 9 results and 0 failures
[92mINFO [0m:      	└──> Aggregated MetricRecord: {'train_loss': 1.8666270410749646, 'train_time': 5.45594955701381, 'qtty_records': 9}
[92mINFO [0m:      configure_evaluate: Sampled 10 nodes (out of 10)
[92mINFO [0m:      aggregate_evaluate: Received 10 results and 0 failures
[92mINFO [0m:      	└──> Aggregated MetricRecord: {'eval_loss': 1.8573965869843958, 'eval_acc': 0.3094, 'time': 156.44851088523865}
[92mINFO [0m:      
[92mINFO [0m:      [ROUND 16/100]
[92mINFO [0m:      configure_train: Sampled 9 nodes (out of 10)
[92mINFO [0m:      aggregate_train: Received 10 results and 0 failures
[92mINFO [0m:      	└──> Aggregated MetricRecord: {'train_loss': 1.8677434044837953, 'train_time': 5.976259743329138, 'qtty_records': 10}
[92mINFO [0m:      configure_evaluate: Sampled 10 nodes (out of 10)
[92mINFO [0m:      aggregate_evaluate: Received 10 results and 0 failures
[92mINFO [0m:      	└──> Aggregated MetricRecord: {'eval_loss': 1.8929181054234507, 'eval_acc': 0.3017, 'time': 163.5093822479248}
[92mINFO [0m:      
[92mINFO [0m:      [ROUND 17/100]
[92mINFO [0m:      configure_train: Sampled 10 nodes (out of 10)
[92mINFO [0m:      aggregate_train: Received 9 results and 0 failures
[92mINFO [0m:      	└──> Aggregated MetricRecord: {'train_loss': 1.8771617857615153, 'train_time': 5.444645305992001, 'qtty_records': 9}
[92mINFO [0m:      configure_evaluate: Sampled 10 nodes (out of 10)
[92mINFO [0m:      aggregate_evaluate: Received 10 results and 0 failures
[92mINFO [0m:      	└──> Aggregated MetricRecord: {'eval_loss': 1.8566585458815101, 'eval_acc': 0.3136, 'time': 170.5658757686615}
[92mINFO [0m:      
[92mINFO [0m:      [ROUND 18/100]
[92mINFO [0m:      configure_train: Sampled 9 nodes (out of 10)
[92mINFO [0m:      aggregate_train: Received 10 results and 0 failures
[92mINFO [0m:      	└──> Aggregated MetricRecord: {'train_loss': 1.8563404317855838, 'train_time': 5.959643131587654, 'qtty_records': 10}
[92mINFO [0m:      configure_evaluate: Sampled 10 nodes (out of 10)
[92mINFO [0m:      aggregate_evaluate: Received 10 results and 0 failures
[92mINFO [0m:      	└──> Aggregated MetricRecord: {'eval_loss': 1.8109728623181582, 'eval_acc': 0.3354, 'time': 177.732008934021}
[92mINFO [0m:      
[92mINFO [0m:      [ROUND 19/100]
[92mINFO [0m:      configure_train: Sampled 10 nodes (out of 10)
[92mINFO [0m:      aggregate_train: Received 9 results and 0 failures
[92mINFO [0m:      	└──> Aggregated MetricRecord: {'train_loss': 1.8629370272954304, 'train_time': 5.44204816263583, 'qtty_records': 9}
[92mINFO [0m:      configure_evaluate: Sampled 10 nodes (out of 10)
[92mINFO [0m:      aggregate_evaluate: Received 10 results and 0 failures
[92mINFO [0m:      	└──> Aggregated MetricRecord: {'eval_loss': 1.825446803495288, 'eval_acc': 0.33910000000000007, 'time': 184.78897333145142}
[92mINFO [0m:      
[92mINFO [0m:      [ROUND 20/100]
[92mINFO [0m:      configure_train: Sampled 9 nodes (out of 10)
[92mINFO [0m:      aggregate_train: Received 10 results and 0 failures
[92mINFO [0m:      	└──> Aggregated MetricRecord: {'train_loss': 1.841165604686737, 'train_time': 5.95842017699033, 'qtty_records': 10}
[92mINFO [0m:      configure_evaluate: Sampled 10 nodes (out of 10)
[92mINFO [0m:      aggregate_evaluate: Received 10 results and 0 failures
[92mINFO [0m:      	└──> Aggregated MetricRecord: {'eval_loss': 1.8178364034742116, 'eval_acc': 0.33440000000000003, 'time': 191.85014057159424}
[92mINFO [0m:      
[92mINFO [0m:      [ROUND 21/100]
[92mINFO [0m:      configure_train: Sampled 10 nodes (out of 10)
[92mINFO [0m:      aggregate_train: Received 9 results and 0 failures
[92mINFO [0m:      	└──> Aggregated MetricRecord: {'train_loss': 1.8496896415286592, 'train_time': 5.439859179676407, 'qtty_records': 9}
[92mINFO [0m:      configure_evaluate: Sampled 10 nodes (out of 10)
[92mINFO [0m:      aggregate_evaluate: Received 10 results and 0 failures
[92mINFO [0m:      	└──> Aggregated MetricRecord: {'eval_loss': 1.8409400030970575, 'eval_acc': 0.3145, 'time': 199.01352214813232}
[92mINFO [0m:      
[92mINFO [0m:      [ROUND 22/100]
[92mINFO [0m:      configure_train: Sampled 9 nodes (out of 10)
[92mINFO [0m:      aggregate_train: Received 10 results and 0 failures
[92mINFO [0m:      	└──> Aggregated MetricRecord: {'train_loss': 1.853055247974396, 'train_time': 5.969562478922308, 'qtty_records': 10}
[92mINFO [0m:      configure_evaluate: Sampled 10 nodes (out of 10)
[92mINFO [0m:      aggregate_evaluate: Received 10 results and 0 failures
[92mINFO [0m:      	└──> Aggregated MetricRecord: {'eval_loss': 1.8606869056820872, 'eval_acc': 0.3188, 'time': 206.19005465507507}
[92mINFO [0m:      
[92mINFO [0m:      [ROUND 23/100]
[92mINFO [0m:      configure_train: Sampled 10 nodes (out of 10)
[92mINFO [0m:      aggregate_train: Received 9 results and 0 failures
[92mINFO [0m:      	└──> Aggregated MetricRecord: {'train_loss': 1.8542505594889322, 'train_time': 5.472399929538369, 'qtty_records': 9}
[92mINFO [0m:      configure_evaluate: Sampled 10 nodes (out of 10)
[92mINFO [0m:      aggregate_evaluate: Received 10 results and 0 failures
[92mINFO [0m:      	└──> Aggregated MetricRecord: {'eval_loss': 1.8487443614751102, 'eval_acc': 0.3274, 'time': 213.22366571426392}
[92mINFO [0m:      
[92mINFO [0m:      [ROUND 24/100]
[92mINFO [0m:      configure_train: Sampled 9 nodes (out of 10)
[92mINFO [0m:      aggregate_train: Received 10 results and 0 failures
[92mINFO [0m:      	└──> Aggregated MetricRecord: {'train_loss': 1.8502342299461367, 'train_time': 5.971703844796866, 'qtty_records': 10}
[92mINFO [0m:      configure_evaluate: Sampled 10 nodes (out of 10)
[92mINFO [0m:      aggregate_evaluate: Received 10 results and 0 failures
[92mINFO [0m:      	└──> Aggregated MetricRecord: {'eval_loss': 1.8446583434939385, 'eval_acc': 0.33120000000000005, 'time': 220.3739857673645}
[92mINFO [0m:      
[92mINFO [0m:      [ROUND 25/100]
[92mINFO [0m:      configure_train: Sampled 10 nodes (out of 10)
[92mINFO [0m:      aggregate_train: Received 9 results and 0 failures
[92mINFO [0m:      	└──> Aggregated MetricRecord: {'train_loss': 1.8283417669932047, 'train_time': 5.4736218398643866, 'qtty_records': 9}
[92mINFO [0m:      configure_evaluate: Sampled 10 nodes (out of 10)
[92mINFO [0m:      aggregate_evaluate: Received 10 results and 0 failures
[92mINFO [0m:      	└──> Aggregated MetricRecord: {'eval_loss': 1.8044622089713815, 'eval_acc': 0.3407, 'time': 227.40836930274963}
[92mINFO [0m:      
[92mINFO [0m:      [ROUND 26/100]
[92mINFO [0m:      configure_train: Sampled 9 nodes (out of 10)
[92mINFO [0m:      aggregate_train: Received 10 results and 0 failures
[92mINFO [0m:      	└──> Aggregated MetricRecord: {'train_loss': 1.8504576802253723, 'train_time': 5.966215156763792, 'qtty_records': 10}
[92mINFO [0m:      configure_evaluate: Sampled 10 nodes (out of 10)
[92mINFO [0m:      aggregate_evaluate: Received 10 results and 0 failures
[92mINFO [0m:      	└──> Aggregated MetricRecord: {'eval_loss': 1.8385905414819719, 'eval_acc': 0.3264, 'time': 234.56869864463806}
[92mINFO [0m:      
[92mINFO [0m:      [ROUND 27/100]
[92mINFO [0m:      configure_train: Sampled 10 nodes (out of 10)
[92mINFO [0m:      aggregate_train: Received 9 results and 0 failures
[92mINFO [0m:      	└──> Aggregated MetricRecord: {'train_loss': 1.8255939540863033, 'train_time': 5.463082340132031, 'qtty_records': 9}
[92mINFO [0m:      configure_evaluate: Sampled 10 nodes (out of 10)
[92mINFO [0m:      aggregate_evaluate: Received 10 results and 0 failures
[92mINFO [0m:      	└──> Aggregated MetricRecord: {'eval_loss': 1.8037881907075646, 'eval_acc': 0.3293, 'time': 241.62444853782654}
[92mINFO [0m:      
[92mINFO [0m:      [ROUND 28/100]
[92mINFO [0m:      configure_train: Sampled 9 nodes (out of 10)
[92mINFO [0m:      aggregate_train: Received 10 results and 0 failures
[92mINFO [0m:      	└──> Aggregated MetricRecord: {'train_loss': 1.8345217074394227, 'train_time': 5.964979817625135, 'qtty_records': 10}
[92mINFO [0m:      configure_evaluate: Sampled 10 nodes (out of 10)
[92mINFO [0m:      aggregate_evaluate: Received 10 results and 0 failures
[92mINFO [0m:      	└──> Aggregated MetricRecord: {'eval_loss': 1.823473281040788, 'eval_acc': 0.32730000000000004, 'time': 248.78418159484863}
[92mINFO [0m:      
[92mINFO [0m:      [ROUND 29/100]
[92mINFO [0m:      configure_train: Sampled 10 nodes (out of 10)
[92mINFO [0m:      aggregate_train: Received 9 results and 0 failures
[92mINFO [0m:      	└──> Aggregated MetricRecord: {'train_loss': 1.8222931167814465, 'train_time': 5.458413134535982, 'qtty_records': 9}
[92mINFO [0m:      configure_evaluate: Sampled 10 nodes (out of 10)
[92mINFO [0m:      aggregate_evaluate: Received 10 results and 0 failures
[92mINFO [0m:      	└──> Aggregated MetricRecord: {'eval_loss': 1.8030826855450872, 'eval_acc': 0.3401, 'time': 255.94048428535461}
[92mINFO [0m:      
[92mINFO [0m:      [ROUND 30/100]
[92mINFO [0m:      configure_train: Sampled 9 nodes (out of 10)
[92mINFO [0m:      aggregate_train: Received 10 results and 0 failures
[92mINFO [0m:      	└──> Aggregated MetricRecord: {'train_loss': 1.837762084197998, 'train_time': 5.964528173580765, 'qtty_records': 10}
[92mINFO [0m:      configure_evaluate: Sampled 10 nodes (out of 10)
[92mINFO [0m:      aggregate_evaluate: Received 10 results and 0 failures
[92mINFO [0m:      	└──> Aggregated MetricRecord: {'eval_loss': 1.8261603020131592, 'eval_acc': 0.34040000000000004, 'time': 263.0053071975708}
[92mINFO [0m:      
[92mINFO [0m:      [ROUND 31/100]
[92mINFO [0m:      configure_train: Sampled 10 nodes (out of 10)
[92mINFO [0m:      aggregate_train: Received 9 results and 0 failures
[92mINFO [0m:      	└──> Aggregated MetricRecord: {'train_loss': 1.8341018761528862, 'train_time': 5.451544817950991, 'qtty_records': 9}
[92mINFO [0m:      configure_evaluate: Sampled 10 nodes (out of 10)
[92mINFO [0m:      aggregate_evaluate: Received 10 results and 0 failures
[92mINFO [0m:      	└──> Aggregated MetricRecord: {'eval_loss': 1.8119048770517114, 'eval_acc': 0.32760000000000006, 'time': 270.06219601631165}
[92mINFO [0m:      
[92mINFO [0m:      [ROUND 32/100]
[92mINFO [0m:      configure_train: Sampled 9 nodes (out of 10)
[92mINFO [0m:      aggregate_train: Received 10 results and 0 failures
[92mINFO [0m:      	└──> Aggregated MetricRecord: {'train_loss': 1.8245623258590697, 'train_time': 5.952361284848303, 'qtty_records': 10}
[92mINFO [0m:      configure_evaluate: Sampled 10 nodes (out of 10)
[92mINFO [0m:      aggregate_evaluate: Received 10 results and 0 failures
[92mINFO [0m:      	└──> Aggregated MetricRecord: {'eval_loss': 1.8476567521691325, 'eval_acc': 0.32060000000000005, 'time': 277.2223753929138}
[92mINFO [0m:      
[92mINFO [0m:      [ROUND 33/100]
[92mINFO [0m:      configure_train: Sampled 10 nodes (out of 10)
[92mINFO [0m:      aggregate_train: Received 9 results and 0 failures
[92mINFO [0m:      	└──> Aggregated MetricRecord: {'train_loss': 1.8326077160305445, 'train_time': 5.46861900192582, 'qtty_records': 9}
[92mINFO [0m:      configure_evaluate: Sampled 10 nodes (out of 10)
[92mINFO [0m:      aggregate_evaluate: Received 10 results and 0 failures
[92mINFO [0m:      	└──> Aggregated MetricRecord: {'eval_loss': 1.8069151114672426, 'eval_acc': 0.3274, 'time': 284.2887923717499}
[92mINFO [0m:      
[92mINFO [0m:      [ROUND 34/100]
[92mINFO [0m:      configure_train: Sampled 9 nodes (out of 10)
[92mINFO [0m:      aggregate_train: Received 10 results and 0 failures
[92mINFO [0m:      	└──> Aggregated MetricRecord: {'train_loss': 1.836738499259949, 'train_time': 5.960083333868534, 'qtty_records': 10}
[92mINFO [0m:      configure_evaluate: Sampled 10 nodes (out of 10)
[92mINFO [0m:      aggregate_evaluate: Received 10 results and 0 failures
[92mINFO [0m:      	└──> Aggregated MetricRecord: {'eval_loss': 1.8103020284324887, 'eval_acc': 0.34659999999999996, 'time': 291.3489201068878}
[92mINFO [0m:      
[92mINFO [0m:      [ROUND 35/100]
[92mINFO [0m:      configure_train: Sampled 10 nodes (out of 10)
[92mINFO [0m:      aggregate_train: Received 9 results and 0 failures
[92mINFO [0m:      	└──> Aggregated MetricRecord: {'train_loss': 1.8176578494177924, 'train_time': 5.434338645699124, 'qtty_records': 9}
[92mINFO [0m:      configure_evaluate: Sampled 10 nodes (out of 10)
[92mINFO [0m:      aggregate_evaluate: Received 10 results and 0 failures
[92mINFO [0m:      	└──> Aggregated MetricRecord: {'eval_loss': 1.8206811185926202, 'eval_acc': 0.3349, 'time': 298.4815344810486}
[92mINFO [0m:      
[92mINFO [0m:      [ROUND 36/100]
[92mINFO [0m:      configure_train: Sampled 9 nodes (out of 10)
[92mINFO [0m:      aggregate_train: Received 10 results and 0 failures
[92mINFO [0m:      	└──> Aggregated MetricRecord: {'train_loss': 1.8289691625595097, 'train_time': 5.974854892585427, 'qtty_records': 10}
[92mINFO [0m:      configure_evaluate: Sampled 10 nodes (out of 10)
[92mINFO [0m:      aggregate_evaluate: Received 10 results and 0 failures
[92mINFO [0m:      	└──> Aggregated MetricRecord: {'eval_loss': 1.823474580422044, 'eval_acc': 0.3438, 'time': 305.5151209831238}
[92mINFO [0m:      
[92mINFO [0m:      [ROUND 37/100]
[92mINFO [0m:      configure_train: Sampled 10 nodes (out of 10)
[92mINFO [0m:      aggregate_train: Received 9 results and 0 failures
[92mINFO [0m:      	└──> Aggregated MetricRecord: {'train_loss': 1.8226759784486561, 'train_time': 5.45407124929544, 'qtty_records': 9}
[92mINFO [0m:      configure_evaluate: Sampled 10 nodes (out of 10)
[92mINFO [0m:      aggregate_evaluate: Received 10 results and 0 failures
[92mINFO [0m:      	└──> Aggregated MetricRecord: {'eval_loss': 1.8112695436924697, 'eval_acc': 0.3387, 'time': 312.5462667942047}
[92mINFO [0m:      
[92mINFO [0m:      [ROUND 38/100]
[92mINFO [0m:      configure_train: Sampled 9 nodes (out of 10)
[92mINFO [0m:      aggregate_train: Received 10 results and 0 failures
[92mINFO [0m:      	└──> Aggregated MetricRecord: {'train_loss': 1.8233940872192387, 'train_time': 5.977075873780995, 'qtty_records': 10}
[92mINFO [0m:      configure_evaluate: Sampled 10 nodes (out of 10)
[92mINFO [0m:      aggregate_evaluate: Received 10 results and 0 failures
[92mINFO [0m:      	└──> Aggregated MetricRecord: {'eval_loss': 1.7756001263856886, 'eval_acc': 0.355, 'time': 319.60451340675354}
[92mINFO [0m:      
[92mINFO [0m:      [ROUND 39/100]
[92mINFO [0m:      configure_train: Sampled 10 nodes (out of 10)
[92mINFO [0m:      aggregate_train: Received 9 results and 0 failures
[92mINFO [0m:      	└──> Aggregated MetricRecord: {'train_loss': 1.8189560377332898, 'train_time': 5.450334825035599, 'qtty_records': 9}
[92mINFO [0m:      configure_evaluate: Sampled 10 nodes (out of 10)
[92mINFO [0m:      aggregate_evaluate: Received 10 results and 0 failures
[92mINFO [0m:      	└──> Aggregated MetricRecord: {'eval_loss': 1.7998740062117582, 'eval_acc': 0.35130000000000006, 'time': 326.76586294174194}
[92mINFO [0m:      
[92mINFO [0m:      [ROUND 40/100]
[92mINFO [0m:      configure_train: Sampled 9 nodes (out of 10)
[92mINFO [0m:      aggregate_train: Received 10 results and 0 failures
[92mINFO [0m:      	└──> Aggregated MetricRecord: {'train_loss': 1.8297310729026792, 'train_time': 5.961744478903711, 'qtty_records': 10}
[92mINFO [0m:      configure_evaluate: Sampled 10 nodes (out of 10)
[92mINFO [0m:      aggregate_evaluate: Received 10 results and 0 failures
[92mINFO [0m:      	└──> Aggregated MetricRecord: {'eval_loss': 1.7960945658385754, 'eval_acc': 0.34059999999999996, 'time': 333.83073687553406}
[92mINFO [0m:      
[92mINFO [0m:      [ROUND 41/100]
[92mINFO [0m:      configure_train: Sampled 10 nodes (out of 10)
[92mINFO [0m:      aggregate_train: Received 9 results and 0 failures
[92mINFO [0m:      	└──> Aggregated MetricRecord: {'train_loss': 1.8248968391418454, 'train_time': 5.44052327113847, 'qtty_records': 9}
[92mINFO [0m:      configure_evaluate: Sampled 10 nodes (out of 10)
[92mINFO [0m:      aggregate_evaluate: Received 10 results and 0 failures
[92mINFO [0m:      	└──> Aggregated MetricRecord: {'eval_loss': 1.822905343398452, 'eval_acc': 0.32560000000000006, 'time': 340.89510440826416}
[92mINFO [0m:      
[92mINFO [0m:      [ROUND 42/100]
[92mINFO [0m:      configure_train: Sampled 9 nodes (out of 10)
[92mINFO [0m:      aggregate_train: Received 10 results and 0 failures
[92mINFO [0m:      	└──> Aggregated MetricRecord: {'train_loss': 1.8393826155662538, 'train_time': 5.956534524913877, 'qtty_records': 10}
[92mINFO [0m:      configure_evaluate: Sampled 10 nodes (out of 10)
[92mINFO [0m:      aggregate_evaluate: Received 10 results and 0 failures
[92mINFO [0m:      	└──> Aggregated MetricRecord: {'eval_loss': 1.800462142750621, 'eval_acc': 0.3529, 'time': 348.0608024597168}
[92mINFO [0m:      
[92mINFO [0m:      [ROUND 43/100]
[92mINFO [0m:      configure_train: Sampled 10 nodes (out of 10)
[92mINFO [0m:      aggregate_train: Received 9 results and 0 failures
[92mINFO [0m:      	└──> Aggregated MetricRecord: {'train_loss': 1.8306577030817668, 'train_time': 5.456818767305878, 'qtty_records': 9}
[92mINFO [0m:      configure_evaluate: Sampled 10 nodes (out of 10)
[92mINFO [0m:      aggregate_evaluate: Received 10 results and 0 failures
[92mINFO [0m:      	└──> Aggregated MetricRecord: {'eval_loss': 1.812925222143531, 'eval_acc': 0.35109999999999997, 'time': 355.1224408149719}
[92mINFO [0m:      
[92mINFO [0m:      [ROUND 44/100]
[92mINFO [0m:      configure_train: Sampled 9 nodes (out of 10)
[92mINFO [0m:      aggregate_train: Received 10 results and 0 failures
[92mINFO [0m:      	└──> Aggregated MetricRecord: {'train_loss': 1.8117769710540774, 'train_time': 5.970669199619442, 'qtty_records': 10}
[92mINFO [0m:      configure_evaluate: Sampled 10 nodes (out of 10)
[92mINFO [0m:      aggregate_evaluate: Received 10 results and 0 failures
[92mINFO [0m:      	└──> Aggregated MetricRecord: {'eval_loss': 1.7862726733088492, 'eval_acc': 0.3491, 'time': 362.2843542098999}
[92mINFO [0m:      
[92mINFO [0m:      [ROUND 45/100]
[92mINFO [0m:      configure_train: Sampled 10 nodes (out of 10)
[92mINFO [0m:      aggregate_train: Received 9 results and 0 failures
[92mINFO [0m:      	└──> Aggregated MetricRecord: {'train_loss': 1.811922786924574, 'train_time': 5.46083525609639, 'qtty_records': 9}
[92mINFO [0m:      configure_evaluate: Sampled 10 nodes (out of 10)
[92mINFO [0m:      aggregate_evaluate: Received 10 results and 0 failures
[92mINFO [0m:      	└──> Aggregated MetricRecord: {'eval_loss': 1.812746145948768, 'eval_acc': 0.3411, 'time': 369.3266267776489}
[92mINFO [0m:      
[92mINFO [0m:      [ROUND 46/100]
[92mINFO [0m:      configure_train: Sampled 9 nodes (out of 10)
[92mINFO [0m:      aggregate_train: Received 10 results and 0 failures
[92mINFO [0m:      	└──> Aggregated MetricRecord: {'train_loss': 1.8285704023361207, 'train_time': 5.9638523096218705, 'qtty_records': 10}
[92mINFO [0m:      configure_evaluate: Sampled 10 nodes (out of 10)
[92mINFO [0m:      aggregate_evaluate: Received 10 results and 0 failures
[92mINFO [0m:      	└──> Aggregated MetricRecord: {'eval_loss': 1.7798259951174262, 'eval_acc': 0.3518, 'time': 376.3858723640442}
[92mINFO [0m:      
[92mINFO [0m:      [ROUND 47/100]
[92mINFO [0m:      configure_train: Sampled 10 nodes (out of 10)
[92mINFO [0m:      aggregate_train: Received 9 results and 0 failures
[92mINFO [0m:      	└──> Aggregated MetricRecord: {'train_loss': 1.798239806493123, 'train_time': 5.43613728777402, 'qtty_records': 9}
[92mINFO [0m:      configure_evaluate: Sampled 10 nodes (out of 10)
[92mINFO [0m:      aggregate_evaluate: Received 10 results and 0 failures
[92mINFO [0m:      	└──> Aggregated MetricRecord: {'eval_loss': 1.7844883468002082, 'eval_acc': 0.3572, 'time': 383.4491078853607}
[92mINFO [0m:      
[92mINFO [0m:      [ROUND 48/100]
[92mINFO [0m:      configure_train: Sampled 9 nodes (out of 10)
[92mINFO [0m:      aggregate_train: Received 10 results and 0 failures
[92mINFO [0m:      	└──> Aggregated MetricRecord: {'train_loss': 1.820807128620148, 'train_time': 5.962462385650724, 'qtty_records': 10}
[92mINFO [0m:      configure_evaluate: Sampled 10 nodes (out of 10)
[92mINFO [0m:      aggregate_evaluate: Received 10 results and 0 failures
[92mINFO [0m:      	└──> Aggregated MetricRecord: {'eval_loss': 1.8093555267900232, 'eval_acc': 0.337, 'time': 390.6160817146301}
[92mINFO [0m:      
[92mINFO [0m:      [ROUND 49/100]
[92mINFO [0m:      configure_train: Sampled 10 nodes (out of 10)
[92mINFO [0m:      aggregate_train: Received 9 results and 0 failures
[92mINFO [0m:      	└──> Aggregated MetricRecord: {'train_loss': 1.8107434102164373, 'train_time': 5.467135104971628, 'qtty_records': 9}
[92mINFO [0m:      configure_evaluate: Sampled 10 nodes (out of 10)
[92mINFO [0m:      aggregate_evaluate: Received 10 results and 0 failures
[92mINFO [0m:      	└──> Aggregated MetricRecord: {'eval_loss': 1.8002030167728662, 'eval_acc': 0.34919999999999995, 'time': 397.6485071182251}
[92mINFO [0m:      
[92mINFO [0m:      [ROUND 50/100]
[92mINFO [0m:      configure_train: Sampled 9 nodes (out of 10)
[92mINFO [0m:      aggregate_train: Received 10 results and 0 failures
[92mINFO [0m:      	└──> Aggregated MetricRecord: {'train_loss': 1.8203577553749086, 'train_time': 5.96051346519962, 'qtty_records': 10}
[92mINFO [0m:      configure_evaluate: Sampled 10 nodes (out of 10)
[92mINFO [0m:      aggregate_evaluate: Received 10 results and 0 failures
[92mINFO [0m:      	└──> Aggregated MetricRecord: {'eval_loss': 1.790061601251364, 'eval_acc': 0.3537, 'time': 404.81493401527405}
[92mINFO [0m:      
[92mINFO [0m:      [ROUND 51/100]
[92mINFO [0m:      configure_train: Sampled 10 nodes (out of 10)
[92mINFO [0m:      aggregate_train: Received 9 results and 0 failures
[92mINFO [0m:      	└──> Aggregated MetricRecord: {'train_loss': 1.824912499109904, 'train_time': 5.47022598505848, 'qtty_records': 9}
[92mINFO [0m:      configure_evaluate: Sampled 10 nodes (out of 10)
[92mINFO [0m:      aggregate_evaluate: Received 10 results and 0 failures
[92mINFO [0m:      	└──> Aggregated MetricRecord: {'eval_loss': 1.7852372109889985, 'eval_acc': 0.3525, 'time': 411.84836626052856}
[92mINFO [0m:      
[92mINFO [0m:      [ROUND 52/100]
[92mINFO [0m:      configure_train: Sampled 9 nodes (out of 10)
[92mINFO [0m:      aggregate_train: Received 10 results and 0 failures
[92mINFO [0m:      	└──> Aggregated MetricRecord: {'train_loss': 1.8292086935043337, 'train_time': 5.971673764847219, 'qtty_records': 10}
[92mINFO [0m:      configure_evaluate: Sampled 10 nodes (out of 10)
[92mINFO [0m:      aggregate_evaluate: Received 10 results and 0 failures
[92mINFO [0m:      	└──> Aggregated MetricRecord: {'eval_loss': 1.8065452408045533, 'eval_acc': 0.3522, 'time': 419.0151479244232}
[92mINFO [0m:      
[92mINFO [0m:      [ROUND 53/100]
[92mINFO [0m:      configure_train: Sampled 10 nodes (out of 10)
[92mINFO [0m:      aggregate_train: Received 9 results and 0 failures
[92mINFO [0m:      	└──> Aggregated MetricRecord: {'train_loss': 1.822090111626519, 'train_time': 5.459418201612102, 'qtty_records': 9}
[92mINFO [0m:      configure_evaluate: Sampled 10 nodes (out of 10)
[92mINFO [0m:      aggregate_evaluate: Received 10 results and 0 failures
[92mINFO [0m:      	└──> Aggregated MetricRecord: {'eval_loss': 1.7908672589808705, 'eval_acc': 0.3459, 'time': 426.1741771697998}
[92mINFO [0m:      
[92mINFO [0m:      [ROUND 54/100]
[92mINFO [0m:      configure_train: Sampled 9 nodes (out of 10)
[92mINFO [0m:      aggregate_train: Received 10 results and 0 failures
[92mINFO [0m:      	└──> Aggregated MetricRecord: {'train_loss': 1.8218888315200807, 'train_time': 5.970857244729996, 'qtty_records': 10}
[92mINFO [0m:      configure_evaluate: Sampled 10 nodes (out of 10)
[92mINFO [0m:      aggregate_evaluate: Received 10 results and 0 failures
[92mINFO [0m:      	└──> Aggregated MetricRecord: {'eval_loss': 1.788233400508762, 'eval_acc': 0.3536, 'time': 433.2365963459015}
[92mINFO [0m:      
[92mINFO [0m:      [ROUND 55/100]
[92mINFO [0m:      configure_train: Sampled 10 nodes (out of 10)
[92mINFO [0m:      aggregate_train: Received 9 results and 0 failures
[92mINFO [0m:      	└──> Aggregated MetricRecord: {'train_loss': 1.8317660800086129, 'train_time': 5.449806738541358, 'qtty_records': 9}
[92mINFO [0m:      configure_evaluate: Sampled 10 nodes (out of 10)
[92mINFO [0m:      aggregate_evaluate: Received 10 results and 0 failures
[92mINFO [0m:      	└──> Aggregated MetricRecord: {'eval_loss': 1.8039586067199709, 'eval_acc': 0.3439, 'time': 440.3705132007599}
[92mINFO [0m:      
[92mINFO [0m:      [ROUND 56/100]
[92mINFO [0m:      configure_train: Sampled 9 nodes (out of 10)
[92mINFO [0m:      aggregate_train: Received 10 results and 0 failures
[92mINFO [0m:      	└──> Aggregated MetricRecord: {'train_loss': 1.8372758611679079, 'train_time': 5.97652203310281, 'qtty_records': 10}
[92mINFO [0m:      configure_evaluate: Sampled 10 nodes (out of 10)
[92mINFO [0m:      aggregate_evaluate: Received 10 results and 0 failures
[92mINFO [0m:      	└──> Aggregated MetricRecord: {'eval_loss': 1.8012512236833573, 'eval_acc': 0.3427, 'time': 447.43084597587585}
[92mINFO [0m:      
[92mINFO [0m:      [ROUND 57/100]
[92mINFO [0m:      configure_train: Sampled 10 nodes (out of 10)
[92mINFO [0m:      aggregate_train: Received 9 results and 0 failures
[92mINFO [0m:      	└──> Aggregated MetricRecord: {'train_loss': 1.8082712687386406, 'train_time': 5.4473709180537195, 'qtty_records': 9}
[92mINFO [0m:      configure_evaluate: Sampled 10 nodes (out of 10)
[92mINFO [0m:      aggregate_evaluate: Received 10 results and 0 failures
[92mINFO [0m:      	└──> Aggregated MetricRecord: {'eval_loss': 1.8055719062685969, 'eval_acc': 0.34280000000000005, 'time': 454.568567276001}
[92mINFO [0m:      
[92mINFO [0m:      [ROUND 58/100]
[92mINFO [0m:      configure_train: Sampled 9 nodes (out of 10)
[92mINFO [0m:      aggregate_train: Received 10 results and 0 failures
[92mINFO [0m:      	└──> Aggregated MetricRecord: {'train_loss': 1.832607536029816, 'train_time': 5.976766237523407, 'qtty_records': 10}
[92mINFO [0m:      configure_evaluate: Sampled 10 nodes (out of 10)
[92mINFO [0m:      aggregate_evaluate: Received 10 results and 0 failures
[92mINFO [0m:      	└──> Aggregated MetricRecord: {'eval_loss': 1.79682593010366, 'eval_acc': 0.34930000000000005, 'time': 461.73604226112366}
[92mINFO [0m:      
[92mINFO [0m:      [ROUND 59/100]
[92mINFO [0m:      configure_train: Sampled 10 nodes (out of 10)
[92mINFO [0m:      aggregate_train: Received 9 results and 0 failures
[92mINFO [0m:      	└──> Aggregated MetricRecord: {'train_loss': 1.8315593420664467, 'train_time': 5.473047947304116, 'qtty_records': 9}
[92mINFO [0m:      configure_evaluate: Sampled 10 nodes (out of 10)
[92mINFO [0m:      aggregate_evaluate: Received 10 results and 0 failures
[92mINFO [0m:      	└──> Aggregated MetricRecord: {'eval_loss': 1.8164188891649247, 'eval_acc': 0.3325, 'time': 468.8091037273407}
[92mINFO [0m:      
[92mINFO [0m:      [ROUND 60/100]
[92mINFO [0m:      configure_train: Sampled 9 nodes (out of 10)
[92mINFO [0m:      aggregate_train: Received 10 results and 0 failures
[92mINFO [0m:      	└──> Aggregated MetricRecord: {'train_loss': 1.8075463748931886, 'train_time': 5.962121679261327, 'qtty_records': 10}
[92mINFO [0m:      configure_evaluate: Sampled 10 nodes (out of 10)
[92mINFO [0m:      aggregate_evaluate: Received 10 results and 0 failures
[92mINFO [0m:      	└──> Aggregated MetricRecord: {'eval_loss': 1.784038531035185, 'eval_acc': 0.35810000000000003, 'time': 475.86859798431396}
[92mINFO [0m:      
[92mINFO [0m:      [ROUND 61/100]
[92mINFO [0m:      configure_train: Sampled 10 nodes (out of 10)
[92mINFO [0m:      aggregate_train: Received 9 results and 0 failures
[92mINFO [0m:      	└──> Aggregated MetricRecord: {'train_loss': 1.8335339748594492, 'train_time': 5.448873329597215, 'qtty_records': 9}
[92mINFO [0m:      configure_evaluate: Sampled 10 nodes (out of 10)
[92mINFO [0m:      aggregate_evaluate: Received 10 results and 0 failures
[92mINFO [0m:      	└──> Aggregated MetricRecord: {'eval_loss': 1.8370164088904861, 'eval_acc': 0.33220000000000005, 'time': 483.03496742248535}
[92mINFO [0m:      
[92mINFO [0m:      [ROUND 62/100]
[92mINFO [0m:      configure_train: Sampled 9 nodes (out of 10)
[92mINFO [0m:      aggregate_train: Received 10 results and 0 failures
[92mINFO [0m:      	└──> Aggregated MetricRecord: {'train_loss': 1.8386833410263064, 'train_time': 5.963526239898056, 'qtty_records': 10}
[92mINFO [0m:      configure_evaluate: Sampled 10 nodes (out of 10)
[92mINFO [0m:      aggregate_evaluate: Received 10 results and 0 failures
[92mINFO [0m:      	└──> Aggregated MetricRecord: {'eval_loss': 1.7859355513006452, 'eval_acc': 0.3516, 'time': 490.2124717235565}
[92mINFO [0m:      
[92mINFO [0m:      [ROUND 63/100]
[92mINFO [0m:      configure_train: Sampled 10 nodes (out of 10)
[92mINFO [0m:      aggregate_train: Received 9 results and 0 failures
[92mINFO [0m:      	└──> Aggregated MetricRecord: {'train_loss': 1.815026304139031, 'train_time': 5.4662199822357955, 'qtty_records': 9}
[92mINFO [0m:      configure_evaluate: Sampled 10 nodes (out of 10)
[92mINFO [0m:      aggregate_evaluate: Received 10 results and 0 failures
[92mINFO [0m:      	└──> Aggregated MetricRecord: {'eval_loss': 1.794254928454757, 'eval_acc': 0.3548, 'time': 497.2540318965912}
[92mINFO [0m:      
[92mINFO [0m:      [ROUND 64/100]
[92mINFO [0m:      configure_train: Sampled 9 nodes (out of 10)
[92mINFO [0m:      aggregate_train: Received 10 results and 0 failures
[92mINFO [0m:      	└──> Aggregated MetricRecord: {'train_loss': 1.8021908913612368, 'train_time': 5.9638450684025885, 'qtty_records': 10}
[92mINFO [0m:      configure_evaluate: Sampled 10 nodes (out of 10)
[92mINFO [0m:      aggregate_evaluate: Received 10 results and 0 failures
[92mINFO [0m:      	└──> Aggregated MetricRecord: {'eval_loss': 1.78966300226748, 'eval_acc': 0.3532, 'time': 504.31483721733093}
[92mINFO [0m:      
[92mINFO [0m:      [ROUND 65/100]
[92mINFO [0m:      configure_train: Sampled 10 nodes (out of 10)
[92mINFO [0m:      aggregate_train: Received 9 results and 0 failures
[92mINFO [0m:      	└──> Aggregated MetricRecord: {'train_loss': 1.8182050861782497, 'train_time': 5.441337983330919, 'qtty_records': 9}
[92mINFO [0m:      configure_evaluate: Sampled 10 nodes (out of 10)
[92mINFO [0m:      aggregate_evaluate: Received 10 results and 0 failures
[92mINFO [0m:      	└──> Aggregated MetricRecord: {'eval_loss': 1.7890174340456724, 'eval_acc': 0.34419999999999995, 'time': 511.48152232170105}
[92mINFO [0m:      
[92mINFO [0m:      [ROUND 66/100]
[92mINFO [0m:      configure_train: Sampled 9 nodes (out of 10)
[92mINFO [0m:      aggregate_train: Received 10 results and 0 failures
[92mINFO [0m:      	└──> Aggregated MetricRecord: {'train_loss': 1.8083621644973755, 'train_time': 5.9687583517283205, 'qtty_records': 10}
[92mINFO [0m:      configure_evaluate: Sampled 10 nodes (out of 10)
[92mINFO [0m:      aggregate_evaluate: Received 10 results and 0 failures
[92mINFO [0m:      	└──> Aggregated MetricRecord: {'eval_loss': 1.8086938302963973, 'eval_acc': 0.3528, 'time': 518.5419607162476}
[92mINFO [0m:      
[92mINFO [0m:      [ROUND 67/100]
[92mINFO [0m:      configure_train: Sampled 10 nodes (out of 10)
[92mINFO [0m:      aggregate_train: Received 9 results and 0 failures
[92mINFO [0m:      	└──> Aggregated MetricRecord: {'train_loss': 1.8030162198808457, 'train_time': 5.443354777991772, 'qtty_records': 9}
[92mINFO [0m:      configure_evaluate: Sampled 10 nodes (out of 10)
[92mINFO [0m:      aggregate_evaluate: Received 10 results and 0 failures
[92mINFO [0m:      	└──> Aggregated MetricRecord: {'eval_loss': 1.7808397319167857, 'eval_acc': 0.34500000000000003, 'time': 525.6746509075165}
[92mINFO [0m:      
[92mINFO [0m:      [ROUND 68/100]
[92mINFO [0m:      configure_train: Sampled 9 nodes (out of 10)
[92mINFO [0m:      aggregate_train: Received 10 results and 0 failures
[92mINFO [0m:      	└──> Aggregated MetricRecord: {'train_loss': 1.8008049998283386, 'train_time': 5.979940217640251, 'qtty_records': 10}
[92mINFO [0m:      configure_evaluate: Sampled 10 nodes (out of 10)
[92mINFO [0m:      aggregate_evaluate: Received 10 results and 0 failures
[92mINFO [0m:      	└──> Aggregated MetricRecord: {'eval_loss': 1.7755542285740376, 'eval_acc': 0.3614, 'time': 532.735698223114}
[92mINFO [0m:      
[92mINFO [0m:      [ROUND 69/100]
[92mINFO [0m:      configure_train: Sampled 10 nodes (out of 10)
[92mINFO [0m:      aggregate_train: Received 9 results and 0 failures
[92mINFO [0m:      	└──> Aggregated MetricRecord: {'train_loss': 1.794534259902106, 'train_time': 5.435149882299204, 'qtty_records': 9}
[92mINFO [0m:      configure_evaluate: Sampled 10 nodes (out of 10)
[92mINFO [0m:      aggregate_evaluate: Received 10 results and 0 failures
[92mINFO [0m:      	└──> Aggregated MetricRecord: {'eval_loss': 1.7808588456362486, 'eval_acc': 0.3612, 'time': 539.8692009449005}
[92mINFO [0m:      
[92mINFO [0m:      [ROUND 70/100]
[92mINFO [0m:      configure_train: Sampled 9 nodes (out of 10)
[92mINFO [0m:      aggregate_train: Received 10 results and 0 failures
[92mINFO [0m:      	└──> Aggregated MetricRecord: {'train_loss': 1.8129405752182006, 'train_time': 5.960066339373588, 'qtty_records': 10}
[92mINFO [0m:      configure_evaluate: Sampled 10 nodes (out of 10)
[92mINFO [0m:      aggregate_evaluate: Received 10 results and 0 failures
[92mINFO [0m:      	└──> Aggregated MetricRecord: {'eval_loss': 1.807913630083203, 'eval_acc': 0.3542, 'time': 547.0381972789764}
[92mINFO [0m:      
[92mINFO [0m:      [ROUND 71/100]
[92mINFO [0m:      configure_train: Sampled 10 nodes (out of 10)
[92mINFO [0m:      aggregate_train: Received 9 results and 0 failures
[92mINFO [0m:      	└──> Aggregated MetricRecord: {'train_loss': 1.8250417885250512, 'train_time': 5.471254653814766, 'qtty_records': 9}
[92mINFO [0m:      configure_evaluate: Sampled 10 nodes (out of 10)
[92mINFO [0m:      aggregate_evaluate: Received 10 results and 0 failures
[92mINFO [0m:      	└──> Aggregated MetricRecord: {'eval_loss': 1.8132622461766006, 'eval_acc': 0.3389, 'time': 554.0936193466187}
[92mINFO [0m:      
[92mINFO [0m:      [ROUND 72/100]
[92mINFO [0m:      configure_train: Sampled 9 nodes (out of 10)
[92mINFO [0m:      aggregate_train: Received 10 results and 0 failures
[92mINFO [0m:      	└──> Aggregated MetricRecord: {'train_loss': 1.8143977843284609, 'train_time': 5.956882655061781, 'qtty_records': 10}
[92mINFO [0m:      configure_evaluate: Sampled 10 nodes (out of 10)
[92mINFO [0m:      aggregate_evaluate: Received 10 results and 0 failures
[92mINFO [0m:      	└──> Aggregated MetricRecord: {'eval_loss': 1.7660148952156305, 'eval_acc': 0.3471, 'time': 561.2576658725739}
[92mINFO [0m:      
[92mINFO [0m:      [ROUND 73/100]
[92mINFO [0m:      configure_train: Sampled 10 nodes (out of 10)
[92mINFO [0m:      aggregate_train: Received 9 results and 0 failures
[92mINFO [0m:      	└──> Aggregated MetricRecord: {'train_loss': 1.8095762675603226, 'train_time': 5.468697110397948, 'qtty_records': 9}
[92mINFO [0m:      configure_evaluate: Sampled 10 nodes (out of 10)
[92mINFO [0m:      aggregate_evaluate: Received 10 results and 0 failures
[92mINFO [0m:      	└──> Aggregated MetricRecord: {'eval_loss': 1.7848130997270348, 'eval_acc': 0.3563, 'time': 568.4182839393616}
[92mINFO [0m:      
[92mINFO [0m:      [ROUND 74/100]
[92mINFO [0m:      configure_train: Sampled 9 nodes (out of 10)
[92mINFO [0m:      aggregate_train: Received 10 results and 0 failures
[92mINFO [0m:      	└──> Aggregated MetricRecord: {'train_loss': 1.8163651216983796, 'train_time': 5.954268190544099, 'qtty_records': 10}
[92mINFO [0m:      configure_evaluate: Sampled 10 nodes (out of 10)
[92mINFO [0m:      aggregate_evaluate: Received 10 results and 0 failures
[92mINFO [0m:      	└──> Aggregated MetricRecord: {'eval_loss': 1.7903386432677508, 'eval_acc': 0.35040000000000004, 'time': 575.4828968048096}
[92mINFO [0m:      
[92mINFO [0m:      [ROUND 75/100]
[92mINFO [0m:      configure_train: Sampled 10 nodes (out of 10)
[92mINFO [0m:      aggregate_train: Received 9 results and 0 failures
[92mINFO [0m:      	└──> Aggregated MetricRecord: {'train_loss': 1.8078045209248856, 'train_time': 5.440680394570033, 'qtty_records': 9}
[92mINFO [0m:      configure_evaluate: Sampled 10 nodes (out of 10)
[92mINFO [0m:      aggregate_evaluate: Received 10 results and 0 failures
[92mINFO [0m:      	└──> Aggregated MetricRecord: {'eval_loss': 1.779132799431682, 'eval_acc': 0.3509, 'time': 582.6181282997131}
[92mINFO [0m:      
[92mINFO [0m:      [ROUND 76/100]
[92mINFO [0m:      configure_train: Sampled 9 nodes (out of 10)
[92mINFO [0m:      aggregate_train: Received 10 results and 0 failures
[92mINFO [0m:      	└──> Aggregated MetricRecord: {'train_loss': 1.8118586409568789, 'train_time': 5.952300337329507, 'qtty_records': 10}
[92mINFO [0m:      configure_evaluate: Sampled 10 nodes (out of 10)
[92mINFO [0m:      aggregate_evaluate: Received 10 results and 0 failures
[92mINFO [0m:      	└──> Aggregated MetricRecord: {'eval_loss': 1.7925890520215035, 'eval_acc': 0.3381, 'time': 589.7924954891205}
[92mINFO [0m:      
[92mINFO [0m:      [ROUND 77/100]
[92mINFO [0m:      configure_train: Sampled 10 nodes (out of 10)
[92mINFO [0m:      aggregate_train: Received 9 results and 0 failures
[92mINFO [0m:      	└──> Aggregated MetricRecord: {'train_loss': 1.801145766682095, 'train_time': 5.467159003536734, 'qtty_records': 9}
[92mINFO [0m:      configure_evaluate: Sampled 10 nodes (out of 10)
[92mINFO [0m:      aggregate_evaluate: Received 10 results and 0 failures
[92mINFO [0m:      	└──> Aggregated MetricRecord: {'eval_loss': 1.8051593735814095, 'eval_acc': 0.34690000000000004, 'time': 596.8281726837158}
[92mINFO [0m:      
[92mINFO [0m:      [ROUND 78/100]
[92mINFO [0m:      configure_train: Sampled 9 nodes (out of 10)
[92mINFO [0m:      aggregate_train: Received 10 results and 0 failures
[92mINFO [0m:      	└──> Aggregated MetricRecord: {'train_loss': 1.8121496603012084, 'train_time': 5.964186136983335, 'qtty_records': 10}
[92mINFO [0m:      configure_evaluate: Sampled 10 nodes (out of 10)
[92mINFO [0m:      aggregate_evaluate: Received 10 results and 0 failures
[92mINFO [0m:      	└──> Aggregated MetricRecord: {'eval_loss': 1.7784104440361261, 'eval_acc': 0.34769999999999995, 'time': 603.9896123409271}
[92mINFO [0m:      
[92mINFO [0m:      [ROUND 79/100]
[92mINFO [0m:      configure_train: Sampled 10 nodes (out of 10)
[92mINFO [0m:      aggregate_train: Received 9 results and 0 failures
[92mINFO [0m:      	└──> Aggregated MetricRecord: {'train_loss': 1.8029130637910629, 'train_time': 5.463628757434587, 'qtty_records': 9}
[92mINFO [0m:      configure_evaluate: Sampled 10 nodes (out of 10)
[92mINFO [0m:      aggregate_evaluate: Received 10 results and 0 failures
[92mINFO [0m:      	└──> Aggregated MetricRecord: {'eval_loss': 1.8093835789710284, 'eval_acc': 0.34500000000000003, 'time': 611.0230340957642}
[92mINFO [0m:      
[92mINFO [0m:      [ROUND 80/100]
[92mINFO [0m:      configure_train: Sampled 9 nodes (out of 10)
[92mINFO [0m:      aggregate_train: Received 10 results and 0 failures
[92mINFO [0m:      	└──> Aggregated MetricRecord: {'train_loss': 1.8123886160850526, 'train_time': 5.959243850968778, 'qtty_records': 10}
[92mINFO [0m:      configure_evaluate: Sampled 10 nodes (out of 10)
[92mINFO [0m:      aggregate_evaluate: Received 10 results and 0 failures
[92mINFO [0m:      	└──> Aggregated MetricRecord: {'eval_loss': 1.7858944077044727, 'eval_acc': 0.3607, 'time': 618.188577413559}
[92mINFO [0m:      
[92mINFO [0m:      [ROUND 81/100]
[92mINFO [0m:      configure_train: Sampled 10 nodes (out of 10)
[92mINFO [0m:      aggregate_train: Received 9 results and 0 failures
[92mINFO [0m:      	└──> Aggregated MetricRecord: {'train_loss': 1.8170779256820677, 'train_time': 5.459486159185569, 'qtty_records': 9}
[92mINFO [0m:      configure_evaluate: Sampled 10 nodes (out of 10)
[92mINFO [0m:      aggregate_evaluate: Received 10 results and 0 failures
[92mINFO [0m:      	└──> Aggregated MetricRecord: {'eval_loss': 1.7779241446405654, 'eval_acc': 0.3598, 'time': 625.3472423553467}
[92mINFO [0m:      
[92mINFO [0m:      [ROUND 82/100]
[92mINFO [0m:      configure_train: Sampled 9 nodes (out of 10)
[92mINFO [0m:      aggregate_train: Received 10 results and 0 failures
[92mINFO [0m:      	└──> Aggregated MetricRecord: {'train_loss': 1.8120872879028322, 'train_time': 5.969523558951915, 'qtty_records': 10}
[92mINFO [0m:      configure_evaluate: Sampled 10 nodes (out of 10)
[92mINFO [0m:      aggregate_evaluate: Received 10 results and 0 failures
[92mINFO [0m:      	└──> Aggregated MetricRecord: {'eval_loss': 1.815822125598788, 'eval_acc': 0.3509, 'time': 632.4072275161743}
[92mINFO [0m:      
[92mINFO [0m:      [ROUND 83/100]
[92mINFO [0m:      configure_train: Sampled 10 nodes (out of 10)
[92mINFO [0m:      aggregate_train: Received 9 results and 0 failures
[92mINFO [0m:      	└──> Aggregated MetricRecord: {'train_loss': 1.8099192268583506, 'train_time': 5.458029616727597, 'qtty_records': 9}
[92mINFO [0m:      configure_evaluate: Sampled 10 nodes (out of 10)
[92mINFO [0m:      aggregate_evaluate: Received 10 results and 0 failures
[92mINFO [0m:      	└──> Aggregated MetricRecord: {'eval_loss': 1.7770796924829484, 'eval_acc': 0.3487, 'time': 639.5672080516815}
[92mINFO [0m:      
[92mINFO [0m:      [ROUND 84/100]
[92mINFO [0m:      configure_train: Sampled 9 nodes (out of 10)
[92mINFO [0m:      aggregate_train: Received 10 results and 0 failures
[92mINFO [0m:      	└──> Aggregated MetricRecord: {'train_loss': 1.8002371631622316, 'train_time': 5.9610048096626995, 'qtty_records': 10}
[92mINFO [0m:      configure_evaluate: Sampled 10 nodes (out of 10)
[92mINFO [0m:      aggregate_evaluate: Received 10 results and 0 failures
[92mINFO [0m:      	└──> Aggregated MetricRecord: {'eval_loss': 1.7881247833371163, 'eval_acc': 0.35600000000000004, 'time': 646.7362957000732}
[92mINFO [0m:      
[92mINFO [0m:      [ROUND 85/100]
[92mINFO [0m:      configure_train: Sampled 10 nodes (out of 10)
[92mINFO [0m:      aggregate_train: Received 9 results and 0 failures
[92mINFO [0m:      	└──> Aggregated MetricRecord: {'train_loss': 1.7961878010431924, 'train_time': 5.447782991557485, 'qtty_records': 9}
[92mINFO [0m:      configure_evaluate: Sampled 10 nodes (out of 10)
[92mINFO [0m:      aggregate_evaluate: Received 10 results and 0 failures
[92mINFO [0m:      	└──> Aggregated MetricRecord: {'eval_loss': 1.7989322505891325, 'eval_acc': 0.3429, 'time': 653.7933580875397}
[92mINFO [0m:      
[92mINFO [0m:      [ROUND 86/100]
[92mINFO [0m:      configure_train: Sampled 9 nodes (out of 10)
[92mINFO [0m:      aggregate_train: Received 10 results and 0 failures
[92mINFO [0m:      	└──> Aggregated MetricRecord: {'train_loss': 1.8194805344581608, 'train_time': 5.960309311561287, 'qtty_records': 10}
[92mINFO [0m:      configure_evaluate: Sampled 10 nodes (out of 10)
[92mINFO [0m:      aggregate_evaluate: Received 10 results and 0 failures
[92mINFO [0m:      	└──> Aggregated MetricRecord: {'eval_loss': 1.8129402656108142, 'eval_acc': 0.3457, 'time': 660.9565742015839}
[92mINFO [0m:      
[92mINFO [0m:      [ROUND 87/100]
[92mINFO [0m:      configure_train: Sampled 10 nodes (out of 10)
[92mINFO [0m:      aggregate_train: Received 9 results and 0 failures
[92mINFO [0m:      	└──> Aggregated MetricRecord: {'train_loss': 1.8235722807778254, 'train_time': 5.471516456661953, 'qtty_records': 9}
[92mINFO [0m:      configure_evaluate: Sampled 10 nodes (out of 10)
[92mINFO [0m:      aggregate_evaluate: Received 10 results and 0 failures
[92mINFO [0m:      	└──> Aggregated MetricRecord: {'eval_loss': 1.8162090916186573, 'eval_acc': 0.3428, 'time': 668.1219313144684}
[92mINFO [0m:      
[92mINFO [0m:      [ROUND 88/100]
[92mINFO [0m:      configure_train: Sampled 9 nodes (out of 10)
[92mINFO [0m:      aggregate_train: Received 10 results and 0 failures
[92mINFO [0m:      	└──> Aggregated MetricRecord: {'train_loss': 1.8423130279541018, 'train_time': 5.963492966536433, 'qtty_records': 10}
[92mINFO [0m:      configure_evaluate: Sampled 10 nodes (out of 10)
[92mINFO [0m:      aggregate_evaluate: Received 10 results and 0 failures
[92mINFO [0m:      	└──> Aggregated MetricRecord: {'eval_loss': 1.7933775793761018, 'eval_acc': 0.35, 'time': 675.1864702701569}
[92mINFO [0m:      
[92mINFO [0m:      [ROUND 89/100]
[92mINFO [0m:      configure_train: Sampled 10 nodes (out of 10)
[92mINFO [0m:      aggregate_train: Received 9 results and 0 failures
[92mINFO [0m:      	└──> Aggregated MetricRecord: {'train_loss': 1.8132434291839596, 'train_time': 5.4378017138482795, 'qtty_records': 9}
[92mINFO [0m:      configure_evaluate: Sampled 10 nodes (out of 10)
[92mINFO [0m:      aggregate_evaluate: Received 10 results and 0 failures
[92mINFO [0m:      	└──> Aggregated MetricRecord: {'eval_loss': 1.8165295936167243, 'eval_acc': 0.3389, 'time': 682.2431244850159}
[92mINFO [0m:      
[92mINFO [0m:      [ROUND 90/100]
[92mINFO [0m:      configure_train: Sampled 9 nodes (out of 10)
[92mINFO [0m:      aggregate_train: Received 10 results and 0 failures
[92mINFO [0m:      	└──> Aggregated MetricRecord: {'train_loss': 1.810805225753784, 'train_time': 5.958060582075268, 'qtty_records': 10}
[92mINFO [0m:      configure_evaluate: Sampled 10 nodes (out of 10)
[92mINFO [0m:      aggregate_evaluate: Received 10 results and 0 failures
[92mINFO [0m:      	└──> Aggregated MetricRecord: {'eval_loss': 1.7722288209944963, 'eval_acc': 0.36219999999999997, 'time': 689.4083902835846}
[92mINFO [0m:      
[92mINFO [0m:      [ROUND 91/100]
[92mINFO [0m:      configure_train: Sampled 10 nodes (out of 10)
[92mINFO [0m:      aggregate_train: Received 9 results and 0 failures
[92mINFO [0m:      	└──> Aggregated MetricRecord: {'train_loss': 1.7830306266148883, 'train_time': 5.472405900350875, 'qtty_records': 9}
[92mINFO [0m:      configure_evaluate: Sampled 10 nodes (out of 10)
[92mINFO [0m:      aggregate_evaluate: Received 10 results and 0 failures
[92mINFO [0m:      	└──> Aggregated MetricRecord: {'eval_loss': 1.758577160537243, 'eval_acc': 0.35660000000000003, 'time': 696.4814827442169}
[92mINFO [0m:      
[92mINFO [0m:      [ROUND 92/100]
[92mINFO [0m:      configure_train: Sampled 9 nodes (out of 10)
[92mINFO [0m:      aggregate_train: Received 10 results and 0 failures
[92mINFO [0m:      	└──> Aggregated MetricRecord: {'train_loss': 1.8321354640960696, 'train_time': 5.968585677072406, 'qtty_records': 10}
[92mINFO [0m:      configure_evaluate: Sampled 10 nodes (out of 10)
[92mINFO [0m:      aggregate_evaluate: Received 10 results and 0 failures
[92mINFO [0m:      	└──> Aggregated MetricRecord: {'eval_loss': 1.8186725933104755, 'eval_acc': 0.3318, 'time': 703.6432790756226}
[92mINFO [0m:      
[92mINFO [0m:      [ROUND 93/100]
[92mINFO [0m:      configure_train: Sampled 10 nodes (out of 10)
[92mINFO [0m:      aggregate_train: Received 9 results and 0 failures
[92mINFO [0m:      	└──> Aggregated MetricRecord: {'train_loss': 1.830102198494805, 'train_time': 5.450443977903989, 'qtty_records': 9}
[92mINFO [0m:      configure_evaluate: Sampled 10 nodes (out of 10)
[92mINFO [0m:      aggregate_evaluate: Received 10 results and 0 failures
[92mINFO [0m:      	└──> Aggregated MetricRecord: {'eval_loss': 1.7973330259323121, 'eval_acc': 0.35170000000000007, 'time': 710.8025996685028}
[92mINFO [0m:      
[92mINFO [0m:      [ROUND 94/100]
[92mINFO [0m:      configure_train: Sampled 9 nodes (out of 10)
[92mINFO [0m:      aggregate_train: Received 10 results and 0 failures
[92mINFO [0m:      	└──> Aggregated MetricRecord: {'train_loss': 1.8003851147651675, 'train_time': 5.980171276349575, 'qtty_records': 10}
[92mINFO [0m:      configure_evaluate: Sampled 10 nodes (out of 10)
[92mINFO [0m:      aggregate_evaluate: Received 10 results and 0 failures
[92mINFO [0m:      	└──> Aggregated MetricRecord: {'eval_loss': 1.7726720854640006, 'eval_acc': 0.3486, 'time': 717.9752669334412}
[92mINFO [0m:      
[92mINFO [0m:      [ROUND 95/100]
[92mINFO [0m:      configure_train: Sampled 10 nodes (out of 10)
[92mINFO [0m:      aggregate_train: Received 9 results and 0 failures
[92mINFO [0m:      	└──> Aggregated MetricRecord: {'train_loss': 1.8052711126539438, 'train_time': 5.453758240056534, 'qtty_records': 9}
[92mINFO [0m:      configure_evaluate: Sampled 10 nodes (out of 10)
[92mINFO [0m:      aggregate_evaluate: Received 10 results and 0 failures
[92mINFO [0m:      	└──> Aggregated MetricRecord: {'eval_loss': 1.7946684982627632, 'eval_acc': 0.3552, 'time': 725.0517022609711}
[92mINFO [0m:      
[92mINFO [0m:      [ROUND 96/100]
[92mINFO [0m:      configure_train: Sampled 9 nodes (out of 10)
[92mINFO [0m:      aggregate_train: Received 10 results and 0 failures
[92mINFO [0m:      	└──> Aggregated MetricRecord: {'train_loss': 1.8151441327095035, 'train_time': 5.9681623474694785, 'qtty_records': 10}
[92mINFO [0m:      configure_evaluate: Sampled 10 nodes (out of 10)
[92mINFO [0m:      aggregate_evaluate: Received 10 results and 0 failures
[92mINFO [0m:      	└──> Aggregated MetricRecord: {'eval_loss': 1.8039321199059488, 'eval_acc': 0.35000000000000003, 'time': 732.1117944717407}
[92mINFO [0m:      
[92mINFO [0m:      [ROUND 97/100]
[92mINFO [0m:      configure_train: Sampled 10 nodes (out of 10)
[92mINFO [0m:      aggregate_train: Received 9 results and 0 failures
[92mINFO [0m:      	└──> Aggregated MetricRecord: {'train_loss': 1.8457707986831668, 'train_time': 5.451477597157161, 'qtty_records': 9}
[92mINFO [0m:      configure_evaluate: Sampled 10 nodes (out of 10)
[92mINFO [0m:      aggregate_evaluate: Received 10 results and 0 failures
[92mINFO [0m:      	└──> Aggregated MetricRecord: {'eval_loss': 1.8138745885342362, 'eval_acc': 0.34140000000000004, 'time': 739.2846653461456}
[92mINFO [0m:      
[92mINFO [0m:      [ROUND 98/100]
[92mINFO [0m:      configure_train: Sampled 9 nodes (out of 10)
[92mINFO [0m:      aggregate_train: Received 10 results and 0 failures
[92mINFO [0m:      	└──> Aggregated MetricRecord: {'train_loss': 1.7996666604042053, 'train_time': 5.965154821611941, 'qtty_records': 10}
[92mINFO [0m:      configure_evaluate: Sampled 10 nodes (out of 10)
[92mINFO [0m:      aggregate_evaluate: Received 10 results and 0 failures
[92mINFO [0m:      	└──> Aggregated MetricRecord: {'eval_loss': 1.7910334337502718, 'eval_acc': 0.35580000000000006, 'time': 746.4520435333252}
[92mINFO [0m:      
[92mINFO [0m:      [ROUND 99/100]
[92mINFO [0m:      configure_train: Sampled 10 nodes (out of 10)
[92mINFO [0m:      aggregate_train: Received 9 results and 0 failures
[92mINFO [0m:      	└──> Aggregated MetricRecord: {'train_loss': 1.808915801790025, 'train_time': 5.446640058213638, 'qtty_records': 9}
[92mINFO [0m:      configure_evaluate: Sampled 10 nodes (out of 10)
[92mINFO [0m:      aggregate_evaluate: Received 10 results and 0 failures
[92mINFO [0m:      	└──> Aggregated MetricRecord: {'eval_loss': 1.7920664474368095, 'eval_acc': 0.34600000000000003, 'time': 753.5845375061035}
[92mINFO [0m:      
[92mINFO [0m:      [ROUND 100/100]
[92mINFO [0m:      configure_train: Sampled 9 nodes (out of 10)
[92mINFO [0m:      aggregate_train: Received 10 results and 0 failures
[92mINFO [0m:      	└──> Aggregated MetricRecord: {'train_loss': 1.818889852523804, 'train_time': 5.962910442892462, 'qtty_records': 10}
[92mINFO [0m:      configure_evaluate: Sampled 10 nodes (out of 10)
[92mINFO [0m:      aggregate_evaluate: Received 10 results and 0 failures
[92mINFO [0m:      	└──> Aggregated MetricRecord: {'eval_loss': 1.8236848082393409, 'eval_acc': 0.34440000000000004, 'time': 760.7459559440613}
[92mINFO [0m:      
[92mINFO [0m:      Strategy execution finished in 760.75s
[92mINFO [0m:      
[92mINFO [0m:      Final results:
[92mINFO [0m:      
[92mINFO [0m:      	Global Arrays:
[92mINFO [0m:      		ArrayRecord (0.238 MB)
[92mINFO [0m:      	
[92mINFO [0m:      	Aggregated ClientApp-side Train Metrics:
[92mINFO [0m:      	{ 1: { 'qtty_records': '9',
[92mINFO [0m:      	       'train_loss': '2.2169e+00',
[92mINFO [0m:      	       'train_time': '7.4435e+00'},
[92mINFO [0m:      	  2: { 'qtty_records': '10',
[92mINFO [0m:      	       'train_loss': '2.1658e+00',
[92mINFO [0m:      	       'train_time': '6.1767e+00'},
[92mINFO [0m:      	  3: { 'qtty_records': '9',
[92mINFO [0m:      	       'train_loss': '2.0604e+00',
[92mINFO [0m:      	       'train_time': '5.4798e+00'},
[92mINFO [0m:      	  4: { 'qtty_records': '10',
[92mINFO [0m:      	       'train_loss': '2.0174e+00',
[92mINFO [0m:      	       'train_time': '5.9804e+00'},
[92mINFO [0m:      	  5: { 'qtty_records': '9',
[92mINFO [0m:      	       'train_loss': '1.9858e+00',
[92mINFO [0m:      	       'train_time': '5.4489e+00'},
[92mINFO [0m:      	  6: { 'qtty_records': '10',
[92mINFO [0m:      	       'train_loss': '1.9666e+00',
[92mINFO [0m:      	       'train_time': '5.9833e+00'},
[92mINFO [0m:      	  7: { 'qtty_records': '9',
[92mINFO [0m:      	       'train_loss': '1.9440e+00',
[92mINFO [0m:      	       'train_time': '5.4591e+00'},
[92mINFO [0m:      	  8: { 'qtty_records': '10',
[92mINFO [0m:      	       'train_loss': '1.9283e+00',
[92mINFO [0m:      	       'train_time': '5.9666e+00'},
[92mINFO [0m:      	  9: { 'qtty_records': '9',
[92mINFO [0m:      	       'train_loss': '1.9190e+00',
[92mINFO [0m:      	       'train_time': '5.4736e+00'},
[92mINFO [0m:      	  10: { 'qtty_records': '10',
[92mINFO [0m:      	        'train_loss': '1.8980e+00',
[92mINFO [0m:      	        'train_time': '5.9749e+00'},
[92mINFO [0m:      	  11: { 'qtty_records': '9',
[92mINFO [0m:      	        'train_loss': '1.8976e+00',
[92mINFO [0m:      	        'train_time': '5.4620e+00'},
[92mINFO [0m:      	  12: { 'qtty_records': '10',
[92mINFO [0m:      	        'train_loss': '1.8867e+00',
[92mINFO [0m:      	        'train_time': '5.9701e+00'},
[92mINFO [0m:      	  13: { 'qtty_records': '9',
[92mINFO [0m:      	        'train_loss': '1.8916e+00',
[92mINFO [0m:      	        'train_time': '5.4543e+00'},
[92mINFO [0m:      	  14: { 'qtty_records': '10',
[92mINFO [0m:      	        'train_loss': '1.8727e+00',
[92mINFO [0m:      	        'train_time': '5.9733e+00'},
[92mINFO [0m:      	  15: { 'qtty_records': '9',
[92mINFO [0m:      	        'train_loss': '1.8666e+00',
[92mINFO [0m:      	        'train_time': '5.4559e+00'},
[92mINFO [0m:      	  16: { 'qtty_records': '10',
[92mINFO [0m:      	        'train_loss': '1.8677e+00',
[92mINFO [0m:      	        'train_time': '5.9763e+00'},
[92mINFO [0m:      	  17: { 'qtty_records': '9',
[92mINFO [0m:      	        'train_loss': '1.8772e+00',
[92mINFO [0m:      	        'train_time': '5.4446e+00'},
[92mINFO [0m:      	  18: { 'qtty_records': '10',
[92mINFO [0m:      	        'train_loss': '1.8563e+00',
[92mINFO [0m:      	        'train_time': '5.9596e+00'},
[92mINFO [0m:      	  19: { 'qtty_records': '9',
[92mINFO [0m:      	        'train_loss': '1.8629e+00',
[92mINFO [0m:      	        'train_time': '5.4420e+00'},
[92mINFO [0m:      	  20: { 'qtty_records': '10',
[92mINFO [0m:      	        'train_loss': '1.8412e+00',
[92mINFO [0m:      	        'train_time': '5.9584e+00'},
[92mINFO [0m:      	  21: { 'qtty_records': '9',
[92mINFO [0m:      	        'train_loss': '1.8497e+00',
[92mINFO [0m:      	        'train_time': '5.4399e+00'},
[92mINFO [0m:      	  22: { 'qtty_records': '10',
[92mINFO [0m:      	        'train_loss': '1.8531e+00',
[92mINFO [0m:      	        'train_time': '5.9696e+00'},
[92mINFO [0m:      	  23: { 'qtty_records': '9',
[92mINFO [0m:      	        'train_loss': '1.8543e+00',
[92mINFO [0m:      	        'train_time': '5.4724e+00'},
[92mINFO [0m:      	  24: { 'qtty_records': '10',
[92mINFO [0m:      	        'train_loss': '1.8502e+00',
[92mINFO [0m:      	        'train_time': '5.9717e+00'},
[92mINFO [0m:      	  25: { 'qtty_records': '9',
[92mINFO [0m:      	        'train_loss': '1.8283e+00',
[92mINFO [0m:      	        'train_time': '5.4736e+00'},
[92mINFO [0m:      	  26: { 'qtty_records': '10',
[92mINFO [0m:      	        'train_loss': '1.8505e+00',
[92mINFO [0m:      	        'train_time': '5.9662e+00'},
[92mINFO [0m:      	  27: { 'qtty_records': '9',
[92mINFO [0m:      	        'train_loss': '1.8256e+00',
[92mINFO [0m:      	        'train_time': '5.4631e+00'},
[92mINFO [0m:      	  28: { 'qtty_records': '10',
[92mINFO [0m:      	        'train_loss': '1.8345e+00',
[92mINFO [0m:      	        'train_time': '5.9650e+00'},
[92mINFO [0m:      	  29: { 'qtty_records': '9',
[92mINFO [0m:      	        'train_loss': '1.8223e+00',
[92mINFO [0m:      	        'train_time': '5.4584e+00'},
[92mINFO [0m:      	  30: { 'qtty_records': '10',
[92mINFO [0m:      	        'train_loss': '1.8378e+00',
[92mINFO [0m:      	        'train_time': '5.9645e+00'},
[92mINFO [0m:      	  31: { 'qtty_records': '9',
[92mINFO [0m:      	        'train_loss': '1.8341e+00',
[92mINFO [0m:      	        'train_time': '5.4515e+00'},
[92mINFO [0m:      	  32: { 'qtty_records': '10',
[92mINFO [0m:      	        'train_loss': '1.8246e+00',
[92mINFO [0m:      	        'train_time': '5.9524e+00'},
[92mINFO [0m:      	  33: { 'qtty_records': '9',
[92mINFO [0m:      	        'train_loss': '1.8326e+00',
[92mINFO [0m:      	        'train_time': '5.4686e+00'},
[92mINFO [0m:      	  34: { 'qtty_records': '10',
[92mINFO [0m:      	        'train_loss': '1.8367e+00',
[92mINFO [0m:      	        'train_time': '5.9601e+00'},
[92mINFO [0m:      	  35: { 'qtty_records': '9',
[92mINFO [0m:      	        'train_loss': '1.8177e+00',
[92mINFO [0m:      	        'train_time': '5.4343e+00'},
[92mINFO [0m:      	  36: { 'qtty_records': '10',
[92mINFO [0m:      	        'train_loss': '1.8290e+00',
[92mINFO [0m:      	        'train_time': '5.9749e+00'},
[92mINFO [0m:      	  37: { 'qtty_records': '9',
[92mINFO [0m:      	        'train_loss': '1.8227e+00',
[92mINFO [0m:      	        'train_time': '5.4541e+00'},
[92mINFO [0m:      	  38: { 'qtty_records': '10',
[92mINFO [0m:      	        'train_loss': '1.8234e+00',
[92mINFO [0m:      	        'train_time': '5.9771e+00'},
[92mINFO [0m:      	  39: { 'qtty_records': '9',
[92mINFO [0m:      	        'train_loss': '1.8190e+00',
[92mINFO [0m:      	        'train_time': '5.4503e+00'},
[92mINFO [0m:      	  40: { 'qtty_records': '10',
[92mINFO [0m:      	        'train_loss': '1.8297e+00',
[92mINFO [0m:      	        'train_time': '5.9617e+00'},
[92mINFO [0m:      	  41: { 'qtty_records': '9',
[92mINFO [0m:      	        'train_loss': '1.8249e+00',
[92mINFO [0m:      	        'train_time': '5.4405e+00'},
[92mINFO [0m:      	  42: { 'qtty_records': '10',
[92mINFO [0m:      	        'train_loss': '1.8394e+00',
[92mINFO [0m:      	        'train_time': '5.9565e+00'},
[92mINFO [0m:      	  43: { 'qtty_records': '9',
[92mINFO [0m:      	        'train_loss': '1.8307e+00',
[92mINFO [0m:      	        'train_time': '5.4568e+00'},
[92mINFO [0m:      	  44: { 'qtty_records': '10',
[92mINFO [0m:      	        'train_loss': '1.8118e+00',
[92mINFO [0m:      	        'train_time': '5.9707e+00'},
[92mINFO [0m:      	  45: { 'qtty_records': '9',
[92mINFO [0m:      	        'train_loss': '1.8119e+00',
[92mINFO [0m:      	        'train_time': '5.4608e+00'},
[92mINFO [0m:      	  46: { 'qtty_records': '10',
[92mINFO [0m:      	        'train_loss': '1.8286e+00',
[92mINFO [0m:      	        'train_time': '5.9639e+00'},
[92mINFO [0m:      	  47: { 'qtty_records': '9',
[92mINFO [0m:      	        'train_loss': '1.7982e+00',
[92mINFO [0m:      	        'train_time': '5.4361e+00'},
[92mINFO [0m:      	  48: { 'qtty_records': '10',
[92mINFO [0m:      	        'train_loss': '1.8208e+00',
[92mINFO [0m:      	        'train_time': '5.9625e+00'},
[92mINFO [0m:      	  49: { 'qtty_records': '9',
[92mINFO [0m:      	        'train_loss': '1.8107e+00',
[92mINFO [0m:      	        'train_time': '5.4671e+00'},
[92mINFO [0m:      	  50: { 'qtty_records': '10',
[92mINFO [0m:      	        'train_loss': '1.8204e+00',
[92mINFO [0m:      	        'train_time': '5.9605e+00'},
[92mINFO [0m:      	  51: { 'qtty_records': '9',
[92mINFO [0m:      	        'train_loss': '1.8249e+00',
[92mINFO [0m:      	        'train_time': '5.4702e+00'},
[92mINFO [0m:      	  52: { 'qtty_records': '10',
[92mINFO [0m:      	        'train_loss': '1.8292e+00',
[92mINFO [0m:      	        'train_time': '5.9717e+00'},
[92mINFO [0m:      	  53: { 'qtty_records': '9',
[92mINFO [0m:      	        'train_loss': '1.8221e+00',
[92mINFO [0m:      	        'train_time': '5.4594e+00'},
[92mINFO [0m:      	  54: { 'qtty_records': '10',
[92mINFO [0m:      	        'train_loss': '1.8219e+00',
[92mINFO [0m:      	        'train_time': '5.9709e+00'},
[92mINFO [0m:      	  55: { 'qtty_records': '9',
[92mINFO [0m:      	        'train_loss': '1.8318e+00',
[92mINFO [0m:      	        'train_time': '5.4498e+00'},
[92mINFO [0m:      	  56: { 'qtty_records': '10',
[92mINFO [0m:      	        'train_loss': '1.8373e+00',
[92mINFO [0m:      	        'train_time': '5.9765e+00'},
[92mINFO [0m:      	  57: { 'qtty_records': '9',
[92mINFO [0m:      	        'train_loss': '1.8083e+00',
[92mINFO [0m:      	        'train_time': '5.4474e+00'},
[92mINFO [0m:      	  58: { 'qtty_records': '10',
[92mINFO [0m:      	        'train_loss': '1.8326e+00',
[92mINFO [0m:      	        'train_time': '5.9768e+00'},
[92mINFO [0m:      	  59: { 'qtty_records': '9',
[92mINFO [0m:      	        'train_loss': '1.8316e+00',
[92mINFO [0m:      	        'train_time': '5.4730e+00'},
[92mINFO [0m:      	  60: { 'qtty_records': '10',
[92mINFO [0m:      	        'train_loss': '1.8075e+00',
[92mINFO [0m:      	        'train_time': '5.9621e+00'},
[92mINFO [0m:      	  61: { 'qtty_records': '9',
[92mINFO [0m:      	        'train_loss': '1.8335e+00',
[92mINFO [0m:      	        'train_time': '5.4489e+00'},
[92mINFO [0m:      	  62: { 'qtty_records': '10',
[92mINFO [0m:      	        'train_loss': '1.8387e+00',
[92mINFO [0m:      	        'train_time': '5.9635e+00'},
[92mINFO [0m:      	  63: { 'qtty_records': '9',
[92mINFO [0m:      	        'train_loss': '1.8150e+00',
[92mINFO [0m:      	        'train_time': '5.4662e+00'},
[92mINFO [0m:      	  64: { 'qtty_records': '10',
[92mINFO [0m:      	        'train_loss': '1.8022e+00',
[92mINFO [0m:      	        'train_time': '5.9638e+00'},
[92mINFO [0m:      	  65: { 'qtty_records': '9',
[92mINFO [0m:      	        'train_loss': '1.8182e+00',
[92mINFO [0m:      	        'train_time': '5.4413e+00'},
[92mINFO [0m:      	  66: { 'qtty_records': '10',
[92mINFO [0m:      	        'train_loss': '1.8084e+00',
[92mINFO [0m:      	        'train_time': '5.9688e+00'},
[92mINFO [0m:      	  67: { 'qtty_records': '9',
[92mINFO [0m:      	        'train_loss': '1.8030e+00',
[92mINFO [0m:      	        'train_time': '5.4434e+00'},
[92mINFO [0m:      	  68: { 'qtty_records': '10',
[92mINFO [0m:      	        'train_loss': '1.8008e+00',
[92mINFO [0m:      	        'train_time': '5.9799e+00'},
[92mINFO [0m:      	  69: { 'qtty_records': '9',
[92mINFO [0m:      	        'train_loss': '1.7945e+00',
[92mINFO [0m:      	        'train_time': '5.4351e+00'},
[92mINFO [0m:      	  70: { 'qtty_records': '10',
[92mINFO [0m:      	        'train_loss': '1.8129e+00',
[92mINFO [0m:      	        'train_time': '5.9601e+00'},
[92mINFO [0m:      	  71: { 'qtty_records': '9',
[92mINFO [0m:      	        'train_loss': '1.8250e+00',
[92mINFO [0m:      	        'train_time': '5.4713e+00'},
[92mINFO [0m:      	  72: { 'qtty_records': '10',
[92mINFO [0m:      	        'train_loss': '1.8144e+00',
[92mINFO [0m:      	        'train_time': '5.9569e+00'},
[92mINFO [0m:      	  73: { 'qtty_records': '9',
[92mINFO [0m:      	        'train_loss': '1.8096e+00',
[92mINFO [0m:      	        'train_time': '5.4687e+00'},
[92mINFO [0m:      	  74: { 'qtty_records': '10',
[92mINFO [0m:      	        'train_loss': '1.8164e+00',
[92mINFO [0m:      	        'train_time': '5.9543e+00'},
[92mINFO [0m:      	  75: { 'qtty_records': '9',
[92mINFO [0m:      	        'train_loss': '1.8078e+00',
[92mINFO [0m:      	        'train_time': '5.4407e+00'},
[92mINFO [0m:      	  76: { 'qtty_records': '10',
[92mINFO [0m:      	        'train_loss': '1.8119e+00',
[92mINFO [0m:      	        'train_time': '5.9523e+00'},
[92mINFO [0m:      	  77: { 'qtty_records': '9',
[92mINFO [0m:      	        'train_loss': '1.8011e+00',
[92mINFO [0m:      	        'train_time': '5.4672e+00'},
[92mINFO [0m:      	  78: { 'qtty_records': '10',
[92mINFO [0m:      	        'train_loss': '1.8121e+00',
[92mINFO [0m:      	        'train_time': '5.9642e+00'},
[92mINFO [0m:      	  79: { 'qtty_records': '9',
[92mINFO [0m:      	        'train_loss': '1.8029e+00',
[92mINFO [0m:      	        'train_time': '5.4636e+00'},
[92mINFO [0m:      	  80: { 'qtty_records': '10',
[92mINFO [0m:      	        'train_loss': '1.8124e+00',
[92mINFO [0m:      	        'train_time': '5.9592e+00'},
[92mINFO [0m:      	  81: { 'qtty_records': '9',
[92mINFO [0m:      	        'train_loss': '1.8171e+00',
[92mINFO [0m:      	        'train_time': '5.4595e+00'},
[92mINFO [0m:      	  82: { 'qtty_records': '10',
[92mINFO [0m:      	        'train_loss': '1.8121e+00',
[92mINFO [0m:      	        'train_time': '5.9695e+00'},
[92mINFO [0m:      	  83: { 'qtty_records': '9',
[92mINFO [0m:      	        'train_loss': '1.8099e+00',
[92mINFO [0m:      	        'train_time': '5.4580e+00'},
[92mINFO [0m:      	  84: { 'qtty_records': '10',
[92mINFO [0m:      	        'train_loss': '1.8002e+00',
[92mINFO [0m:      	        'train_time': '5.9610e+00'},
[92mINFO [0m:      	  85: { 'qtty_records': '9',
[92mINFO [0m:      	        'train_loss': '1.7962e+00',
[92mINFO [0m:      	        'train_time': '5.4478e+00'},
[92mINFO [0m:      	  86: { 'qtty_records': '10',
[92mINFO [0m:      	        'train_loss': '1.8195e+00',
[92mINFO [0m:      	        'train_time': '5.9603e+00'},
[92mINFO [0m:      	  87: { 'qtty_records': '9',
[92mINFO [0m:      	        'train_loss': '1.8236e+00',
[92mINFO [0m:      	        'train_time': '5.4715e+00'},
[92mINFO [0m:      	  88: { 'qtty_records': '10',
[92mINFO [0m:      	        'train_loss': '1.8423e+00',
[92mINFO [0m:      	        'train_time': '5.9635e+00'},
[92mINFO [0m:      	  89: { 'qtty_records': '9',
[92mINFO [0m:      	        'train_loss': '1.8132e+00',
[92mINFO [0m:      	        'train_time': '5.4378e+00'},
[92mINFO [0m:      	  90: { 'qtty_records': '10',
[92mINFO [0m:      	        'train_loss': '1.8108e+00',
[92mINFO [0m:      	        'train_time': '5.9581e+00'},
[92mINFO [0m:      	  91: { 'qtty_records': '9',
[92mINFO [0m:      	        'train_loss': '1.7830e+00',
[92mINFO [0m:      	        'train_time': '5.4724e+00'},
[92mINFO [0m:      	  92: { 'qtty_records': '10',
[92mINFO [0m:      	        'train_loss': '1.8321e+00',
[92mINFO [0m:      	        'train_time': '5.9686e+00'},
[92mINFO [0m:      	  93: { 'qtty_records': '9',
[92mINFO [0m:      	        'train_loss': '1.8301e+00',
[92mINFO [0m:      	        'train_time': '5.4504e+00'},
[92mINFO [0m:      	  94: { 'qtty_records': '10',
[92mINFO [0m:      	        'train_loss': '1.8004e+00',
[92mINFO [0m:      	        'train_time': '5.9802e+00'},
[92mINFO [0m:      	  95: { 'qtty_records': '9',
[92mINFO [0m:      	        'train_loss': '1.8053e+00',
[92mINFO [0m:      	        'train_time': '5.4538e+00'},
[92mINFO [0m:      	  96: { 'qtty_records': '10',
[92mINFO [0m:      	        'train_loss': '1.8151e+00',
[92mINFO [0m:      	        'train_time': '5.9682e+00'},
[92mINFO [0m:      	  97: { 'qtty_records': '9',
[92mINFO [0m:      	        'train_loss': '1.8458e+00',
[92mINFO [0m:      	        'train_time': '5.4515e+00'},
[92mINFO [0m:      	  98: { 'qtty_records': '10',
[92mINFO [0m:      	        'train_loss': '1.7997e+00',
[92mINFO [0m:      	        'train_time': '5.9652e+00'},
[92mINFO [0m:      	  99: { 'qtty_records': '9',
[92mINFO [0m:      	        'train_loss': '1.8089e+00',
[92mINFO [0m:      	        'train_time': '5.4466e+00'},
[92mINFO [0m:      	  100: { 'qtty_records': '10',
[92mINFO [0m:      	         'train_loss': '1.8189e+00',
[92mINFO [0m:      	         'train_time': '5.9629e+00'}}
[92mINFO [0m:      	
[92mINFO [0m:      	Aggregated ClientApp-side Evaluate Metrics:
[92mINFO [0m:      	{ 1: { 'eval_acc': '9.4200e-02',
[92mINFO [0m:      	       'eval_loss': '2.3552e+00',
[92mINFO [0m:      	       'time': '5.6566e+01'},
[92mINFO [0m:      	  2: { 'eval_acc': '2.0410e-01',
[92mINFO [0m:      	       'eval_loss': '2.1192e+00',
[92mINFO [0m:      	       'time': '6.3730e+01'},
[92mINFO [0m:      	  3: { 'eval_acc': '2.0450e-01',
[92mINFO [0m:      	       'eval_loss': '2.0793e+00',
[92mINFO [0m:      	       'time': '7.0766e+01'},
[92mINFO [0m:      	  4: { 'eval_acc': '2.4610e-01',
[92mINFO [0m:      	       'eval_loss': '2.0021e+00',
[92mINFO [0m:      	       'time': '7.7833e+01'},
[92mINFO [0m:      	  5: { 'eval_acc': '2.4930e-01',
[92mINFO [0m:      	       'eval_loss': '1.9899e+00',
[92mINFO [0m:      	       'time': '8.4992e+01'},
[92mINFO [0m:      	  6: { 'eval_acc': '2.4990e-01',
[92mINFO [0m:      	       'eval_loss': '1.9820e+00',
[92mINFO [0m:      	       'time': '9.2162e+01'},
[92mINFO [0m:      	  7: { 'eval_acc': '2.4720e-01',
[92mINFO [0m:      	       'eval_loss': '1.9465e+00',
[92mINFO [0m:      	       'time': '9.9216e+01'},
[92mINFO [0m:      	  8: { 'eval_acc': '2.6990e-01',
[92mINFO [0m:      	       'eval_loss': '1.9188e+00',
[92mINFO [0m:      	       'time': '1.0668e+02'},
[92mINFO [0m:      	  9: { 'eval_acc': '2.9910e-01',
[92mINFO [0m:      	       'eval_loss': '1.8845e+00',
[92mINFO [0m:      	       'time': '1.1374e+02'},
[92mINFO [0m:      	  10: { 'eval_acc': '2.5570e-01',
[92mINFO [0m:      	        'eval_loss': '1.9555e+00',
[92mINFO [0m:      	        'time': '1.2090e+02'},
[92mINFO [0m:      	  11: { 'eval_acc': '2.9640e-01',
[92mINFO [0m:      	        'eval_loss': '1.8944e+00',
[92mINFO [0m:      	        'time': '1.2793e+02'},
[92mINFO [0m:      	  12: { 'eval_acc': '3.1470e-01',
[92mINFO [0m:      	        'eval_loss': '1.8616e+00',
[92mINFO [0m:      	        'time': '1.3509e+02'},
[92mINFO [0m:      	  13: { 'eval_acc': '2.8550e-01',
[92mINFO [0m:      	        'eval_loss': '1.8881e+00',
[92mINFO [0m:      	        'time': '1.4225e+02'},
[92mINFO [0m:      	  14: { 'eval_acc': '3.1790e-01',
[92mINFO [0m:      	        'eval_loss': '1.8678e+00',
[92mINFO [0m:      	        'time': '1.4932e+02'},
[92mINFO [0m:      	  15: { 'eval_acc': '3.0940e-01',
[92mINFO [0m:      	        'eval_loss': '1.8574e+00',
[92mINFO [0m:      	        'time': '1.5645e+02'},
[92mINFO [0m:      	  16: { 'eval_acc': '3.0170e-01',
[92mINFO [0m:      	        'eval_loss': '1.8929e+00',
[92mINFO [0m:      	        'time': '1.6351e+02'},
[92mINFO [0m:      	  17: { 'eval_acc': '3.1360e-01',
[92mINFO [0m:      	        'eval_loss': '1.8567e+00',
[92mINFO [0m:      	        'time': '1.7057e+02'},
[92mINFO [0m:      	  18: { 'eval_acc': '3.3540e-01',
[92mINFO [0m:      	        'eval_loss': '1.8110e+00',
[92mINFO [0m:      	        'time': '1.7773e+02'},
[92mINFO [0m:      	  19: { 'eval_acc': '3.3910e-01',
[92mINFO [0m:      	        'eval_loss': '1.8254e+00',
[92mINFO [0m:      	        'time': '1.8479e+02'},
[92mINFO [0m:      	  20: { 'eval_acc': '3.3440e-01',
[92mINFO [0m:      	        'eval_loss': '1.8178e+00',
[92mINFO [0m:      	        'time': '1.9185e+02'},
[92mINFO [0m:      	  21: { 'eval_acc': '3.1450e-01',
[92mINFO [0m:      	        'eval_loss': '1.8409e+00',
[92mINFO [0m:      	        'time': '1.9901e+02'},
[92mINFO [0m:      	  22: { 'eval_acc': '3.1880e-01',
[92mINFO [0m:      	        'eval_loss': '1.8607e+00',
[92mINFO [0m:      	        'time': '2.0619e+02'},
[92mINFO [0m:      	  23: { 'eval_acc': '3.2740e-01',
[92mINFO [0m:      	        'eval_loss': '1.8487e+00',
[92mINFO [0m:      	        'time': '2.1322e+02'},
[92mINFO [0m:      	  24: { 'eval_acc': '3.3120e-01',
[92mINFO [0m:      	        'eval_loss': '1.8447e+00',
[92mINFO [0m:      	        'time': '2.2037e+02'},
[92mINFO [0m:      	  25: { 'eval_acc': '3.4070e-01',
[92mINFO [0m:      	        'eval_loss': '1.8045e+00',
[92mINFO [0m:      	        'time': '2.2741e+02'},
[92mINFO [0m:      	  26: { 'eval_acc': '3.2640e-01',
[92mINFO [0m:      	        'eval_loss': '1.8386e+00',
[92mINFO [0m:      	        'time': '2.3457e+02'},
[92mINFO [0m:      	  27: { 'eval_acc': '3.2930e-01',
[92mINFO [0m:      	        'eval_loss': '1.8038e+00',
[92mINFO [0m:      	        'time': '2.4162e+02'},
[92mINFO [0m:      	  28: { 'eval_acc': '3.2730e-01',
[92mINFO [0m:      	        'eval_loss': '1.8235e+00',
[92mINFO [0m:      	        'time': '2.4878e+02'},
[92mINFO [0m:      	  29: { 'eval_acc': '3.4010e-01',
[92mINFO [0m:      	        'eval_loss': '1.8031e+00',
[92mINFO [0m:      	        'time': '2.5594e+02'},
[92mINFO [0m:      	  30: { 'eval_acc': '3.4040e-01',
[92mINFO [0m:      	        'eval_loss': '1.8262e+00',
[92mINFO [0m:      	        'time': '2.6301e+02'},
[92mINFO [0m:      	  31: { 'eval_acc': '3.2760e-01',
[92mINFO [0m:      	        'eval_loss': '1.8119e+00',
[92mINFO [0m:      	        'time': '2.7006e+02'},
[92mINFO [0m:      	  32: { 'eval_acc': '3.2060e-01',
[92mINFO [0m:      	        'eval_loss': '1.8477e+00',
[92mINFO [0m:      	        'time': '2.7722e+02'},
[92mINFO [0m:      	  33: { 'eval_acc': '3.2740e-01',
[92mINFO [0m:      	        'eval_loss': '1.8069e+00',
[92mINFO [0m:      	        'time': '2.8429e+02'},
[92mINFO [0m:      	  34: { 'eval_acc': '3.4660e-01',
[92mINFO [0m:      	        'eval_loss': '1.8103e+00',
[92mINFO [0m:      	        'time': '2.9135e+02'},
[92mINFO [0m:      	  35: { 'eval_acc': '3.3490e-01',
[92mINFO [0m:      	        'eval_loss': '1.8207e+00',
[92mINFO [0m:      	        'time': '2.9848e+02'},
[92mINFO [0m:      	  36: { 'eval_acc': '3.4380e-01',
[92mINFO [0m:      	        'eval_loss': '1.8235e+00',
[92mINFO [0m:      	        'time': '3.0552e+02'},
[92mINFO [0m:      	  37: { 'eval_acc': '3.3870e-01',
[92mINFO [0m:      	        'eval_loss': '1.8113e+00',
[92mINFO [0m:      	        'time': '3.1255e+02'},
[92mINFO [0m:      	  38: { 'eval_acc': '3.5500e-01',
[92mINFO [0m:      	        'eval_loss': '1.7756e+00',
[92mINFO [0m:      	        'time': '3.1960e+02'},
[92mINFO [0m:      	  39: { 'eval_acc': '3.5130e-01',
[92mINFO [0m:      	        'eval_loss': '1.7999e+00',
[92mINFO [0m:      	        'time': '3.2677e+02'},
[92mINFO [0m:      	  40: { 'eval_acc': '3.4060e-01',
[92mINFO [0m:      	        'eval_loss': '1.7961e+00',
[92mINFO [0m:      	        'time': '3.3383e+02'},
[92mINFO [0m:      	  41: { 'eval_acc': '3.2560e-01',
[92mINFO [0m:      	        'eval_loss': '1.8229e+00',
[92mINFO [0m:      	        'time': '3.4090e+02'},
[92mINFO [0m:      	  42: { 'eval_acc': '3.5290e-01',
[92mINFO [0m:      	        'eval_loss': '1.8005e+00',
[92mINFO [0m:      	        'time': '3.4806e+02'},
[92mINFO [0m:      	  43: { 'eval_acc': '3.5110e-01',
[92mINFO [0m:      	        'eval_loss': '1.8129e+00',
[92mINFO [0m:      	        'time': '3.5512e+02'},
[92mINFO [0m:      	  44: { 'eval_acc': '3.4910e-01',
[92mINFO [0m:      	        'eval_loss': '1.7863e+00',
[92mINFO [0m:      	        'time': '3.6228e+02'},
[92mINFO [0m:      	  45: { 'eval_acc': '3.4110e-01',
[92mINFO [0m:      	        'eval_loss': '1.8127e+00',
[92mINFO [0m:      	        'time': '3.6933e+02'},
[92mINFO [0m:      	  46: { 'eval_acc': '3.5180e-01',
[92mINFO [0m:      	        'eval_loss': '1.7798e+00',
[92mINFO [0m:      	        'time': '3.7639e+02'},
[92mINFO [0m:      	  47: { 'eval_acc': '3.5720e-01',
[92mINFO [0m:      	        'eval_loss': '1.7845e+00',
[92mINFO [0m:      	        'time': '3.8345e+02'},
[92mINFO [0m:      	  48: { 'eval_acc': '3.3700e-01',
[92mINFO [0m:      	        'eval_loss': '1.8094e+00',
[92mINFO [0m:      	        'time': '3.9062e+02'},
[92mINFO [0m:      	  49: { 'eval_acc': '3.4920e-01',
[92mINFO [0m:      	        'eval_loss': '1.8002e+00',
[92mINFO [0m:      	        'time': '3.9765e+02'},
[92mINFO [0m:      	  50: { 'eval_acc': '3.5370e-01',
[92mINFO [0m:      	        'eval_loss': '1.7901e+00',
[92mINFO [0m:      	        'time': '4.0481e+02'},
[92mINFO [0m:      	  51: { 'eval_acc': '3.5250e-01',
[92mINFO [0m:      	        'eval_loss': '1.7852e+00',
[92mINFO [0m:      	        'time': '4.1185e+02'},
[92mINFO [0m:      	  52: { 'eval_acc': '3.5220e-01',
[92mINFO [0m:      	        'eval_loss': '1.8065e+00',
[92mINFO [0m:      	        'time': '4.1902e+02'},
[92mINFO [0m:      	  53: { 'eval_acc': '3.4590e-01',
[92mINFO [0m:      	        'eval_loss': '1.7909e+00',
[92mINFO [0m:      	        'time': '4.2617e+02'},
[92mINFO [0m:      	  54: { 'eval_acc': '3.5360e-01',
[92mINFO [0m:      	        'eval_loss': '1.7882e+00',
[92mINFO [0m:      	        'time': '4.3324e+02'},
[92mINFO [0m:      	  55: { 'eval_acc': '3.4390e-01',
[92mINFO [0m:      	        'eval_loss': '1.8040e+00',
[92mINFO [0m:      	        'time': '4.4037e+02'},
[92mINFO [0m:      	  56: { 'eval_acc': '3.4270e-01',
[92mINFO [0m:      	        'eval_loss': '1.8013e+00',
[92mINFO [0m:      	        'time': '4.4743e+02'},
[92mINFO [0m:      	  57: { 'eval_acc': '3.4280e-01',
[92mINFO [0m:      	        'eval_loss': '1.8056e+00',
[92mINFO [0m:      	        'time': '4.5457e+02'},
[92mINFO [0m:      	  58: { 'eval_acc': '3.4930e-01',
[92mINFO [0m:      	        'eval_loss': '1.7968e+00',
[92mINFO [0m:      	        'time': '4.6174e+02'},
[92mINFO [0m:      	  59: { 'eval_acc': '3.3250e-01',
[92mINFO [0m:      	        'eval_loss': '1.8164e+00',
[92mINFO [0m:      	        'time': '4.6881e+02'},
[92mINFO [0m:      	  60: { 'eval_acc': '3.5810e-01',
[92mINFO [0m:      	        'eval_loss': '1.7840e+00',
[92mINFO [0m:      	        'time': '4.7587e+02'},
[92mINFO [0m:      	  61: { 'eval_acc': '3.3220e-01',
[92mINFO [0m:      	        'eval_loss': '1.8370e+00',
[92mINFO [0m:      	        'time': '4.8303e+02'},
[92mINFO [0m:      	  62: { 'eval_acc': '3.5160e-01',
[92mINFO [0m:      	        'eval_loss': '1.7859e+00',
[92mINFO [0m:      	        'time': '4.9021e+02'},
[92mINFO [0m:      	  63: { 'eval_acc': '3.5480e-01',
[92mINFO [0m:      	        'eval_loss': '1.7943e+00',
[92mINFO [0m:      	        'time': '4.9725e+02'},
[92mINFO [0m:      	  64: { 'eval_acc': '3.5320e-01',
[92mINFO [0m:      	        'eval_loss': '1.7897e+00',
[92mINFO [0m:      	        'time': '5.0431e+02'},
[92mINFO [0m:      	  65: { 'eval_acc': '3.4420e-01',
[92mINFO [0m:      	        'eval_loss': '1.7890e+00',
[92mINFO [0m:      	        'time': '5.1148e+02'},
[92mINFO [0m:      	  66: { 'eval_acc': '3.5280e-01',
[92mINFO [0m:      	        'eval_loss': '1.8087e+00',
[92mINFO [0m:      	        'time': '5.1854e+02'},
[92mINFO [0m:      	  67: { 'eval_acc': '3.4500e-01',
[92mINFO [0m:      	        'eval_loss': '1.7808e+00',
[92mINFO [0m:      	        'time': '5.2567e+02'},
[92mINFO [0m:      	  68: { 'eval_acc': '3.6140e-01',
[92mINFO [0m:      	        'eval_loss': '1.7756e+00',
[92mINFO [0m:      	        'time': '5.3274e+02'},
[92mINFO [0m:      	  69: { 'eval_acc': '3.6120e-01',
[92mINFO [0m:      	        'eval_loss': '1.7809e+00',
[92mINFO [0m:      	        'time': '5.3987e+02'},
[92mINFO [0m:      	  70: { 'eval_acc': '3.5420e-01',
[92mINFO [0m:      	        'eval_loss': '1.8079e+00',
[92mINFO [0m:      	        'time': '5.4704e+02'},
[92mINFO [0m:      	  71: { 'eval_acc': '3.3890e-01',
[92mINFO [0m:      	        'eval_loss': '1.8133e+00',
[92mINFO [0m:      	        'time': '5.5409e+02'},
[92mINFO [0m:      	  72: { 'eval_acc': '3.4710e-01',
[92mINFO [0m:      	        'eval_loss': '1.7660e+00',
[92mINFO [0m:      	        'time': '5.6126e+02'},
[92mINFO [0m:      	  73: { 'eval_acc': '3.5630e-01',
[92mINFO [0m:      	        'eval_loss': '1.7848e+00',
[92mINFO [0m:      	        'time': '5.6842e+02'},
[92mINFO [0m:      	  74: { 'eval_acc': '3.5040e-01',
[92mINFO [0m:      	        'eval_loss': '1.7903e+00',
[92mINFO [0m:      	        'time': '5.7548e+02'},
[92mINFO [0m:      	  75: { 'eval_acc': '3.5090e-01',
[92mINFO [0m:      	        'eval_loss': '1.7791e+00',
[92mINFO [0m:      	        'time': '5.8262e+02'},
[92mINFO [0m:      	  76: { 'eval_acc': '3.3810e-01',
[92mINFO [0m:      	        'eval_loss': '1.7926e+00',
[92mINFO [0m:      	        'time': '5.8979e+02'},
[92mINFO [0m:      	  77: { 'eval_acc': '3.4690e-01',
[92mINFO [0m:      	        'eval_loss': '1.8052e+00',
[92mINFO [0m:      	        'time': '5.9683e+02'},
[92mINFO [0m:      	  78: { 'eval_acc': '3.4770e-01',
[92mINFO [0m:      	        'eval_loss': '1.7784e+00',
[92mINFO [0m:      	        'time': '6.0399e+02'},
[92mINFO [0m:      	  79: { 'eval_acc': '3.4500e-01',
[92mINFO [0m:      	        'eval_loss': '1.8094e+00',
[92mINFO [0m:      	        'time': '6.1102e+02'},
[92mINFO [0m:      	  80: { 'eval_acc': '3.6070e-01',
[92mINFO [0m:      	        'eval_loss': '1.7859e+00',
[92mINFO [0m:      	        'time': '6.1819e+02'},
[92mINFO [0m:      	  81: { 'eval_acc': '3.5980e-01',
[92mINFO [0m:      	        'eval_loss': '1.7779e+00',
[92mINFO [0m:      	        'time': '6.2535e+02'},
[92mINFO [0m:      	  82: { 'eval_acc': '3.5090e-01',
[92mINFO [0m:      	        'eval_loss': '1.8158e+00',
[92mINFO [0m:      	        'time': '6.3241e+02'},
[92mINFO [0m:      	  83: { 'eval_acc': '3.4870e-01',
[92mINFO [0m:      	        'eval_loss': '1.7771e+00',
[92mINFO [0m:      	        'time': '6.3957e+02'},
[92mINFO [0m:      	  84: { 'eval_acc': '3.5600e-01',
[92mINFO [0m:      	        'eval_loss': '1.7881e+00',
[92mINFO [0m:      	        'time': '6.4674e+02'},
[92mINFO [0m:      	  85: { 'eval_acc': '3.4290e-01',
[92mINFO [0m:      	        'eval_loss': '1.7989e+00',
[92mINFO [0m:      	        'time': '6.5379e+02'},
[92mINFO [0m:      	  86: { 'eval_acc': '3.4570e-01',
[92mINFO [0m:      	        'eval_loss': '1.8129e+00',
[92mINFO [0m:      	        'time': '6.6096e+02'},
[92mINFO [0m:      	  87: { 'eval_acc': '3.4280e-01',
[92mINFO [0m:      	        'eval_loss': '1.8162e+00',
[92mINFO [0m:      	        'time': '6.6812e+02'},
[92mINFO [0m:      	  88: { 'eval_acc': '3.5000e-01',
[92mINFO [0m:      	        'eval_loss': '1.7934e+00',
[92mINFO [0m:      	        'time': '6.7519e+02'},
[92mINFO [0m:      	  89: { 'eval_acc': '3.3890e-01',
[92mINFO [0m:      	        'eval_loss': '1.8165e+00',
[92mINFO [0m:      	        'time': '6.8224e+02'},
[92mINFO [0m:      	  90: { 'eval_acc': '3.6220e-01',
[92mINFO [0m:      	        'eval_loss': '1.7722e+00',
[92mINFO [0m:      	        'time': '6.8941e+02'},
[92mINFO [0m:      	  91: { 'eval_acc': '3.5660e-01',
[92mINFO [0m:      	        'eval_loss': '1.7586e+00',
[92mINFO [0m:      	        'time': '6.9648e+02'},
[92mINFO [0m:      	  92: { 'eval_acc': '3.3180e-01',
[92mINFO [0m:      	        'eval_loss': '1.8187e+00',
[92mINFO [0m:      	        'time': '7.0364e+02'},
[92mINFO [0m:      	  93: { 'eval_acc': '3.5170e-01',
[92mINFO [0m:      	        'eval_loss': '1.7973e+00',
[92mINFO [0m:      	        'time': '7.1080e+02'},
[92mINFO [0m:      	  94: { 'eval_acc': '3.4860e-01',
[92mINFO [0m:      	        'eval_loss': '1.7727e+00',
[92mINFO [0m:      	        'time': '7.1798e+02'},
[92mINFO [0m:      	  95: { 'eval_acc': '3.5520e-01',
[92mINFO [0m:      	        'eval_loss': '1.7947e+00',
[92mINFO [0m:      	        'time': '7.2505e+02'},
[92mINFO [0m:      	  96: { 'eval_acc': '3.5000e-01',
[92mINFO [0m:      	        'eval_loss': '1.8039e+00',
[92mINFO [0m:      	        'time': '7.3211e+02'},
[92mINFO [0m:      	  97: { 'eval_acc': '3.4140e-01',
[92mINFO [0m:      	        'eval_loss': '1.8139e+00',
[92mINFO [0m:      	        'time': '7.3928e+02'},
[92mINFO [0m:      	  98: { 'eval_acc': '3.5580e-01',
[92mINFO [0m:      	        'eval_loss': '1.7910e+00',
[92mINFO [0m:      	        'time': '7.4645e+02'},
[92mINFO [0m:      	  99: { 'eval_acc': '3.4600e-01',
[92mINFO [0m:      	        'eval_loss': '1.7921e+00',
[92mINFO [0m:      	        'time': '7.5358e+02'},
[92mINFO [0m:      	  100: { 'eval_acc': '3.4440e-01',
[92mINFO [0m:      	         'eval_loss': '1.8237e+00',
[92mINFO [0m:      	         'time': '7.6075e+02'}}
[92mINFO [0m:      	
[92mINFO [0m:      	ServerApp-side Evaluate Metrics:
[92mINFO [0m:      	{}
[92mINFO [0m:      
[92mINFO [0m:      CSV saved: results/cifar10/8/FedSaSync_fs1_m8.csv
[36m(ClientAppActor pid=1571589)[0m [2026-05-20 02:52:37,714 E 1571589 1572342] core_worker_process.cc:825: Failed to establish connection to the metrics exporter agent. Metrics will not be exported. Exporter agent status: RpcError: Running out of retries to initialize the metrics agent. rpc_code: 14[32m [repeated 15x across cluster][0m
[92mINFO [0m:      
