fs=1 m=8 i=10
Starting local SuperLink on 127.0.0.1:39093...
⚠️ Warning: `options.` fields in the SuperLink connection configuration are deprecated. Use `--federation-config` with `flwr run` instead. Alternatively, permanently set your simulation configuration via `flwr federation simulation-config`.
🎊 Successfully started run 11749513513726674596
[92mINFO [0m:      Starting Flower Simulation
Successfully installed fedsasync to /tmp/Victor-Hidalgo-1436506-79-0/.flwr/apps/flwrlabs.fedsasync.1.0.0.f4a93b94.
[92mINFO [0m:      Starting FedSaSync strategy:
[92mINFO [0m:      	├── Number of rounds: 100
[92mINFO [0m:      	├── ArrayRecord (0.24 MB)
[92mINFO [0m:      	├── ConfigRecord (train): (empty!)
[92mINFO [0m:      	├── ConfigRecord (evaluate): (empty!)
[92mINFO [0m:      	├──> Sampling:
[92mINFO [0m:      	│	├──Fraction: train (1.00) | evaluate ( 1.00)
[92mINFO [0m:      	│	├──Minimum nodes: train (2) | evaluate (2)
[92mINFO [0m:      	│	└──Minimum available nodes: 2
[92mINFO [0m:      	└──> Keys in records:
[92mINFO [0m:      		├── Weighted by: 'num-examples'
[92mINFO [0m:      		├── ArrayRecord key: 'arrays'
[92mINFO [0m:      		└── ConfigRecord key: 'config'
[92mINFO [0m:      
[92mINFO [0m:      
[92mINFO [0m:      [ROUND 1/100]
[92mINFO [0m:      configure_train: Sampled 10 nodes (out of 10)
/home/Victor.Hidalgo/.pyenv/versions/3.12.12/envs/fedsasync/lib/python3.12/site-packages/ray/_private/worker.py:2051: FutureWarning: Tip: In future versions of Ray, Ray will no longer override accelerator visible devices env var if num_gpus=0 or num_gpus=None (default). To enable this behavior and turn off this error message, set RAY_ACCEL_ENV_VAR_OVERRIDE_ON_ZERO=0
  warnings.warn(
[36m(ClientAppActor pid=2616740)[0m Warning: You are sending unauthenticated requests to the HF Hub. Please set a HF_TOKEN to enable higher rate limits and faster downloads.
[92mINFO [0m:      aggregate_train: Received 9 results and 0 failures
[92mINFO [0m:      	└──> Aggregated MetricRecord: {'train_loss': 2.2210006755193072, 'train_time': 7.328769484948781, 'qtty_records': 9}
[92mINFO [0m:      configure_evaluate: Sampled 10 nodes (out of 10)
[36m(pid=gcs_server)[0m [2026-05-20 02:53:00,604 E 2615416 2615416] (gcs_server) gcs_server.cc:302: Failed to establish connection to the event+metrics exporter agent. Events and metrics will not be exported. Exporter agent status: RpcError: Running out of retries to initialize the metrics agent. rpc_code: 14
[36m(ClientAppActor pid=2616715)[0m Warning: You are sending unauthenticated requests to the HF Hub. Please set a HF_TOKEN to enable higher rate limits and faster downloads.[32m [repeated 9x across cluster] (Ray deduplicates logs by default. Set RAY_DEDUP_LOGS=0 to disable log deduplication, or see https://docs.ray.io/en/master/ray-observability/user-guides/configure-logging.html#log-deduplication for more options.)[0m
[33m(raylet)[0m [2026-05-20 02:53:02,522 E 2615692 2615692] (raylet) main.cc:975: Failed to establish connection to the metrics exporter agent. Metrics will not be exported. Exporter agent status: RpcError: Running out of retries to initialize the metrics agent. rpc_code: 14
[92mINFO [0m:      aggregate_evaluate: Received 10 results and 0 failures
[92mINFO [0m:      	└──> Aggregated MetricRecord: {'eval_loss': 2.4074006833136083, 'eval_acc': 0.10290000000000002, 'time': 50.24169683456421}
[92mINFO [0m:      
[92mINFO [0m:      [ROUND 2/100]
[92mINFO [0m:      configure_train: Sampled 9 nodes (out of 10)
[36m(ClientAppActor pid=2616707)[0m [2026-05-20 02:53:06,382 E 2616707 2616897] core_worker_process.cc:825: Failed to establish connection to the metrics exporter agent. Metrics will not be exported. Exporter agent status: RpcError: Running out of retries to initialize the metrics agent. rpc_code: 14
[36m(ClientAppActor pid=2616712)[0m Warning: You are sending unauthenticated requests to the HF Hub. Please set a HF_TOKEN to enable higher rate limits and faster downloads.
[92mINFO [0m:      aggregate_train: Received 10 results and 0 failures
[92mINFO [0m:      	└──> Aggregated MetricRecord: {'train_loss': 2.1562358567237854, 'train_time': 6.160797596536577, 'qtty_records': 10}
[92mINFO [0m:      configure_evaluate: Sampled 10 nodes (out of 10)
[92mINFO [0m:      aggregate_evaluate: Received 10 results and 0 failures
[92mINFO [0m:      	└──> Aggregated MetricRecord: {'eval_loss': 2.3251715183258055, 'eval_acc': 0.1058, 'time': 57.30539560317993}
[92mINFO [0m:      
[92mINFO [0m:      [ROUND 3/100]
[92mINFO [0m:      configure_train: Sampled 10 nodes (out of 10)
[92mINFO [0m:      aggregate_train: Received 9 results and 0 failures
[92mINFO [0m:      	└──> Aggregated MetricRecord: {'train_loss': 2.1095607744852702, 'train_time': 5.448767775876655, 'qtty_records': 9}
[92mINFO [0m:      configure_evaluate: Sampled 10 nodes (out of 10)
[92mINFO [0m:      aggregate_evaluate: Received 10 results and 0 failures
[92mINFO [0m:      	└──> Aggregated MetricRecord: {'eval_loss': 2.2068830236792567, 'eval_acc': 0.18000000000000002, 'time': 64.7887020111084}
[92mINFO [0m:      
[92mINFO [0m:      [ROUND 4/100]
[92mINFO [0m:      configure_train: Sampled 9 nodes (out of 10)
[92mINFO [0m:      aggregate_train: Received 10 results and 0 failures
[92mINFO [0m:      	└──> Aggregated MetricRecord: {'train_loss': 2.0679566614151, 'train_time': 5.990354134887457, 'qtty_records': 10}
[92mINFO [0m:      configure_evaluate: Sampled 10 nodes (out of 10)
[92mINFO [0m:      aggregate_evaluate: Received 10 results and 0 failures
[92mINFO [0m:      	└──> Aggregated MetricRecord: {'eval_loss': 2.1462864302098756, 'eval_acc': 0.1666, 'time': 71.84883666038513}
[92mINFO [0m:      
[92mINFO [0m:      [ROUND 5/100]
[92mINFO [0m:      configure_train: Sampled 10 nodes (out of 10)
[92mINFO [0m:      aggregate_train: Received 9 results and 0 failures
[92mINFO [0m:      	└──> Aggregated MetricRecord: {'train_loss': 2.04668480597602, 'train_time': 5.417180104595092, 'qtty_records': 9}
[92mINFO [0m:      configure_evaluate: Sampled 10 nodes (out of 10)
[92mINFO [0m:      aggregate_evaluate: Received 10 results and 0 failures
[92mINFO [0m:      	└──> Aggregated MetricRecord: {'eval_loss': 2.1652417331933975, 'eval_acc': 0.18560000000000001, 'time': 78.9828839302063}
[92mINFO [0m:      
[92mINFO [0m:      [ROUND 6/100]
[92mINFO [0m:      configure_train: Sampled 9 nodes (out of 10)
[92mINFO [0m:      aggregate_train: Received 10 results and 0 failures
[92mINFO [0m:      	└──> Aggregated MetricRecord: {'train_loss': 2.0111034427642824, 'train_time': 5.972082107514143, 'qtty_records': 10}
[92mINFO [0m:      configure_evaluate: Sampled 10 nodes (out of 10)
[92mINFO [0m:      aggregate_evaluate: Received 10 results and 0 failures
[92mINFO [0m:      	└──> Aggregated MetricRecord: {'eval_loss': 2.0866972200572493, 'eval_acc': 0.2259, 'time': 86.0432333946228}
[92mINFO [0m:      
[92mINFO [0m:      [ROUND 7/100]
[92mINFO [0m:      configure_train: Sampled 10 nodes (out of 10)
[92mINFO [0m:      aggregate_train: Received 9 results and 0 failures
[92mINFO [0m:      	└──> Aggregated MetricRecord: {'train_loss': 1.9953604445987274, 'train_time': 5.434939775615931, 'qtty_records': 9}
[92mINFO [0m:      configure_evaluate: Sampled 10 nodes (out of 10)
[92mINFO [0m:      aggregate_evaluate: Received 10 results and 0 failures
[92mINFO [0m:      	└──> Aggregated MetricRecord: {'eval_loss': 2.0435164935886863, 'eval_acc': 0.23470000000000002, 'time': 93.17592525482178}
[92mINFO [0m:      
[92mINFO [0m:      [ROUND 8/100]
[92mINFO [0m:      configure_train: Sampled 9 nodes (out of 10)
[92mINFO [0m:      aggregate_train: Received 10 results and 0 failures
[92mINFO [0m:      	└──> Aggregated MetricRecord: {'train_loss': 1.9684531051635743, 'train_time': 5.950993965379894, 'qtty_records': 10}
[92mINFO [0m:      configure_evaluate: Sampled 10 nodes (out of 10)
[92mINFO [0m:      aggregate_evaluate: Received 10 results and 0 failures
[92mINFO [0m:      	└──> Aggregated MetricRecord: {'eval_loss': 2.0059950042515995, 'eval_acc': 0.25850000000000006, 'time': 100.21076393127441}
[92mINFO [0m:      
[92mINFO [0m:      [ROUND 9/100]
[92mINFO [0m:      configure_train: Sampled 10 nodes (out of 10)
[92mINFO [0m:      aggregate_train: Received 9 results and 0 failures
[92mINFO [0m:      	└──> Aggregated MetricRecord: {'train_loss': 1.9565929391649033, 'train_time': 5.431022556498647, 'qtty_records': 9}
[92mINFO [0m:      configure_evaluate: Sampled 10 nodes (out of 10)
[92mINFO [0m:      aggregate_evaluate: Received 10 results and 0 failures
[92mINFO [0m:      	└──> Aggregated MetricRecord: {'eval_loss': 1.9754004232585434, 'eval_acc': 0.27030000000000004, 'time': 107.34562158584595}
[92mINFO [0m:      
[92mINFO [0m:      [ROUND 10/100]
[92mINFO [0m:      configure_train: Sampled 9 nodes (out of 10)
[92mINFO [0m:      aggregate_train: Received 10 results and 0 failures
[92mINFO [0m:      	└──> Aggregated MetricRecord: {'train_loss': 1.9547936756134032, 'train_time': 5.946863331086933, 'qtty_records': 10}
[92mINFO [0m:      configure_evaluate: Sampled 10 nodes (out of 10)
[92mINFO [0m:      aggregate_evaluate: Received 10 results and 0 failures
[92mINFO [0m:      	└──> Aggregated MetricRecord: {'eval_loss': 2.0181693442165853, 'eval_acc': 0.25370000000000004, 'time': 114.38454389572144}
[92mINFO [0m:      
[92mINFO [0m:      [ROUND 11/100]
[92mINFO [0m:      configure_train: Sampled 10 nodes (out of 10)
[92mINFO [0m:      aggregate_train: Received 9 results and 0 failures
[92mINFO [0m:      	└──> Aggregated MetricRecord: {'train_loss': 1.947347310596042, 'train_time': 5.429235498317414, 'qtty_records': 9}
[92mINFO [0m:      configure_evaluate: Sampled 10 nodes (out of 10)
[92mINFO [0m:      aggregate_evaluate: Received 10 results and 0 failures
[92mINFO [0m:      	└──> Aggregated MetricRecord: {'eval_loss': 1.927094653621316, 'eval_acc': 0.304, 'time': 121.52538585662842}
[92mINFO [0m:      
[92mINFO [0m:      [ROUND 12/100]
[92mINFO [0m:      configure_train: Sampled 9 nodes (out of 10)
[92mINFO [0m:      aggregate_train: Received 10 results and 0 failures
[92mINFO [0m:      	└──> Aggregated MetricRecord: {'train_loss': 1.957058784389496, 'train_time': 5.969797409512102, 'qtty_records': 10}
[92mINFO [0m:      configure_evaluate: Sampled 10 nodes (out of 10)
[92mINFO [0m:      aggregate_evaluate: Received 10 results and 0 failures
[92mINFO [0m:      	└──> Aggregated MetricRecord: {'eval_loss': 2.0034709401428703, 'eval_acc': 0.2797, 'time': 128.58677673339844}
[92mINFO [0m:      
[92mINFO [0m:      [ROUND 13/100]
[92mINFO [0m:      configure_train: Sampled 10 nodes (out of 10)
[92mINFO [0m:      aggregate_train: Received 9 results and 0 failures
[92mINFO [0m:      	└──> Aggregated MetricRecord: {'train_loss': 1.9459894035127427, 'train_time': 5.437077879491779, 'qtty_records': 9}
[92mINFO [0m:      configure_evaluate: Sampled 10 nodes (out of 10)
[92mINFO [0m:      aggregate_evaluate: Received 10 results and 0 failures
[92mINFO [0m:      	└──> Aggregated MetricRecord: {'eval_loss': 1.9481850408017636, 'eval_acc': 0.30510000000000004, 'time': 135.62149024009705}
[92mINFO [0m:      
[92mINFO [0m:      [ROUND 14/100]
[92mINFO [0m:      configure_train: Sampled 9 nodes (out of 10)
[92mINFO [0m:      aggregate_train: Received 10 results and 0 failures
[92mINFO [0m:      	└──> Aggregated MetricRecord: {'train_loss': 1.9283440262794493, 'train_time': 5.947741219960153, 'qtty_records': 10}
[92mINFO [0m:      configure_evaluate: Sampled 10 nodes (out of 10)
[92mINFO [0m:      aggregate_evaluate: Received 10 results and 0 failures
[92mINFO [0m:      	└──> Aggregated MetricRecord: {'eval_loss': 1.9425152812153104, 'eval_acc': 0.27970000000000006, 'time': 142.68514156341553}
[92mINFO [0m:      
[92mINFO [0m:      [ROUND 15/100]
[92mINFO [0m:      configure_train: Sampled 10 nodes (out of 10)
[92mINFO [0m:      aggregate_train: Received 9 results and 0 failures
[92mINFO [0m:      	└──> Aggregated MetricRecord: {'train_loss': 1.9210588802761501, 'train_time': 5.4256697928326, 'qtty_records': 9}
[92mINFO [0m:      configure_evaluate: Sampled 10 nodes (out of 10)
[92mINFO [0m:      aggregate_evaluate: Received 10 results and 0 failures
[92mINFO [0m:      	└──> Aggregated MetricRecord: {'eval_loss': 1.970401477068663, 'eval_acc': 0.2681, 'time': 149.8184564113617}
[92mINFO [0m:      
[92mINFO [0m:      [ROUND 16/100]
[92mINFO [0m:      configure_train: Sampled 9 nodes (out of 10)
[92mINFO [0m:      aggregate_train: Received 10 results and 0 failures
[92mINFO [0m:      	└──> Aggregated MetricRecord: {'train_loss': 1.9343016077041626, 'train_time': 5.951962620392441, 'qtty_records': 10}
[92mINFO [0m:      configure_evaluate: Sampled 10 nodes (out of 10)
[92mINFO [0m:      aggregate_evaluate: Received 10 results and 0 failures
[92mINFO [0m:      	└──> Aggregated MetricRecord: {'eval_loss': 1.9192398928105834, 'eval_acc': 0.2967, 'time': 156.8644027709961}
[92mINFO [0m:      
[92mINFO [0m:      [ROUND 17/100]
[92mINFO [0m:      configure_train: Sampled 10 nodes (out of 10)
[92mINFO [0m:      aggregate_train: Received 9 results and 0 failures
[92mINFO [0m:      	└──> Aggregated MetricRecord: {'train_loss': 1.9226397262149382, 'train_time': 5.42838625361522, 'qtty_records': 9}
[92mINFO [0m:      configure_evaluate: Sampled 10 nodes (out of 10)
[92mINFO [0m:      aggregate_evaluate: Received 10 results and 0 failures
[92mINFO [0m:      	└──> Aggregated MetricRecord: {'eval_loss': 1.9132972951978446, 'eval_acc': 0.3117, 'time': 163.99959087371826}
[92mINFO [0m:      
[92mINFO [0m:      [ROUND 18/100]
[92mINFO [0m:      configure_train: Sampled 9 nodes (out of 10)
[92mINFO [0m:      aggregate_train: Received 10 results and 0 failures
[92mINFO [0m:      	└──> Aggregated MetricRecord: {'train_loss': 1.9210002797126773, 'train_time': 5.963996733538806, 'qtty_records': 10}
[92mINFO [0m:      configure_evaluate: Sampled 10 nodes (out of 10)
[92mINFO [0m:      aggregate_evaluate: Received 10 results and 0 failures
[92mINFO [0m:      	└──> Aggregated MetricRecord: {'eval_loss': 1.9383422382175923, 'eval_acc': 0.30720000000000003, 'time': 171.1339340209961}
[92mINFO [0m:      
[92mINFO [0m:      [ROUND 19/100]
[92mINFO [0m:      configure_train: Sampled 10 nodes (out of 10)
[92mINFO [0m:      aggregate_train: Received 9 results and 0 failures
[92mINFO [0m:      	└──> Aggregated MetricRecord: {'train_loss': 1.920167144987318, 'train_time': 5.427321343993147, 'qtty_records': 9}
[92mINFO [0m:      configure_evaluate: Sampled 10 nodes (out of 10)
[92mINFO [0m:      aggregate_evaluate: Received 10 results and 0 failures
[92mINFO [0m:      	└──> Aggregated MetricRecord: {'eval_loss': 1.8722967684268952, 'eval_acc': 0.3326, 'time': 178.27809834480286}
[92mINFO [0m:      
[92mINFO [0m:      [ROUND 20/100]
[92mINFO [0m:      configure_train: Sampled 9 nodes (out of 10)
[92mINFO [0m:      aggregate_train: Received 10 results and 0 failures
[92mINFO [0m:      	└──> Aggregated MetricRecord: {'train_loss': 1.8972468277931214, 'train_time': 5.9468139939010145, 'qtty_records': 10}
[92mINFO [0m:      configure_evaluate: Sampled 10 nodes (out of 10)
[92mINFO [0m:      aggregate_evaluate: Received 10 results and 0 failures
[92mINFO [0m:      	└──> Aggregated MetricRecord: {'eval_loss': 1.8825286891311408, 'eval_acc': 0.3076, 'time': 185.33840823173523}
[92mINFO [0m:      
[92mINFO [0m:      [ROUND 21/100]
[92mINFO [0m:      configure_train: Sampled 10 nodes (out of 10)
[92mINFO [0m:      aggregate_train: Received 9 results and 0 failures
[92mINFO [0m:      	└──> Aggregated MetricRecord: {'train_loss': 1.8861629428863522, 'train_time': 5.427956794078152, 'qtty_records': 9}
[92mINFO [0m:      configure_evaluate: Sampled 10 nodes (out of 10)
[92mINFO [0m:      aggregate_evaluate: Received 10 results and 0 failures
[92mINFO [0m:      	└──> Aggregated MetricRecord: {'eval_loss': 1.897138720750809, 'eval_acc': 0.30670000000000003, 'time': 192.472270488739}
[92mINFO [0m:      
[92mINFO [0m:      [ROUND 22/100]
[92mINFO [0m:      configure_train: Sampled 9 nodes (out of 10)
[92mINFO [0m:      aggregate_train: Received 10 results and 0 failures
[92mINFO [0m:      	└──> Aggregated MetricRecord: {'train_loss': 1.9066285490989685, 'train_time': 5.954745016992092, 'qtty_records': 10}
[92mINFO [0m:      configure_evaluate: Sampled 10 nodes (out of 10)
[92mINFO [0m:      aggregate_evaluate: Received 10 results and 0 failures
[92mINFO [0m:      	└──> Aggregated MetricRecord: {'eval_loss': 1.9279167000204325, 'eval_acc': 0.3112000000000001, 'time': 199.5354516506195}
[92mINFO [0m:      
[92mINFO [0m:      [ROUND 23/100]
[92mINFO [0m:      configure_train: Sampled 10 nodes (out of 10)
[92mINFO [0m:      aggregate_train: Received 9 results and 0 failures
[92mINFO [0m:      	└──> Aggregated MetricRecord: {'train_loss': 1.892817710664537, 'train_time': 5.4309929342319565, 'qtty_records': 9}
[92mINFO [0m:      configure_evaluate: Sampled 10 nodes (out of 10)
[92mINFO [0m:      aggregate_evaluate: Received 10 results and 0 failures
[92mINFO [0m:      	└──> Aggregated MetricRecord: {'eval_loss': 1.8856866180896763, 'eval_acc': 0.31939999999999996, 'time': 206.56974291801453}
[92mINFO [0m:      
[92mINFO [0m:      [ROUND 24/100]
[92mINFO [0m:      configure_train: Sampled 9 nodes (out of 10)
[92mINFO [0m:      aggregate_train: Received 10 results and 0 failures
[92mINFO [0m:      	└──> Aggregated MetricRecord: {'train_loss': 1.8883299100875854, 'train_time': 5.961643937975168, 'qtty_records': 10}
[92mINFO [0m:      configure_evaluate: Sampled 10 nodes (out of 10)
[92mINFO [0m:      aggregate_evaluate: Received 10 results and 0 failures
[92mINFO [0m:      	└──> Aggregated MetricRecord: {'eval_loss': 1.8846784655004742, 'eval_acc': 0.3214, 'time': 213.60346460342407}
[92mINFO [0m:      
[92mINFO [0m:      [ROUND 25/100]
[92mINFO [0m:      configure_train: Sampled 10 nodes (out of 10)
[92mINFO [0m:      aggregate_train: Received 9 results and 0 failures
[92mINFO [0m:      	└──> Aggregated MetricRecord: {'train_loss': 1.894490926000807, 'train_time': 5.437543147760961, 'qtty_records': 9}
[92mINFO [0m:      configure_evaluate: Sampled 10 nodes (out of 10)
[92mINFO [0m:      aggregate_evaluate: Received 10 results and 0 failures
[92mINFO [0m:      	└──> Aggregated MetricRecord: {'eval_loss': 1.8712885219603779, 'eval_acc': 0.33570000000000005, 'time': 220.65785598754883}
[92mINFO [0m:      
[92mINFO [0m:      [ROUND 26/100]
[92mINFO [0m:      configure_train: Sampled 9 nodes (out of 10)
[92mINFO [0m:      aggregate_train: Received 10 results and 0 failures
[92mINFO [0m:      	└──> Aggregated MetricRecord: {'train_loss': 1.8876576515197754, 'train_time': 5.961671856418252, 'qtty_records': 10}
[92mINFO [0m:      configure_evaluate: Sampled 10 nodes (out of 10)
[92mINFO [0m:      aggregate_evaluate: Received 10 results and 0 failures
[92mINFO [0m:      	└──> Aggregated MetricRecord: {'eval_loss': 1.8809813428670168, 'eval_acc': 0.33490000000000003, 'time': 227.831800699234}
[92mINFO [0m:      
[92mINFO [0m:      [ROUND 27/100]
[92mINFO [0m:      configure_train: Sampled 10 nodes (out of 10)
[92mINFO [0m:      aggregate_train: Received 9 results and 0 failures
[92mINFO [0m:      	└──> Aggregated MetricRecord: {'train_loss': 1.8801511118147105, 'train_time': 5.439364416317807, 'qtty_records': 9}
[92mINFO [0m:      configure_evaluate: Sampled 10 nodes (out of 10)
[92mINFO [0m:      aggregate_evaluate: Received 10 results and 0 failures
[92mINFO [0m:      	└──> Aggregated MetricRecord: {'eval_loss': 1.8576974593102933, 'eval_acc': 0.3225, 'time': 234.8651294708252}
[92mINFO [0m:      
[92mINFO [0m:      [ROUND 28/100]
[92mINFO [0m:      configure_train: Sampled 9 nodes (out of 10)
[92mINFO [0m:      aggregate_train: Received 10 results and 0 failures
[92mINFO [0m:      	└──> Aggregated MetricRecord: {'train_loss': 1.8662987995147706, 'train_time': 5.9615435495972635, 'qtty_records': 10}
[92mINFO [0m:      configure_evaluate: Sampled 10 nodes (out of 10)
[92mINFO [0m:      aggregate_evaluate: Received 10 results and 0 failures
[92mINFO [0m:      	└──> Aggregated MetricRecord: {'eval_loss': 1.8169586770236492, 'eval_acc': 0.3419, 'time': 242.02734899520874}
[92mINFO [0m:      
[92mINFO [0m:      [ROUND 29/100]
[92mINFO [0m:      configure_train: Sampled 10 nodes (out of 10)
[92mINFO [0m:      aggregate_train: Received 9 results and 0 failures
[92mINFO [0m:      	└──> Aggregated MetricRecord: {'train_loss': 1.8785972386466132, 'train_time': 5.43815643630094, 'qtty_records': 9}
[92mINFO [0m:      configure_evaluate: Sampled 10 nodes (out of 10)
[92mINFO [0m:      aggregate_evaluate: Received 10 results and 0 failures
[92mINFO [0m:      	└──> Aggregated MetricRecord: {'eval_loss': 1.846765621379018, 'eval_acc': 0.32910000000000006, 'time': 249.07817816734314}
[92mINFO [0m:      
[92mINFO [0m:      [ROUND 30/100]
[92mINFO [0m:      configure_train: Sampled 9 nodes (out of 10)
[92mINFO [0m:      aggregate_train: Received 10 results and 0 failures
[92mINFO [0m:      	└──> Aggregated MetricRecord: {'train_loss': 1.8756639892578126, 'train_time': 5.966309200040996, 'qtty_records': 10}
[92mINFO [0m:      configure_evaluate: Sampled 10 nodes (out of 10)
[92mINFO [0m:      aggregate_evaluate: Received 10 results and 0 failures
[92mINFO [0m:      	└──> Aggregated MetricRecord: {'eval_loss': 1.8885764461010695, 'eval_acc': 0.3362, 'time': 256.13878870010376}
[92mINFO [0m:      
[92mINFO [0m:      [ROUND 31/100]
[92mINFO [0m:      configure_train: Sampled 10 nodes (out of 10)
[92mINFO [0m:      aggregate_train: Received 9 results and 0 failures
[92mINFO [0m:      	└──> Aggregated MetricRecord: {'train_loss': 1.8840812304814656, 'train_time': 5.434023436365856, 'qtty_records': 9}
[92mINFO [0m:      configure_evaluate: Sampled 10 nodes (out of 10)
[92mINFO [0m:      aggregate_evaluate: Received 10 results and 0 failures
[92mINFO [0m:      	└──> Aggregated MetricRecord: {'eval_loss': 1.8759870328009127, 'eval_acc': 0.33020000000000005, 'time': 263.28130888938904}
[92mINFO [0m:      
[92mINFO [0m:      [ROUND 32/100]
[92mINFO [0m:      configure_train: Sampled 9 nodes (out of 10)
[92mINFO [0m:      aggregate_train: Received 10 results and 0 failures
[92mINFO [0m:      	└──> Aggregated MetricRecord: {'train_loss': 1.8913273552894594, 'train_time': 5.97063224632293, 'qtty_records': 10}
[92mINFO [0m:      configure_evaluate: Sampled 10 nodes (out of 10)
[92mINFO [0m:      aggregate_evaluate: Received 10 results and 0 failures
[92mINFO [0m:      	└──> Aggregated MetricRecord: {'eval_loss': 1.8624874360859396, 'eval_acc': 0.34900000000000003, 'time': 270.34072256088257}
[92mINFO [0m:      
[92mINFO [0m:      [ROUND 33/100]
[92mINFO [0m:      configure_train: Sampled 10 nodes (out of 10)
[92mINFO [0m:      aggregate_train: Received 9 results and 0 failures
[92mINFO [0m:      	└──> Aggregated MetricRecord: {'train_loss': 1.8700669381883408, 'train_time': 5.430468603140778, 'qtty_records': 9}
[92mINFO [0m:      configure_evaluate: Sampled 10 nodes (out of 10)
[92mINFO [0m:      aggregate_evaluate: Received 10 results and 0 failures
[92mINFO [0m:      	└──> Aggregated MetricRecord: {'eval_loss': 1.8526212129741906, 'eval_acc': 0.33210000000000006, 'time': 277.472683429718}
[92mINFO [0m:      
[92mINFO [0m:      [ROUND 34/100]
[92mINFO [0m:      configure_train: Sampled 9 nodes (out of 10)
[92mINFO [0m:      aggregate_train: Received 10 results and 0 failures
[92mINFO [0m:      	└──> Aggregated MetricRecord: {'train_loss': 1.8840111328125002, 'train_time': 5.951321068592369, 'qtty_records': 10}
[92mINFO [0m:      configure_evaluate: Sampled 10 nodes (out of 10)
[92mINFO [0m:      aggregate_evaluate: Received 10 results and 0 failures
[92mINFO [0m:      	└──> Aggregated MetricRecord: {'eval_loss': 1.8720058664679529, 'eval_acc': 0.34040000000000004, 'time': 284.5084538459778}
[92mINFO [0m:      
[92mINFO [0m:      [ROUND 35/100]
[92mINFO [0m:      configure_train: Sampled 10 nodes (out of 10)
[92mINFO [0m:      aggregate_train: Received 9 results and 0 failures
[92mINFO [0m:      	└──> Aggregated MetricRecord: {'train_loss': 1.8660943064159816, 'train_time': 5.411554797035125, 'qtty_records': 9}
[92mINFO [0m:      configure_evaluate: Sampled 10 nodes (out of 10)
[92mINFO [0m:      aggregate_evaluate: Received 10 results and 0 failures
[92mINFO [0m:      	└──> Aggregated MetricRecord: {'eval_loss': 1.8691176354885106, 'eval_acc': 0.3538, 'time': 291.64811539649963}
[92mINFO [0m:      
[92mINFO [0m:      [ROUND 36/100]
[92mINFO [0m:      configure_train: Sampled 9 nodes (out of 10)
[92mINFO [0m:      aggregate_train: Received 10 results and 0 failures
[92mINFO [0m:      	└──> Aggregated MetricRecord: {'train_loss': 1.8632784941673282, 'train_time': 5.963973399065435, 'qtty_records': 10}
[92mINFO [0m:      configure_evaluate: Sampled 10 nodes (out of 10)
[92mINFO [0m:      aggregate_evaluate: Received 10 results and 0 failures
[92mINFO [0m:      	└──> Aggregated MetricRecord: {'eval_loss': 1.8678496774286033, 'eval_acc': 0.34140000000000004, 'time': 298.78295969963074}
[92mINFO [0m:      
[92mINFO [0m:      [ROUND 37/100]
[92mINFO [0m:      configure_train: Sampled 10 nodes (out of 10)
[92mINFO [0m:      aggregate_train: Received 9 results and 0 failures
[92mINFO [0m:      	└──> Aggregated MetricRecord: {'train_loss': 1.87227692688836, 'train_time': 5.424454561538166, 'qtty_records': 9}
[92mINFO [0m:      configure_evaluate: Sampled 10 nodes (out of 10)
[92mINFO [0m:      aggregate_evaluate: Received 10 results and 0 failures
[92mINFO [0m:      	└──> Aggregated MetricRecord: {'eval_loss': 1.8566588811576368, 'eval_acc': 0.34240000000000004, 'time': 305.9262282848358}
[92mINFO [0m:      
[92mINFO [0m:      [ROUND 38/100]
[92mINFO [0m:      configure_train: Sampled 9 nodes (out of 10)
[92mINFO [0m:      aggregate_train: Received 10 results and 0 failures
[92mINFO [0m:      	└──> Aggregated MetricRecord: {'train_loss': 1.8538176031112672, 'train_time': 5.975950819812715, 'qtty_records': 10}
[92mINFO [0m:      configure_evaluate: Sampled 10 nodes (out of 10)
[92mINFO [0m:      aggregate_evaluate: Received 10 results and 0 failures
[92mINFO [0m:      	└──> Aggregated MetricRecord: {'eval_loss': 1.804325957596302, 'eval_acc': 0.3652, 'time': 312.9642879962921}
[92mINFO [0m:      
[92mINFO [0m:      [ROUND 39/100]
[92mINFO [0m:      configure_train: Sampled 10 nodes (out of 10)
[92mINFO [0m:      aggregate_train: Received 9 results and 0 failures
[92mINFO [0m:      	└──> Aggregated MetricRecord: {'train_loss': 1.8606535646650526, 'train_time': 5.437532909628418, 'qtty_records': 9}
[92mINFO [0m:      configure_evaluate: Sampled 10 nodes (out of 10)
[92mINFO [0m:      aggregate_evaluate: Received 10 results and 0 failures
[92mINFO [0m:      	└──> Aggregated MetricRecord: {'eval_loss': 1.852207748964429, 'eval_acc': 0.36869999999999997, 'time': 320.10521030426025}
[92mINFO [0m:      
[92mINFO [0m:      [ROUND 40/100]
[92mINFO [0m:      configure_train: Sampled 9 nodes (out of 10)
[92mINFO [0m:      aggregate_train: Received 10 results and 0 failures
[92mINFO [0m:      	└──> Aggregated MetricRecord: {'train_loss': 1.867243916988373, 'train_time': 5.95509537588805, 'qtty_records': 10}
[92mINFO [0m:      configure_evaluate: Sampled 10 nodes (out of 10)
[92mINFO [0m:      aggregate_evaluate: Received 10 results and 0 failures
[92mINFO [0m:      	└──> Aggregated MetricRecord: {'eval_loss': 1.8164078760892153, 'eval_acc': 0.373, 'time': 327.16111063957214}
[92mINFO [0m:      
[92mINFO [0m:      [ROUND 41/100]
[92mINFO [0m:      configure_train: Sampled 10 nodes (out of 10)
[92mINFO [0m:      aggregate_train: Received 9 results and 0 failures
[92mINFO [0m:      	└──> Aggregated MetricRecord: {'train_loss': 1.8831515514585706, 'train_time': 5.420362128151788, 'qtty_records': 9}
[92mINFO [0m:      configure_evaluate: Sampled 10 nodes (out of 10)
[92mINFO [0m:      aggregate_evaluate: Received 10 results and 0 failures
[92mINFO [0m:      	└──> Aggregated MetricRecord: {'eval_loss': 1.8963727664202454, 'eval_acc': 0.3472, 'time': 334.30345273017883}
[92mINFO [0m:      
[92mINFO [0m:      [ROUND 42/100]
[92mINFO [0m:      configure_train: Sampled 9 nodes (out of 10)
[92mINFO [0m:      aggregate_train: Received 10 results and 0 failures
[92mINFO [0m:      	└──> Aggregated MetricRecord: {'train_loss': 1.8538221095085146, 'train_time': 5.971704916469752, 'qtty_records': 10}
[92mINFO [0m:      configure_evaluate: Sampled 10 nodes (out of 10)
[92mINFO [0m:      aggregate_evaluate: Received 10 results and 0 failures
[92mINFO [0m:      	└──> Aggregated MetricRecord: {'eval_loss': 1.8215825129300356, 'eval_acc': 0.35869999999999996, 'time': 341.36388087272644}
[92mINFO [0m:      
[92mINFO [0m:      [ROUND 43/100]
[92mINFO [0m:      configure_train: Sampled 10 nodes (out of 10)
[92mINFO [0m:      aggregate_train: Received 9 results and 0 failures
[92mINFO [0m:      	└──> Aggregated MetricRecord: {'train_loss': 1.8547560319900511, 'train_time': 5.415341313514444, 'qtty_records': 9}
[92mINFO [0m:      configure_evaluate: Sampled 10 nodes (out of 10)
[92mINFO [0m:      aggregate_evaluate: Received 10 results and 0 failures
[92mINFO [0m:      	└──> Aggregated MetricRecord: {'eval_loss': 1.8055013939738274, 'eval_acc': 0.3683, 'time': 348.41821789741516}
[92mINFO [0m:      
[92mINFO [0m:      [ROUND 44/100]
[92mINFO [0m:      configure_train: Sampled 9 nodes (out of 10)
[92mINFO [0m:      aggregate_train: Received 10 results and 0 failures
[92mINFO [0m:      	└──> Aggregated MetricRecord: {'train_loss': 1.8499955256462097, 'train_time': 5.958459061942994, 'qtty_records': 10}
[92mINFO [0m:      configure_evaluate: Sampled 10 nodes (out of 10)
[92mINFO [0m:      aggregate_evaluate: Received 10 results and 0 failures
[92mINFO [0m:      	└──> Aggregated MetricRecord: {'eval_loss': 1.8439185634255413, 'eval_acc': 0.353, 'time': 355.5821602344513}
[92mINFO [0m:      
[92mINFO [0m:      [ROUND 45/100]
[92mINFO [0m:      configure_train: Sampled 10 nodes (out of 10)
[92mINFO [0m:      aggregate_train: Received 9 results and 0 failures
[92mINFO [0m:      	└──> Aggregated MetricRecord: {'train_loss': 1.8477751521004568, 'train_time': 5.4247707726640835, 'qtty_records': 9}
[92mINFO [0m:      configure_evaluate: Sampled 10 nodes (out of 10)
[92mINFO [0m:      aggregate_evaluate: Received 10 results and 0 failures
[92mINFO [0m:      	└──> Aggregated MetricRecord: {'eval_loss': 1.8266623932868242, 'eval_acc': 0.3649, 'time': 362.6147847175598}
[92mINFO [0m:      
[92mINFO [0m:      [ROUND 46/100]
[92mINFO [0m:      configure_train: Sampled 9 nodes (out of 10)
[92mINFO [0m:      aggregate_train: Received 10 results and 0 failures
[92mINFO [0m:      	└──> Aggregated MetricRecord: {'train_loss': 1.8535287966728213, 'train_time': 5.9596384830772875, 'qtty_records': 10}
[92mINFO [0m:      configure_evaluate: Sampled 10 nodes (out of 10)
[92mINFO [0m:      aggregate_evaluate: Received 10 results and 0 failures
[92mINFO [0m:      	└──> Aggregated MetricRecord: {'eval_loss': 1.831616907194257, 'eval_acc': 0.36, 'time': 369.6778781414032}
[92mINFO [0m:      
[92mINFO [0m:      [ROUND 47/100]
[92mINFO [0m:      configure_train: Sampled 10 nodes (out of 10)
[92mINFO [0m:      aggregate_train: Received 9 results and 0 failures
[92mINFO [0m:      	└──> Aggregated MetricRecord: {'train_loss': 1.8526372643576727, 'train_time': 5.422938510568605, 'qtty_records': 9}
[92mINFO [0m:      configure_evaluate: Sampled 10 nodes (out of 10)
[92mINFO [0m:      aggregate_evaluate: Received 10 results and 0 failures
[92mINFO [0m:      	└──> Aggregated MetricRecord: {'eval_loss': 1.8453544188290836, 'eval_acc': 0.3354, 'time': 376.71114110946655}
[92mINFO [0m:      
[92mINFO [0m:      [ROUND 48/100]
[92mINFO [0m:      configure_train: Sampled 9 nodes (out of 10)
[92mINFO [0m:      aggregate_train: Received 10 results and 0 failures
[92mINFO [0m:      	└──> Aggregated MetricRecord: {'train_loss': 1.8617231896400455, 'train_time': 5.965480907075107, 'qtty_records': 10}
[92mINFO [0m:      configure_evaluate: Sampled 10 nodes (out of 10)
[92mINFO [0m:      aggregate_evaluate: Received 10 results and 0 failures
[92mINFO [0m:      	└──> Aggregated MetricRecord: {'eval_loss': 1.8163680493831635, 'eval_acc': 0.35649999999999993, 'time': 383.8719964027405}
[92mINFO [0m:      
[92mINFO [0m:      [ROUND 49/100]
[92mINFO [0m:      configure_train: Sampled 10 nodes (out of 10)
[92mINFO [0m:      aggregate_train: Received 9 results and 0 failures
[92mINFO [0m:      	└──> Aggregated MetricRecord: {'train_loss': 1.858200684653388, 'train_time': 5.432535120389527, 'qtty_records': 9}
[92mINFO [0m:      configure_evaluate: Sampled 10 nodes (out of 10)
[92mINFO [0m:      aggregate_evaluate: Received 10 results and 0 failures
[92mINFO [0m:      	└──> Aggregated MetricRecord: {'eval_loss': 1.814504274725914, 'eval_acc': 0.36219999999999997, 'time': 390.90564131736755}
[92mINFO [0m:      
[92mINFO [0m:      [ROUND 50/100]
[92mINFO [0m:      configure_train: Sampled 9 nodes (out of 10)
[92mINFO [0m:      aggregate_train: Received 10 results and 0 failures
[92mINFO [0m:      	└──> Aggregated MetricRecord: {'train_loss': 1.8397064484596253, 'train_time': 5.960005742870271, 'qtty_records': 10}
[92mINFO [0m:      configure_evaluate: Sampled 10 nodes (out of 10)
[92mINFO [0m:      aggregate_evaluate: Received 10 results and 0 failures
[92mINFO [0m:      	└──> Aggregated MetricRecord: {'eval_loss': 1.8152684461325408, 'eval_acc': 0.3753, 'time': 397.96480441093445}
[92mINFO [0m:      
[92mINFO [0m:      [ROUND 51/100]
[92mINFO [0m:      configure_train: Sampled 10 nodes (out of 10)
[92mINFO [0m:      aggregate_train: Received 9 results and 0 failures
[92mINFO [0m:      	└──> Aggregated MetricRecord: {'train_loss': 1.8525471613142224, 'train_time': 5.42261675434808, 'qtty_records': 9}
[92mINFO [0m:      configure_evaluate: Sampled 10 nodes (out of 10)
[92mINFO [0m:      aggregate_evaluate: Received 10 results and 0 failures
[92mINFO [0m:      	└──> Aggregated MetricRecord: {'eval_loss': 1.8349652316421272, 'eval_acc': 0.3582, 'time': 405.0149722099304}
[92mINFO [0m:      
[92mINFO [0m:      [ROUND 52/100]
[92mINFO [0m:      configure_train: Sampled 9 nodes (out of 10)
[92mINFO [0m:      aggregate_train: Received 10 results and 0 failures
[92mINFO [0m:      	└──> Aggregated MetricRecord: {'train_loss': 1.8408744259834293, 'train_time': 5.946022778749466, 'qtty_records': 10}
[92mINFO [0m:      configure_evaluate: Sampled 10 nodes (out of 10)
[92mINFO [0m:      aggregate_evaluate: Received 10 results and 0 failures
[92mINFO [0m:      	└──> Aggregated MetricRecord: {'eval_loss': 1.8069986928254367, 'eval_acc': 0.37510000000000004, 'time': 412.07748794555664}
[92mINFO [0m:      
[92mINFO [0m:      [ROUND 53/100]
[92mINFO [0m:      configure_train: Sampled 10 nodes (out of 10)
[92mINFO [0m:      aggregate_train: Received 9 results and 0 failures
[92mINFO [0m:      	└──> Aggregated MetricRecord: {'train_loss': 1.8431958066092597, 'train_time': 5.414346344769001, 'qtty_records': 9}
[92mINFO [0m:      configure_evaluate: Sampled 10 nodes (out of 10)
[92mINFO [0m:      aggregate_evaluate: Received 10 results and 0 failures
[92mINFO [0m:      	└──> Aggregated MetricRecord: {'eval_loss': 1.861757714301348, 'eval_acc': 0.3505, 'time': 419.1112892627716}
[92mINFO [0m:      
[92mINFO [0m:      [ROUND 54/100]
[92mINFO [0m:      configure_train: Sampled 9 nodes (out of 10)
[92mINFO [0m:      aggregate_train: Received 10 results and 0 failures
[92mINFO [0m:      	└──> Aggregated MetricRecord: {'train_loss': 1.8467600502014163, 'train_time': 5.946267604827881, 'qtty_records': 10}
[92mINFO [0m:      configure_evaluate: Sampled 10 nodes (out of 10)
[92mINFO [0m:      aggregate_evaluate: Received 10 results and 0 failures
[92mINFO [0m:      	└──> Aggregated MetricRecord: {'eval_loss': 1.796441860124469, 'eval_acc': 0.3775, 'time': 426.1470377445221}
[92mINFO [0m:      
[92mINFO [0m:      [ROUND 55/100]
[92mINFO [0m:      configure_train: Sampled 10 nodes (out of 10)
[92mINFO [0m:      aggregate_train: Received 9 results and 0 failures
[92mINFO [0m:      	└──> Aggregated MetricRecord: {'train_loss': 1.8383782807456122, 'train_time': 5.425050402060151, 'qtty_records': 9}
[92mINFO [0m:      configure_evaluate: Sampled 10 nodes (out of 10)
[92mINFO [0m:      aggregate_evaluate: Received 10 results and 0 failures
[92mINFO [0m:      	└──> Aggregated MetricRecord: {'eval_loss': 1.8123699706047776, 'eval_acc': 0.36970000000000003, 'time': 433.2795650959015}
[92mINFO [0m:      
[92mINFO [0m:      [ROUND 56/100]
[92mINFO [0m:      configure_train: Sampled 9 nodes (out of 10)
[92mINFO [0m:      aggregate_train: Received 10 results and 0 failures
[92mINFO [0m:      	└──> Aggregated MetricRecord: {'train_loss': 1.8275152638435366, 'train_time': 5.9974241994321345, 'qtty_records': 10}
[92mINFO [0m:      configure_evaluate: Sampled 10 nodes (out of 10)
[92mINFO [0m:      aggregate_evaluate: Received 10 results and 0 failures
[92mINFO [0m:      	└──> Aggregated MetricRecord: {'eval_loss': 1.7785150766372686, 'eval_acc': 0.38810000000000006, 'time': 440.3385343551636}
[92mINFO [0m:      
[92mINFO [0m:      [ROUND 57/100]
[92mINFO [0m:      configure_train: Sampled 10 nodes (out of 10)
[92mINFO [0m:      aggregate_train: Received 9 results and 0 failures
[92mINFO [0m:      	└──> Aggregated MetricRecord: {'train_loss': 1.8350595829221938, 'train_time': 5.42052190254132, 'qtty_records': 9}
[92mINFO [0m:      configure_evaluate: Sampled 10 nodes (out of 10)
[92mINFO [0m:      aggregate_evaluate: Received 10 results and 0 failures
[92mINFO [0m:      	└──> Aggregated MetricRecord: {'eval_loss': 1.8519130639731889, 'eval_acc': 0.3671, 'time': 447.3971302509308}
[92mINFO [0m:      
[92mINFO [0m:      [ROUND 58/100]
[92mINFO [0m:      configure_train: Sampled 9 nodes (out of 10)
[92mINFO [0m:      aggregate_train: Received 10 results and 0 failures
[92mINFO [0m:      	└──> Aggregated MetricRecord: {'train_loss': 1.8479545639038089, 'train_time': 5.969145489670336, 'qtty_records': 10}
[92mINFO [0m:      configure_evaluate: Sampled 10 nodes (out of 10)
[92mINFO [0m:      aggregate_evaluate: Received 10 results and 0 failures
[92mINFO [0m:      	└──> Aggregated MetricRecord: {'eval_loss': 1.8498141910880805, 'eval_acc': 0.363, 'time': 454.45871925354004}
[92mINFO [0m:      
[92mINFO [0m:      [ROUND 59/100]
[92mINFO [0m:      configure_train: Sampled 10 nodes (out of 10)
[92mINFO [0m:      aggregate_train: Received 9 results and 0 failures
[92mINFO [0m:      	└──> Aggregated MetricRecord: {'train_loss': 1.8640730102327137, 'train_time': 5.4248556569218636, 'qtty_records': 9}
[92mINFO [0m:      configure_evaluate: Sampled 10 nodes (out of 10)
[92mINFO [0m:      aggregate_evaluate: Received 10 results and 0 failures
[92mINFO [0m:      	└──> Aggregated MetricRecord: {'eval_loss': 1.843295122683048, 'eval_acc': 0.3602000000000001, 'time': 461.49187755584717}
[92mINFO [0m:      
[92mINFO [0m:      [ROUND 60/100]
[92mINFO [0m:      configure_train: Sampled 9 nodes (out of 10)
[92mINFO [0m:      aggregate_train: Received 10 results and 0 failures
[92mINFO [0m:      	└──> Aggregated MetricRecord: {'train_loss': 1.850712547969818, 'train_time': 5.94308423884213, 'qtty_records': 10}
[92mINFO [0m:      configure_evaluate: Sampled 10 nodes (out of 10)
[92mINFO [0m:      aggregate_evaluate: Received 10 results and 0 failures
[92mINFO [0m:      	└──> Aggregated MetricRecord: {'eval_loss': 1.854696157947183, 'eval_acc': 0.3613, 'time': 468.55262184143066}
[92mINFO [0m:      
[92mINFO [0m:      [ROUND 61/100]
[92mINFO [0m:      configure_train: Sampled 10 nodes (out of 10)
[92mINFO [0m:      aggregate_train: Received 9 results and 0 failures
[92mINFO [0m:      	└──> Aggregated MetricRecord: {'train_loss': 1.8523170584572686, 'train_time': 5.432055435867773, 'qtty_records': 9}
[92mINFO [0m:      configure_evaluate: Sampled 10 nodes (out of 10)
[92mINFO [0m:      aggregate_evaluate: Received 10 results and 0 failures
[92mINFO [0m:      	└──> Aggregated MetricRecord: {'eval_loss': 1.839413656666875, 'eval_acc': 0.3534, 'time': 475.58535981178284}
[92mINFO [0m:      
[92mINFO [0m:      [ROUND 62/100]
[92mINFO [0m:      configure_train: Sampled 9 nodes (out of 10)
[92mINFO [0m:      aggregate_train: Received 10 results and 0 failures
[92mINFO [0m:      	└──> Aggregated MetricRecord: {'train_loss': 1.854151264286041, 'train_time': 5.964308210276068, 'qtty_records': 10}
[92mINFO [0m:      configure_evaluate: Sampled 10 nodes (out of 10)
[92mINFO [0m:      aggregate_evaluate: Received 10 results and 0 failures
[92mINFO [0m:      	└──> Aggregated MetricRecord: {'eval_loss': 1.8247000113129617, 'eval_acc': 0.3657, 'time': 482.6474108695984}
[92mINFO [0m:      
[92mINFO [0m:      [ROUND 63/100]
[92mINFO [0m:      configure_train: Sampled 10 nodes (out of 10)
[92mINFO [0m:      aggregate_train: Received 9 results and 0 failures
[92mINFO [0m:      	└──> Aggregated MetricRecord: {'train_loss': 1.8325586612489486, 'train_time': 5.422025691717863, 'qtty_records': 9}
[92mINFO [0m:      configure_evaluate: Sampled 10 nodes (out of 10)
[92mINFO [0m:      aggregate_evaluate: Received 10 results and 0 failures
[92mINFO [0m:      	└──> Aggregated MetricRecord: {'eval_loss': 1.8859788179397583, 'eval_acc': 0.33660000000000007, 'time': 489.78370809555054}
[92mINFO [0m:      
[92mINFO [0m:      [ROUND 64/100]
[92mINFO [0m:      configure_train: Sampled 9 nodes (out of 10)
[92mINFO [0m:      aggregate_train: Received 10 results and 0 failures
[92mINFO [0m:      	└──> Aggregated MetricRecord: {'train_loss': 1.8543912059783938, 'train_time': 5.9375161465257404, 'qtty_records': 10}
[92mINFO [0m:      configure_evaluate: Sampled 10 nodes (out of 10)
[92mINFO [0m:      aggregate_evaluate: Received 10 results and 0 failures
[92mINFO [0m:      	└──> Aggregated MetricRecord: {'eval_loss': 1.8477010350674394, 'eval_acc': 0.35660000000000003, 'time': 496.8453302383423}
[92mINFO [0m:      
[92mINFO [0m:      [ROUND 65/100]
[92mINFO [0m:      configure_train: Sampled 10 nodes (out of 10)
[92mINFO [0m:      aggregate_train: Received 9 results and 0 failures
[92mINFO [0m:      	└──> Aggregated MetricRecord: {'train_loss': 1.8262752288182575, 'train_time': 5.411902244720194, 'qtty_records': 9}
[92mINFO [0m:      configure_evaluate: Sampled 10 nodes (out of 10)
[92mINFO [0m:      aggregate_evaluate: Received 10 results and 0 failures
[92mINFO [0m:      	└──> Aggregated MetricRecord: {'eval_loss': 1.7793791681528093, 'eval_acc': 0.38250000000000006, 'time': 503.9790096282959}
[92mINFO [0m:      
[92mINFO [0m:      [ROUND 66/100]
[92mINFO [0m:      configure_train: Sampled 9 nodes (out of 10)
[92mINFO [0m:      aggregate_train: Received 10 results and 0 failures
[92mINFO [0m:      	└──> Aggregated MetricRecord: {'train_loss': 1.8308904686927798, 'train_time': 5.946180737018585, 'qtty_records': 10}
[92mINFO [0m:      configure_evaluate: Sampled 10 nodes (out of 10)
[92mINFO [0m:      aggregate_evaluate: Received 10 results and 0 failures
[92mINFO [0m:      	└──> Aggregated MetricRecord: {'eval_loss': 1.8125890314579012, 'eval_acc': 0.38, 'time': 511.03844237327576}
[92mINFO [0m:      
[92mINFO [0m:      [ROUND 67/100]
[92mINFO [0m:      configure_train: Sampled 10 nodes (out of 10)
[92mINFO [0m:      aggregate_train: Received 9 results and 0 failures
[92mINFO [0m:      	└──> Aggregated MetricRecord: {'train_loss': 1.8502223401599458, 'train_time': 5.423906584373778, 'qtty_records': 9}
[92mINFO [0m:      configure_evaluate: Sampled 10 nodes (out of 10)
[92mINFO [0m:      aggregate_evaluate: Received 10 results and 0 failures
[92mINFO [0m:      	└──> Aggregated MetricRecord: {'eval_loss': 1.8630300708115102, 'eval_acc': 0.35170000000000007, 'time': 518.0820868015289}
[92mINFO [0m:      
[92mINFO [0m:      [ROUND 68/100]
[92mINFO [0m:      configure_train: Sampled 9 nodes (out of 10)
[92mINFO [0m:      aggregate_train: Received 10 results and 0 failures
[92mINFO [0m:      	└──> Aggregated MetricRecord: {'train_loss': 1.8492588559150698, 'train_time': 5.959755216911435, 'qtty_records': 10}
[92mINFO [0m:      configure_evaluate: Sampled 10 nodes (out of 10)
[92mINFO [0m:      aggregate_evaluate: Received 10 results and 0 failures
[92mINFO [0m:      	└──> Aggregated MetricRecord: {'eval_loss': 1.8258572839200498, 'eval_acc': 0.37320000000000003, 'time': 525.2500686645508}
[92mINFO [0m:      
[92mINFO [0m:      [ROUND 69/100]
[92mINFO [0m:      configure_train: Sampled 10 nodes (out of 10)
[92mINFO [0m:      aggregate_train: Received 9 results and 0 failures
[92mINFO [0m:      	└──> Aggregated MetricRecord: {'train_loss': 1.8444809527926975, 'train_time': 5.42970921119882, 'qtty_records': 9}
[92mINFO [0m:      configure_evaluate: Sampled 10 nodes (out of 10)
[92mINFO [0m:      aggregate_evaluate: Received 10 results and 0 failures
[92mINFO [0m:      	└──> Aggregated MetricRecord: {'eval_loss': 1.8519663393497465, 'eval_acc': 0.3546, 'time': 532.2829728126526}
[92mINFO [0m:      
[92mINFO [0m:      [ROUND 70/100]
[92mINFO [0m:      configure_train: Sampled 9 nodes (out of 10)
[92mINFO [0m:      aggregate_train: Received 10 results and 0 failures
[92mINFO [0m:      	└──> Aggregated MetricRecord: {'train_loss': 1.8527988580703738, 'train_time': 5.949000944755971, 'qtty_records': 10}
[92mINFO [0m:      configure_evaluate: Sampled 10 nodes (out of 10)
[92mINFO [0m:      aggregate_evaluate: Received 10 results and 0 failures
[92mINFO [0m:      	└──> Aggregated MetricRecord: {'eval_loss': 1.820362915471196, 'eval_acc': 0.36440000000000006, 'time': 539.4438509941101}
[92mINFO [0m:      
[92mINFO [0m:      [ROUND 71/100]
[92mINFO [0m:      configure_train: Sampled 10 nodes (out of 10)
[92mINFO [0m:      aggregate_train: Received 9 results and 0 failures
[92mINFO [0m:      	└──> Aggregated MetricRecord: {'train_loss': 1.8613677739037406, 'train_time': 5.432713150357206, 'qtty_records': 9}
[92mINFO [0m:      configure_evaluate: Sampled 10 nodes (out of 10)
[92mINFO [0m:      aggregate_evaluate: Received 10 results and 0 failures
[92mINFO [0m:      	└──> Aggregated MetricRecord: {'eval_loss': 1.8898568022996187, 'eval_acc': 0.35500000000000004, 'time': 546.4789290428162}
[92mINFO [0m:      
[92mINFO [0m:      [ROUND 72/100]
[92mINFO [0m:      configure_train: Sampled 9 nodes (out of 10)
[92mINFO [0m:      aggregate_train: Received 10 results and 0 failures
[92mINFO [0m:      	└──> Aggregated MetricRecord: {'train_loss': 1.8342501678466796, 'train_time': 5.946446159854531, 'qtty_records': 10}
[92mINFO [0m:      configure_evaluate: Sampled 10 nodes (out of 10)
[92mINFO [0m:      aggregate_evaluate: Received 10 results and 0 failures
[92mINFO [0m:      	└──> Aggregated MetricRecord: {'eval_loss': 1.7805469352751973, 'eval_acc': 0.3793000000000001, 'time': 553.6376860141754}
[92mINFO [0m:      
[92mINFO [0m:      [ROUND 73/100]
[92mINFO [0m:      configure_train: Sampled 10 nodes (out of 10)
[92mINFO [0m:      aggregate_train: Received 9 results and 0 failures
[92mINFO [0m:      	└──> Aggregated MetricRecord: {'train_loss': 1.8066581922107272, 'train_time': 5.430370574196179, 'qtty_records': 9}
[92mINFO [0m:      configure_evaluate: Sampled 10 nodes (out of 10)
[92mINFO [0m:      aggregate_evaluate: Received 10 results and 0 failures
[92mINFO [0m:      	└──> Aggregated MetricRecord: {'eval_loss': 1.7725795671343805, 'eval_acc': 0.3847000000000001, 'time': 560.6694669723511}
[92mINFO [0m:      
[92mINFO [0m:      [ROUND 74/100]
[92mINFO [0m:      configure_train: Sampled 9 nodes (out of 10)
[92mINFO [0m:      aggregate_train: Received 10 results and 0 failures
[92mINFO [0m:      	└──> Aggregated MetricRecord: {'train_loss': 1.8429280287742615, 'train_time': 5.949437629431486, 'qtty_records': 10}
[92mINFO [0m:      configure_evaluate: Sampled 10 nodes (out of 10)
[92mINFO [0m:      aggregate_evaluate: Received 10 results and 0 failures
[92mINFO [0m:      	└──> Aggregated MetricRecord: {'eval_loss': 1.8185056854039432, 'eval_acc': 0.3839000000000001, 'time': 567.830893278122}
[92mINFO [0m:      
[92mINFO [0m:      [ROUND 75/100]
[92mINFO [0m:      configure_train: Sampled 10 nodes (out of 10)
[92mINFO [0m:      aggregate_train: Received 9 results and 0 failures
[92mINFO [0m:      	└──> Aggregated MetricRecord: {'train_loss': 1.822507342232598, 'train_time': 5.424496430903673, 'qtty_records': 9}
[92mINFO [0m:      configure_evaluate: Sampled 10 nodes (out of 10)
[92mINFO [0m:      aggregate_evaluate: Received 10 results and 0 failures
[92mINFO [0m:      	└──> Aggregated MetricRecord: {'eval_loss': 1.8084018602967264, 'eval_acc': 0.37529999999999997, 'time': 574.8652496337891}
[92mINFO [0m:      
[92mINFO [0m:      [ROUND 76/100]
[92mINFO [0m:      configure_train: Sampled 9 nodes (out of 10)
[92mINFO [0m:      aggregate_train: Received 10 results and 0 failures
[92mINFO [0m:      	└──> Aggregated MetricRecord: {'train_loss': 1.848505138587952, 'train_time': 5.960213315486908, 'qtty_records': 10}
[92mINFO [0m:      configure_evaluate: Sampled 10 nodes (out of 10)
[92mINFO [0m:      aggregate_evaluate: Received 10 results and 0 failures
[92mINFO [0m:      	└──> Aggregated MetricRecord: {'eval_loss': 1.8236830219626428, 'eval_acc': 0.37690000000000007, 'time': 582.024416923523}
[92mINFO [0m:      
[92mINFO [0m:      [ROUND 77/100]
[92mINFO [0m:      configure_train: Sampled 10 nodes (out of 10)
[92mINFO [0m:      aggregate_train: Received 9 results and 0 failures
[92mINFO [0m:      	└──> Aggregated MetricRecord: {'train_loss': 1.8443374732335407, 'train_time': 5.428164041704601, 'qtty_records': 9}
[92mINFO [0m:      configure_evaluate: Sampled 10 nodes (out of 10)
[92mINFO [0m:      aggregate_evaluate: Received 10 results and 0 failures
[92mINFO [0m:      	└──> Aggregated MetricRecord: {'eval_loss': 1.820659359544516, 'eval_acc': 0.3567000000000001, 'time': 589.0563983917236}
[92mINFO [0m:      
[92mINFO [0m:      [ROUND 78/100]
[92mINFO [0m:      configure_train: Sampled 9 nodes (out of 10)
[92mINFO [0m:      aggregate_train: Received 10 results and 0 failures
[92mINFO [0m:      	└──> Aggregated MetricRecord: {'train_loss': 1.8318844414711, 'train_time': 5.9553207911551, 'qtty_records': 10}
[92mINFO [0m:      configure_evaluate: Sampled 10 nodes (out of 10)
[92mINFO [0m:      aggregate_evaluate: Received 10 results and 0 failures
[92mINFO [0m:      	└──> Aggregated MetricRecord: {'eval_loss': 1.792777396366, 'eval_acc': 0.3909, 'time': 596.0909025669098}
[92mINFO [0m:      
[92mINFO [0m:      [ROUND 79/100]
[92mINFO [0m:      configure_train: Sampled 10 nodes (out of 10)
[92mINFO [0m:      aggregate_train: Received 9 results and 0 failures
[92mINFO [0m:      	└──> Aggregated MetricRecord: {'train_loss': 1.8288001919852361, 'train_time': 5.4270422750463085, 'qtty_records': 9}
[92mINFO [0m:      configure_evaluate: Sampled 10 nodes (out of 10)
[92mINFO [0m:      aggregate_evaluate: Received 10 results and 0 failures
[92mINFO [0m:      	└──> Aggregated MetricRecord: {'eval_loss': 1.7850131578743458, 'eval_acc': 0.38470000000000004, 'time': 603.1240181922913}
[92mINFO [0m:      
[92mINFO [0m:      [ROUND 80/100]
[92mINFO [0m:      configure_train: Sampled 9 nodes (out of 10)
[92mINFO [0m:      aggregate_train: Received 10 results and 0 failures
[92mINFO [0m:      	└──> Aggregated MetricRecord: {'train_loss': 1.8476327176094056, 'train_time': 5.951942898333073, 'qtty_records': 10}
[92mINFO [0m:      configure_evaluate: Sampled 10 nodes (out of 10)
[92mINFO [0m:      aggregate_evaluate: Received 10 results and 0 failures
[92mINFO [0m:      	└──> Aggregated MetricRecord: {'eval_loss': 1.836893636733294, 'eval_acc': 0.3693, 'time': 610.262054681778}
[92mINFO [0m:      
[92mINFO [0m:      [ROUND 81/100]
[92mINFO [0m:      configure_train: Sampled 10 nodes (out of 10)
[92mINFO [0m:      aggregate_train: Received 9 results and 0 failures
[92mINFO [0m:      	└──> Aggregated MetricRecord: {'train_loss': 1.8540655320485433, 'train_time': 5.427479395642877, 'qtty_records': 9}
[92mINFO [0m:      configure_evaluate: Sampled 10 nodes (out of 10)
[92mINFO [0m:      aggregate_evaluate: Received 10 results and 0 failures
[92mINFO [0m:      	└──> Aggregated MetricRecord: {'eval_loss': 1.8306948561221361, 'eval_acc': 0.3677, 'time': 617.3176205158234}
[92mINFO [0m:      
[92mINFO [0m:      [ROUND 82/100]
[92mINFO [0m:      configure_train: Sampled 9 nodes (out of 10)
[92mINFO [0m:      aggregate_train: Received 10 results and 0 failures
[92mINFO [0m:      	└──> Aggregated MetricRecord: {'train_loss': 1.8272081353187561, 'train_time': 5.94701169449836, 'qtty_records': 10}
[92mINFO [0m:      configure_evaluate: Sampled 10 nodes (out of 10)
[92mINFO [0m:      aggregate_evaluate: Received 10 results and 0 failures
[92mINFO [0m:      	└──> Aggregated MetricRecord: {'eval_loss': 1.8114995915442704, 'eval_acc': 0.379, 'time': 624.3778781890869}
[92mINFO [0m:      
[92mINFO [0m:      [ROUND 83/100]
[92mINFO [0m:      configure_train: Sampled 10 nodes (out of 10)
[92mINFO [0m:      aggregate_train: Received 9 results and 0 failures
[92mINFO [0m:      	└──> Aggregated MetricRecord: {'train_loss': 1.8287927294837105, 'train_time': 5.422136372369197, 'qtty_records': 9}
[92mINFO [0m:      configure_evaluate: Sampled 10 nodes (out of 10)
[92mINFO [0m:      aggregate_evaluate: Received 10 results and 0 failures
[92mINFO [0m:      	└──> Aggregated MetricRecord: {'eval_loss': 1.8826834663748744, 'eval_acc': 0.3486000000000001, 'time': 631.5342881679535}
[92mINFO [0m:      
[92mINFO [0m:      [ROUND 84/100]
[92mINFO [0m:      configure_train: Sampled 9 nodes (out of 10)
[92mINFO [0m:      aggregate_train: Received 10 results and 0 failures
[92mINFO [0m:      	└──> Aggregated MetricRecord: {'train_loss': 1.8504255060195924, 'train_time': 5.9576663272455335, 'qtty_records': 10}
[92mINFO [0m:      configure_evaluate: Sampled 10 nodes (out of 10)
[92mINFO [0m:      aggregate_evaluate: Received 10 results and 0 failures
[92mINFO [0m:      	└──> Aggregated MetricRecord: {'eval_loss': 1.79828972928226, 'eval_acc': 0.3829000000000001, 'time': 638.6697406768799}
[92mINFO [0m:      
[92mINFO [0m:      [ROUND 85/100]
[92mINFO [0m:      configure_train: Sampled 10 nodes (out of 10)
[92mINFO [0m:      aggregate_train: Received 9 results and 0 failures
[92mINFO [0m:      	└──> Aggregated MetricRecord: {'train_loss': 1.835196668518914, 'train_time': 5.412701663871606, 'qtty_records': 9}
[92mINFO [0m:      configure_evaluate: Sampled 10 nodes (out of 10)
[92mINFO [0m:      aggregate_evaluate: Received 10 results and 0 failures
[92mINFO [0m:      	└──> Aggregated MetricRecord: {'eval_loss': 1.8370171606540682, 'eval_acc': 0.36310000000000003, 'time': 645.7261559963226}
[92mINFO [0m:      
[92mINFO [0m:      [ROUND 86/100]
[92mINFO [0m:      configure_train: Sampled 9 nodes (out of 10)
[92mINFO [0m:      aggregate_train: Received 10 results and 0 failures
[92mINFO [0m:      	└──> Aggregated MetricRecord: {'train_loss': 1.8290037949562075, 'train_time': 5.953358862362802, 'qtty_records': 10}
[92mINFO [0m:      configure_evaluate: Sampled 10 nodes (out of 10)
[92mINFO [0m:      aggregate_evaluate: Received 10 results and 0 failures
[92mINFO [0m:      	└──> Aggregated MetricRecord: {'eval_loss': 1.8279552977532152, 'eval_acc': 0.36560000000000004, 'time': 652.7889115810394}
[92mINFO [0m:      
[92mINFO [0m:      [ROUND 87/100]
[92mINFO [0m:      configure_train: Sampled 10 nodes (out of 10)
[92mINFO [0m:      aggregate_train: Received 9 results and 0 failures
[92mINFO [0m:      	└──> Aggregated MetricRecord: {'train_loss': 1.8069033393859861, 'train_time': 5.439633724383182, 'qtty_records': 9}
[92mINFO [0m:      configure_evaluate: Sampled 10 nodes (out of 10)
[92mINFO [0m:      aggregate_evaluate: Received 10 results and 0 failures
[92mINFO [0m:      	└──> Aggregated MetricRecord: {'eval_loss': 1.7899363417178393, 'eval_acc': 0.37620000000000003, 'time': 659.8468091487885}
[92mINFO [0m:      
[92mINFO [0m:      [ROUND 88/100]
[92mINFO [0m:      configure_train: Sampled 9 nodes (out of 10)
[92mINFO [0m:      aggregate_train: Received 10 results and 0 failures
[92mINFO [0m:      	└──> Aggregated MetricRecord: {'train_loss': 1.842776366901398, 'train_time': 5.95026533883065, 'qtty_records': 10}
[92mINFO [0m:      configure_evaluate: Sampled 10 nodes (out of 10)
[92mINFO [0m:      aggregate_evaluate: Received 10 results and 0 failures
[92mINFO [0m:      	└──> Aggregated MetricRecord: {'eval_loss': 1.8764524053782223, 'eval_acc': 0.36250000000000004, 'time': 667.014190196991}
[92mINFO [0m:      
[92mINFO [0m:      [ROUND 89/100]
[92mINFO [0m:      configure_train: Sampled 10 nodes (out of 10)
[92mINFO [0m:      aggregate_train: Received 9 results and 0 failures
[92mINFO [0m:      	└──> Aggregated MetricRecord: {'train_loss': 1.8549123096466062, 'train_time': 5.418579104666908, 'qtty_records': 9}
[92mINFO [0m:      configure_evaluate: Sampled 10 nodes (out of 10)
[92mINFO [0m:      aggregate_evaluate: Received 10 results and 0 failures
[92mINFO [0m:      	└──> Aggregated MetricRecord: {'eval_loss': 1.8162515819072724, 'eval_acc': 0.3619, 'time': 674.0484707355499}
[92mINFO [0m:      
[92mINFO [0m:      [ROUND 90/100]
[92mINFO [0m:      configure_train: Sampled 9 nodes (out of 10)
[92mINFO [0m:      aggregate_train: Received 10 results and 0 failures
[92mINFO [0m:      	└──> Aggregated MetricRecord: {'train_loss': 1.8446933897018434, 'train_time': 5.938786085508764, 'qtty_records': 10}
[92mINFO [0m:      configure_evaluate: Sampled 10 nodes (out of 10)
[92mINFO [0m:      aggregate_evaluate: Received 10 results and 0 failures
[92mINFO [0m:      	└──> Aggregated MetricRecord: {'eval_loss': 1.8364084452390674, 'eval_acc': 0.3764, 'time': 681.1065356731415}
[92mINFO [0m:      
[92mINFO [0m:      [ROUND 91/100]
[92mINFO [0m:      configure_train: Sampled 10 nodes (out of 10)
[92mINFO [0m:      aggregate_train: Received 9 results and 0 failures
[92mINFO [0m:      	└──> Aggregated MetricRecord: {'train_loss': 1.8355648650063408, 'train_time': 5.4197499211877584, 'qtty_records': 9}
[92mINFO [0m:      configure_evaluate: Sampled 10 nodes (out of 10)
[92mINFO [0m:      aggregate_evaluate: Received 10 results and 0 failures
[92mINFO [0m:      	└──> Aggregated MetricRecord: {'eval_loss': 1.8471078857779504, 'eval_acc': 0.37060000000000004, 'time': 688.1387484073639}
[92mINFO [0m:      
[92mINFO [0m:      [ROUND 92/100]
[92mINFO [0m:      configure_train: Sampled 9 nodes (out of 10)
[92mINFO [0m:      aggregate_train: Received 10 results and 0 failures
[92mINFO [0m:      	└──> Aggregated MetricRecord: {'train_loss': 1.8467652536392212, 'train_time': 5.944822254963219, 'qtty_records': 10}
[92mINFO [0m:      configure_evaluate: Sampled 10 nodes (out of 10)
[92mINFO [0m:      aggregate_evaluate: Received 10 results and 0 failures
[92mINFO [0m:      	└──> Aggregated MetricRecord: {'eval_loss': 1.8125822193920618, 'eval_acc': 0.3858, 'time': 695.2745792865753}
[92mINFO [0m:      
[92mINFO [0m:      [ROUND 93/100]
[92mINFO [0m:      configure_train: Sampled 10 nodes (out of 10)
[92mINFO [0m:      aggregate_train: Received 9 results and 0 failures
[92mINFO [0m:      	└──> Aggregated MetricRecord: {'train_loss': 1.847412411795722, 'train_time': 5.408730800987946, 'qtty_records': 9}
[92mINFO [0m:      configure_evaluate: Sampled 10 nodes (out of 10)
[92mINFO [0m:      aggregate_evaluate: Received 10 results and 0 failures
[92mINFO [0m:      	└──> Aggregated MetricRecord: {'eval_loss': 1.8598769176751375, 'eval_acc': 0.363, 'time': 702.3270545005798}
[92mINFO [0m:      
[92mINFO [0m:      [ROUND 94/100]
[92mINFO [0m:      configure_train: Sampled 9 nodes (out of 10)
[92mINFO [0m:      aggregate_train: Received 10 results and 0 failures
[92mINFO [0m:      	└──> Aggregated MetricRecord: {'train_loss': 1.8526348750114443, 'train_time': 5.948906889185309, 'qtty_records': 10}
[92mINFO [0m:      configure_evaluate: Sampled 10 nodes (out of 10)
[92mINFO [0m:      aggregate_evaluate: Received 10 results and 0 failures
[92mINFO [0m:      	└──> Aggregated MetricRecord: {'eval_loss': 1.8399372462183239, 'eval_acc': 0.3654, 'time': 709.3860116004944}
[92mINFO [0m:      
[92mINFO [0m:      [ROUND 95/100]
[92mINFO [0m:      configure_train: Sampled 10 nodes (out of 10)
[92mINFO [0m:      aggregate_train: Received 9 results and 0 failures
[92mINFO [0m:      	└──> Aggregated MetricRecord: {'train_loss': 1.8426737036175196, 'train_time': 5.421881260971229, 'qtty_records': 9}
[92mINFO [0m:      configure_evaluate: Sampled 10 nodes (out of 10)
[92mINFO [0m:      aggregate_evaluate: Received 10 results and 0 failures
[92mINFO [0m:      	└──> Aggregated MetricRecord: {'eval_loss': 1.7988143134862182, 'eval_acc': 0.391, 'time': 716.4189736843109}
[92mINFO [0m:      
[92mINFO [0m:      [ROUND 96/100]
[92mINFO [0m:      configure_train: Sampled 9 nodes (out of 10)
[92mINFO [0m:      aggregate_train: Received 10 results and 0 failures
[92mINFO [0m:      	└──> Aggregated MetricRecord: {'train_loss': 1.8674182612419128, 'train_time': 5.943622713163495, 'qtty_records': 10}
[92mINFO [0m:      configure_evaluate: Sampled 10 nodes (out of 10)
[92mINFO [0m:      aggregate_evaluate: Received 10 results and 0 failures
[92mINFO [0m:      	└──> Aggregated MetricRecord: {'eval_loss': 1.8509664975106717, 'eval_acc': 0.36769999999999997, 'time': 723.477676153183}
[92mINFO [0m:      
[92mINFO [0m:      [ROUND 97/100]
[92mINFO [0m:      configure_train: Sampled 10 nodes (out of 10)
[92mINFO [0m:      aggregate_train: Received 9 results and 0 failures
[92mINFO [0m:      	└──> Aggregated MetricRecord: {'train_loss': 1.8411546920140585, 'train_time': 5.433331262734201, 'qtty_records': 9}
[92mINFO [0m:      configure_evaluate: Sampled 10 nodes (out of 10)
[92mINFO [0m:      aggregate_evaluate: Received 10 results and 0 failures
[92mINFO [0m:      	└──> Aggregated MetricRecord: {'eval_loss': 1.84428723230958, 'eval_acc': 0.3588, 'time': 730.6411936283112}
[92mINFO [0m:      
[92mINFO [0m:      [ROUND 98/100]
[92mINFO [0m:      configure_train: Sampled 9 nodes (out of 10)
[92mINFO [0m:      aggregate_train: Received 10 results and 0 failures
[92mINFO [0m:      	└──> Aggregated MetricRecord: {'train_loss': 1.8374208406448367, 'train_time': 5.949492693133652, 'qtty_records': 10}
[92mINFO [0m:      configure_evaluate: Sampled 10 nodes (out of 10)
[92mINFO [0m:      aggregate_evaluate: Received 10 results and 0 failures
[92mINFO [0m:      	└──> Aggregated MetricRecord: {'eval_loss': 1.8256350778043273, 'eval_acc': 0.3748, 'time': 737.7022681236267}
[92mINFO [0m:      
[92mINFO [0m:      [ROUND 99/100]
[92mINFO [0m:      configure_train: Sampled 10 nodes (out of 10)
[92mINFO [0m:      aggregate_train: Received 9 results and 0 failures
[92mINFO [0m:      	└──> Aggregated MetricRecord: {'train_loss': 1.8435720683203802, 'train_time': 5.420930944176184, 'qtty_records': 9}
[92mINFO [0m:      configure_evaluate: Sampled 10 nodes (out of 10)
[92mINFO [0m:      aggregate_evaluate: Received 10 results and 0 failures
[92mINFO [0m:      	└──> Aggregated MetricRecord: {'eval_loss': 1.8329260610044005, 'eval_acc': 0.3624000000000001, 'time': 744.7348446846008}
[92mINFO [0m:      
[92mINFO [0m:      [ROUND 100/100]
[92mINFO [0m:      configure_train: Sampled 9 nodes (out of 10)
[92mINFO [0m:      aggregate_train: Received 10 results and 0 failures
[92mINFO [0m:      	└──> Aggregated MetricRecord: {'train_loss': 1.8536887794494634, 'train_time': 5.944997238554061, 'qtty_records': 10}
[92mINFO [0m:      configure_evaluate: Sampled 10 nodes (out of 10)
[92mINFO [0m:      aggregate_evaluate: Received 10 results and 0 failures
[92mINFO [0m:      	└──> Aggregated MetricRecord: {'eval_loss': 1.8409150682389737, 'eval_acc': 0.3727000000000001, 'time': 751.7709665298462}
[92mINFO [0m:      
[92mINFO [0m:      Strategy execution finished in 751.77s
[92mINFO [0m:      
[92mINFO [0m:      Final results:
[92mINFO [0m:      
[92mINFO [0m:      	Global Arrays:
[92mINFO [0m:      		ArrayRecord (0.238 MB)
[92mINFO [0m:      	
[92mINFO [0m:      	Aggregated ClientApp-side Train Metrics:
[92mINFO [0m:      	{ 1: { 'qtty_records': '9',
[92mINFO [0m:      	       'train_loss': '2.2210e+00',
[92mINFO [0m:      	       'train_time': '7.3288e+00'},
[92mINFO [0m:      	  2: { 'qtty_records': '10',
[92mINFO [0m:      	       'train_loss': '2.1562e+00',
[92mINFO [0m:      	       'train_time': '6.1608e+00'},
[92mINFO [0m:      	  3: { 'qtty_records': '9',
[92mINFO [0m:      	       'train_loss': '2.1096e+00',
[92mINFO [0m:      	       'train_time': '5.4488e+00'},
[92mINFO [0m:      	  4: { 'qtty_records': '10',
[92mINFO [0m:      	       'train_loss': '2.0680e+00',
[92mINFO [0m:      	       'train_time': '5.9904e+00'},
[92mINFO [0m:      	  5: { 'qtty_records': '9',
[92mINFO [0m:      	       'train_loss': '2.0467e+00',
[92mINFO [0m:      	       'train_time': '5.4172e+00'},
[92mINFO [0m:      	  6: { 'qtty_records': '10',
[92mINFO [0m:      	       'train_loss': '2.0111e+00',
[92mINFO [0m:      	       'train_time': '5.9721e+00'},
[92mINFO [0m:      	  7: { 'qtty_records': '9',
[92mINFO [0m:      	       'train_loss': '1.9954e+00',
[92mINFO [0m:      	       'train_time': '5.4349e+00'},
[92mINFO [0m:      	  8: { 'qtty_records': '10',
[92mINFO [0m:      	       'train_loss': '1.9685e+00',
[92mINFO [0m:      	       'train_time': '5.9510e+00'},
[92mINFO [0m:      	  9: { 'qtty_records': '9',
[92mINFO [0m:      	       'train_loss': '1.9566e+00',
[92mINFO [0m:      	       'train_time': '5.4310e+00'},
[92mINFO [0m:      	  10: { 'qtty_records': '10',
[92mINFO [0m:      	        'train_loss': '1.9548e+00',
[92mINFO [0m:      	        'train_time': '5.9469e+00'},
[92mINFO [0m:      	  11: { 'qtty_records': '9',
[92mINFO [0m:      	        'train_loss': '1.9473e+00',
[92mINFO [0m:      	        'train_time': '5.4292e+00'},
[92mINFO [0m:      	  12: { 'qtty_records': '10',
[92mINFO [0m:      	        'train_loss': '1.9571e+00',
[92mINFO [0m:      	        'train_time': '5.9698e+00'},
[92mINFO [0m:      	  13: { 'qtty_records': '9',
[92mINFO [0m:      	        'train_loss': '1.9460e+00',
[92mINFO [0m:      	        'train_time': '5.4371e+00'},
[92mINFO [0m:      	  14: { 'qtty_records': '10',
[92mINFO [0m:      	        'train_loss': '1.9283e+00',
[92mINFO [0m:      	        'train_time': '5.9477e+00'},
[92mINFO [0m:      	  15: { 'qtty_records': '9',
[92mINFO [0m:      	        'train_loss': '1.9211e+00',
[92mINFO [0m:      	        'train_time': '5.4257e+00'},
[92mINFO [0m:      	  16: { 'qtty_records': '10',
[92mINFO [0m:      	        'train_loss': '1.9343e+00',
[92mINFO [0m:      	        'train_time': '5.9520e+00'},
[92mINFO [0m:      	  17: { 'qtty_records': '9',
[92mINFO [0m:      	        'train_loss': '1.9226e+00',
[92mINFO [0m:      	        'train_time': '5.4284e+00'},
[92mINFO [0m:      	  18: { 'qtty_records': '10',
[92mINFO [0m:      	        'train_loss': '1.9210e+00',
[92mINFO [0m:      	        'train_time': '5.9640e+00'},
[92mINFO [0m:      	  19: { 'qtty_records': '9',
[92mINFO [0m:      	        'train_loss': '1.9202e+00',
[92mINFO [0m:      	        'train_time': '5.4273e+00'},
[92mINFO [0m:      	  20: { 'qtty_records': '10',
[92mINFO [0m:      	        'train_loss': '1.8972e+00',
[92mINFO [0m:      	        'train_time': '5.9468e+00'},
[92mINFO [0m:      	  21: { 'qtty_records': '9',
[92mINFO [0m:      	        'train_loss': '1.8862e+00',
[92mINFO [0m:      	        'train_time': '5.4280e+00'},
[92mINFO [0m:      	  22: { 'qtty_records': '10',
[92mINFO [0m:      	        'train_loss': '1.9066e+00',
[92mINFO [0m:      	        'train_time': '5.9547e+00'},
[92mINFO [0m:      	  23: { 'qtty_records': '9',
[92mINFO [0m:      	        'train_loss': '1.8928e+00',
[92mINFO [0m:      	        'train_time': '5.4310e+00'},
[92mINFO [0m:      	  24: { 'qtty_records': '10',
[92mINFO [0m:      	        'train_loss': '1.8883e+00',
[92mINFO [0m:      	        'train_time': '5.9616e+00'},
[92mINFO [0m:      	  25: { 'qtty_records': '9',
[92mINFO [0m:      	        'train_loss': '1.8945e+00',
[92mINFO [0m:      	        'train_time': '5.4375e+00'},
[92mINFO [0m:      	  26: { 'qtty_records': '10',
[92mINFO [0m:      	        'train_loss': '1.8877e+00',
[92mINFO [0m:      	        'train_time': '5.9617e+00'},
[92mINFO [0m:      	  27: { 'qtty_records': '9',
[92mINFO [0m:      	        'train_loss': '1.8802e+00',
[92mINFO [0m:      	        'train_time': '5.4394e+00'},
[92mINFO [0m:      	  28: { 'qtty_records': '10',
[92mINFO [0m:      	        'train_loss': '1.8663e+00',
[92mINFO [0m:      	        'train_time': '5.9615e+00'},
[92mINFO [0m:      	  29: { 'qtty_records': '9',
[92mINFO [0m:      	        'train_loss': '1.8786e+00',
[92mINFO [0m:      	        'train_time': '5.4382e+00'},
[92mINFO [0m:      	  30: { 'qtty_records': '10',
[92mINFO [0m:      	        'train_loss': '1.8757e+00',
[92mINFO [0m:      	        'train_time': '5.9663e+00'},
[92mINFO [0m:      	  31: { 'qtty_records': '9',
[92mINFO [0m:      	        'train_loss': '1.8841e+00',
[92mINFO [0m:      	        'train_time': '5.4340e+00'},
[92mINFO [0m:      	  32: { 'qtty_records': '10',
[92mINFO [0m:      	        'train_loss': '1.8913e+00',
[92mINFO [0m:      	        'train_time': '5.9706e+00'},
[92mINFO [0m:      	  33: { 'qtty_records': '9',
[92mINFO [0m:      	        'train_loss': '1.8701e+00',
[92mINFO [0m:      	        'train_time': '5.4305e+00'},
[92mINFO [0m:      	  34: { 'qtty_records': '10',
[92mINFO [0m:      	        'train_loss': '1.8840e+00',
[92mINFO [0m:      	        'train_time': '5.9513e+00'},
[92mINFO [0m:      	  35: { 'qtty_records': '9',
[92mINFO [0m:      	        'train_loss': '1.8661e+00',
[92mINFO [0m:      	        'train_time': '5.4116e+00'},
[92mINFO [0m:      	  36: { 'qtty_records': '10',
[92mINFO [0m:      	        'train_loss': '1.8633e+00',
[92mINFO [0m:      	        'train_time': '5.9640e+00'},
[92mINFO [0m:      	  37: { 'qtty_records': '9',
[92mINFO [0m:      	        'train_loss': '1.8723e+00',
[92mINFO [0m:      	        'train_time': '5.4245e+00'},
[92mINFO [0m:      	  38: { 'qtty_records': '10',
[92mINFO [0m:      	        'train_loss': '1.8538e+00',
[92mINFO [0m:      	        'train_time': '5.9760e+00'},
[92mINFO [0m:      	  39: { 'qtty_records': '9',
[92mINFO [0m:      	        'train_loss': '1.8607e+00',
[92mINFO [0m:      	        'train_time': '5.4375e+00'},
[92mINFO [0m:      	  40: { 'qtty_records': '10',
[92mINFO [0m:      	        'train_loss': '1.8672e+00',
[92mINFO [0m:      	        'train_time': '5.9551e+00'},
[92mINFO [0m:      	  41: { 'qtty_records': '9',
[92mINFO [0m:      	        'train_loss': '1.8832e+00',
[92mINFO [0m:      	        'train_time': '5.4204e+00'},
[92mINFO [0m:      	  42: { 'qtty_records': '10',
[92mINFO [0m:      	        'train_loss': '1.8538e+00',
[92mINFO [0m:      	        'train_time': '5.9717e+00'},
[92mINFO [0m:      	  43: { 'qtty_records': '9',
[92mINFO [0m:      	        'train_loss': '1.8548e+00',
[92mINFO [0m:      	        'train_time': '5.4153e+00'},
[92mINFO [0m:      	  44: { 'qtty_records': '10',
[92mINFO [0m:      	        'train_loss': '1.8500e+00',
[92mINFO [0m:      	        'train_time': '5.9585e+00'},
[92mINFO [0m:      	  45: { 'qtty_records': '9',
[92mINFO [0m:      	        'train_loss': '1.8478e+00',
[92mINFO [0m:      	        'train_time': '5.4248e+00'},
[92mINFO [0m:      	  46: { 'qtty_records': '10',
[92mINFO [0m:      	        'train_loss': '1.8535e+00',
[92mINFO [0m:      	        'train_time': '5.9596e+00'},
[92mINFO [0m:      	  47: { 'qtty_records': '9',
[92mINFO [0m:      	        'train_loss': '1.8526e+00',
[92mINFO [0m:      	        'train_time': '5.4229e+00'},
[92mINFO [0m:      	  48: { 'qtty_records': '10',
[92mINFO [0m:      	        'train_loss': '1.8617e+00',
[92mINFO [0m:      	        'train_time': '5.9655e+00'},
[92mINFO [0m:      	  49: { 'qtty_records': '9',
[92mINFO [0m:      	        'train_loss': '1.8582e+00',
[92mINFO [0m:      	        'train_time': '5.4325e+00'},
[92mINFO [0m:      	  50: { 'qtty_records': '10',
[92mINFO [0m:      	        'train_loss': '1.8397e+00',
[92mINFO [0m:      	        'train_time': '5.9600e+00'},
[92mINFO [0m:      	  51: { 'qtty_records': '9',
[92mINFO [0m:      	        'train_loss': '1.8525e+00',
[92mINFO [0m:      	        'train_time': '5.4226e+00'},
[92mINFO [0m:      	  52: { 'qtty_records': '10',
[92mINFO [0m:      	        'train_loss': '1.8409e+00',
[92mINFO [0m:      	        'train_time': '5.9460e+00'},
[92mINFO [0m:      	  53: { 'qtty_records': '9',
[92mINFO [0m:      	        'train_loss': '1.8432e+00',
[92mINFO [0m:      	        'train_time': '5.4143e+00'},
[92mINFO [0m:      	  54: { 'qtty_records': '10',
[92mINFO [0m:      	        'train_loss': '1.8468e+00',
[92mINFO [0m:      	        'train_time': '5.9463e+00'},
[92mINFO [0m:      	  55: { 'qtty_records': '9',
[92mINFO [0m:      	        'train_loss': '1.8384e+00',
[92mINFO [0m:      	        'train_time': '5.4251e+00'},
[92mINFO [0m:      	  56: { 'qtty_records': '10',
[92mINFO [0m:      	        'train_loss': '1.8275e+00',
[92mINFO [0m:      	        'train_time': '5.9974e+00'},
[92mINFO [0m:      	  57: { 'qtty_records': '9',
[92mINFO [0m:      	        'train_loss': '1.8351e+00',
[92mINFO [0m:      	        'train_time': '5.4205e+00'},
[92mINFO [0m:      	  58: { 'qtty_records': '10',
[92mINFO [0m:      	        'train_loss': '1.8480e+00',
[92mINFO [0m:      	        'train_time': '5.9691e+00'},
[92mINFO [0m:      	  59: { 'qtty_records': '9',
[92mINFO [0m:      	        'train_loss': '1.8641e+00',
[92mINFO [0m:      	        'train_time': '5.4249e+00'},
[92mINFO [0m:      	  60: { 'qtty_records': '10',
[92mINFO [0m:      	        'train_loss': '1.8507e+00',
[92mINFO [0m:      	        'train_time': '5.9431e+00'},
[92mINFO [0m:      	  61: { 'qtty_records': '9',
[92mINFO [0m:      	        'train_loss': '1.8523e+00',
[92mINFO [0m:      	        'train_time': '5.4321e+00'},
[92mINFO [0m:      	  62: { 'qtty_records': '10',
[92mINFO [0m:      	        'train_loss': '1.8542e+00',
[92mINFO [0m:      	        'train_time': '5.9643e+00'},
[92mINFO [0m:      	  63: { 'qtty_records': '9',
[92mINFO [0m:      	        'train_loss': '1.8326e+00',
[92mINFO [0m:      	        'train_time': '5.4220e+00'},
[92mINFO [0m:      	  64: { 'qtty_records': '10',
[92mINFO [0m:      	        'train_loss': '1.8544e+00',
[92mINFO [0m:      	        'train_time': '5.9375e+00'},
[92mINFO [0m:      	  65: { 'qtty_records': '9',
[92mINFO [0m:      	        'train_loss': '1.8263e+00',
[92mINFO [0m:      	        'train_time': '5.4119e+00'},
[92mINFO [0m:      	  66: { 'qtty_records': '10',
[92mINFO [0m:      	        'train_loss': '1.8309e+00',
[92mINFO [0m:      	        'train_time': '5.9462e+00'},
[92mINFO [0m:      	  67: { 'qtty_records': '9',
[92mINFO [0m:      	        'train_loss': '1.8502e+00',
[92mINFO [0m:      	        'train_time': '5.4239e+00'},
[92mINFO [0m:      	  68: { 'qtty_records': '10',
[92mINFO [0m:      	        'train_loss': '1.8493e+00',
[92mINFO [0m:      	        'train_time': '5.9598e+00'},
[92mINFO [0m:      	  69: { 'qtty_records': '9',
[92mINFO [0m:      	        'train_loss': '1.8445e+00',
[92mINFO [0m:      	        'train_time': '5.4297e+00'},
[92mINFO [0m:      	  70: { 'qtty_records': '10',
[92mINFO [0m:      	        'train_loss': '1.8528e+00',
[92mINFO [0m:      	        'train_time': '5.9490e+00'},
[92mINFO [0m:      	  71: { 'qtty_records': '9',
[92mINFO [0m:      	        'train_loss': '1.8614e+00',
[92mINFO [0m:      	        'train_time': '5.4327e+00'},
[92mINFO [0m:      	  72: { 'qtty_records': '10',
[92mINFO [0m:      	        'train_loss': '1.8343e+00',
[92mINFO [0m:      	        'train_time': '5.9464e+00'},
[92mINFO [0m:      	  73: { 'qtty_records': '9',
[92mINFO [0m:      	        'train_loss': '1.8067e+00',
[92mINFO [0m:      	        'train_time': '5.4304e+00'},
[92mINFO [0m:      	  74: { 'qtty_records': '10',
[92mINFO [0m:      	        'train_loss': '1.8429e+00',
[92mINFO [0m:      	        'train_time': '5.9494e+00'},
[92mINFO [0m:      	  75: { 'qtty_records': '9',
[92mINFO [0m:      	        'train_loss': '1.8225e+00',
[92mINFO [0m:      	        'train_time': '5.4245e+00'},
[92mINFO [0m:      	  76: { 'qtty_records': '10',
[92mINFO [0m:      	        'train_loss': '1.8485e+00',
[92mINFO [0m:      	        'train_time': '5.9602e+00'},
[92mINFO [0m:      	  77: { 'qtty_records': '9',
[92mINFO [0m:      	        'train_loss': '1.8443e+00',
[92mINFO [0m:      	        'train_time': '5.4282e+00'},
[92mINFO [0m:      	  78: { 'qtty_records': '10',
[92mINFO [0m:      	        'train_loss': '1.8319e+00',
[92mINFO [0m:      	        'train_time': '5.9553e+00'},
[92mINFO [0m:      	  79: { 'qtty_records': '9',
[92mINFO [0m:      	        'train_loss': '1.8288e+00',
[92mINFO [0m:      	        'train_time': '5.4270e+00'},
[92mINFO [0m:      	  80: { 'qtty_records': '10',
[92mINFO [0m:      	        'train_loss': '1.8476e+00',
[92mINFO [0m:      	        'train_time': '5.9519e+00'},
[92mINFO [0m:      	  81: { 'qtty_records': '9',
[92mINFO [0m:      	        'train_loss': '1.8541e+00',
[92mINFO [0m:      	        'train_time': '5.4275e+00'},
[92mINFO [0m:      	  82: { 'qtty_records': '10',
[92mINFO [0m:      	        'train_loss': '1.8272e+00',
[92mINFO [0m:      	        'train_time': '5.9470e+00'},
[92mINFO [0m:      	  83: { 'qtty_records': '9',
[92mINFO [0m:      	        'train_loss': '1.8288e+00',
[92mINFO [0m:      	        'train_time': '5.4221e+00'},
[92mINFO [0m:      	  84: { 'qtty_records': '10',
[92mINFO [0m:      	        'train_loss': '1.8504e+00',
[92mINFO [0m:      	        'train_time': '5.9577e+00'},
[92mINFO [0m:      	  85: { 'qtty_records': '9',
[92mINFO [0m:      	        'train_loss': '1.8352e+00',
[92mINFO [0m:      	        'train_time': '5.4127e+00'},
[92mINFO [0m:      	  86: { 'qtty_records': '10',
[92mINFO [0m:      	        'train_loss': '1.8290e+00',
[92mINFO [0m:      	        'train_time': '5.9534e+00'},
[92mINFO [0m:      	  87: { 'qtty_records': '9',
[92mINFO [0m:      	        'train_loss': '1.8069e+00',
[92mINFO [0m:      	        'train_time': '5.4396e+00'},
[92mINFO [0m:      	  88: { 'qtty_records': '10',
[92mINFO [0m:      	        'train_loss': '1.8428e+00',
[92mINFO [0m:      	        'train_time': '5.9503e+00'},
[92mINFO [0m:      	  89: { 'qtty_records': '9',
[92mINFO [0m:      	        'train_loss': '1.8549e+00',
[92mINFO [0m:      	        'train_time': '5.4186e+00'},
[92mINFO [0m:      	  90: { 'qtty_records': '10',
[92mINFO [0m:      	        'train_loss': '1.8447e+00',
[92mINFO [0m:      	        'train_time': '5.9388e+00'},
[92mINFO [0m:      	  91: { 'qtty_records': '9',
[92mINFO [0m:      	        'train_loss': '1.8356e+00',
[92mINFO [0m:      	        'train_time': '5.4197e+00'},
[92mINFO [0m:      	  92: { 'qtty_records': '10',
[92mINFO [0m:      	        'train_loss': '1.8468e+00',
[92mINFO [0m:      	        'train_time': '5.9448e+00'},
[92mINFO [0m:      	  93: { 'qtty_records': '9',
[92mINFO [0m:      	        'train_loss': '1.8474e+00',
[92mINFO [0m:      	        'train_time': '5.4087e+00'},
[92mINFO [0m:      	  94: { 'qtty_records': '10',
[92mINFO [0m:      	        'train_loss': '1.8526e+00',
[92mINFO [0m:      	        'train_time': '5.9489e+00'},
[92mINFO [0m:      	  95: { 'qtty_records': '9',
[92mINFO [0m:      	        'train_loss': '1.8427e+00',
[92mINFO [0m:      	        'train_time': '5.4219e+00'},
[92mINFO [0m:      	  96: { 'qtty_records': '10',
[92mINFO [0m:      	        'train_loss': '1.8674e+00',
[92mINFO [0m:      	        'train_time': '5.9436e+00'},
[92mINFO [0m:      	  97: { 'qtty_records': '9',
[92mINFO [0m:      	        'train_loss': '1.8412e+00',
[92mINFO [0m:      	        'train_time': '5.4333e+00'},
[92mINFO [0m:      	  98: { 'qtty_records': '10',
[92mINFO [0m:      	        'train_loss': '1.8374e+00',
[92mINFO [0m:      	        'train_time': '5.9495e+00'},
[92mINFO [0m:      	  99: { 'qtty_records': '9',
[92mINFO [0m:      	        'train_loss': '1.8436e+00',
[92mINFO [0m:      	        'train_time': '5.4209e+00'},
[92mINFO [0m:      	  100: { 'qtty_records': '10',
[92mINFO [0m:      	         'train_loss': '1.8537e+00',
[92mINFO [0m:      	         'train_time': '5.9450e+00'}}
[92mINFO [0m:      	
[92mINFO [0m:      	Aggregated ClientApp-side Evaluate Metrics:
[92mINFO [0m:      	{ 1: { 'eval_acc': '1.0290e-01',
[92mINFO [0m:      	       'eval_loss': '2.4074e+00',
[92mINFO [0m:      	       'time': '5.0242e+01'},
[92mINFO [0m:      	  2: { 'eval_acc': '1.0580e-01',
[92mINFO [0m:      	       'eval_loss': '2.3252e+00',
[92mINFO [0m:      	       'time': '5.7305e+01'},
[92mINFO [0m:      	  3: { 'eval_acc': '1.8000e-01',
[92mINFO [0m:      	       'eval_loss': '2.2069e+00',
[92mINFO [0m:      	       'time': '6.4789e+01'},
[92mINFO [0m:      	  4: { 'eval_acc': '1.6660e-01',
[92mINFO [0m:      	       'eval_loss': '2.1463e+00',
[92mINFO [0m:      	       'time': '7.1849e+01'},
[92mINFO [0m:      	  5: { 'eval_acc': '1.8560e-01',
[92mINFO [0m:      	       'eval_loss': '2.1652e+00',
[92mINFO [0m:      	       'time': '7.8983e+01'},
[92mINFO [0m:      	  6: { 'eval_acc': '2.2590e-01',
[92mINFO [0m:      	       'eval_loss': '2.0867e+00',
[92mINFO [0m:      	       'time': '8.6043e+01'},
[92mINFO [0m:      	  7: { 'eval_acc': '2.3470e-01',
[92mINFO [0m:      	       'eval_loss': '2.0435e+00',
[92mINFO [0m:      	       'time': '9.3176e+01'},
[92mINFO [0m:      	  8: { 'eval_acc': '2.5850e-01',
[92mINFO [0m:      	       'eval_loss': '2.0060e+00',
[92mINFO [0m:      	       'time': '1.0021e+02'},
[92mINFO [0m:      	  9: { 'eval_acc': '2.7030e-01',
[92mINFO [0m:      	       'eval_loss': '1.9754e+00',
[92mINFO [0m:      	       'time': '1.0735e+02'},
[92mINFO [0m:      	  10: { 'eval_acc': '2.5370e-01',
[92mINFO [0m:      	        'eval_loss': '2.0182e+00',
[92mINFO [0m:      	        'time': '1.1438e+02'},
[92mINFO [0m:      	  11: { 'eval_acc': '3.0400e-01',
[92mINFO [0m:      	        'eval_loss': '1.9271e+00',
[92mINFO [0m:      	        'time': '1.2153e+02'},
[92mINFO [0m:      	  12: { 'eval_acc': '2.7970e-01',
[92mINFO [0m:      	        'eval_loss': '2.0035e+00',
[92mINFO [0m:      	        'time': '1.2859e+02'},
[92mINFO [0m:      	  13: { 'eval_acc': '3.0510e-01',
[92mINFO [0m:      	        'eval_loss': '1.9482e+00',
[92mINFO [0m:      	        'time': '1.3562e+02'},
[92mINFO [0m:      	  14: { 'eval_acc': '2.7970e-01',
[92mINFO [0m:      	        'eval_loss': '1.9425e+00',
[92mINFO [0m:      	        'time': '1.4269e+02'},
[92mINFO [0m:      	  15: { 'eval_acc': '2.6810e-01',
[92mINFO [0m:      	        'eval_loss': '1.9704e+00',
[92mINFO [0m:      	        'time': '1.4982e+02'},
[92mINFO [0m:      	  16: { 'eval_acc': '2.9670e-01',
[92mINFO [0m:      	        'eval_loss': '1.9192e+00',
[92mINFO [0m:      	        'time': '1.5686e+02'},
[92mINFO [0m:      	  17: { 'eval_acc': '3.1170e-01',
[92mINFO [0m:      	        'eval_loss': '1.9133e+00',
[92mINFO [0m:      	        'time': '1.6400e+02'},
[92mINFO [0m:      	  18: { 'eval_acc': '3.0720e-01',
[92mINFO [0m:      	        'eval_loss': '1.9383e+00',
[92mINFO [0m:      	        'time': '1.7113e+02'},
[92mINFO [0m:      	  19: { 'eval_acc': '3.3260e-01',
[92mINFO [0m:      	        'eval_loss': '1.8723e+00',
[92mINFO [0m:      	        'time': '1.7828e+02'},
[92mINFO [0m:      	  20: { 'eval_acc': '3.0760e-01',
[92mINFO [0m:      	        'eval_loss': '1.8825e+00',
[92mINFO [0m:      	        'time': '1.8534e+02'},
[92mINFO [0m:      	  21: { 'eval_acc': '3.0670e-01',
[92mINFO [0m:      	        'eval_loss': '1.8971e+00',
[92mINFO [0m:      	        'time': '1.9247e+02'},
[92mINFO [0m:      	  22: { 'eval_acc': '3.1120e-01',
[92mINFO [0m:      	        'eval_loss': '1.9279e+00',
[92mINFO [0m:      	        'time': '1.9954e+02'},
[92mINFO [0m:      	  23: { 'eval_acc': '3.1940e-01',
[92mINFO [0m:      	        'eval_loss': '1.8857e+00',
[92mINFO [0m:      	        'time': '2.0657e+02'},
[92mINFO [0m:      	  24: { 'eval_acc': '3.2140e-01',
[92mINFO [0m:      	        'eval_loss': '1.8847e+00',
[92mINFO [0m:      	        'time': '2.1360e+02'},
[92mINFO [0m:      	  25: { 'eval_acc': '3.3570e-01',
[92mINFO [0m:      	        'eval_loss': '1.8713e+00',
[92mINFO [0m:      	        'time': '2.2066e+02'},
[92mINFO [0m:      	  26: { 'eval_acc': '3.3490e-01',
[92mINFO [0m:      	        'eval_loss': '1.8810e+00',
[92mINFO [0m:      	        'time': '2.2783e+02'},
[92mINFO [0m:      	  27: { 'eval_acc': '3.2250e-01',
[92mINFO [0m:      	        'eval_loss': '1.8577e+00',
[92mINFO [0m:      	        'time': '2.3487e+02'},
[92mINFO [0m:      	  28: { 'eval_acc': '3.4190e-01',
[92mINFO [0m:      	        'eval_loss': '1.8170e+00',
[92mINFO [0m:      	        'time': '2.4203e+02'},
[92mINFO [0m:      	  29: { 'eval_acc': '3.2910e-01',
[92mINFO [0m:      	        'eval_loss': '1.8468e+00',
[92mINFO [0m:      	        'time': '2.4908e+02'},
[92mINFO [0m:      	  30: { 'eval_acc': '3.3620e-01',
[92mINFO [0m:      	        'eval_loss': '1.8886e+00',
[92mINFO [0m:      	        'time': '2.5614e+02'},
[92mINFO [0m:      	  31: { 'eval_acc': '3.3020e-01',
[92mINFO [0m:      	        'eval_loss': '1.8760e+00',
[92mINFO [0m:      	        'time': '2.6328e+02'},
[92mINFO [0m:      	  32: { 'eval_acc': '3.4900e-01',
[92mINFO [0m:      	        'eval_loss': '1.8625e+00',
[92mINFO [0m:      	        'time': '2.7034e+02'},
[92mINFO [0m:      	  33: { 'eval_acc': '3.3210e-01',
[92mINFO [0m:      	        'eval_loss': '1.8526e+00',
[92mINFO [0m:      	        'time': '2.7747e+02'},
[92mINFO [0m:      	  34: { 'eval_acc': '3.4040e-01',
[92mINFO [0m:      	        'eval_loss': '1.8720e+00',
[92mINFO [0m:      	        'time': '2.8451e+02'},
[92mINFO [0m:      	  35: { 'eval_acc': '3.5380e-01',
[92mINFO [0m:      	        'eval_loss': '1.8691e+00',
[92mINFO [0m:      	        'time': '2.9165e+02'},
[92mINFO [0m:      	  36: { 'eval_acc': '3.4140e-01',
[92mINFO [0m:      	        'eval_loss': '1.8678e+00',
[92mINFO [0m:      	        'time': '2.9878e+02'},
[92mINFO [0m:      	  37: { 'eval_acc': '3.4240e-01',
[92mINFO [0m:      	        'eval_loss': '1.8567e+00',
[92mINFO [0m:      	        'time': '3.0593e+02'},
[92mINFO [0m:      	  38: { 'eval_acc': '3.6520e-01',
[92mINFO [0m:      	        'eval_loss': '1.8043e+00',
[92mINFO [0m:      	        'time': '3.1296e+02'},
[92mINFO [0m:      	  39: { 'eval_acc': '3.6870e-01',
[92mINFO [0m:      	        'eval_loss': '1.8522e+00',
[92mINFO [0m:      	        'time': '3.2011e+02'},
[92mINFO [0m:      	  40: { 'eval_acc': '3.7300e-01',
[92mINFO [0m:      	        'eval_loss': '1.8164e+00',
[92mINFO [0m:      	        'time': '3.2716e+02'},
[92mINFO [0m:      	  41: { 'eval_acc': '3.4720e-01',
[92mINFO [0m:      	        'eval_loss': '1.8964e+00',
[92mINFO [0m:      	        'time': '3.3430e+02'},
[92mINFO [0m:      	  42: { 'eval_acc': '3.5870e-01',
[92mINFO [0m:      	        'eval_loss': '1.8216e+00',
[92mINFO [0m:      	        'time': '3.4136e+02'},
[92mINFO [0m:      	  43: { 'eval_acc': '3.6830e-01',
[92mINFO [0m:      	        'eval_loss': '1.8055e+00',
[92mINFO [0m:      	        'time': '3.4842e+02'},
[92mINFO [0m:      	  44: { 'eval_acc': '3.5300e-01',
[92mINFO [0m:      	        'eval_loss': '1.8439e+00',
[92mINFO [0m:      	        'time': '3.5558e+02'},
[92mINFO [0m:      	  45: { 'eval_acc': '3.6490e-01',
[92mINFO [0m:      	        'eval_loss': '1.8267e+00',
[92mINFO [0m:      	        'time': '3.6261e+02'},
[92mINFO [0m:      	  46: { 'eval_acc': '3.6000e-01',
[92mINFO [0m:      	        'eval_loss': '1.8316e+00',
[92mINFO [0m:      	        'time': '3.6968e+02'},
[92mINFO [0m:      	  47: { 'eval_acc': '3.3540e-01',
[92mINFO [0m:      	        'eval_loss': '1.8454e+00',
[92mINFO [0m:      	        'time': '3.7671e+02'},
[92mINFO [0m:      	  48: { 'eval_acc': '3.5650e-01',
[92mINFO [0m:      	        'eval_loss': '1.8164e+00',
[92mINFO [0m:      	        'time': '3.8387e+02'},
[92mINFO [0m:      	  49: { 'eval_acc': '3.6220e-01',
[92mINFO [0m:      	        'eval_loss': '1.8145e+00',
[92mINFO [0m:      	        'time': '3.9091e+02'},
[92mINFO [0m:      	  50: { 'eval_acc': '3.7530e-01',
[92mINFO [0m:      	        'eval_loss': '1.8153e+00',
[92mINFO [0m:      	        'time': '3.9796e+02'},
[92mINFO [0m:      	  51: { 'eval_acc': '3.5820e-01',
[92mINFO [0m:      	        'eval_loss': '1.8350e+00',
[92mINFO [0m:      	        'time': '4.0501e+02'},
[92mINFO [0m:      	  52: { 'eval_acc': '3.7510e-01',
[92mINFO [0m:      	        'eval_loss': '1.8070e+00',
[92mINFO [0m:      	        'time': '4.1208e+02'},
[92mINFO [0m:      	  53: { 'eval_acc': '3.5050e-01',
[92mINFO [0m:      	        'eval_loss': '1.8618e+00',
[92mINFO [0m:      	        'time': '4.1911e+02'},
[92mINFO [0m:      	  54: { 'eval_acc': '3.7750e-01',
[92mINFO [0m:      	        'eval_loss': '1.7964e+00',
[92mINFO [0m:      	        'time': '4.2615e+02'},
[92mINFO [0m:      	  55: { 'eval_acc': '3.6970e-01',
[92mINFO [0m:      	        'eval_loss': '1.8124e+00',
[92mINFO [0m:      	        'time': '4.3328e+02'},
[92mINFO [0m:      	  56: { 'eval_acc': '3.8810e-01',
[92mINFO [0m:      	        'eval_loss': '1.7785e+00',
[92mINFO [0m:      	        'time': '4.4034e+02'},
[92mINFO [0m:      	  57: { 'eval_acc': '3.6710e-01',
[92mINFO [0m:      	        'eval_loss': '1.8519e+00',
[92mINFO [0m:      	        'time': '4.4740e+02'},
[92mINFO [0m:      	  58: { 'eval_acc': '3.6300e-01',
[92mINFO [0m:      	        'eval_loss': '1.8498e+00',
[92mINFO [0m:      	        'time': '4.5446e+02'},
[92mINFO [0m:      	  59: { 'eval_acc': '3.6020e-01',
[92mINFO [0m:      	        'eval_loss': '1.8433e+00',
[92mINFO [0m:      	        'time': '4.6149e+02'},
[92mINFO [0m:      	  60: { 'eval_acc': '3.6130e-01',
[92mINFO [0m:      	        'eval_loss': '1.8547e+00',
[92mINFO [0m:      	        'time': '4.6855e+02'},
[92mINFO [0m:      	  61: { 'eval_acc': '3.5340e-01',
[92mINFO [0m:      	        'eval_loss': '1.8394e+00',
[92mINFO [0m:      	        'time': '4.7559e+02'},
[92mINFO [0m:      	  62: { 'eval_acc': '3.6570e-01',
[92mINFO [0m:      	        'eval_loss': '1.8247e+00',
[92mINFO [0m:      	        'time': '4.8265e+02'},
[92mINFO [0m:      	  63: { 'eval_acc': '3.3660e-01',
[92mINFO [0m:      	        'eval_loss': '1.8860e+00',
[92mINFO [0m:      	        'time': '4.8978e+02'},
[92mINFO [0m:      	  64: { 'eval_acc': '3.5660e-01',
[92mINFO [0m:      	        'eval_loss': '1.8477e+00',
[92mINFO [0m:      	        'time': '4.9685e+02'},
[92mINFO [0m:      	  65: { 'eval_acc': '3.8250e-01',
[92mINFO [0m:      	        'eval_loss': '1.7794e+00',
[92mINFO [0m:      	        'time': '5.0398e+02'},
[92mINFO [0m:      	  66: { 'eval_acc': '3.8000e-01',
[92mINFO [0m:      	        'eval_loss': '1.8126e+00',
[92mINFO [0m:      	        'time': '5.1104e+02'},
[92mINFO [0m:      	  67: { 'eval_acc': '3.5170e-01',
[92mINFO [0m:      	        'eval_loss': '1.8630e+00',
[92mINFO [0m:      	        'time': '5.1808e+02'},
[92mINFO [0m:      	  68: { 'eval_acc': '3.7320e-01',
[92mINFO [0m:      	        'eval_loss': '1.8259e+00',
[92mINFO [0m:      	        'time': '5.2525e+02'},
[92mINFO [0m:      	  69: { 'eval_acc': '3.5460e-01',
[92mINFO [0m:      	        'eval_loss': '1.8520e+00',
[92mINFO [0m:      	        'time': '5.3228e+02'},
[92mINFO [0m:      	  70: { 'eval_acc': '3.6440e-01',
[92mINFO [0m:      	        'eval_loss': '1.8204e+00',
[92mINFO [0m:      	        'time': '5.3944e+02'},
[92mINFO [0m:      	  71: { 'eval_acc': '3.5500e-01',
[92mINFO [0m:      	        'eval_loss': '1.8899e+00',
[92mINFO [0m:      	        'time': '5.4648e+02'},
[92mINFO [0m:      	  72: { 'eval_acc': '3.7930e-01',
[92mINFO [0m:      	        'eval_loss': '1.7805e+00',
[92mINFO [0m:      	        'time': '5.5364e+02'},
[92mINFO [0m:      	  73: { 'eval_acc': '3.8470e-01',
[92mINFO [0m:      	        'eval_loss': '1.7726e+00',
[92mINFO [0m:      	        'time': '5.6067e+02'},
[92mINFO [0m:      	  74: { 'eval_acc': '3.8390e-01',
[92mINFO [0m:      	        'eval_loss': '1.8185e+00',
[92mINFO [0m:      	        'time': '5.6783e+02'},
[92mINFO [0m:      	  75: { 'eval_acc': '3.7530e-01',
[92mINFO [0m:      	        'eval_loss': '1.8084e+00',
[92mINFO [0m:      	        'time': '5.7487e+02'},
[92mINFO [0m:      	  76: { 'eval_acc': '3.7690e-01',
[92mINFO [0m:      	        'eval_loss': '1.8237e+00',
[92mINFO [0m:      	        'time': '5.8202e+02'},
[92mINFO [0m:      	  77: { 'eval_acc': '3.5670e-01',
[92mINFO [0m:      	        'eval_loss': '1.8207e+00',
[92mINFO [0m:      	        'time': '5.8906e+02'},
[92mINFO [0m:      	  78: { 'eval_acc': '3.9090e-01',
[92mINFO [0m:      	        'eval_loss': '1.7928e+00',
[92mINFO [0m:      	        'time': '5.9609e+02'},
[92mINFO [0m:      	  79: { 'eval_acc': '3.8470e-01',
[92mINFO [0m:      	        'eval_loss': '1.7850e+00',
[92mINFO [0m:      	        'time': '6.0312e+02'},
[92mINFO [0m:      	  80: { 'eval_acc': '3.6930e-01',
[92mINFO [0m:      	        'eval_loss': '1.8369e+00',
[92mINFO [0m:      	        'time': '6.1026e+02'},
[92mINFO [0m:      	  81: { 'eval_acc': '3.6770e-01',
[92mINFO [0m:      	        'eval_loss': '1.8307e+00',
[92mINFO [0m:      	        'time': '6.1732e+02'},
[92mINFO [0m:      	  82: { 'eval_acc': '3.7900e-01',
[92mINFO [0m:      	        'eval_loss': '1.8115e+00',
[92mINFO [0m:      	        'time': '6.2438e+02'},
[92mINFO [0m:      	  83: { 'eval_acc': '3.4860e-01',
[92mINFO [0m:      	        'eval_loss': '1.8827e+00',
[92mINFO [0m:      	        'time': '6.3153e+02'},
[92mINFO [0m:      	  84: { 'eval_acc': '3.8290e-01',
[92mINFO [0m:      	        'eval_loss': '1.7983e+00',
[92mINFO [0m:      	        'time': '6.3867e+02'},
[92mINFO [0m:      	  85: { 'eval_acc': '3.6310e-01',
[92mINFO [0m:      	        'eval_loss': '1.8370e+00',
[92mINFO [0m:      	        'time': '6.4573e+02'},
[92mINFO [0m:      	  86: { 'eval_acc': '3.6560e-01',
[92mINFO [0m:      	        'eval_loss': '1.8280e+00',
[92mINFO [0m:      	        'time': '6.5279e+02'},
[92mINFO [0m:      	  87: { 'eval_acc': '3.7620e-01',
[92mINFO [0m:      	        'eval_loss': '1.7899e+00',
[92mINFO [0m:      	        'time': '6.5985e+02'},
[92mINFO [0m:      	  88: { 'eval_acc': '3.6250e-01',
[92mINFO [0m:      	        'eval_loss': '1.8765e+00',
[92mINFO [0m:      	        'time': '6.6701e+02'},
[92mINFO [0m:      	  89: { 'eval_acc': '3.6190e-01',
[92mINFO [0m:      	        'eval_loss': '1.8163e+00',
[92mINFO [0m:      	        'time': '6.7405e+02'},
[92mINFO [0m:      	  90: { 'eval_acc': '3.7640e-01',
[92mINFO [0m:      	        'eval_loss': '1.8364e+00',
[92mINFO [0m:      	        'time': '6.8111e+02'},
[92mINFO [0m:      	  91: { 'eval_acc': '3.7060e-01',
[92mINFO [0m:      	        'eval_loss': '1.8471e+00',
[92mINFO [0m:      	        'time': '6.8814e+02'},
[92mINFO [0m:      	  92: { 'eval_acc': '3.8580e-01',
[92mINFO [0m:      	        'eval_loss': '1.8126e+00',
[92mINFO [0m:      	        'time': '6.9527e+02'},
[92mINFO [0m:      	  93: { 'eval_acc': '3.6300e-01',
[92mINFO [0m:      	        'eval_loss': '1.8599e+00',
[92mINFO [0m:      	        'time': '7.0233e+02'},
[92mINFO [0m:      	  94: { 'eval_acc': '3.6540e-01',
[92mINFO [0m:      	        'eval_loss': '1.8399e+00',
[92mINFO [0m:      	        'time': '7.0939e+02'},
[92mINFO [0m:      	  95: { 'eval_acc': '3.9100e-01',
[92mINFO [0m:      	        'eval_loss': '1.7988e+00',
[92mINFO [0m:      	        'time': '7.1642e+02'},
[92mINFO [0m:      	  96: { 'eval_acc': '3.6770e-01',
[92mINFO [0m:      	        'eval_loss': '1.8510e+00',
[92mINFO [0m:      	        'time': '7.2348e+02'},
[92mINFO [0m:      	  97: { 'eval_acc': '3.5880e-01',
[92mINFO [0m:      	        'eval_loss': '1.8443e+00',
[92mINFO [0m:      	        'time': '7.3064e+02'},
[92mINFO [0m:      	  98: { 'eval_acc': '3.7480e-01',
[92mINFO [0m:      	        'eval_loss': '1.8256e+00',
[92mINFO [0m:      	        'time': '7.3770e+02'},
[92mINFO [0m:      	  99: { 'eval_acc': '3.6240e-01',
[92mINFO [0m:      	        'eval_loss': '1.8329e+00',
[92mINFO [0m:      	        'time': '7.4473e+02'},
[92mINFO [0m:      	  100: { 'eval_acc': '3.7270e-01',
[92mINFO [0m:      	         'eval_loss': '1.8409e+00',
[92mINFO [0m:      	         'time': '7.5177e+02'}}
[92mINFO [0m:      	
[92mINFO [0m:      	ServerApp-side Evaluate Metrics:
[92mINFO [0m:      	{}
[92mINFO [0m:      
[92mINFO [0m:      CSV saved: results/cifar10/10/FedSaSync_fs1_m8.csv
[36m(ClientAppActor pid=2616742)[0m [2026-05-20 02:53:06,970 E 2616742 2617612] core_worker_process.cc:825: Failed to establish connection to the metrics exporter agent. Metrics will not be exported. Exporter agent status: RpcError: Running out of retries to initialize the metrics agent. rpc_code: 14[32m [repeated 15x across cluster][0m
[92mINFO [0m:      
