fs=1 m=9 i=5
Starting local SuperLink on 127.0.0.1:39093...
⚠️ Warning: `options.` fields in the SuperLink connection configuration are deprecated. Use `--federation-config` with `flwr run` instead. Alternatively, permanently set your simulation configuration via `flwr federation simulation-config`.
🎊 Successfully started run 9580079534550692784
[92mINFO [0m:      Starting Flower Simulation
Successfully installed fedsasync to /tmp/Victor-Hidalgo-1436506-84-0/.flwr/apps/flwrlabs.fedsasync.1.0.0.f4a93b94.
[92mINFO [0m:      Starting FedSaSync strategy:
[92mINFO [0m:      	├── Number of rounds: 100
[92mINFO [0m:      	├── ArrayRecord (0.24 MB)
[92mINFO [0m:      	├── ConfigRecord (train): (empty!)
[92mINFO [0m:      	├── ConfigRecord (evaluate): (empty!)
[92mINFO [0m:      	├──> Sampling:
[92mINFO [0m:      	│	├──Fraction: train (1.00) | evaluate ( 1.00)
[92mINFO [0m:      	│	├──Minimum nodes: train (2) | evaluate (2)
[92mINFO [0m:      	│	└──Minimum available nodes: 2
[92mINFO [0m:      	└──> Keys in records:
[92mINFO [0m:      		├── Weighted by: 'num-examples'
[92mINFO [0m:      		├── ArrayRecord key: 'arrays'
[92mINFO [0m:      		└── ConfigRecord key: 'config'
[92mINFO [0m:      
[92mINFO [0m:      
[92mINFO [0m:      [ROUND 1/100]
[92mINFO [0m:      configure_train: Sampled 10 nodes (out of 10)
/home/Victor.Hidalgo/.pyenv/versions/3.12.12/envs/fedsasync/lib/python3.12/site-packages/ray/_private/worker.py:2051: FutureWarning: Tip: In future versions of Ray, Ray will no longer override accelerator visible devices env var if num_gpus=0 or num_gpus=None (default). To enable this behavior and turn off this error message, set RAY_ACCEL_ENV_VAR_OVERRIDE_ON_ZERO=0
  warnings.warn(
[36m(ClientAppActor pid=1724017)[0m Warning: You are sending unauthenticated requests to the HF Hub. Please set a HF_TOKEN to enable higher rate limits and faster downloads.
[92mINFO [0m:      aggregate_train: Received 9 results and 0 failures
[92mINFO [0m:      	└──> Aggregated MetricRecord: {'train_loss': 2.2188472096125285, 'train_time': 7.539669926899175, 'qtty_records': 9}
[92mINFO [0m:      configure_evaluate: Sampled 10 nodes (out of 10)
[36m(pid=gcs_server)[0m [2026-05-20 02:53:51,212 E 1722694 1722694] (gcs_server) gcs_server.cc:302: Failed to establish connection to the event+metrics exporter agent. Events and metrics will not be exported. Exporter agent status: RpcError: Running out of retries to initialize the metrics agent. rpc_code: 14
[36m(ClientAppActor pid=1724027)[0m Warning: You are sending unauthenticated requests to the HF Hub. Please set a HF_TOKEN to enable higher rate limits and faster downloads.[32m [repeated 9x across cluster] (Ray deduplicates logs by default. Set RAY_DEDUP_LOGS=0 to disable log deduplication, or see https://docs.ray.io/en/master/ray-observability/user-guides/configure-logging.html#log-deduplication for more options.)[0m
[33m(raylet)[0m [2026-05-20 02:53:53,157 E 1722970 1722970] (raylet) main.cc:975: Failed to establish connection to the metrics exporter agent. Metrics will not be exported. Exporter agent status: RpcError: Running out of retries to initialize the metrics agent. rpc_code: 14
[36m(ClientAppActor pid=1723994)[0m [2026-05-20 02:53:57,056 E 1723994 1724178] core_worker_process.cc:825: Failed to establish connection to the metrics exporter agent. Metrics will not be exported. Exporter agent status: RpcError: Running out of retries to initialize the metrics agent. rpc_code: 14
[36m(ClientAppActor pid=1723999)[0m Warning: You are sending unauthenticated requests to the HF Hub. Please set a HF_TOKEN to enable higher rate limits and faster downloads.
[92mINFO [0m:      aggregate_evaluate: Received 10 results and 0 failures
[92mINFO [0m:      	└──> Aggregated MetricRecord: {'eval_loss': 2.3843821577727797, 'eval_acc': 0.0942, 'time': 45.51046395301819}
[92mINFO [0m:      
[92mINFO [0m:      [ROUND 2/100]
[92mINFO [0m:      configure_train: Sampled 9 nodes (out of 10)
[92mINFO [0m:      aggregate_train: Received 10 results and 0 failures
[92mINFO [0m:      	└──> Aggregated MetricRecord: {'train_loss': 2.1756755026817323, 'train_time': 6.154457415640354, 'qtty_records': 10}
[92mINFO [0m:      configure_evaluate: Sampled 10 nodes (out of 10)
[92mINFO [0m:      aggregate_evaluate: Received 10 results and 0 failures
[92mINFO [0m:      	└──> Aggregated MetricRecord: {'eval_loss': 2.3364992260932924, 'eval_acc': 0.1077, 'time': 52.57325720787048}
[92mINFO [0m:      
[92mINFO [0m:      [ROUND 3/100]
[92mINFO [0m:      configure_train: Sampled 10 nodes (out of 10)
[92mINFO [0m:      aggregate_train: Received 9 results and 0 failures
[92mINFO [0m:      	└──> Aggregated MetricRecord: {'train_loss': 2.120772444407145, 'train_time': 5.476760992780328, 'qtty_records': 9}
[92mINFO [0m:      configure_evaluate: Sampled 10 nodes (out of 10)
[92mINFO [0m:      aggregate_evaluate: Received 10 results and 0 failures
[92mINFO [0m:      	└──> Aggregated MetricRecord: {'eval_loss': 2.1764492064714434, 'eval_acc': 0.17200000000000004, 'time': 59.74207258224487}
[92mINFO [0m:      
[92mINFO [0m:      [ROUND 4/100]
[92mINFO [0m:      configure_train: Sampled 9 nodes (out of 10)
[92mINFO [0m:      aggregate_train: Received 10 results and 0 failures
[92mINFO [0m:      	└──> Aggregated MetricRecord: {'train_loss': 2.062831677436829, 'train_time': 5.9850319376215335, 'qtty_records': 10}
[92mINFO [0m:      configure_evaluate: Sampled 10 nodes (out of 10)
[92mINFO [0m:      aggregate_evaluate: Received 10 results and 0 failures
[92mINFO [0m:      	└──> Aggregated MetricRecord: {'eval_loss': 2.152705789357424, 'eval_acc': 0.15730000000000002, 'time': 66.90883255004883}
[92mINFO [0m:      
[92mINFO [0m:      [ROUND 5/100]
[92mINFO [0m:      configure_train: Sampled 10 nodes (out of 10)
[92mINFO [0m:      aggregate_train: Received 9 results and 0 failures
[92mINFO [0m:      	└──> Aggregated MetricRecord: {'train_loss': 2.034099092059665, 'train_time': 5.460725565751393, 'qtty_records': 9}
[92mINFO [0m:      configure_evaluate: Sampled 10 nodes (out of 10)
[92mINFO [0m:      aggregate_evaluate: Received 10 results and 0 failures
[92mINFO [0m:      	└──> Aggregated MetricRecord: {'eval_loss': 2.1232404194772245, 'eval_acc': 0.1883, 'time': 73.96536612510681}
[92mINFO [0m:      
[92mINFO [0m:      [ROUND 6/100]
[92mINFO [0m:      configure_train: Sampled 9 nodes (out of 10)
[92mINFO [0m:      aggregate_train: Received 10 results and 0 failures
[92mINFO [0m:      	└──> Aggregated MetricRecord: {'train_loss': 2.019341202068329, 'train_time': 5.96352367401123, 'qtty_records': 10}
[92mINFO [0m:      configure_evaluate: Sampled 10 nodes (out of 10)
[92mINFO [0m:      aggregate_evaluate: Received 10 results and 0 failures
[92mINFO [0m:      	└──> Aggregated MetricRecord: {'eval_loss': 2.095780358090997, 'eval_acc': 0.23529999999999998, 'time': 81.12755799293518}
[92mINFO [0m:      
[92mINFO [0m:      [ROUND 7/100]
[92mINFO [0m:      configure_train: Sampled 10 nodes (out of 10)
[92mINFO [0m:      aggregate_train: Received 9 results and 0 failures
[92mINFO [0m:      	└──> Aggregated MetricRecord: {'train_loss': 1.9874393334918552, 'train_time': 5.4468064902143345, 'qtty_records': 9}
[92mINFO [0m:      configure_evaluate: Sampled 10 nodes (out of 10)
[92mINFO [0m:      aggregate_evaluate: Received 10 results and 0 failures
[92mINFO [0m:      	└──> Aggregated MetricRecord: {'eval_loss': 2.0103329576551916, 'eval_acc': 0.26080000000000003, 'time': 88.29385304450989}
[92mINFO [0m:      
[92mINFO [0m:      [ROUND 8/100]
[92mINFO [0m:      configure_train: Sampled 9 nodes (out of 10)
[92mINFO [0m:      aggregate_train: Received 10 results and 0 failures
[92mINFO [0m:      	└──> Aggregated MetricRecord: {'train_loss': 1.9795488582611085, 'train_time': 5.962130704522133, 'qtty_records': 10}
[92mINFO [0m:      configure_evaluate: Sampled 10 nodes (out of 10)
[92mINFO [0m:      aggregate_evaluate: Received 10 results and 0 failures
[92mINFO [0m:      	└──> Aggregated MetricRecord: {'eval_loss': 2.085839767754078, 'eval_acc': 0.211, 'time': 95.45999646186829}
[92mINFO [0m:      
[92mINFO [0m:      [ROUND 9/100]
[92mINFO [0m:      configure_train: Sampled 10 nodes (out of 10)
[92mINFO [0m:      aggregate_train: Received 9 results and 0 failures
[92mINFO [0m:      	└──> Aggregated MetricRecord: {'train_loss': 1.9595177790323892, 'train_time': 5.430446304587854, 'qtty_records': 9}
[92mINFO [0m:      configure_evaluate: Sampled 10 nodes (out of 10)
[92mINFO [0m:      aggregate_evaluate: Received 10 results and 0 failures
[92mINFO [0m:      	└──> Aggregated MetricRecord: {'eval_loss': 2.002030729874969, 'eval_acc': 0.27540000000000003, 'time': 102.90618181228638}
[92mINFO [0m:      
[92mINFO [0m:      [ROUND 10/100]
[92mINFO [0m:      configure_train: Sampled 9 nodes (out of 10)
[92mINFO [0m:      aggregate_train: Received 10 results and 0 failures
[92mINFO [0m:      	└──> Aggregated MetricRecord: {'train_loss': 1.9470372669219973, 'train_time': 5.959504934586585, 'qtty_records': 10}
[92mINFO [0m:      configure_evaluate: Sampled 10 nodes (out of 10)
[92mINFO [0m:      aggregate_evaluate: Received 10 results and 0 failures
[92mINFO [0m:      	└──> Aggregated MetricRecord: {'eval_loss': 2.0393802814185618, 'eval_acc': 0.26080000000000003, 'time': 110.06698536872864}
[92mINFO [0m:      
[92mINFO [0m:      [ROUND 11/100]
[92mINFO [0m:      configure_train: Sampled 10 nodes (out of 10)
[92mINFO [0m:      aggregate_train: Received 9 results and 0 failures
[92mINFO [0m:      	└──> Aggregated MetricRecord: {'train_loss': 1.9465608201556734, 'train_time': 5.452719947840604, 'qtty_records': 9}
[92mINFO [0m:      configure_evaluate: Sampled 10 nodes (out of 10)
[92mINFO [0m:      aggregate_evaluate: Received 10 results and 0 failures
[92mINFO [0m:      	└──> Aggregated MetricRecord: {'eval_loss': 1.9858179021626712, 'eval_acc': 0.26, 'time': 117.22472023963928}
[92mINFO [0m:      
[92mINFO [0m:      [ROUND 12/100]
[92mINFO [0m:      configure_train: Sampled 9 nodes (out of 10)
[92mINFO [0m:      aggregate_train: Received 10 results and 0 failures
[92mINFO [0m:      	└──> Aggregated MetricRecord: {'train_loss': 1.9362264727592469, 'train_time': 5.959320084750653, 'qtty_records': 10}
[92mINFO [0m:      configure_evaluate: Sampled 10 nodes (out of 10)
[92mINFO [0m:      aggregate_evaluate: Received 10 results and 0 failures
[92mINFO [0m:      	└──> Aggregated MetricRecord: {'eval_loss': 2.0060280285775662, 'eval_acc': 0.28090000000000004, 'time': 124.29023694992065}
[92mINFO [0m:      
[92mINFO [0m:      [ROUND 13/100]
[92mINFO [0m:      configure_train: Sampled 10 nodes (out of 10)
[92mINFO [0m:      aggregate_train: Received 9 results and 0 failures
[92mINFO [0m:      	└──> Aggregated MetricRecord: {'train_loss': 1.9399314392937552, 'train_time': 5.429490198588206, 'qtty_records': 9}
[92mINFO [0m:      configure_evaluate: Sampled 10 nodes (out of 10)
[92mINFO [0m:      aggregate_evaluate: Received 10 results and 0 failures
[92mINFO [0m:      	└──> Aggregated MetricRecord: {'eval_loss': 1.9501100711524488, 'eval_acc': 0.2767, 'time': 131.34821724891663}
[92mINFO [0m:      
[92mINFO [0m:      [ROUND 14/100]
[92mINFO [0m:      configure_train: Sampled 9 nodes (out of 10)
[92mINFO [0m:      aggregate_train: Received 10 results and 0 failures
[92mINFO [0m:      	└──> Aggregated MetricRecord: {'train_loss': 1.9331397397994998, 'train_time': 5.96320053851232, 'qtty_records': 10}
[92mINFO [0m:      configure_evaluate: Sampled 10 nodes (out of 10)
[92mINFO [0m:      aggregate_evaluate: Received 10 results and 0 failures
[92mINFO [0m:      	└──> Aggregated MetricRecord: {'eval_loss': 2.0062150735408064, 'eval_acc': 0.278, 'time': 138.4879982471466}
[92mINFO [0m:      
[92mINFO [0m:      [ROUND 15/100]
[92mINFO [0m:      configure_train: Sampled 10 nodes (out of 10)
[92mINFO [0m:      aggregate_train: Received 9 results and 0 failures
[92mINFO [0m:      	└──> Aggregated MetricRecord: {'train_loss': 1.9245845527648926, 'train_time': 5.462842359414531, 'qtty_records': 9}
[92mINFO [0m:      configure_evaluate: Sampled 10 nodes (out of 10)
[92mINFO [0m:      aggregate_evaluate: Received 10 results and 0 failures
[92mINFO [0m:      	└──> Aggregated MetricRecord: {'eval_loss': 1.9232462346553805, 'eval_acc': 0.2743, 'time': 145.62294626235962}
[92mINFO [0m:      
[92mINFO [0m:      [ROUND 16/100]
[92mINFO [0m:      configure_train: Sampled 9 nodes (out of 10)
[92mINFO [0m:      aggregate_train: Received 10 results and 0 failures
[92mINFO [0m:      	└──> Aggregated MetricRecord: {'train_loss': 1.9127818709373476, 'train_time': 5.976568373944611, 'qtty_records': 10}
[92mINFO [0m:      configure_evaluate: Sampled 10 nodes (out of 10)
[92mINFO [0m:      aggregate_evaluate: Received 10 results and 0 failures
[92mINFO [0m:      	└──> Aggregated MetricRecord: {'eval_loss': 1.9143646541982893, 'eval_acc': 0.3003, 'time': 152.79407954216003}
[92mINFO [0m:      
[92mINFO [0m:      [ROUND 17/100]
[92mINFO [0m:      configure_train: Sampled 10 nodes (out of 10)
[92mINFO [0m:      aggregate_train: Received 9 results and 0 failures
[92mINFO [0m:      	└──> Aggregated MetricRecord: {'train_loss': 1.8979897421730887, 'train_time': 5.426932260187136, 'qtty_records': 9}
[92mINFO [0m:      configure_evaluate: Sampled 10 nodes (out of 10)
[92mINFO [0m:      aggregate_evaluate: Received 10 results and 0 failures
[92mINFO [0m:      	└──> Aggregated MetricRecord: {'eval_loss': 1.906463830173016, 'eval_acc': 0.292, 'time': 159.84983468055725}
[92mINFO [0m:      
[92mINFO [0m:      [ROUND 18/100]
[92mINFO [0m:      configure_train: Sampled 9 nodes (out of 10)
[92mINFO [0m:      aggregate_train: Received 10 results and 0 failures
[92mINFO [0m:      	└──> Aggregated MetricRecord: {'train_loss': 1.8873982802391056, 'train_time': 5.953827380202711, 'qtty_records': 10}
[92mINFO [0m:      configure_evaluate: Sampled 10 nodes (out of 10)
[92mINFO [0m:      aggregate_evaluate: Received 10 results and 0 failures
[92mINFO [0m:      	└──> Aggregated MetricRecord: {'eval_loss': 1.9057013642042877, 'eval_acc': 0.2992, 'time': 167.01184630393982}
[92mINFO [0m:      
[92mINFO [0m:      [ROUND 19/100]
[92mINFO [0m:      configure_train: Sampled 10 nodes (out of 10)
[92mINFO [0m:      aggregate_train: Received 9 results and 0 failures
[92mINFO [0m:      	└──> Aggregated MetricRecord: {'train_loss': 1.905509393056234, 'train_time': 5.444312695310348, 'qtty_records': 9}
[92mINFO [0m:      configure_evaluate: Sampled 10 nodes (out of 10)
[92mINFO [0m:      aggregate_evaluate: Received 10 results and 0 failures
[92mINFO [0m:      	└──> Aggregated MetricRecord: {'eval_loss': 1.9474439866840842, 'eval_acc': 0.28400000000000003, 'time': 174.17215704917908}
[92mINFO [0m:      
[92mINFO [0m:      [ROUND 20/100]
[92mINFO [0m:      configure_train: Sampled 9 nodes (out of 10)
[92mINFO [0m:      aggregate_train: Received 10 results and 0 failures
[92mINFO [0m:      	└──> Aggregated MetricRecord: {'train_loss': 1.9030013173103333, 'train_time': 5.965907922480255, 'qtty_records': 10}
[92mINFO [0m:      configure_evaluate: Sampled 10 nodes (out of 10)
[92mINFO [0m:      aggregate_evaluate: Received 10 results and 0 failures
[92mINFO [0m:      	└──> Aggregated MetricRecord: {'eval_loss': 1.8770402129739527, 'eval_acc': 0.3178, 'time': 181.23620104789734}
[92mINFO [0m:      
[92mINFO [0m:      [ROUND 21/100]
[92mINFO [0m:      configure_train: Sampled 10 nodes (out of 10)
[92mINFO [0m:      aggregate_train: Received 9 results and 0 failures
[92mINFO [0m:      	└──> Aggregated MetricRecord: {'train_loss': 1.874459189732869, 'train_time': 5.433303720524742, 'qtty_records': 9}
[92mINFO [0m:      configure_evaluate: Sampled 10 nodes (out of 10)
[92mINFO [0m:      aggregate_evaluate: Received 10 results and 0 failures
[92mINFO [0m:      	└──> Aggregated MetricRecord: {'eval_loss': 1.8706812288612127, 'eval_acc': 0.3255, 'time': 188.37314677238464}
[92mINFO [0m:      
[92mINFO [0m:      [ROUND 22/100]
[92mINFO [0m:      configure_train: Sampled 9 nodes (out of 10)
[92mINFO [0m:      aggregate_train: Received 10 results and 0 failures
[92mINFO [0m:      	└──> Aggregated MetricRecord: {'train_loss': 1.8852427696228027, 'train_time': 5.986979522462934, 'qtty_records': 10}
[92mINFO [0m:      configure_evaluate: Sampled 10 nodes (out of 10)
[92mINFO [0m:      aggregate_evaluate: Received 10 results and 0 failures
[92mINFO [0m:      	└──> Aggregated MetricRecord: {'eval_loss': 1.898823231086135, 'eval_acc': 0.3197, 'time': 195.43640160560608}
[92mINFO [0m:      
[92mINFO [0m:      [ROUND 23/100]
[92mINFO [0m:      configure_train: Sampled 10 nodes (out of 10)
[92mINFO [0m:      aggregate_train: Received 9 results and 0 failures
[92mINFO [0m:      	└──> Aggregated MetricRecord: {'train_loss': 1.8838641187879774, 'train_time': 5.42973942309618, 'qtty_records': 9}
[92mINFO [0m:      configure_evaluate: Sampled 10 nodes (out of 10)
[92mINFO [0m:      aggregate_evaluate: Received 10 results and 0 failures
[92mINFO [0m:      	└──> Aggregated MetricRecord: {'eval_loss': 1.8758502971380948, 'eval_acc': 0.3174, 'time': 202.4952802658081}
[92mINFO [0m:      
[92mINFO [0m:      [ROUND 24/100]
[92mINFO [0m:      configure_train: Sampled 9 nodes (out of 10)
[92mINFO [0m:      aggregate_train: Received 10 results and 0 failures
[92mINFO [0m:      	└──> Aggregated MetricRecord: {'train_loss': 1.883263172721863, 'train_time': 5.9567722891457375, 'qtty_records': 10}
[92mINFO [0m:      configure_evaluate: Sampled 10 nodes (out of 10)
[92mINFO [0m:      aggregate_evaluate: Received 10 results and 0 failures
[92mINFO [0m:      	└──> Aggregated MetricRecord: {'eval_loss': 1.9158286239951852, 'eval_acc': 0.3308, 'time': 209.6564793586731}
[92mINFO [0m:      
[92mINFO [0m:      [ROUND 25/100]
[92mINFO [0m:      configure_train: Sampled 10 nodes (out of 10)
[92mINFO [0m:      aggregate_train: Received 9 results and 0 failures
[92mINFO [0m:      	└──> Aggregated MetricRecord: {'train_loss': 1.8887446894115871, 'train_time': 5.446487138565216, 'qtty_records': 9}
[92mINFO [0m:      configure_evaluate: Sampled 10 nodes (out of 10)
[92mINFO [0m:      aggregate_evaluate: Received 10 results and 0 failures
[92mINFO [0m:      	└──> Aggregated MetricRecord: {'eval_loss': 1.8775960020720959, 'eval_acc': 0.3276, 'time': 216.6886339187622}
[92mINFO [0m:      
[92mINFO [0m:      [ROUND 26/100]
[92mINFO [0m:      configure_train: Sampled 9 nodes (out of 10)
[92mINFO [0m:      aggregate_train: Received 10 results and 0 failures
[92mINFO [0m:      	└──> Aggregated MetricRecord: {'train_loss': 1.8709513967514038, 'train_time': 5.964102462399751, 'qtty_records': 10}
[92mINFO [0m:      configure_evaluate: Sampled 10 nodes (out of 10)
[92mINFO [0m:      aggregate_evaluate: Received 10 results and 0 failures
[92mINFO [0m:      	└──> Aggregated MetricRecord: {'eval_loss': 1.8739894099533558, 'eval_acc': 0.3335, 'time': 223.85087299346924}
[92mINFO [0m:      
[92mINFO [0m:      [ROUND 27/100]
[92mINFO [0m:      configure_train: Sampled 10 nodes (out of 10)
[92mINFO [0m:      aggregate_train: Received 9 results and 0 failures
[92mINFO [0m:      	└──> Aggregated MetricRecord: {'train_loss': 1.871029109319051, 'train_time': 5.418733877026373, 'qtty_records': 9}
[92mINFO [0m:      configure_evaluate: Sampled 10 nodes (out of 10)
[92mINFO [0m:      aggregate_evaluate: Received 10 results and 0 failures
[92mINFO [0m:      	└──> Aggregated MetricRecord: {'eval_loss': 1.8581249434500933, 'eval_acc': 0.3530999999999999, 'time': 231.02101969718933}
[92mINFO [0m:      
[92mINFO [0m:      [ROUND 28/100]
[92mINFO [0m:      configure_train: Sampled 9 nodes (out of 10)
[92mINFO [0m:      aggregate_train: Received 10 results and 0 failures
[92mINFO [0m:      	└──> Aggregated MetricRecord: {'train_loss': 1.8532401073455813, 'train_time': 5.9677897993475195, 'qtty_records': 10}
[92mINFO [0m:      configure_evaluate: Sampled 10 nodes (out of 10)
[92mINFO [0m:      aggregate_evaluate: Received 10 results and 0 failures
[92mINFO [0m:      	└──> Aggregated MetricRecord: {'eval_loss': 1.8438333697617058, 'eval_acc': 0.3331, 'time': 238.08268237113953}
[92mINFO [0m:      
[92mINFO [0m:      [ROUND 29/100]
[92mINFO [0m:      configure_train: Sampled 10 nodes (out of 10)
[92mINFO [0m:      aggregate_train: Received 9 results and 0 failures
[92mINFO [0m:      	└──> Aggregated MetricRecord: {'train_loss': 1.8547978873782685, 'train_time': 5.424091489882105, 'qtty_records': 9}
[92mINFO [0m:      configure_evaluate: Sampled 10 nodes (out of 10)
[92mINFO [0m:      aggregate_evaluate: Received 10 results and 0 failures
[92mINFO [0m:      	└──> Aggregated MetricRecord: {'eval_loss': 1.8369535338133571, 'eval_acc': 0.3482, 'time': 245.14172339439392}
[92mINFO [0m:      
[92mINFO [0m:      [ROUND 30/100]
[92mINFO [0m:      configure_train: Sampled 9 nodes (out of 10)
[92mINFO [0m:      aggregate_train: Received 10 results and 0 failures
[92mINFO [0m:      	└──> Aggregated MetricRecord: {'train_loss': 1.8818021858215335, 'train_time': 5.961424207594246, 'qtty_records': 10}
[92mINFO [0m:      configure_evaluate: Sampled 10 nodes (out of 10)
[92mINFO [0m:      aggregate_evaluate: Received 10 results and 0 failures
[92mINFO [0m:      	└──> Aggregated MetricRecord: {'eval_loss': 1.90009539462626, 'eval_acc': 0.33530000000000004, 'time': 252.30959272384644}
[92mINFO [0m:      
[92mINFO [0m:      [ROUND 31/100]
[92mINFO [0m:      configure_train: Sampled 10 nodes (out of 10)
[92mINFO [0m:      aggregate_train: Received 9 results and 0 failures
[92mINFO [0m:      	└──> Aggregated MetricRecord: {'train_loss': 1.8644921072853935, 'train_time': 5.451458430849016, 'qtty_records': 9}
[92mINFO [0m:      configure_evaluate: Sampled 10 nodes (out of 10)
[92mINFO [0m:      aggregate_evaluate: Received 10 results and 0 failures
[92mINFO [0m:      	└──> Aggregated MetricRecord: {'eval_loss': 1.870198956876993, 'eval_acc': 0.3400000000000001, 'time': 259.34336709976196}
[92mINFO [0m:      
[92mINFO [0m:      [ROUND 32/100]
[92mINFO [0m:      configure_train: Sampled 9 nodes (out of 10)
[92mINFO [0m:      aggregate_train: Received 10 results and 0 failures
[92mINFO [0m:      	└──> Aggregated MetricRecord: {'train_loss': 1.8718395939826966, 'train_time': 5.9605736489407715, 'qtty_records': 10}
[92mINFO [0m:      configure_evaluate: Sampled 10 nodes (out of 10)
[92mINFO [0m:      aggregate_evaluate: Received 10 results and 0 failures
[92mINFO [0m:      	└──> Aggregated MetricRecord: {'eval_loss': 1.9081014364957811, 'eval_acc': 0.336, 'time': 266.50290513038635}
[92mINFO [0m:      
[92mINFO [0m:      [ROUND 33/100]
[92mINFO [0m:      configure_train: Sampled 10 nodes (out of 10)
[92mINFO [0m:      aggregate_train: Received 9 results and 0 failures
[92mINFO [0m:      	└──> Aggregated MetricRecord: {'train_loss': 1.8444071521759031, 'train_time': 5.422983465819723, 'qtty_records': 9}
[92mINFO [0m:      configure_evaluate: Sampled 10 nodes (out of 10)
[92mINFO [0m:      aggregate_evaluate: Received 10 results and 0 failures
[92mINFO [0m:      	└──> Aggregated MetricRecord: {'eval_loss': 1.8352174535393715, 'eval_acc': 0.3434, 'time': 273.5351905822754}
[92mINFO [0m:      
[92mINFO [0m:      [ROUND 34/100]
[92mINFO [0m:      configure_train: Sampled 9 nodes (out of 10)
[92mINFO [0m:      aggregate_train: Received 10 results and 0 failures
[92mINFO [0m:      	└──> Aggregated MetricRecord: {'train_loss': 1.8440587338447572, 'train_time': 5.965221889596433, 'qtty_records': 10}
[92mINFO [0m:      configure_evaluate: Sampled 10 nodes (out of 10)
[92mINFO [0m:      aggregate_evaluate: Received 10 results and 0 failures
[92mINFO [0m:      	└──> Aggregated MetricRecord: {'eval_loss': 1.843233088776469, 'eval_acc': 0.3523, 'time': 280.6966903209686}
[92mINFO [0m:      
[92mINFO [0m:      [ROUND 35/100]
[92mINFO [0m:      configure_train: Sampled 10 nodes (out of 10)
[92mINFO [0m:      aggregate_train: Received 9 results and 0 failures
[92mINFO [0m:      	└──> Aggregated MetricRecord: {'train_loss': 1.8354647224214338, 'train_time': 5.433020390984085, 'qtty_records': 9}
[92mINFO [0m:      configure_evaluate: Sampled 10 nodes (out of 10)
[92mINFO [0m:      aggregate_evaluate: Received 10 results and 0 failures
[92mINFO [0m:      	└──> Aggregated MetricRecord: {'eval_loss': 1.8314282815903424, 'eval_acc': 0.3572000000000001, 'time': 287.7526204586029}
[92mINFO [0m:      
[92mINFO [0m:      [ROUND 36/100]
[92mINFO [0m:      configure_train: Sampled 9 nodes (out of 10)
[92mINFO [0m:      aggregate_train: Received 10 results and 0 failures
[92mINFO [0m:      	└──> Aggregated MetricRecord: {'train_loss': 1.835434948730469, 'train_time': 5.9592418627813455, 'qtty_records': 10}
[92mINFO [0m:      configure_evaluate: Sampled 10 nodes (out of 10)
[92mINFO [0m:      aggregate_evaluate: Received 10 results and 0 failures
[92mINFO [0m:      	└──> Aggregated MetricRecord: {'eval_loss': 1.8268533639609816, 'eval_acc': 0.36060000000000003, 'time': 294.9183270931244}
[92mINFO [0m:      
[92mINFO [0m:      [ROUND 37/100]
[92mINFO [0m:      configure_train: Sampled 10 nodes (out of 10)
[92mINFO [0m:      aggregate_train: Received 9 results and 0 failures
[92mINFO [0m:      	└──> Aggregated MetricRecord: {'train_loss': 1.8377118399937948, 'train_time': 5.429732204000983, 'qtty_records': 9}
[92mINFO [0m:      configure_evaluate: Sampled 10 nodes (out of 10)
[92mINFO [0m:      aggregate_evaluate: Received 10 results and 0 failures
[92mINFO [0m:      	└──> Aggregated MetricRecord: {'eval_loss': 1.831931991130114, 'eval_acc': 0.3560000000000001, 'time': 302.06807112693787}
[92mINFO [0m:      
[92mINFO [0m:      [ROUND 38/100]
[92mINFO [0m:      configure_train: Sampled 9 nodes (out of 10)
[92mINFO [0m:      aggregate_train: Received 10 results and 0 failures
[92mINFO [0m:      	└──> Aggregated MetricRecord: {'train_loss': 1.8559645555496218, 'train_time': 5.968202980421483, 'qtty_records': 10}
[92mINFO [0m:      configure_evaluate: Sampled 10 nodes (out of 10)
[92mINFO [0m:      aggregate_evaluate: Received 10 results and 0 failures
[92mINFO [0m:      	└──> Aggregated MetricRecord: {'eval_loss': 1.8457596927881244, 'eval_acc': 0.3547, 'time': 309.2325224876404}
[92mINFO [0m:      
[92mINFO [0m:      [ROUND 39/100]
[92mINFO [0m:      configure_train: Sampled 10 nodes (out of 10)
[92mINFO [0m:      aggregate_train: Received 9 results and 0 failures
[92mINFO [0m:      	└──> Aggregated MetricRecord: {'train_loss': 1.8187350257237753, 'train_time': 5.422025396178166, 'qtty_records': 9}
[92mINFO [0m:      configure_evaluate: Sampled 10 nodes (out of 10)
[92mINFO [0m:      aggregate_evaluate: Received 10 results and 0 failures
[92mINFO [0m:      	└──> Aggregated MetricRecord: {'eval_loss': 1.798294784128666, 'eval_acc': 0.3768000000000001, 'time': 316.39077591896057}
[92mINFO [0m:      
[92mINFO [0m:      [ROUND 40/100]
[92mINFO [0m:      configure_train: Sampled 9 nodes (out of 10)
[92mINFO [0m:      aggregate_train: Received 10 results and 0 failures
[92mINFO [0m:      	└──> Aggregated MetricRecord: {'train_loss': 1.8484745588302613, 'train_time': 5.964163797069341, 'qtty_records': 10}
[92mINFO [0m:      configure_evaluate: Sampled 10 nodes (out of 10)
[92mINFO [0m:      aggregate_evaluate: Received 10 results and 0 failures
[92mINFO [0m:      	└──> Aggregated MetricRecord: {'eval_loss': 1.8416243735700848, 'eval_acc': 0.35180000000000006, 'time': 323.5571506023407}
[92mINFO [0m:      
[92mINFO [0m:      [ROUND 41/100]
[92mINFO [0m:      configure_train: Sampled 10 nodes (out of 10)
[92mINFO [0m:      aggregate_train: Received 9 results and 0 failures
[92mINFO [0m:      	└──> Aggregated MetricRecord: {'train_loss': 1.8504236867692734, 'train_time': 5.436345575170384, 'qtty_records': 9}
[92mINFO [0m:      configure_evaluate: Sampled 10 nodes (out of 10)
[92mINFO [0m:      aggregate_evaluate: Received 10 results and 0 failures
[92mINFO [0m:      	└──> Aggregated MetricRecord: {'eval_loss': 1.8642860878258949, 'eval_acc': 0.3335, 'time': 330.6141355037689}
[92mINFO [0m:      
[92mINFO [0m:      [ROUND 42/100]
[92mINFO [0m:      configure_train: Sampled 9 nodes (out of 10)
[92mINFO [0m:      aggregate_train: Received 10 results and 0 failures
[92mINFO [0m:      	└──> Aggregated MetricRecord: {'train_loss': 1.8410756278038025, 'train_time': 5.955433955509216, 'qtty_records': 10}
[92mINFO [0m:      configure_evaluate: Sampled 10 nodes (out of 10)
[92mINFO [0m:      aggregate_evaluate: Received 10 results and 0 failures
[92mINFO [0m:      	└──> Aggregated MetricRecord: {'eval_loss': 1.820273942872882, 'eval_acc': 0.36710000000000004, 'time': 337.7758822441101}
[92mINFO [0m:      
[92mINFO [0m:      [ROUND 43/100]
[92mINFO [0m:      configure_train: Sampled 10 nodes (out of 10)
[92mINFO [0m:      aggregate_train: Received 9 results and 0 failures
[92mINFO [0m:      	└──> Aggregated MetricRecord: {'train_loss': 1.8261502203411524, 'train_time': 5.4336649018029375, 'qtty_records': 9}
[92mINFO [0m:      configure_evaluate: Sampled 10 nodes (out of 10)
[92mINFO [0m:      aggregate_evaluate: Received 10 results and 0 failures
[92mINFO [0m:      	└──> Aggregated MetricRecord: {'eval_loss': 1.8304388824850322, 'eval_acc': 0.35969999999999996, 'time': 344.9245104789734}
[92mINFO [0m:      
[92mINFO [0m:      [ROUND 44/100]
[92mINFO [0m:      configure_train: Sampled 9 nodes (out of 10)
[92mINFO [0m:      aggregate_train: Received 10 results and 0 failures
[92mINFO [0m:      	└──> Aggregated MetricRecord: {'train_loss': 1.8350453742027286, 'train_time': 5.965315917693078, 'qtty_records': 10}
[92mINFO [0m:      configure_evaluate: Sampled 10 nodes (out of 10)
[92mINFO [0m:      aggregate_evaluate: Received 10 results and 0 failures
[92mINFO [0m:      	└──> Aggregated MetricRecord: {'eval_loss': 1.8380421493202452, 'eval_acc': 0.3636, 'time': 352.0848596096039}
[92mINFO [0m:      
[92mINFO [0m:      [ROUND 45/100]
[92mINFO [0m:      configure_train: Sampled 10 nodes (out of 10)
[92mINFO [0m:      aggregate_train: Received 9 results and 0 failures
[92mINFO [0m:      	└──> Aggregated MetricRecord: {'train_loss': 1.8304098682403562, 'train_time': 5.421258698114091, 'qtty_records': 9}
[92mINFO [0m:      configure_evaluate: Sampled 10 nodes (out of 10)
[92mINFO [0m:      aggregate_evaluate: Received 10 results and 0 failures
[92mINFO [0m:      	└──> Aggregated MetricRecord: {'eval_loss': 1.826407491415739, 'eval_acc': 0.36840000000000006, 'time': 359.24218583106995}
[92mINFO [0m:      
[92mINFO [0m:      [ROUND 46/100]
[92mINFO [0m:      configure_train: Sampled 9 nodes (out of 10)
[92mINFO [0m:      aggregate_train: Received 10 results and 0 failures
[92mINFO [0m:      	└──> Aggregated MetricRecord: {'train_loss': 1.8371258999824522, 'train_time': 5.967437116242945, 'qtty_records': 10}
[92mINFO [0m:      configure_evaluate: Sampled 10 nodes (out of 10)
[92mINFO [0m:      aggregate_evaluate: Received 10 results and 0 failures
[92mINFO [0m:      	└──> Aggregated MetricRecord: {'eval_loss': 1.8361153405159714, 'eval_acc': 0.3679, 'time': 366.4139564037323}
[92mINFO [0m:      
[92mINFO [0m:      [ROUND 47/100]
[92mINFO [0m:      configure_train: Sampled 10 nodes (out of 10)
[92mINFO [0m:      aggregate_train: Received 9 results and 0 failures
[92mINFO [0m:      	└──> Aggregated MetricRecord: {'train_loss': 1.8325843634075587, 'train_time': 5.433638837085002, 'qtty_records': 9}
[92mINFO [0m:      configure_evaluate: Sampled 10 nodes (out of 10)
[92mINFO [0m:      aggregate_evaluate: Received 10 results and 0 failures
[92mINFO [0m:      	└──> Aggregated MetricRecord: {'eval_loss': 1.830633695423603, 'eval_acc': 0.3717, 'time': 373.46895575523376}
[92mINFO [0m:      
[92mINFO [0m:      [ROUND 48/100]
[92mINFO [0m:      configure_train: Sampled 9 nodes (out of 10)
[92mINFO [0m:      aggregate_train: Received 10 results and 0 failures
[92mINFO [0m:      	└──> Aggregated MetricRecord: {'train_loss': 1.8232555277824405, 'train_time': 5.958878380060196, 'qtty_records': 10}
[92mINFO [0m:      configure_evaluate: Sampled 10 nodes (out of 10)
[92mINFO [0m:      aggregate_evaluate: Received 10 results and 0 failures
[92mINFO [0m:      	└──> Aggregated MetricRecord: {'eval_loss': 1.8294688299298287, 'eval_acc': 0.3661000000000001, 'time': 380.6293976306915}
[92mINFO [0m:      
[92mINFO [0m:      [ROUND 49/100]
[92mINFO [0m:      configure_train: Sampled 10 nodes (out of 10)
[92mINFO [0m:      aggregate_train: Received 9 results and 0 failures
[92mINFO [0m:      	└──> Aggregated MetricRecord: {'train_loss': 1.8316788483725652, 'train_time': 5.443406419518094, 'qtty_records': 9}
[92mINFO [0m:      configure_evaluate: Sampled 10 nodes (out of 10)
[92mINFO [0m:      aggregate_evaluate: Received 10 results and 0 failures
[92mINFO [0m:      	└──> Aggregated MetricRecord: {'eval_loss': 1.8216352935880422, 'eval_acc': 0.3724, 'time': 387.7961730957031}
[92mINFO [0m:      
[92mINFO [0m:      [ROUND 50/100]
[92mINFO [0m:      configure_train: Sampled 9 nodes (out of 10)
[92mINFO [0m:      aggregate_train: Received 10 results and 0 failures
[92mINFO [0m:      	└──> Aggregated MetricRecord: {'train_loss': 1.8283459025382995, 'train_time': 5.946296929940582, 'qtty_records': 10}
[92mINFO [0m:      configure_evaluate: Sampled 10 nodes (out of 10)
[92mINFO [0m:      aggregate_evaluate: Received 10 results and 0 failures
[92mINFO [0m:      	└──> Aggregated MetricRecord: {'eval_loss': 1.8120048820972445, 'eval_acc': 0.3754, 'time': 394.8612654209137}
[92mINFO [0m:      
[92mINFO [0m:      [ROUND 51/100]
[92mINFO [0m:      configure_train: Sampled 10 nodes (out of 10)
[92mINFO [0m:      aggregate_train: Received 9 results and 0 failures
[92mINFO [0m:      	└──> Aggregated MetricRecord: {'train_loss': 1.8169701101515026, 'train_time': 5.428821125274731, 'qtty_records': 9}
[92mINFO [0m:      configure_evaluate: Sampled 10 nodes (out of 10)
[92mINFO [0m:      aggregate_evaluate: Received 10 results and 0 failures
[92mINFO [0m:      	└──> Aggregated MetricRecord: {'eval_loss': 1.8373380590230228, 'eval_acc': 0.35900000000000004, 'time': 402.02201557159424}
[92mINFO [0m:      
[92mINFO [0m:      [ROUND 52/100]
[92mINFO [0m:      configure_train: Sampled 9 nodes (out of 10)
[92mINFO [0m:      aggregate_train: Received 10 results and 0 failures
[92mINFO [0m:      	└──> Aggregated MetricRecord: {'train_loss': 1.8399910283088685, 'train_time': 5.963371163606643, 'qtty_records': 10}
[92mINFO [0m:      configure_evaluate: Sampled 10 nodes (out of 10)
[92mINFO [0m:      aggregate_evaluate: Received 10 results and 0 failures
[92mINFO [0m:      	└──> Aggregated MetricRecord: {'eval_loss': 1.8584219656884675, 'eval_acc': 0.3557, 'time': 409.0839548110962}
[92mINFO [0m:      
[92mINFO [0m:      [ROUND 53/100]
[92mINFO [0m:      configure_train: Sampled 10 nodes (out of 10)
[92mINFO [0m:      aggregate_train: Received 9 results and 0 failures
[92mINFO [0m:      	└──> Aggregated MetricRecord: {'train_loss': 1.8226177627775406, 'train_time': 5.418967495672405, 'qtty_records': 9}
[92mINFO [0m:      configure_evaluate: Sampled 10 nodes (out of 10)
[92mINFO [0m:      aggregate_evaluate: Received 10 results and 0 failures
[92mINFO [0m:      	└──> Aggregated MetricRecord: {'eval_loss': 1.8284853372722865, 'eval_acc': 0.3617, 'time': 416.24888348579407}
[92mINFO [0m:      
[92mINFO [0m:      [ROUND 54/100]
[92mINFO [0m:      configure_train: Sampled 9 nodes (out of 10)
[92mINFO [0m:      aggregate_train: Received 10 results and 0 failures
[92mINFO [0m:      	└──> Aggregated MetricRecord: {'train_loss': 1.8391391978263856, 'train_time': 5.964530893880874, 'qtty_records': 10}
[92mINFO [0m:      configure_evaluate: Sampled 10 nodes (out of 10)
[92mINFO [0m:      aggregate_evaluate: Received 10 results and 0 failures
[92mINFO [0m:      	└──> Aggregated MetricRecord: {'eval_loss': 1.825310675799847, 'eval_acc': 0.3715, 'time': 423.41410994529724}
[92mINFO [0m:      
[92mINFO [0m:      [ROUND 55/100]
[92mINFO [0m:      configure_train: Sampled 10 nodes (out of 10)
[92mINFO [0m:      aggregate_train: Received 9 results and 0 failures
[92mINFO [0m:      	└──> Aggregated MetricRecord: {'train_loss': 1.8173142805099487, 'train_time': 5.470294869194428, 'qtty_records': 9}
[92mINFO [0m:      configure_evaluate: Sampled 10 nodes (out of 10)
[92mINFO [0m:      aggregate_evaluate: Received 10 results and 0 failures
[92mINFO [0m:      	└──> Aggregated MetricRecord: {'eval_loss': 1.8127696268260478, 'eval_acc': 0.3588, 'time': 430.44569087028503}
[92mINFO [0m:      
[92mINFO [0m:      [ROUND 56/100]
[92mINFO [0m:      configure_train: Sampled 9 nodes (out of 10)
[92mINFO [0m:      aggregate_train: Received 10 results and 0 failures
[92mINFO [0m:      	└──> Aggregated MetricRecord: {'train_loss': 1.836288441848755, 'train_time': 5.950130769610405, 'qtty_records': 10}
[92mINFO [0m:      configure_evaluate: Sampled 10 nodes (out of 10)
[92mINFO [0m:      aggregate_evaluate: Received 10 results and 0 failures
[92mINFO [0m:      	└──> Aggregated MetricRecord: {'eval_loss': 1.849277648329735, 'eval_acc': 0.35250000000000004, 'time': 437.6103398799896}
[92mINFO [0m:      
[92mINFO [0m:      [ROUND 57/100]
[92mINFO [0m:      configure_train: Sampled 10 nodes (out of 10)
[92mINFO [0m:      aggregate_train: Received 9 results and 0 failures
[92mINFO [0m:      	└──> Aggregated MetricRecord: {'train_loss': 1.8207603599760265, 'train_time': 5.463478299996091, 'qtty_records': 9}
[92mINFO [0m:      configure_evaluate: Sampled 10 nodes (out of 10)
[92mINFO [0m:      aggregate_evaluate: Received 10 results and 0 failures
[92mINFO [0m:      	└──> Aggregated MetricRecord: {'eval_loss': 1.8201765816658735, 'eval_acc': 0.3739000000000001, 'time': 444.6464030742645}
[92mINFO [0m:      
[92mINFO [0m:      [ROUND 58/100]
[92mINFO [0m:      configure_train: Sampled 9 nodes (out of 10)
[92mINFO [0m:      aggregate_train: Received 10 results and 0 failures
[92mINFO [0m:      	└──> Aggregated MetricRecord: {'train_loss': 1.8337056653976445, 'train_time': 5.9464579266496, 'qtty_records': 10}
[92mINFO [0m:      configure_evaluate: Sampled 10 nodes (out of 10)
[92mINFO [0m:      aggregate_evaluate: Received 10 results and 0 failures
[92mINFO [0m:      	└──> Aggregated MetricRecord: {'eval_loss': 1.8287163302302363, 'eval_acc': 0.3629, 'time': 451.8089551925659}
[92mINFO [0m:      
[92mINFO [0m:      [ROUND 59/100]
[92mINFO [0m:      configure_train: Sampled 10 nodes (out of 10)
[92mINFO [0m:      aggregate_train: Received 9 results and 0 failures
[92mINFO [0m:      	└──> Aggregated MetricRecord: {'train_loss': 1.8330563659667967, 'train_time': 5.4540581813909945, 'qtty_records': 9}
[92mINFO [0m:      configure_evaluate: Sampled 10 nodes (out of 10)
[92mINFO [0m:      aggregate_evaluate: Received 10 results and 0 failures
[92mINFO [0m:      	└──> Aggregated MetricRecord: {'eval_loss': 1.8376041777431966, 'eval_acc': 0.3539, 'time': 458.9740149974823}
[92mINFO [0m:      
[92mINFO [0m:      [ROUND 60/100]
[92mINFO [0m:      configure_train: Sampled 9 nodes (out of 10)
[92mINFO [0m:      aggregate_train: Received 10 results and 0 failures
[92mINFO [0m:      	└──> Aggregated MetricRecord: {'train_loss': 1.8180191726684576, 'train_time': 5.9552033602260055, 'qtty_records': 10}
[92mINFO [0m:      configure_evaluate: Sampled 10 nodes (out of 10)
[92mINFO [0m:      aggregate_evaluate: Received 10 results and 0 failures
[92mINFO [0m:      	└──> Aggregated MetricRecord: {'eval_loss': 1.8013042531907562, 'eval_acc': 0.37350000000000005, 'time': 466.03544330596924}
[92mINFO [0m:      
[92mINFO [0m:      [ROUND 61/100]
[92mINFO [0m:      configure_train: Sampled 10 nodes (out of 10)
[92mINFO [0m:      aggregate_train: Received 9 results and 0 failures
[92mINFO [0m:      	└──> Aggregated MetricRecord: {'train_loss': 1.8042980284161036, 'train_time': 5.430240154783759, 'qtty_records': 9}
[92mINFO [0m:      configure_evaluate: Sampled 10 nodes (out of 10)
[92mINFO [0m:      aggregate_evaluate: Received 10 results and 0 failures
[92mINFO [0m:      	└──> Aggregated MetricRecord: {'eval_loss': 1.808428078144789, 'eval_acc': 0.36790000000000006, 'time': 473.09227085113525}
[92mINFO [0m:      
[92mINFO [0m:      [ROUND 62/100]
[92mINFO [0m:      configure_train: Sampled 9 nodes (out of 10)
[92mINFO [0m:      aggregate_train: Received 10 results and 0 failures
[92mINFO [0m:      	└──> Aggregated MetricRecord: {'train_loss': 1.8245238195419313, 'train_time': 5.948710372950882, 'qtty_records': 10}
[92mINFO [0m:      configure_evaluate: Sampled 10 nodes (out of 10)
[92mINFO [0m:      aggregate_evaluate: Received 10 results and 0 failures
[92mINFO [0m:      	└──> Aggregated MetricRecord: {'eval_loss': 1.815890730544925, 'eval_acc': 0.36310000000000003, 'time': 480.25831270217896}
[92mINFO [0m:      
[92mINFO [0m:      [ROUND 63/100]
[92mINFO [0m:      configure_train: Sampled 10 nodes (out of 10)
[92mINFO [0m:      aggregate_train: Received 9 results and 0 failures
[92mINFO [0m:      	└──> Aggregated MetricRecord: {'train_loss': 1.829886315451728, 'train_time': 5.414378067168097, 'qtty_records': 9}
[92mINFO [0m:      configure_evaluate: Sampled 10 nodes (out of 10)
[92mINFO [0m:      aggregate_evaluate: Received 10 results and 0 failures
[92mINFO [0m:      	└──> Aggregated MetricRecord: {'eval_loss': 1.8062834538519383, 'eval_acc': 0.36210000000000003, 'time': 487.31847310066223}
[92mINFO [0m:      
[92mINFO [0m:      [ROUND 64/100]
[92mINFO [0m:      configure_train: Sampled 9 nodes (out of 10)
[92mINFO [0m:      aggregate_train: Received 10 results and 0 failures
[92mINFO [0m:      	└──> Aggregated MetricRecord: {'train_loss': 1.8232015700340272, 'train_time': 5.952061009779572, 'qtty_records': 10}
[92mINFO [0m:      configure_evaluate: Sampled 10 nodes (out of 10)
[92mINFO [0m:      aggregate_evaluate: Received 10 results and 0 failures
[92mINFO [0m:      	└──> Aggregated MetricRecord: {'eval_loss': 1.8248176645487546, 'eval_acc': 0.37710000000000005, 'time': 494.3807933330536}
[92mINFO [0m:      
[92mINFO [0m:      [ROUND 65/100]
[92mINFO [0m:      configure_train: Sampled 10 nodes (out of 10)
[92mINFO [0m:      aggregate_train: Received 9 results and 0 failures
[92mINFO [0m:      	└──> Aggregated MetricRecord: {'train_loss': 1.8156898562113442, 'train_time': 5.414463433230089, 'qtty_records': 9}
[92mINFO [0m:      configure_evaluate: Sampled 10 nodes (out of 10)
[92mINFO [0m:      aggregate_evaluate: Received 10 results and 0 failures
[92mINFO [0m:      	└──> Aggregated MetricRecord: {'eval_loss': 1.8435872830450537, 'eval_acc': 0.3506, 'time': 501.54154896736145}
[92mINFO [0m:      
[92mINFO [0m:      [ROUND 66/100]
[92mINFO [0m:      configure_train: Sampled 9 nodes (out of 10)
[92mINFO [0m:      aggregate_train: Received 10 results and 0 failures
[92mINFO [0m:      	└──> Aggregated MetricRecord: {'train_loss': 1.8201393752098085, 'train_time': 5.9549180475063626, 'qtty_records': 10}
[92mINFO [0m:      configure_evaluate: Sampled 10 nodes (out of 10)
[92mINFO [0m:      aggregate_evaluate: Received 10 results and 0 failures
[92mINFO [0m:      	└──> Aggregated MetricRecord: {'eval_loss': 1.7694866102188826, 'eval_acc': 0.3854000000000001, 'time': 508.60583996772766}
[92mINFO [0m:      
[92mINFO [0m:      [ROUND 67/100]
[92mINFO [0m:      configure_train: Sampled 10 nodes (out of 10)
[92mINFO [0m:      aggregate_train: Received 9 results and 0 failures
[92mINFO [0m:      	└──> Aggregated MetricRecord: {'train_loss': 1.8203398806254067, 'train_time': 5.412428829301563, 'qtty_records': 9}
[92mINFO [0m:      configure_evaluate: Sampled 10 nodes (out of 10)
[92mINFO [0m:      aggregate_evaluate: Received 10 results and 0 failures
[92mINFO [0m:      	└──> Aggregated MetricRecord: {'eval_loss': 1.8309078924357893, 'eval_acc': 0.3612000000000001, 'time': 515.6652941703796}
[92mINFO [0m:      
[92mINFO [0m:      [ROUND 68/100]
[92mINFO [0m:      configure_train: Sampled 9 nodes (out of 10)
[92mINFO [0m:      aggregate_train: Received 10 results and 0 failures
[92mINFO [0m:      	└──> Aggregated MetricRecord: {'train_loss': 1.8522940166473392, 'train_time': 5.947645546123385, 'qtty_records': 10}
[92mINFO [0m:      configure_evaluate: Sampled 10 nodes (out of 10)
[92mINFO [0m:      aggregate_evaluate: Received 10 results and 0 failures
[92mINFO [0m:      	└──> Aggregated MetricRecord: {'eval_loss': 1.8378260597586633, 'eval_acc': 0.3685, 'time': 522.8356328010559}
[92mINFO [0m:      
[92mINFO [0m:      [ROUND 69/100]
[92mINFO [0m:      configure_train: Sampled 10 nodes (out of 10)
[92mINFO [0m:      aggregate_train: Received 9 results and 0 failures
[92mINFO [0m:      	└──> Aggregated MetricRecord: {'train_loss': 1.8290320872200858, 'train_time': 5.437324467115104, 'qtty_records': 9}
[92mINFO [0m:      configure_evaluate: Sampled 10 nodes (out of 10)
[92mINFO [0m:      aggregate_evaluate: Received 10 results and 0 failures
[92mINFO [0m:      	└──> Aggregated MetricRecord: {'eval_loss': 1.845063166692853, 'eval_acc': 0.34740000000000004, 'time': 529.8688452243805}
[92mINFO [0m:      
[92mINFO [0m:      [ROUND 70/100]
[92mINFO [0m:      configure_train: Sampled 9 nodes (out of 10)
[92mINFO [0m:      aggregate_train: Received 10 results and 0 failures
[92mINFO [0m:      	└──> Aggregated MetricRecord: {'train_loss': 1.8283535685539245, 'train_time': 5.96674983156845, 'qtty_records': 10}
[92mINFO [0m:      configure_evaluate: Sampled 10 nodes (out of 10)
[92mINFO [0m:      aggregate_evaluate: Received 10 results and 0 failures
[92mINFO [0m:      	└──> Aggregated MetricRecord: {'eval_loss': 1.8101532399654392, 'eval_acc': 0.37550000000000006, 'time': 537.0295021533966}
[92mINFO [0m:      
[92mINFO [0m:      [ROUND 71/100]
[92mINFO [0m:      configure_train: Sampled 10 nodes (out of 10)
[92mINFO [0m:      aggregate_train: Received 9 results and 0 failures
[92mINFO [0m:      	└──> Aggregated MetricRecord: {'train_loss': 1.8258092233869765, 'train_time': 5.461411616144081, 'qtty_records': 9}
[92mINFO [0m:      configure_evaluate: Sampled 10 nodes (out of 10)
[92mINFO [0m:      aggregate_evaluate: Received 10 results and 0 failures
[92mINFO [0m:      	└──> Aggregated MetricRecord: {'eval_loss': 1.8267693825066091, 'eval_acc': 0.3486, 'time': 544.0611412525177}
[92mINFO [0m:      
[92mINFO [0m:      [ROUND 72/100]
[92mINFO [0m:      configure_train: Sampled 9 nodes (out of 10)
[92mINFO [0m:      aggregate_train: Received 10 results and 0 failures
[92mINFO [0m:      	└──> Aggregated MetricRecord: {'train_loss': 1.853547454929352, 'train_time': 5.964814778417349, 'qtty_records': 10}
[92mINFO [0m:      configure_evaluate: Sampled 10 nodes (out of 10)
[92mINFO [0m:      aggregate_evaluate: Received 10 results and 0 failures
[92mINFO [0m:      	└──> Aggregated MetricRecord: {'eval_loss': 1.852791260927916, 'eval_acc': 0.3604, 'time': 551.2233033180237}
[92mINFO [0m:      
[92mINFO [0m:      [ROUND 73/100]
[92mINFO [0m:      configure_train: Sampled 10 nodes (out of 10)
[92mINFO [0m:      aggregate_train: Received 9 results and 0 failures
[92mINFO [0m:      	└──> Aggregated MetricRecord: {'train_loss': 1.8415501946343316, 'train_time': 5.437325872170429, 'qtty_records': 9}
[92mINFO [0m:      configure_evaluate: Sampled 10 nodes (out of 10)
[92mINFO [0m:      aggregate_evaluate: Received 10 results and 0 failures
[92mINFO [0m:      	└──> Aggregated MetricRecord: {'eval_loss': 1.8223045360296966, 'eval_acc': 0.36430000000000007, 'time': 558.385488986969}
[92mINFO [0m:      
[92mINFO [0m:      [ROUND 74/100]
[92mINFO [0m:      configure_train: Sampled 9 nodes (out of 10)
[92mINFO [0m:      aggregate_train: Received 10 results and 0 failures
[92mINFO [0m:      	└──> Aggregated MetricRecord: {'train_loss': 1.823299445438385, 'train_time': 5.973843548726291, 'qtty_records': 10}
[92mINFO [0m:      configure_evaluate: Sampled 10 nodes (out of 10)
[92mINFO [0m:      aggregate_evaluate: Received 10 results and 0 failures
[92mINFO [0m:      	└──> Aggregated MetricRecord: {'eval_loss': 1.8297441635280849, 'eval_acc': 0.36, 'time': 565.447075843811}
[92mINFO [0m:      
[92mINFO [0m:      [ROUND 75/100]
[92mINFO [0m:      configure_train: Sampled 10 nodes (out of 10)
[92mINFO [0m:      aggregate_train: Received 9 results and 0 failures
[92mINFO [0m:      	└──> Aggregated MetricRecord: {'train_loss': 1.8287245385911728, 'train_time': 5.422011653789216, 'qtty_records': 9}
[92mINFO [0m:      configure_evaluate: Sampled 10 nodes (out of 10)
[92mINFO [0m:      aggregate_evaluate: Received 10 results and 0 failures
[92mINFO [0m:      	└──> Aggregated MetricRecord: {'eval_loss': 1.8122040744870902, 'eval_acc': 0.36329999999999996, 'time': 572.5064527988434}
[92mINFO [0m:      
[92mINFO [0m:      [ROUND 76/100]
[92mINFO [0m:      configure_train: Sampled 9 nodes (out of 10)
[92mINFO [0m:      aggregate_train: Received 10 results and 0 failures
[92mINFO [0m:      	└──> Aggregated MetricRecord: {'train_loss': 1.8482479893684387, 'train_time': 5.935080380272121, 'qtty_records': 10}
[92mINFO [0m:      configure_evaluate: Sampled 10 nodes (out of 10)
[92mINFO [0m:      aggregate_evaluate: Received 10 results and 0 failures
[92mINFO [0m:      	└──> Aggregated MetricRecord: {'eval_loss': 1.8609956070780758, 'eval_acc': 0.34809999999999997, 'time': 579.6702542304993}
[92mINFO [0m:      
[92mINFO [0m:      [ROUND 77/100]
[92mINFO [0m:      configure_train: Sampled 10 nodes (out of 10)
[92mINFO [0m:      aggregate_train: Received 9 results and 0 failures
[92mINFO [0m:      	└──> Aggregated MetricRecord: {'train_loss': 1.816599707709418, 'train_time': 5.458530840877858, 'qtty_records': 9}
[92mINFO [0m:      configure_evaluate: Sampled 10 nodes (out of 10)
[92mINFO [0m:      aggregate_evaluate: Received 10 results and 0 failures
[92mINFO [0m:      	└──> Aggregated MetricRecord: {'eval_loss': 1.8243023756891485, 'eval_acc': 0.3477, 'time': 586.7124438285828}
[92mINFO [0m:      
[92mINFO [0m:      [ROUND 78/100]
[92mINFO [0m:      configure_train: Sampled 9 nodes (out of 10)
[92mINFO [0m:      aggregate_train: Received 10 results and 0 failures
[92mINFO [0m:      	└──> Aggregated MetricRecord: {'train_loss': 1.8333962043762209, 'train_time': 5.959067278448492, 'qtty_records': 10}
[92mINFO [0m:      configure_evaluate: Sampled 10 nodes (out of 10)
[92mINFO [0m:      aggregate_evaluate: Received 10 results and 0 failures
[92mINFO [0m:      	└──> Aggregated MetricRecord: {'eval_loss': 1.8513034157454968, 'eval_acc': 0.3617, 'time': 593.8732073307037}
[92mINFO [0m:      
[92mINFO [0m:      [ROUND 79/100]
[92mINFO [0m:      configure_train: Sampled 10 nodes (out of 10)
[92mINFO [0m:      aggregate_train: Received 9 results and 0 failures
[92mINFO [0m:      	└──> Aggregated MetricRecord: {'train_loss': 1.8416688352160984, 'train_time': 5.42738015215016, 'qtty_records': 9}
[92mINFO [0m:      configure_evaluate: Sampled 10 nodes (out of 10)
[92mINFO [0m:      aggregate_evaluate: Received 10 results and 0 failures
[92mINFO [0m:      	└──> Aggregated MetricRecord: {'eval_loss': 1.8513178437948228, 'eval_acc': 0.3484, 'time': 600.9044780731201}
[92mINFO [0m:      
[92mINFO [0m:      [ROUND 80/100]
[92mINFO [0m:      configure_train: Sampled 9 nodes (out of 10)
[92mINFO [0m:      aggregate_train: Received 10 results and 0 failures
[92mINFO [0m:      	└──> Aggregated MetricRecord: {'train_loss': 1.8484438040733338, 'train_time': 5.950592592079192, 'qtty_records': 10}
[92mINFO [0m:      configure_evaluate: Sampled 10 nodes (out of 10)
[92mINFO [0m:      aggregate_evaluate: Received 10 results and 0 failures
[92mINFO [0m:      	└──> Aggregated MetricRecord: {'eval_loss': 1.8161347344517706, 'eval_acc': 0.3676000000000001, 'time': 608.0681552886963}
[92mINFO [0m:      
[92mINFO [0m:      [ROUND 81/100]
[92mINFO [0m:      configure_train: Sampled 10 nodes (out of 10)
[92mINFO [0m:      aggregate_train: Received 9 results and 0 failures
[92mINFO [0m:      	└──> Aggregated MetricRecord: {'train_loss': 1.8243272150887382, 'train_time': 5.438602733736237, 'qtty_records': 9}
[92mINFO [0m:      configure_evaluate: Sampled 10 nodes (out of 10)
[92mINFO [0m:      aggregate_evaluate: Received 10 results and 0 failures
[92mINFO [0m:      	└──> Aggregated MetricRecord: {'eval_loss': 1.8217163234949112, 'eval_acc': 0.375, 'time': 615.2327716350555}
[92mINFO [0m:      
[92mINFO [0m:      [ROUND 82/100]
[92mINFO [0m:      configure_train: Sampled 9 nodes (out of 10)
[92mINFO [0m:      aggregate_train: Received 10 results and 0 failures
[92mINFO [0m:      	└──> Aggregated MetricRecord: {'train_loss': 1.8267900946617126, 'train_time': 5.9436512003652755, 'qtty_records': 10}
[92mINFO [0m:      configure_evaluate: Sampled 10 nodes (out of 10)
[92mINFO [0m:      aggregate_evaluate: Received 10 results and 0 failures
[92mINFO [0m:      	└──> Aggregated MetricRecord: {'eval_loss': 1.8140422843396666, 'eval_acc': 0.3639, 'time': 622.2934195995331}
[92mINFO [0m:      
[92mINFO [0m:      [ROUND 83/100]
[92mINFO [0m:      configure_train: Sampled 10 nodes (out of 10)
[92mINFO [0m:      aggregate_train: Received 9 results and 0 failures
[92mINFO [0m:      	└──> Aggregated MetricRecord: {'train_loss': 1.8207278749677867, 'train_time': 5.419836142307354, 'qtty_records': 9}
[92mINFO [0m:      configure_evaluate: Sampled 10 nodes (out of 10)
[92mINFO [0m:      aggregate_evaluate: Received 10 results and 0 failures
[92mINFO [0m:      	└──> Aggregated MetricRecord: {'eval_loss': 1.8089786939322952, 'eval_acc': 0.35990000000000005, 'time': 629.3528969287872}
[92mINFO [0m:      
[92mINFO [0m:      [ROUND 84/100]
[92mINFO [0m:      configure_train: Sampled 9 nodes (out of 10)
[92mINFO [0m:      aggregate_train: Received 10 results and 0 failures
[92mINFO [0m:      	└──> Aggregated MetricRecord: {'train_loss': 1.8356886092185973, 'train_time': 5.948668777849525, 'qtty_records': 10}
[92mINFO [0m:      configure_evaluate: Sampled 10 nodes (out of 10)
[92mINFO [0m:      aggregate_evaluate: Received 10 results and 0 failures
[92mINFO [0m:      	└──> Aggregated MetricRecord: {'eval_loss': 1.8278597094118596, 'eval_acc': 0.36160000000000003, 'time': 636.5146641731262}
[92mINFO [0m:      
[92mINFO [0m:      [ROUND 85/100]
[92mINFO [0m:      configure_train: Sampled 10 nodes (out of 10)
[92mINFO [0m:      aggregate_train: Received 9 results and 0 failures
[92mINFO [0m:      	└──> Aggregated MetricRecord: {'train_loss': 1.8321777877807615, 'train_time': 5.45115903723571, 'qtty_records': 9}
[92mINFO [0m:      configure_evaluate: Sampled 10 nodes (out of 10)
[92mINFO [0m:      aggregate_evaluate: Received 10 results and 0 failures
[92mINFO [0m:      	└──> Aggregated MetricRecord: {'eval_loss': 1.8439955916255717, 'eval_acc': 0.3637000000000001, 'time': 643.5712442398071}
[92mINFO [0m:      
[92mINFO [0m:      [ROUND 86/100]
[92mINFO [0m:      configure_train: Sampled 9 nodes (out of 10)
[92mINFO [0m:      aggregate_train: Received 10 results and 0 failures
[92mINFO [0m:      	└──> Aggregated MetricRecord: {'train_loss': 1.839799245929718, 'train_time': 5.960523513704539, 'qtty_records': 10}
[92mINFO [0m:      configure_evaluate: Sampled 10 nodes (out of 10)
[92mINFO [0m:      aggregate_evaluate: Received 10 results and 0 failures
[92mINFO [0m:      	└──> Aggregated MetricRecord: {'eval_loss': 1.843684931471944, 'eval_acc': 0.35440000000000005, 'time': 650.7341516017914}
[92mINFO [0m:      
[92mINFO [0m:      [ROUND 87/100]
[92mINFO [0m:      configure_train: Sampled 10 nodes (out of 10)
[92mINFO [0m:      aggregate_train: Received 9 results and 0 failures
[92mINFO [0m:      	└──> Aggregated MetricRecord: {'train_loss': 1.8110682281388173, 'train_time': 5.428333807943596, 'qtty_records': 9}
[92mINFO [0m:      configure_evaluate: Sampled 10 nodes (out of 10)
[92mINFO [0m:      aggregate_evaluate: Received 10 results and 0 failures
[92mINFO [0m:      	└──> Aggregated MetricRecord: {'eval_loss': 1.7845250748097898, 'eval_acc': 0.3605, 'time': 657.8923060894012}
[92mINFO [0m:      
[92mINFO [0m:      [ROUND 88/100]
[92mINFO [0m:      configure_train: Sampled 9 nodes (out of 10)
[92mINFO [0m:      aggregate_train: Received 10 results and 0 failures
[92mINFO [0m:      	└──> Aggregated MetricRecord: {'train_loss': 1.8316594602584841, 'train_time': 5.959550364408642, 'qtty_records': 10}
[92mINFO [0m:      configure_evaluate: Sampled 10 nodes (out of 10)
[92mINFO [0m:      aggregate_evaluate: Received 10 results and 0 failures
[92mINFO [0m:      	└──> Aggregated MetricRecord: {'eval_loss': 1.8070070777088407, 'eval_acc': 0.3698, 'time': 664.9572293758392}
[92mINFO [0m:      
[92mINFO [0m:      [ROUND 89/100]
[92mINFO [0m:      configure_train: Sampled 10 nodes (out of 10)
[92mINFO [0m:      aggregate_train: Received 9 results and 0 failures
[92mINFO [0m:      	└──> Aggregated MetricRecord: {'train_loss': 1.8271274397108286, 'train_time': 5.422044924977753, 'qtty_records': 9}
[92mINFO [0m:      configure_evaluate: Sampled 10 nodes (out of 10)
[92mINFO [0m:      aggregate_evaluate: Received 10 results and 0 failures
[92mINFO [0m:      	└──> Aggregated MetricRecord: {'eval_loss': 1.817282730713487, 'eval_acc': 0.3509, 'time': 672.0066328048706}
[92mINFO [0m:      
[92mINFO [0m:      [ROUND 90/100]
[92mINFO [0m:      configure_train: Sampled 9 nodes (out of 10)
[92mINFO [0m:      aggregate_train: Received 10 results and 0 failures
[92mINFO [0m:      	└──> Aggregated MetricRecord: {'train_loss': 1.82250662317276, 'train_time': 5.945320606697351, 'qtty_records': 10}
[92mINFO [0m:      configure_evaluate: Sampled 10 nodes (out of 10)
[92mINFO [0m:      aggregate_evaluate: Received 10 results and 0 failures
[92mINFO [0m:      	└──> Aggregated MetricRecord: {'eval_loss': 1.801333348453045, 'eval_acc': 0.36939999999999995, 'time': 679.1718616485596}
[92mINFO [0m:      
[92mINFO [0m:      [ROUND 91/100]
[92mINFO [0m:      configure_train: Sampled 10 nodes (out of 10)
[92mINFO [0m:      aggregate_train: Received 9 results and 0 failures
[92mINFO [0m:      	└──> Aggregated MetricRecord: {'train_loss': 1.8226999593310884, 'train_time': 5.433926579645938, 'qtty_records': 9}
[92mINFO [0m:      configure_evaluate: Sampled 10 nodes (out of 10)
[92mINFO [0m:      aggregate_evaluate: Received 10 results and 0 failures
[92mINFO [0m:      	└──> Aggregated MetricRecord: {'eval_loss': 1.8036863379180432, 'eval_acc': 0.3739, 'time': 686.227242231369}
[92mINFO [0m:      
[92mINFO [0m:      [ROUND 92/100]
[92mINFO [0m:      configure_train: Sampled 9 nodes (out of 10)
[92mINFO [0m:      aggregate_train: Received 10 results and 0 failures
[92mINFO [0m:      	└──> Aggregated MetricRecord: {'train_loss': 1.8457477947235108, 'train_time': 5.935337302275002, 'qtty_records': 10}
[92mINFO [0m:      configure_evaluate: Sampled 10 nodes (out of 10)
[92mINFO [0m:      aggregate_evaluate: Received 10 results and 0 failures
[92mINFO [0m:      	└──> Aggregated MetricRecord: {'eval_loss': 1.865812077373266, 'eval_acc': 0.35309999999999997, 'time': 693.3922808170319}
[92mINFO [0m:      
[92mINFO [0m:      [ROUND 93/100]
[92mINFO [0m:      configure_train: Sampled 10 nodes (out of 10)
[92mINFO [0m:      aggregate_train: Received 9 results and 0 failures
[92mINFO [0m:      	└──> Aggregated MetricRecord: {'train_loss': 1.8342715288798015, 'train_time': 5.430380469705495, 'qtty_records': 9}
[92mINFO [0m:      configure_evaluate: Sampled 10 nodes (out of 10)
[92mINFO [0m:      aggregate_evaluate: Received 10 results and 0 failures
[92mINFO [0m:      	└──> Aggregated MetricRecord: {'eval_loss': 1.8328154154121878, 'eval_acc': 0.3565, 'time': 700.5649304389954}
[92mINFO [0m:      
[92mINFO [0m:      [ROUND 94/100]
[92mINFO [0m:      configure_train: Sampled 9 nodes (out of 10)
[92mINFO [0m:      aggregate_train: Received 10 results and 0 failures
[92mINFO [0m:      	└──> Aggregated MetricRecord: {'train_loss': 1.8329544943809513, 'train_time': 5.9418711720965804, 'qtty_records': 10}
[92mINFO [0m:      configure_evaluate: Sampled 10 nodes (out of 10)
[92mINFO [0m:      aggregate_evaluate: Received 10 results and 0 failures
[92mINFO [0m:      	└──> Aggregated MetricRecord: {'eval_loss': 1.8110802877694367, 'eval_acc': 0.3609, 'time': 707.6248300075531}
[92mINFO [0m:      
[92mINFO [0m:      [ROUND 95/100]
[92mINFO [0m:      configure_train: Sampled 10 nodes (out of 10)
[92mINFO [0m:      aggregate_train: Received 9 results and 0 failures
[92mINFO [0m:      	└──> Aggregated MetricRecord: {'train_loss': 1.8093484064737955, 'train_time': 5.434180528028971, 'qtty_records': 9}
[92mINFO [0m:      configure_evaluate: Sampled 10 nodes (out of 10)
[92mINFO [0m:      aggregate_evaluate: Received 10 results and 0 failures
[92mINFO [0m:      	└──> Aggregated MetricRecord: {'eval_loss': 1.7980423260480165, 'eval_acc': 0.36860000000000004, 'time': 714.6922917366028}
[92mINFO [0m:      
[92mINFO [0m:      [ROUND 96/100]
[92mINFO [0m:      configure_train: Sampled 9 nodes (out of 10)
[92mINFO [0m:      aggregate_train: Received 10 results and 0 failures
[92mINFO [0m:      	└──> Aggregated MetricRecord: {'train_loss': 1.8464090255737307, 'train_time': 5.951289353426546, 'qtty_records': 10}
[92mINFO [0m:      configure_evaluate: Sampled 10 nodes (out of 10)
[92mINFO [0m:      aggregate_evaluate: Received 10 results and 0 failures
[92mINFO [0m:      	└──> Aggregated MetricRecord: {'eval_loss': 1.8324205480515958, 'eval_acc': 0.36000000000000004, 'time': 721.85857462883}
[92mINFO [0m:      
[92mINFO [0m:      [ROUND 97/100]
[92mINFO [0m:      configure_train: Sampled 10 nodes (out of 10)
[92mINFO [0m:      aggregate_train: Received 9 results and 0 failures
[92mINFO [0m:      	└──> Aggregated MetricRecord: {'train_loss': 1.8306810714933608, 'train_time': 5.439157425529427, 'qtty_records': 9}
[92mINFO [0m:      configure_evaluate: Sampled 10 nodes (out of 10)
[92mINFO [0m:      aggregate_evaluate: Received 10 results and 0 failures
[92mINFO [0m:      	└──> Aggregated MetricRecord: {'eval_loss': 1.834136410802603, 'eval_acc': 0.3618, 'time': 728.8908729553223}
[92mINFO [0m:      
[92mINFO [0m:      [ROUND 98/100]
[92mINFO [0m:      configure_train: Sampled 9 nodes (out of 10)
[92mINFO [0m:      aggregate_train: Received 10 results and 0 failures
[92mINFO [0m:      	└──> Aggregated MetricRecord: {'train_loss': 1.8360757000923154, 'train_time': 5.949868487846106, 'qtty_records': 10}
[92mINFO [0m:      configure_evaluate: Sampled 10 nodes (out of 10)
[92mINFO [0m:      aggregate_evaluate: Received 10 results and 0 failures
[92mINFO [0m:      	└──> Aggregated MetricRecord: {'eval_loss': 1.8303850702941418, 'eval_acc': 0.3615, 'time': 736.0530996322632}
[92mINFO [0m:      
[92mINFO [0m:      [ROUND 99/100]
[92mINFO [0m:      configure_train: Sampled 10 nodes (out of 10)
[92mINFO [0m:      aggregate_train: Received 9 results and 0 failures
[92mINFO [0m:      	└──> Aggregated MetricRecord: {'train_loss': 1.837776741345723, 'train_time': 5.437043584158851, 'qtty_records': 9}
[92mINFO [0m:      configure_evaluate: Sampled 10 nodes (out of 10)
[92mINFO [0m:      aggregate_evaluate: Received 10 results and 0 failures
[92mINFO [0m:      	└──> Aggregated MetricRecord: {'eval_loss': 1.8282648455351591, 'eval_acc': 0.35609999999999997, 'time': 743.2000699043274}
[92mINFO [0m:      
[92mINFO [0m:      [ROUND 100/100]
[92mINFO [0m:      configure_train: Sampled 9 nodes (out of 10)
[92mINFO [0m:      aggregate_train: Received 10 results and 0 failures
[92mINFO [0m:      	└──> Aggregated MetricRecord: {'train_loss': 1.8282568216323858, 'train_time': 5.936512893345207, 'qtty_records': 10}
[92mINFO [0m:      configure_evaluate: Sampled 10 nodes (out of 10)
[92mINFO [0m:      aggregate_evaluate: Received 10 results and 0 failures
[92mINFO [0m:      	└──> Aggregated MetricRecord: {'eval_loss': 1.8285616349428895, 'eval_acc': 0.36, 'time': 750.2632718086243}
[92mINFO [0m:      
[92mINFO [0m:      Strategy execution finished in 750.26s
[92mINFO [0m:      
[92mINFO [0m:      Final results:
[92mINFO [0m:      
[92mINFO [0m:      	Global Arrays:
[92mINFO [0m:      		ArrayRecord (0.238 MB)
[92mINFO [0m:      	
[92mINFO [0m:      	Aggregated ClientApp-side Train Metrics:
[92mINFO [0m:      	{ 1: { 'qtty_records': '9',
[92mINFO [0m:      	       'train_loss': '2.2188e+00',
[92mINFO [0m:      	       'train_time': '7.5397e+00'},
[92mINFO [0m:      	  2: { 'qtty_records': '10',
[92mINFO [0m:      	       'train_loss': '2.1757e+00',
[92mINFO [0m:      	       'train_time': '6.1545e+00'},
[92mINFO [0m:      	  3: { 'qtty_records': '9',
[92mINFO [0m:      	       'train_loss': '2.1208e+00',
[92mINFO [0m:      	       'train_time': '5.4768e+00'},
[92mINFO [0m:      	  4: { 'qtty_records': '10',
[92mINFO [0m:      	       'train_loss': '2.0628e+00',
[92mINFO [0m:      	       'train_time': '5.9850e+00'},
[92mINFO [0m:      	  5: { 'qtty_records': '9',
[92mINFO [0m:      	       'train_loss': '2.0341e+00',
[92mINFO [0m:      	       'train_time': '5.4607e+00'},
[92mINFO [0m:      	  6: { 'qtty_records': '10',
[92mINFO [0m:      	       'train_loss': '2.0193e+00',
[92mINFO [0m:      	       'train_time': '5.9635e+00'},
[92mINFO [0m:      	  7: { 'qtty_records': '9',
[92mINFO [0m:      	       'train_loss': '1.9874e+00',
[92mINFO [0m:      	       'train_time': '5.4468e+00'},
[92mINFO [0m:      	  8: { 'qtty_records': '10',
[92mINFO [0m:      	       'train_loss': '1.9795e+00',
[92mINFO [0m:      	       'train_time': '5.9621e+00'},
[92mINFO [0m:      	  9: { 'qtty_records': '9',
[92mINFO [0m:      	       'train_loss': '1.9595e+00',
[92mINFO [0m:      	       'train_time': '5.4304e+00'},
[92mINFO [0m:      	  10: { 'qtty_records': '10',
[92mINFO [0m:      	        'train_loss': '1.9470e+00',
[92mINFO [0m:      	        'train_time': '5.9595e+00'},
[92mINFO [0m:      	  11: { 'qtty_records': '9',
[92mINFO [0m:      	        'train_loss': '1.9466e+00',
[92mINFO [0m:      	        'train_time': '5.4527e+00'},
[92mINFO [0m:      	  12: { 'qtty_records': '10',
[92mINFO [0m:      	        'train_loss': '1.9362e+00',
[92mINFO [0m:      	        'train_time': '5.9593e+00'},
[92mINFO [0m:      	  13: { 'qtty_records': '9',
[92mINFO [0m:      	        'train_loss': '1.9399e+00',
[92mINFO [0m:      	        'train_time': '5.4295e+00'},
[92mINFO [0m:      	  14: { 'qtty_records': '10',
[92mINFO [0m:      	        'train_loss': '1.9331e+00',
[92mINFO [0m:      	        'train_time': '5.9632e+00'},
[92mINFO [0m:      	  15: { 'qtty_records': '9',
[92mINFO [0m:      	        'train_loss': '1.9246e+00',
[92mINFO [0m:      	        'train_time': '5.4628e+00'},
[92mINFO [0m:      	  16: { 'qtty_records': '10',
[92mINFO [0m:      	        'train_loss': '1.9128e+00',
[92mINFO [0m:      	        'train_time': '5.9766e+00'},
[92mINFO [0m:      	  17: { 'qtty_records': '9',
[92mINFO [0m:      	        'train_loss': '1.8980e+00',
[92mINFO [0m:      	        'train_time': '5.4269e+00'},
[92mINFO [0m:      	  18: { 'qtty_records': '10',
[92mINFO [0m:      	        'train_loss': '1.8874e+00',
[92mINFO [0m:      	        'train_time': '5.9538e+00'},
[92mINFO [0m:      	  19: { 'qtty_records': '9',
[92mINFO [0m:      	        'train_loss': '1.9055e+00',
[92mINFO [0m:      	        'train_time': '5.4443e+00'},
[92mINFO [0m:      	  20: { 'qtty_records': '10',
[92mINFO [0m:      	        'train_loss': '1.9030e+00',
[92mINFO [0m:      	        'train_time': '5.9659e+00'},
[92mINFO [0m:      	  21: { 'qtty_records': '9',
[92mINFO [0m:      	        'train_loss': '1.8745e+00',
[92mINFO [0m:      	        'train_time': '5.4333e+00'},
[92mINFO [0m:      	  22: { 'qtty_records': '10',
[92mINFO [0m:      	        'train_loss': '1.8852e+00',
[92mINFO [0m:      	        'train_time': '5.9870e+00'},
[92mINFO [0m:      	  23: { 'qtty_records': '9',
[92mINFO [0m:      	        'train_loss': '1.8839e+00',
[92mINFO [0m:      	        'train_time': '5.4297e+00'},
[92mINFO [0m:      	  24: { 'qtty_records': '10',
[92mINFO [0m:      	        'train_loss': '1.8833e+00',
[92mINFO [0m:      	        'train_time': '5.9568e+00'},
[92mINFO [0m:      	  25: { 'qtty_records': '9',
[92mINFO [0m:      	        'train_loss': '1.8887e+00',
[92mINFO [0m:      	        'train_time': '5.4465e+00'},
[92mINFO [0m:      	  26: { 'qtty_records': '10',
[92mINFO [0m:      	        'train_loss': '1.8710e+00',
[92mINFO [0m:      	        'train_time': '5.9641e+00'},
[92mINFO [0m:      	  27: { 'qtty_records': '9',
[92mINFO [0m:      	        'train_loss': '1.8710e+00',
[92mINFO [0m:      	        'train_time': '5.4187e+00'},
[92mINFO [0m:      	  28: { 'qtty_records': '10',
[92mINFO [0m:      	        'train_loss': '1.8532e+00',
[92mINFO [0m:      	        'train_time': '5.9678e+00'},
[92mINFO [0m:      	  29: { 'qtty_records': '9',
[92mINFO [0m:      	        'train_loss': '1.8548e+00',
[92mINFO [0m:      	        'train_time': '5.4241e+00'},
[92mINFO [0m:      	  30: { 'qtty_records': '10',
[92mINFO [0m:      	        'train_loss': '1.8818e+00',
[92mINFO [0m:      	        'train_time': '5.9614e+00'},
[92mINFO [0m:      	  31: { 'qtty_records': '9',
[92mINFO [0m:      	        'train_loss': '1.8645e+00',
[92mINFO [0m:      	        'train_time': '5.4515e+00'},
[92mINFO [0m:      	  32: { 'qtty_records': '10',
[92mINFO [0m:      	        'train_loss': '1.8718e+00',
[92mINFO [0m:      	        'train_time': '5.9606e+00'},
[92mINFO [0m:      	  33: { 'qtty_records': '9',
[92mINFO [0m:      	        'train_loss': '1.8444e+00',
[92mINFO [0m:      	        'train_time': '5.4230e+00'},
[92mINFO [0m:      	  34: { 'qtty_records': '10',
[92mINFO [0m:      	        'train_loss': '1.8441e+00',
[92mINFO [0m:      	        'train_time': '5.9652e+00'},
[92mINFO [0m:      	  35: { 'qtty_records': '9',
[92mINFO [0m:      	        'train_loss': '1.8355e+00',
[92mINFO [0m:      	        'train_time': '5.4330e+00'},
[92mINFO [0m:      	  36: { 'qtty_records': '10',
[92mINFO [0m:      	        'train_loss': '1.8354e+00',
[92mINFO [0m:      	        'train_time': '5.9592e+00'},
[92mINFO [0m:      	  37: { 'qtty_records': '9',
[92mINFO [0m:      	        'train_loss': '1.8377e+00',
[92mINFO [0m:      	        'train_time': '5.4297e+00'},
[92mINFO [0m:      	  38: { 'qtty_records': '10',
[92mINFO [0m:      	        'train_loss': '1.8560e+00',
[92mINFO [0m:      	        'train_time': '5.9682e+00'},
[92mINFO [0m:      	  39: { 'qtty_records': '9',
[92mINFO [0m:      	        'train_loss': '1.8187e+00',
[92mINFO [0m:      	        'train_time': '5.4220e+00'},
[92mINFO [0m:      	  40: { 'qtty_records': '10',
[92mINFO [0m:      	        'train_loss': '1.8485e+00',
[92mINFO [0m:      	        'train_time': '5.9642e+00'},
[92mINFO [0m:      	  41: { 'qtty_records': '9',
[92mINFO [0m:      	        'train_loss': '1.8504e+00',
[92mINFO [0m:      	        'train_time': '5.4363e+00'},
[92mINFO [0m:      	  42: { 'qtty_records': '10',
[92mINFO [0m:      	        'train_loss': '1.8411e+00',
[92mINFO [0m:      	        'train_time': '5.9554e+00'},
[92mINFO [0m:      	  43: { 'qtty_records': '9',
[92mINFO [0m:      	        'train_loss': '1.8262e+00',
[92mINFO [0m:      	        'train_time': '5.4337e+00'},
[92mINFO [0m:      	  44: { 'qtty_records': '10',
[92mINFO [0m:      	        'train_loss': '1.8350e+00',
[92mINFO [0m:      	        'train_time': '5.9653e+00'},
[92mINFO [0m:      	  45: { 'qtty_records': '9',
[92mINFO [0m:      	        'train_loss': '1.8304e+00',
[92mINFO [0m:      	        'train_time': '5.4213e+00'},
[92mINFO [0m:      	  46: { 'qtty_records': '10',
[92mINFO [0m:      	        'train_loss': '1.8371e+00',
[92mINFO [0m:      	        'train_time': '5.9674e+00'},
[92mINFO [0m:      	  47: { 'qtty_records': '9',
[92mINFO [0m:      	        'train_loss': '1.8326e+00',
[92mINFO [0m:      	        'train_time': '5.4336e+00'},
[92mINFO [0m:      	  48: { 'qtty_records': '10',
[92mINFO [0m:      	        'train_loss': '1.8233e+00',
[92mINFO [0m:      	        'train_time': '5.9589e+00'},
[92mINFO [0m:      	  49: { 'qtty_records': '9',
[92mINFO [0m:      	        'train_loss': '1.8317e+00',
[92mINFO [0m:      	        'train_time': '5.4434e+00'},
[92mINFO [0m:      	  50: { 'qtty_records': '10',
[92mINFO [0m:      	        'train_loss': '1.8283e+00',
[92mINFO [0m:      	        'train_time': '5.9463e+00'},
[92mINFO [0m:      	  51: { 'qtty_records': '9',
[92mINFO [0m:      	        'train_loss': '1.8170e+00',
[92mINFO [0m:      	        'train_time': '5.4288e+00'},
[92mINFO [0m:      	  52: { 'qtty_records': '10',
[92mINFO [0m:      	        'train_loss': '1.8400e+00',
[92mINFO [0m:      	        'train_time': '5.9634e+00'},
[92mINFO [0m:      	  53: { 'qtty_records': '9',
[92mINFO [0m:      	        'train_loss': '1.8226e+00',
[92mINFO [0m:      	        'train_time': '5.4190e+00'},
[92mINFO [0m:      	  54: { 'qtty_records': '10',
[92mINFO [0m:      	        'train_loss': '1.8391e+00',
[92mINFO [0m:      	        'train_time': '5.9645e+00'},
[92mINFO [0m:      	  55: { 'qtty_records': '9',
[92mINFO [0m:      	        'train_loss': '1.8173e+00',
[92mINFO [0m:      	        'train_time': '5.4703e+00'},
[92mINFO [0m:      	  56: { 'qtty_records': '10',
[92mINFO [0m:      	        'train_loss': '1.8363e+00',
[92mINFO [0m:      	        'train_time': '5.9501e+00'},
[92mINFO [0m:      	  57: { 'qtty_records': '9',
[92mINFO [0m:      	        'train_loss': '1.8208e+00',
[92mINFO [0m:      	        'train_time': '5.4635e+00'},
[92mINFO [0m:      	  58: { 'qtty_records': '10',
[92mINFO [0m:      	        'train_loss': '1.8337e+00',
[92mINFO [0m:      	        'train_time': '5.9465e+00'},
[92mINFO [0m:      	  59: { 'qtty_records': '9',
[92mINFO [0m:      	        'train_loss': '1.8331e+00',
[92mINFO [0m:      	        'train_time': '5.4541e+00'},
[92mINFO [0m:      	  60: { 'qtty_records': '10',
[92mINFO [0m:      	        'train_loss': '1.8180e+00',
[92mINFO [0m:      	        'train_time': '5.9552e+00'},
[92mINFO [0m:      	  61: { 'qtty_records': '9',
[92mINFO [0m:      	        'train_loss': '1.8043e+00',
[92mINFO [0m:      	        'train_time': '5.4302e+00'},
[92mINFO [0m:      	  62: { 'qtty_records': '10',
[92mINFO [0m:      	        'train_loss': '1.8245e+00',
[92mINFO [0m:      	        'train_time': '5.9487e+00'},
[92mINFO [0m:      	  63: { 'qtty_records': '9',
[92mINFO [0m:      	        'train_loss': '1.8299e+00',
[92mINFO [0m:      	        'train_time': '5.4144e+00'},
[92mINFO [0m:      	  64: { 'qtty_records': '10',
[92mINFO [0m:      	        'train_loss': '1.8232e+00',
[92mINFO [0m:      	        'train_time': '5.9521e+00'},
[92mINFO [0m:      	  65: { 'qtty_records': '9',
[92mINFO [0m:      	        'train_loss': '1.8157e+00',
[92mINFO [0m:      	        'train_time': '5.4145e+00'},
[92mINFO [0m:      	  66: { 'qtty_records': '10',
[92mINFO [0m:      	        'train_loss': '1.8201e+00',
[92mINFO [0m:      	        'train_time': '5.9549e+00'},
[92mINFO [0m:      	  67: { 'qtty_records': '9',
[92mINFO [0m:      	        'train_loss': '1.8203e+00',
[92mINFO [0m:      	        'train_time': '5.4124e+00'},
[92mINFO [0m:      	  68: { 'qtty_records': '10',
[92mINFO [0m:      	        'train_loss': '1.8523e+00',
[92mINFO [0m:      	        'train_time': '5.9476e+00'},
[92mINFO [0m:      	  69: { 'qtty_records': '9',
[92mINFO [0m:      	        'train_loss': '1.8290e+00',
[92mINFO [0m:      	        'train_time': '5.4373e+00'},
[92mINFO [0m:      	  70: { 'qtty_records': '10',
[92mINFO [0m:      	        'train_loss': '1.8284e+00',
[92mINFO [0m:      	        'train_time': '5.9667e+00'},
[92mINFO [0m:      	  71: { 'qtty_records': '9',
[92mINFO [0m:      	        'train_loss': '1.8258e+00',
[92mINFO [0m:      	        'train_time': '5.4614e+00'},
[92mINFO [0m:      	  72: { 'qtty_records': '10',
[92mINFO [0m:      	        'train_loss': '1.8535e+00',
[92mINFO [0m:      	        'train_time': '5.9648e+00'},
[92mINFO [0m:      	  73: { 'qtty_records': '9',
[92mINFO [0m:      	        'train_loss': '1.8416e+00',
[92mINFO [0m:      	        'train_time': '5.4373e+00'},
[92mINFO [0m:      	  74: { 'qtty_records': '10',
[92mINFO [0m:      	        'train_loss': '1.8233e+00',
[92mINFO [0m:      	        'train_time': '5.9738e+00'},
[92mINFO [0m:      	  75: { 'qtty_records': '9',
[92mINFO [0m:      	        'train_loss': '1.8287e+00',
[92mINFO [0m:      	        'train_time': '5.4220e+00'},
[92mINFO [0m:      	  76: { 'qtty_records': '10',
[92mINFO [0m:      	        'train_loss': '1.8482e+00',
[92mINFO [0m:      	        'train_time': '5.9351e+00'},
[92mINFO [0m:      	  77: { 'qtty_records': '9',
[92mINFO [0m:      	        'train_loss': '1.8166e+00',
[92mINFO [0m:      	        'train_time': '5.4585e+00'},
[92mINFO [0m:      	  78: { 'qtty_records': '10',
[92mINFO [0m:      	        'train_loss': '1.8334e+00',
[92mINFO [0m:      	        'train_time': '5.9591e+00'},
[92mINFO [0m:      	  79: { 'qtty_records': '9',
[92mINFO [0m:      	        'train_loss': '1.8417e+00',
[92mINFO [0m:      	        'train_time': '5.4274e+00'},
[92mINFO [0m:      	  80: { 'qtty_records': '10',
[92mINFO [0m:      	        'train_loss': '1.8484e+00',
[92mINFO [0m:      	        'train_time': '5.9506e+00'},
[92mINFO [0m:      	  81: { 'qtty_records': '9',
[92mINFO [0m:      	        'train_loss': '1.8243e+00',
[92mINFO [0m:      	        'train_time': '5.4386e+00'},
[92mINFO [0m:      	  82: { 'qtty_records': '10',
[92mINFO [0m:      	        'train_loss': '1.8268e+00',
[92mINFO [0m:      	        'train_time': '5.9437e+00'},
[92mINFO [0m:      	  83: { 'qtty_records': '9',
[92mINFO [0m:      	        'train_loss': '1.8207e+00',
[92mINFO [0m:      	        'train_time': '5.4198e+00'},
[92mINFO [0m:      	  84: { 'qtty_records': '10',
[92mINFO [0m:      	        'train_loss': '1.8357e+00',
[92mINFO [0m:      	        'train_time': '5.9487e+00'},
[92mINFO [0m:      	  85: { 'qtty_records': '9',
[92mINFO [0m:      	        'train_loss': '1.8322e+00',
[92mINFO [0m:      	        'train_time': '5.4512e+00'},
[92mINFO [0m:      	  86: { 'qtty_records': '10',
[92mINFO [0m:      	        'train_loss': '1.8398e+00',
[92mINFO [0m:      	        'train_time': '5.9605e+00'},
[92mINFO [0m:      	  87: { 'qtty_records': '9',
[92mINFO [0m:      	        'train_loss': '1.8111e+00',
[92mINFO [0m:      	        'train_time': '5.4283e+00'},
[92mINFO [0m:      	  88: { 'qtty_records': '10',
[92mINFO [0m:      	        'train_loss': '1.8317e+00',
[92mINFO [0m:      	        'train_time': '5.9596e+00'},
[92mINFO [0m:      	  89: { 'qtty_records': '9',
[92mINFO [0m:      	        'train_loss': '1.8271e+00',
[92mINFO [0m:      	        'train_time': '5.4220e+00'},
[92mINFO [0m:      	  90: { 'qtty_records': '10',
[92mINFO [0m:      	        'train_loss': '1.8225e+00',
[92mINFO [0m:      	        'train_time': '5.9453e+00'},
[92mINFO [0m:      	  91: { 'qtty_records': '9',
[92mINFO [0m:      	        'train_loss': '1.8227e+00',
[92mINFO [0m:      	        'train_time': '5.4339e+00'},
[92mINFO [0m:      	  92: { 'qtty_records': '10',
[92mINFO [0m:      	        'train_loss': '1.8457e+00',
[92mINFO [0m:      	        'train_time': '5.9353e+00'},
[92mINFO [0m:      	  93: { 'qtty_records': '9',
[92mINFO [0m:      	        'train_loss': '1.8343e+00',
[92mINFO [0m:      	        'train_time': '5.4304e+00'},
[92mINFO [0m:      	  94: { 'qtty_records': '10',
[92mINFO [0m:      	        'train_loss': '1.8330e+00',
[92mINFO [0m:      	        'train_time': '5.9419e+00'},
[92mINFO [0m:      	  95: { 'qtty_records': '9',
[92mINFO [0m:      	        'train_loss': '1.8093e+00',
[92mINFO [0m:      	        'train_time': '5.4342e+00'},
[92mINFO [0m:      	  96: { 'qtty_records': '10',
[92mINFO [0m:      	        'train_loss': '1.8464e+00',
[92mINFO [0m:      	        'train_time': '5.9513e+00'},
[92mINFO [0m:      	  97: { 'qtty_records': '9',
[92mINFO [0m:      	        'train_loss': '1.8307e+00',
[92mINFO [0m:      	        'train_time': '5.4392e+00'},
[92mINFO [0m:      	  98: { 'qtty_records': '10',
[92mINFO [0m:      	        'train_loss': '1.8361e+00',
[92mINFO [0m:      	        'train_time': '5.9499e+00'},
[92mINFO [0m:      	  99: { 'qtty_records': '9',
[92mINFO [0m:      	        'train_loss': '1.8378e+00',
[92mINFO [0m:      	        'train_time': '5.4370e+00'},
[92mINFO [0m:      	  100: { 'qtty_records': '10',
[92mINFO [0m:      	         'train_loss': '1.8283e+00',
[92mINFO [0m:      	         'train_time': '5.9365e+00'}}
[92mINFO [0m:      	
[92mINFO [0m:      	Aggregated ClientApp-side Evaluate Metrics:
[92mINFO [0m:      	{ 1: { 'eval_acc': '9.4200e-02',
[92mINFO [0m:      	       'eval_loss': '2.3844e+00',
[92mINFO [0m:      	       'time': '4.5510e+01'},
[92mINFO [0m:      	  2: { 'eval_acc': '1.0770e-01',
[92mINFO [0m:      	       'eval_loss': '2.3365e+00',
[92mINFO [0m:      	       'time': '5.2573e+01'},
[92mINFO [0m:      	  3: { 'eval_acc': '1.7200e-01',
[92mINFO [0m:      	       'eval_loss': '2.1764e+00',
[92mINFO [0m:      	       'time': '5.9742e+01'},
[92mINFO [0m:      	  4: { 'eval_acc': '1.5730e-01',
[92mINFO [0m:      	       'eval_loss': '2.1527e+00',
[92mINFO [0m:      	       'time': '6.6909e+01'},
[92mINFO [0m:      	  5: { 'eval_acc': '1.8830e-01',
[92mINFO [0m:      	       'eval_loss': '2.1232e+00',
[92mINFO [0m:      	       'time': '7.3965e+01'},
[92mINFO [0m:      	  6: { 'eval_acc': '2.3530e-01',
[92mINFO [0m:      	       'eval_loss': '2.0958e+00',
[92mINFO [0m:      	       'time': '8.1128e+01'},
[92mINFO [0m:      	  7: { 'eval_acc': '2.6080e-01',
[92mINFO [0m:      	       'eval_loss': '2.0103e+00',
[92mINFO [0m:      	       'time': '8.8294e+01'},
[92mINFO [0m:      	  8: { 'eval_acc': '2.1100e-01',
[92mINFO [0m:      	       'eval_loss': '2.0858e+00',
[92mINFO [0m:      	       'time': '9.5460e+01'},
[92mINFO [0m:      	  9: { 'eval_acc': '2.7540e-01',
[92mINFO [0m:      	       'eval_loss': '2.0020e+00',
[92mINFO [0m:      	       'time': '1.0291e+02'},
[92mINFO [0m:      	  10: { 'eval_acc': '2.6080e-01',
[92mINFO [0m:      	        'eval_loss': '2.0394e+00',
[92mINFO [0m:      	        'time': '1.1007e+02'},
[92mINFO [0m:      	  11: { 'eval_acc': '2.6000e-01',
[92mINFO [0m:      	        'eval_loss': '1.9858e+00',
[92mINFO [0m:      	        'time': '1.1722e+02'},
[92mINFO [0m:      	  12: { 'eval_acc': '2.8090e-01',
[92mINFO [0m:      	        'eval_loss': '2.0060e+00',
[92mINFO [0m:      	        'time': '1.2429e+02'},
[92mINFO [0m:      	  13: { 'eval_acc': '2.7670e-01',
[92mINFO [0m:      	        'eval_loss': '1.9501e+00',
[92mINFO [0m:      	        'time': '1.3135e+02'},
[92mINFO [0m:      	  14: { 'eval_acc': '2.7800e-01',
[92mINFO [0m:      	        'eval_loss': '2.0062e+00',
[92mINFO [0m:      	        'time': '1.3849e+02'},
[92mINFO [0m:      	  15: { 'eval_acc': '2.7430e-01',
[92mINFO [0m:      	        'eval_loss': '1.9232e+00',
[92mINFO [0m:      	        'time': '1.4562e+02'},
[92mINFO [0m:      	  16: { 'eval_acc': '3.0030e-01',
[92mINFO [0m:      	        'eval_loss': '1.9144e+00',
[92mINFO [0m:      	        'time': '1.5279e+02'},
[92mINFO [0m:      	  17: { 'eval_acc': '2.9200e-01',
[92mINFO [0m:      	        'eval_loss': '1.9065e+00',
[92mINFO [0m:      	        'time': '1.5985e+02'},
[92mINFO [0m:      	  18: { 'eval_acc': '2.9920e-01',
[92mINFO [0m:      	        'eval_loss': '1.9057e+00',
[92mINFO [0m:      	        'time': '1.6701e+02'},
[92mINFO [0m:      	  19: { 'eval_acc': '2.8400e-01',
[92mINFO [0m:      	        'eval_loss': '1.9474e+00',
[92mINFO [0m:      	        'time': '1.7417e+02'},
[92mINFO [0m:      	  20: { 'eval_acc': '3.1780e-01',
[92mINFO [0m:      	        'eval_loss': '1.8770e+00',
[92mINFO [0m:      	        'time': '1.8124e+02'},
[92mINFO [0m:      	  21: { 'eval_acc': '3.2550e-01',
[92mINFO [0m:      	        'eval_loss': '1.8707e+00',
[92mINFO [0m:      	        'time': '1.8837e+02'},
[92mINFO [0m:      	  22: { 'eval_acc': '3.1970e-01',
[92mINFO [0m:      	        'eval_loss': '1.8988e+00',
[92mINFO [0m:      	        'time': '1.9544e+02'},
[92mINFO [0m:      	  23: { 'eval_acc': '3.1740e-01',
[92mINFO [0m:      	        'eval_loss': '1.8759e+00',
[92mINFO [0m:      	        'time': '2.0250e+02'},
[92mINFO [0m:      	  24: { 'eval_acc': '3.3080e-01',
[92mINFO [0m:      	        'eval_loss': '1.9158e+00',
[92mINFO [0m:      	        'time': '2.0966e+02'},
[92mINFO [0m:      	  25: { 'eval_acc': '3.2760e-01',
[92mINFO [0m:      	        'eval_loss': '1.8776e+00',
[92mINFO [0m:      	        'time': '2.1669e+02'},
[92mINFO [0m:      	  26: { 'eval_acc': '3.3350e-01',
[92mINFO [0m:      	        'eval_loss': '1.8740e+00',
[92mINFO [0m:      	        'time': '2.2385e+02'},
[92mINFO [0m:      	  27: { 'eval_acc': '3.5310e-01',
[92mINFO [0m:      	        'eval_loss': '1.8581e+00',
[92mINFO [0m:      	        'time': '2.3102e+02'},
[92mINFO [0m:      	  28: { 'eval_acc': '3.3310e-01',
[92mINFO [0m:      	        'eval_loss': '1.8438e+00',
[92mINFO [0m:      	        'time': '2.3808e+02'},
[92mINFO [0m:      	  29: { 'eval_acc': '3.4820e-01',
[92mINFO [0m:      	        'eval_loss': '1.8370e+00',
[92mINFO [0m:      	        'time': '2.4514e+02'},
[92mINFO [0m:      	  30: { 'eval_acc': '3.3530e-01',
[92mINFO [0m:      	        'eval_loss': '1.9001e+00',
[92mINFO [0m:      	        'time': '2.5231e+02'},
[92mINFO [0m:      	  31: { 'eval_acc': '3.4000e-01',
[92mINFO [0m:      	        'eval_loss': '1.8702e+00',
[92mINFO [0m:      	        'time': '2.5934e+02'},
[92mINFO [0m:      	  32: { 'eval_acc': '3.3600e-01',
[92mINFO [0m:      	        'eval_loss': '1.9081e+00',
[92mINFO [0m:      	        'time': '2.6650e+02'},
[92mINFO [0m:      	  33: { 'eval_acc': '3.4340e-01',
[92mINFO [0m:      	        'eval_loss': '1.8352e+00',
[92mINFO [0m:      	        'time': '2.7354e+02'},
[92mINFO [0m:      	  34: { 'eval_acc': '3.5230e-01',
[92mINFO [0m:      	        'eval_loss': '1.8432e+00',
[92mINFO [0m:      	        'time': '2.8070e+02'},
[92mINFO [0m:      	  35: { 'eval_acc': '3.5720e-01',
[92mINFO [0m:      	        'eval_loss': '1.8314e+00',
[92mINFO [0m:      	        'time': '2.8775e+02'},
[92mINFO [0m:      	  36: { 'eval_acc': '3.6060e-01',
[92mINFO [0m:      	        'eval_loss': '1.8269e+00',
[92mINFO [0m:      	        'time': '2.9492e+02'},
[92mINFO [0m:      	  37: { 'eval_acc': '3.5600e-01',
[92mINFO [0m:      	        'eval_loss': '1.8319e+00',
[92mINFO [0m:      	        'time': '3.0207e+02'},
[92mINFO [0m:      	  38: { 'eval_acc': '3.5470e-01',
[92mINFO [0m:      	        'eval_loss': '1.8458e+00',
[92mINFO [0m:      	        'time': '3.0923e+02'},
[92mINFO [0m:      	  39: { 'eval_acc': '3.7680e-01',
[92mINFO [0m:      	        'eval_loss': '1.7983e+00',
[92mINFO [0m:      	        'time': '3.1639e+02'},
[92mINFO [0m:      	  40: { 'eval_acc': '3.5180e-01',
[92mINFO [0m:      	        'eval_loss': '1.8416e+00',
[92mINFO [0m:      	        'time': '3.2356e+02'},
[92mINFO [0m:      	  41: { 'eval_acc': '3.3350e-01',
[92mINFO [0m:      	        'eval_loss': '1.8643e+00',
[92mINFO [0m:      	        'time': '3.3061e+02'},
[92mINFO [0m:      	  42: { 'eval_acc': '3.6710e-01',
[92mINFO [0m:      	        'eval_loss': '1.8203e+00',
[92mINFO [0m:      	        'time': '3.3778e+02'},
[92mINFO [0m:      	  43: { 'eval_acc': '3.5970e-01',
[92mINFO [0m:      	        'eval_loss': '1.8304e+00',
[92mINFO [0m:      	        'time': '3.4492e+02'},
[92mINFO [0m:      	  44: { 'eval_acc': '3.6360e-01',
[92mINFO [0m:      	        'eval_loss': '1.8380e+00',
[92mINFO [0m:      	        'time': '3.5208e+02'},
[92mINFO [0m:      	  45: { 'eval_acc': '3.6840e-01',
[92mINFO [0m:      	        'eval_loss': '1.8264e+00',
[92mINFO [0m:      	        'time': '3.5924e+02'},
[92mINFO [0m:      	  46: { 'eval_acc': '3.6790e-01',
[92mINFO [0m:      	        'eval_loss': '1.8361e+00',
[92mINFO [0m:      	        'time': '3.6641e+02'},
[92mINFO [0m:      	  47: { 'eval_acc': '3.7170e-01',
[92mINFO [0m:      	        'eval_loss': '1.8306e+00',
[92mINFO [0m:      	        'time': '3.7347e+02'},
[92mINFO [0m:      	  48: { 'eval_acc': '3.6610e-01',
[92mINFO [0m:      	        'eval_loss': '1.8295e+00',
[92mINFO [0m:      	        'time': '3.8063e+02'},
[92mINFO [0m:      	  49: { 'eval_acc': '3.7240e-01',
[92mINFO [0m:      	        'eval_loss': '1.8216e+00',
[92mINFO [0m:      	        'time': '3.8780e+02'},
[92mINFO [0m:      	  50: { 'eval_acc': '3.7540e-01',
[92mINFO [0m:      	        'eval_loss': '1.8120e+00',
[92mINFO [0m:      	        'time': '3.9486e+02'},
[92mINFO [0m:      	  51: { 'eval_acc': '3.5900e-01',
[92mINFO [0m:      	        'eval_loss': '1.8373e+00',
[92mINFO [0m:      	        'time': '4.0202e+02'},
[92mINFO [0m:      	  52: { 'eval_acc': '3.5570e-01',
[92mINFO [0m:      	        'eval_loss': '1.8584e+00',
[92mINFO [0m:      	        'time': '4.0908e+02'},
[92mINFO [0m:      	  53: { 'eval_acc': '3.6170e-01',
[92mINFO [0m:      	        'eval_loss': '1.8285e+00',
[92mINFO [0m:      	        'time': '4.1625e+02'},
[92mINFO [0m:      	  54: { 'eval_acc': '3.7150e-01',
[92mINFO [0m:      	        'eval_loss': '1.8253e+00',
[92mINFO [0m:      	        'time': '4.2341e+02'},
[92mINFO [0m:      	  55: { 'eval_acc': '3.5880e-01',
[92mINFO [0m:      	        'eval_loss': '1.8128e+00',
[92mINFO [0m:      	        'time': '4.3045e+02'},
[92mINFO [0m:      	  56: { 'eval_acc': '3.5250e-01',
[92mINFO [0m:      	        'eval_loss': '1.8493e+00',
[92mINFO [0m:      	        'time': '4.3761e+02'},
[92mINFO [0m:      	  57: { 'eval_acc': '3.7390e-01',
[92mINFO [0m:      	        'eval_loss': '1.8202e+00',
[92mINFO [0m:      	        'time': '4.4465e+02'},
[92mINFO [0m:      	  58: { 'eval_acc': '3.6290e-01',
[92mINFO [0m:      	        'eval_loss': '1.8287e+00',
[92mINFO [0m:      	        'time': '4.5181e+02'},
[92mINFO [0m:      	  59: { 'eval_acc': '3.5390e-01',
[92mINFO [0m:      	        'eval_loss': '1.8376e+00',
[92mINFO [0m:      	        'time': '4.5897e+02'},
[92mINFO [0m:      	  60: { 'eval_acc': '3.7350e-01',
[92mINFO [0m:      	        'eval_loss': '1.8013e+00',
[92mINFO [0m:      	        'time': '4.6604e+02'},
[92mINFO [0m:      	  61: { 'eval_acc': '3.6790e-01',
[92mINFO [0m:      	        'eval_loss': '1.8084e+00',
[92mINFO [0m:      	        'time': '4.7309e+02'},
[92mINFO [0m:      	  62: { 'eval_acc': '3.6310e-01',
[92mINFO [0m:      	        'eval_loss': '1.8159e+00',
[92mINFO [0m:      	        'time': '4.8026e+02'},
[92mINFO [0m:      	  63: { 'eval_acc': '3.6210e-01',
[92mINFO [0m:      	        'eval_loss': '1.8063e+00',
[92mINFO [0m:      	        'time': '4.8732e+02'},
[92mINFO [0m:      	  64: { 'eval_acc': '3.7710e-01',
[92mINFO [0m:      	        'eval_loss': '1.8248e+00',
[92mINFO [0m:      	        'time': '4.9438e+02'},
[92mINFO [0m:      	  65: { 'eval_acc': '3.5060e-01',
[92mINFO [0m:      	        'eval_loss': '1.8436e+00',
[92mINFO [0m:      	        'time': '5.0154e+02'},
[92mINFO [0m:      	  66: { 'eval_acc': '3.8540e-01',
[92mINFO [0m:      	        'eval_loss': '1.7695e+00',
[92mINFO [0m:      	        'time': '5.0861e+02'},
[92mINFO [0m:      	  67: { 'eval_acc': '3.6120e-01',
[92mINFO [0m:      	        'eval_loss': '1.8309e+00',
[92mINFO [0m:      	        'time': '5.1567e+02'},
[92mINFO [0m:      	  68: { 'eval_acc': '3.6850e-01',
[92mINFO [0m:      	        'eval_loss': '1.8378e+00',
[92mINFO [0m:      	        'time': '5.2284e+02'},
[92mINFO [0m:      	  69: { 'eval_acc': '3.4740e-01',
[92mINFO [0m:      	        'eval_loss': '1.8451e+00',
[92mINFO [0m:      	        'time': '5.2987e+02'},
[92mINFO [0m:      	  70: { 'eval_acc': '3.7550e-01',
[92mINFO [0m:      	        'eval_loss': '1.8102e+00',
[92mINFO [0m:      	        'time': '5.3703e+02'},
[92mINFO [0m:      	  71: { 'eval_acc': '3.4860e-01',
[92mINFO [0m:      	        'eval_loss': '1.8268e+00',
[92mINFO [0m:      	        'time': '5.4406e+02'},
[92mINFO [0m:      	  72: { 'eval_acc': '3.6040e-01',
[92mINFO [0m:      	        'eval_loss': '1.8528e+00',
[92mINFO [0m:      	        'time': '5.5122e+02'},
[92mINFO [0m:      	  73: { 'eval_acc': '3.6430e-01',
[92mINFO [0m:      	        'eval_loss': '1.8223e+00',
[92mINFO [0m:      	        'time': '5.5839e+02'},
[92mINFO [0m:      	  74: { 'eval_acc': '3.6000e-01',
[92mINFO [0m:      	        'eval_loss': '1.8297e+00',
[92mINFO [0m:      	        'time': '5.6545e+02'},
[92mINFO [0m:      	  75: { 'eval_acc': '3.6330e-01',
[92mINFO [0m:      	        'eval_loss': '1.8122e+00',
[92mINFO [0m:      	        'time': '5.7251e+02'},
[92mINFO [0m:      	  76: { 'eval_acc': '3.4810e-01',
[92mINFO [0m:      	        'eval_loss': '1.8610e+00',
[92mINFO [0m:      	        'time': '5.7967e+02'},
[92mINFO [0m:      	  77: { 'eval_acc': '3.4770e-01',
[92mINFO [0m:      	        'eval_loss': '1.8243e+00',
[92mINFO [0m:      	        'time': '5.8671e+02'},
[92mINFO [0m:      	  78: { 'eval_acc': '3.6170e-01',
[92mINFO [0m:      	        'eval_loss': '1.8513e+00',
[92mINFO [0m:      	        'time': '5.9387e+02'},
[92mINFO [0m:      	  79: { 'eval_acc': '3.4840e-01',
[92mINFO [0m:      	        'eval_loss': '1.8513e+00',
[92mINFO [0m:      	        'time': '6.0090e+02'},
[92mINFO [0m:      	  80: { 'eval_acc': '3.6760e-01',
[92mINFO [0m:      	        'eval_loss': '1.8161e+00',
[92mINFO [0m:      	        'time': '6.0807e+02'},
[92mINFO [0m:      	  81: { 'eval_acc': '3.7500e-01',
[92mINFO [0m:      	        'eval_loss': '1.8217e+00',
[92mINFO [0m:      	        'time': '6.1523e+02'},
[92mINFO [0m:      	  82: { 'eval_acc': '3.6390e-01',
[92mINFO [0m:      	        'eval_loss': '1.8140e+00',
[92mINFO [0m:      	        'time': '6.2229e+02'},
[92mINFO [0m:      	  83: { 'eval_acc': '3.5990e-01',
[92mINFO [0m:      	        'eval_loss': '1.8090e+00',
[92mINFO [0m:      	        'time': '6.2935e+02'},
[92mINFO [0m:      	  84: { 'eval_acc': '3.6160e-01',
[92mINFO [0m:      	        'eval_loss': '1.8279e+00',
[92mINFO [0m:      	        'time': '6.3651e+02'},
[92mINFO [0m:      	  85: { 'eval_acc': '3.6370e-01',
[92mINFO [0m:      	        'eval_loss': '1.8440e+00',
[92mINFO [0m:      	        'time': '6.4357e+02'},
[92mINFO [0m:      	  86: { 'eval_acc': '3.5440e-01',
[92mINFO [0m:      	        'eval_loss': '1.8437e+00',
[92mINFO [0m:      	        'time': '6.5073e+02'},
[92mINFO [0m:      	  87: { 'eval_acc': '3.6050e-01',
[92mINFO [0m:      	        'eval_loss': '1.7845e+00',
[92mINFO [0m:      	        'time': '6.5789e+02'},
[92mINFO [0m:      	  88: { 'eval_acc': '3.6980e-01',
[92mINFO [0m:      	        'eval_loss': '1.8070e+00',
[92mINFO [0m:      	        'time': '6.6496e+02'},
[92mINFO [0m:      	  89: { 'eval_acc': '3.5090e-01',
[92mINFO [0m:      	        'eval_loss': '1.8173e+00',
[92mINFO [0m:      	        'time': '6.7201e+02'},
[92mINFO [0m:      	  90: { 'eval_acc': '3.6940e-01',
[92mINFO [0m:      	        'eval_loss': '1.8013e+00',
[92mINFO [0m:      	        'time': '6.7917e+02'},
[92mINFO [0m:      	  91: { 'eval_acc': '3.7390e-01',
[92mINFO [0m:      	        'eval_loss': '1.8037e+00',
[92mINFO [0m:      	        'time': '6.8623e+02'},
[92mINFO [0m:      	  92: { 'eval_acc': '3.5310e-01',
[92mINFO [0m:      	        'eval_loss': '1.8658e+00',
[92mINFO [0m:      	        'time': '6.9339e+02'},
[92mINFO [0m:      	  93: { 'eval_acc': '3.5650e-01',
[92mINFO [0m:      	        'eval_loss': '1.8328e+00',
[92mINFO [0m:      	        'time': '7.0056e+02'},
[92mINFO [0m:      	  94: { 'eval_acc': '3.6090e-01',
[92mINFO [0m:      	        'eval_loss': '1.8111e+00',
[92mINFO [0m:      	        'time': '7.0762e+02'},
[92mINFO [0m:      	  95: { 'eval_acc': '3.6860e-01',
[92mINFO [0m:      	        'eval_loss': '1.7980e+00',
[92mINFO [0m:      	        'time': '7.1469e+02'},
[92mINFO [0m:      	  96: { 'eval_acc': '3.6000e-01',
[92mINFO [0m:      	        'eval_loss': '1.8324e+00',
[92mINFO [0m:      	        'time': '7.2186e+02'},
[92mINFO [0m:      	  97: { 'eval_acc': '3.6180e-01',
[92mINFO [0m:      	        'eval_loss': '1.8341e+00',
[92mINFO [0m:      	        'time': '7.2889e+02'},
[92mINFO [0m:      	  98: { 'eval_acc': '3.6150e-01',
[92mINFO [0m:      	        'eval_loss': '1.8304e+00',
[92mINFO [0m:      	        'time': '7.3605e+02'},
[92mINFO [0m:      	  99: { 'eval_acc': '3.5610e-01',
[92mINFO [0m:      	        'eval_loss': '1.8283e+00',
[92mINFO [0m:      	        'time': '7.4320e+02'},
[92mINFO [0m:      	  100: { 'eval_acc': '3.6000e-01',
[92mINFO [0m:      	         'eval_loss': '1.8286e+00',
[92mINFO [0m:      	         'time': '7.5026e+02'}}
[92mINFO [0m:      	
[92mINFO [0m:      	ServerApp-side Evaluate Metrics:
[92mINFO [0m:      	{}
[92mINFO [0m:      
[92mINFO [0m:      CSV saved: results/cifar10/5/FedSaSync_fs1_m9.csv
[36m(ClientAppActor pid=1724021)[0m [2026-05-20 02:53:57,708 E 1724021 1724920] core_worker_process.cc:825: Failed to establish connection to the metrics exporter agent. Metrics will not be exported. Exporter agent status: RpcError: Running out of retries to initialize the metrics agent. rpc_code: 14[32m [repeated 15x across cluster][0m
[92mINFO [0m:      
