fs=1 m=9 i=7
Starting local SuperLink on 127.0.0.1:39093...
⚠️ Warning: `options.` fields in the SuperLink connection configuration are deprecated. Use `--federation-config` with `flwr run` instead. Alternatively, permanently set your simulation configuration via `flwr federation simulation-config`.
🎊 Successfully started run 3824400212825498959
[92mINFO [0m:      Starting Flower Simulation
Successfully installed fedsasync to /tmp/Victor-Hidalgo-1436506-86-0/.flwr/apps/flwrlabs.fedsasync.1.0.0.f4a93b94.
[92mINFO [0m:      Starting FedSaSync strategy:
[92mINFO [0m:      	├── Number of rounds: 100
[92mINFO [0m:      	├── ArrayRecord (0.24 MB)
[92mINFO [0m:      	├── ConfigRecord (train): (empty!)
[92mINFO [0m:      	├── ConfigRecord (evaluate): (empty!)
[92mINFO [0m:      	├──> Sampling:
[92mINFO [0m:      	│	├──Fraction: train (1.00) | evaluate ( 1.00)
[92mINFO [0m:      	│	├──Minimum nodes: train (2) | evaluate (2)
[92mINFO [0m:      	│	└──Minimum available nodes: 2
[92mINFO [0m:      	└──> Keys in records:
[92mINFO [0m:      		├── Weighted by: 'num-examples'
[92mINFO [0m:      		├── ArrayRecord key: 'arrays'
[92mINFO [0m:      		└── ConfigRecord key: 'config'
[92mINFO [0m:      
[92mINFO [0m:      
[92mINFO [0m:      [ROUND 1/100]
[92mINFO [0m:      configure_train: Sampled 10 nodes (out of 10)
/home/Victor.Hidalgo/.pyenv/versions/3.12.12/envs/fedsasync/lib/python3.12/site-packages/ray/_private/worker.py:2051: FutureWarning: Tip: In future versions of Ray, Ray will no longer override accelerator visible devices env var if num_gpus=0 or num_gpus=None (default). To enable this behavior and turn off this error message, set RAY_ACCEL_ENV_VAR_OVERRIDE_ON_ZERO=0
  warnings.warn(
[36m(ClientAppActor pid=1567991)[0m Warning: You are sending unauthenticated requests to the HF Hub. Please set a HF_TOKEN to enable higher rate limits and faster downloads.
[92mINFO [0m:      aggregate_train: Received 9 results and 0 failures
[92mINFO [0m:      	└──> Aggregated MetricRecord: {'train_loss': 2.204788710170322, 'train_time': 7.439760768993033, 'qtty_records': 9}
[92mINFO [0m:      configure_evaluate: Sampled 10 nodes (out of 10)
[36m(pid=gcs_server)[0m [2026-05-20 02:55:20,057 E 1566685 1566685] (gcs_server) gcs_server.cc:302: Failed to establish connection to the event+metrics exporter agent. Events and metrics will not be exported. Exporter agent status: RpcError: Running out of retries to initialize the metrics agent. rpc_code: 14
[36m(ClientAppActor pid=1567980)[0m Warning: You are sending unauthenticated requests to the HF Hub. Please set a HF_TOKEN to enable higher rate limits and faster downloads.[32m [repeated 9x across cluster] (Ray deduplicates logs by default. Set RAY_DEDUP_LOGS=0 to disable log deduplication, or see https://docs.ray.io/en/master/ray-observability/user-guides/configure-logging.html#log-deduplication for more options.)[0m
[33m(raylet)[0m [2026-05-20 02:55:21,920 E 1566961 1566961] (raylet) main.cc:975: Failed to establish connection to the metrics exporter agent. Metrics will not be exported. Exporter agent status: RpcError: Running out of retries to initialize the metrics agent. rpc_code: 14
[92mINFO [0m:      aggregate_evaluate: Received 10 results and 0 failures
[92mINFO [0m:      	└──> Aggregated MetricRecord: {'eval_loss': 2.3279514074325567, 'eval_acc': 0.09920000000000002, 'time': 42.64935350418091}
[92mINFO [0m:      
[92mINFO [0m:      [ROUND 2/100]
[92mINFO [0m:      configure_train: Sampled 9 nodes (out of 10)
[36m(ClientAppActor pid=1567989)[0m [2026-05-20 02:55:26,590 E 1567989 1568267] core_worker_process.cc:825: Failed to establish connection to the metrics exporter agent. Metrics will not be exported. Exporter agent status: RpcError: Running out of retries to initialize the metrics agent. rpc_code: 14
[36m(ClientAppActor pid=1567984)[0m Warning: You are sending unauthenticated requests to the HF Hub. Please set a HF_TOKEN to enable higher rate limits and faster downloads.
[92mINFO [0m:      aggregate_train: Received 10 results and 0 failures
[92mINFO [0m:      	└──> Aggregated MetricRecord: {'train_loss': 2.144723545265198, 'train_time': 6.256524474546313, 'qtty_records': 10}
[92mINFO [0m:      configure_evaluate: Sampled 10 nodes (out of 10)
[92mINFO [0m:      aggregate_evaluate: Received 10 results and 0 failures
[92mINFO [0m:      	└──> Aggregated MetricRecord: {'eval_loss': 2.2336095303297046, 'eval_acc': 0.15360000000000004, 'time': 49.785316467285156}
[92mINFO [0m:      
[92mINFO [0m:      [ROUND 3/100]
[92mINFO [0m:      configure_train: Sampled 10 nodes (out of 10)
[92mINFO [0m:      aggregate_train: Received 9 results and 0 failures
[92mINFO [0m:      	└──> Aggregated MetricRecord: {'train_loss': 2.0960414752960204, 'train_time': 5.543997091758582, 'qtty_records': 9}
[92mINFO [0m:      configure_evaluate: Sampled 10 nodes (out of 10)
[92mINFO [0m:      aggregate_evaluate: Received 10 results and 0 failures
[92mINFO [0m:      	└──> Aggregated MetricRecord: {'eval_loss': 2.1495627362281087, 'eval_acc': 0.17010000000000003, 'time': 56.81821894645691}
[92mINFO [0m:      
[92mINFO [0m:      [ROUND 4/100]
[92mINFO [0m:      configure_train: Sampled 9 nodes (out of 10)
[92mINFO [0m:      aggregate_train: Received 10 results and 0 failures
[92mINFO [0m:      	└──> Aggregated MetricRecord: {'train_loss': 2.0544403804779052, 'train_time': 6.0503358625806865, 'qtty_records': 10}
[92mINFO [0m:      configure_evaluate: Sampled 10 nodes (out of 10)
[92mINFO [0m:      aggregate_evaluate: Received 10 results and 0 failures
[92mINFO [0m:      	└──> Aggregated MetricRecord: {'eval_loss': 2.1835068423300985, 'eval_acc': 0.1691, 'time': 63.957324743270874}
[92mINFO [0m:      
[92mINFO [0m:      [ROUND 5/100]
[92mINFO [0m:      configure_train: Sampled 10 nodes (out of 10)
[92mINFO [0m:      aggregate_train: Received 9 results and 0 failures
[92mINFO [0m:      	└──> Aggregated MetricRecord: {'train_loss': 2.0312520882288614, 'train_time': 5.525862395763397, 'qtty_records': 9}
[92mINFO [0m:      configure_evaluate: Sampled 10 nodes (out of 10)
[92mINFO [0m:      aggregate_evaluate: Received 10 results and 0 failures
[92mINFO [0m:      	└──> Aggregated MetricRecord: {'eval_loss': 2.1065473880618812, 'eval_acc': 0.20600000000000002, 'time': 71.08977437019348}
[92mINFO [0m:      
[92mINFO [0m:      [ROUND 6/100]
[92mINFO [0m:      configure_train: Sampled 9 nodes (out of 10)
[92mINFO [0m:      aggregate_train: Received 10 results and 0 failures
[92mINFO [0m:      	└──> Aggregated MetricRecord: {'train_loss': 2.016365504550934, 'train_time': 6.043113032728433, 'qtty_records': 10}
[92mINFO [0m:      configure_evaluate: Sampled 10 nodes (out of 10)
[92mINFO [0m:      aggregate_evaluate: Received 10 results and 0 failures
[92mINFO [0m:      	└──> Aggregated MetricRecord: {'eval_loss': 2.112541339918971, 'eval_acc': 0.2232, 'time': 78.12334275245667}
[92mINFO [0m:      
[92mINFO [0m:      [ROUND 7/100]
[92mINFO [0m:      configure_train: Sampled 10 nodes (out of 10)
[92mINFO [0m:      aggregate_train: Received 9 results and 0 failures
[92mINFO [0m:      	└──> Aggregated MetricRecord: {'train_loss': 1.9857549506293402, 'train_time': 5.516823690488106, 'qtty_records': 9}
[92mINFO [0m:      configure_evaluate: Sampled 10 nodes (out of 10)
[92mINFO [0m:      aggregate_evaluate: Received 10 results and 0 failures
[92mINFO [0m:      	└──> Aggregated MetricRecord: {'eval_loss': 2.061269055679441, 'eval_acc': 0.2385, 'time': 85.25706720352173}
[92mINFO [0m:      
[92mINFO [0m:      [ROUND 8/100]
[92mINFO [0m:      configure_train: Sampled 9 nodes (out of 10)
[92mINFO [0m:      aggregate_train: Received 10 results and 0 failures
[92mINFO [0m:      	└──> Aggregated MetricRecord: {'train_loss': 1.9649544897079467, 'train_time': 6.058009234722704, 'qtty_records': 10}
[92mINFO [0m:      configure_evaluate: Sampled 10 nodes (out of 10)
[92mINFO [0m:      aggregate_evaluate: Received 10 results and 0 failures
[92mINFO [0m:      	└──> Aggregated MetricRecord: {'eval_loss': 2.0221684027463196, 'eval_acc': 0.2546, 'time': 92.29272413253784}
[92mINFO [0m:      
[92mINFO [0m:      [ROUND 9/100]
[92mINFO [0m:      configure_train: Sampled 10 nodes (out of 10)
[92mINFO [0m:      aggregate_train: Received 9 results and 0 failures
[92mINFO [0m:      	└──> Aggregated MetricRecord: {'train_loss': 1.9536620677312215, 'train_time': 5.546626291548212, 'qtty_records': 9}
[92mINFO [0m:      configure_evaluate: Sampled 10 nodes (out of 10)
[92mINFO [0m:      aggregate_evaluate: Received 10 results and 0 failures
[92mINFO [0m:      	└──> Aggregated MetricRecord: {'eval_loss': 1.9913743868470193, 'eval_acc': 0.2795, 'time': 99.8554174900055}
[92mINFO [0m:      
[92mINFO [0m:      [ROUND 10/100]
[92mINFO [0m:      configure_train: Sampled 9 nodes (out of 10)
[92mINFO [0m:      aggregate_train: Received 10 results and 0 failures
[92mINFO [0m:      	└──> Aggregated MetricRecord: {'train_loss': 1.9516804177284244, 'train_time': 6.073358106426895, 'qtty_records': 10}
[92mINFO [0m:      configure_evaluate: Sampled 10 nodes (out of 10)
[92mINFO [0m:      aggregate_evaluate: Received 10 results and 0 failures
[92mINFO [0m:      	└──> Aggregated MetricRecord: {'eval_loss': 2.0152545176446437, 'eval_acc': 0.2805, 'time': 106.9908082485199}
[92mINFO [0m:      
[92mINFO [0m:      [ROUND 11/100]
[92mINFO [0m:      configure_train: Sampled 10 nodes (out of 10)
[92mINFO [0m:      aggregate_train: Received 9 results and 0 failures
[92mINFO [0m:      	└──> Aggregated MetricRecord: {'train_loss': 1.9339570452372232, 'train_time': 5.542924750596285, 'qtty_records': 9}
[92mINFO [0m:      configure_evaluate: Sampled 10 nodes (out of 10)
[92mINFO [0m:      aggregate_evaluate: Received 10 results and 0 failures
[92mINFO [0m:      	└──> Aggregated MetricRecord: {'eval_loss': 2.0383170787245035, 'eval_acc': 0.2718, 'time': 114.13181138038635}
[92mINFO [0m:      
[92mINFO [0m:      [ROUND 12/100]
[92mINFO [0m:      configure_train: Sampled 9 nodes (out of 10)
[92mINFO [0m:      aggregate_train: Received 10 results and 0 failures
[92mINFO [0m:      	└──> Aggregated MetricRecord: {'train_loss': 1.9399452328681948, 'train_time': 6.063802678044885, 'qtty_records': 10}
[92mINFO [0m:      configure_evaluate: Sampled 10 nodes (out of 10)
[92mINFO [0m:      aggregate_evaluate: Received 10 results and 0 failures
[92mINFO [0m:      	└──> Aggregated MetricRecord: {'eval_loss': 2.0278942532837396, 'eval_acc': 0.2711, 'time': 121.26737713813782}
[92mINFO [0m:      
[92mINFO [0m:      [ROUND 13/100]
[92mINFO [0m:      configure_train: Sampled 10 nodes (out of 10)
[92mINFO [0m:      aggregate_train: Received 9 results and 0 failures
[92mINFO [0m:      	└──> Aggregated MetricRecord: {'train_loss': 1.9319301006529066, 'train_time': 5.534396943532759, 'qtty_records': 9}
[92mINFO [0m:      configure_evaluate: Sampled 10 nodes (out of 10)
[92mINFO [0m:      aggregate_evaluate: Received 10 results and 0 failures
[92mINFO [0m:      	└──> Aggregated MetricRecord: {'eval_loss': 1.971760567650199, 'eval_acc': 0.29669999999999996, 'time': 128.2994475364685}
[92mINFO [0m:      
[92mINFO [0m:      [ROUND 14/100]
[92mINFO [0m:      configure_train: Sampled 9 nodes (out of 10)
[92mINFO [0m:      aggregate_train: Received 10 results and 0 failures
[92mINFO [0m:      	└──> Aggregated MetricRecord: {'train_loss': 1.9298443642616272, 'train_time': 6.0720155138522385, 'qtty_records': 10}
[92mINFO [0m:      configure_evaluate: Sampled 10 nodes (out of 10)
[92mINFO [0m:      aggregate_evaluate: Received 10 results and 0 failures
[92mINFO [0m:      	└──> Aggregated MetricRecord: {'eval_loss': 2.0019102267920976, 'eval_acc': 0.273, 'time': 135.43518376350403}
[92mINFO [0m:      
[92mINFO [0m:      [ROUND 15/100]
[92mINFO [0m:      configure_train: Sampled 10 nodes (out of 10)
[92mINFO [0m:      aggregate_train: Received 9 results and 0 failures
[92mINFO [0m:      	└──> Aggregated MetricRecord: {'train_loss': 1.9152339310116238, 'train_time': 5.533357941752507, 'qtty_records': 9}
[92mINFO [0m:      configure_evaluate: Sampled 10 nodes (out of 10)
[92mINFO [0m:      aggregate_evaluate: Received 10 results and 0 failures
[92mINFO [0m:      	└──> Aggregated MetricRecord: {'eval_loss': 1.9433572135865689, 'eval_acc': 0.2934, 'time': 142.4731001853943}
[92mINFO [0m:      
[92mINFO [0m:      [ROUND 16/100]
[92mINFO [0m:      configure_train: Sampled 9 nodes (out of 10)
[92mINFO [0m:      aggregate_train: Received 10 results and 0 failures
[92mINFO [0m:      	└──> Aggregated MetricRecord: {'train_loss': 1.9062258922576907, 'train_time': 6.0560930436477065, 'qtty_records': 10}
[92mINFO [0m:      configure_evaluate: Sampled 10 nodes (out of 10)
[92mINFO [0m:      aggregate_evaluate: Received 10 results and 0 failures
[92mINFO [0m:      	└──> Aggregated MetricRecord: {'eval_loss': 1.9061178959906102, 'eval_acc': 0.3177, 'time': 149.60691237449646}
[92mINFO [0m:      
[92mINFO [0m:      [ROUND 17/100]
[92mINFO [0m:      configure_train: Sampled 10 nodes (out of 10)
[92mINFO [0m:      aggregate_train: Received 9 results and 0 failures
[92mINFO [0m:      	└──> Aggregated MetricRecord: {'train_loss': 1.8946962632073296, 'train_time': 5.470347791806692, 'qtty_records': 9}
[92mINFO [0m:      configure_evaluate: Sampled 10 nodes (out of 10)
[92mINFO [0m:      aggregate_evaluate: Received 10 results and 0 failures
[92mINFO [0m:      	└──> Aggregated MetricRecord: {'eval_loss': 1.948003551363945, 'eval_acc': 0.3058, 'time': 156.7397804260254}
[92mINFO [0m:      
[92mINFO [0m:      [ROUND 18/100]
[92mINFO [0m:      configure_train: Sampled 9 nodes (out of 10)
[92mINFO [0m:      aggregate_train: Received 10 results and 0 failures
[92mINFO [0m:      	└──> Aggregated MetricRecord: {'train_loss': 1.9000637659072876, 'train_time': 5.989476321730763, 'qtty_records': 10}
[92mINFO [0m:      configure_evaluate: Sampled 10 nodes (out of 10)
[92mINFO [0m:      aggregate_evaluate: Received 10 results and 0 failures
[92mINFO [0m:      	└──> Aggregated MetricRecord: {'eval_loss': 1.9176373913884164, 'eval_acc': 0.3173, 'time': 164.07973718643188}
[92mINFO [0m:      
[92mINFO [0m:      [ROUND 19/100]
[92mINFO [0m:      configure_train: Sampled 10 nodes (out of 10)
[92mINFO [0m:      aggregate_train: Received 9 results and 0 failures
[92mINFO [0m:      	└──> Aggregated MetricRecord: {'train_loss': 1.8894423264397515, 'train_time': 5.404890146520403, 'qtty_records': 9}
[92mINFO [0m:      configure_evaluate: Sampled 10 nodes (out of 10)
[92mINFO [0m:      aggregate_evaluate: Received 10 results and 0 failures
[92mINFO [0m:      	└──> Aggregated MetricRecord: {'eval_loss': 1.921824060752988, 'eval_acc': 0.3032, 'time': 171.211829662323}
[92mINFO [0m:      
[92mINFO [0m:      [ROUND 20/100]
[92mINFO [0m:      configure_train: Sampled 9 nodes (out of 10)
[92mINFO [0m:      aggregate_train: Received 10 results and 0 failures
[92mINFO [0m:      	└──> Aggregated MetricRecord: {'train_loss': 1.8944775493621826, 'train_time': 5.864781602751464, 'qtty_records': 10}
[92mINFO [0m:      configure_evaluate: Sampled 10 nodes (out of 10)
[92mINFO [0m:      aggregate_evaluate: Received 10 results and 0 failures
[92mINFO [0m:      	└──> Aggregated MetricRecord: {'eval_loss': 1.9517189934849741, 'eval_acc': 0.3145, 'time': 178.44599151611328}
[92mINFO [0m:      
[92mINFO [0m:      [ROUND 21/100]
[92mINFO [0m:      configure_train: Sampled 10 nodes (out of 10)
[92mINFO [0m:      aggregate_train: Received 9 results and 0 failures
[92mINFO [0m:      	└──> Aggregated MetricRecord: {'train_loss': 1.8906199205186631, 'train_time': 5.430738929555648, 'qtty_records': 9}
[92mINFO [0m:      configure_evaluate: Sampled 10 nodes (out of 10)
[92mINFO [0m:      aggregate_evaluate: Received 10 results and 0 failures
[92mINFO [0m:      	└──> Aggregated MetricRecord: {'eval_loss': 1.940125584229827, 'eval_acc': 0.3241, 'time': 185.6777958869934}
[92mINFO [0m:      
[92mINFO [0m:      [ROUND 22/100]
[92mINFO [0m:      configure_train: Sampled 9 nodes (out of 10)
[92mINFO [0m:      aggregate_train: Received 10 results and 0 failures
[92mINFO [0m:      	└──> Aggregated MetricRecord: {'train_loss': 1.8859382882118227, 'train_time': 5.9019814293831585, 'qtty_records': 10}
[92mINFO [0m:      configure_evaluate: Sampled 10 nodes (out of 10)
[92mINFO [0m:      aggregate_evaluate: Received 10 results and 0 failures
[92mINFO [0m:      	└──> Aggregated MetricRecord: {'eval_loss': 1.9117513608187438, 'eval_acc': 0.3204000000000001, 'time': 193.013201713562}
[92mINFO [0m:      
[92mINFO [0m:      [ROUND 23/100]
[92mINFO [0m:      configure_train: Sampled 10 nodes (out of 10)
[92mINFO [0m:      aggregate_train: Received 9 results and 0 failures
[92mINFO [0m:      	└──> Aggregated MetricRecord: {'train_loss': 1.8768933490117388, 'train_time': 5.438164547603163, 'qtty_records': 9}
[92mINFO [0m:      configure_evaluate: Sampled 10 nodes (out of 10)
[92mINFO [0m:      aggregate_evaluate: Received 10 results and 0 failures
[92mINFO [0m:      	└──> Aggregated MetricRecord: {'eval_loss': 1.8970044411718845, 'eval_acc': 0.3307, 'time': 200.04730439186096}
[92mINFO [0m:      
[92mINFO [0m:      [ROUND 24/100]
[92mINFO [0m:      configure_train: Sampled 9 nodes (out of 10)
[92mINFO [0m:      aggregate_train: Received 10 results and 0 failures
[92mINFO [0m:      	└──> Aggregated MetricRecord: {'train_loss': 1.8749546164512636, 'train_time': 5.919409580063075, 'qtty_records': 10}
[92mINFO [0m:      configure_evaluate: Sampled 10 nodes (out of 10)
[92mINFO [0m:      aggregate_evaluate: Received 10 results and 0 failures
[92mINFO [0m:      	└──> Aggregated MetricRecord: {'eval_loss': 1.9005517959594729, 'eval_acc': 0.3304, 'time': 207.28283953666687}
[92mINFO [0m:      
[92mINFO [0m:      [ROUND 25/100]
[92mINFO [0m:      configure_train: Sampled 10 nodes (out of 10)
[92mINFO [0m:      aggregate_train: Received 9 results and 0 failures
[92mINFO [0m:      	└──> Aggregated MetricRecord: {'train_loss': 1.8548364707099063, 'train_time': 5.443692375802332, 'qtty_records': 9}
[92mINFO [0m:      configure_evaluate: Sampled 10 nodes (out of 10)
[92mINFO [0m:      aggregate_evaluate: Received 10 results and 0 failures
[92mINFO [0m:      	└──> Aggregated MetricRecord: {'eval_loss': 1.9297889966517687, 'eval_acc': 0.33019999999999994, 'time': 214.54052114486694}
[92mINFO [0m:      
[92mINFO [0m:      [ROUND 26/100]
[92mINFO [0m:      configure_train: Sampled 9 nodes (out of 10)
[92mINFO [0m:      aggregate_train: Received 10 results and 0 failures
[92mINFO [0m:      	└──> Aggregated MetricRecord: {'train_loss': 1.8624604659080508, 'train_time': 6.006172193773091, 'qtty_records': 10}
[92mINFO [0m:      configure_evaluate: Sampled 10 nodes (out of 10)
[92mINFO [0m:      aggregate_evaluate: Received 10 results and 0 failures
[92mINFO [0m:      	└──> Aggregated MetricRecord: {'eval_loss': 1.8806342955678705, 'eval_acc': 0.3321, 'time': 221.81092071533203}
[92mINFO [0m:      
[92mINFO [0m:      [ROUND 27/100]
[92mINFO [0m:      configure_train: Sampled 10 nodes (out of 10)
[92mINFO [0m:      aggregate_train: Received 9 results and 0 failures
[92mINFO [0m:      	└──> Aggregated MetricRecord: {'train_loss': 1.8479804915322198, 'train_time': 5.592821470875707, 'qtty_records': 9}
[92mINFO [0m:      configure_evaluate: Sampled 10 nodes (out of 10)
[92mINFO [0m:      aggregate_evaluate: Received 10 results and 0 failures
[92mINFO [0m:      	└──> Aggregated MetricRecord: {'eval_loss': 1.8544735070317984, 'eval_acc': 0.3409, 'time': 228.84497570991516}
[92mINFO [0m:      
[92mINFO [0m:      [ROUND 28/100]
[92mINFO [0m:      configure_train: Sampled 9 nodes (out of 10)
[92mINFO [0m:      aggregate_train: Received 10 results and 0 failures
[92mINFO [0m:      	└──> Aggregated MetricRecord: {'train_loss': 1.8594636219978333, 'train_time': 6.036417900025844, 'qtty_records': 10}
[92mINFO [0m:      configure_evaluate: Sampled 10 nodes (out of 10)
[92mINFO [0m:      aggregate_evaluate: Received 10 results and 0 failures
[92mINFO [0m:      	└──> Aggregated MetricRecord: {'eval_loss': 1.9355101827532055, 'eval_acc': 0.3131, 'time': 235.97972440719604}
[92mINFO [0m:      
[92mINFO [0m:      [ROUND 29/100]
[92mINFO [0m:      configure_train: Sampled 10 nodes (out of 10)
[92mINFO [0m:      aggregate_train: Received 9 results and 0 failures
[92mINFO [0m:      	└──> Aggregated MetricRecord: {'train_loss': 1.8611858777999877, 'train_time': 5.517787942973276, 'qtty_records': 9}
[92mINFO [0m:      configure_evaluate: Sampled 10 nodes (out of 10)
[92mINFO [0m:      aggregate_evaluate: Received 10 results and 0 failures
[92mINFO [0m:      	└──> Aggregated MetricRecord: {'eval_loss': 1.912200355529785, 'eval_acc': 0.3376, 'time': 243.01232385635376}
[92mINFO [0m:      
[92mINFO [0m:      [ROUND 30/100]
[92mINFO [0m:      configure_train: Sampled 9 nodes (out of 10)
[92mINFO [0m:      aggregate_train: Received 10 results and 0 failures
[92mINFO [0m:      	└──> Aggregated MetricRecord: {'train_loss': 1.8564054807662964, 'train_time': 6.032897280808538, 'qtty_records': 10}
[92mINFO [0m:      configure_evaluate: Sampled 10 nodes (out of 10)
[92mINFO [0m:      aggregate_evaluate: Received 10 results and 0 failures
[92mINFO [0m:      	└──> Aggregated MetricRecord: {'eval_loss': 1.8664822902530431, 'eval_acc': 0.34490000000000004, 'time': 250.1489999294281}
[92mINFO [0m:      
[92mINFO [0m:      [ROUND 31/100]
[92mINFO [0m:      configure_train: Sampled 10 nodes (out of 10)
[92mINFO [0m:      aggregate_train: Received 9 results and 0 failures
[92mINFO [0m:      	└──> Aggregated MetricRecord: {'train_loss': 1.839959152645535, 'train_time': 5.543739659608239, 'qtty_records': 9}
[92mINFO [0m:      configure_evaluate: Sampled 10 nodes (out of 10)
[92mINFO [0m:      aggregate_evaluate: Received 10 results and 0 failures
[92mINFO [0m:      	└──> Aggregated MetricRecord: {'eval_loss': 1.8499655030667783, 'eval_acc': 0.3441, 'time': 257.281090259552}
[92mINFO [0m:      
[92mINFO [0m:      [ROUND 32/100]
[92mINFO [0m:      configure_train: Sampled 9 nodes (out of 10)
[92mINFO [0m:      aggregate_train: Received 10 results and 0 failures
[92mINFO [0m:      	└──> Aggregated MetricRecord: {'train_loss': 1.8551735612869262, 'train_time': 6.066173407621681, 'qtty_records': 10}
[92mINFO [0m:      configure_evaluate: Sampled 10 nodes (out of 10)
[92mINFO [0m:      aggregate_evaluate: Received 10 results and 0 failures
[92mINFO [0m:      	└──> Aggregated MetricRecord: {'eval_loss': 1.875320563092828, 'eval_acc': 0.34640000000000004, 'time': 264.3155586719513}
[92mINFO [0m:      
[92mINFO [0m:      [ROUND 33/100]
[92mINFO [0m:      configure_train: Sampled 10 nodes (out of 10)
[92mINFO [0m:      aggregate_train: Received 9 results and 0 failures
[92mINFO [0m:      	└──> Aggregated MetricRecord: {'train_loss': 1.824665470759074, 'train_time': 5.523004210761024, 'qtty_records': 9}
[92mINFO [0m:      configure_evaluate: Sampled 10 nodes (out of 10)
[92mINFO [0m:      aggregate_evaluate: Received 10 results and 0 failures
[92mINFO [0m:      	└──> Aggregated MetricRecord: {'eval_loss': 1.8522638954222201, 'eval_acc': 0.35890000000000005, 'time': 271.44778966903687}
[92mINFO [0m:      
[92mINFO [0m:      [ROUND 34/100]
[92mINFO [0m:      configure_train: Sampled 9 nodes (out of 10)
[92mINFO [0m:      aggregate_train: Received 10 results and 0 failures
[92mINFO [0m:      	└──> Aggregated MetricRecord: {'train_loss': 1.8384455407142641, 'train_time': 6.040267015062272, 'qtty_records': 10}
[92mINFO [0m:      configure_evaluate: Sampled 10 nodes (out of 10)
[92mINFO [0m:      aggregate_evaluate: Received 10 results and 0 failures
[92mINFO [0m:      	└──> Aggregated MetricRecord: {'eval_loss': 1.8539719335734846, 'eval_acc': 0.35140000000000005, 'time': 278.58284401893616}
[92mINFO [0m:      
[92mINFO [0m:      [ROUND 35/100]
[92mINFO [0m:      configure_train: Sampled 10 nodes (out of 10)
[92mINFO [0m:      aggregate_train: Received 9 results and 0 failures
[92mINFO [0m:      	└──> Aggregated MetricRecord: {'train_loss': 1.8575874910354615, 'train_time': 5.534282457083464, 'qtty_records': 9}
[92mINFO [0m:      configure_evaluate: Sampled 10 nodes (out of 10)
[92mINFO [0m:      aggregate_evaluate: Received 10 results and 0 failures
[92mINFO [0m:      	└──> Aggregated MetricRecord: {'eval_loss': 1.9140315614640713, 'eval_acc': 0.34500000000000003, 'time': 285.71766209602356}
[92mINFO [0m:      
[92mINFO [0m:      [ROUND 36/100]
[92mINFO [0m:      configure_train: Sampled 9 nodes (out of 10)
[92mINFO [0m:      aggregate_train: Received 10 results and 0 failures
[92mINFO [0m:      	└──> Aggregated MetricRecord: {'train_loss': 1.8376909428596495, 'train_time': 6.0680038798600435, 'qtty_records': 10}
[92mINFO [0m:      configure_evaluate: Sampled 10 nodes (out of 10)
[92mINFO [0m:      aggregate_evaluate: Received 10 results and 0 failures
[92mINFO [0m:      	└──> Aggregated MetricRecord: {'eval_loss': 1.889744581654668, 'eval_acc': 0.3423, 'time': 292.7521142959595}
[92mINFO [0m:      
[92mINFO [0m:      [ROUND 37/100]
[92mINFO [0m:      configure_train: Sampled 10 nodes (out of 10)
[92mINFO [0m:      aggregate_train: Received 9 results and 0 failures
[92mINFO [0m:      	└──> Aggregated MetricRecord: {'train_loss': 1.8372643578847248, 'train_time': 5.574590876284573, 'qtty_records': 9}
[92mINFO [0m:      configure_evaluate: Sampled 10 nodes (out of 10)
[92mINFO [0m:      aggregate_evaluate: Received 10 results and 0 failures
[92mINFO [0m:      	└──> Aggregated MetricRecord: {'eval_loss': 1.8413682196289303, 'eval_acc': 0.3585, 'time': 299.8870060443878}
[92mINFO [0m:      
[92mINFO [0m:      [ROUND 38/100]
[92mINFO [0m:      configure_train: Sampled 9 nodes (out of 10)
[92mINFO [0m:      aggregate_train: Received 10 results and 0 failures
[92mINFO [0m:      	└──> Aggregated MetricRecord: {'train_loss': 1.8425882102966311, 'train_time': 6.029500398039818, 'qtty_records': 10}
[92mINFO [0m:      configure_evaluate: Sampled 10 nodes (out of 10)
[92mINFO [0m:      aggregate_evaluate: Received 10 results and 0 failures
[92mINFO [0m:      	└──> Aggregated MetricRecord: {'eval_loss': 1.8858569059520962, 'eval_acc': 0.35609999999999997, 'time': 306.923627614975}
[92mINFO [0m:      
[92mINFO [0m:      [ROUND 39/100]
[92mINFO [0m:      configure_train: Sampled 10 nodes (out of 10)
[92mINFO [0m:      aggregate_train: Received 9 results and 0 failures
[92mINFO [0m:      	└──> Aggregated MetricRecord: {'train_loss': 1.8471874091890124, 'train_time': 5.523074634580149, 'qtty_records': 9}
[92mINFO [0m:      configure_evaluate: Sampled 10 nodes (out of 10)
[92mINFO [0m:      aggregate_evaluate: Received 10 results and 0 failures
[92mINFO [0m:      	└──> Aggregated MetricRecord: {'eval_loss': 1.8197383590042593, 'eval_acc': 0.3504, 'time': 313.95962476730347}
[92mINFO [0m:      
[92mINFO [0m:      [ROUND 40/100]
[92mINFO [0m:      configure_train: Sampled 9 nodes (out of 10)
[92mINFO [0m:      aggregate_train: Received 10 results and 0 failures
[92mINFO [0m:      	└──> Aggregated MetricRecord: {'train_loss': 1.830196074581146, 'train_time': 6.069334093108774, 'qtty_records': 10}
[92mINFO [0m:      configure_evaluate: Sampled 10 nodes (out of 10)
[92mINFO [0m:      aggregate_evaluate: Received 10 results and 0 failures
[92mINFO [0m:      	└──> Aggregated MetricRecord: {'eval_loss': 1.7998647507280114, 'eval_acc': 0.3672000000000001, 'time': 321.0941870212555}
[92mINFO [0m:      
[92mINFO [0m:      [ROUND 41/100]
[92mINFO [0m:      configure_train: Sampled 10 nodes (out of 10)
[92mINFO [0m:      aggregate_train: Received 9 results and 0 failures
[92mINFO [0m:      	└──> Aggregated MetricRecord: {'train_loss': 1.8292726570765176, 'train_time': 5.548021068382594, 'qtty_records': 9}
[92mINFO [0m:      configure_evaluate: Sampled 10 nodes (out of 10)
[92mINFO [0m:      aggregate_evaluate: Received 10 results and 0 failures
[92mINFO [0m:      	└──> Aggregated MetricRecord: {'eval_loss': 1.8906933765858411, 'eval_acc': 0.3426, 'time': 328.12670850753784}
[92mINFO [0m:      
[92mINFO [0m:      [ROUND 42/100]
[92mINFO [0m:      configure_train: Sampled 9 nodes (out of 10)
[92mINFO [0m:      aggregate_train: Received 10 results and 0 failures
[92mINFO [0m:      	└──> Aggregated MetricRecord: {'train_loss': 1.832131254577637, 'train_time': 6.023876292072236, 'qtty_records': 10}
[92mINFO [0m:      configure_evaluate: Sampled 10 nodes (out of 10)
[92mINFO [0m:      aggregate_evaluate: Received 10 results and 0 failures
[92mINFO [0m:      	└──> Aggregated MetricRecord: {'eval_loss': 1.804440835863352, 'eval_acc': 0.38029999999999997, 'time': 335.36376333236694}
[92mINFO [0m:      
[92mINFO [0m:      [ROUND 43/100]
[92mINFO [0m:      configure_train: Sampled 10 nodes (out of 10)
[92mINFO [0m:      aggregate_train: Received 9 results and 0 failures
[92mINFO [0m:      	└──> Aggregated MetricRecord: {'train_loss': 1.8368741717868382, 'train_time': 5.518220632337034, 'qtty_records': 9}
[92mINFO [0m:      configure_evaluate: Sampled 10 nodes (out of 10)
[92mINFO [0m:      aggregate_evaluate: Received 10 results and 0 failures
[92mINFO [0m:      	└──> Aggregated MetricRecord: {'eval_loss': 1.884551871940494, 'eval_acc': 0.3543, 'time': 342.4958882331848}
[92mINFO [0m:      
[92mINFO [0m:      [ROUND 44/100]
[92mINFO [0m:      configure_train: Sampled 9 nodes (out of 10)
[92mINFO [0m:      aggregate_train: Received 10 results and 0 failures
[92mINFO [0m:      	└──> Aggregated MetricRecord: {'train_loss': 1.8301812225341798, 'train_time': 6.111491697840393, 'qtty_records': 10}
[92mINFO [0m:      configure_evaluate: Sampled 10 nodes (out of 10)
[92mINFO [0m:      aggregate_evaluate: Received 10 results and 0 failures
[92mINFO [0m:      	└──> Aggregated MetricRecord: {'eval_loss': 1.838240433856845, 'eval_acc': 0.3594, 'time': 349.6319832801819}
[92mINFO [0m:      
[92mINFO [0m:      [ROUND 45/100]
[92mINFO [0m:      configure_train: Sampled 10 nodes (out of 10)
[92mINFO [0m:      aggregate_train: Received 9 results and 0 failures
[92mINFO [0m:      	└──> Aggregated MetricRecord: {'train_loss': 1.8491244117948744, 'train_time': 5.532237681249778, 'qtty_records': 9}
[92mINFO [0m:      configure_evaluate: Sampled 10 nodes (out of 10)
[92mINFO [0m:      aggregate_evaluate: Received 10 results and 0 failures
[92mINFO [0m:      	└──> Aggregated MetricRecord: {'eval_loss': 1.8728784501552584, 'eval_acc': 0.35540000000000005, 'time': 356.66311168670654}
[92mINFO [0m:      
[92mINFO [0m:      [ROUND 46/100]
[92mINFO [0m:      configure_train: Sampled 9 nodes (out of 10)
[92mINFO [0m:      aggregate_train: Received 10 results and 0 failures
[92mINFO [0m:      	└──> Aggregated MetricRecord: {'train_loss': 1.8463869313240053, 'train_time': 6.022896405030042, 'qtty_records': 10}
[92mINFO [0m:      configure_evaluate: Sampled 10 nodes (out of 10)
[92mINFO [0m:      aggregate_evaluate: Received 10 results and 0 failures
[92mINFO [0m:      	└──> Aggregated MetricRecord: {'eval_loss': 1.8665883589535954, 'eval_acc': 0.3289, 'time': 363.6979761123657}
[92mINFO [0m:      
[92mINFO [0m:      [ROUND 47/100]
[92mINFO [0m:      configure_train: Sampled 10 nodes (out of 10)
[92mINFO [0m:      aggregate_train: Received 9 results and 0 failures
[92mINFO [0m:      	└──> Aggregated MetricRecord: {'train_loss': 1.8413503806855944, 'train_time': 5.533497007874151, 'qtty_records': 9}
[92mINFO [0m:      configure_evaluate: Sampled 10 nodes (out of 10)
[92mINFO [0m:      aggregate_evaluate: Received 10 results and 0 failures
[92mINFO [0m:      	└──> Aggregated MetricRecord: {'eval_loss': 1.8180526036769153, 'eval_acc': 0.37060000000000004, 'time': 370.8313829898834}
[92mINFO [0m:      
[92mINFO [0m:      [ROUND 48/100]
[92mINFO [0m:      configure_train: Sampled 9 nodes (out of 10)
[92mINFO [0m:      aggregate_train: Received 10 results and 0 failures
[92mINFO [0m:      	└──> Aggregated MetricRecord: {'train_loss': 1.8332344883918765, 'train_time': 6.025906098354608, 'qtty_records': 10}
[92mINFO [0m:      configure_evaluate: Sampled 10 nodes (out of 10)
[92mINFO [0m:      aggregate_evaluate: Received 10 results and 0 failures
[92mINFO [0m:      	└──> Aggregated MetricRecord: {'eval_loss': 1.8379228170961142, 'eval_acc': 0.35359999999999997, 'time': 377.86596846580505}
[92mINFO [0m:      
[92mINFO [0m:      [ROUND 49/100]
[92mINFO [0m:      configure_train: Sampled 10 nodes (out of 10)
[92mINFO [0m:      aggregate_train: Received 9 results and 0 failures
[92mINFO [0m:      	└──> Aggregated MetricRecord: {'train_loss': 1.8253149001863265, 'train_time': 5.52256731233663, 'qtty_records': 9}
[92mINFO [0m:      configure_evaluate: Sampled 10 nodes (out of 10)
[92mINFO [0m:      aggregate_evaluate: Received 10 results and 0 failures
[92mINFO [0m:      	└──> Aggregated MetricRecord: {'eval_loss': 1.8383200995624067, 'eval_acc': 0.36740000000000006, 'time': 384.99811935424805}
[92mINFO [0m:      
[92mINFO [0m:      [ROUND 50/100]
[92mINFO [0m:      configure_train: Sampled 9 nodes (out of 10)
[92mINFO [0m:      aggregate_train: Received 10 results and 0 failures
[92mINFO [0m:      	└──> Aggregated MetricRecord: {'train_loss': 1.840222741031647, 'train_time': 6.069751741085201, 'qtty_records': 10}
[92mINFO [0m:      configure_evaluate: Sampled 10 nodes (out of 10)
[92mINFO [0m:      aggregate_evaluate: Received 10 results and 0 failures
[92mINFO [0m:      	└──> Aggregated MetricRecord: {'eval_loss': 1.8632976446300744, 'eval_acc': 0.3508, 'time': 392.0371422767639}
[92mINFO [0m:      
[92mINFO [0m:      [ROUND 51/100]
[92mINFO [0m:      configure_train: Sampled 10 nodes (out of 10)
[92mINFO [0m:      aggregate_train: Received 9 results and 0 failures
[92mINFO [0m:      	└──> Aggregated MetricRecord: {'train_loss': 1.8197638600667316, 'train_time': 5.557657496279313, 'qtty_records': 9}
[92mINFO [0m:      configure_evaluate: Sampled 10 nodes (out of 10)
[92mINFO [0m:      aggregate_evaluate: Received 10 results and 0 failures
[92mINFO [0m:      	└──> Aggregated MetricRecord: {'eval_loss': 1.8131763204932216, 'eval_acc': 0.36960000000000004, 'time': 399.27623414993286}
[92mINFO [0m:      
[92mINFO [0m:      [ROUND 52/100]
[92mINFO [0m:      configure_train: Sampled 9 nodes (out of 10)
[92mINFO [0m:      aggregate_train: Received 10 results and 0 failures
[92mINFO [0m:      	└──> Aggregated MetricRecord: {'train_loss': 1.819058361530304, 'train_time': 6.099865941517055, 'qtty_records': 10}
[92mINFO [0m:      configure_evaluate: Sampled 10 nodes (out of 10)
[92mINFO [0m:      aggregate_evaluate: Received 10 results and 0 failures
[92mINFO [0m:      	└──> Aggregated MetricRecord: {'eval_loss': 1.8686072926968338, 'eval_acc': 0.35810000000000003, 'time': 406.4090931415558}
[92mINFO [0m:      
[92mINFO [0m:      [ROUND 53/100]
[92mINFO [0m:      configure_train: Sampled 10 nodes (out of 10)
[92mINFO [0m:      aggregate_train: Received 9 results and 0 failures
[92mINFO [0m:      	└──> Aggregated MetricRecord: {'train_loss': 1.8198430185317993, 'train_time': 5.53418010328379, 'qtty_records': 9}
[92mINFO [0m:      configure_evaluate: Sampled 10 nodes (out of 10)
[92mINFO [0m:      aggregate_evaluate: Received 10 results and 0 failures
[92mINFO [0m:      	└──> Aggregated MetricRecord: {'eval_loss': 1.815743997693062, 'eval_acc': 0.37600000000000006, 'time': 413.4426338672638}
[92mINFO [0m:      
[92mINFO [0m:      [ROUND 54/100]
[92mINFO [0m:      configure_train: Sampled 9 nodes (out of 10)
[92mINFO [0m:      aggregate_train: Received 10 results and 0 failures
[92mINFO [0m:      	└──> Aggregated MetricRecord: {'train_loss': 1.8152422899246219, 'train_time': 6.062779600266367, 'qtty_records': 10}
[92mINFO [0m:      configure_evaluate: Sampled 10 nodes (out of 10)
[92mINFO [0m:      aggregate_evaluate: Received 10 results and 0 failures
[92mINFO [0m:      	└──> Aggregated MetricRecord: {'eval_loss': 1.8340908087790013, 'eval_acc': 0.366, 'time': 420.6764063835144}
[92mINFO [0m:      
[92mINFO [0m:      [ROUND 55/100]
[92mINFO [0m:      configure_train: Sampled 10 nodes (out of 10)
[92mINFO [0m:      aggregate_train: Received 9 results and 0 failures
[92mINFO [0m:      	└──> Aggregated MetricRecord: {'train_loss': 1.8100776532491047, 'train_time': 5.550291578388876, 'qtty_records': 9}
[92mINFO [0m:      configure_evaluate: Sampled 10 nodes (out of 10)
[92mINFO [0m:      aggregate_evaluate: Received 10 results and 0 failures
[92mINFO [0m:      	└──> Aggregated MetricRecord: {'eval_loss': 1.7808942202478648, 'eval_acc': 0.37970000000000004, 'time': 427.70950269699097}
[92mINFO [0m:      
[92mINFO [0m:      [ROUND 56/100]
[92mINFO [0m:      configure_train: Sampled 9 nodes (out of 10)
[92mINFO [0m:      aggregate_train: Received 10 results and 0 failures
[92mINFO [0m:      	└──> Aggregated MetricRecord: {'train_loss': 1.8082451518058777, 'train_time': 6.053281901217997, 'qtty_records': 10}
[92mINFO [0m:      configure_evaluate: Sampled 10 nodes (out of 10)
[92mINFO [0m:      aggregate_evaluate: Received 10 results and 0 failures
[92mINFO [0m:      	└──> Aggregated MetricRecord: {'eval_loss': 1.8564592611044646, 'eval_acc': 0.35830000000000006, 'time': 434.84727025032043}
[92mINFO [0m:      
[92mINFO [0m:      [ROUND 57/100]
[92mINFO [0m:      configure_train: Sampled 10 nodes (out of 10)
[92mINFO [0m:      aggregate_train: Received 9 results and 0 failures
[92mINFO [0m:      	└──> Aggregated MetricRecord: {'train_loss': 1.8121956461800468, 'train_time': 5.49362466391176, 'qtty_records': 9}
[92mINFO [0m:      configure_evaluate: Sampled 10 nodes (out of 10)
[92mINFO [0m:      aggregate_evaluate: Received 10 results and 0 failures
[92mINFO [0m:      	└──> Aggregated MetricRecord: {'eval_loss': 1.8360462363809351, 'eval_acc': 0.3658, 'time': 442.07962012290955}
[92mINFO [0m:      
[92mINFO [0m:      [ROUND 58/100]
[92mINFO [0m:      configure_train: Sampled 9 nodes (out of 10)
[92mINFO [0m:      aggregate_train: Received 10 results and 0 failures
[92mINFO [0m:      	└──> Aggregated MetricRecord: {'train_loss': 1.8081535051345825, 'train_time': 5.961632858682424, 'qtty_records': 10}
[92mINFO [0m:      configure_evaluate: Sampled 10 nodes (out of 10)
[92mINFO [0m:      aggregate_evaluate: Received 10 results and 0 failures
[92mINFO [0m:      	└──> Aggregated MetricRecord: {'eval_loss': 1.7945151623338462, 'eval_acc': 0.38300000000000006, 'time': 449.35081577301025}
[92mINFO [0m:      
[92mINFO [0m:      [ROUND 59/100]
[92mINFO [0m:      configure_train: Sampled 10 nodes (out of 10)
[92mINFO [0m:      aggregate_train: Received 9 results and 0 failures
[92mINFO [0m:      	└──> Aggregated MetricRecord: {'train_loss': 1.8261544905768499, 'train_time': 5.35261495049215, 'qtty_records': 9}
[92mINFO [0m:      configure_evaluate: Sampled 10 nodes (out of 10)
[92mINFO [0m:      aggregate_evaluate: Received 10 results and 0 failures
[92mINFO [0m:      	└──> Aggregated MetricRecord: {'eval_loss': 1.8689376700669529, 'eval_acc': 0.3502, 'time': 456.48341488838196}
[92mINFO [0m:      
[92mINFO [0m:      [ROUND 60/100]
[92mINFO [0m:      configure_train: Sampled 9 nodes (out of 10)
[92mINFO [0m:      aggregate_train: Received 9 results and 0 failures
[92mINFO [0m:      	└──> Aggregated MetricRecord: {'train_loss': 1.8370395574569705, 'train_time': 6.161962861195207, 'qtty_records': 9}
[92mINFO [0m:      configure_evaluate: Sampled 10 nodes (out of 10)
[92mINFO [0m:      aggregate_evaluate: Received 10 results and 0 failures
[92mINFO [0m:      	└──> Aggregated MetricRecord: {'eval_loss': 1.8602437634021045, 'eval_acc': 0.3642, 'time': 463.6270935535431}
[92mINFO [0m:      
[92mINFO [0m:      [ROUND 61/100]
[92mINFO [0m:      configure_train: Sampled 9 nodes (out of 10)
[92mINFO [0m:      aggregate_train: Received 9 results and 0 failures
[92mINFO [0m:      	└──> Aggregated MetricRecord: {'train_loss': 1.8296539325714112, 'train_time': 5.406727855611178, 'qtty_records': 9}
[92mINFO [0m:      configure_evaluate: Sampled 10 nodes (out of 10)
[92mINFO [0m:      aggregate_evaluate: Received 10 results and 0 failures
[92mINFO [0m:      	└──> Aggregated MetricRecord: {'eval_loss': 1.8472300637513401, 'eval_acc': 0.37350000000000005, 'time': 470.75671792030334}
[92mINFO [0m:      
[92mINFO [0m:      [ROUND 62/100]
[92mINFO [0m:      configure_train: Sampled 9 nodes (out of 10)
[92mINFO [0m:      aggregate_train: Received 10 results and 0 failures
[92mINFO [0m:      	└──> Aggregated MetricRecord: {'train_loss': 1.8239949344635007, 'train_time': 5.846657814551145, 'qtty_records': 10}
[92mINFO [0m:      configure_evaluate: Sampled 10 nodes (out of 10)
[92mINFO [0m:      aggregate_evaluate: Received 10 results and 0 failures
[92mINFO [0m:      	└──> Aggregated MetricRecord: {'eval_loss': 1.796314650774002, 'eval_acc': 0.3835, 'time': 478.1221809387207}
[92mINFO [0m:      
[92mINFO [0m:      [ROUND 63/100]
[92mINFO [0m:      configure_train: Sampled 10 nodes (out of 10)
[92mINFO [0m:      aggregate_train: Received 9 results and 0 failures
[92mINFO [0m:      	└──> Aggregated MetricRecord: {'train_loss': 1.8116458669238622, 'train_time': 5.429895268960132, 'qtty_records': 9}
[92mINFO [0m:      configure_evaluate: Sampled 10 nodes (out of 10)
[92mINFO [0m:      aggregate_evaluate: Received 10 results and 0 failures
[92mINFO [0m:      	└──> Aggregated MetricRecord: {'eval_loss': 1.8731166254729033, 'eval_acc': 0.34390000000000004, 'time': 485.2564160823822}
[92mINFO [0m:      
[92mINFO [0m:      [ROUND 64/100]
[92mINFO [0m:      configure_train: Sampled 9 nodes (out of 10)
[92mINFO [0m:      aggregate_train: Received 10 results and 0 failures
[92mINFO [0m:      	└──> Aggregated MetricRecord: {'train_loss': 1.8090415287971497, 'train_time': 5.971030495502054, 'qtty_records': 10}
[92mINFO [0m:      configure_evaluate: Sampled 10 nodes (out of 10)
[92mINFO [0m:      aggregate_evaluate: Received 10 results and 0 failures
[92mINFO [0m:      	└──> Aggregated MetricRecord: {'eval_loss': 1.8538420498371124, 'eval_acc': 0.35500000000000004, 'time': 492.52549052238464}
[92mINFO [0m:      
[92mINFO [0m:      [ROUND 65/100]
[92mINFO [0m:      configure_train: Sampled 10 nodes (out of 10)
[92mINFO [0m:      aggregate_train: Received 9 results and 0 failures
[92mINFO [0m:      	└──> Aggregated MetricRecord: {'train_loss': 1.8278971843719483, 'train_time': 5.463721744095285, 'qtty_records': 9}
[92mINFO [0m:      configure_evaluate: Sampled 10 nodes (out of 10)
[92mINFO [0m:      aggregate_evaluate: Received 10 results and 0 failures
[92mINFO [0m:      	└──> Aggregated MetricRecord: {'eval_loss': 1.8973592031747102, 'eval_acc': 0.3453, 'time': 499.5581419467926}
[92mINFO [0m:      
[92mINFO [0m:      [ROUND 66/100]
[92mINFO [0m:      configure_train: Sampled 9 nodes (out of 10)
[92mINFO [0m:      aggregate_train: Received 10 results and 0 failures
[92mINFO [0m:      	└──> Aggregated MetricRecord: {'train_loss': 1.8322259209632874, 'train_time': 5.964117546379566, 'qtty_records': 10}
[92mINFO [0m:      configure_evaluate: Sampled 10 nodes (out of 10)
[92mINFO [0m:      aggregate_evaluate: Received 10 results and 0 failures
[92mINFO [0m:      	└──> Aggregated MetricRecord: {'eval_loss': 1.8141272868961094, 'eval_acc': 0.38780000000000003, 'time': 506.8249702453613}
[92mINFO [0m:      
[92mINFO [0m:      [ROUND 67/100]
[92mINFO [0m:      configure_train: Sampled 10 nodes (out of 10)
[92mINFO [0m:      aggregate_train: Received 9 results and 0 failures
[92mINFO [0m:      	└──> Aggregated MetricRecord: {'train_loss': 1.8361036548614502, 'train_time': 5.58384268420438, 'qtty_records': 9}
[92mINFO [0m:      configure_evaluate: Sampled 10 nodes (out of 10)
[92mINFO [0m:      aggregate_evaluate: Received 10 results and 0 failures
[92mINFO [0m:      	└──> Aggregated MetricRecord: {'eval_loss': 1.8965914353728295, 'eval_acc': 0.3477, 'time': 514.0878942012787}
[92mINFO [0m:      
[92mINFO [0m:      [ROUND 68/100]
[92mINFO [0m:      configure_train: Sampled 9 nodes (out of 10)
[92mINFO [0m:      aggregate_train: Received 10 results and 0 failures
[92mINFO [0m:      	└──> Aggregated MetricRecord: {'train_loss': 1.853837849998474, 'train_time': 5.985917551442981, 'qtty_records': 10}
[92mINFO [0m:      configure_evaluate: Sampled 10 nodes (out of 10)
[92mINFO [0m:      aggregate_evaluate: Received 10 results and 0 failures
[92mINFO [0m:      	└──> Aggregated MetricRecord: {'eval_loss': 1.8461839385330678, 'eval_acc': 0.3723000000000001, 'time': 521.2242925167084}
[92mINFO [0m:      
[92mINFO [0m:      [ROUND 69/100]
[92mINFO [0m:      configure_train: Sampled 10 nodes (out of 10)
[92mINFO [0m:      aggregate_train: Received 9 results and 0 failures
[92mINFO [0m:      	└──> Aggregated MetricRecord: {'train_loss': 1.817416747940911, 'train_time': 5.5752751824135585, 'qtty_records': 9}
[92mINFO [0m:      configure_evaluate: Sampled 10 nodes (out of 10)
[92mINFO [0m:      aggregate_evaluate: Received 10 results and 0 failures
[92mINFO [0m:      	└──> Aggregated MetricRecord: {'eval_loss': 1.8483076591044665, 'eval_acc': 0.3653, 'time': 528.2553520202637}
[92mINFO [0m:      
[92mINFO [0m:      [ROUND 70/100]
[92mINFO [0m:      configure_train: Sampled 9 nodes (out of 10)
[92mINFO [0m:      aggregate_train: Received 10 results and 0 failures
[92mINFO [0m:      	└──> Aggregated MetricRecord: {'train_loss': 1.8425510389328004, 'train_time': 6.0213866048492495, 'qtty_records': 10}
[92mINFO [0m:      configure_evaluate: Sampled 10 nodes (out of 10)
[92mINFO [0m:      aggregate_evaluate: Received 10 results and 0 failures
[92mINFO [0m:      	└──> Aggregated MetricRecord: {'eval_loss': 1.8581558369100095, 'eval_acc': 0.3637, 'time': 535.3910658359528}
[92mINFO [0m:      
[92mINFO [0m:      [ROUND 71/100]
[92mINFO [0m:      configure_train: Sampled 10 nodes (out of 10)
[92mINFO [0m:      aggregate_train: Received 9 results and 0 failures
[92mINFO [0m:      	└──> Aggregated MetricRecord: {'train_loss': 1.8242516242133249, 'train_time': 5.498570028589004, 'qtty_records': 9}
[92mINFO [0m:      configure_evaluate: Sampled 10 nodes (out of 10)
[92mINFO [0m:      aggregate_evaluate: Received 10 results and 0 failures
[92mINFO [0m:      	└──> Aggregated MetricRecord: {'eval_loss': 1.8621548794209961, 'eval_acc': 0.36760000000000004, 'time': 542.4253447055817}
[92mINFO [0m:      
[92mINFO [0m:      [ROUND 72/100]
[92mINFO [0m:      configure_train: Sampled 9 nodes (out of 10)
[92mINFO [0m:      aggregate_train: Received 10 results and 0 failures
[92mINFO [0m:      	└──> Aggregated MetricRecord: {'train_loss': 1.8263075521469119, 'train_time': 6.056060245167464, 'qtty_records': 10}
[92mINFO [0m:      configure_evaluate: Sampled 10 nodes (out of 10)
[92mINFO [0m:      aggregate_evaluate: Received 10 results and 0 failures
[92mINFO [0m:      	└──> Aggregated MetricRecord: {'eval_loss': 1.8506565049290657, 'eval_acc': 0.35470000000000007, 'time': 549.7615211009979}
[92mINFO [0m:      
[92mINFO [0m:      [ROUND 73/100]
[92mINFO [0m:      configure_train: Sampled 10 nodes (out of 10)
[92mINFO [0m:      aggregate_train: Received 9 results and 0 failures
[92mINFO [0m:      	└──> Aggregated MetricRecord: {'train_loss': 1.831928221490648, 'train_time': 5.587374317356282, 'qtty_records': 9}
[92mINFO [0m:      configure_evaluate: Sampled 10 nodes (out of 10)
[92mINFO [0m:      aggregate_evaluate: Received 10 results and 0 failures
[92mINFO [0m:      	└──> Aggregated MetricRecord: {'eval_loss': 1.8179565303027632, 'eval_acc': 0.37120000000000003, 'time': 556.8928210735321}
[92mINFO [0m:      
[92mINFO [0m:      [ROUND 74/100]
[92mINFO [0m:      configure_train: Sampled 9 nodes (out of 10)
[92mINFO [0m:      aggregate_train: Received 10 results and 0 failures
[92mINFO [0m:      	└──> Aggregated MetricRecord: {'train_loss': 1.8360157503128052, 'train_time': 6.050339646823704, 'qtty_records': 10}
[92mINFO [0m:      configure_evaluate: Sampled 10 nodes (out of 10)
[92mINFO [0m:      aggregate_evaluate: Received 10 results and 0 failures
[92mINFO [0m:      	└──> Aggregated MetricRecord: {'eval_loss': 1.9368130385875706, 'eval_acc': 0.31880000000000003, 'time': 564.0275912284851}
[92mINFO [0m:      
[92mINFO [0m:      [ROUND 75/100]
[92mINFO [0m:      configure_train: Sampled 10 nodes (out of 10)
[92mINFO [0m:      aggregate_train: Received 9 results and 0 failures
[92mINFO [0m:      	└──> Aggregated MetricRecord: {'train_loss': 1.826849238819546, 'train_time': 5.52822955366638, 'qtty_records': 9}
[92mINFO [0m:      configure_evaluate: Sampled 10 nodes (out of 10)
[92mINFO [0m:      aggregate_evaluate: Received 10 results and 0 failures
[92mINFO [0m:      	└──> Aggregated MetricRecord: {'eval_loss': 1.826814005151391, 'eval_acc': 0.3756, 'time': 571.1587834358215}
[92mINFO [0m:      
[92mINFO [0m:      [ROUND 76/100]
[92mINFO [0m:      configure_train: Sampled 9 nodes (out of 10)
[92mINFO [0m:      aggregate_train: Received 10 results and 0 failures
[92mINFO [0m:      	└──> Aggregated MetricRecord: {'train_loss': 1.8428166159629824, 'train_time': 6.040107612218708, 'qtty_records': 10}
[92mINFO [0m:      configure_evaluate: Sampled 10 nodes (out of 10)
[92mINFO [0m:      aggregate_evaluate: Received 10 results and 0 failures
[92mINFO [0m:      	└──> Aggregated MetricRecord: {'eval_loss': 1.9052469473332168, 'eval_acc': 0.3658, 'time': 578.491868019104}
[92mINFO [0m:      
[92mINFO [0m:      [ROUND 77/100]
[92mINFO [0m:      configure_train: Sampled 10 nodes (out of 10)
[92mINFO [0m:      aggregate_train: Received 9 results and 0 failures
[92mINFO [0m:      	└──> Aggregated MetricRecord: {'train_loss': 1.8247171129650541, 'train_time': 5.534096468757424, 'qtty_records': 9}
[92mINFO [0m:      configure_evaluate: Sampled 10 nodes (out of 10)
[92mINFO [0m:      aggregate_evaluate: Received 10 results and 0 failures
[92mINFO [0m:      	└──> Aggregated MetricRecord: {'eval_loss': 1.8176227111369372, 'eval_acc': 0.3914, 'time': 585.6267242431641}
[92mINFO [0m:      
[92mINFO [0m:      [ROUND 78/100]
[92mINFO [0m:      configure_train: Sampled 9 nodes (out of 10)
[92mINFO [0m:      aggregate_train: Received 10 results and 0 failures
[92mINFO [0m:      	└──> Aggregated MetricRecord: {'train_loss': 1.826414818763733, 'train_time': 6.008555157296359, 'qtty_records': 10}
[92mINFO [0m:      configure_evaluate: Sampled 10 nodes (out of 10)
[92mINFO [0m:      aggregate_evaluate: Received 10 results and 0 failures
[92mINFO [0m:      	└──> Aggregated MetricRecord: {'eval_loss': 1.8391978621482852, 'eval_acc': 0.3739, 'time': 592.6613731384277}
[92mINFO [0m:      
[92mINFO [0m:      [ROUND 79/100]
[92mINFO [0m:      configure_train: Sampled 10 nodes (out of 10)
[92mINFO [0m:      aggregate_train: Received 9 results and 0 failures
[92mINFO [0m:      	└──> Aggregated MetricRecord: {'train_loss': 1.8132863612704804, 'train_time': 5.519655497227278, 'qtty_records': 9}
[92mINFO [0m:      configure_evaluate: Sampled 10 nodes (out of 10)
[92mINFO [0m:      aggregate_evaluate: Received 10 results and 0 failures
[92mINFO [0m:      	└──> Aggregated MetricRecord: {'eval_loss': 1.8337738733738662, 'eval_acc': 0.3713, 'time': 599.6930871009827}
[92mINFO [0m:      
[92mINFO [0m:      [ROUND 80/100]
[92mINFO [0m:      configure_train: Sampled 9 nodes (out of 10)
[92mINFO [0m:      aggregate_train: Received 10 results and 0 failures
[92mINFO [0m:      	└──> Aggregated MetricRecord: {'train_loss': 1.8340495494842532, 'train_time': 6.071384834870696, 'qtty_records': 10}
[92mINFO [0m:      configure_evaluate: Sampled 10 nodes (out of 10)
[92mINFO [0m:      aggregate_evaluate: Received 10 results and 0 failures
[92mINFO [0m:      	└──> Aggregated MetricRecord: {'eval_loss': 1.902418586239219, 'eval_acc': 0.359, 'time': 606.8272399902344}
[92mINFO [0m:      
[92mINFO [0m:      [ROUND 81/100]
[92mINFO [0m:      configure_train: Sampled 10 nodes (out of 10)
[92mINFO [0m:      aggregate_train: Received 9 results and 0 failures
[92mINFO [0m:      	└──> Aggregated MetricRecord: {'train_loss': 1.8142274426354303, 'train_time': 5.525983808355199, 'qtty_records': 9}
[92mINFO [0m:      configure_evaluate: Sampled 10 nodes (out of 10)
[92mINFO [0m:      aggregate_evaluate: Received 10 results and 0 failures
[92mINFO [0m:      	└──> Aggregated MetricRecord: {'eval_loss': 1.8384493421763182, 'eval_acc': 0.3678, 'time': 613.8598692417145}
[92mINFO [0m:      
[92mINFO [0m:      [ROUND 82/100]
[92mINFO [0m:      configure_train: Sampled 9 nodes (out of 10)
[92mINFO [0m:      aggregate_train: Received 10 results and 0 failures
[92mINFO [0m:      	└──> Aggregated MetricRecord: {'train_loss': 1.8644520348548888, 'train_time': 6.025104474648833, 'qtty_records': 10}
[92mINFO [0m:      configure_evaluate: Sampled 10 nodes (out of 10)
[92mINFO [0m:      aggregate_evaluate: Received 10 results and 0 failures
[92mINFO [0m:      	└──> Aggregated MetricRecord: {'eval_loss': 1.8803945947438478, 'eval_acc': 0.3638, 'time': 620.9937806129456}
[92mINFO [0m:      
[92mINFO [0m:      [ROUND 83/100]
[92mINFO [0m:      configure_train: Sampled 10 nodes (out of 10)
[92mINFO [0m:      aggregate_train: Received 9 results and 0 failures
[92mINFO [0m:      	└──> Aggregated MetricRecord: {'train_loss': 1.804134318563673, 'train_time': 5.506325914317535, 'qtty_records': 9}
[92mINFO [0m:      configure_evaluate: Sampled 10 nodes (out of 10)
[92mINFO [0m:      aggregate_evaluate: Received 10 results and 0 failures
[92mINFO [0m:      	└──> Aggregated MetricRecord: {'eval_loss': 1.8321802526712418, 'eval_acc': 0.3672, 'time': 628.1274716854095}
[92mINFO [0m:      
[92mINFO [0m:      [ROUND 84/100]
[92mINFO [0m:      configure_train: Sampled 9 nodes (out of 10)
[92mINFO [0m:      aggregate_train: Received 10 results and 0 failures
[92mINFO [0m:      	└──> Aggregated MetricRecord: {'train_loss': 1.8141375754356386, 'train_time': 6.088049954362214, 'qtty_records': 10}
[92mINFO [0m:      configure_evaluate: Sampled 10 nodes (out of 10)
[92mINFO [0m:      aggregate_evaluate: Received 10 results and 0 failures
[92mINFO [0m:      	└──> Aggregated MetricRecord: {'eval_loss': 1.8126125290989878, 'eval_acc': 0.3834, 'time': 635.2647545337677}
[92mINFO [0m:      
[92mINFO [0m:      [ROUND 85/100]
[92mINFO [0m:      configure_train: Sampled 10 nodes (out of 10)
[92mINFO [0m:      aggregate_train: Received 9 results and 0 failures
[92mINFO [0m:      	└──> Aggregated MetricRecord: {'train_loss': 1.777712828795115, 'train_time': 5.518274544634753, 'qtty_records': 9}
[92mINFO [0m:      configure_evaluate: Sampled 10 nodes (out of 10)
[92mINFO [0m:      aggregate_evaluate: Received 10 results and 0 failures
[92mINFO [0m:      	└──> Aggregated MetricRecord: {'eval_loss': 1.850799407809973, 'eval_acc': 0.37020000000000003, 'time': 642.3978264331818}
[92mINFO [0m:      
[92mINFO [0m:      [ROUND 86/100]
[92mINFO [0m:      configure_train: Sampled 9 nodes (out of 10)
[92mINFO [0m:      aggregate_train: Received 10 results and 0 failures
[92mINFO [0m:      	└──> Aggregated MetricRecord: {'train_loss': 1.8185998883247376, 'train_time': 6.018875195272267, 'qtty_records': 10}
[92mINFO [0m:      configure_evaluate: Sampled 10 nodes (out of 10)
[92mINFO [0m:      aggregate_evaluate: Received 10 results and 0 failures
[92mINFO [0m:      	└──> Aggregated MetricRecord: {'eval_loss': 1.8702571995556354, 'eval_acc': 0.3574, 'time': 649.4339604377747}
[92mINFO [0m:      
[92mINFO [0m:      [ROUND 87/100]
[92mINFO [0m:      configure_train: Sampled 10 nodes (out of 10)
[92mINFO [0m:      aggregate_train: Received 9 results and 0 failures
[92mINFO [0m:      	└──> Aggregated MetricRecord: {'train_loss': 1.826918955961863, 'train_time': 5.518104446431001, 'qtty_records': 9}
[92mINFO [0m:      configure_evaluate: Sampled 10 nodes (out of 10)
[92mINFO [0m:      aggregate_evaluate: Received 10 results and 0 failures
[92mINFO [0m:      	└──> Aggregated MetricRecord: {'eval_loss': 1.841257791221142, 'eval_acc': 0.36, 'time': 656.6685891151428}
[92mINFO [0m:      
[92mINFO [0m:      [ROUND 88/100]
[92mINFO [0m:      configure_train: Sampled 9 nodes (out of 10)
[92mINFO [0m:      aggregate_train: Received 10 results and 0 failures
[92mINFO [0m:      	└──> Aggregated MetricRecord: {'train_loss': 1.8254389987945558, 'train_time': 6.049670524895191, 'qtty_records': 10}
[92mINFO [0m:      configure_evaluate: Sampled 10 nodes (out of 10)
[92mINFO [0m:      aggregate_evaluate: Received 10 results and 0 failures
[92mINFO [0m:      	└──> Aggregated MetricRecord: {'eval_loss': 1.7997261464595795, 'eval_acc': 0.38480000000000003, 'time': 663.7018947601318}
[92mINFO [0m:      
[92mINFO [0m:      [ROUND 89/100]
[92mINFO [0m:      configure_train: Sampled 10 nodes (out of 10)
[92mINFO [0m:      aggregate_train: Received 9 results and 0 failures
[92mINFO [0m:      	└──> Aggregated MetricRecord: {'train_loss': 1.8185536874135337, 'train_time': 5.543158280559712, 'qtty_records': 9}
[92mINFO [0m:      configure_evaluate: Sampled 10 nodes (out of 10)
[92mINFO [0m:      aggregate_evaluate: Received 10 results and 0 failures
[92mINFO [0m:      	└──> Aggregated MetricRecord: {'eval_loss': 1.8921327367424965, 'eval_acc': 0.35480000000000006, 'time': 670.8369724750519}
[92mINFO [0m:      
[92mINFO [0m:      [ROUND 90/100]
[92mINFO [0m:      configure_train: Sampled 9 nodes (out of 10)
[92mINFO [0m:      aggregate_train: Received 10 results and 0 failures
[92mINFO [0m:      	└──> Aggregated MetricRecord: {'train_loss': 1.8280066556930543, 'train_time': 6.079594101011753, 'qtty_records': 10}
[92mINFO [0m:      configure_evaluate: Sampled 10 nodes (out of 10)
[92mINFO [0m:      aggregate_evaluate: Received 10 results and 0 failures
[92mINFO [0m:      	└──> Aggregated MetricRecord: {'eval_loss': 1.8251679308712483, 'eval_acc': 0.3834000000000001, 'time': 677.8721394538879}
[92mINFO [0m:      
[92mINFO [0m:      [ROUND 91/100]
[92mINFO [0m:      configure_train: Sampled 10 nodes (out of 10)
[92mINFO [0m:      aggregate_train: Received 9 results and 0 failures
[92mINFO [0m:      	└──> Aggregated MetricRecord: {'train_loss': 1.8064933643341063, 'train_time': 5.499427446371151, 'qtty_records': 9}
[92mINFO [0m:      configure_evaluate: Sampled 10 nodes (out of 10)
[92mINFO [0m:      aggregate_evaluate: Received 10 results and 0 failures
[92mINFO [0m:      	└──> Aggregated MetricRecord: {'eval_loss': 1.8175533309578895, 'eval_acc': 0.37570000000000003, 'time': 685.0078852176666}
[92mINFO [0m:      
[92mINFO [0m:      [ROUND 92/100]
[92mINFO [0m:      configure_train: Sampled 9 nodes (out of 10)
[92mINFO [0m:      aggregate_train: Received 10 results and 0 failures
[92mINFO [0m:      	└──> Aggregated MetricRecord: {'train_loss': 1.828184784126282, 'train_time': 6.019170548394323, 'qtty_records': 10}
[92mINFO [0m:      configure_evaluate: Sampled 10 nodes (out of 10)
[92mINFO [0m:      aggregate_evaluate: Received 10 results and 0 failures
[92mINFO [0m:      	└──> Aggregated MetricRecord: {'eval_loss': 1.892177511379123, 'eval_acc': 0.36229999999999996, 'time': 692.0415472984314}
[92mINFO [0m:      
[92mINFO [0m:      [ROUND 93/100]
[92mINFO [0m:      configure_train: Sampled 10 nodes (out of 10)
[92mINFO [0m:      aggregate_train: Received 9 results and 0 failures
[92mINFO [0m:      	└──> Aggregated MetricRecord: {'train_loss': 1.817467369503445, 'train_time': 5.533797495998442, 'qtty_records': 9}
[92mINFO [0m:      configure_evaluate: Sampled 10 nodes (out of 10)
[92mINFO [0m:      aggregate_evaluate: Received 10 results and 0 failures
[92mINFO [0m:      	└──> Aggregated MetricRecord: {'eval_loss': 1.8100784469395879, 'eval_acc': 0.3821000000000001, 'time': 699.0748038291931}
[92mINFO [0m:      
[92mINFO [0m:      [ROUND 94/100]
[92mINFO [0m:      configure_train: Sampled 9 nodes (out of 10)
[92mINFO [0m:      aggregate_train: Received 10 results and 0 failures
[92mINFO [0m:      	└──> Aggregated MetricRecord: {'train_loss': 1.8089993706703187, 'train_time': 6.055434924829751, 'qtty_records': 10}
[92mINFO [0m:      configure_evaluate: Sampled 10 nodes (out of 10)
[92mINFO [0m:      aggregate_evaluate: Received 10 results and 0 failures
[92mINFO [0m:      	└──> Aggregated MetricRecord: {'eval_loss': 1.80304259210825, 'eval_acc': 0.3865, 'time': 706.311101436615}
[92mINFO [0m:      
[92mINFO [0m:      [ROUND 95/100]
[92mINFO [0m:      configure_train: Sampled 10 nodes (out of 10)
[92mINFO [0m:      aggregate_train: Received 9 results and 0 failures
[92mINFO [0m:      	└──> Aggregated MetricRecord: {'train_loss': 1.8183127060996163, 'train_time': 5.540370009736055, 'qtty_records': 9}
[92mINFO [0m:      configure_evaluate: Sampled 10 nodes (out of 10)
[92mINFO [0m:      aggregate_evaluate: Received 10 results and 0 failures
[92mINFO [0m:      	└──> Aggregated MetricRecord: {'eval_loss': 1.8740666858851913, 'eval_acc': 0.3478, 'time': 713.3441469669342}
[92mINFO [0m:      
[92mINFO [0m:      [ROUND 96/100]
[92mINFO [0m:      configure_train: Sampled 9 nodes (out of 10)
[92mINFO [0m:      aggregate_train: Received 10 results and 0 failures
[92mINFO [0m:      	└──> Aggregated MetricRecord: {'train_loss': 1.8325592869758607, 'train_time': 6.048677119240165, 'qtty_records': 10}
[92mINFO [0m:      configure_evaluate: Sampled 10 nodes (out of 10)
[92mINFO [0m:      aggregate_evaluate: Received 10 results and 0 failures
[92mINFO [0m:      	└──> Aggregated MetricRecord: {'eval_loss': 1.8692902497947217, 'eval_acc': 0.37050000000000005, 'time': 720.4814138412476}
[92mINFO [0m:      
[92mINFO [0m:      [ROUND 97/100]
[92mINFO [0m:      configure_train: Sampled 10 nodes (out of 10)
[92mINFO [0m:      aggregate_train: Received 9 results and 0 failures
[92mINFO [0m:      	└──> Aggregated MetricRecord: {'train_loss': 1.79949679268731, 'train_time': 5.558402334546877, 'qtty_records': 9}
[92mINFO [0m:      configure_evaluate: Sampled 10 nodes (out of 10)
[92mINFO [0m:      aggregate_evaluate: Received 10 results and 0 failures
[92mINFO [0m:      	└──> Aggregated MetricRecord: {'eval_loss': 1.7941246088594203, 'eval_acc': 0.3884000000000001, 'time': 727.5148084163666}
[92mINFO [0m:      
[92mINFO [0m:      [ROUND 98/100]
[92mINFO [0m:      configure_train: Sampled 9 nodes (out of 10)
[92mINFO [0m:      aggregate_train: Received 10 results and 0 failures
[92mINFO [0m:      	└──> Aggregated MetricRecord: {'train_loss': 1.8096929276466371, 'train_time': 6.126147296465933, 'qtty_records': 10}
[92mINFO [0m:      configure_evaluate: Sampled 10 nodes (out of 10)
[92mINFO [0m:      aggregate_evaluate: Received 10 results and 0 failures
[92mINFO [0m:      	└──> Aggregated MetricRecord: {'eval_loss': 1.8573599763214588, 'eval_acc': 0.36249999999999993, 'time': 734.6548147201538}
[92mINFO [0m:      
[92mINFO [0m:      [ROUND 99/100]
[92mINFO [0m:      configure_train: Sampled 10 nodes (out of 10)
[92mINFO [0m:      aggregate_train: Received 9 results and 0 failures
[92mINFO [0m:      	└──> Aggregated MetricRecord: {'train_loss': 1.8422641597323948, 'train_time': 5.525572473597196, 'qtty_records': 9}
[92mINFO [0m:      configure_evaluate: Sampled 10 nodes (out of 10)
[92mINFO [0m:      aggregate_evaluate: Received 10 results and 0 failures
[92mINFO [0m:      	└──> Aggregated MetricRecord: {'eval_loss': 1.8598300464451314, 'eval_acc': 0.37270000000000003, 'time': 741.7881996631622}
[92mINFO [0m:      
[92mINFO [0m:      [ROUND 100/100]
[92mINFO [0m:      configure_train: Sampled 9 nodes (out of 10)
[92mINFO [0m:      aggregate_train: Received 10 results and 0 failures
[92mINFO [0m:      	└──> Aggregated MetricRecord: {'train_loss': 1.829300422477722, 'train_time': 6.064264116808772, 'qtty_records': 10}
[92mINFO [0m:      configure_evaluate: Sampled 10 nodes (out of 10)
[92mINFO [0m:      aggregate_evaluate: Received 10 results and 0 failures
[92mINFO [0m:      	└──> Aggregated MetricRecord: {'eval_loss': 1.839425962790847, 'eval_acc': 0.3803, 'time': 748.8218307495117}
[92mINFO [0m:      
[92mINFO [0m:      Strategy execution finished in 748.82s
[92mINFO [0m:      
[92mINFO [0m:      Final results:
[92mINFO [0m:      
[92mINFO [0m:      	Global Arrays:
[92mINFO [0m:      		ArrayRecord (0.238 MB)
[92mINFO [0m:      	
[92mINFO [0m:      	Aggregated ClientApp-side Train Metrics:
[92mINFO [0m:      	{ 1: { 'qtty_records': '9',
[92mINFO [0m:      	       'train_loss': '2.2048e+00',
[92mINFO [0m:      	       'train_time': '7.4398e+00'},
[92mINFO [0m:      	  2: { 'qtty_records': '10',
[92mINFO [0m:      	       'train_loss': '2.1447e+00',
[92mINFO [0m:      	       'train_time': '6.2565e+00'},
[92mINFO [0m:      	  3: { 'qtty_records': '9',
[92mINFO [0m:      	       'train_loss': '2.0960e+00',
[92mINFO [0m:      	       'train_time': '5.5440e+00'},
[92mINFO [0m:      	  4: { 'qtty_records': '10',
[92mINFO [0m:      	       'train_loss': '2.0544e+00',
[92mINFO [0m:      	       'train_time': '6.0503e+00'},
[92mINFO [0m:      	  5: { 'qtty_records': '9',
[92mINFO [0m:      	       'train_loss': '2.0313e+00',
[92mINFO [0m:      	       'train_time': '5.5259e+00'},
[92mINFO [0m:      	  6: { 'qtty_records': '10',
[92mINFO [0m:      	       'train_loss': '2.0164e+00',
[92mINFO [0m:      	       'train_time': '6.0431e+00'},
[92mINFO [0m:      	  7: { 'qtty_records': '9',
[92mINFO [0m:      	       'train_loss': '1.9858e+00',
[92mINFO [0m:      	       'train_time': '5.5168e+00'},
[92mINFO [0m:      	  8: { 'qtty_records': '10',
[92mINFO [0m:      	       'train_loss': '1.9650e+00',
[92mINFO [0m:      	       'train_time': '6.0580e+00'},
[92mINFO [0m:      	  9: { 'qtty_records': '9',
[92mINFO [0m:      	       'train_loss': '1.9537e+00',
[92mINFO [0m:      	       'train_time': '5.5466e+00'},
[92mINFO [0m:      	  10: { 'qtty_records': '10',
[92mINFO [0m:      	        'train_loss': '1.9517e+00',
[92mINFO [0m:      	        'train_time': '6.0734e+00'},
[92mINFO [0m:      	  11: { 'qtty_records': '9',
[92mINFO [0m:      	        'train_loss': '1.9340e+00',
[92mINFO [0m:      	        'train_time': '5.5429e+00'},
[92mINFO [0m:      	  12: { 'qtty_records': '10',
[92mINFO [0m:      	        'train_loss': '1.9399e+00',
[92mINFO [0m:      	        'train_time': '6.0638e+00'},
[92mINFO [0m:      	  13: { 'qtty_records': '9',
[92mINFO [0m:      	        'train_loss': '1.9319e+00',
[92mINFO [0m:      	        'train_time': '5.5344e+00'},
[92mINFO [0m:      	  14: { 'qtty_records': '10',
[92mINFO [0m:      	        'train_loss': '1.9298e+00',
[92mINFO [0m:      	        'train_time': '6.0720e+00'},
[92mINFO [0m:      	  15: { 'qtty_records': '9',
[92mINFO [0m:      	        'train_loss': '1.9152e+00',
[92mINFO [0m:      	        'train_time': '5.5334e+00'},
[92mINFO [0m:      	  16: { 'qtty_records': '10',
[92mINFO [0m:      	        'train_loss': '1.9062e+00',
[92mINFO [0m:      	        'train_time': '6.0561e+00'},
[92mINFO [0m:      	  17: { 'qtty_records': '9',
[92mINFO [0m:      	        'train_loss': '1.8947e+00',
[92mINFO [0m:      	        'train_time': '5.4703e+00'},
[92mINFO [0m:      	  18: { 'qtty_records': '10',
[92mINFO [0m:      	        'train_loss': '1.9001e+00',
[92mINFO [0m:      	        'train_time': '5.9895e+00'},
[92mINFO [0m:      	  19: { 'qtty_records': '9',
[92mINFO [0m:      	        'train_loss': '1.8894e+00',
[92mINFO [0m:      	        'train_time': '5.4049e+00'},
[92mINFO [0m:      	  20: { 'qtty_records': '10',
[92mINFO [0m:      	        'train_loss': '1.8945e+00',
[92mINFO [0m:      	        'train_time': '5.8648e+00'},
[92mINFO [0m:      	  21: { 'qtty_records': '9',
[92mINFO [0m:      	        'train_loss': '1.8906e+00',
[92mINFO [0m:      	        'train_time': '5.4307e+00'},
[92mINFO [0m:      	  22: { 'qtty_records': '10',
[92mINFO [0m:      	        'train_loss': '1.8859e+00',
[92mINFO [0m:      	        'train_time': '5.9020e+00'},
[92mINFO [0m:      	  23: { 'qtty_records': '9',
[92mINFO [0m:      	        'train_loss': '1.8769e+00',
[92mINFO [0m:      	        'train_time': '5.4382e+00'},
[92mINFO [0m:      	  24: { 'qtty_records': '10',
[92mINFO [0m:      	        'train_loss': '1.8750e+00',
[92mINFO [0m:      	        'train_time': '5.9194e+00'},
[92mINFO [0m:      	  25: { 'qtty_records': '9',
[92mINFO [0m:      	        'train_loss': '1.8548e+00',
[92mINFO [0m:      	        'train_time': '5.4437e+00'},
[92mINFO [0m:      	  26: { 'qtty_records': '10',
[92mINFO [0m:      	        'train_loss': '1.8625e+00',
[92mINFO [0m:      	        'train_time': '6.0062e+00'},
[92mINFO [0m:      	  27: { 'qtty_records': '9',
[92mINFO [0m:      	        'train_loss': '1.8480e+00',
[92mINFO [0m:      	        'train_time': '5.5928e+00'},
[92mINFO [0m:      	  28: { 'qtty_records': '10',
[92mINFO [0m:      	        'train_loss': '1.8595e+00',
[92mINFO [0m:      	        'train_time': '6.0364e+00'},
[92mINFO [0m:      	  29: { 'qtty_records': '9',
[92mINFO [0m:      	        'train_loss': '1.8612e+00',
[92mINFO [0m:      	        'train_time': '5.5178e+00'},
[92mINFO [0m:      	  30: { 'qtty_records': '10',
[92mINFO [0m:      	        'train_loss': '1.8564e+00',
[92mINFO [0m:      	        'train_time': '6.0329e+00'},
[92mINFO [0m:      	  31: { 'qtty_records': '9',
[92mINFO [0m:      	        'train_loss': '1.8400e+00',
[92mINFO [0m:      	        'train_time': '5.5437e+00'},
[92mINFO [0m:      	  32: { 'qtty_records': '10',
[92mINFO [0m:      	        'train_loss': '1.8552e+00',
[92mINFO [0m:      	        'train_time': '6.0662e+00'},
[92mINFO [0m:      	  33: { 'qtty_records': '9',
[92mINFO [0m:      	        'train_loss': '1.8247e+00',
[92mINFO [0m:      	        'train_time': '5.5230e+00'},
[92mINFO [0m:      	  34: { 'qtty_records': '10',
[92mINFO [0m:      	        'train_loss': '1.8384e+00',
[92mINFO [0m:      	        'train_time': '6.0403e+00'},
[92mINFO [0m:      	  35: { 'qtty_records': '9',
[92mINFO [0m:      	        'train_loss': '1.8576e+00',
[92mINFO [0m:      	        'train_time': '5.5343e+00'},
[92mINFO [0m:      	  36: { 'qtty_records': '10',
[92mINFO [0m:      	        'train_loss': '1.8377e+00',
[92mINFO [0m:      	        'train_time': '6.0680e+00'},
[92mINFO [0m:      	  37: { 'qtty_records': '9',
[92mINFO [0m:      	        'train_loss': '1.8373e+00',
[92mINFO [0m:      	        'train_time': '5.5746e+00'},
[92mINFO [0m:      	  38: { 'qtty_records': '10',
[92mINFO [0m:      	        'train_loss': '1.8426e+00',
[92mINFO [0m:      	        'train_time': '6.0295e+00'},
[92mINFO [0m:      	  39: { 'qtty_records': '9',
[92mINFO [0m:      	        'train_loss': '1.8472e+00',
[92mINFO [0m:      	        'train_time': '5.5231e+00'},
[92mINFO [0m:      	  40: { 'qtty_records': '10',
[92mINFO [0m:      	        'train_loss': '1.8302e+00',
[92mINFO [0m:      	        'train_time': '6.0693e+00'},
[92mINFO [0m:      	  41: { 'qtty_records': '9',
[92mINFO [0m:      	        'train_loss': '1.8293e+00',
[92mINFO [0m:      	        'train_time': '5.5480e+00'},
[92mINFO [0m:      	  42: { 'qtty_records': '10',
[92mINFO [0m:      	        'train_loss': '1.8321e+00',
[92mINFO [0m:      	        'train_time': '6.0239e+00'},
[92mINFO [0m:      	  43: { 'qtty_records': '9',
[92mINFO [0m:      	        'train_loss': '1.8369e+00',
[92mINFO [0m:      	        'train_time': '5.5182e+00'},
[92mINFO [0m:      	  44: { 'qtty_records': '10',
[92mINFO [0m:      	        'train_loss': '1.8302e+00',
[92mINFO [0m:      	        'train_time': '6.1115e+00'},
[92mINFO [0m:      	  45: { 'qtty_records': '9',
[92mINFO [0m:      	        'train_loss': '1.8491e+00',
[92mINFO [0m:      	        'train_time': '5.5322e+00'},
[92mINFO [0m:      	  46: { 'qtty_records': '10',
[92mINFO [0m:      	        'train_loss': '1.8464e+00',
[92mINFO [0m:      	        'train_time': '6.0229e+00'},
[92mINFO [0m:      	  47: { 'qtty_records': '9',
[92mINFO [0m:      	        'train_loss': '1.8414e+00',
[92mINFO [0m:      	        'train_time': '5.5335e+00'},
[92mINFO [0m:      	  48: { 'qtty_records': '10',
[92mINFO [0m:      	        'train_loss': '1.8332e+00',
[92mINFO [0m:      	        'train_time': '6.0259e+00'},
[92mINFO [0m:      	  49: { 'qtty_records': '9',
[92mINFO [0m:      	        'train_loss': '1.8253e+00',
[92mINFO [0m:      	        'train_time': '5.5226e+00'},
[92mINFO [0m:      	  50: { 'qtty_records': '10',
[92mINFO [0m:      	        'train_loss': '1.8402e+00',
[92mINFO [0m:      	        'train_time': '6.0698e+00'},
[92mINFO [0m:      	  51: { 'qtty_records': '9',
[92mINFO [0m:      	        'train_loss': '1.8198e+00',
[92mINFO [0m:      	        'train_time': '5.5577e+00'},
[92mINFO [0m:      	  52: { 'qtty_records': '10',
[92mINFO [0m:      	        'train_loss': '1.8191e+00',
[92mINFO [0m:      	        'train_time': '6.0999e+00'},
[92mINFO [0m:      	  53: { 'qtty_records': '9',
[92mINFO [0m:      	        'train_loss': '1.8198e+00',
[92mINFO [0m:      	        'train_time': '5.5342e+00'},
[92mINFO [0m:      	  54: { 'qtty_records': '10',
[92mINFO [0m:      	        'train_loss': '1.8152e+00',
[92mINFO [0m:      	        'train_time': '6.0628e+00'},
[92mINFO [0m:      	  55: { 'qtty_records': '9',
[92mINFO [0m:      	        'train_loss': '1.8101e+00',
[92mINFO [0m:      	        'train_time': '5.5503e+00'},
[92mINFO [0m:      	  56: { 'qtty_records': '10',
[92mINFO [0m:      	        'train_loss': '1.8082e+00',
[92mINFO [0m:      	        'train_time': '6.0533e+00'},
[92mINFO [0m:      	  57: { 'qtty_records': '9',
[92mINFO [0m:      	        'train_loss': '1.8122e+00',
[92mINFO [0m:      	        'train_time': '5.4936e+00'},
[92mINFO [0m:      	  58: { 'qtty_records': '10',
[92mINFO [0m:      	        'train_loss': '1.8082e+00',
[92mINFO [0m:      	        'train_time': '5.9616e+00'},
[92mINFO [0m:      	  59: { 'qtty_records': '9',
[92mINFO [0m:      	        'train_loss': '1.8262e+00',
[92mINFO [0m:      	        'train_time': '5.3526e+00'},
[92mINFO [0m:      	  60: { 'qtty_records': '9',
[92mINFO [0m:      	        'train_loss': '1.8370e+00',
[92mINFO [0m:      	        'train_time': '6.1620e+00'},
[92mINFO [0m:      	  61: { 'qtty_records': '9',
[92mINFO [0m:      	        'train_loss': '1.8297e+00',
[92mINFO [0m:      	        'train_time': '5.4067e+00'},
[92mINFO [0m:      	  62: { 'qtty_records': '10',
[92mINFO [0m:      	        'train_loss': '1.8240e+00',
[92mINFO [0m:      	        'train_time': '5.8467e+00'},
[92mINFO [0m:      	  63: { 'qtty_records': '9',
[92mINFO [0m:      	        'train_loss': '1.8116e+00',
[92mINFO [0m:      	        'train_time': '5.4299e+00'},
[92mINFO [0m:      	  64: { 'qtty_records': '10',
[92mINFO [0m:      	        'train_loss': '1.8090e+00',
[92mINFO [0m:      	        'train_time': '5.9710e+00'},
[92mINFO [0m:      	  65: { 'qtty_records': '9',
[92mINFO [0m:      	        'train_loss': '1.8279e+00',
[92mINFO [0m:      	        'train_time': '5.4637e+00'},
[92mINFO [0m:      	  66: { 'qtty_records': '10',
[92mINFO [0m:      	        'train_loss': '1.8322e+00',
[92mINFO [0m:      	        'train_time': '5.9641e+00'},
[92mINFO [0m:      	  67: { 'qtty_records': '9',
[92mINFO [0m:      	        'train_loss': '1.8361e+00',
[92mINFO [0m:      	        'train_time': '5.5838e+00'},
[92mINFO [0m:      	  68: { 'qtty_records': '10',
[92mINFO [0m:      	        'train_loss': '1.8538e+00',
[92mINFO [0m:      	        'train_time': '5.9859e+00'},
[92mINFO [0m:      	  69: { 'qtty_records': '9',
[92mINFO [0m:      	        'train_loss': '1.8174e+00',
[92mINFO [0m:      	        'train_time': '5.5753e+00'},
[92mINFO [0m:      	  70: { 'qtty_records': '10',
[92mINFO [0m:      	        'train_loss': '1.8426e+00',
[92mINFO [0m:      	        'train_time': '6.0214e+00'},
[92mINFO [0m:      	  71: { 'qtty_records': '9',
[92mINFO [0m:      	        'train_loss': '1.8243e+00',
[92mINFO [0m:      	        'train_time': '5.4986e+00'},
[92mINFO [0m:      	  72: { 'qtty_records': '10',
[92mINFO [0m:      	        'train_loss': '1.8263e+00',
[92mINFO [0m:      	        'train_time': '6.0561e+00'},
[92mINFO [0m:      	  73: { 'qtty_records': '9',
[92mINFO [0m:      	        'train_loss': '1.8319e+00',
[92mINFO [0m:      	        'train_time': '5.5874e+00'},
[92mINFO [0m:      	  74: { 'qtty_records': '10',
[92mINFO [0m:      	        'train_loss': '1.8360e+00',
[92mINFO [0m:      	        'train_time': '6.0503e+00'},
[92mINFO [0m:      	  75: { 'qtty_records': '9',
[92mINFO [0m:      	        'train_loss': '1.8268e+00',
[92mINFO [0m:      	        'train_time': '5.5282e+00'},
[92mINFO [0m:      	  76: { 'qtty_records': '10',
[92mINFO [0m:      	        'train_loss': '1.8428e+00',
[92mINFO [0m:      	        'train_time': '6.0401e+00'},
[92mINFO [0m:      	  77: { 'qtty_records': '9',
[92mINFO [0m:      	        'train_loss': '1.8247e+00',
[92mINFO [0m:      	        'train_time': '5.5341e+00'},
[92mINFO [0m:      	  78: { 'qtty_records': '10',
[92mINFO [0m:      	        'train_loss': '1.8264e+00',
[92mINFO [0m:      	        'train_time': '6.0086e+00'},
[92mINFO [0m:      	  79: { 'qtty_records': '9',
[92mINFO [0m:      	        'train_loss': '1.8133e+00',
[92mINFO [0m:      	        'train_time': '5.5197e+00'},
[92mINFO [0m:      	  80: { 'qtty_records': '10',
[92mINFO [0m:      	        'train_loss': '1.8340e+00',
[92mINFO [0m:      	        'train_time': '6.0714e+00'},
[92mINFO [0m:      	  81: { 'qtty_records': '9',
[92mINFO [0m:      	        'train_loss': '1.8142e+00',
[92mINFO [0m:      	        'train_time': '5.5260e+00'},
[92mINFO [0m:      	  82: { 'qtty_records': '10',
[92mINFO [0m:      	        'train_loss': '1.8645e+00',
[92mINFO [0m:      	        'train_time': '6.0251e+00'},
[92mINFO [0m:      	  83: { 'qtty_records': '9',
[92mINFO [0m:      	        'train_loss': '1.8041e+00',
[92mINFO [0m:      	        'train_time': '5.5063e+00'},
[92mINFO [0m:      	  84: { 'qtty_records': '10',
[92mINFO [0m:      	        'train_loss': '1.8141e+00',
[92mINFO [0m:      	        'train_time': '6.0880e+00'},
[92mINFO [0m:      	  85: { 'qtty_records': '9',
[92mINFO [0m:      	        'train_loss': '1.7777e+00',
[92mINFO [0m:      	        'train_time': '5.5183e+00'},
[92mINFO [0m:      	  86: { 'qtty_records': '10',
[92mINFO [0m:      	        'train_loss': '1.8186e+00',
[92mINFO [0m:      	        'train_time': '6.0189e+00'},
[92mINFO [0m:      	  87: { 'qtty_records': '9',
[92mINFO [0m:      	        'train_loss': '1.8269e+00',
[92mINFO [0m:      	        'train_time': '5.5181e+00'},
[92mINFO [0m:      	  88: { 'qtty_records': '10',
[92mINFO [0m:      	        'train_loss': '1.8254e+00',
[92mINFO [0m:      	        'train_time': '6.0497e+00'},
[92mINFO [0m:      	  89: { 'qtty_records': '9',
[92mINFO [0m:      	        'train_loss': '1.8186e+00',
[92mINFO [0m:      	        'train_time': '5.5432e+00'},
[92mINFO [0m:      	  90: { 'qtty_records': '10',
[92mINFO [0m:      	        'train_loss': '1.8280e+00',
[92mINFO [0m:      	        'train_time': '6.0796e+00'},
[92mINFO [0m:      	  91: { 'qtty_records': '9',
[92mINFO [0m:      	        'train_loss': '1.8065e+00',
[92mINFO [0m:      	        'train_time': '5.4994e+00'},
[92mINFO [0m:      	  92: { 'qtty_records': '10',
[92mINFO [0m:      	        'train_loss': '1.8282e+00',
[92mINFO [0m:      	        'train_time': '6.0192e+00'},
[92mINFO [0m:      	  93: { 'qtty_records': '9',
[92mINFO [0m:      	        'train_loss': '1.8175e+00',
[92mINFO [0m:      	        'train_time': '5.5338e+00'},
[92mINFO [0m:      	  94: { 'qtty_records': '10',
[92mINFO [0m:      	        'train_loss': '1.8090e+00',
[92mINFO [0m:      	        'train_time': '6.0554e+00'},
[92mINFO [0m:      	  95: { 'qtty_records': '9',
[92mINFO [0m:      	        'train_loss': '1.8183e+00',
[92mINFO [0m:      	        'train_time': '5.5404e+00'},
[92mINFO [0m:      	  96: { 'qtty_records': '10',
[92mINFO [0m:      	        'train_loss': '1.8326e+00',
[92mINFO [0m:      	        'train_time': '6.0487e+00'},
[92mINFO [0m:      	  97: { 'qtty_records': '9',
[92mINFO [0m:      	        'train_loss': '1.7995e+00',
[92mINFO [0m:      	        'train_time': '5.5584e+00'},
[92mINFO [0m:      	  98: { 'qtty_records': '10',
[92mINFO [0m:      	        'train_loss': '1.8097e+00',
[92mINFO [0m:      	        'train_time': '6.1261e+00'},
[92mINFO [0m:      	  99: { 'qtty_records': '9',
[92mINFO [0m:      	        'train_loss': '1.8423e+00',
[92mINFO [0m:      	        'train_time': '5.5256e+00'},
[92mINFO [0m:      	  100: { 'qtty_records': '10',
[92mINFO [0m:      	         'train_loss': '1.8293e+00',
[92mINFO [0m:      	         'train_time': '6.0643e+00'}}
[92mINFO [0m:      	
[92mINFO [0m:      	Aggregated ClientApp-side Evaluate Metrics:
[92mINFO [0m:      	{ 1: { 'eval_acc': '9.9200e-02',
[92mINFO [0m:      	       'eval_loss': '2.3280e+00',
[92mINFO [0m:      	       'time': '4.2649e+01'},
[92mINFO [0m:      	  2: { 'eval_acc': '1.5360e-01',
[92mINFO [0m:      	       'eval_loss': '2.2336e+00',
[92mINFO [0m:      	       'time': '4.9785e+01'},
[92mINFO [0m:      	  3: { 'eval_acc': '1.7010e-01',
[92mINFO [0m:      	       'eval_loss': '2.1496e+00',
[92mINFO [0m:      	       'time': '5.6818e+01'},
[92mINFO [0m:      	  4: { 'eval_acc': '1.6910e-01',
[92mINFO [0m:      	       'eval_loss': '2.1835e+00',
[92mINFO [0m:      	       'time': '6.3957e+01'},
[92mINFO [0m:      	  5: { 'eval_acc': '2.0600e-01',
[92mINFO [0m:      	       'eval_loss': '2.1065e+00',
[92mINFO [0m:      	       'time': '7.1090e+01'},
[92mINFO [0m:      	  6: { 'eval_acc': '2.2320e-01',
[92mINFO [0m:      	       'eval_loss': '2.1125e+00',
[92mINFO [0m:      	       'time': '7.8123e+01'},
[92mINFO [0m:      	  7: { 'eval_acc': '2.3850e-01',
[92mINFO [0m:      	       'eval_loss': '2.0613e+00',
[92mINFO [0m:      	       'time': '8.5257e+01'},
[92mINFO [0m:      	  8: { 'eval_acc': '2.5460e-01',
[92mINFO [0m:      	       'eval_loss': '2.0222e+00',
[92mINFO [0m:      	       'time': '9.2293e+01'},
[92mINFO [0m:      	  9: { 'eval_acc': '2.7950e-01',
[92mINFO [0m:      	       'eval_loss': '1.9914e+00',
[92mINFO [0m:      	       'time': '9.9855e+01'},
[92mINFO [0m:      	  10: { 'eval_acc': '2.8050e-01',
[92mINFO [0m:      	        'eval_loss': '2.0153e+00',
[92mINFO [0m:      	        'time': '1.0699e+02'},
[92mINFO [0m:      	  11: { 'eval_acc': '2.7180e-01',
[92mINFO [0m:      	        'eval_loss': '2.0383e+00',
[92mINFO [0m:      	        'time': '1.1413e+02'},
[92mINFO [0m:      	  12: { 'eval_acc': '2.7110e-01',
[92mINFO [0m:      	        'eval_loss': '2.0279e+00',
[92mINFO [0m:      	        'time': '1.2127e+02'},
[92mINFO [0m:      	  13: { 'eval_acc': '2.9670e-01',
[92mINFO [0m:      	        'eval_loss': '1.9718e+00',
[92mINFO [0m:      	        'time': '1.2830e+02'},
[92mINFO [0m:      	  14: { 'eval_acc': '2.7300e-01',
[92mINFO [0m:      	        'eval_loss': '2.0019e+00',
[92mINFO [0m:      	        'time': '1.3544e+02'},
[92mINFO [0m:      	  15: { 'eval_acc': '2.9340e-01',
[92mINFO [0m:      	        'eval_loss': '1.9434e+00',
[92mINFO [0m:      	        'time': '1.4247e+02'},
[92mINFO [0m:      	  16: { 'eval_acc': '3.1770e-01',
[92mINFO [0m:      	        'eval_loss': '1.9061e+00',
[92mINFO [0m:      	        'time': '1.4961e+02'},
[92mINFO [0m:      	  17: { 'eval_acc': '3.0580e-01',
[92mINFO [0m:      	        'eval_loss': '1.9480e+00',
[92mINFO [0m:      	        'time': '1.5674e+02'},
[92mINFO [0m:      	  18: { 'eval_acc': '3.1730e-01',
[92mINFO [0m:      	        'eval_loss': '1.9176e+00',
[92mINFO [0m:      	        'time': '1.6408e+02'},
[92mINFO [0m:      	  19: { 'eval_acc': '3.0320e-01',
[92mINFO [0m:      	        'eval_loss': '1.9218e+00',
[92mINFO [0m:      	        'time': '1.7121e+02'},
[92mINFO [0m:      	  20: { 'eval_acc': '3.1450e-01',
[92mINFO [0m:      	        'eval_loss': '1.9517e+00',
[92mINFO [0m:      	        'time': '1.7845e+02'},
[92mINFO [0m:      	  21: { 'eval_acc': '3.2410e-01',
[92mINFO [0m:      	        'eval_loss': '1.9401e+00',
[92mINFO [0m:      	        'time': '1.8568e+02'},
[92mINFO [0m:      	  22: { 'eval_acc': '3.2040e-01',
[92mINFO [0m:      	        'eval_loss': '1.9118e+00',
[92mINFO [0m:      	        'time': '1.9301e+02'},
[92mINFO [0m:      	  23: { 'eval_acc': '3.3070e-01',
[92mINFO [0m:      	        'eval_loss': '1.8970e+00',
[92mINFO [0m:      	        'time': '2.0005e+02'},
[92mINFO [0m:      	  24: { 'eval_acc': '3.3040e-01',
[92mINFO [0m:      	        'eval_loss': '1.9006e+00',
[92mINFO [0m:      	        'time': '2.0728e+02'},
[92mINFO [0m:      	  25: { 'eval_acc': '3.3020e-01',
[92mINFO [0m:      	        'eval_loss': '1.9298e+00',
[92mINFO [0m:      	        'time': '2.1454e+02'},
[92mINFO [0m:      	  26: { 'eval_acc': '3.3210e-01',
[92mINFO [0m:      	        'eval_loss': '1.8806e+00',
[92mINFO [0m:      	        'time': '2.2181e+02'},
[92mINFO [0m:      	  27: { 'eval_acc': '3.4090e-01',
[92mINFO [0m:      	        'eval_loss': '1.8545e+00',
[92mINFO [0m:      	        'time': '2.2884e+02'},
[92mINFO [0m:      	  28: { 'eval_acc': '3.1310e-01',
[92mINFO [0m:      	        'eval_loss': '1.9355e+00',
[92mINFO [0m:      	        'time': '2.3598e+02'},
[92mINFO [0m:      	  29: { 'eval_acc': '3.3760e-01',
[92mINFO [0m:      	        'eval_loss': '1.9122e+00',
[92mINFO [0m:      	        'time': '2.4301e+02'},
[92mINFO [0m:      	  30: { 'eval_acc': '3.4490e-01',
[92mINFO [0m:      	        'eval_loss': '1.8665e+00',
[92mINFO [0m:      	        'time': '2.5015e+02'},
[92mINFO [0m:      	  31: { 'eval_acc': '3.4410e-01',
[92mINFO [0m:      	        'eval_loss': '1.8500e+00',
[92mINFO [0m:      	        'time': '2.5728e+02'},
[92mINFO [0m:      	  32: { 'eval_acc': '3.4640e-01',
[92mINFO [0m:      	        'eval_loss': '1.8753e+00',
[92mINFO [0m:      	        'time': '2.6432e+02'},
[92mINFO [0m:      	  33: { 'eval_acc': '3.5890e-01',
[92mINFO [0m:      	        'eval_loss': '1.8523e+00',
[92mINFO [0m:      	        'time': '2.7145e+02'},
[92mINFO [0m:      	  34: { 'eval_acc': '3.5140e-01',
[92mINFO [0m:      	        'eval_loss': '1.8540e+00',
[92mINFO [0m:      	        'time': '2.7858e+02'},
[92mINFO [0m:      	  35: { 'eval_acc': '3.4500e-01',
[92mINFO [0m:      	        'eval_loss': '1.9140e+00',
[92mINFO [0m:      	        'time': '2.8572e+02'},
[92mINFO [0m:      	  36: { 'eval_acc': '3.4230e-01',
[92mINFO [0m:      	        'eval_loss': '1.8897e+00',
[92mINFO [0m:      	        'time': '2.9275e+02'},
[92mINFO [0m:      	  37: { 'eval_acc': '3.5850e-01',
[92mINFO [0m:      	        'eval_loss': '1.8414e+00',
[92mINFO [0m:      	        'time': '2.9989e+02'},
[92mINFO [0m:      	  38: { 'eval_acc': '3.5610e-01',
[92mINFO [0m:      	        'eval_loss': '1.8859e+00',
[92mINFO [0m:      	        'time': '3.0692e+02'},
[92mINFO [0m:      	  39: { 'eval_acc': '3.5040e-01',
[92mINFO [0m:      	        'eval_loss': '1.8197e+00',
[92mINFO [0m:      	        'time': '3.1396e+02'},
[92mINFO [0m:      	  40: { 'eval_acc': '3.6720e-01',
[92mINFO [0m:      	        'eval_loss': '1.7999e+00',
[92mINFO [0m:      	        'time': '3.2109e+02'},
[92mINFO [0m:      	  41: { 'eval_acc': '3.4260e-01',
[92mINFO [0m:      	        'eval_loss': '1.8907e+00',
[92mINFO [0m:      	        'time': '3.2813e+02'},
[92mINFO [0m:      	  42: { 'eval_acc': '3.8030e-01',
[92mINFO [0m:      	        'eval_loss': '1.8044e+00',
[92mINFO [0m:      	        'time': '3.3536e+02'},
[92mINFO [0m:      	  43: { 'eval_acc': '3.5430e-01',
[92mINFO [0m:      	        'eval_loss': '1.8846e+00',
[92mINFO [0m:      	        'time': '3.4250e+02'},
[92mINFO [0m:      	  44: { 'eval_acc': '3.5940e-01',
[92mINFO [0m:      	        'eval_loss': '1.8382e+00',
[92mINFO [0m:      	        'time': '3.4963e+02'},
[92mINFO [0m:      	  45: { 'eval_acc': '3.5540e-01',
[92mINFO [0m:      	        'eval_loss': '1.8729e+00',
[92mINFO [0m:      	        'time': '3.5666e+02'},
[92mINFO [0m:      	  46: { 'eval_acc': '3.2890e-01',
[92mINFO [0m:      	        'eval_loss': '1.8666e+00',
[92mINFO [0m:      	        'time': '3.6370e+02'},
[92mINFO [0m:      	  47: { 'eval_acc': '3.7060e-01',
[92mINFO [0m:      	        'eval_loss': '1.8181e+00',
[92mINFO [0m:      	        'time': '3.7083e+02'},
[92mINFO [0m:      	  48: { 'eval_acc': '3.5360e-01',
[92mINFO [0m:      	        'eval_loss': '1.8379e+00',
[92mINFO [0m:      	        'time': '3.7787e+02'},
[92mINFO [0m:      	  49: { 'eval_acc': '3.6740e-01',
[92mINFO [0m:      	        'eval_loss': '1.8383e+00',
[92mINFO [0m:      	        'time': '3.8500e+02'},
[92mINFO [0m:      	  50: { 'eval_acc': '3.5080e-01',
[92mINFO [0m:      	        'eval_loss': '1.8633e+00',
[92mINFO [0m:      	        'time': '3.9204e+02'},
[92mINFO [0m:      	  51: { 'eval_acc': '3.6960e-01',
[92mINFO [0m:      	        'eval_loss': '1.8132e+00',
[92mINFO [0m:      	        'time': '3.9928e+02'},
[92mINFO [0m:      	  52: { 'eval_acc': '3.5810e-01',
[92mINFO [0m:      	        'eval_loss': '1.8686e+00',
[92mINFO [0m:      	        'time': '4.0641e+02'},
[92mINFO [0m:      	  53: { 'eval_acc': '3.7600e-01',
[92mINFO [0m:      	        'eval_loss': '1.8157e+00',
[92mINFO [0m:      	        'time': '4.1344e+02'},
[92mINFO [0m:      	  54: { 'eval_acc': '3.6600e-01',
[92mINFO [0m:      	        'eval_loss': '1.8341e+00',
[92mINFO [0m:      	        'time': '4.2068e+02'},
[92mINFO [0m:      	  55: { 'eval_acc': '3.7970e-01',
[92mINFO [0m:      	        'eval_loss': '1.7809e+00',
[92mINFO [0m:      	        'time': '4.2771e+02'},
[92mINFO [0m:      	  56: { 'eval_acc': '3.5830e-01',
[92mINFO [0m:      	        'eval_loss': '1.8565e+00',
[92mINFO [0m:      	        'time': '4.3485e+02'},
[92mINFO [0m:      	  57: { 'eval_acc': '3.6580e-01',
[92mINFO [0m:      	        'eval_loss': '1.8360e+00',
[92mINFO [0m:      	        'time': '4.4208e+02'},
[92mINFO [0m:      	  58: { 'eval_acc': '3.8300e-01',
[92mINFO [0m:      	        'eval_loss': '1.7945e+00',
[92mINFO [0m:      	        'time': '4.4935e+02'},
[92mINFO [0m:      	  59: { 'eval_acc': '3.5020e-01',
[92mINFO [0m:      	        'eval_loss': '1.8689e+00',
[92mINFO [0m:      	        'time': '4.5648e+02'},
[92mINFO [0m:      	  60: { 'eval_acc': '3.6420e-01',
[92mINFO [0m:      	        'eval_loss': '1.8602e+00',
[92mINFO [0m:      	        'time': '4.6363e+02'},
[92mINFO [0m:      	  61: { 'eval_acc': '3.7350e-01',
[92mINFO [0m:      	        'eval_loss': '1.8472e+00',
[92mINFO [0m:      	        'time': '4.7076e+02'},
[92mINFO [0m:      	  62: { 'eval_acc': '3.8350e-01',
[92mINFO [0m:      	        'eval_loss': '1.7963e+00',
[92mINFO [0m:      	        'time': '4.7812e+02'},
[92mINFO [0m:      	  63: { 'eval_acc': '3.4390e-01',
[92mINFO [0m:      	        'eval_loss': '1.8731e+00',
[92mINFO [0m:      	        'time': '4.8526e+02'},
[92mINFO [0m:      	  64: { 'eval_acc': '3.5500e-01',
[92mINFO [0m:      	        'eval_loss': '1.8538e+00',
[92mINFO [0m:      	        'time': '4.9253e+02'},
[92mINFO [0m:      	  65: { 'eval_acc': '3.4530e-01',
[92mINFO [0m:      	        'eval_loss': '1.8974e+00',
[92mINFO [0m:      	        'time': '4.9956e+02'},
[92mINFO [0m:      	  66: { 'eval_acc': '3.8780e-01',
[92mINFO [0m:      	        'eval_loss': '1.8141e+00',
[92mINFO [0m:      	        'time': '5.0682e+02'},
[92mINFO [0m:      	  67: { 'eval_acc': '3.4770e-01',
[92mINFO [0m:      	        'eval_loss': '1.8966e+00',
[92mINFO [0m:      	        'time': '5.1409e+02'},
[92mINFO [0m:      	  68: { 'eval_acc': '3.7230e-01',
[92mINFO [0m:      	        'eval_loss': '1.8462e+00',
[92mINFO [0m:      	        'time': '5.2122e+02'},
[92mINFO [0m:      	  69: { 'eval_acc': '3.6530e-01',
[92mINFO [0m:      	        'eval_loss': '1.8483e+00',
[92mINFO [0m:      	        'time': '5.2826e+02'},
[92mINFO [0m:      	  70: { 'eval_acc': '3.6370e-01',
[92mINFO [0m:      	        'eval_loss': '1.8582e+00',
[92mINFO [0m:      	        'time': '5.3539e+02'},
[92mINFO [0m:      	  71: { 'eval_acc': '3.6760e-01',
[92mINFO [0m:      	        'eval_loss': '1.8622e+00',
[92mINFO [0m:      	        'time': '5.4243e+02'},
[92mINFO [0m:      	  72: { 'eval_acc': '3.5470e-01',
[92mINFO [0m:      	        'eval_loss': '1.8507e+00',
[92mINFO [0m:      	        'time': '5.4976e+02'},
[92mINFO [0m:      	  73: { 'eval_acc': '3.7120e-01',
[92mINFO [0m:      	        'eval_loss': '1.8180e+00',
[92mINFO [0m:      	        'time': '5.5689e+02'},
[92mINFO [0m:      	  74: { 'eval_acc': '3.1880e-01',
[92mINFO [0m:      	        'eval_loss': '1.9368e+00',
[92mINFO [0m:      	        'time': '5.6403e+02'},
[92mINFO [0m:      	  75: { 'eval_acc': '3.7560e-01',
[92mINFO [0m:      	        'eval_loss': '1.8268e+00',
[92mINFO [0m:      	        'time': '5.7116e+02'},
[92mINFO [0m:      	  76: { 'eval_acc': '3.6580e-01',
[92mINFO [0m:      	        'eval_loss': '1.9052e+00',
[92mINFO [0m:      	        'time': '5.7849e+02'},
[92mINFO [0m:      	  77: { 'eval_acc': '3.9140e-01',
[92mINFO [0m:      	        'eval_loss': '1.8176e+00',
[92mINFO [0m:      	        'time': '5.8563e+02'},
[92mINFO [0m:      	  78: { 'eval_acc': '3.7390e-01',
[92mINFO [0m:      	        'eval_loss': '1.8392e+00',
[92mINFO [0m:      	        'time': '5.9266e+02'},
[92mINFO [0m:      	  79: { 'eval_acc': '3.7130e-01',
[92mINFO [0m:      	        'eval_loss': '1.8338e+00',
[92mINFO [0m:      	        'time': '5.9969e+02'},
[92mINFO [0m:      	  80: { 'eval_acc': '3.5900e-01',
[92mINFO [0m:      	        'eval_loss': '1.9024e+00',
[92mINFO [0m:      	        'time': '6.0683e+02'},
[92mINFO [0m:      	  81: { 'eval_acc': '3.6780e-01',
[92mINFO [0m:      	        'eval_loss': '1.8384e+00',
[92mINFO [0m:      	        'time': '6.1386e+02'},
[92mINFO [0m:      	  82: { 'eval_acc': '3.6380e-01',
[92mINFO [0m:      	        'eval_loss': '1.8804e+00',
[92mINFO [0m:      	        'time': '6.2099e+02'},
[92mINFO [0m:      	  83: { 'eval_acc': '3.6720e-01',
[92mINFO [0m:      	        'eval_loss': '1.8322e+00',
[92mINFO [0m:      	        'time': '6.2813e+02'},
[92mINFO [0m:      	  84: { 'eval_acc': '3.8340e-01',
[92mINFO [0m:      	        'eval_loss': '1.8126e+00',
[92mINFO [0m:      	        'time': '6.3526e+02'},
[92mINFO [0m:      	  85: { 'eval_acc': '3.7020e-01',
[92mINFO [0m:      	        'eval_loss': '1.8508e+00',
[92mINFO [0m:      	        'time': '6.4240e+02'},
[92mINFO [0m:      	  86: { 'eval_acc': '3.5740e-01',
[92mINFO [0m:      	        'eval_loss': '1.8703e+00',
[92mINFO [0m:      	        'time': '6.4943e+02'},
[92mINFO [0m:      	  87: { 'eval_acc': '3.6000e-01',
[92mINFO [0m:      	        'eval_loss': '1.8413e+00',
[92mINFO [0m:      	        'time': '6.5667e+02'},
[92mINFO [0m:      	  88: { 'eval_acc': '3.8480e-01',
[92mINFO [0m:      	        'eval_loss': '1.7997e+00',
[92mINFO [0m:      	        'time': '6.6370e+02'},
[92mINFO [0m:      	  89: { 'eval_acc': '3.5480e-01',
[92mINFO [0m:      	        'eval_loss': '1.8921e+00',
[92mINFO [0m:      	        'time': '6.7084e+02'},
[92mINFO [0m:      	  90: { 'eval_acc': '3.8340e-01',
[92mINFO [0m:      	        'eval_loss': '1.8252e+00',
[92mINFO [0m:      	        'time': '6.7787e+02'},
[92mINFO [0m:      	  91: { 'eval_acc': '3.7570e-01',
[92mINFO [0m:      	        'eval_loss': '1.8176e+00',
[92mINFO [0m:      	        'time': '6.8501e+02'},
[92mINFO [0m:      	  92: { 'eval_acc': '3.6230e-01',
[92mINFO [0m:      	        'eval_loss': '1.8922e+00',
[92mINFO [0m:      	        'time': '6.9204e+02'},
[92mINFO [0m:      	  93: { 'eval_acc': '3.8210e-01',
[92mINFO [0m:      	        'eval_loss': '1.8101e+00',
[92mINFO [0m:      	        'time': '6.9907e+02'},
[92mINFO [0m:      	  94: { 'eval_acc': '3.8650e-01',
[92mINFO [0m:      	        'eval_loss': '1.8030e+00',
[92mINFO [0m:      	        'time': '7.0631e+02'},
[92mINFO [0m:      	  95: { 'eval_acc': '3.4780e-01',
[92mINFO [0m:      	        'eval_loss': '1.8741e+00',
[92mINFO [0m:      	        'time': '7.1334e+02'},
[92mINFO [0m:      	  96: { 'eval_acc': '3.7050e-01',
[92mINFO [0m:      	        'eval_loss': '1.8693e+00',
[92mINFO [0m:      	        'time': '7.2048e+02'},
[92mINFO [0m:      	  97: { 'eval_acc': '3.8840e-01',
[92mINFO [0m:      	        'eval_loss': '1.7941e+00',
[92mINFO [0m:      	        'time': '7.2751e+02'},
[92mINFO [0m:      	  98: { 'eval_acc': '3.6250e-01',
[92mINFO [0m:      	        'eval_loss': '1.8574e+00',
[92mINFO [0m:      	        'time': '7.3465e+02'},
[92mINFO [0m:      	  99: { 'eval_acc': '3.7270e-01',
[92mINFO [0m:      	        'eval_loss': '1.8598e+00',
[92mINFO [0m:      	        'time': '7.4179e+02'},
[92mINFO [0m:      	  100: { 'eval_acc': '3.8030e-01',
[92mINFO [0m:      	         'eval_loss': '1.8394e+00',
[92mINFO [0m:      	         'time': '7.4882e+02'}}
[92mINFO [0m:      	
[92mINFO [0m:      	ServerApp-side Evaluate Metrics:
[92mINFO [0m:      	{}
[92mINFO [0m:      
[92mINFO [0m:      CSV saved: results/cifar10/7/FedSaSync_fs1_m9.csv
[36m(ClientAppActor pid=1567989)[0m [93mWARNING [0m:   Manually terminating ClientAppActor
[36m(ClientAppActor pid=1567992)[0m [2026-05-20 02:55:27,434 E 1567992 1568908] core_worker_process.cc:825: Failed to establish connection to the metrics exporter agent. Metrics will not be exported. Exporter agent status: RpcError: Running out of retries to initialize the metrics agent. rpc_code: 14[32m [repeated 15x across cluster][0m
[36m(ClientAppActor pid=1567992)[0m [93mWARNING [0m:   Manually terminating ClientAppActor[32m [repeated 15x across cluster][0m
[92mINFO [0m:      
