fs=1 m=10 i=5
Starting local SuperLink on 127.0.0.1:39093...
⚠️ Warning: `options.` fields in the SuperLink connection configuration are deprecated. Use `--federation-config` with `flwr run` instead. Alternatively, permanently set your simulation configuration via `flwr federation simulation-config`.
🎊 Successfully started run 10281749171756160334
[92mINFO [0m:      Starting Flower Simulation
Successfully installed fedsasync to /tmp/Victor-Hidalgo-1436506-94-0/.flwr/apps/flwrlabs.fedsasync.1.0.0.f4a93b94.
[92mINFO [0m:      Starting FedSaSync strategy:
[92mINFO [0m:      	├── Number of rounds: 100
[92mINFO [0m:      	├── ArrayRecord (0.24 MB)
[92mINFO [0m:      	├── ConfigRecord (train): (empty!)
[92mINFO [0m:      	├── ConfigRecord (evaluate): (empty!)
[92mINFO [0m:      	├──> Sampling:
[92mINFO [0m:      	│	├──Fraction: train (1.00) | evaluate ( 1.00)
[92mINFO [0m:      	│	├──Minimum nodes: train (2) | evaluate (2)
[92mINFO [0m:      	│	└──Minimum available nodes: 2
[92mINFO [0m:      	└──> Keys in records:
[92mINFO [0m:      		├── Weighted by: 'num-examples'
[92mINFO [0m:      		├── ArrayRecord key: 'arrays'
[92mINFO [0m:      		└── ConfigRecord key: 'config'
[92mINFO [0m:      
[92mINFO [0m:      
[92mINFO [0m:      [ROUND 1/100]
[92mINFO [0m:      configure_train: Sampled 10 nodes (out of 10)
/home/Victor.Hidalgo/.pyenv/versions/3.12.12/envs/fedsasync/lib/python3.12/site-packages/ray/_private/worker.py:2051: FutureWarning: Tip: In future versions of Ray, Ray will no longer override accelerator visible devices env var if num_gpus=0 or num_gpus=None (default). To enable this behavior and turn off this error message, set RAY_ACCEL_ENV_VAR_OVERRIDE_ON_ZERO=0
  warnings.warn(
[36m(ClientAppActor pid=1998651)[0m Warning: You are sending unauthenticated requests to the HF Hub. Please set a HF_TOKEN to enable higher rate limits and faster downloads.
[92mINFO [0m:      aggregate_train: Received 10 results and 0 failures
[92mINFO [0m:      	└──> Aggregated MetricRecord: {'train_loss': 2.207235933017731, 'train_time': 7.791785849444568, 'qtty_records': 10}
[92mINFO [0m:      configure_evaluate: Sampled 10 nodes (out of 10)
[92mINFO [0m:      aggregate_evaluate: Received 10 results and 0 failures
[92mINFO [0m:      	└──> Aggregated MetricRecord: {'eval_loss': 2.393260461091995, 'eval_acc': 0.0942, 'time': 37.17000365257263}
[92mINFO [0m:      
[92mINFO [0m:      [ROUND 2/100]
[92mINFO [0m:      configure_train: Sampled 10 nodes (out of 10)
[36m(pid=gcs_server)[0m [2026-05-20 03:00:18,137 E 1997352 1997352] (gcs_server) gcs_server.cc:302: Failed to establish connection to the event+metrics exporter agent. Events and metrics will not be exported. Exporter agent status: RpcError: Running out of retries to initialize the metrics agent. rpc_code: 14
[36m(ClientAppActor pid=1998673)[0m Warning: You are sending unauthenticated requests to the HF Hub. Please set a HF_TOKEN to enable higher rate limits and faster downloads.[32m [repeated 9x across cluster] (Ray deduplicates logs by default. Set RAY_DEDUP_LOGS=0 to disable log deduplication, or see https://docs.ray.io/en/master/ray-observability/user-guides/configure-logging.html#log-deduplication for more options.)[0m
[33m(raylet)[0m [2026-05-20 03:00:20,301 E 1997628 1997628] (raylet) main.cc:975: Failed to establish connection to the metrics exporter agent. Metrics will not be exported. Exporter agent status: RpcError: Running out of retries to initialize the metrics agent. rpc_code: 14
[36m(ClientAppActor pid=1998670)[0m [2026-05-20 03:00:24,203 E 1998670 1998835] core_worker_process.cc:825: Failed to establish connection to the metrics exporter agent. Metrics will not be exported. Exporter agent status: RpcError: Running out of retries to initialize the metrics agent. rpc_code: 14
[92mINFO [0m:      aggregate_train: Received 10 results and 0 failures
[92mINFO [0m:      	└──> Aggregated MetricRecord: {'train_loss': 2.1513758340835576, 'train_time': 5.958565970882773, 'qtty_records': 10}
[92mINFO [0m:      configure_evaluate: Sampled 10 nodes (out of 10)
[92mINFO [0m:      aggregate_evaluate: Received 10 results and 0 failures
[92mINFO [0m:      	└──> Aggregated MetricRecord: {'eval_loss': 2.265968624502421, 'eval_acc': 0.12090000000000001, 'time': 50.34415817260742}
[92mINFO [0m:      
[92mINFO [0m:      [ROUND 3/100]
[92mINFO [0m:      configure_train: Sampled 10 nodes (out of 10)
[92mINFO [0m:      aggregate_train: Received 10 results and 0 failures
[92mINFO [0m:      	└──> Aggregated MetricRecord: {'train_loss': 2.09407507724762, 'train_time': 5.943947103619576, 'qtty_records': 10}
[92mINFO [0m:      configure_evaluate: Sampled 10 nodes (out of 10)
[92mINFO [0m:      aggregate_evaluate: Received 10 results and 0 failures
[92mINFO [0m:      	└──> Aggregated MetricRecord: {'eval_loss': 2.213692457228899, 'eval_acc': 0.1409, 'time': 63.84999489784241}
[92mINFO [0m:      
[92mINFO [0m:      [ROUND 4/100]
[92mINFO [0m:      configure_train: Sampled 10 nodes (out of 10)
[92mINFO [0m:      aggregate_train: Received 10 results and 0 failures
[92mINFO [0m:      	└──> Aggregated MetricRecord: {'train_loss': 2.0711055952072144, 'train_time': 5.940708844922483, 'qtty_records': 10}
[92mINFO [0m:      configure_evaluate: Sampled 10 nodes (out of 10)
[92mINFO [0m:      aggregate_evaluate: Received 10 results and 0 failures
[92mINFO [0m:      	└──> Aggregated MetricRecord: {'eval_loss': 2.1702350761741402, 'eval_acc': 0.16210000000000002, 'time': 77.01280975341797}
[92mINFO [0m:      
[92mINFO [0m:      [ROUND 5/100]
[92mINFO [0m:      configure_train: Sampled 10 nodes (out of 10)
[92mINFO [0m:      aggregate_train: Received 10 results and 0 failures
[92mINFO [0m:      	└──> Aggregated MetricRecord: {'train_loss': 2.0312021211624147, 'train_time': 5.937657330557704, 'qtty_records': 10}
[92mINFO [0m:      configure_evaluate: Sampled 10 nodes (out of 10)
[92mINFO [0m:      aggregate_evaluate: Received 10 results and 0 failures
[92mINFO [0m:      	└──> Aggregated MetricRecord: {'eval_loss': 2.0755635116249325, 'eval_acc': 0.20180000000000003, 'time': 90.07817316055298}
[92mINFO [0m:      
[92mINFO [0m:      [ROUND 6/100]
[92mINFO [0m:      configure_train: Sampled 10 nodes (out of 10)
[92mINFO [0m:      aggregate_train: Received 10 results and 0 failures
[92mINFO [0m:      	└──> Aggregated MetricRecord: {'train_loss': 2.0069073472976684, 'train_time': 5.922320595756173, 'qtty_records': 10}
[92mINFO [0m:      configure_evaluate: Sampled 10 nodes (out of 10)
[92mINFO [0m:      aggregate_evaluate: Received 10 results and 0 failures
[92mINFO [0m:      	└──> Aggregated MetricRecord: {'eval_loss': 2.0495411623269324, 'eval_acc': 0.2487, 'time': 103.24041414260864}
[92mINFO [0m:      
[92mINFO [0m:      [ROUND 7/100]
[92mINFO [0m:      configure_train: Sampled 10 nodes (out of 10)
[92mINFO [0m:      aggregate_train: Received 10 results and 0 failures
[92mINFO [0m:      	└──> Aggregated MetricRecord: {'train_loss': 1.9797605834007264, 'train_time': 5.945254218578339, 'qtty_records': 10}
[92mINFO [0m:      configure_evaluate: Sampled 10 nodes (out of 10)
[92mINFO [0m:      aggregate_evaluate: Received 10 results and 0 failures
[92mINFO [0m:      	└──> Aggregated MetricRecord: {'eval_loss': 2.009473300725222, 'eval_acc': 0.27260000000000006, 'time': 116.40410590171814}
[92mINFO [0m:      
[92mINFO [0m:      [ROUND 8/100]
[92mINFO [0m:      configure_train: Sampled 10 nodes (out of 10)
[92mINFO [0m:      aggregate_train: Received 10 results and 0 failures
[92mINFO [0m:      	└──> Aggregated MetricRecord: {'train_loss': 1.9724404448509216, 'train_time': 5.925092549435794, 'qtty_records': 10}
[92mINFO [0m:      configure_evaluate: Sampled 10 nodes (out of 10)
[92mINFO [0m:      aggregate_evaluate: Received 10 results and 0 failures
[92mINFO [0m:      	└──> Aggregated MetricRecord: {'eval_loss': 2.0247790813446045, 'eval_acc': 0.2621, 'time': 129.57697939872742}
[92mINFO [0m:      
[92mINFO [0m:      [ROUND 9/100]
[92mINFO [0m:      configure_train: Sampled 10 nodes (out of 10)
[92mINFO [0m:      aggregate_train: Received 10 results and 0 failures
[92mINFO [0m:      	└──> Aggregated MetricRecord: {'train_loss': 1.973223870372772, 'train_time': 5.939866860583424, 'qtty_records': 10}
[92mINFO [0m:      configure_evaluate: Sampled 10 nodes (out of 10)
[92mINFO [0m:      aggregate_evaluate: Received 10 results and 0 failures
[92mINFO [0m:      	└──> Aggregated MetricRecord: {'eval_loss': 2.0450747348368172, 'eval_acc': 0.2376, 'time': 142.74040412902832}
[92mINFO [0m:      
[92mINFO [0m:      [ROUND 10/100]
[92mINFO [0m:      configure_train: Sampled 10 nodes (out of 10)
[92mINFO [0m:      aggregate_train: Received 10 results and 0 failures
[92mINFO [0m:      	└──> Aggregated MetricRecord: {'train_loss': 1.9663989542007447, 'train_time': 5.939948728308082, 'qtty_records': 10}
[92mINFO [0m:      configure_evaluate: Sampled 10 nodes (out of 10)
[92mINFO [0m:      aggregate_evaluate: Received 10 results and 0 failures
[92mINFO [0m:      	└──> Aggregated MetricRecord: {'eval_loss': 2.0157240238040686, 'eval_acc': 0.27299999999999996, 'time': 155.918048620224}
[92mINFO [0m:      
[92mINFO [0m:      [ROUND 11/100]
[92mINFO [0m:      configure_train: Sampled 10 nodes (out of 10)
[92mINFO [0m:      aggregate_train: Received 10 results and 0 failures
[92mINFO [0m:      	└──> Aggregated MetricRecord: {'train_loss': 1.954729221725464, 'train_time': 5.93561716619879, 'qtty_records': 10}
[92mINFO [0m:      configure_evaluate: Sampled 10 nodes (out of 10)
[92mINFO [0m:      aggregate_evaluate: Received 10 results and 0 failures
[92mINFO [0m:      	└──> Aggregated MetricRecord: {'eval_loss': 1.9932052791118624, 'eval_acc': 0.29450000000000004, 'time': 169.05520915985107}
[92mINFO [0m:      
[92mINFO [0m:      [ROUND 12/100]
[92mINFO [0m:      configure_train: Sampled 10 nodes (out of 10)
[92mINFO [0m:      aggregate_train: Received 10 results and 0 failures
[92mINFO [0m:      	└──> Aggregated MetricRecord: {'train_loss': 1.9572784673690795, 'train_time': 5.939645089767874, 'qtty_records': 10}
[92mINFO [0m:      configure_evaluate: Sampled 10 nodes (out of 10)
[92mINFO [0m:      aggregate_evaluate: Received 10 results and 0 failures
[92mINFO [0m:      	└──> Aggregated MetricRecord: {'eval_loss': 2.0594422072172165, 'eval_acc': 0.2482, 'time': 182.20062923431396}
[92mINFO [0m:      
[92mINFO [0m:      [ROUND 13/100]
[92mINFO [0m:      configure_train: Sampled 10 nodes (out of 10)
[92mINFO [0m:      aggregate_train: Received 10 results and 0 failures
[92mINFO [0m:      	└──> Aggregated MetricRecord: {'train_loss': 1.9450680968284608, 'train_time': 5.925697799026966, 'qtty_records': 10}
[92mINFO [0m:      configure_evaluate: Sampled 10 nodes (out of 10)
[92mINFO [0m:      aggregate_evaluate: Received 10 results and 0 failures
[92mINFO [0m:      	└──> Aggregated MetricRecord: {'eval_loss': 2.0274857081472875, 'eval_acc': 0.26710000000000006, 'time': 195.36950588226318}
[92mINFO [0m:      
[92mINFO [0m:      [ROUND 14/100]
[92mINFO [0m:      configure_train: Sampled 10 nodes (out of 10)
[92mINFO [0m:      aggregate_train: Received 10 results and 0 failures
[92mINFO [0m:      	└──> Aggregated MetricRecord: {'train_loss': 1.9423323259353638, 'train_time': 5.940188239887357, 'qtty_records': 10}
[92mINFO [0m:      configure_evaluate: Sampled 10 nodes (out of 10)
[92mINFO [0m:      aggregate_evaluate: Received 10 results and 0 failures
[92mINFO [0m:      	└──> Aggregated MetricRecord: {'eval_loss': 2.0333284702152015, 'eval_acc': 0.2679, 'time': 208.53089356422424}
[92mINFO [0m:      
[92mINFO [0m:      [ROUND 15/100]
[92mINFO [0m:      configure_train: Sampled 10 nodes (out of 10)
[92mINFO [0m:      aggregate_train: Received 10 results and 0 failures
[92mINFO [0m:      	└──> Aggregated MetricRecord: {'train_loss': 1.9355617385864259, 'train_time': 5.924964674562216, 'qtty_records': 10}
[92mINFO [0m:      configure_evaluate: Sampled 10 nodes (out of 10)
[92mINFO [0m:      aggregate_evaluate: Received 10 results and 0 failures
[92mINFO [0m:      	└──> Aggregated MetricRecord: {'eval_loss': 1.9956605117768051, 'eval_acc': 0.27010000000000006, 'time': 221.6941351890564}
[92mINFO [0m:      
[92mINFO [0m:      [ROUND 16/100]
[92mINFO [0m:      configure_train: Sampled 10 nodes (out of 10)
[92mINFO [0m:      aggregate_train: Received 10 results and 0 failures
[92mINFO [0m:      	└──> Aggregated MetricRecord: {'train_loss': 1.9365168937683106, 'train_time': 5.923905965872109, 'qtty_records': 10}
[92mINFO [0m:      configure_evaluate: Sampled 10 nodes (out of 10)
[92mINFO [0m:      aggregate_evaluate: Received 10 results and 0 failures
[92mINFO [0m:      	└──> Aggregated MetricRecord: {'eval_loss': 1.9597893059253695, 'eval_acc': 0.29560000000000003, 'time': 234.8561930656433}
[92mINFO [0m:      
[92mINFO [0m:      [ROUND 17/100]
[92mINFO [0m:      configure_train: Sampled 10 nodes (out of 10)
[92mINFO [0m:      aggregate_train: Received 10 results and 0 failures
[92mINFO [0m:      	└──> Aggregated MetricRecord: {'train_loss': 1.9266362614631656, 'train_time': 5.934533911757171, 'qtty_records': 10}
[92mINFO [0m:      configure_evaluate: Sampled 10 nodes (out of 10)
[92mINFO [0m:      aggregate_evaluate: Received 10 results and 0 failures
[92mINFO [0m:      	└──> Aggregated MetricRecord: {'eval_loss': 1.9589579034596682, 'eval_acc': 0.2999, 'time': 247.91859221458435}
[92mINFO [0m:      
[92mINFO [0m:      [ROUND 18/100]
[92mINFO [0m:      configure_train: Sampled 10 nodes (out of 10)
[92mINFO [0m:      aggregate_train: Received 10 results and 0 failures
[92mINFO [0m:      	└──> Aggregated MetricRecord: {'train_loss': 1.9265776923179627, 'train_time': 5.922636653855443, 'qtty_records': 10}
[92mINFO [0m:      configure_evaluate: Sampled 10 nodes (out of 10)
[92mINFO [0m:      aggregate_evaluate: Received 10 results and 0 failures
[92mINFO [0m:      	└──> Aggregated MetricRecord: {'eval_loss': 1.950510981306434, 'eval_acc': 0.2978, 'time': 261.08372497558594}
[92mINFO [0m:      
[92mINFO [0m:      [ROUND 19/100]
[92mINFO [0m:      configure_train: Sampled 10 nodes (out of 10)
[92mINFO [0m:      aggregate_train: Received 10 results and 0 failures
[92mINFO [0m:      	└──> Aggregated MetricRecord: {'train_loss': 1.924804854297638, 'train_time': 5.9423349346965555, 'qtty_records': 10}
[92mINFO [0m:      configure_evaluate: Sampled 10 nodes (out of 10)
[92mINFO [0m:      aggregate_evaluate: Received 10 results and 0 failures
[92mINFO [0m:      	└──> Aggregated MetricRecord: {'eval_loss': 1.98080147318542, 'eval_acc': 0.28650000000000003, 'time': 274.2435851097107}
[92mINFO [0m:      
[92mINFO [0m:      [ROUND 20/100]
[92mINFO [0m:      configure_train: Sampled 10 nodes (out of 10)
[92mINFO [0m:      aggregate_train: Received 10 results and 0 failures
[92mINFO [0m:      	└──> Aggregated MetricRecord: {'train_loss': 1.9198583867073058, 'train_time': 5.926211268641055, 'qtty_records': 10}
[92mINFO [0m:      configure_evaluate: Sampled 10 nodes (out of 10)
[92mINFO [0m:      aggregate_evaluate: Received 10 results and 0 failures
[92mINFO [0m:      	└──> Aggregated MetricRecord: {'eval_loss': 1.980131982266903, 'eval_acc': 0.29610000000000003, 'time': 287.51371002197266}
[92mINFO [0m:      
[92mINFO [0m:      [ROUND 21/100]
[92mINFO [0m:      configure_train: Sampled 10 nodes (out of 10)
[92mINFO [0m:      aggregate_train: Received 10 results and 0 failures
[92mINFO [0m:      	└──> Aggregated MetricRecord: {'train_loss': 1.9226877840995793, 'train_time': 5.940733617730439, 'qtty_records': 10}
[92mINFO [0m:      configure_evaluate: Sampled 10 nodes (out of 10)
[92mINFO [0m:      aggregate_evaluate: Received 10 results and 0 failures
[92mINFO [0m:      	└──> Aggregated MetricRecord: {'eval_loss': 1.9723895225673918, 'eval_acc': 0.2944, 'time': 300.6727821826935}
[92mINFO [0m:      
[92mINFO [0m:      [ROUND 22/100]
[92mINFO [0m:      configure_train: Sampled 10 nodes (out of 10)
[92mINFO [0m:      aggregate_train: Received 10 results and 0 failures
[92mINFO [0m:      	└──> Aggregated MetricRecord: {'train_loss': 1.9131485008239748, 'train_time': 5.92940717805177, 'qtty_records': 10}
[92mINFO [0m:      configure_evaluate: Sampled 10 nodes (out of 10)
[92mINFO [0m:      aggregate_evaluate: Received 10 results and 0 failures
[92mINFO [0m:      	└──> Aggregated MetricRecord: {'eval_loss': 1.9349987812340264, 'eval_acc': 0.3199, 'time': 313.84369349479675}
[92mINFO [0m:      
[92mINFO [0m:      [ROUND 23/100]
[92mINFO [0m:      configure_train: Sampled 10 nodes (out of 10)
[92mINFO [0m:      aggregate_train: Received 10 results and 0 failures
[92mINFO [0m:      	└──> Aggregated MetricRecord: {'train_loss': 1.9183901492118838, 'train_time': 5.924388596601784, 'qtty_records': 10}
[92mINFO [0m:      configure_evaluate: Sampled 10 nodes (out of 10)
[92mINFO [0m:      aggregate_evaluate: Received 10 results and 0 failures
[92mINFO [0m:      	└──> Aggregated MetricRecord: {'eval_loss': 1.9243355590850115, 'eval_acc': 0.31920000000000004, 'time': 327.00459480285645}
[92mINFO [0m:      
[92mINFO [0m:      [ROUND 24/100]
[92mINFO [0m:      configure_train: Sampled 10 nodes (out of 10)
[92mINFO [0m:      aggregate_train: Received 10 results and 0 failures
[92mINFO [0m:      	└──> Aggregated MetricRecord: {'train_loss': 1.9114926777839663, 'train_time': 5.9275481954216955, 'qtty_records': 10}
[92mINFO [0m:      configure_evaluate: Sampled 10 nodes (out of 10)
[92mINFO [0m:      aggregate_evaluate: Received 10 results and 0 failures
[92mINFO [0m:      	└──> Aggregated MetricRecord: {'eval_loss': 1.9412786245346068, 'eval_acc': 0.311, 'time': 340.06930923461914}
[92mINFO [0m:      
[92mINFO [0m:      [ROUND 25/100]
[92mINFO [0m:      configure_train: Sampled 10 nodes (out of 10)
[92mINFO [0m:      aggregate_train: Received 10 results and 0 failures
[92mINFO [0m:      	└──> Aggregated MetricRecord: {'train_loss': 1.914224680900574, 'train_time': 5.913866325467825, 'qtty_records': 10}
[92mINFO [0m:      configure_evaluate: Sampled 10 nodes (out of 10)
[92mINFO [0m:      aggregate_evaluate: Received 10 results and 0 failures
[92mINFO [0m:      	└──> Aggregated MetricRecord: {'eval_loss': 1.9507538378238678, 'eval_acc': 0.3157, 'time': 353.2112944126129}
[92mINFO [0m:      
[92mINFO [0m:      [ROUND 26/100]
[92mINFO [0m:      configure_train: Sampled 10 nodes (out of 10)
[92mINFO [0m:      aggregate_train: Received 10 results and 0 failures
[92mINFO [0m:      	└──> Aggregated MetricRecord: {'train_loss': 1.9100935903549194, 'train_time': 5.9272074544802305, 'qtty_records': 10}
[92mINFO [0m:      configure_evaluate: Sampled 10 nodes (out of 10)
[92mINFO [0m:      aggregate_evaluate: Received 10 results and 0 failures
[92mINFO [0m:      	└──> Aggregated MetricRecord: {'eval_loss': 1.8980151880532505, 'eval_acc': 0.32270000000000004, 'time': 366.3712089061737}
[92mINFO [0m:      
[92mINFO [0m:      [ROUND 27/100]
[92mINFO [0m:      configure_train: Sampled 10 nodes (out of 10)
[92mINFO [0m:      aggregate_train: Received 10 results and 0 failures
[92mINFO [0m:      	└──> Aggregated MetricRecord: {'train_loss': 1.884893164730072, 'train_time': 5.942826176248491, 'qtty_records': 10}
[92mINFO [0m:      configure_evaluate: Sampled 10 nodes (out of 10)
[92mINFO [0m:      aggregate_evaluate: Received 10 results and 0 failures
[92mINFO [0m:      	└──> Aggregated MetricRecord: {'eval_loss': 1.8876964177936315, 'eval_acc': 0.3296, 'time': 379.4314477443695}
[92mINFO [0m:      
[92mINFO [0m:      [ROUND 28/100]
[92mINFO [0m:      configure_train: Sampled 10 nodes (out of 10)
[92mINFO [0m:      aggregate_train: Received 10 results and 0 failures
[92mINFO [0m:      	└──> Aggregated MetricRecord: {'train_loss': 1.8909552985191347, 'train_time': 5.929502212069929, 'qtty_records': 10}
[92mINFO [0m:      configure_evaluate: Sampled 10 nodes (out of 10)
[92mINFO [0m:      aggregate_evaluate: Received 10 results and 0 failures
[92mINFO [0m:      	└──> Aggregated MetricRecord: {'eval_loss': 1.9322765611112118, 'eval_acc': 0.3155, 'time': 392.5941300392151}
[92mINFO [0m:      
[92mINFO [0m:      [ROUND 29/100]
[92mINFO [0m:      configure_train: Sampled 10 nodes (out of 10)
[92mINFO [0m:      aggregate_train: Received 10 results and 0 failures
[92mINFO [0m:      	└──> Aggregated MetricRecord: {'train_loss': 1.9120718508720398, 'train_time': 5.928847665898502, 'qtty_records': 10}
[92mINFO [0m:      configure_evaluate: Sampled 10 nodes (out of 10)
[92mINFO [0m:      aggregate_evaluate: Received 10 results and 0 failures
[92mINFO [0m:      	└──> Aggregated MetricRecord: {'eval_loss': 1.933620173111558, 'eval_acc': 0.3182, 'time': 405.7549366950989}
[92mINFO [0m:      
[92mINFO [0m:      [ROUND 30/100]
[92mINFO [0m:      configure_train: Sampled 10 nodes (out of 10)
[92mINFO [0m:      aggregate_train: Received 10 results and 0 failures
[92mINFO [0m:      	└──> Aggregated MetricRecord: {'train_loss': 1.8985239968299867, 'train_time': 5.92447508610785, 'qtty_records': 10}
[92mINFO [0m:      configure_evaluate: Sampled 10 nodes (out of 10)
[92mINFO [0m:      aggregate_evaluate: Received 10 results and 0 failures
[92mINFO [0m:      	└──> Aggregated MetricRecord: {'eval_loss': 1.9462675910443066, 'eval_acc': 0.3113, 'time': 418.9285740852356}
[92mINFO [0m:      
[92mINFO [0m:      [ROUND 31/100]
[92mINFO [0m:      configure_train: Sampled 10 nodes (out of 10)
[92mINFO [0m:      aggregate_train: Received 10 results and 0 failures
[92mINFO [0m:      	└──> Aggregated MetricRecord: {'train_loss': 1.901969790172577, 'train_time': 5.93767805788666, 'qtty_records': 10}
[92mINFO [0m:      configure_evaluate: Sampled 10 nodes (out of 10)
[92mINFO [0m:      aggregate_evaluate: Received 10 results and 0 failures
[92mINFO [0m:      	└──> Aggregated MetricRecord: {'eval_loss': 1.9289166931062938, 'eval_acc': 0.32710000000000006, 'time': 432.08868765830994}
[92mINFO [0m:      
[92mINFO [0m:      [ROUND 32/100]
[92mINFO [0m:      configure_train: Sampled 10 nodes (out of 10)
[92mINFO [0m:      aggregate_train: Received 10 results and 0 failures
[92mINFO [0m:      	└──> Aggregated MetricRecord: {'train_loss': 1.8740808037757875, 'train_time': 5.941430011205375, 'qtty_records': 10}
[92mINFO [0m:      configure_evaluate: Sampled 10 nodes (out of 10)
[92mINFO [0m:      aggregate_evaluate: Received 10 results and 0 failures
[92mINFO [0m:      	└──> Aggregated MetricRecord: {'eval_loss': 1.9088570453226568, 'eval_acc': 0.3315, 'time': 445.24888610839844}
[92mINFO [0m:      
[92mINFO [0m:      [ROUND 33/100]
[92mINFO [0m:      configure_train: Sampled 10 nodes (out of 10)
[92mINFO [0m:      aggregate_train: Received 10 results and 0 failures
[92mINFO [0m:      	└──> Aggregated MetricRecord: {'train_loss': 1.883842270088196, 'train_time': 5.929163640737533, 'qtty_records': 10}
[92mINFO [0m:      configure_evaluate: Sampled 10 nodes (out of 10)
[92mINFO [0m:      aggregate_evaluate: Received 10 results and 0 failures
[92mINFO [0m:      	└──> Aggregated MetricRecord: {'eval_loss': 1.8997538629919293, 'eval_acc': 0.33259999999999995, 'time': 458.40994930267334}
[92mINFO [0m:      
[92mINFO [0m:      [ROUND 34/100]
[92mINFO [0m:      configure_train: Sampled 10 nodes (out of 10)
[92mINFO [0m:      aggregate_train: Received 10 results and 0 failures
[92mINFO [0m:      	└──> Aggregated MetricRecord: {'train_loss': 1.9069616850852964, 'train_time': 5.937108665518463, 'qtty_records': 10}
[92mINFO [0m:      configure_evaluate: Sampled 10 nodes (out of 10)
[92mINFO [0m:      aggregate_evaluate: Received 10 results and 0 failures
[92mINFO [0m:      	└──> Aggregated MetricRecord: {'eval_loss': 1.8943627540022137, 'eval_acc': 0.3384, 'time': 471.57124495506287}
[92mINFO [0m:      
[92mINFO [0m:      [ROUND 35/100]
[92mINFO [0m:      configure_train: Sampled 10 nodes (out of 10)
[92mINFO [0m:      aggregate_train: Received 10 results and 0 failures
[92mINFO [0m:      	└──> Aggregated MetricRecord: {'train_loss': 1.8761719619750978, 'train_time': 5.928814867138863, 'qtty_records': 10}
[92mINFO [0m:      configure_evaluate: Sampled 10 nodes (out of 10)
[92mINFO [0m:      aggregate_evaluate: Received 10 results and 0 failures
[92mINFO [0m:      	└──> Aggregated MetricRecord: {'eval_loss': 1.8991931218653917, 'eval_acc': 0.3389, 'time': 484.74356269836426}
[92mINFO [0m:      
[92mINFO [0m:      [ROUND 36/100]
[92mINFO [0m:      configure_train: Sampled 10 nodes (out of 10)
[92mINFO [0m:      aggregate_train: Received 10 results and 0 failures
[92mINFO [0m:      	└──> Aggregated MetricRecord: {'train_loss': 1.8819375467300414, 'train_time': 5.93923408780247, 'qtty_records': 10}
[92mINFO [0m:      configure_evaluate: Sampled 10 nodes (out of 10)
[92mINFO [0m:      aggregate_evaluate: Received 10 results and 0 failures
[92mINFO [0m:      	└──> Aggregated MetricRecord: {'eval_loss': 1.878793198987842, 'eval_acc': 0.34280000000000005, 'time': 497.90578866004944}
[92mINFO [0m:      
[92mINFO [0m:      [ROUND 37/100]
[92mINFO [0m:      configure_train: Sampled 10 nodes (out of 10)
[92mINFO [0m:      aggregate_train: Received 10 results and 0 failures
[92mINFO [0m:      	└──> Aggregated MetricRecord: {'train_loss': 1.8754766796112063, 'train_time': 5.930125400051475, 'qtty_records': 10}
[92mINFO [0m:      configure_evaluate: Sampled 10 nodes (out of 10)
[92mINFO [0m:      aggregate_evaluate: Received 10 results and 0 failures
[92mINFO [0m:      	└──> Aggregated MetricRecord: {'eval_loss': 1.9247313365340237, 'eval_acc': 0.33509999999999995, 'time': 510.9643187522888}
[92mINFO [0m:      
[92mINFO [0m:      [ROUND 38/100]
[92mINFO [0m:      configure_train: Sampled 10 nodes (out of 10)
[92mINFO [0m:      aggregate_train: Received 10 results and 0 failures
[92mINFO [0m:      	└──> Aggregated MetricRecord: {'train_loss': 1.8827914153099063, 'train_time': 5.92128264978528, 'qtty_records': 10}
[92mINFO [0m:      configure_evaluate: Sampled 10 nodes (out of 10)
[92mINFO [0m:      aggregate_evaluate: Received 10 results and 0 failures
[92mINFO [0m:      	└──> Aggregated MetricRecord: {'eval_loss': 1.8840640939772133, 'eval_acc': 0.3335, 'time': 524.1285717487335}
[92mINFO [0m:      
[92mINFO [0m:      [ROUND 39/100]
[92mINFO [0m:      configure_train: Sampled 10 nodes (out of 10)
[92mINFO [0m:      aggregate_train: Received 10 results and 0 failures
[92mINFO [0m:      	└──> Aggregated MetricRecord: {'train_loss': 1.8783830280303957, 'train_time': 5.932269512303174, 'qtty_records': 10}
[92mINFO [0m:      configure_evaluate: Sampled 10 nodes (out of 10)
[92mINFO [0m:      aggregate_evaluate: Received 10 results and 0 failures
[92mINFO [0m:      	└──> Aggregated MetricRecord: {'eval_loss': 1.8593850776553158, 'eval_acc': 0.35509999999999997, 'time': 537.1899890899658}
[92mINFO [0m:      
[92mINFO [0m:      [ROUND 40/100]
[92mINFO [0m:      configure_train: Sampled 10 nodes (out of 10)
[92mINFO [0m:      aggregate_train: Received 10 results and 0 failures
[92mINFO [0m:      	└──> Aggregated MetricRecord: {'train_loss': 1.8764197003364562, 'train_time': 5.9285770306363705, 'qtty_records': 10}
[92mINFO [0m:      configure_evaluate: Sampled 10 nodes (out of 10)
[92mINFO [0m:      aggregate_evaluate: Received 10 results and 0 failures
[92mINFO [0m:      	└──> Aggregated MetricRecord: {'eval_loss': 1.911657623201609, 'eval_acc': 0.3225, 'time': 550.3530757427216}
[92mINFO [0m:      
[92mINFO [0m:      [ROUND 41/100]
[92mINFO [0m:      configure_train: Sampled 10 nodes (out of 10)
[92mINFO [0m:      aggregate_train: Received 10 results and 0 failures
[92mINFO [0m:      	└──> Aggregated MetricRecord: {'train_loss': 1.8947293665885925, 'train_time': 5.930087609216571, 'qtty_records': 10}
[92mINFO [0m:      configure_evaluate: Sampled 10 nodes (out of 10)
[92mINFO [0m:      aggregate_evaluate: Received 10 results and 0 failures
[92mINFO [0m:      	└──> Aggregated MetricRecord: {'eval_loss': 1.914610889554024, 'eval_acc': 0.3433999999999999, 'time': 563.5153288841248}
[92mINFO [0m:      
[92mINFO [0m:      [ROUND 42/100]
[92mINFO [0m:      configure_train: Sampled 10 nodes (out of 10)
[92mINFO [0m:      aggregate_train: Received 10 results and 0 failures
[92mINFO [0m:      	└──> Aggregated MetricRecord: {'train_loss': 1.8763169489860534, 'train_time': 5.923533492535353, 'qtty_records': 10}
[92mINFO [0m:      configure_evaluate: Sampled 10 nodes (out of 10)
[92mINFO [0m:      aggregate_evaluate: Received 10 results and 0 failures
[92mINFO [0m:      	└──> Aggregated MetricRecord: {'eval_loss': 1.8494756978005171, 'eval_acc': 0.3526, 'time': 576.6816120147705}
[92mINFO [0m:      
[92mINFO [0m:      [ROUND 43/100]
[92mINFO [0m:      configure_train: Sampled 10 nodes (out of 10)
[92mINFO [0m:      aggregate_train: Received 10 results and 0 failures
[92mINFO [0m:      	└──> Aggregated MetricRecord: {'train_loss': 1.8712606490135195, 'train_time': 5.93733424320817, 'qtty_records': 10}
[92mINFO [0m:      configure_evaluate: Sampled 10 nodes (out of 10)
[92mINFO [0m:      aggregate_evaluate: Received 10 results and 0 failures
[92mINFO [0m:      	└──> Aggregated MetricRecord: {'eval_loss': 1.8562906302511692, 'eval_acc': 0.3491, 'time': 589.8460953235626}
[92mINFO [0m:      
[92mINFO [0m:      [ROUND 44/100]
[92mINFO [0m:      configure_train: Sampled 10 nodes (out of 10)
[92mINFO [0m:      aggregate_train: Received 10 results and 0 failures
[92mINFO [0m:      	└──> Aggregated MetricRecord: {'train_loss': 1.861107985305786, 'train_time': 5.933361648768186, 'qtty_records': 10}
[92mINFO [0m:      configure_evaluate: Sampled 10 nodes (out of 10)
[92mINFO [0m:      aggregate_evaluate: Received 10 results and 0 failures
[92mINFO [0m:      	└──> Aggregated MetricRecord: {'eval_loss': 1.86193191818893, 'eval_acc': 0.35559999999999997, 'time': 603.0157289505005}
[92mINFO [0m:      
[92mINFO [0m:      [ROUND 45/100]
[92mINFO [0m:      configure_train: Sampled 10 nodes (out of 10)
[92mINFO [0m:      aggregate_train: Received 10 results and 0 failures
[92mINFO [0m:      	└──> Aggregated MetricRecord: {'train_loss': 1.8625482001304627, 'train_time': 5.9384965600445865, 'qtty_records': 10}
[92mINFO [0m:      configure_evaluate: Sampled 10 nodes (out of 10)
[92mINFO [0m:      aggregate_evaluate: Received 10 results and 0 failures
[92mINFO [0m:      	└──> Aggregated MetricRecord: {'eval_loss': 1.8807788766920568, 'eval_acc': 0.34259999999999996, 'time': 616.1769037246704}
[92mINFO [0m:      
[92mINFO [0m:      [ROUND 46/100]
[92mINFO [0m:      configure_train: Sampled 10 nodes (out of 10)
[92mINFO [0m:      aggregate_train: Received 10 results and 0 failures
[92mINFO [0m:      	└──> Aggregated MetricRecord: {'train_loss': 1.8607307894706728, 'train_time': 5.940680341795087, 'qtty_records': 10}
[92mINFO [0m:      configure_evaluate: Sampled 10 nodes (out of 10)
[92mINFO [0m:      aggregate_evaluate: Received 10 results and 0 failures
[92mINFO [0m:      	└──> Aggregated MetricRecord: {'eval_loss': 1.841096502169967, 'eval_acc': 0.3563, 'time': 629.2357494831085}
[92mINFO [0m:      
[92mINFO [0m:      [ROUND 47/100]
[92mINFO [0m:      configure_train: Sampled 10 nodes (out of 10)
[92mINFO [0m:      aggregate_train: Received 10 results and 0 failures
[92mINFO [0m:      	└──> Aggregated MetricRecord: {'train_loss': 1.8716050571441651, 'train_time': 5.925414614751935, 'qtty_records': 10}
[92mINFO [0m:      configure_evaluate: Sampled 10 nodes (out of 10)
[92mINFO [0m:      aggregate_evaluate: Received 10 results and 0 failures
[92mINFO [0m:      	└──> Aggregated MetricRecord: {'eval_loss': 1.8884225305169822, 'eval_acc': 0.35030000000000006, 'time': 642.3765203952789}
[92mINFO [0m:      
[92mINFO [0m:      [ROUND 48/100]
[92mINFO [0m:      configure_train: Sampled 10 nodes (out of 10)
[92mINFO [0m:      aggregate_train: Received 10 results and 0 failures
[92mINFO [0m:      	└──> Aggregated MetricRecord: {'train_loss': 1.8760846607208257, 'train_time': 5.930868495069444, 'qtty_records': 10}
[92mINFO [0m:      configure_evaluate: Sampled 10 nodes (out of 10)
[92mINFO [0m:      aggregate_evaluate: Received 10 results and 0 failures
[92mINFO [0m:      	└──> Aggregated MetricRecord: {'eval_loss': 1.9404265876859428, 'eval_acc': 0.32410000000000005, 'time': 655.540200471878}
[92mINFO [0m:      
[92mINFO [0m:      [ROUND 49/100]
[92mINFO [0m:      configure_train: Sampled 10 nodes (out of 10)
[92mINFO [0m:      aggregate_train: Received 10 results and 0 failures
[92mINFO [0m:      	└──> Aggregated MetricRecord: {'train_loss': 1.872694970226288, 'train_time': 5.930595071427524, 'qtty_records': 10}
[92mINFO [0m:      configure_evaluate: Sampled 10 nodes (out of 10)
[92mINFO [0m:      aggregate_evaluate: Received 10 results and 0 failures
[92mINFO [0m:      	└──> Aggregated MetricRecord: {'eval_loss': 1.8519860591739419, 'eval_acc': 0.363, 'time': 668.6028552055359}
[92mINFO [0m:      
[92mINFO [0m:      [ROUND 50/100]
[92mINFO [0m:      configure_train: Sampled 10 nodes (out of 10)
[92mINFO [0m:      aggregate_train: Received 10 results and 0 failures
[92mINFO [0m:      	└──> Aggregated MetricRecord: {'train_loss': 1.854463858795166, 'train_time': 5.926161262765527, 'qtty_records': 10}
[92mINFO [0m:      configure_evaluate: Sampled 10 nodes (out of 10)
[92mINFO [0m:      aggregate_evaluate: Received 10 results and 0 failures
[92mINFO [0m:      	└──> Aggregated MetricRecord: {'eval_loss': 1.8536872357130054, 'eval_acc': 0.3567, 'time': 681.7666752338409}
[92mINFO [0m:      
[92mINFO [0m:      [ROUND 51/100]
[92mINFO [0m:      configure_train: Sampled 10 nodes (out of 10)
[92mINFO [0m:      aggregate_train: Received 10 results and 0 failures
[92mINFO [0m:      	└──> Aggregated MetricRecord: {'train_loss': 1.8879286280632022, 'train_time': 5.926120589487255, 'qtty_records': 10}
[92mINFO [0m:      configure_evaluate: Sampled 10 nodes (out of 10)
[92mINFO [0m:      aggregate_evaluate: Received 10 results and 0 failures
[92mINFO [0m:      	└──> Aggregated MetricRecord: {'eval_loss': 1.8854021407663824, 'eval_acc': 0.3559, 'time': 694.9281558990479}
[92mINFO [0m:      
[92mINFO [0m:      [ROUND 52/100]
[92mINFO [0m:      configure_train: Sampled 10 nodes (out of 10)
[92mINFO [0m:      aggregate_train: Received 10 results and 0 failures
[92mINFO [0m:      	└──> Aggregated MetricRecord: {'train_loss': 1.8699128717422486, 'train_time': 5.935686206817627, 'qtty_records': 10}
[92mINFO [0m:      configure_evaluate: Sampled 10 nodes (out of 10)
[92mINFO [0m:      aggregate_evaluate: Received 10 results and 0 failures
[92mINFO [0m:      	└──> Aggregated MetricRecord: {'eval_loss': 1.8516806561499837, 'eval_acc': 0.3594, 'time': 707.989734172821}
[92mINFO [0m:      
[92mINFO [0m:      [ROUND 53/100]
[92mINFO [0m:      configure_train: Sampled 10 nodes (out of 10)
[92mINFO [0m:      aggregate_train: Received 10 results and 0 failures
[92mINFO [0m:      	└──> Aggregated MetricRecord: {'train_loss': 1.8689782041549683, 'train_time': 5.932078014500439, 'qtty_records': 10}
[92mINFO [0m:      configure_evaluate: Sampled 10 nodes (out of 10)
[92mINFO [0m:      aggregate_evaluate: Received 10 results and 0 failures
[92mINFO [0m:      	└──> Aggregated MetricRecord: {'eval_loss': 1.8710198264569045, 'eval_acc': 0.35550000000000004, 'time': 721.1507897377014}
[92mINFO [0m:      
[92mINFO [0m:      [ROUND 54/100]
[92mINFO [0m:      configure_train: Sampled 10 nodes (out of 10)
[92mINFO [0m:      aggregate_train: Received 10 results and 0 failures
[92mINFO [0m:      	└──> Aggregated MetricRecord: {'train_loss': 1.8688385725021361, 'train_time': 5.920743143931031, 'qtty_records': 10}
[92mINFO [0m:      configure_evaluate: Sampled 10 nodes (out of 10)
[92mINFO [0m:      aggregate_evaluate: Received 10 results and 0 failures
[92mINFO [0m:      	└──> Aggregated MetricRecord: {'eval_loss': 1.8643710240721707, 'eval_acc': 0.3593, 'time': 734.2860851287842}
[92mINFO [0m:      
[92mINFO [0m:      [ROUND 55/100]
[92mINFO [0m:      configure_train: Sampled 10 nodes (out of 10)
[92mINFO [0m:      aggregate_train: Received 10 results and 0 failures
[92mINFO [0m:      	└──> Aggregated MetricRecord: {'train_loss': 1.8491982833862308, 'train_time': 5.928857338801026, 'qtty_records': 10}
[92mINFO [0m:      configure_evaluate: Sampled 10 nodes (out of 10)
[92mINFO [0m:      aggregate_evaluate: Received 10 results and 0 failures
[92mINFO [0m:      	└──> Aggregated MetricRecord: {'eval_loss': 1.8750678449869158, 'eval_acc': 0.3462, 'time': 747.4631042480469}
[92mINFO [0m:      
[92mINFO [0m:      [ROUND 56/100]
[92mINFO [0m:      configure_train: Sampled 10 nodes (out of 10)
[92mINFO [0m:      aggregate_train: Received 10 results and 0 failures
[92mINFO [0m:      	└──> Aggregated MetricRecord: {'train_loss': 1.8593356618881227, 'train_time': 5.916413283534348, 'qtty_records': 10}
[92mINFO [0m:      configure_evaluate: Sampled 10 nodes (out of 10)
[92mINFO [0m:      aggregate_evaluate: Received 10 results and 0 failures
[92mINFO [0m:      	└──> Aggregated MetricRecord: {'eval_loss': 1.8986567549407483, 'eval_acc': 0.3593, 'time': 760.6247711181641}
[92mINFO [0m:      
[92mINFO [0m:      [ROUND 57/100]
[92mINFO [0m:      configure_train: Sampled 10 nodes (out of 10)
[92mINFO [0m:      aggregate_train: Received 10 results and 0 failures
[92mINFO [0m:      	└──> Aggregated MetricRecord: {'train_loss': 1.8763184136390691, 'train_time': 5.931110278703272, 'qtty_records': 10}
[92mINFO [0m:      configure_evaluate: Sampled 10 nodes (out of 10)
[92mINFO [0m:      aggregate_evaluate: Received 10 results and 0 failures
[92mINFO [0m:      	└──> Aggregated MetricRecord: {'eval_loss': 1.8917657472193243, 'eval_acc': 0.3549, 'time': 773.8074715137482}
[92mINFO [0m:      
[92mINFO [0m:      [ROUND 58/100]
[92mINFO [0m:      configure_train: Sampled 10 nodes (out of 10)
[92mINFO [0m:      aggregate_train: Received 10 results and 0 failures
[92mINFO [0m:      	└──> Aggregated MetricRecord: {'train_loss': 1.8765315399169922, 'train_time': 5.922551251575351, 'qtty_records': 10}
[92mINFO [0m:      configure_evaluate: Sampled 10 nodes (out of 10)
[92mINFO [0m:      aggregate_evaluate: Received 10 results and 0 failures
[92mINFO [0m:      	└──> Aggregated MetricRecord: {'eval_loss': 1.8559958271682264, 'eval_acc': 0.3716, 'time': 786.9670753479004}
[92mINFO [0m:      
[92mINFO [0m:      [ROUND 59/100]
[92mINFO [0m:      configure_train: Sampled 10 nodes (out of 10)
[92mINFO [0m:      aggregate_train: Received 10 results and 0 failures
[92mINFO [0m:      	└──> Aggregated MetricRecord: {'train_loss': 1.869832875919342, 'train_time': 5.932211644202471, 'qtty_records': 10}
[92mINFO [0m:      configure_evaluate: Sampled 10 nodes (out of 10)
[92mINFO [0m:      aggregate_evaluate: Received 10 results and 0 failures
[92mINFO [0m:      	└──> Aggregated MetricRecord: {'eval_loss': 1.8939933612942697, 'eval_acc': 0.34840000000000004, 'time': 800.1281533241272}
[92mINFO [0m:      
[92mINFO [0m:      [ROUND 60/100]
[92mINFO [0m:      configure_train: Sampled 10 nodes (out of 10)
[92mINFO [0m:      aggregate_train: Received 10 results and 0 failures
[92mINFO [0m:      	└──> Aggregated MetricRecord: {'train_loss': 1.8546108890533448, 'train_time': 5.931321563385427, 'qtty_records': 10}
[92mINFO [0m:      configure_evaluate: Sampled 10 nodes (out of 10)
[92mINFO [0m:      aggregate_evaluate: Received 10 results and 0 failures
[92mINFO [0m:      	└──> Aggregated MetricRecord: {'eval_loss': 1.8418181993067262, 'eval_acc': 0.3658, 'time': 813.2901856899261}
[92mINFO [0m:      
[92mINFO [0m:      [ROUND 61/100]
[92mINFO [0m:      configure_train: Sampled 10 nodes (out of 10)
[92mINFO [0m:      aggregate_train: Received 10 results and 0 failures
[92mINFO [0m:      	└──> Aggregated MetricRecord: {'train_loss': 1.851061774635315, 'train_time': 5.929536608979106, 'qtty_records': 10}
[92mINFO [0m:      configure_evaluate: Sampled 10 nodes (out of 10)
[92mINFO [0m:      aggregate_evaluate: Received 10 results and 0 failures
[92mINFO [0m:      	└──> Aggregated MetricRecord: {'eval_loss': 1.8481741696596146, 'eval_acc': 0.3693000000000001, 'time': 826.354400396347}
[92mINFO [0m:      
[92mINFO [0m:      [ROUND 62/100]
[92mINFO [0m:      configure_train: Sampled 10 nodes (out of 10)
[92mINFO [0m:      aggregate_train: Received 10 results and 0 failures
[92mINFO [0m:      	└──> Aggregated MetricRecord: {'train_loss': 1.8638179883003236, 'train_time': 5.924523420259357, 'qtty_records': 10}
[92mINFO [0m:      configure_evaluate: Sampled 10 nodes (out of 10)
[92mINFO [0m:      aggregate_evaluate: Received 10 results and 0 failures
[92mINFO [0m:      	└──> Aggregated MetricRecord: {'eval_loss': 1.8465105202049017, 'eval_acc': 0.37260000000000004, 'time': 839.4900176525116}
[92mINFO [0m:      
[92mINFO [0m:      [ROUND 63/100]
[92mINFO [0m:      configure_train: Sampled 10 nodes (out of 10)
[92mINFO [0m:      aggregate_train: Received 10 results and 0 failures
[92mINFO [0m:      	└──> Aggregated MetricRecord: {'train_loss': 1.8755204411506652, 'train_time': 5.943036650493741, 'qtty_records': 10}
[92mINFO [0m:      configure_evaluate: Sampled 10 nodes (out of 10)
[92mINFO [0m:      aggregate_evaluate: Received 10 results and 0 failures
[92mINFO [0m:      	└──> Aggregated MetricRecord: {'eval_loss': 1.8644061513245105, 'eval_acc': 0.35589999999999994, 'time': 852.6566646099091}
[92mINFO [0m:      
[92mINFO [0m:      [ROUND 64/100]
[92mINFO [0m:      configure_train: Sampled 10 nodes (out of 10)
[92mINFO [0m:      aggregate_train: Received 10 results and 0 failures
[92mINFO [0m:      	└──> Aggregated MetricRecord: {'train_loss': 1.8687684928894044, 'train_time': 5.921709056571126, 'qtty_records': 10}
[92mINFO [0m:      configure_evaluate: Sampled 10 nodes (out of 10)
[92mINFO [0m:      aggregate_evaluate: Received 10 results and 0 failures
[92mINFO [0m:      	└──> Aggregated MetricRecord: {'eval_loss': 1.881264462321997, 'eval_acc': 0.36000000000000004, 'time': 865.8215999603271}
[92mINFO [0m:      
[92mINFO [0m:      [ROUND 65/100]
[92mINFO [0m:      configure_train: Sampled 10 nodes (out of 10)
[92mINFO [0m:      aggregate_train: Received 10 results and 0 failures
[92mINFO [0m:      	└──> Aggregated MetricRecord: {'train_loss': 1.873574094772339, 'train_time': 5.932193032465875, 'qtty_records': 10}
[92mINFO [0m:      configure_evaluate: Sampled 10 nodes (out of 10)
[92mINFO [0m:      aggregate_evaluate: Received 10 results and 0 failures
[92mINFO [0m:      	└──> Aggregated MetricRecord: {'eval_loss': 1.8301790691912174, 'eval_acc': 0.36850000000000005, 'time': 878.9933259487152}
[92mINFO [0m:      
[92mINFO [0m:      [ROUND 66/100]
[92mINFO [0m:      configure_train: Sampled 10 nodes (out of 10)
[92mINFO [0m:      aggregate_train: Received 10 results and 0 failures
[92mINFO [0m:      	└──> Aggregated MetricRecord: {'train_loss': 1.8644421018600463, 'train_time': 5.924892453104258, 'qtty_records': 10}
[92mINFO [0m:      configure_evaluate: Sampled 10 nodes (out of 10)
[92mINFO [0m:      aggregate_evaluate: Received 10 results and 0 failures
[92mINFO [0m:      	└──> Aggregated MetricRecord: {'eval_loss': 1.8492144703865052, 'eval_acc': 0.3738, 'time': 892.1291842460632}
[92mINFO [0m:      
[92mINFO [0m:      [ROUND 67/100]
[92mINFO [0m:      configure_train: Sampled 10 nodes (out of 10)
[92mINFO [0m:      aggregate_train: Received 10 results and 0 failures
[92mINFO [0m:      	└──> Aggregated MetricRecord: {'train_loss': 1.857353786659241, 'train_time': 5.933512743189931, 'qtty_records': 10}
[92mINFO [0m:      configure_evaluate: Sampled 10 nodes (out of 10)
[92mINFO [0m:      aggregate_evaluate: Received 10 results and 0 failures
[92mINFO [0m:      	└──> Aggregated MetricRecord: {'eval_loss': 1.854621893912554, 'eval_acc': 0.3704, 'time': 905.1879863739014}
[92mINFO [0m:      
[92mINFO [0m:      [ROUND 68/100]
[92mINFO [0m:      configure_train: Sampled 10 nodes (out of 10)
[92mINFO [0m:      aggregate_train: Received 10 results and 0 failures
[92mINFO [0m:      	└──> Aggregated MetricRecord: {'train_loss': 1.854050800418854, 'train_time': 5.922569401934743, 'qtty_records': 10}
[92mINFO [0m:      configure_evaluate: Sampled 10 nodes (out of 10)
[92mINFO [0m:      aggregate_evaluate: Received 10 results and 0 failures
[92mINFO [0m:      	└──> Aggregated MetricRecord: {'eval_loss': 1.8626753963530063, 'eval_acc': 0.36, 'time': 918.348735332489}
[92mINFO [0m:      
[92mINFO [0m:      [ROUND 69/100]
[92mINFO [0m:      configure_train: Sampled 10 nodes (out of 10)
[92mINFO [0m:      aggregate_train: Received 10 results and 0 failures
[92mINFO [0m:      	└──> Aggregated MetricRecord: {'train_loss': 1.8488185306549072, 'train_time': 5.92447137478739, 'qtty_records': 10}
[92mINFO [0m:      configure_evaluate: Sampled 10 nodes (out of 10)
[92mINFO [0m:      aggregate_evaluate: Received 10 results and 0 failures
[92mINFO [0m:      	└──> Aggregated MetricRecord: {'eval_loss': 1.8657913349568847, 'eval_acc': 0.36190000000000005, 'time': 931.5118410587311}
[92mINFO [0m:      
[92mINFO [0m:      [ROUND 70/100]
[92mINFO [0m:      configure_train: Sampled 10 nodes (out of 10)
[92mINFO [0m:      aggregate_train: Received 10 results and 0 failures
[92mINFO [0m:      	└──> Aggregated MetricRecord: {'train_loss': 1.8467543633461, 'train_time': 5.936192032508552, 'qtty_records': 10}
[92mINFO [0m:      configure_evaluate: Sampled 10 nodes (out of 10)
[92mINFO [0m:      aggregate_evaluate: Received 10 results and 0 failures
[92mINFO [0m:      	└──> Aggregated MetricRecord: {'eval_loss': 1.8553841814398764, 'eval_acc': 0.3755, 'time': 944.6852829456329}
[92mINFO [0m:      
[92mINFO [0m:      [ROUND 71/100]
[92mINFO [0m:      configure_train: Sampled 10 nodes (out of 10)
[92mINFO [0m:      aggregate_train: Received 10 results and 0 failures
[92mINFO [0m:      	└──> Aggregated MetricRecord: {'train_loss': 1.8395177445411681, 'train_time': 5.9360506080091, 'qtty_records': 10}
[92mINFO [0m:      configure_evaluate: Sampled 10 nodes (out of 10)
[92mINFO [0m:      aggregate_evaluate: Received 10 results and 0 failures
[92mINFO [0m:      	└──> Aggregated MetricRecord: {'eval_loss': 1.8210347872227433, 'eval_acc': 0.3885, 'time': 957.8466033935547}
[92mINFO [0m:      
[92mINFO [0m:      [ROUND 72/100]
[92mINFO [0m:      configure_train: Sampled 10 nodes (out of 10)
[92mINFO [0m:      aggregate_train: Received 10 results and 0 failures
[92mINFO [0m:      	└──> Aggregated MetricRecord: {'train_loss': 1.8665988127708435, 'train_time': 5.92759764380753, 'qtty_records': 10}
[92mINFO [0m:      configure_evaluate: Sampled 10 nodes (out of 10)
[92mINFO [0m:      aggregate_evaluate: Received 10 results and 0 failures
[92mINFO [0m:      	└──> Aggregated MetricRecord: {'eval_loss': 1.8564588591456415, 'eval_acc': 0.36580000000000007, 'time': 970.907201051712}
[92mINFO [0m:      
[92mINFO [0m:      [ROUND 73/100]
[92mINFO [0m:      configure_train: Sampled 10 nodes (out of 10)
[92mINFO [0m:      aggregate_train: Received 10 results and 0 failures
[92mINFO [0m:      	└──> Aggregated MetricRecord: {'train_loss': 1.8639278205871583, 'train_time': 5.915392732433975, 'qtty_records': 10}
[92mINFO [0m:      configure_evaluate: Sampled 10 nodes (out of 10)
[92mINFO [0m:      aggregate_evaluate: Received 10 results and 0 failures
[92mINFO [0m:      	└──> Aggregated MetricRecord: {'eval_loss': 1.8616465460509064, 'eval_acc': 0.37640000000000007, 'time': 984.0693395137787}
[92mINFO [0m:      
[92mINFO [0m:      [ROUND 74/100]
[92mINFO [0m:      configure_train: Sampled 10 nodes (out of 10)
[92mINFO [0m:      aggregate_train: Received 10 results and 0 failures
[92mINFO [0m:      	└──> Aggregated MetricRecord: {'train_loss': 1.8649169775009158, 'train_time': 5.945284705050289, 'qtty_records': 10}
[92mINFO [0m:      configure_evaluate: Sampled 10 nodes (out of 10)
[92mINFO [0m:      aggregate_evaluate: Received 10 results and 0 failures
[92mINFO [0m:      	└──> Aggregated MetricRecord: {'eval_loss': 1.8642256911844015, 'eval_acc': 0.35790000000000005, 'time': 997.1303241252899}
[92mINFO [0m:      
[92mINFO [0m:      [ROUND 75/100]
[92mINFO [0m:      configure_train: Sampled 10 nodes (out of 10)
[92mINFO [0m:      aggregate_train: Received 10 results and 0 failures
[92mINFO [0m:      	└──> Aggregated MetricRecord: {'train_loss': 1.8414438502311707, 'train_time': 5.92009708955884, 'qtty_records': 10}
[92mINFO [0m:      configure_evaluate: Sampled 10 nodes (out of 10)
[92mINFO [0m:      aggregate_evaluate: Received 10 results and 0 failures
[92mINFO [0m:      	└──> Aggregated MetricRecord: {'eval_loss': 1.8098100230097773, 'eval_acc': 0.39070000000000005, 'time': 1010.3010649681091}
[92mINFO [0m:      
[92mINFO [0m:      [ROUND 76/100]
[92mINFO [0m:      configure_train: Sampled 10 nodes (out of 10)
[92mINFO [0m:      aggregate_train: Received 10 results and 0 failures
[92mINFO [0m:      	└──> Aggregated MetricRecord: {'train_loss': 1.8261954357147216, 'train_time': 5.932453725486994, 'qtty_records': 10}
[92mINFO [0m:      configure_evaluate: Sampled 10 nodes (out of 10)
[92mINFO [0m:      aggregate_evaluate: Received 10 results and 0 failures
[92mINFO [0m:      	└──> Aggregated MetricRecord: {'eval_loss': 1.8379258401691914, 'eval_acc': 0.3746, 'time': 1023.4709701538086}
[92mINFO [0m:      
[92mINFO [0m:      [ROUND 77/100]
[92mINFO [0m:      configure_train: Sampled 10 nodes (out of 10)
[92mINFO [0m:      aggregate_train: Received 10 results and 0 failures
[92mINFO [0m:      	└──> Aggregated MetricRecord: {'train_loss': 1.8620866228103639, 'train_time': 5.920515506714582, 'qtty_records': 10}
[92mINFO [0m:      configure_evaluate: Sampled 10 nodes (out of 10)
[92mINFO [0m:      aggregate_evaluate: Received 10 results and 0 failures
[92mINFO [0m:      	└──> Aggregated MetricRecord: {'eval_loss': 1.8610819865018131, 'eval_acc': 0.3719, 'time': 1036.6349816322327}
[92mINFO [0m:      
[92mINFO [0m:      [ROUND 78/100]
[92mINFO [0m:      configure_train: Sampled 10 nodes (out of 10)
[92mINFO [0m:      aggregate_train: Received 10 results and 0 failures
[92mINFO [0m:      	└──> Aggregated MetricRecord: {'train_loss': 1.84830569190979, 'train_time': 5.937854604795575, 'qtty_records': 10}
[92mINFO [0m:      configure_evaluate: Sampled 10 nodes (out of 10)
[92mINFO [0m:      aggregate_evaluate: Received 10 results and 0 failures
[92mINFO [0m:      	└──> Aggregated MetricRecord: {'eval_loss': 1.8288916159421207, 'eval_acc': 0.38460000000000005, 'time': 1049.796460390091}
[92mINFO [0m:      
[92mINFO [0m:      [ROUND 79/100]
[92mINFO [0m:      configure_train: Sampled 10 nodes (out of 10)
[92mINFO [0m:      aggregate_train: Received 10 results and 0 failures
[92mINFO [0m:      	└──> Aggregated MetricRecord: {'train_loss': 1.849784074306488, 'train_time': 5.931239990331233, 'qtty_records': 10}
[92mINFO [0m:      configure_evaluate: Sampled 10 nodes (out of 10)
[92mINFO [0m:      aggregate_evaluate: Received 10 results and 0 failures
[92mINFO [0m:      	└──> Aggregated MetricRecord: {'eval_loss': 1.8894722316414119, 'eval_acc': 0.36430000000000007, 'time': 1062.961711883545}
[92mINFO [0m:      
[92mINFO [0m:      [ROUND 80/100]
[92mINFO [0m:      configure_train: Sampled 10 nodes (out of 10)
[92mINFO [0m:      aggregate_train: Received 10 results and 0 failures
[92mINFO [0m:      	└──> Aggregated MetricRecord: {'train_loss': 1.8580184544563296, 'train_time': 5.917487014085054, 'qtty_records': 10}
[92mINFO [0m:      configure_evaluate: Sampled 10 nodes (out of 10)
[92mINFO [0m:      aggregate_evaluate: Received 10 results and 0 failures
[92mINFO [0m:      	└──> Aggregated MetricRecord: {'eval_loss': 1.8766572404652837, 'eval_acc': 0.3684, 'time': 1076.1242220401764}
[92mINFO [0m:      
[92mINFO [0m:      [ROUND 81/100]
[92mINFO [0m:      configure_train: Sampled 10 nodes (out of 10)
[92mINFO [0m:      aggregate_train: Received 10 results and 0 failures
[92mINFO [0m:      	└──> Aggregated MetricRecord: {'train_loss': 1.8503768445968627, 'train_time': 5.912226122245192, 'qtty_records': 10}
[92mINFO [0m:      configure_evaluate: Sampled 10 nodes (out of 10)
[92mINFO [0m:      aggregate_evaluate: Received 10 results and 0 failures
[92mINFO [0m:      	└──> Aggregated MetricRecord: {'eval_loss': 1.8355306334793569, 'eval_acc': 0.3707000000000001, 'time': 1089.291115283966}
[92mINFO [0m:      
[92mINFO [0m:      [ROUND 82/100]
[92mINFO [0m:      configure_train: Sampled 10 nodes (out of 10)
[92mINFO [0m:      aggregate_train: Received 10 results and 0 failures
[92mINFO [0m:      	└──> Aggregated MetricRecord: {'train_loss': 1.8360461519241336, 'train_time': 5.917500886321068, 'qtty_records': 10}
[92mINFO [0m:      configure_evaluate: Sampled 10 nodes (out of 10)
[92mINFO [0m:      aggregate_evaluate: Received 10 results and 0 failures
[92mINFO [0m:      	└──> Aggregated MetricRecord: {'eval_loss': 1.805884860828519, 'eval_acc': 0.38580000000000003, 'time': 1102.426261663437}
[92mINFO [0m:      
[92mINFO [0m:      [ROUND 83/100]
[92mINFO [0m:      configure_train: Sampled 10 nodes (out of 10)
[92mINFO [0m:      aggregate_train: Received 10 results and 0 failures
[92mINFO [0m:      	└──> Aggregated MetricRecord: {'train_loss': 1.8290771319389343, 'train_time': 5.912091607414186, 'qtty_records': 10}
[92mINFO [0m:      configure_evaluate: Sampled 10 nodes (out of 10)
[92mINFO [0m:      aggregate_evaluate: Received 10 results and 0 failures
[92mINFO [0m:      	└──> Aggregated MetricRecord: {'eval_loss': 1.8119178185239435, 'eval_acc': 0.3884, 'time': 1115.4895679950714}
[92mINFO [0m:      
[92mINFO [0m:      [ROUND 84/100]
[92mINFO [0m:      configure_train: Sampled 10 nodes (out of 10)
[92mINFO [0m:      aggregate_train: Received 10 results and 0 failures
[92mINFO [0m:      	└──> Aggregated MetricRecord: {'train_loss': 1.8514674579620365, 'train_time': 5.918751194141805, 'qtty_records': 10}
[92mINFO [0m:      configure_evaluate: Sampled 10 nodes (out of 10)
[92mINFO [0m:      aggregate_evaluate: Received 10 results and 0 failures
[92mINFO [0m:      	└──> Aggregated MetricRecord: {'eval_loss': 1.8539906337857246, 'eval_acc': 0.3753, 'time': 1128.6564574241638}
[92mINFO [0m:      
[92mINFO [0m:      [ROUND 85/100]
[92mINFO [0m:      configure_train: Sampled 10 nodes (out of 10)
[92mINFO [0m:      aggregate_train: Received 10 results and 0 failures
[92mINFO [0m:      	└──> Aggregated MetricRecord: {'train_loss': 1.8550375003814699, 'train_time': 5.915979643724858, 'qtty_records': 10}
[92mINFO [0m:      configure_evaluate: Sampled 10 nodes (out of 10)
[92mINFO [0m:      aggregate_evaluate: Received 10 results and 0 failures
[92mINFO [0m:      	└──> Aggregated MetricRecord: {'eval_loss': 1.8527479067444803, 'eval_acc': 0.3648, 'time': 1141.8194782733917}
[92mINFO [0m:      
[92mINFO [0m:      [ROUND 86/100]
[92mINFO [0m:      configure_train: Sampled 10 nodes (out of 10)
[92mINFO [0m:      aggregate_train: Received 10 results and 0 failures
[92mINFO [0m:      	└──> Aggregated MetricRecord: {'train_loss': 1.8402582938194274, 'train_time': 5.916894034855067, 'qtty_records': 10}
[92mINFO [0m:      configure_evaluate: Sampled 10 nodes (out of 10)
[92mINFO [0m:      aggregate_evaluate: Received 10 results and 0 failures
[92mINFO [0m:      	└──> Aggregated MetricRecord: {'eval_loss': 1.8396355632692578, 'eval_acc': 0.38010000000000005, 'time': 1154.879358291626}
[92mINFO [0m:      
[92mINFO [0m:      [ROUND 87/100]
[92mINFO [0m:      configure_train: Sampled 10 nodes (out of 10)
[92mINFO [0m:      aggregate_train: Received 10 results and 0 failures
[92mINFO [0m:      	└──> Aggregated MetricRecord: {'train_loss': 1.8407156414031982, 'train_time': 5.912985580042005, 'qtty_records': 10}
[92mINFO [0m:      configure_evaluate: Sampled 10 nodes (out of 10)
[92mINFO [0m:      aggregate_evaluate: Received 10 results and 0 failures
[92mINFO [0m:      	└──> Aggregated MetricRecord: {'eval_loss': 1.8225687626749278, 'eval_acc': 0.39, 'time': 1168.043660402298}
[92mINFO [0m:      
[92mINFO [0m:      [ROUND 88/100]
[92mINFO [0m:      configure_train: Sampled 10 nodes (out of 10)
[92mINFO [0m:      aggregate_train: Received 10 results and 0 failures
[92mINFO [0m:      	└──> Aggregated MetricRecord: {'train_loss': 1.8367579456329346, 'train_time': 5.914566527307033, 'qtty_records': 10}
[92mINFO [0m:      configure_evaluate: Sampled 10 nodes (out of 10)
[92mINFO [0m:      aggregate_evaluate: Received 10 results and 0 failures
[92mINFO [0m:      	└──> Aggregated MetricRecord: {'eval_loss': 1.872671791911125, 'eval_acc': 0.36350000000000005, 'time': 1181.1066195964813}
[92mINFO [0m:      
[92mINFO [0m:      [ROUND 89/100]
[92mINFO [0m:      configure_train: Sampled 10 nodes (out of 10)
[92mINFO [0m:      aggregate_train: Received 10 results and 0 failures
[92mINFO [0m:      	└──> Aggregated MetricRecord: {'train_loss': 1.8366373596191408, 'train_time': 5.927884193882346, 'qtty_records': 10}
[92mINFO [0m:      configure_evaluate: Sampled 10 nodes (out of 10)
[92mINFO [0m:      aggregate_evaluate: Received 10 results and 0 failures
[92mINFO [0m:      	└──> Aggregated MetricRecord: {'eval_loss': 1.8730208911001685, 'eval_acc': 0.3758000000000001, 'time': 1194.2720620632172}
[92mINFO [0m:      
[92mINFO [0m:      [ROUND 90/100]
[92mINFO [0m:      configure_train: Sampled 10 nodes (out of 10)
[92mINFO [0m:      aggregate_train: Received 10 results and 0 failures
[92mINFO [0m:      	└──> Aggregated MetricRecord: {'train_loss': 1.811401489830017, 'train_time': 5.940236207284033, 'qtty_records': 10}
[92mINFO [0m:      configure_evaluate: Sampled 10 nodes (out of 10)
[92mINFO [0m:      aggregate_evaluate: Received 10 results and 0 failures
[92mINFO [0m:      	└──> Aggregated MetricRecord: {'eval_loss': 1.8294399801641705, 'eval_acc': 0.3839, 'time': 1207.4335644245148}
[92mINFO [0m:      
[92mINFO [0m:      [ROUND 91/100]
[92mINFO [0m:      configure_train: Sampled 10 nodes (out of 10)
[92mINFO [0m:      aggregate_train: Received 10 results and 0 failures
[92mINFO [0m:      	└──> Aggregated MetricRecord: {'train_loss': 1.837444415044785, 'train_time': 5.929634970985353, 'qtty_records': 10}
[92mINFO [0m:      configure_evaluate: Sampled 10 nodes (out of 10)
[92mINFO [0m:      aggregate_evaluate: Received 10 results and 0 failures
[92mINFO [0m:      	└──> Aggregated MetricRecord: {'eval_loss': 1.8367277443408967, 'eval_acc': 0.38010000000000005, 'time': 1220.5939180850983}
[92mINFO [0m:      
[92mINFO [0m:      [ROUND 92/100]
[92mINFO [0m:      configure_train: Sampled 10 nodes (out of 10)
[92mINFO [0m:      aggregate_train: Received 10 results and 0 failures
[92mINFO [0m:      	└──> Aggregated MetricRecord: {'train_loss': 1.8525810911178588, 'train_time': 5.919000386819244, 'qtty_records': 10}
[92mINFO [0m:      configure_evaluate: Sampled 10 nodes (out of 10)
[92mINFO [0m:      aggregate_evaluate: Received 10 results and 0 failures
[92mINFO [0m:      	└──> Aggregated MetricRecord: {'eval_loss': 1.872130009904504, 'eval_acc': 0.37479999999999997, 'time': 1233.7583923339844}
[92mINFO [0m:      
[92mINFO [0m:      [ROUND 93/100]
[92mINFO [0m:      configure_train: Sampled 10 nodes (out of 10)
[92mINFO [0m:      aggregate_train: Received 10 results and 0 failures
[92mINFO [0m:      	└──> Aggregated MetricRecord: {'train_loss': 1.8490124485015866, 'train_time': 5.930119419470429, 'qtty_records': 10}
[92mINFO [0m:      configure_evaluate: Sampled 10 nodes (out of 10)
[92mINFO [0m:      aggregate_evaluate: Received 10 results and 0 failures
[92mINFO [0m:      	└──> Aggregated MetricRecord: {'eval_loss': 1.8640537247061728, 'eval_acc': 0.36450000000000005, 'time': 1246.9206507205963}
[92mINFO [0m:      
[92mINFO [0m:      [ROUND 94/100]
[92mINFO [0m:      configure_train: Sampled 10 nodes (out of 10)
[92mINFO [0m:      aggregate_train: Received 10 results and 0 failures
[92mINFO [0m:      	└──> Aggregated MetricRecord: {'train_loss': 1.8346387055397035, 'train_time': 5.918063408695161, 'qtty_records': 10}
[92mINFO [0m:      configure_evaluate: Sampled 10 nodes (out of 10)
[92mINFO [0m:      aggregate_evaluate: Received 10 results and 0 failures
[92mINFO [0m:      	└──> Aggregated MetricRecord: {'eval_loss': 1.7703379455953838, 'eval_acc': 0.39660000000000006, 'time': 1260.095422744751}
[92mINFO [0m:      
[92mINFO [0m:      [ROUND 95/100]
[92mINFO [0m:      configure_train: Sampled 10 nodes (out of 10)
[92mINFO [0m:      aggregate_train: Received 10 results and 0 failures
[92mINFO [0m:      	└──> Aggregated MetricRecord: {'train_loss': 1.830293138599396, 'train_time': 5.914804216660559, 'qtty_records': 10}
[92mINFO [0m:      configure_evaluate: Sampled 10 nodes (out of 10)
[92mINFO [0m:      aggregate_evaluate: Received 10 results and 0 failures
[92mINFO [0m:      	└──> Aggregated MetricRecord: {'eval_loss': 1.8332780558615924, 'eval_acc': 0.3913000000000001, 'time': 1273.2596702575684}
[92mINFO [0m:      
[92mINFO [0m:      [ROUND 96/100]
[92mINFO [0m:      configure_train: Sampled 10 nodes (out of 10)
[92mINFO [0m:      aggregate_train: Received 10 results and 0 failures
[92mINFO [0m:      	└──> Aggregated MetricRecord: {'train_loss': 1.8226483929634092, 'train_time': 5.927295352704823, 'qtty_records': 10}
[92mINFO [0m:      configure_evaluate: Sampled 10 nodes (out of 10)
[92mINFO [0m:      aggregate_evaluate: Received 10 results and 0 failures
[92mINFO [0m:      	└──> Aggregated MetricRecord: {'eval_loss': 1.8095431726425888, 'eval_acc': 0.3869, 'time': 1286.3220357894897}
[92mINFO [0m:      
[92mINFO [0m:      [ROUND 97/100]
[92mINFO [0m:      configure_train: Sampled 10 nodes (out of 10)
[92mINFO [0m:      aggregate_train: Received 10 results and 0 failures
[92mINFO [0m:      	└──> Aggregated MetricRecord: {'train_loss': 1.8240186745643618, 'train_time': 5.927354639954865, 'qtty_records': 10}
[92mINFO [0m:      configure_evaluate: Sampled 10 nodes (out of 10)
[92mINFO [0m:      aggregate_evaluate: Received 10 results and 0 failures
[92mINFO [0m:      	└──> Aggregated MetricRecord: {'eval_loss': 1.814105122536421, 'eval_acc': 0.3831, 'time': 1299.4856979846954}
[92mINFO [0m:      
[92mINFO [0m:      [ROUND 98/100]
[92mINFO [0m:      configure_train: Sampled 10 nodes (out of 10)
[92mINFO [0m:      aggregate_train: Received 10 results and 0 failures
[92mINFO [0m:      	└──> Aggregated MetricRecord: {'train_loss': 1.841945195770264, 'train_time': 5.921095464937389, 'qtty_records': 10}
[92mINFO [0m:      configure_evaluate: Sampled 10 nodes (out of 10)
[92mINFO [0m:      aggregate_evaluate: Received 10 results and 0 failures
[92mINFO [0m:      	└──> Aggregated MetricRecord: {'eval_loss': 1.8456860404461626, 'eval_acc': 0.3712, 'time': 1312.5471794605255}
[92mINFO [0m:      
[92mINFO [0m:      [ROUND 99/100]
[92mINFO [0m:      configure_train: Sampled 10 nodes (out of 10)
[92mINFO [0m:      aggregate_train: Received 10 results and 0 failures
[92mINFO [0m:      	└──> Aggregated MetricRecord: {'train_loss': 1.8505472536087035, 'train_time': 5.916504567489028, 'qtty_records': 10}
[92mINFO [0m:      configure_evaluate: Sampled 10 nodes (out of 10)
[92mINFO [0m:      aggregate_evaluate: Received 10 results and 0 failures
[92mINFO [0m:      	└──> Aggregated MetricRecord: {'eval_loss': 1.8399148724973204, 'eval_acc': 0.382, 'time': 1325.7102115154266}
[92mINFO [0m:      
[92mINFO [0m:      [ROUND 100/100]
[92mINFO [0m:      configure_train: Sampled 10 nodes (out of 10)
[92mINFO [0m:      aggregate_train: Received 10 results and 0 failures
[92mINFO [0m:      	└──> Aggregated MetricRecord: {'train_loss': 1.8547279527664184, 'train_time': 5.9313004339113835, 'qtty_records': 10}
[92mINFO [0m:      configure_evaluate: Sampled 10 nodes (out of 10)
[92mINFO [0m:      aggregate_evaluate: Received 10 results and 0 failures
[92mINFO [0m:      	└──> Aggregated MetricRecord: {'eval_loss': 1.8648793391883374, 'eval_acc': 0.3752000000000001, 'time': 1338.8720626831055}
[92mINFO [0m:      
[92mINFO [0m:      Strategy execution finished in 1338.87s
[92mINFO [0m:      
[92mINFO [0m:      Final results:
[92mINFO [0m:      
[92mINFO [0m:      	Global Arrays:
[92mINFO [0m:      		ArrayRecord (0.238 MB)
[92mINFO [0m:      	
[92mINFO [0m:      	Aggregated ClientApp-side Train Metrics:
[92mINFO [0m:      	{ 1: { 'qtty_records': '10',
[92mINFO [0m:      	       'train_loss': '2.2072e+00',
[92mINFO [0m:      	       'train_time': '7.7918e+00'},
[92mINFO [0m:      	  2: { 'qtty_records': '10',
[92mINFO [0m:      	       'train_loss': '2.1514e+00',
[92mINFO [0m:      	       'train_time': '5.9586e+00'},
[92mINFO [0m:      	  3: { 'qtty_records': '10',
[92mINFO [0m:      	       'train_loss': '2.0941e+00',
[92mINFO [0m:      	       'train_time': '5.9439e+00'},
[92mINFO [0m:      	  4: { 'qtty_records': '10',
[92mINFO [0m:      	       'train_loss': '2.0711e+00',
[92mINFO [0m:      	       'train_time': '5.9407e+00'},
[92mINFO [0m:      	  5: { 'qtty_records': '10',
[92mINFO [0m:      	       'train_loss': '2.0312e+00',
[92mINFO [0m:      	       'train_time': '5.9377e+00'},
[92mINFO [0m:      	  6: { 'qtty_records': '10',
[92mINFO [0m:      	       'train_loss': '2.0069e+00',
[92mINFO [0m:      	       'train_time': '5.9223e+00'},
[92mINFO [0m:      	  7: { 'qtty_records': '10',
[92mINFO [0m:      	       'train_loss': '1.9798e+00',
[92mINFO [0m:      	       'train_time': '5.9453e+00'},
[92mINFO [0m:      	  8: { 'qtty_records': '10',
[92mINFO [0m:      	       'train_loss': '1.9724e+00',
[92mINFO [0m:      	       'train_time': '5.9251e+00'},
[92mINFO [0m:      	  9: { 'qtty_records': '10',
[92mINFO [0m:      	       'train_loss': '1.9732e+00',
[92mINFO [0m:      	       'train_time': '5.9399e+00'},
[92mINFO [0m:      	  10: { 'qtty_records': '10',
[92mINFO [0m:      	        'train_loss': '1.9664e+00',
[92mINFO [0m:      	        'train_time': '5.9399e+00'},
[92mINFO [0m:      	  11: { 'qtty_records': '10',
[92mINFO [0m:      	        'train_loss': '1.9547e+00',
[92mINFO [0m:      	        'train_time': '5.9356e+00'},
[92mINFO [0m:      	  12: { 'qtty_records': '10',
[92mINFO [0m:      	        'train_loss': '1.9573e+00',
[92mINFO [0m:      	        'train_time': '5.9396e+00'},
[92mINFO [0m:      	  13: { 'qtty_records': '10',
[92mINFO [0m:      	        'train_loss': '1.9451e+00',
[92mINFO [0m:      	        'train_time': '5.9257e+00'},
[92mINFO [0m:      	  14: { 'qtty_records': '10',
[92mINFO [0m:      	        'train_loss': '1.9423e+00',
[92mINFO [0m:      	        'train_time': '5.9402e+00'},
[92mINFO [0m:      	  15: { 'qtty_records': '10',
[92mINFO [0m:      	        'train_loss': '1.9356e+00',
[92mINFO [0m:      	        'train_time': '5.9250e+00'},
[92mINFO [0m:      	  16: { 'qtty_records': '10',
[92mINFO [0m:      	        'train_loss': '1.9365e+00',
[92mINFO [0m:      	        'train_time': '5.9239e+00'},
[92mINFO [0m:      	  17: { 'qtty_records': '10',
[92mINFO [0m:      	        'train_loss': '1.9266e+00',
[92mINFO [0m:      	        'train_time': '5.9345e+00'},
[92mINFO [0m:      	  18: { 'qtty_records': '10',
[92mINFO [0m:      	        'train_loss': '1.9266e+00',
[92mINFO [0m:      	        'train_time': '5.9226e+00'},
[92mINFO [0m:      	  19: { 'qtty_records': '10',
[92mINFO [0m:      	        'train_loss': '1.9248e+00',
[92mINFO [0m:      	        'train_time': '5.9423e+00'},
[92mINFO [0m:      	  20: { 'qtty_records': '10',
[92mINFO [0m:      	        'train_loss': '1.9199e+00',
[92mINFO [0m:      	        'train_time': '5.9262e+00'},
[92mINFO [0m:      	  21: { 'qtty_records': '10',
[92mINFO [0m:      	        'train_loss': '1.9227e+00',
[92mINFO [0m:      	        'train_time': '5.9407e+00'},
[92mINFO [0m:      	  22: { 'qtty_records': '10',
[92mINFO [0m:      	        'train_loss': '1.9131e+00',
[92mINFO [0m:      	        'train_time': '5.9294e+00'},
[92mINFO [0m:      	  23: { 'qtty_records': '10',
[92mINFO [0m:      	        'train_loss': '1.9184e+00',
[92mINFO [0m:      	        'train_time': '5.9244e+00'},
[92mINFO [0m:      	  24: { 'qtty_records': '10',
[92mINFO [0m:      	        'train_loss': '1.9115e+00',
[92mINFO [0m:      	        'train_time': '5.9275e+00'},
[92mINFO [0m:      	  25: { 'qtty_records': '10',
[92mINFO [0m:      	        'train_loss': '1.9142e+00',
[92mINFO [0m:      	        'train_time': '5.9139e+00'},
[92mINFO [0m:      	  26: { 'qtty_records': '10',
[92mINFO [0m:      	        'train_loss': '1.9101e+00',
[92mINFO [0m:      	        'train_time': '5.9272e+00'},
[92mINFO [0m:      	  27: { 'qtty_records': '10',
[92mINFO [0m:      	        'train_loss': '1.8849e+00',
[92mINFO [0m:      	        'train_time': '5.9428e+00'},
[92mINFO [0m:      	  28: { 'qtty_records': '10',
[92mINFO [0m:      	        'train_loss': '1.8910e+00',
[92mINFO [0m:      	        'train_time': '5.9295e+00'},
[92mINFO [0m:      	  29: { 'qtty_records': '10',
[92mINFO [0m:      	        'train_loss': '1.9121e+00',
[92mINFO [0m:      	        'train_time': '5.9288e+00'},
[92mINFO [0m:      	  30: { 'qtty_records': '10',
[92mINFO [0m:      	        'train_loss': '1.8985e+00',
[92mINFO [0m:      	        'train_time': '5.9245e+00'},
[92mINFO [0m:      	  31: { 'qtty_records': '10',
[92mINFO [0m:      	        'train_loss': '1.9020e+00',
[92mINFO [0m:      	        'train_time': '5.9377e+00'},
[92mINFO [0m:      	  32: { 'qtty_records': '10',
[92mINFO [0m:      	        'train_loss': '1.8741e+00',
[92mINFO [0m:      	        'train_time': '5.9414e+00'},
[92mINFO [0m:      	  33: { 'qtty_records': '10',
[92mINFO [0m:      	        'train_loss': '1.8838e+00',
[92mINFO [0m:      	        'train_time': '5.9292e+00'},
[92mINFO [0m:      	  34: { 'qtty_records': '10',
[92mINFO [0m:      	        'train_loss': '1.9070e+00',
[92mINFO [0m:      	        'train_time': '5.9371e+00'},
[92mINFO [0m:      	  35: { 'qtty_records': '10',
[92mINFO [0m:      	        'train_loss': '1.8762e+00',
[92mINFO [0m:      	        'train_time': '5.9288e+00'},
[92mINFO [0m:      	  36: { 'qtty_records': '10',
[92mINFO [0m:      	        'train_loss': '1.8819e+00',
[92mINFO [0m:      	        'train_time': '5.9392e+00'},
[92mINFO [0m:      	  37: { 'qtty_records': '10',
[92mINFO [0m:      	        'train_loss': '1.8755e+00',
[92mINFO [0m:      	        'train_time': '5.9301e+00'},
[92mINFO [0m:      	  38: { 'qtty_records': '10',
[92mINFO [0m:      	        'train_loss': '1.8828e+00',
[92mINFO [0m:      	        'train_time': '5.9213e+00'},
[92mINFO [0m:      	  39: { 'qtty_records': '10',
[92mINFO [0m:      	        'train_loss': '1.8784e+00',
[92mINFO [0m:      	        'train_time': '5.9323e+00'},
[92mINFO [0m:      	  40: { 'qtty_records': '10',
[92mINFO [0m:      	        'train_loss': '1.8764e+00',
[92mINFO [0m:      	        'train_time': '5.9286e+00'},
[92mINFO [0m:      	  41: { 'qtty_records': '10',
[92mINFO [0m:      	        'train_loss': '1.8947e+00',
[92mINFO [0m:      	        'train_time': '5.9301e+00'},
[92mINFO [0m:      	  42: { 'qtty_records': '10',
[92mINFO [0m:      	        'train_loss': '1.8763e+00',
[92mINFO [0m:      	        'train_time': '5.9235e+00'},
[92mINFO [0m:      	  43: { 'qtty_records': '10',
[92mINFO [0m:      	        'train_loss': '1.8713e+00',
[92mINFO [0m:      	        'train_time': '5.9373e+00'},
[92mINFO [0m:      	  44: { 'qtty_records': '10',
[92mINFO [0m:      	        'train_loss': '1.8611e+00',
[92mINFO [0m:      	        'train_time': '5.9334e+00'},
[92mINFO [0m:      	  45: { 'qtty_records': '10',
[92mINFO [0m:      	        'train_loss': '1.8625e+00',
[92mINFO [0m:      	        'train_time': '5.9385e+00'},
[92mINFO [0m:      	  46: { 'qtty_records': '10',
[92mINFO [0m:      	        'train_loss': '1.8607e+00',
[92mINFO [0m:      	        'train_time': '5.9407e+00'},
[92mINFO [0m:      	  47: { 'qtty_records': '10',
[92mINFO [0m:      	        'train_loss': '1.8716e+00',
[92mINFO [0m:      	        'train_time': '5.9254e+00'},
[92mINFO [0m:      	  48: { 'qtty_records': '10',
[92mINFO [0m:      	        'train_loss': '1.8761e+00',
[92mINFO [0m:      	        'train_time': '5.9309e+00'},
[92mINFO [0m:      	  49: { 'qtty_records': '10',
[92mINFO [0m:      	        'train_loss': '1.8727e+00',
[92mINFO [0m:      	        'train_time': '5.9306e+00'},
[92mINFO [0m:      	  50: { 'qtty_records': '10',
[92mINFO [0m:      	        'train_loss': '1.8545e+00',
[92mINFO [0m:      	        'train_time': '5.9262e+00'},
[92mINFO [0m:      	  51: { 'qtty_records': '10',
[92mINFO [0m:      	        'train_loss': '1.8879e+00',
[92mINFO [0m:      	        'train_time': '5.9261e+00'},
[92mINFO [0m:      	  52: { 'qtty_records': '10',
[92mINFO [0m:      	        'train_loss': '1.8699e+00',
[92mINFO [0m:      	        'train_time': '5.9357e+00'},
[92mINFO [0m:      	  53: { 'qtty_records': '10',
[92mINFO [0m:      	        'train_loss': '1.8690e+00',
[92mINFO [0m:      	        'train_time': '5.9321e+00'},
[92mINFO [0m:      	  54: { 'qtty_records': '10',
[92mINFO [0m:      	        'train_loss': '1.8688e+00',
[92mINFO [0m:      	        'train_time': '5.9207e+00'},
[92mINFO [0m:      	  55: { 'qtty_records': '10',
[92mINFO [0m:      	        'train_loss': '1.8492e+00',
[92mINFO [0m:      	        'train_time': '5.9289e+00'},
[92mINFO [0m:      	  56: { 'qtty_records': '10',
[92mINFO [0m:      	        'train_loss': '1.8593e+00',
[92mINFO [0m:      	        'train_time': '5.9164e+00'},
[92mINFO [0m:      	  57: { 'qtty_records': '10',
[92mINFO [0m:      	        'train_loss': '1.8763e+00',
[92mINFO [0m:      	        'train_time': '5.9311e+00'},
[92mINFO [0m:      	  58: { 'qtty_records': '10',
[92mINFO [0m:      	        'train_loss': '1.8765e+00',
[92mINFO [0m:      	        'train_time': '5.9226e+00'},
[92mINFO [0m:      	  59: { 'qtty_records': '10',
[92mINFO [0m:      	        'train_loss': '1.8698e+00',
[92mINFO [0m:      	        'train_time': '5.9322e+00'},
[92mINFO [0m:      	  60: { 'qtty_records': '10',
[92mINFO [0m:      	        'train_loss': '1.8546e+00',
[92mINFO [0m:      	        'train_time': '5.9313e+00'},
[92mINFO [0m:      	  61: { 'qtty_records': '10',
[92mINFO [0m:      	        'train_loss': '1.8511e+00',
[92mINFO [0m:      	        'train_time': '5.9295e+00'},
[92mINFO [0m:      	  62: { 'qtty_records': '10',
[92mINFO [0m:      	        'train_loss': '1.8638e+00',
[92mINFO [0m:      	        'train_time': '5.9245e+00'},
[92mINFO [0m:      	  63: { 'qtty_records': '10',
[92mINFO [0m:      	        'train_loss': '1.8755e+00',
[92mINFO [0m:      	        'train_time': '5.9430e+00'},
[92mINFO [0m:      	  64: { 'qtty_records': '10',
[92mINFO [0m:      	        'train_loss': '1.8688e+00',
[92mINFO [0m:      	        'train_time': '5.9217e+00'},
[92mINFO [0m:      	  65: { 'qtty_records': '10',
[92mINFO [0m:      	        'train_loss': '1.8736e+00',
[92mINFO [0m:      	        'train_time': '5.9322e+00'},
[92mINFO [0m:      	  66: { 'qtty_records': '10',
[92mINFO [0m:      	        'train_loss': '1.8644e+00',
[92mINFO [0m:      	        'train_time': '5.9249e+00'},
[92mINFO [0m:      	  67: { 'qtty_records': '10',
[92mINFO [0m:      	        'train_loss': '1.8574e+00',
[92mINFO [0m:      	        'train_time': '5.9335e+00'},
[92mINFO [0m:      	  68: { 'qtty_records': '10',
[92mINFO [0m:      	        'train_loss': '1.8541e+00',
[92mINFO [0m:      	        'train_time': '5.9226e+00'},
[92mINFO [0m:      	  69: { 'qtty_records': '10',
[92mINFO [0m:      	        'train_loss': '1.8488e+00',
[92mINFO [0m:      	        'train_time': '5.9245e+00'},
[92mINFO [0m:      	  70: { 'qtty_records': '10',
[92mINFO [0m:      	        'train_loss': '1.8468e+00',
[92mINFO [0m:      	        'train_time': '5.9362e+00'},
[92mINFO [0m:      	  71: { 'qtty_records': '10',
[92mINFO [0m:      	        'train_loss': '1.8395e+00',
[92mINFO [0m:      	        'train_time': '5.9361e+00'},
[92mINFO [0m:      	  72: { 'qtty_records': '10',
[92mINFO [0m:      	        'train_loss': '1.8666e+00',
[92mINFO [0m:      	        'train_time': '5.9276e+00'},
[92mINFO [0m:      	  73: { 'qtty_records': '10',
[92mINFO [0m:      	        'train_loss': '1.8639e+00',
[92mINFO [0m:      	        'train_time': '5.9154e+00'},
[92mINFO [0m:      	  74: { 'qtty_records': '10',
[92mINFO [0m:      	        'train_loss': '1.8649e+00',
[92mINFO [0m:      	        'train_time': '5.9453e+00'},
[92mINFO [0m:      	  75: { 'qtty_records': '10',
[92mINFO [0m:      	        'train_loss': '1.8414e+00',
[92mINFO [0m:      	        'train_time': '5.9201e+00'},
[92mINFO [0m:      	  76: { 'qtty_records': '10',
[92mINFO [0m:      	        'train_loss': '1.8262e+00',
[92mINFO [0m:      	        'train_time': '5.9325e+00'},
[92mINFO [0m:      	  77: { 'qtty_records': '10',
[92mINFO [0m:      	        'train_loss': '1.8621e+00',
[92mINFO [0m:      	        'train_time': '5.9205e+00'},
[92mINFO [0m:      	  78: { 'qtty_records': '10',
[92mINFO [0m:      	        'train_loss': '1.8483e+00',
[92mINFO [0m:      	        'train_time': '5.9379e+00'},
[92mINFO [0m:      	  79: { 'qtty_records': '10',
[92mINFO [0m:      	        'train_loss': '1.8498e+00',
[92mINFO [0m:      	        'train_time': '5.9312e+00'},
[92mINFO [0m:      	  80: { 'qtty_records': '10',
[92mINFO [0m:      	        'train_loss': '1.8580e+00',
[92mINFO [0m:      	        'train_time': '5.9175e+00'},
[92mINFO [0m:      	  81: { 'qtty_records': '10',
[92mINFO [0m:      	        'train_loss': '1.8504e+00',
[92mINFO [0m:      	        'train_time': '5.9122e+00'},
[92mINFO [0m:      	  82: { 'qtty_records': '10',
[92mINFO [0m:      	        'train_loss': '1.8360e+00',
[92mINFO [0m:      	        'train_time': '5.9175e+00'},
[92mINFO [0m:      	  83: { 'qtty_records': '10',
[92mINFO [0m:      	        'train_loss': '1.8291e+00',
[92mINFO [0m:      	        'train_time': '5.9121e+00'},
[92mINFO [0m:      	  84: { 'qtty_records': '10',
[92mINFO [0m:      	        'train_loss': '1.8515e+00',
[92mINFO [0m:      	        'train_time': '5.9188e+00'},
[92mINFO [0m:      	  85: { 'qtty_records': '10',
[92mINFO [0m:      	        'train_loss': '1.8550e+00',
[92mINFO [0m:      	        'train_time': '5.9160e+00'},
[92mINFO [0m:      	  86: { 'qtty_records': '10',
[92mINFO [0m:      	        'train_loss': '1.8403e+00',
[92mINFO [0m:      	        'train_time': '5.9169e+00'},
[92mINFO [0m:      	  87: { 'qtty_records': '10',
[92mINFO [0m:      	        'train_loss': '1.8407e+00',
[92mINFO [0m:      	        'train_time': '5.9130e+00'},
[92mINFO [0m:      	  88: { 'qtty_records': '10',
[92mINFO [0m:      	        'train_loss': '1.8368e+00',
[92mINFO [0m:      	        'train_time': '5.9146e+00'},
[92mINFO [0m:      	  89: { 'qtty_records': '10',
[92mINFO [0m:      	        'train_loss': '1.8366e+00',
[92mINFO [0m:      	        'train_time': '5.9279e+00'},
[92mINFO [0m:      	  90: { 'qtty_records': '10',
[92mINFO [0m:      	        'train_loss': '1.8114e+00',
[92mINFO [0m:      	        'train_time': '5.9402e+00'},
[92mINFO [0m:      	  91: { 'qtty_records': '10',
[92mINFO [0m:      	        'train_loss': '1.8374e+00',
[92mINFO [0m:      	        'train_time': '5.9296e+00'},
[92mINFO [0m:      	  92: { 'qtty_records': '10',
[92mINFO [0m:      	        'train_loss': '1.8526e+00',
[92mINFO [0m:      	        'train_time': '5.9190e+00'},
[92mINFO [0m:      	  93: { 'qtty_records': '10',
[92mINFO [0m:      	        'train_loss': '1.8490e+00',
[92mINFO [0m:      	        'train_time': '5.9301e+00'},
[92mINFO [0m:      	  94: { 'qtty_records': '10',
[92mINFO [0m:      	        'train_loss': '1.8346e+00',
[92mINFO [0m:      	        'train_time': '5.9181e+00'},
[92mINFO [0m:      	  95: { 'qtty_records': '10',
[92mINFO [0m:      	        'train_loss': '1.8303e+00',
[92mINFO [0m:      	        'train_time': '5.9148e+00'},
[92mINFO [0m:      	  96: { 'qtty_records': '10',
[92mINFO [0m:      	        'train_loss': '1.8226e+00',
[92mINFO [0m:      	        'train_time': '5.9273e+00'},
[92mINFO [0m:      	  97: { 'qtty_records': '10',
[92mINFO [0m:      	        'train_loss': '1.8240e+00',
[92mINFO [0m:      	        'train_time': '5.9274e+00'},
[92mINFO [0m:      	  98: { 'qtty_records': '10',
[92mINFO [0m:      	        'train_loss': '1.8419e+00',
[92mINFO [0m:      	        'train_time': '5.9211e+00'},
[92mINFO [0m:      	  99: { 'qtty_records': '10',
[92mINFO [0m:      	        'train_loss': '1.8505e+00',
[92mINFO [0m:      	        'train_time': '5.9165e+00'},
[92mINFO [0m:      	  100: { 'qtty_records': '10',
[92mINFO [0m:      	         'train_loss': '1.8547e+00',
[92mINFO [0m:      	         'train_time': '5.9313e+00'}}
[92mINFO [0m:      	
[92mINFO [0m:      	Aggregated ClientApp-side Evaluate Metrics:
[92mINFO [0m:      	{ 1: { 'eval_acc': '9.4200e-02',
[92mINFO [0m:      	       'eval_loss': '2.3933e+00',
[92mINFO [0m:      	       'time': '3.7170e+01'},
[92mINFO [0m:      	  2: { 'eval_acc': '1.2090e-01',
[92mINFO [0m:      	       'eval_loss': '2.2660e+00',
[92mINFO [0m:      	       'time': '5.0344e+01'},
[92mINFO [0m:      	  3: { 'eval_acc': '1.4090e-01',
[92mINFO [0m:      	       'eval_loss': '2.2137e+00',
[92mINFO [0m:      	       'time': '6.3850e+01'},
[92mINFO [0m:      	  4: { 'eval_acc': '1.6210e-01',
[92mINFO [0m:      	       'eval_loss': '2.1702e+00',
[92mINFO [0m:      	       'time': '7.7013e+01'},
[92mINFO [0m:      	  5: { 'eval_acc': '2.0180e-01',
[92mINFO [0m:      	       'eval_loss': '2.0756e+00',
[92mINFO [0m:      	       'time': '9.0078e+01'},
[92mINFO [0m:      	  6: { 'eval_acc': '2.4870e-01',
[92mINFO [0m:      	       'eval_loss': '2.0495e+00',
[92mINFO [0m:      	       'time': '1.0324e+02'},
[92mINFO [0m:      	  7: { 'eval_acc': '2.7260e-01',
[92mINFO [0m:      	       'eval_loss': '2.0095e+00',
[92mINFO [0m:      	       'time': '1.1640e+02'},
[92mINFO [0m:      	  8: { 'eval_acc': '2.6210e-01',
[92mINFO [0m:      	       'eval_loss': '2.0248e+00',
[92mINFO [0m:      	       'time': '1.2958e+02'},
[92mINFO [0m:      	  9: { 'eval_acc': '2.3760e-01',
[92mINFO [0m:      	       'eval_loss': '2.0451e+00',
[92mINFO [0m:      	       'time': '1.4274e+02'},
[92mINFO [0m:      	  10: { 'eval_acc': '2.7300e-01',
[92mINFO [0m:      	        'eval_loss': '2.0157e+00',
[92mINFO [0m:      	        'time': '1.5592e+02'},
[92mINFO [0m:      	  11: { 'eval_acc': '2.9450e-01',
[92mINFO [0m:      	        'eval_loss': '1.9932e+00',
[92mINFO [0m:      	        'time': '1.6906e+02'},
[92mINFO [0m:      	  12: { 'eval_acc': '2.4820e-01',
[92mINFO [0m:      	        'eval_loss': '2.0594e+00',
[92mINFO [0m:      	        'time': '1.8220e+02'},
[92mINFO [0m:      	  13: { 'eval_acc': '2.6710e-01',
[92mINFO [0m:      	        'eval_loss': '2.0275e+00',
[92mINFO [0m:      	        'time': '1.9537e+02'},
[92mINFO [0m:      	  14: { 'eval_acc': '2.6790e-01',
[92mINFO [0m:      	        'eval_loss': '2.0333e+00',
[92mINFO [0m:      	        'time': '2.0853e+02'},
[92mINFO [0m:      	  15: { 'eval_acc': '2.7010e-01',
[92mINFO [0m:      	        'eval_loss': '1.9957e+00',
[92mINFO [0m:      	        'time': '2.2169e+02'},
[92mINFO [0m:      	  16: { 'eval_acc': '2.9560e-01',
[92mINFO [0m:      	        'eval_loss': '1.9598e+00',
[92mINFO [0m:      	        'time': '2.3486e+02'},
[92mINFO [0m:      	  17: { 'eval_acc': '2.9990e-01',
[92mINFO [0m:      	        'eval_loss': '1.9590e+00',
[92mINFO [0m:      	        'time': '2.4792e+02'},
[92mINFO [0m:      	  18: { 'eval_acc': '2.9780e-01',
[92mINFO [0m:      	        'eval_loss': '1.9505e+00',
[92mINFO [0m:      	        'time': '2.6108e+02'},
[92mINFO [0m:      	  19: { 'eval_acc': '2.8650e-01',
[92mINFO [0m:      	        'eval_loss': '1.9808e+00',
[92mINFO [0m:      	        'time': '2.7424e+02'},
[92mINFO [0m:      	  20: { 'eval_acc': '2.9610e-01',
[92mINFO [0m:      	        'eval_loss': '1.9801e+00',
[92mINFO [0m:      	        'time': '2.8751e+02'},
[92mINFO [0m:      	  21: { 'eval_acc': '2.9440e-01',
[92mINFO [0m:      	        'eval_loss': '1.9724e+00',
[92mINFO [0m:      	        'time': '3.0067e+02'},
[92mINFO [0m:      	  22: { 'eval_acc': '3.1990e-01',
[92mINFO [0m:      	        'eval_loss': '1.9350e+00',
[92mINFO [0m:      	        'time': '3.1384e+02'},
[92mINFO [0m:      	  23: { 'eval_acc': '3.1920e-01',
[92mINFO [0m:      	        'eval_loss': '1.9243e+00',
[92mINFO [0m:      	        'time': '3.2700e+02'},
[92mINFO [0m:      	  24: { 'eval_acc': '3.1100e-01',
[92mINFO [0m:      	        'eval_loss': '1.9413e+00',
[92mINFO [0m:      	        'time': '3.4007e+02'},
[92mINFO [0m:      	  25: { 'eval_acc': '3.1570e-01',
[92mINFO [0m:      	        'eval_loss': '1.9508e+00',
[92mINFO [0m:      	        'time': '3.5321e+02'},
[92mINFO [0m:      	  26: { 'eval_acc': '3.2270e-01',
[92mINFO [0m:      	        'eval_loss': '1.8980e+00',
[92mINFO [0m:      	        'time': '3.6637e+02'},
[92mINFO [0m:      	  27: { 'eval_acc': '3.2960e-01',
[92mINFO [0m:      	        'eval_loss': '1.8877e+00',
[92mINFO [0m:      	        'time': '3.7943e+02'},
[92mINFO [0m:      	  28: { 'eval_acc': '3.1550e-01',
[92mINFO [0m:      	        'eval_loss': '1.9323e+00',
[92mINFO [0m:      	        'time': '3.9259e+02'},
[92mINFO [0m:      	  29: { 'eval_acc': '3.1820e-01',
[92mINFO [0m:      	        'eval_loss': '1.9336e+00',
[92mINFO [0m:      	        'time': '4.0575e+02'},
[92mINFO [0m:      	  30: { 'eval_acc': '3.1130e-01',
[92mINFO [0m:      	        'eval_loss': '1.9463e+00',
[92mINFO [0m:      	        'time': '4.1893e+02'},
[92mINFO [0m:      	  31: { 'eval_acc': '3.2710e-01',
[92mINFO [0m:      	        'eval_loss': '1.9289e+00',
[92mINFO [0m:      	        'time': '4.3209e+02'},
[92mINFO [0m:      	  32: { 'eval_acc': '3.3150e-01',
[92mINFO [0m:      	        'eval_loss': '1.9089e+00',
[92mINFO [0m:      	        'time': '4.4525e+02'},
[92mINFO [0m:      	  33: { 'eval_acc': '3.3260e-01',
[92mINFO [0m:      	        'eval_loss': '1.8998e+00',
[92mINFO [0m:      	        'time': '4.5841e+02'},
[92mINFO [0m:      	  34: { 'eval_acc': '3.3840e-01',
[92mINFO [0m:      	        'eval_loss': '1.8944e+00',
[92mINFO [0m:      	        'time': '4.7157e+02'},
[92mINFO [0m:      	  35: { 'eval_acc': '3.3890e-01',
[92mINFO [0m:      	        'eval_loss': '1.8992e+00',
[92mINFO [0m:      	        'time': '4.8474e+02'},
[92mINFO [0m:      	  36: { 'eval_acc': '3.4280e-01',
[92mINFO [0m:      	        'eval_loss': '1.8788e+00',
[92mINFO [0m:      	        'time': '4.9791e+02'},
[92mINFO [0m:      	  37: { 'eval_acc': '3.3510e-01',
[92mINFO [0m:      	        'eval_loss': '1.9247e+00',
[92mINFO [0m:      	        'time': '5.1096e+02'},
[92mINFO [0m:      	  38: { 'eval_acc': '3.3350e-01',
[92mINFO [0m:      	        'eval_loss': '1.8841e+00',
[92mINFO [0m:      	        'time': '5.2413e+02'},
[92mINFO [0m:      	  39: { 'eval_acc': '3.5510e-01',
[92mINFO [0m:      	        'eval_loss': '1.8594e+00',
[92mINFO [0m:      	        'time': '5.3719e+02'},
[92mINFO [0m:      	  40: { 'eval_acc': '3.2250e-01',
[92mINFO [0m:      	        'eval_loss': '1.9117e+00',
[92mINFO [0m:      	        'time': '5.5035e+02'},
[92mINFO [0m:      	  41: { 'eval_acc': '3.4340e-01',
[92mINFO [0m:      	        'eval_loss': '1.9146e+00',
[92mINFO [0m:      	        'time': '5.6352e+02'},
[92mINFO [0m:      	  42: { 'eval_acc': '3.5260e-01',
[92mINFO [0m:      	        'eval_loss': '1.8495e+00',
[92mINFO [0m:      	        'time': '5.7668e+02'},
[92mINFO [0m:      	  43: { 'eval_acc': '3.4910e-01',
[92mINFO [0m:      	        'eval_loss': '1.8563e+00',
[92mINFO [0m:      	        'time': '5.8985e+02'},
[92mINFO [0m:      	  44: { 'eval_acc': '3.5560e-01',
[92mINFO [0m:      	        'eval_loss': '1.8619e+00',
[92mINFO [0m:      	        'time': '6.0302e+02'},
[92mINFO [0m:      	  45: { 'eval_acc': '3.4260e-01',
[92mINFO [0m:      	        'eval_loss': '1.8808e+00',
[92mINFO [0m:      	        'time': '6.1618e+02'},
[92mINFO [0m:      	  46: { 'eval_acc': '3.5630e-01',
[92mINFO [0m:      	        'eval_loss': '1.8411e+00',
[92mINFO [0m:      	        'time': '6.2924e+02'},
[92mINFO [0m:      	  47: { 'eval_acc': '3.5030e-01',
[92mINFO [0m:      	        'eval_loss': '1.8884e+00',
[92mINFO [0m:      	        'time': '6.4238e+02'},
[92mINFO [0m:      	  48: { 'eval_acc': '3.2410e-01',
[92mINFO [0m:      	        'eval_loss': '1.9404e+00',
[92mINFO [0m:      	        'time': '6.5554e+02'},
[92mINFO [0m:      	  49: { 'eval_acc': '3.6300e-01',
[92mINFO [0m:      	        'eval_loss': '1.8520e+00',
[92mINFO [0m:      	        'time': '6.6860e+02'},
[92mINFO [0m:      	  50: { 'eval_acc': '3.5670e-01',
[92mINFO [0m:      	        'eval_loss': '1.8537e+00',
[92mINFO [0m:      	        'time': '6.8177e+02'},
[92mINFO [0m:      	  51: { 'eval_acc': '3.5590e-01',
[92mINFO [0m:      	        'eval_loss': '1.8854e+00',
[92mINFO [0m:      	        'time': '6.9493e+02'},
[92mINFO [0m:      	  52: { 'eval_acc': '3.5940e-01',
[92mINFO [0m:      	        'eval_loss': '1.8517e+00',
[92mINFO [0m:      	        'time': '7.0799e+02'},
[92mINFO [0m:      	  53: { 'eval_acc': '3.5550e-01',
[92mINFO [0m:      	        'eval_loss': '1.8710e+00',
[92mINFO [0m:      	        'time': '7.2115e+02'},
[92mINFO [0m:      	  54: { 'eval_acc': '3.5930e-01',
[92mINFO [0m:      	        'eval_loss': '1.8644e+00',
[92mINFO [0m:      	        'time': '7.3429e+02'},
[92mINFO [0m:      	  55: { 'eval_acc': '3.4620e-01',
[92mINFO [0m:      	        'eval_loss': '1.8751e+00',
[92mINFO [0m:      	        'time': '7.4746e+02'},
[92mINFO [0m:      	  56: { 'eval_acc': '3.5930e-01',
[92mINFO [0m:      	        'eval_loss': '1.8987e+00',
[92mINFO [0m:      	        'time': '7.6062e+02'},
[92mINFO [0m:      	  57: { 'eval_acc': '3.5490e-01',
[92mINFO [0m:      	        'eval_loss': '1.8918e+00',
[92mINFO [0m:      	        'time': '7.7381e+02'},
[92mINFO [0m:      	  58: { 'eval_acc': '3.7160e-01',
[92mINFO [0m:      	        'eval_loss': '1.8560e+00',
[92mINFO [0m:      	        'time': '7.8697e+02'},
[92mINFO [0m:      	  59: { 'eval_acc': '3.4840e-01',
[92mINFO [0m:      	        'eval_loss': '1.8940e+00',
[92mINFO [0m:      	        'time': '8.0013e+02'},
[92mINFO [0m:      	  60: { 'eval_acc': '3.6580e-01',
[92mINFO [0m:      	        'eval_loss': '1.8418e+00',
[92mINFO [0m:      	        'time': '8.1329e+02'},
[92mINFO [0m:      	  61: { 'eval_acc': '3.6930e-01',
[92mINFO [0m:      	        'eval_loss': '1.8482e+00',
[92mINFO [0m:      	        'time': '8.2635e+02'},
[92mINFO [0m:      	  62: { 'eval_acc': '3.7260e-01',
[92mINFO [0m:      	        'eval_loss': '1.8465e+00',
[92mINFO [0m:      	        'time': '8.3949e+02'},
[92mINFO [0m:      	  63: { 'eval_acc': '3.5590e-01',
[92mINFO [0m:      	        'eval_loss': '1.8644e+00',
[92mINFO [0m:      	        'time': '8.5266e+02'},
[92mINFO [0m:      	  64: { 'eval_acc': '3.6000e-01',
[92mINFO [0m:      	        'eval_loss': '1.8813e+00',
[92mINFO [0m:      	        'time': '8.6582e+02'},
[92mINFO [0m:      	  65: { 'eval_acc': '3.6850e-01',
[92mINFO [0m:      	        'eval_loss': '1.8302e+00',
[92mINFO [0m:      	        'time': '8.7899e+02'},
[92mINFO [0m:      	  66: { 'eval_acc': '3.7380e-01',
[92mINFO [0m:      	        'eval_loss': '1.8492e+00',
[92mINFO [0m:      	        'time': '8.9213e+02'},
[92mINFO [0m:      	  67: { 'eval_acc': '3.7040e-01',
[92mINFO [0m:      	        'eval_loss': '1.8546e+00',
[92mINFO [0m:      	        'time': '9.0519e+02'},
[92mINFO [0m:      	  68: { 'eval_acc': '3.6000e-01',
[92mINFO [0m:      	        'eval_loss': '1.8627e+00',
[92mINFO [0m:      	        'time': '9.1835e+02'},
[92mINFO [0m:      	  69: { 'eval_acc': '3.6190e-01',
[92mINFO [0m:      	        'eval_loss': '1.8658e+00',
[92mINFO [0m:      	        'time': '9.3151e+02'},
[92mINFO [0m:      	  70: { 'eval_acc': '3.7550e-01',
[92mINFO [0m:      	        'eval_loss': '1.8554e+00',
[92mINFO [0m:      	        'time': '9.4469e+02'},
[92mINFO [0m:      	  71: { 'eval_acc': '3.8850e-01',
[92mINFO [0m:      	        'eval_loss': '1.8210e+00',
[92mINFO [0m:      	        'time': '9.5785e+02'},
[92mINFO [0m:      	  72: { 'eval_acc': '3.6580e-01',
[92mINFO [0m:      	        'eval_loss': '1.8565e+00',
[92mINFO [0m:      	        'time': '9.7091e+02'},
[92mINFO [0m:      	  73: { 'eval_acc': '3.7640e-01',
[92mINFO [0m:      	        'eval_loss': '1.8616e+00',
[92mINFO [0m:      	        'time': '9.8407e+02'},
[92mINFO [0m:      	  74: { 'eval_acc': '3.5790e-01',
[92mINFO [0m:      	        'eval_loss': '1.8642e+00',
[92mINFO [0m:      	        'time': '9.9713e+02'},
[92mINFO [0m:      	  75: { 'eval_acc': '3.9070e-01',
[92mINFO [0m:      	        'eval_loss': '1.8098e+00',
[92mINFO [0m:      	        'time': '1.0103e+03'},
[92mINFO [0m:      	  76: { 'eval_acc': '3.7460e-01',
[92mINFO [0m:      	        'eval_loss': '1.8379e+00',
[92mINFO [0m:      	        'time': '1.0235e+03'},
[92mINFO [0m:      	  77: { 'eval_acc': '3.7190e-01',
[92mINFO [0m:      	        'eval_loss': '1.8611e+00',
[92mINFO [0m:      	        'time': '1.0366e+03'},
[92mINFO [0m:      	  78: { 'eval_acc': '3.8460e-01',
[92mINFO [0m:      	        'eval_loss': '1.8289e+00',
[92mINFO [0m:      	        'time': '1.0498e+03'},
[92mINFO [0m:      	  79: { 'eval_acc': '3.6430e-01',
[92mINFO [0m:      	        'eval_loss': '1.8895e+00',
[92mINFO [0m:      	        'time': '1.0630e+03'},
[92mINFO [0m:      	  80: { 'eval_acc': '3.6840e-01',
[92mINFO [0m:      	        'eval_loss': '1.8767e+00',
[92mINFO [0m:      	        'time': '1.0761e+03'},
[92mINFO [0m:      	  81: { 'eval_acc': '3.7070e-01',
[92mINFO [0m:      	        'eval_loss': '1.8355e+00',
[92mINFO [0m:      	        'time': '1.0893e+03'},
[92mINFO [0m:      	  82: { 'eval_acc': '3.8580e-01',
[92mINFO [0m:      	        'eval_loss': '1.8059e+00',
[92mINFO [0m:      	        'time': '1.1024e+03'},
[92mINFO [0m:      	  83: { 'eval_acc': '3.8840e-01',
[92mINFO [0m:      	        'eval_loss': '1.8119e+00',
[92mINFO [0m:      	        'time': '1.1155e+03'},
[92mINFO [0m:      	  84: { 'eval_acc': '3.7530e-01',
[92mINFO [0m:      	        'eval_loss': '1.8540e+00',
[92mINFO [0m:      	        'time': '1.1287e+03'},
[92mINFO [0m:      	  85: { 'eval_acc': '3.6480e-01',
[92mINFO [0m:      	        'eval_loss': '1.8527e+00',
[92mINFO [0m:      	        'time': '1.1418e+03'},
[92mINFO [0m:      	  86: { 'eval_acc': '3.8010e-01',
[92mINFO [0m:      	        'eval_loss': '1.8396e+00',
[92mINFO [0m:      	        'time': '1.1549e+03'},
[92mINFO [0m:      	  87: { 'eval_acc': '3.9000e-01',
[92mINFO [0m:      	        'eval_loss': '1.8226e+00',
[92mINFO [0m:      	        'time': '1.1680e+03'},
[92mINFO [0m:      	  88: { 'eval_acc': '3.6350e-01',
[92mINFO [0m:      	        'eval_loss': '1.8727e+00',
[92mINFO [0m:      	        'time': '1.1811e+03'},
[92mINFO [0m:      	  89: { 'eval_acc': '3.7580e-01',
[92mINFO [0m:      	        'eval_loss': '1.8730e+00',
[92mINFO [0m:      	        'time': '1.1943e+03'},
[92mINFO [0m:      	  90: { 'eval_acc': '3.8390e-01',
[92mINFO [0m:      	        'eval_loss': '1.8294e+00',
[92mINFO [0m:      	        'time': '1.2074e+03'},
[92mINFO [0m:      	  91: { 'eval_acc': '3.8010e-01',
[92mINFO [0m:      	        'eval_loss': '1.8367e+00',
[92mINFO [0m:      	        'time': '1.2206e+03'},
[92mINFO [0m:      	  92: { 'eval_acc': '3.7480e-01',
[92mINFO [0m:      	        'eval_loss': '1.8721e+00',
[92mINFO [0m:      	        'time': '1.2338e+03'},
[92mINFO [0m:      	  93: { 'eval_acc': '3.6450e-01',
[92mINFO [0m:      	        'eval_loss': '1.8641e+00',
[92mINFO [0m:      	        'time': '1.2469e+03'},
[92mINFO [0m:      	  94: { 'eval_acc': '3.9660e-01',
[92mINFO [0m:      	        'eval_loss': '1.7703e+00',
[92mINFO [0m:      	        'time': '1.2601e+03'},
[92mINFO [0m:      	  95: { 'eval_acc': '3.9130e-01',
[92mINFO [0m:      	        'eval_loss': '1.8333e+00',
[92mINFO [0m:      	        'time': '1.2733e+03'},
[92mINFO [0m:      	  96: { 'eval_acc': '3.8690e-01',
[92mINFO [0m:      	        'eval_loss': '1.8095e+00',
[92mINFO [0m:      	        'time': '1.2863e+03'},
[92mINFO [0m:      	  97: { 'eval_acc': '3.8310e-01',
[92mINFO [0m:      	        'eval_loss': '1.8141e+00',
[92mINFO [0m:      	        'time': '1.2995e+03'},
[92mINFO [0m:      	  98: { 'eval_acc': '3.7120e-01',
[92mINFO [0m:      	        'eval_loss': '1.8457e+00',
[92mINFO [0m:      	        'time': '1.3125e+03'},
[92mINFO [0m:      	  99: { 'eval_acc': '3.8200e-01',
[92mINFO [0m:      	        'eval_loss': '1.8399e+00',
[92mINFO [0m:      	        'time': '1.3257e+03'},
[92mINFO [0m:      	  100: { 'eval_acc': '3.7520e-01',
[92mINFO [0m:      	         'eval_loss': '1.8649e+00',
[92mINFO [0m:      	         'time': '1.3389e+03'}}
[92mINFO [0m:      	
[92mINFO [0m:      	ServerApp-side Evaluate Metrics:
[92mINFO [0m:      	{}
[92mINFO [0m:      
[92mINFO [0m:      CSV saved: results/cifar10/5/FedSaSync_fs1_m10.csv
[36m(ClientAppActor pid=1998679)[0m [2026-05-20 03:00:24,795 E 1998679 1999575] core_worker_process.cc:825: Failed to establish connection to the metrics exporter agent. Metrics will not be exported. Exporter agent status: RpcError: Running out of retries to initialize the metrics agent. rpc_code: 14[32m [repeated 15x across cluster][0m
[92mINFO [0m:      
